[2024-09-12T14:00:55.091+0000] {processor.py:186} INFO - Started process (PID=93) to work on /home/airflow/.local/lib/python3.12/site-packages/airflow/example_dags/example_sensor_decorator.py
[2024-09-12T14:00:55.092+0000] {processor.py:914} INFO - Processing file /home/airflow/.local/lib/python3.12/site-packages/airflow/example_dags/example_sensor_decorator.py for tasks to queue
[2024-09-12T14:00:55.095+0000] {logging_mixin.py:190} INFO - [2024-09-12T14:00:55.094+0000] {dagbag.py:587} INFO - Filling up the DagBag from /home/airflow/.local/lib/python3.12/site-packages/airflow/example_dags/example_sensor_decorator.py
[2024-09-12T14:00:55.107+0000] {processor.py:925} INFO - DAG(s) 'example_sensor_decorator' retrieved from /home/airflow/.local/lib/python3.12/site-packages/airflow/example_dags/example_sensor_decorator.py
[2024-09-12T14:00:55.420+0000] {logging_mixin.py:190} INFO - [2024-09-12T14:00:55.419+0000] {override.py:1900} INFO - Created Permission View: can read on DAG:example_sensor_decorator
[2024-09-12T14:00:55.485+0000] {logging_mixin.py:190} INFO - [2024-09-12T14:00:55.484+0000] {override.py:1900} INFO - Created Permission View: can delete on DAG:example_sensor_decorator
[2024-09-12T14:00:55.493+0000] {logging_mixin.py:190} INFO - [2024-09-12T14:00:55.492+0000] {override.py:1900} INFO - Created Permission View: can edit on DAG:example_sensor_decorator
[2024-09-12T14:00:55.500+0000] {logging_mixin.py:190} INFO - [2024-09-12T14:00:55.500+0000] {override.py:1900} INFO - Created Permission View: can read on DAG Run:example_sensor_decorator
[2024-09-12T14:00:55.508+0000] {logging_mixin.py:190} INFO - [2024-09-12T14:00:55.507+0000] {override.py:1900} INFO - Created Permission View: can create on DAG Run:example_sensor_decorator
[2024-09-12T14:00:55.515+0000] {logging_mixin.py:190} INFO - [2024-09-12T14:00:55.514+0000] {override.py:1900} INFO - Created Permission View: can delete on DAG Run:example_sensor_decorator
[2024-09-12T14:00:55.522+0000] {logging_mixin.py:190} INFO - [2024-09-12T14:00:55.522+0000] {override.py:1900} INFO - Created Permission View: menu access on DAG Run:example_sensor_decorator
[2024-09-12T14:00:55.523+0000] {logging_mixin.py:190} INFO - [2024-09-12T14:00:55.522+0000] {dag.py:3229} INFO - Sync 1 DAGs
[2024-09-12T14:00:55.586+0000] {logging_mixin.py:190} INFO - [2024-09-12T14:00:55.585+0000] {dag.py:3252} INFO - Creating ORM DAG for example_sensor_decorator
[2024-09-12T14:00:55.586+0000] {logging_mixin.py:190} INFO - [2024-09-12T14:00:55.586+0000] {dag.py:4156} INFO - Setting next_dagrun for example_sensor_decorator to None, run_after=None
[2024-09-12T14:00:55.611+0000] {processor.py:208} INFO - Processing /home/airflow/.local/lib/python3.12/site-packages/airflow/example_dags/example_sensor_decorator.py took 0.530 seconds
[2024-09-12T14:01:26.267+0000] {processor.py:186} INFO - Started process (PID=155) to work on /home/airflow/.local/lib/python3.12/site-packages/airflow/example_dags/example_sensor_decorator.py
[2024-09-12T14:01:26.268+0000] {processor.py:914} INFO - Processing file /home/airflow/.local/lib/python3.12/site-packages/airflow/example_dags/example_sensor_decorator.py for tasks to queue
[2024-09-12T14:01:26.271+0000] {logging_mixin.py:190} INFO - [2024-09-12T14:01:26.270+0000] {dagbag.py:587} INFO - Filling up the DagBag from /home/airflow/.local/lib/python3.12/site-packages/airflow/example_dags/example_sensor_decorator.py
[2024-09-12T14:01:26.279+0000] {processor.py:925} INFO - DAG(s) 'example_sensor_decorator' retrieved from /home/airflow/.local/lib/python3.12/site-packages/airflow/example_dags/example_sensor_decorator.py
[2024-09-12T14:01:26.301+0000] {logging_mixin.py:190} INFO - [2024-09-12T14:01:26.301+0000] {dag.py:3229} INFO - Sync 1 DAGs
[2024-09-12T14:01:26.321+0000] {logging_mixin.py:190} INFO - [2024-09-12T14:01:26.320+0000] {dag.py:4156} INFO - Setting next_dagrun for example_sensor_decorator to None, run_after=None
[2024-09-12T14:01:26.345+0000] {processor.py:208} INFO - Processing /home/airflow/.local/lib/python3.12/site-packages/airflow/example_dags/example_sensor_decorator.py took 0.084 seconds
[2024-09-12T14:01:56.453+0000] {processor.py:186} INFO - Started process (PID=217) to work on /home/airflow/.local/lib/python3.12/site-packages/airflow/example_dags/example_sensor_decorator.py
[2024-09-12T14:01:56.454+0000] {processor.py:914} INFO - Processing file /home/airflow/.local/lib/python3.12/site-packages/airflow/example_dags/example_sensor_decorator.py for tasks to queue
[2024-09-12T14:01:56.457+0000] {logging_mixin.py:190} INFO - [2024-09-12T14:01:56.456+0000] {dagbag.py:587} INFO - Filling up the DagBag from /home/airflow/.local/lib/python3.12/site-packages/airflow/example_dags/example_sensor_decorator.py
[2024-09-12T14:01:56.467+0000] {processor.py:925} INFO - DAG(s) 'example_sensor_decorator' retrieved from /home/airflow/.local/lib/python3.12/site-packages/airflow/example_dags/example_sensor_decorator.py
[2024-09-12T14:01:56.488+0000] {logging_mixin.py:190} INFO - [2024-09-12T14:01:56.488+0000] {dag.py:3229} INFO - Sync 1 DAGs
[2024-09-12T14:01:56.504+0000] {logging_mixin.py:190} INFO - [2024-09-12T14:01:56.503+0000] {dag.py:4156} INFO - Setting next_dagrun for example_sensor_decorator to None, run_after=None
[2024-09-12T14:01:56.522+0000] {processor.py:208} INFO - Processing /home/airflow/.local/lib/python3.12/site-packages/airflow/example_dags/example_sensor_decorator.py took 0.076 seconds
[2024-09-12T14:02:27.016+0000] {processor.py:186} INFO - Started process (PID=279) to work on /home/airflow/.local/lib/python3.12/site-packages/airflow/example_dags/example_sensor_decorator.py
[2024-09-12T14:02:27.017+0000] {processor.py:914} INFO - Processing file /home/airflow/.local/lib/python3.12/site-packages/airflow/example_dags/example_sensor_decorator.py for tasks to queue
[2024-09-12T14:02:27.019+0000] {logging_mixin.py:190} INFO - [2024-09-12T14:02:27.019+0000] {dagbag.py:587} INFO - Filling up the DagBag from /home/airflow/.local/lib/python3.12/site-packages/airflow/example_dags/example_sensor_decorator.py
[2024-09-12T14:02:27.029+0000] {processor.py:925} INFO - DAG(s) 'example_sensor_decorator' retrieved from /home/airflow/.local/lib/python3.12/site-packages/airflow/example_dags/example_sensor_decorator.py
[2024-09-12T14:02:27.051+0000] {logging_mixin.py:190} INFO - [2024-09-12T14:02:27.051+0000] {dag.py:3229} INFO - Sync 1 DAGs
[2024-09-12T14:02:27.065+0000] {logging_mixin.py:190} INFO - [2024-09-12T14:02:27.065+0000] {dag.py:4156} INFO - Setting next_dagrun for example_sensor_decorator to None, run_after=None
[2024-09-12T14:02:27.082+0000] {processor.py:208} INFO - Processing /home/airflow/.local/lib/python3.12/site-packages/airflow/example_dags/example_sensor_decorator.py took 0.073 seconds
[2024-09-12T14:02:58.107+0000] {processor.py:186} INFO - Started process (PID=341) to work on /home/airflow/.local/lib/python3.12/site-packages/airflow/example_dags/example_sensor_decorator.py
[2024-09-12T14:02:58.108+0000] {processor.py:914} INFO - Processing file /home/airflow/.local/lib/python3.12/site-packages/airflow/example_dags/example_sensor_decorator.py for tasks to queue
[2024-09-12T14:02:58.111+0000] {logging_mixin.py:190} INFO - [2024-09-12T14:02:58.110+0000] {dagbag.py:587} INFO - Filling up the DagBag from /home/airflow/.local/lib/python3.12/site-packages/airflow/example_dags/example_sensor_decorator.py
[2024-09-12T14:02:58.119+0000] {processor.py:925} INFO - DAG(s) 'example_sensor_decorator' retrieved from /home/airflow/.local/lib/python3.12/site-packages/airflow/example_dags/example_sensor_decorator.py
[2024-09-12T14:02:58.199+0000] {logging_mixin.py:190} INFO - [2024-09-12T14:02:58.199+0000] {dag.py:3229} INFO - Sync 1 DAGs
[2024-09-12T14:02:58.219+0000] {logging_mixin.py:190} INFO - [2024-09-12T14:02:58.219+0000] {dag.py:4156} INFO - Setting next_dagrun for example_sensor_decorator to None, run_after=None
[2024-09-12T14:02:58.294+0000] {processor.py:208} INFO - Processing /home/airflow/.local/lib/python3.12/site-packages/airflow/example_dags/example_sensor_decorator.py took 0.194 seconds
[2024-09-12T14:03:28.853+0000] {processor.py:186} INFO - Started process (PID=403) to work on /home/airflow/.local/lib/python3.12/site-packages/airflow/example_dags/example_sensor_decorator.py
[2024-09-12T14:03:28.855+0000] {processor.py:914} INFO - Processing file /home/airflow/.local/lib/python3.12/site-packages/airflow/example_dags/example_sensor_decorator.py for tasks to queue
[2024-09-12T14:03:28.858+0000] {logging_mixin.py:190} INFO - [2024-09-12T14:03:28.858+0000] {dagbag.py:587} INFO - Filling up the DagBag from /home/airflow/.local/lib/python3.12/site-packages/airflow/example_dags/example_sensor_decorator.py
[2024-09-12T14:03:28.870+0000] {processor.py:925} INFO - DAG(s) 'example_sensor_decorator' retrieved from /home/airflow/.local/lib/python3.12/site-packages/airflow/example_dags/example_sensor_decorator.py
[2024-09-12T14:03:28.899+0000] {logging_mixin.py:190} INFO - [2024-09-12T14:03:28.898+0000] {dag.py:3229} INFO - Sync 1 DAGs
[2024-09-12T14:03:28.918+0000] {logging_mixin.py:190} INFO - [2024-09-12T14:03:28.918+0000] {dag.py:4156} INFO - Setting next_dagrun for example_sensor_decorator to None, run_after=None
[2024-09-12T14:03:28.939+0000] {processor.py:208} INFO - Processing /home/airflow/.local/lib/python3.12/site-packages/airflow/example_dags/example_sensor_decorator.py took 0.093 seconds
[2024-09-12T14:03:59.317+0000] {processor.py:186} INFO - Started process (PID=465) to work on /home/airflow/.local/lib/python3.12/site-packages/airflow/example_dags/example_sensor_decorator.py
[2024-09-12T14:03:59.318+0000] {processor.py:914} INFO - Processing file /home/airflow/.local/lib/python3.12/site-packages/airflow/example_dags/example_sensor_decorator.py for tasks to queue
[2024-09-12T14:03:59.320+0000] {logging_mixin.py:190} INFO - [2024-09-12T14:03:59.320+0000] {dagbag.py:587} INFO - Filling up the DagBag from /home/airflow/.local/lib/python3.12/site-packages/airflow/example_dags/example_sensor_decorator.py
[2024-09-12T14:03:59.328+0000] {processor.py:925} INFO - DAG(s) 'example_sensor_decorator' retrieved from /home/airflow/.local/lib/python3.12/site-packages/airflow/example_dags/example_sensor_decorator.py
[2024-09-12T14:03:59.349+0000] {logging_mixin.py:190} INFO - [2024-09-12T14:03:59.349+0000] {dag.py:3229} INFO - Sync 1 DAGs
[2024-09-12T14:03:59.365+0000] {logging_mixin.py:190} INFO - [2024-09-12T14:03:59.365+0000] {dag.py:4156} INFO - Setting next_dagrun for example_sensor_decorator to None, run_after=None
[2024-09-12T14:03:59.384+0000] {processor.py:208} INFO - Processing /home/airflow/.local/lib/python3.12/site-packages/airflow/example_dags/example_sensor_decorator.py took 0.074 seconds
[2024-09-12T14:04:29.818+0000] {processor.py:186} INFO - Started process (PID=527) to work on /home/airflow/.local/lib/python3.12/site-packages/airflow/example_dags/example_sensor_decorator.py
[2024-09-12T14:04:29.819+0000] {processor.py:914} INFO - Processing file /home/airflow/.local/lib/python3.12/site-packages/airflow/example_dags/example_sensor_decorator.py for tasks to queue
[2024-09-12T14:04:29.822+0000] {logging_mixin.py:190} INFO - [2024-09-12T14:04:29.822+0000] {dagbag.py:587} INFO - Filling up the DagBag from /home/airflow/.local/lib/python3.12/site-packages/airflow/example_dags/example_sensor_decorator.py
[2024-09-12T14:04:29.830+0000] {processor.py:925} INFO - DAG(s) 'example_sensor_decorator' retrieved from /home/airflow/.local/lib/python3.12/site-packages/airflow/example_dags/example_sensor_decorator.py
[2024-09-12T14:04:29.851+0000] {logging_mixin.py:190} INFO - [2024-09-12T14:04:29.851+0000] {dag.py:3229} INFO - Sync 1 DAGs
[2024-09-12T14:04:29.868+0000] {logging_mixin.py:190} INFO - [2024-09-12T14:04:29.867+0000] {dag.py:4156} INFO - Setting next_dagrun for example_sensor_decorator to None, run_after=None
[2024-09-12T14:04:29.889+0000] {processor.py:208} INFO - Processing /home/airflow/.local/lib/python3.12/site-packages/airflow/example_dags/example_sensor_decorator.py took 0.077 seconds
[2024-09-12T14:05:00.586+0000] {processor.py:186} INFO - Started process (PID=589) to work on /home/airflow/.local/lib/python3.12/site-packages/airflow/example_dags/example_sensor_decorator.py
[2024-09-12T14:05:00.588+0000] {processor.py:914} INFO - Processing file /home/airflow/.local/lib/python3.12/site-packages/airflow/example_dags/example_sensor_decorator.py for tasks to queue
[2024-09-12T14:05:00.591+0000] {logging_mixin.py:190} INFO - [2024-09-12T14:05:00.590+0000] {dagbag.py:587} INFO - Filling up the DagBag from /home/airflow/.local/lib/python3.12/site-packages/airflow/example_dags/example_sensor_decorator.py
[2024-09-12T14:05:00.602+0000] {processor.py:925} INFO - DAG(s) 'example_sensor_decorator' retrieved from /home/airflow/.local/lib/python3.12/site-packages/airflow/example_dags/example_sensor_decorator.py
[2024-09-12T14:05:00.630+0000] {logging_mixin.py:190} INFO - [2024-09-12T14:05:00.629+0000] {dag.py:3229} INFO - Sync 1 DAGs
[2024-09-12T14:05:00.645+0000] {logging_mixin.py:190} INFO - [2024-09-12T14:05:00.645+0000] {dag.py:4156} INFO - Setting next_dagrun for example_sensor_decorator to None, run_after=None
[2024-09-12T14:05:00.662+0000] {processor.py:208} INFO - Processing /home/airflow/.local/lib/python3.12/site-packages/airflow/example_dags/example_sensor_decorator.py took 0.083 seconds
[2024-09-12T14:05:31.350+0000] {processor.py:186} INFO - Started process (PID=651) to work on /home/airflow/.local/lib/python3.12/site-packages/airflow/example_dags/example_sensor_decorator.py
[2024-09-12T14:05:31.351+0000] {processor.py:914} INFO - Processing file /home/airflow/.local/lib/python3.12/site-packages/airflow/example_dags/example_sensor_decorator.py for tasks to queue
[2024-09-12T14:05:31.354+0000] {logging_mixin.py:190} INFO - [2024-09-12T14:05:31.354+0000] {dagbag.py:587} INFO - Filling up the DagBag from /home/airflow/.local/lib/python3.12/site-packages/airflow/example_dags/example_sensor_decorator.py
[2024-09-12T14:05:31.363+0000] {processor.py:925} INFO - DAG(s) 'example_sensor_decorator' retrieved from /home/airflow/.local/lib/python3.12/site-packages/airflow/example_dags/example_sensor_decorator.py
[2024-09-12T14:05:31.396+0000] {logging_mixin.py:190} INFO - [2024-09-12T14:05:31.396+0000] {dag.py:3229} INFO - Sync 1 DAGs
[2024-09-12T14:05:31.414+0000] {logging_mixin.py:190} INFO - [2024-09-12T14:05:31.413+0000] {dag.py:4156} INFO - Setting next_dagrun for example_sensor_decorator to None, run_after=None
[2024-09-12T14:05:31.434+0000] {processor.py:208} INFO - Processing /home/airflow/.local/lib/python3.12/site-packages/airflow/example_dags/example_sensor_decorator.py took 0.091 seconds
[2024-09-12T14:06:01.661+0000] {processor.py:186} INFO - Started process (PID=713) to work on /home/airflow/.local/lib/python3.12/site-packages/airflow/example_dags/example_sensor_decorator.py
[2024-09-12T14:06:01.662+0000] {processor.py:914} INFO - Processing file /home/airflow/.local/lib/python3.12/site-packages/airflow/example_dags/example_sensor_decorator.py for tasks to queue
[2024-09-12T14:06:01.665+0000] {logging_mixin.py:190} INFO - [2024-09-12T14:06:01.665+0000] {dagbag.py:587} INFO - Filling up the DagBag from /home/airflow/.local/lib/python3.12/site-packages/airflow/example_dags/example_sensor_decorator.py
[2024-09-12T14:06:01.674+0000] {processor.py:925} INFO - DAG(s) 'example_sensor_decorator' retrieved from /home/airflow/.local/lib/python3.12/site-packages/airflow/example_dags/example_sensor_decorator.py
[2024-09-12T14:06:01.697+0000] {logging_mixin.py:190} INFO - [2024-09-12T14:06:01.696+0000] {dag.py:3229} INFO - Sync 1 DAGs
[2024-09-12T14:06:01.715+0000] {logging_mixin.py:190} INFO - [2024-09-12T14:06:01.714+0000] {dag.py:4156} INFO - Setting next_dagrun for example_sensor_decorator to None, run_after=None
[2024-09-12T14:06:01.734+0000] {processor.py:208} INFO - Processing /home/airflow/.local/lib/python3.12/site-packages/airflow/example_dags/example_sensor_decorator.py took 0.080 seconds
[2024-09-12T14:06:32.257+0000] {processor.py:186} INFO - Started process (PID=775) to work on /home/airflow/.local/lib/python3.12/site-packages/airflow/example_dags/example_sensor_decorator.py
[2024-09-12T14:06:32.258+0000] {processor.py:914} INFO - Processing file /home/airflow/.local/lib/python3.12/site-packages/airflow/example_dags/example_sensor_decorator.py for tasks to queue
[2024-09-12T14:06:32.262+0000] {logging_mixin.py:190} INFO - [2024-09-12T14:06:32.261+0000] {dagbag.py:587} INFO - Filling up the DagBag from /home/airflow/.local/lib/python3.12/site-packages/airflow/example_dags/example_sensor_decorator.py
[2024-09-12T14:06:32.271+0000] {processor.py:925} INFO - DAG(s) 'example_sensor_decorator' retrieved from /home/airflow/.local/lib/python3.12/site-packages/airflow/example_dags/example_sensor_decorator.py
[2024-09-12T14:06:32.293+0000] {logging_mixin.py:190} INFO - [2024-09-12T14:06:32.293+0000] {dag.py:3229} INFO - Sync 1 DAGs
[2024-09-12T14:06:32.307+0000] {logging_mixin.py:190} INFO - [2024-09-12T14:06:32.307+0000] {dag.py:4156} INFO - Setting next_dagrun for example_sensor_decorator to None, run_after=None
[2024-09-12T14:06:32.329+0000] {processor.py:208} INFO - Processing /home/airflow/.local/lib/python3.12/site-packages/airflow/example_dags/example_sensor_decorator.py took 0.079 seconds
[2024-09-12T14:07:02.563+0000] {processor.py:186} INFO - Started process (PID=837) to work on /home/airflow/.local/lib/python3.12/site-packages/airflow/example_dags/example_sensor_decorator.py
[2024-09-12T14:07:02.564+0000] {processor.py:914} INFO - Processing file /home/airflow/.local/lib/python3.12/site-packages/airflow/example_dags/example_sensor_decorator.py for tasks to queue
[2024-09-12T14:07:02.567+0000] {logging_mixin.py:190} INFO - [2024-09-12T14:07:02.566+0000] {dagbag.py:587} INFO - Filling up the DagBag from /home/airflow/.local/lib/python3.12/site-packages/airflow/example_dags/example_sensor_decorator.py
[2024-09-12T14:07:02.575+0000] {processor.py:925} INFO - DAG(s) 'example_sensor_decorator' retrieved from /home/airflow/.local/lib/python3.12/site-packages/airflow/example_dags/example_sensor_decorator.py
[2024-09-12T14:07:02.596+0000] {logging_mixin.py:190} INFO - [2024-09-12T14:07:02.595+0000] {dag.py:3229} INFO - Sync 1 DAGs
[2024-09-12T14:07:02.612+0000] {logging_mixin.py:190} INFO - [2024-09-12T14:07:02.612+0000] {dag.py:4156} INFO - Setting next_dagrun for example_sensor_decorator to None, run_after=None
[2024-09-12T14:07:02.630+0000] {processor.py:208} INFO - Processing /home/airflow/.local/lib/python3.12/site-packages/airflow/example_dags/example_sensor_decorator.py took 0.073 seconds
[2024-09-12T14:07:32.979+0000] {processor.py:186} INFO - Started process (PID=899) to work on /home/airflow/.local/lib/python3.12/site-packages/airflow/example_dags/example_sensor_decorator.py
[2024-09-12T14:07:32.980+0000] {processor.py:914} INFO - Processing file /home/airflow/.local/lib/python3.12/site-packages/airflow/example_dags/example_sensor_decorator.py for tasks to queue
[2024-09-12T14:07:32.982+0000] {logging_mixin.py:190} INFO - [2024-09-12T14:07:32.982+0000] {dagbag.py:587} INFO - Filling up the DagBag from /home/airflow/.local/lib/python3.12/site-packages/airflow/example_dags/example_sensor_decorator.py
[2024-09-12T14:07:32.990+0000] {processor.py:925} INFO - DAG(s) 'example_sensor_decorator' retrieved from /home/airflow/.local/lib/python3.12/site-packages/airflow/example_dags/example_sensor_decorator.py
[2024-09-12T14:07:33.012+0000] {logging_mixin.py:190} INFO - [2024-09-12T14:07:33.012+0000] {dag.py:3229} INFO - Sync 1 DAGs
[2024-09-12T14:07:33.027+0000] {logging_mixin.py:190} INFO - [2024-09-12T14:07:33.027+0000] {dag.py:4156} INFO - Setting next_dagrun for example_sensor_decorator to None, run_after=None
[2024-09-12T14:07:33.046+0000] {processor.py:208} INFO - Processing /home/airflow/.local/lib/python3.12/site-packages/airflow/example_dags/example_sensor_decorator.py took 0.073 seconds
[2024-09-12T14:08:04.117+0000] {processor.py:186} INFO - Started process (PID=967) to work on /home/airflow/.local/lib/python3.12/site-packages/airflow/example_dags/example_sensor_decorator.py
[2024-09-12T14:08:04.118+0000] {processor.py:914} INFO - Processing file /home/airflow/.local/lib/python3.12/site-packages/airflow/example_dags/example_sensor_decorator.py for tasks to queue
[2024-09-12T14:08:04.120+0000] {logging_mixin.py:190} INFO - [2024-09-12T14:08:04.120+0000] {dagbag.py:587} INFO - Filling up the DagBag from /home/airflow/.local/lib/python3.12/site-packages/airflow/example_dags/example_sensor_decorator.py
[2024-09-12T14:08:04.182+0000] {processor.py:925} INFO - DAG(s) 'example_sensor_decorator' retrieved from /home/airflow/.local/lib/python3.12/site-packages/airflow/example_dags/example_sensor_decorator.py
[2024-09-12T14:08:04.286+0000] {logging_mixin.py:190} INFO - [2024-09-12T14:08:04.285+0000] {dag.py:3229} INFO - Sync 1 DAGs
[2024-09-12T14:08:04.301+0000] {logging_mixin.py:190} INFO - [2024-09-12T14:08:04.301+0000] {dag.py:4156} INFO - Setting next_dagrun for example_sensor_decorator to None, run_after=None
[2024-09-12T14:08:04.388+0000] {processor.py:208} INFO - Processing /home/airflow/.local/lib/python3.12/site-packages/airflow/example_dags/example_sensor_decorator.py took 0.278 seconds
[2024-09-12T14:08:35.401+0000] {processor.py:186} INFO - Started process (PID=1029) to work on /home/airflow/.local/lib/python3.12/site-packages/airflow/example_dags/example_sensor_decorator.py
[2024-09-12T14:08:35.402+0000] {processor.py:914} INFO - Processing file /home/airflow/.local/lib/python3.12/site-packages/airflow/example_dags/example_sensor_decorator.py for tasks to queue
[2024-09-12T14:08:35.404+0000] {logging_mixin.py:190} INFO - [2024-09-12T14:08:35.404+0000] {dagbag.py:587} INFO - Filling up the DagBag from /home/airflow/.local/lib/python3.12/site-packages/airflow/example_dags/example_sensor_decorator.py
[2024-09-12T14:08:35.412+0000] {processor.py:925} INFO - DAG(s) 'example_sensor_decorator' retrieved from /home/airflow/.local/lib/python3.12/site-packages/airflow/example_dags/example_sensor_decorator.py
[2024-09-12T14:08:35.435+0000] {logging_mixin.py:190} INFO - [2024-09-12T14:08:35.435+0000] {dag.py:3229} INFO - Sync 1 DAGs
[2024-09-12T14:08:35.453+0000] {logging_mixin.py:190} INFO - [2024-09-12T14:08:35.453+0000] {dag.py:4156} INFO - Setting next_dagrun for example_sensor_decorator to None, run_after=None
[2024-09-12T14:08:35.472+0000] {processor.py:208} INFO - Processing /home/airflow/.local/lib/python3.12/site-packages/airflow/example_dags/example_sensor_decorator.py took 0.078 seconds
[2024-09-12T14:09:06.346+0000] {processor.py:186} INFO - Started process (PID=1091) to work on /home/airflow/.local/lib/python3.12/site-packages/airflow/example_dags/example_sensor_decorator.py
[2024-09-12T14:09:06.347+0000] {processor.py:914} INFO - Processing file /home/airflow/.local/lib/python3.12/site-packages/airflow/example_dags/example_sensor_decorator.py for tasks to queue
[2024-09-12T14:09:06.349+0000] {logging_mixin.py:190} INFO - [2024-09-12T14:09:06.349+0000] {dagbag.py:587} INFO - Filling up the DagBag from /home/airflow/.local/lib/python3.12/site-packages/airflow/example_dags/example_sensor_decorator.py
[2024-09-12T14:09:06.357+0000] {processor.py:925} INFO - DAG(s) 'example_sensor_decorator' retrieved from /home/airflow/.local/lib/python3.12/site-packages/airflow/example_dags/example_sensor_decorator.py
[2024-09-12T14:09:06.378+0000] {logging_mixin.py:190} INFO - [2024-09-12T14:09:06.378+0000] {dag.py:3229} INFO - Sync 1 DAGs
[2024-09-12T14:09:06.392+0000] {logging_mixin.py:190} INFO - [2024-09-12T14:09:06.392+0000] {dag.py:4156} INFO - Setting next_dagrun for example_sensor_decorator to None, run_after=None
[2024-09-12T14:09:06.409+0000] {processor.py:208} INFO - Processing /home/airflow/.local/lib/python3.12/site-packages/airflow/example_dags/example_sensor_decorator.py took 0.070 seconds
[2024-09-12T14:09:36.809+0000] {processor.py:186} INFO - Started process (PID=1153) to work on /home/airflow/.local/lib/python3.12/site-packages/airflow/example_dags/example_sensor_decorator.py
[2024-09-12T14:09:36.810+0000] {processor.py:914} INFO - Processing file /home/airflow/.local/lib/python3.12/site-packages/airflow/example_dags/example_sensor_decorator.py for tasks to queue
[2024-09-12T14:09:36.813+0000] {logging_mixin.py:190} INFO - [2024-09-12T14:09:36.812+0000] {dagbag.py:587} INFO - Filling up the DagBag from /home/airflow/.local/lib/python3.12/site-packages/airflow/example_dags/example_sensor_decorator.py
[2024-09-12T14:09:36.823+0000] {processor.py:925} INFO - DAG(s) 'example_sensor_decorator' retrieved from /home/airflow/.local/lib/python3.12/site-packages/airflow/example_dags/example_sensor_decorator.py
[2024-09-12T14:09:36.846+0000] {logging_mixin.py:190} INFO - [2024-09-12T14:09:36.846+0000] {dag.py:3229} INFO - Sync 1 DAGs
[2024-09-12T14:09:36.888+0000] {logging_mixin.py:190} INFO - [2024-09-12T14:09:36.888+0000] {dag.py:4156} INFO - Setting next_dagrun for example_sensor_decorator to None, run_after=None
[2024-09-12T14:09:36.908+0000] {processor.py:208} INFO - Processing /home/airflow/.local/lib/python3.12/site-packages/airflow/example_dags/example_sensor_decorator.py took 0.106 seconds
[2024-09-12T14:10:07.490+0000] {processor.py:186} INFO - Started process (PID=1215) to work on /home/airflow/.local/lib/python3.12/site-packages/airflow/example_dags/example_sensor_decorator.py
[2024-09-12T14:10:07.491+0000] {processor.py:914} INFO - Processing file /home/airflow/.local/lib/python3.12/site-packages/airflow/example_dags/example_sensor_decorator.py for tasks to queue
[2024-09-12T14:10:07.493+0000] {logging_mixin.py:190} INFO - [2024-09-12T14:10:07.493+0000] {dagbag.py:587} INFO - Filling up the DagBag from /home/airflow/.local/lib/python3.12/site-packages/airflow/example_dags/example_sensor_decorator.py
[2024-09-12T14:10:07.502+0000] {processor.py:925} INFO - DAG(s) 'example_sensor_decorator' retrieved from /home/airflow/.local/lib/python3.12/site-packages/airflow/example_dags/example_sensor_decorator.py
[2024-09-12T14:10:07.532+0000] {logging_mixin.py:190} INFO - [2024-09-12T14:10:07.532+0000] {dag.py:3229} INFO - Sync 1 DAGs
[2024-09-12T14:10:07.550+0000] {logging_mixin.py:190} INFO - [2024-09-12T14:10:07.550+0000] {dag.py:4156} INFO - Setting next_dagrun for example_sensor_decorator to None, run_after=None
[2024-09-12T14:10:07.585+0000] {processor.py:208} INFO - Processing /home/airflow/.local/lib/python3.12/site-packages/airflow/example_dags/example_sensor_decorator.py took 0.102 seconds
[2024-09-12T14:10:37.661+0000] {processor.py:186} INFO - Started process (PID=1276) to work on /home/airflow/.local/lib/python3.12/site-packages/airflow/example_dags/example_sensor_decorator.py
[2024-09-12T14:10:37.663+0000] {processor.py:914} INFO - Processing file /home/airflow/.local/lib/python3.12/site-packages/airflow/example_dags/example_sensor_decorator.py for tasks to queue
[2024-09-12T14:10:37.665+0000] {logging_mixin.py:190} INFO - [2024-09-12T14:10:37.665+0000] {dagbag.py:587} INFO - Filling up the DagBag from /home/airflow/.local/lib/python3.12/site-packages/airflow/example_dags/example_sensor_decorator.py
[2024-09-12T14:10:37.674+0000] {processor.py:925} INFO - DAG(s) 'example_sensor_decorator' retrieved from /home/airflow/.local/lib/python3.12/site-packages/airflow/example_dags/example_sensor_decorator.py
[2024-09-12T14:10:37.696+0000] {logging_mixin.py:190} INFO - [2024-09-12T14:10:37.695+0000] {dag.py:3229} INFO - Sync 1 DAGs
[2024-09-12T14:10:37.710+0000] {logging_mixin.py:190} INFO - [2024-09-12T14:10:37.710+0000] {dag.py:4156} INFO - Setting next_dagrun for example_sensor_decorator to None, run_after=None
[2024-09-12T14:10:37.728+0000] {processor.py:208} INFO - Processing /home/airflow/.local/lib/python3.12/site-packages/airflow/example_dags/example_sensor_decorator.py took 0.073 seconds
[2024-09-12T14:11:08.179+0000] {processor.py:186} INFO - Started process (PID=1338) to work on /home/airflow/.local/lib/python3.12/site-packages/airflow/example_dags/example_sensor_decorator.py
[2024-09-12T14:11:08.180+0000] {processor.py:914} INFO - Processing file /home/airflow/.local/lib/python3.12/site-packages/airflow/example_dags/example_sensor_decorator.py for tasks to queue
[2024-09-12T14:11:08.182+0000] {logging_mixin.py:190} INFO - [2024-09-12T14:11:08.182+0000] {dagbag.py:587} INFO - Filling up the DagBag from /home/airflow/.local/lib/python3.12/site-packages/airflow/example_dags/example_sensor_decorator.py
[2024-09-12T14:11:08.190+0000] {processor.py:925} INFO - DAG(s) 'example_sensor_decorator' retrieved from /home/airflow/.local/lib/python3.12/site-packages/airflow/example_dags/example_sensor_decorator.py
[2024-09-12T14:11:08.215+0000] {logging_mixin.py:190} INFO - [2024-09-12T14:11:08.214+0000] {dag.py:3229} INFO - Sync 1 DAGs
[2024-09-12T14:11:08.232+0000] {logging_mixin.py:190} INFO - [2024-09-12T14:11:08.231+0000] {dag.py:4156} INFO - Setting next_dagrun for example_sensor_decorator to None, run_after=None
[2024-09-12T14:11:09.214+0000] {processor.py:208} INFO - Processing /home/airflow/.local/lib/python3.12/site-packages/airflow/example_dags/example_sensor_decorator.py took 1.042 seconds
[2024-09-12T14:11:39.835+0000] {processor.py:186} INFO - Started process (PID=1401) to work on /home/airflow/.local/lib/python3.12/site-packages/airflow/example_dags/example_sensor_decorator.py
[2024-09-12T14:11:39.836+0000] {processor.py:914} INFO - Processing file /home/airflow/.local/lib/python3.12/site-packages/airflow/example_dags/example_sensor_decorator.py for tasks to queue
[2024-09-12T14:11:39.838+0000] {logging_mixin.py:190} INFO - [2024-09-12T14:11:39.838+0000] {dagbag.py:587} INFO - Filling up the DagBag from /home/airflow/.local/lib/python3.12/site-packages/airflow/example_dags/example_sensor_decorator.py
[2024-09-12T14:11:39.847+0000] {processor.py:925} INFO - DAG(s) 'example_sensor_decorator' retrieved from /home/airflow/.local/lib/python3.12/site-packages/airflow/example_dags/example_sensor_decorator.py
[2024-09-12T14:11:39.867+0000] {logging_mixin.py:190} INFO - [2024-09-12T14:11:39.867+0000] {dag.py:3229} INFO - Sync 1 DAGs
[2024-09-12T14:11:39.886+0000] {logging_mixin.py:190} INFO - [2024-09-12T14:11:39.885+0000] {dag.py:4156} INFO - Setting next_dagrun for example_sensor_decorator to None, run_after=None
[2024-09-12T14:11:39.906+0000] {processor.py:208} INFO - Processing /home/airflow/.local/lib/python3.12/site-packages/airflow/example_dags/example_sensor_decorator.py took 0.078 seconds
[2024-09-12T14:12:10.022+0000] {processor.py:186} INFO - Started process (PID=1462) to work on /home/airflow/.local/lib/python3.12/site-packages/airflow/example_dags/example_sensor_decorator.py
[2024-09-12T14:12:10.023+0000] {processor.py:914} INFO - Processing file /home/airflow/.local/lib/python3.12/site-packages/airflow/example_dags/example_sensor_decorator.py for tasks to queue
[2024-09-12T14:12:10.026+0000] {logging_mixin.py:190} INFO - [2024-09-12T14:12:10.025+0000] {dagbag.py:587} INFO - Filling up the DagBag from /home/airflow/.local/lib/python3.12/site-packages/airflow/example_dags/example_sensor_decorator.py
[2024-09-12T14:12:10.035+0000] {processor.py:925} INFO - DAG(s) 'example_sensor_decorator' retrieved from /home/airflow/.local/lib/python3.12/site-packages/airflow/example_dags/example_sensor_decorator.py
[2024-09-12T14:12:10.060+0000] {logging_mixin.py:190} INFO - [2024-09-12T14:12:10.060+0000] {dag.py:3229} INFO - Sync 1 DAGs
[2024-09-12T14:12:10.078+0000] {logging_mixin.py:190} INFO - [2024-09-12T14:12:10.077+0000] {dag.py:4156} INFO - Setting next_dagrun for example_sensor_decorator to None, run_after=None
[2024-09-12T14:12:10.099+0000] {processor.py:208} INFO - Processing /home/airflow/.local/lib/python3.12/site-packages/airflow/example_dags/example_sensor_decorator.py took 0.085 seconds
[2024-09-12T14:12:41.030+0000] {processor.py:186} INFO - Started process (PID=1525) to work on /home/airflow/.local/lib/python3.12/site-packages/airflow/example_dags/example_sensor_decorator.py
[2024-09-12T14:12:41.031+0000] {processor.py:914} INFO - Processing file /home/airflow/.local/lib/python3.12/site-packages/airflow/example_dags/example_sensor_decorator.py for tasks to queue
[2024-09-12T14:12:41.034+0000] {logging_mixin.py:190} INFO - [2024-09-12T14:12:41.034+0000] {dagbag.py:587} INFO - Filling up the DagBag from /home/airflow/.local/lib/python3.12/site-packages/airflow/example_dags/example_sensor_decorator.py
[2024-09-12T14:12:41.043+0000] {processor.py:925} INFO - DAG(s) 'example_sensor_decorator' retrieved from /home/airflow/.local/lib/python3.12/site-packages/airflow/example_dags/example_sensor_decorator.py
[2024-09-12T14:12:41.092+0000] {logging_mixin.py:190} INFO - [2024-09-12T14:12:41.092+0000] {dag.py:3229} INFO - Sync 1 DAGs
[2024-09-12T14:12:41.108+0000] {logging_mixin.py:190} INFO - [2024-09-12T14:12:41.108+0000] {dag.py:4156} INFO - Setting next_dagrun for example_sensor_decorator to None, run_after=None
[2024-09-12T14:12:41.129+0000] {processor.py:208} INFO - Processing /home/airflow/.local/lib/python3.12/site-packages/airflow/example_dags/example_sensor_decorator.py took 0.105 seconds
[2024-09-12T14:13:11.244+0000] {processor.py:186} INFO - Started process (PID=1586) to work on /home/airflow/.local/lib/python3.12/site-packages/airflow/example_dags/example_sensor_decorator.py
[2024-09-12T14:13:11.245+0000] {processor.py:914} INFO - Processing file /home/airflow/.local/lib/python3.12/site-packages/airflow/example_dags/example_sensor_decorator.py for tasks to queue
[2024-09-12T14:13:11.247+0000] {logging_mixin.py:190} INFO - [2024-09-12T14:13:11.247+0000] {dagbag.py:587} INFO - Filling up the DagBag from /home/airflow/.local/lib/python3.12/site-packages/airflow/example_dags/example_sensor_decorator.py
[2024-09-12T14:13:11.256+0000] {processor.py:925} INFO - DAG(s) 'example_sensor_decorator' retrieved from /home/airflow/.local/lib/python3.12/site-packages/airflow/example_dags/example_sensor_decorator.py
[2024-09-12T14:13:11.278+0000] {logging_mixin.py:190} INFO - [2024-09-12T14:13:11.277+0000] {dag.py:3229} INFO - Sync 1 DAGs
[2024-09-12T14:13:11.293+0000] {logging_mixin.py:190} INFO - [2024-09-12T14:13:11.292+0000] {dag.py:4156} INFO - Setting next_dagrun for example_sensor_decorator to None, run_after=None
[2024-09-12T14:13:11.310+0000] {processor.py:208} INFO - Processing /home/airflow/.local/lib/python3.12/site-packages/airflow/example_dags/example_sensor_decorator.py took 0.072 seconds
[2024-09-12T14:13:41.795+0000] {processor.py:186} INFO - Started process (PID=1648) to work on /home/airflow/.local/lib/python3.12/site-packages/airflow/example_dags/example_sensor_decorator.py
[2024-09-12T14:13:41.800+0000] {processor.py:914} INFO - Processing file /home/airflow/.local/lib/python3.12/site-packages/airflow/example_dags/example_sensor_decorator.py for tasks to queue
[2024-09-12T14:13:41.804+0000] {logging_mixin.py:190} INFO - [2024-09-12T14:13:41.804+0000] {dagbag.py:587} INFO - Filling up the DagBag from /home/airflow/.local/lib/python3.12/site-packages/airflow/example_dags/example_sensor_decorator.py
[2024-09-12T14:13:41.816+0000] {processor.py:925} INFO - DAG(s) 'example_sensor_decorator' retrieved from /home/airflow/.local/lib/python3.12/site-packages/airflow/example_dags/example_sensor_decorator.py
[2024-09-12T14:13:41.839+0000] {logging_mixin.py:190} INFO - [2024-09-12T14:13:41.839+0000] {dag.py:3229} INFO - Sync 1 DAGs
[2024-09-12T14:13:41.855+0000] {logging_mixin.py:190} INFO - [2024-09-12T14:13:41.855+0000] {dag.py:4156} INFO - Setting next_dagrun for example_sensor_decorator to None, run_after=None
[2024-09-12T14:13:41.874+0000] {processor.py:208} INFO - Processing /home/airflow/.local/lib/python3.12/site-packages/airflow/example_dags/example_sensor_decorator.py took 0.091 seconds
[2024-09-12T14:14:12.254+0000] {processor.py:186} INFO - Started process (PID=1710) to work on /home/airflow/.local/lib/python3.12/site-packages/airflow/example_dags/example_sensor_decorator.py
[2024-09-12T14:14:12.256+0000] {processor.py:914} INFO - Processing file /home/airflow/.local/lib/python3.12/site-packages/airflow/example_dags/example_sensor_decorator.py for tasks to queue
[2024-09-12T14:14:12.258+0000] {logging_mixin.py:190} INFO - [2024-09-12T14:14:12.258+0000] {dagbag.py:587} INFO - Filling up the DagBag from /home/airflow/.local/lib/python3.12/site-packages/airflow/example_dags/example_sensor_decorator.py
[2024-09-12T14:14:12.266+0000] {processor.py:925} INFO - DAG(s) 'example_sensor_decorator' retrieved from /home/airflow/.local/lib/python3.12/site-packages/airflow/example_dags/example_sensor_decorator.py
[2024-09-12T14:14:12.288+0000] {logging_mixin.py:190} INFO - [2024-09-12T14:14:12.288+0000] {dag.py:3229} INFO - Sync 1 DAGs
[2024-09-12T14:14:12.302+0000] {logging_mixin.py:190} INFO - [2024-09-12T14:14:12.302+0000] {dag.py:4156} INFO - Setting next_dagrun for example_sensor_decorator to None, run_after=None
[2024-09-12T14:14:12.319+0000] {processor.py:208} INFO - Processing /home/airflow/.local/lib/python3.12/site-packages/airflow/example_dags/example_sensor_decorator.py took 0.071 seconds
[2024-09-12T14:14:42.899+0000] {processor.py:186} INFO - Started process (PID=1772) to work on /home/airflow/.local/lib/python3.12/site-packages/airflow/example_dags/example_sensor_decorator.py
[2024-09-12T14:14:42.900+0000] {processor.py:914} INFO - Processing file /home/airflow/.local/lib/python3.12/site-packages/airflow/example_dags/example_sensor_decorator.py for tasks to queue
[2024-09-12T14:14:42.903+0000] {logging_mixin.py:190} INFO - [2024-09-12T14:14:42.902+0000] {dagbag.py:587} INFO - Filling up the DagBag from /home/airflow/.local/lib/python3.12/site-packages/airflow/example_dags/example_sensor_decorator.py
[2024-09-12T14:14:42.911+0000] {processor.py:925} INFO - DAG(s) 'example_sensor_decorator' retrieved from /home/airflow/.local/lib/python3.12/site-packages/airflow/example_dags/example_sensor_decorator.py
[2024-09-12T14:14:42.932+0000] {logging_mixin.py:190} INFO - [2024-09-12T14:14:42.932+0000] {dag.py:3229} INFO - Sync 1 DAGs
[2024-09-12T14:14:42.947+0000] {logging_mixin.py:190} INFO - [2024-09-12T14:14:42.947+0000] {dag.py:4156} INFO - Setting next_dagrun for example_sensor_decorator to None, run_after=None
[2024-09-12T14:14:42.966+0000] {processor.py:208} INFO - Processing /home/airflow/.local/lib/python3.12/site-packages/airflow/example_dags/example_sensor_decorator.py took 0.073 seconds
[2024-09-12T14:15:13.255+0000] {processor.py:186} INFO - Started process (PID=1834) to work on /home/airflow/.local/lib/python3.12/site-packages/airflow/example_dags/example_sensor_decorator.py
[2024-09-12T14:15:13.256+0000] {processor.py:914} INFO - Processing file /home/airflow/.local/lib/python3.12/site-packages/airflow/example_dags/example_sensor_decorator.py for tasks to queue
[2024-09-12T14:15:13.259+0000] {logging_mixin.py:190} INFO - [2024-09-12T14:15:13.259+0000] {dagbag.py:587} INFO - Filling up the DagBag from /home/airflow/.local/lib/python3.12/site-packages/airflow/example_dags/example_sensor_decorator.py
[2024-09-12T14:15:13.270+0000] {processor.py:925} INFO - DAG(s) 'example_sensor_decorator' retrieved from /home/airflow/.local/lib/python3.12/site-packages/airflow/example_dags/example_sensor_decorator.py
[2024-09-12T14:15:13.297+0000] {logging_mixin.py:190} INFO - [2024-09-12T14:15:13.297+0000] {dag.py:3229} INFO - Sync 1 DAGs
[2024-09-12T14:15:13.315+0000] {logging_mixin.py:190} INFO - [2024-09-12T14:15:13.315+0000] {dag.py:4156} INFO - Setting next_dagrun for example_sensor_decorator to None, run_after=None
[2024-09-12T14:15:13.335+0000] {processor.py:208} INFO - Processing /home/airflow/.local/lib/python3.12/site-packages/airflow/example_dags/example_sensor_decorator.py took 0.087 seconds
[2024-09-12T14:18:15.847+0000] {processor.py:186} INFO - Started process (PID=86) to work on /home/airflow/.local/lib/python3.12/site-packages/airflow/example_dags/example_sensor_decorator.py
[2024-09-12T14:18:15.848+0000] {processor.py:914} INFO - Processing file /home/airflow/.local/lib/python3.12/site-packages/airflow/example_dags/example_sensor_decorator.py for tasks to queue
[2024-09-12T14:18:15.851+0000] {logging_mixin.py:190} INFO - [2024-09-12T14:18:15.850+0000] {dagbag.py:587} INFO - Filling up the DagBag from /home/airflow/.local/lib/python3.12/site-packages/airflow/example_dags/example_sensor_decorator.py
[2024-09-12T14:18:15.860+0000] {processor.py:925} INFO - DAG(s) 'example_sensor_decorator' retrieved from /home/airflow/.local/lib/python3.12/site-packages/airflow/example_dags/example_sensor_decorator.py
[2024-09-12T14:18:15.889+0000] {logging_mixin.py:190} INFO - [2024-09-12T14:18:15.888+0000] {dag.py:3229} INFO - Sync 1 DAGs
[2024-09-12T14:18:15.903+0000] {logging_mixin.py:190} INFO - [2024-09-12T14:18:15.903+0000] {dag.py:4156} INFO - Setting next_dagrun for example_sensor_decorator to None, run_after=None
[2024-09-12T14:18:15.922+0000] {processor.py:208} INFO - Processing /home/airflow/.local/lib/python3.12/site-packages/airflow/example_dags/example_sensor_decorator.py took 0.081 seconds
[2024-09-12T14:18:47.913+0000] {processor.py:186} INFO - Started process (PID=148) to work on /home/airflow/.local/lib/python3.12/site-packages/airflow/example_dags/example_sensor_decorator.py
[2024-09-12T14:18:47.914+0000] {processor.py:914} INFO - Processing file /home/airflow/.local/lib/python3.12/site-packages/airflow/example_dags/example_sensor_decorator.py for tasks to queue
[2024-09-12T14:18:47.918+0000] {logging_mixin.py:190} INFO - [2024-09-12T14:18:47.918+0000] {dagbag.py:587} INFO - Filling up the DagBag from /home/airflow/.local/lib/python3.12/site-packages/airflow/example_dags/example_sensor_decorator.py
[2024-09-12T14:18:47.929+0000] {processor.py:925} INFO - DAG(s) 'example_sensor_decorator' retrieved from /home/airflow/.local/lib/python3.12/site-packages/airflow/example_dags/example_sensor_decorator.py
[2024-09-12T14:18:47.957+0000] {logging_mixin.py:190} INFO - [2024-09-12T14:18:47.957+0000] {dag.py:3229} INFO - Sync 1 DAGs
[2024-09-12T14:18:47.974+0000] {logging_mixin.py:190} INFO - [2024-09-12T14:18:47.974+0000] {dag.py:4156} INFO - Setting next_dagrun for example_sensor_decorator to None, run_after=None
[2024-09-12T14:18:48.011+0000] {processor.py:208} INFO - Processing /home/airflow/.local/lib/python3.12/site-packages/airflow/example_dags/example_sensor_decorator.py took 0.108 seconds
[2024-09-12T14:19:18.568+0000] {processor.py:186} INFO - Started process (PID=211) to work on /home/airflow/.local/lib/python3.12/site-packages/airflow/example_dags/example_sensor_decorator.py
[2024-09-12T14:19:18.569+0000] {processor.py:914} INFO - Processing file /home/airflow/.local/lib/python3.12/site-packages/airflow/example_dags/example_sensor_decorator.py for tasks to queue
[2024-09-12T14:19:18.572+0000] {logging_mixin.py:190} INFO - [2024-09-12T14:19:18.571+0000] {dagbag.py:587} INFO - Filling up the DagBag from /home/airflow/.local/lib/python3.12/site-packages/airflow/example_dags/example_sensor_decorator.py
[2024-09-12T14:19:18.581+0000] {processor.py:925} INFO - DAG(s) 'example_sensor_decorator' retrieved from /home/airflow/.local/lib/python3.12/site-packages/airflow/example_dags/example_sensor_decorator.py
[2024-09-12T14:19:18.618+0000] {logging_mixin.py:190} INFO - [2024-09-12T14:19:18.617+0000] {dag.py:3229} INFO - Sync 1 DAGs
[2024-09-12T14:19:18.636+0000] {logging_mixin.py:190} INFO - [2024-09-12T14:19:18.636+0000] {dag.py:4156} INFO - Setting next_dagrun for example_sensor_decorator to None, run_after=None
[2024-09-12T14:19:18.656+0000] {processor.py:208} INFO - Processing /home/airflow/.local/lib/python3.12/site-packages/airflow/example_dags/example_sensor_decorator.py took 0.095 seconds
[2024-09-12T14:19:49.020+0000] {processor.py:186} INFO - Started process (PID=273) to work on /home/airflow/.local/lib/python3.12/site-packages/airflow/example_dags/example_sensor_decorator.py
[2024-09-12T14:19:49.021+0000] {processor.py:914} INFO - Processing file /home/airflow/.local/lib/python3.12/site-packages/airflow/example_dags/example_sensor_decorator.py for tasks to queue
[2024-09-12T14:19:49.024+0000] {logging_mixin.py:190} INFO - [2024-09-12T14:19:49.023+0000] {dagbag.py:587} INFO - Filling up the DagBag from /home/airflow/.local/lib/python3.12/site-packages/airflow/example_dags/example_sensor_decorator.py
[2024-09-12T14:19:49.032+0000] {processor.py:925} INFO - DAG(s) 'example_sensor_decorator' retrieved from /home/airflow/.local/lib/python3.12/site-packages/airflow/example_dags/example_sensor_decorator.py
[2024-09-12T14:19:49.054+0000] {logging_mixin.py:190} INFO - [2024-09-12T14:19:49.053+0000] {dag.py:3229} INFO - Sync 1 DAGs
[2024-09-12T14:19:49.091+0000] {logging_mixin.py:190} INFO - [2024-09-12T14:19:49.090+0000] {dag.py:4156} INFO - Setting next_dagrun for example_sensor_decorator to None, run_after=None
[2024-09-12T14:19:49.122+0000] {processor.py:208} INFO - Processing /home/airflow/.local/lib/python3.12/site-packages/airflow/example_dags/example_sensor_decorator.py took 0.110 seconds
[2024-09-12T14:20:19.668+0000] {processor.py:186} INFO - Started process (PID=335) to work on /home/airflow/.local/lib/python3.12/site-packages/airflow/example_dags/example_sensor_decorator.py
[2024-09-12T14:20:19.669+0000] {processor.py:914} INFO - Processing file /home/airflow/.local/lib/python3.12/site-packages/airflow/example_dags/example_sensor_decorator.py for tasks to queue
[2024-09-12T14:20:19.672+0000] {logging_mixin.py:190} INFO - [2024-09-12T14:20:19.672+0000] {dagbag.py:587} INFO - Filling up the DagBag from /home/airflow/.local/lib/python3.12/site-packages/airflow/example_dags/example_sensor_decorator.py
[2024-09-12T14:20:19.682+0000] {processor.py:925} INFO - DAG(s) 'example_sensor_decorator' retrieved from /home/airflow/.local/lib/python3.12/site-packages/airflow/example_dags/example_sensor_decorator.py
[2024-09-12T14:20:19.711+0000] {logging_mixin.py:190} INFO - [2024-09-12T14:20:19.711+0000] {dag.py:3229} INFO - Sync 1 DAGs
[2024-09-12T14:20:19.729+0000] {logging_mixin.py:190} INFO - [2024-09-12T14:20:19.728+0000] {dag.py:4156} INFO - Setting next_dagrun for example_sensor_decorator to None, run_after=None
[2024-09-12T14:20:19.748+0000] {processor.py:208} INFO - Processing /home/airflow/.local/lib/python3.12/site-packages/airflow/example_dags/example_sensor_decorator.py took 0.087 seconds
[2024-09-12T14:20:50.501+0000] {processor.py:186} INFO - Started process (PID=397) to work on /home/airflow/.local/lib/python3.12/site-packages/airflow/example_dags/example_sensor_decorator.py
[2024-09-12T14:20:50.503+0000] {processor.py:914} INFO - Processing file /home/airflow/.local/lib/python3.12/site-packages/airflow/example_dags/example_sensor_decorator.py for tasks to queue
[2024-09-12T14:20:50.507+0000] {logging_mixin.py:190} INFO - [2024-09-12T14:20:50.506+0000] {dagbag.py:587} INFO - Filling up the DagBag from /home/airflow/.local/lib/python3.12/site-packages/airflow/example_dags/example_sensor_decorator.py
[2024-09-12T14:20:50.518+0000] {processor.py:925} INFO - DAG(s) 'example_sensor_decorator' retrieved from /home/airflow/.local/lib/python3.12/site-packages/airflow/example_dags/example_sensor_decorator.py
[2024-09-12T14:20:50.545+0000] {logging_mixin.py:190} INFO - [2024-09-12T14:20:50.545+0000] {dag.py:3229} INFO - Sync 1 DAGs
[2024-09-12T14:20:50.567+0000] {logging_mixin.py:190} INFO - [2024-09-12T14:20:50.567+0000] {dag.py:4156} INFO - Setting next_dagrun for example_sensor_decorator to None, run_after=None
[2024-09-12T14:20:50.596+0000] {processor.py:208} INFO - Processing /home/airflow/.local/lib/python3.12/site-packages/airflow/example_dags/example_sensor_decorator.py took 0.102 seconds
