[2024-09-12T14:00:49.089+0000] {processor.py:186} INFO - Started process (PID=76) to work on /home/airflow/.local/lib/python3.12/site-packages/airflow/example_dags/example_datasets.py
[2024-09-12T14:00:49.090+0000] {processor.py:914} INFO - Processing file /home/airflow/.local/lib/python3.12/site-packages/airflow/example_dags/example_datasets.py for tasks to queue
[2024-09-12T14:00:49.093+0000] {logging_mixin.py:190} INFO - [2024-09-12T14:00:49.092+0000] {dagbag.py:587} INFO - Filling up the DagBag from /home/airflow/.local/lib/python3.12/site-packages/airflow/example_dags/example_datasets.py
[2024-09-12T14:00:49.348+0000] {processor.py:925} INFO - DAG(s) 'dataset_consumes_1_never_scheduled', 'dataset_produces_1', 'consume_1_or_2_with_dataset_expressions', 'consume_1_and_2_with_dataset_expressions', 'consume_1_or_both_2_and_3_with_dataset_expressions', 'dataset_produces_2', 'dataset_consumes_1', 'dataset_consumes_1_and_2', 'conditional_dataset_and_time_based_timetable', 'dataset_consumes_unknown_never_scheduled' retrieved from /home/airflow/.local/lib/python3.12/site-packages/airflow/example_dags/example_datasets.py
[2024-09-12T14:00:49.497+0000] {logging_mixin.py:190} INFO - [2024-09-12T14:00:49.496+0000] {override.py:1900} INFO - Created Permission View: can read on DAG:dataset_consumes_1_never_scheduled
[2024-09-12T14:00:49.509+0000] {logging_mixin.py:190} INFO - [2024-09-12T14:00:49.509+0000] {override.py:1900} INFO - Created Permission View: can delete on DAG:dataset_consumes_1_never_scheduled
[2024-09-12T14:00:49.518+0000] {logging_mixin.py:190} INFO - [2024-09-12T14:00:49.518+0000] {override.py:1900} INFO - Created Permission View: can edit on DAG:dataset_consumes_1_never_scheduled
[2024-09-12T14:00:49.526+0000] {logging_mixin.py:190} INFO - [2024-09-12T14:00:49.525+0000] {override.py:1900} INFO - Created Permission View: can read on DAG Run:dataset_consumes_1_never_scheduled
[2024-09-12T14:00:49.533+0000] {logging_mixin.py:190} INFO - [2024-09-12T14:00:49.532+0000] {override.py:1900} INFO - Created Permission View: can create on DAG Run:dataset_consumes_1_never_scheduled
[2024-09-12T14:00:49.539+0000] {logging_mixin.py:190} INFO - [2024-09-12T14:00:49.539+0000] {override.py:1900} INFO - Created Permission View: can delete on DAG Run:dataset_consumes_1_never_scheduled
[2024-09-12T14:00:49.547+0000] {logging_mixin.py:190} INFO - [2024-09-12T14:00:49.547+0000] {override.py:1900} INFO - Created Permission View: menu access on DAG Run:dataset_consumes_1_never_scheduled
[2024-09-12T14:00:49.596+0000] {logging_mixin.py:190} INFO - [2024-09-12T14:00:49.595+0000] {override.py:1900} INFO - Created Permission View: can read on DAG:dataset_produces_1
[2024-09-12T14:00:49.603+0000] {logging_mixin.py:190} INFO - [2024-09-12T14:00:49.603+0000] {override.py:1900} INFO - Created Permission View: can delete on DAG:dataset_produces_1
[2024-09-12T14:00:49.610+0000] {logging_mixin.py:190} INFO - [2024-09-12T14:00:49.610+0000] {override.py:1900} INFO - Created Permission View: can edit on DAG:dataset_produces_1
[2024-09-12T14:00:49.622+0000] {logging_mixin.py:190} INFO - [2024-09-12T14:00:49.621+0000] {override.py:1900} INFO - Created Permission View: can read on DAG Run:dataset_produces_1
[2024-09-12T14:00:49.629+0000] {logging_mixin.py:190} INFO - [2024-09-12T14:00:49.629+0000] {override.py:1900} INFO - Created Permission View: can create on DAG Run:dataset_produces_1
[2024-09-12T14:00:49.635+0000] {logging_mixin.py:190} INFO - [2024-09-12T14:00:49.635+0000] {override.py:1900} INFO - Created Permission View: can delete on DAG Run:dataset_produces_1
[2024-09-12T14:00:49.641+0000] {logging_mixin.py:190} INFO - [2024-09-12T14:00:49.641+0000] {override.py:1900} INFO - Created Permission View: menu access on DAG Run:dataset_produces_1
[2024-09-12T14:00:49.688+0000] {logging_mixin.py:190} INFO - [2024-09-12T14:00:49.687+0000] {override.py:1900} INFO - Created Permission View: can read on DAG:consume_1_or_2_with_dataset_expressions
[2024-09-12T14:00:49.694+0000] {logging_mixin.py:190} INFO - [2024-09-12T14:00:49.694+0000] {override.py:1900} INFO - Created Permission View: can delete on DAG:consume_1_or_2_with_dataset_expressions
[2024-09-12T14:00:49.702+0000] {logging_mixin.py:190} INFO - [2024-09-12T14:00:49.701+0000] {override.py:1900} INFO - Created Permission View: can edit on DAG:consume_1_or_2_with_dataset_expressions
[2024-09-12T14:00:49.711+0000] {logging_mixin.py:190} INFO - [2024-09-12T14:00:49.711+0000] {override.py:1900} INFO - Created Permission View: can read on DAG Run:consume_1_or_2_with_dataset_expressions
[2024-09-12T14:00:49.717+0000] {logging_mixin.py:190} INFO - [2024-09-12T14:00:49.717+0000] {override.py:1900} INFO - Created Permission View: can create on DAG Run:consume_1_or_2_with_dataset_expressions
[2024-09-12T14:00:49.724+0000] {logging_mixin.py:190} INFO - [2024-09-12T14:00:49.723+0000] {override.py:1900} INFO - Created Permission View: can delete on DAG Run:consume_1_or_2_with_dataset_expressions
[2024-09-12T14:00:49.784+0000] {logging_mixin.py:190} INFO - [2024-09-12T14:00:49.783+0000] {override.py:1900} INFO - Created Permission View: menu access on DAG Run:consume_1_or_2_with_dataset_expressions
[2024-09-12T14:00:49.799+0000] {logging_mixin.py:190} INFO - [2024-09-12T14:00:49.799+0000] {override.py:1900} INFO - Created Permission View: can read on DAG:consume_1_and_2_with_dataset_expressions
[2024-09-12T14:00:49.807+0000] {logging_mixin.py:190} INFO - [2024-09-12T14:00:49.807+0000] {override.py:1900} INFO - Created Permission View: can delete on DAG:consume_1_and_2_with_dataset_expressions
[2024-09-12T14:00:49.815+0000] {logging_mixin.py:190} INFO - [2024-09-12T14:00:49.815+0000] {override.py:1900} INFO - Created Permission View: can edit on DAG:consume_1_and_2_with_dataset_expressions
[2024-09-12T14:00:49.884+0000] {logging_mixin.py:190} INFO - [2024-09-12T14:00:49.884+0000] {override.py:1900} INFO - Created Permission View: can read on DAG Run:consume_1_and_2_with_dataset_expressions
[2024-09-12T14:00:49.892+0000] {logging_mixin.py:190} INFO - [2024-09-12T14:00:49.892+0000] {override.py:1900} INFO - Created Permission View: can create on DAG Run:consume_1_and_2_with_dataset_expressions
[2024-09-12T14:00:49.901+0000] {logging_mixin.py:190} INFO - [2024-09-12T14:00:49.901+0000] {override.py:1900} INFO - Created Permission View: can delete on DAG Run:consume_1_and_2_with_dataset_expressions
[2024-09-12T14:00:49.908+0000] {logging_mixin.py:190} INFO - [2024-09-12T14:00:49.908+0000] {override.py:1900} INFO - Created Permission View: menu access on DAG Run:consume_1_and_2_with_dataset_expressions
[2024-09-12T14:00:49.921+0000] {logging_mixin.py:190} INFO - [2024-09-12T14:00:49.921+0000] {override.py:1900} INFO - Created Permission View: can read on DAG:consume_1_or_both_2_and_3_with_dataset_expressions
[2024-09-12T14:00:49.929+0000] {logging_mixin.py:190} INFO - [2024-09-12T14:00:49.929+0000] {override.py:1900} INFO - Created Permission View: can delete on DAG:consume_1_or_both_2_and_3_with_dataset_expressions
[2024-09-12T14:00:49.988+0000] {logging_mixin.py:190} INFO - [2024-09-12T14:00:49.988+0000] {override.py:1900} INFO - Created Permission View: can edit on DAG:consume_1_or_both_2_and_3_with_dataset_expressions
[2024-09-12T14:00:49.997+0000] {logging_mixin.py:190} INFO - [2024-09-12T14:00:49.996+0000] {override.py:1900} INFO - Created Permission View: can read on DAG Run:consume_1_or_both_2_and_3_with_dataset_expressions
[2024-09-12T14:00:50.004+0000] {logging_mixin.py:190} INFO - [2024-09-12T14:00:50.004+0000] {override.py:1900} INFO - Created Permission View: can create on DAG Run:consume_1_or_both_2_and_3_with_dataset_expressions
[2024-09-12T14:00:50.012+0000] {logging_mixin.py:190} INFO - [2024-09-12T14:00:50.011+0000] {override.py:1900} INFO - Created Permission View: can delete on DAG Run:consume_1_or_both_2_and_3_with_dataset_expressions
[2024-09-12T14:00:50.019+0000] {logging_mixin.py:190} INFO - [2024-09-12T14:00:50.019+0000] {override.py:1900} INFO - Created Permission View: menu access on DAG Run:consume_1_or_both_2_and_3_with_dataset_expressions
[2024-09-12T14:00:50.086+0000] {logging_mixin.py:190} INFO - [2024-09-12T14:00:50.086+0000] {override.py:1900} INFO - Created Permission View: can read on DAG:dataset_produces_2
[2024-09-12T14:00:50.093+0000] {logging_mixin.py:190} INFO - [2024-09-12T14:00:50.093+0000] {override.py:1900} INFO - Created Permission View: can delete on DAG:dataset_produces_2
[2024-09-12T14:00:50.100+0000] {logging_mixin.py:190} INFO - [2024-09-12T14:00:50.100+0000] {override.py:1900} INFO - Created Permission View: can edit on DAG:dataset_produces_2
[2024-09-12T14:00:50.108+0000] {logging_mixin.py:190} INFO - [2024-09-12T14:00:50.108+0000] {override.py:1900} INFO - Created Permission View: can read on DAG Run:dataset_produces_2
[2024-09-12T14:00:50.116+0000] {logging_mixin.py:190} INFO - [2024-09-12T14:00:50.115+0000] {override.py:1900} INFO - Created Permission View: can create on DAG Run:dataset_produces_2
[2024-09-12T14:00:50.124+0000] {logging_mixin.py:190} INFO - [2024-09-12T14:00:50.123+0000] {override.py:1900} INFO - Created Permission View: can delete on DAG Run:dataset_produces_2
[2024-09-12T14:00:50.132+0000] {logging_mixin.py:190} INFO - [2024-09-12T14:00:50.132+0000] {override.py:1900} INFO - Created Permission View: menu access on DAG Run:dataset_produces_2
[2024-09-12T14:00:50.195+0000] {logging_mixin.py:190} INFO - [2024-09-12T14:00:50.195+0000] {override.py:1900} INFO - Created Permission View: can read on DAG:dataset_consumes_1
[2024-09-12T14:00:50.203+0000] {logging_mixin.py:190} INFO - [2024-09-12T14:00:50.203+0000] {override.py:1900} INFO - Created Permission View: can delete on DAG:dataset_consumes_1
[2024-09-12T14:00:50.210+0000] {logging_mixin.py:190} INFO - [2024-09-12T14:00:50.209+0000] {override.py:1900} INFO - Created Permission View: can edit on DAG:dataset_consumes_1
[2024-09-12T14:00:50.218+0000] {logging_mixin.py:190} INFO - [2024-09-12T14:00:50.217+0000] {override.py:1900} INFO - Created Permission View: can read on DAG Run:dataset_consumes_1
[2024-09-12T14:00:50.225+0000] {logging_mixin.py:190} INFO - [2024-09-12T14:00:50.224+0000] {override.py:1900} INFO - Created Permission View: can create on DAG Run:dataset_consumes_1
[2024-09-12T14:00:50.231+0000] {logging_mixin.py:190} INFO - [2024-09-12T14:00:50.230+0000] {override.py:1900} INFO - Created Permission View: can delete on DAG Run:dataset_consumes_1
[2024-09-12T14:00:50.241+0000] {logging_mixin.py:190} INFO - [2024-09-12T14:00:50.240+0000] {override.py:1900} INFO - Created Permission View: menu access on DAG Run:dataset_consumes_1
[2024-09-12T14:00:50.289+0000] {logging_mixin.py:190} INFO - [2024-09-12T14:00:50.288+0000] {override.py:1900} INFO - Created Permission View: can read on DAG:dataset_consumes_1_and_2
[2024-09-12T14:00:50.297+0000] {logging_mixin.py:190} INFO - [2024-09-12T14:00:50.296+0000] {override.py:1900} INFO - Created Permission View: can delete on DAG:dataset_consumes_1_and_2
[2024-09-12T14:00:50.304+0000] {logging_mixin.py:190} INFO - [2024-09-12T14:00:50.304+0000] {override.py:1900} INFO - Created Permission View: can edit on DAG:dataset_consumes_1_and_2
[2024-09-12T14:00:50.312+0000] {logging_mixin.py:190} INFO - [2024-09-12T14:00:50.311+0000] {override.py:1900} INFO - Created Permission View: can read on DAG Run:dataset_consumes_1_and_2
[2024-09-12T14:00:50.321+0000] {logging_mixin.py:190} INFO - [2024-09-12T14:00:50.321+0000] {override.py:1900} INFO - Created Permission View: can create on DAG Run:dataset_consumes_1_and_2
[2024-09-12T14:00:50.329+0000] {logging_mixin.py:190} INFO - [2024-09-12T14:00:50.329+0000] {override.py:1900} INFO - Created Permission View: can delete on DAG Run:dataset_consumes_1_and_2
[2024-09-12T14:00:50.336+0000] {logging_mixin.py:190} INFO - [2024-09-12T14:00:50.335+0000] {override.py:1900} INFO - Created Permission View: menu access on DAG Run:dataset_consumes_1_and_2
[2024-09-12T14:00:50.382+0000] {logging_mixin.py:190} INFO - [2024-09-12T14:00:50.381+0000] {override.py:1900} INFO - Created Permission View: can read on DAG:conditional_dataset_and_time_based_timetable
[2024-09-12T14:00:50.389+0000] {logging_mixin.py:190} INFO - [2024-09-12T14:00:50.388+0000] {override.py:1900} INFO - Created Permission View: can delete on DAG:conditional_dataset_and_time_based_timetable
[2024-09-12T14:00:50.395+0000] {logging_mixin.py:190} INFO - [2024-09-12T14:00:50.395+0000] {override.py:1900} INFO - Created Permission View: can edit on DAG:conditional_dataset_and_time_based_timetable
[2024-09-12T14:00:50.401+0000] {logging_mixin.py:190} INFO - [2024-09-12T14:00:50.401+0000] {override.py:1900} INFO - Created Permission View: can read on DAG Run:conditional_dataset_and_time_based_timetable
[2024-09-12T14:00:50.408+0000] {logging_mixin.py:190} INFO - [2024-09-12T14:00:50.407+0000] {override.py:1900} INFO - Created Permission View: can create on DAG Run:conditional_dataset_and_time_based_timetable
[2024-09-12T14:00:50.414+0000] {logging_mixin.py:190} INFO - [2024-09-12T14:00:50.413+0000] {override.py:1900} INFO - Created Permission View: can delete on DAG Run:conditional_dataset_and_time_based_timetable
[2024-09-12T14:00:50.419+0000] {logging_mixin.py:190} INFO - [2024-09-12T14:00:50.419+0000] {override.py:1900} INFO - Created Permission View: menu access on DAG Run:conditional_dataset_and_time_based_timetable
[2024-09-12T14:00:50.430+0000] {logging_mixin.py:190} INFO - [2024-09-12T14:00:50.429+0000] {override.py:1900} INFO - Created Permission View: can read on DAG:dataset_consumes_unknown_never_scheduled
[2024-09-12T14:00:50.436+0000] {logging_mixin.py:190} INFO - [2024-09-12T14:00:50.435+0000] {override.py:1900} INFO - Created Permission View: can delete on DAG:dataset_consumes_unknown_never_scheduled
[2024-09-12T14:00:50.444+0000] {logging_mixin.py:190} INFO - [2024-09-12T14:00:50.443+0000] {override.py:1900} INFO - Created Permission View: can edit on DAG:dataset_consumes_unknown_never_scheduled
[2024-09-12T14:00:50.487+0000] {logging_mixin.py:190} INFO - [2024-09-12T14:00:50.487+0000] {override.py:1900} INFO - Created Permission View: can read on DAG Run:dataset_consumes_unknown_never_scheduled
[2024-09-12T14:00:50.494+0000] {logging_mixin.py:190} INFO - [2024-09-12T14:00:50.494+0000] {override.py:1900} INFO - Created Permission View: can create on DAG Run:dataset_consumes_unknown_never_scheduled
[2024-09-12T14:00:50.502+0000] {logging_mixin.py:190} INFO - [2024-09-12T14:00:50.501+0000] {override.py:1900} INFO - Created Permission View: can delete on DAG Run:dataset_consumes_unknown_never_scheduled
[2024-09-12T14:00:50.511+0000] {logging_mixin.py:190} INFO - [2024-09-12T14:00:50.510+0000] {override.py:1900} INFO - Created Permission View: menu access on DAG Run:dataset_consumes_unknown_never_scheduled
[2024-09-12T14:00:50.511+0000] {logging_mixin.py:190} INFO - [2024-09-12T14:00:50.511+0000] {dag.py:3229} INFO - Sync 10 DAGs
[2024-09-12T14:00:50.528+0000] {logging_mixin.py:190} INFO - [2024-09-12T14:00:50.528+0000] {dag.py:3252} INFO - Creating ORM DAG for dataset_consumes_1
[2024-09-12T14:00:50.529+0000] {logging_mixin.py:190} INFO - [2024-09-12T14:00:50.529+0000] {dag.py:3252} INFO - Creating ORM DAG for dataset_produces_1
[2024-09-12T14:00:50.530+0000] {logging_mixin.py:190} INFO - [2024-09-12T14:00:50.530+0000] {dag.py:3252} INFO - Creating ORM DAG for consume_1_or_2_with_dataset_expressions
[2024-09-12T14:00:50.530+0000] {logging_mixin.py:190} INFO - [2024-09-12T14:00:50.530+0000] {dag.py:3252} INFO - Creating ORM DAG for dataset_consumes_1_and_2
[2024-09-12T14:00:50.531+0000] {logging_mixin.py:190} INFO - [2024-09-12T14:00:50.531+0000] {dag.py:3252} INFO - Creating ORM DAG for conditional_dataset_and_time_based_timetable
[2024-09-12T14:00:50.532+0000] {logging_mixin.py:190} INFO - [2024-09-12T14:00:50.531+0000] {dag.py:3252} INFO - Creating ORM DAG for consume_1_and_2_with_dataset_expressions
[2024-09-12T14:00:50.532+0000] {logging_mixin.py:190} INFO - [2024-09-12T14:00:50.532+0000] {dag.py:3252} INFO - Creating ORM DAG for consume_1_or_both_2_and_3_with_dataset_expressions
[2024-09-12T14:00:50.533+0000] {logging_mixin.py:190} INFO - [2024-09-12T14:00:50.533+0000] {dag.py:3252} INFO - Creating ORM DAG for dataset_consumes_unknown_never_scheduled
[2024-09-12T14:00:50.533+0000] {logging_mixin.py:190} INFO - [2024-09-12T14:00:50.533+0000] {dag.py:3252} INFO - Creating ORM DAG for dataset_consumes_1_never_scheduled
[2024-09-12T14:00:50.534+0000] {logging_mixin.py:190} INFO - [2024-09-12T14:00:50.534+0000] {dag.py:3252} INFO - Creating ORM DAG for dataset_produces_2
[2024-09-12T14:00:50.583+0000] {logging_mixin.py:190} INFO - [2024-09-12T14:00:50.583+0000] {dag.py:4156} INFO - Setting next_dagrun for conditional_dataset_and_time_based_timetable to 2024-09-11 01:00:00+00:00, run_after=2024-09-11 01:00:00+00:00
[2024-09-12T14:00:50.584+0000] {logging_mixin.py:190} INFO - [2024-09-12T14:00:50.584+0000] {dag.py:4156} INFO - Setting next_dagrun for consume_1_and_2_with_dataset_expressions to None, run_after=None
[2024-09-12T14:00:50.585+0000] {logging_mixin.py:190} INFO - [2024-09-12T14:00:50.585+0000] {dag.py:4156} INFO - Setting next_dagrun for consume_1_or_2_with_dataset_expressions to None, run_after=None
[2024-09-12T14:00:50.585+0000] {logging_mixin.py:190} INFO - [2024-09-12T14:00:50.585+0000] {dag.py:4156} INFO - Setting next_dagrun for consume_1_or_both_2_and_3_with_dataset_expressions to None, run_after=None
[2024-09-12T14:00:50.586+0000] {logging_mixin.py:190} INFO - [2024-09-12T14:00:50.586+0000] {dag.py:4156} INFO - Setting next_dagrun for dataset_consumes_1 to None, run_after=None
[2024-09-12T14:00:50.587+0000] {logging_mixin.py:190} INFO - [2024-09-12T14:00:50.586+0000] {dag.py:4156} INFO - Setting next_dagrun for dataset_consumes_1_and_2 to None, run_after=None
[2024-09-12T14:00:50.587+0000] {logging_mixin.py:190} INFO - [2024-09-12T14:00:50.587+0000] {dag.py:4156} INFO - Setting next_dagrun for dataset_consumes_1_never_scheduled to None, run_after=None
[2024-09-12T14:00:50.588+0000] {logging_mixin.py:190} INFO - [2024-09-12T14:00:50.588+0000] {dag.py:4156} INFO - Setting next_dagrun for dataset_consumes_unknown_never_scheduled to None, run_after=None
[2024-09-12T14:00:50.590+0000] {logging_mixin.py:190} INFO - [2024-09-12T14:00:50.590+0000] {dag.py:4156} INFO - Setting next_dagrun for dataset_produces_1 to 2024-09-11 00:00:00+00:00, run_after=2024-09-12 00:00:00+00:00
[2024-09-12T14:00:50.591+0000] {logging_mixin.py:190} INFO - [2024-09-12T14:00:50.590+0000] {dag.py:4156} INFO - Setting next_dagrun for dataset_produces_2 to None, run_after=None
[2024-09-12T14:00:50.690+0000] {processor.py:208} INFO - Processing /home/airflow/.local/lib/python3.12/site-packages/airflow/example_dags/example_datasets.py took 1.609 seconds
