[2024-09-12T14:00:44.282+0000] {processor.py:186} INFO - Started process (PID=71) to work on /home/airflow/.local/lib/python3.12/site-packages/airflow/example_dags/example_branch_python_dop_operator_3.py
[2024-09-12T14:00:44.284+0000] {processor.py:914} INFO - Processing file /home/airflow/.local/lib/python3.12/site-packages/airflow/example_dags/example_branch_python_dop_operator_3.py for tasks to queue
[2024-09-12T14:00:44.288+0000] {logging_mixin.py:190} INFO - [2024-09-12T14:00:44.287+0000] {dagbag.py:587} INFO - Filling up the DagBag from /home/airflow/.local/lib/python3.12/site-packages/airflow/example_dags/example_branch_python_dop_operator_3.py
[2024-09-12T14:00:44.316+0000] {processor.py:925} INFO - DAG(s) 'example_branch_dop_operator_v3' retrieved from /home/airflow/.local/lib/python3.12/site-packages/airflow/example_dags/example_branch_python_dop_operator_3.py
[2024-09-12T14:00:44.553+0000] {logging_mixin.py:190} INFO - [2024-09-12T14:00:44.552+0000] {override.py:1900} INFO - Created Permission View: can read on DAG:example_branch_dop_operator_v3
[2024-09-12T14:00:44.600+0000] {logging_mixin.py:190} INFO - [2024-09-12T14:00:44.599+0000] {override.py:1900} INFO - Created Permission View: can delete on DAG:example_branch_dop_operator_v3
[2024-09-12T14:00:44.608+0000] {logging_mixin.py:190} INFO - [2024-09-12T14:00:44.608+0000] {override.py:1900} INFO - Created Permission View: can edit on DAG:example_branch_dop_operator_v3
[2024-09-12T14:00:44.617+0000] {logging_mixin.py:190} INFO - [2024-09-12T14:00:44.617+0000] {override.py:1900} INFO - Created Permission View: can read on DAG Run:example_branch_dop_operator_v3
[2024-09-12T14:00:44.626+0000] {logging_mixin.py:190} INFO - [2024-09-12T14:00:44.625+0000] {override.py:1900} INFO - Created Permission View: can create on DAG Run:example_branch_dop_operator_v3
[2024-09-12T14:00:44.635+0000] {logging_mixin.py:190} INFO - [2024-09-12T14:00:44.635+0000] {override.py:1900} INFO - Created Permission View: can delete on DAG Run:example_branch_dop_operator_v3
[2024-09-12T14:00:44.645+0000] {logging_mixin.py:190} INFO - [2024-09-12T14:00:44.645+0000] {override.py:1900} INFO - Created Permission View: menu access on DAG Run:example_branch_dop_operator_v3
[2024-09-12T14:00:44.646+0000] {logging_mixin.py:190} INFO - [2024-09-12T14:00:44.646+0000] {dag.py:3229} INFO - Sync 1 DAGs
[2024-09-12T14:00:44.701+0000] {logging_mixin.py:190} INFO - [2024-09-12T14:00:44.701+0000] {dag.py:3252} INFO - Creating ORM DAG for example_branch_dop_operator_v3
[2024-09-12T14:00:44.724+0000] {logging_mixin.py:190} INFO - [2024-09-12T14:00:44.723+0000] {dag.py:4156} INFO - Setting next_dagrun for example_branch_dop_operator_v3 to 2024-09-12 13:59:00+00:00, run_after=2024-09-12 14:00:00+00:00
[2024-09-12T14:00:44.747+0000] {processor.py:208} INFO - Processing /home/airflow/.local/lib/python3.12/site-packages/airflow/example_dags/example_branch_python_dop_operator_3.py took 0.519 seconds
[2024-09-12T14:01:14.819+0000] {processor.py:186} INFO - Started process (PID=133) to work on /home/airflow/.local/lib/python3.12/site-packages/airflow/example_dags/example_branch_python_dop_operator_3.py
[2024-09-12T14:01:14.820+0000] {processor.py:914} INFO - Processing file /home/airflow/.local/lib/python3.12/site-packages/airflow/example_dags/example_branch_python_dop_operator_3.py for tasks to queue
[2024-09-12T14:01:14.822+0000] {logging_mixin.py:190} INFO - [2024-09-12T14:01:14.822+0000] {dagbag.py:587} INFO - Filling up the DagBag from /home/airflow/.local/lib/python3.12/site-packages/airflow/example_dags/example_branch_python_dop_operator_3.py
[2024-09-12T14:01:14.833+0000] {processor.py:925} INFO - DAG(s) 'example_branch_dop_operator_v3' retrieved from /home/airflow/.local/lib/python3.12/site-packages/airflow/example_dags/example_branch_python_dop_operator_3.py
[2024-09-12T14:01:14.858+0000] {logging_mixin.py:190} INFO - [2024-09-12T14:01:14.858+0000] {dag.py:3229} INFO - Sync 1 DAGs
[2024-09-12T14:01:14.892+0000] {logging_mixin.py:190} INFO - [2024-09-12T14:01:14.891+0000] {dag.py:4156} INFO - Setting next_dagrun for example_branch_dop_operator_v3 to 2024-09-12 14:00:00+00:00, run_after=2024-09-12 14:01:00+00:00
[2024-09-12T14:01:14.918+0000] {processor.py:208} INFO - Processing /home/airflow/.local/lib/python3.12/site-packages/airflow/example_dags/example_branch_python_dop_operator_3.py took 0.106 seconds
[2024-09-12T14:01:45.186+0000] {processor.py:186} INFO - Started process (PID=195) to work on /home/airflow/.local/lib/python3.12/site-packages/airflow/example_dags/example_branch_python_dop_operator_3.py
[2024-09-12T14:01:45.188+0000] {processor.py:914} INFO - Processing file /home/airflow/.local/lib/python3.12/site-packages/airflow/example_dags/example_branch_python_dop_operator_3.py for tasks to queue
[2024-09-12T14:01:45.190+0000] {logging_mixin.py:190} INFO - [2024-09-12T14:01:45.190+0000] {dagbag.py:587} INFO - Filling up the DagBag from /home/airflow/.local/lib/python3.12/site-packages/airflow/example_dags/example_branch_python_dop_operator_3.py
[2024-09-12T14:01:45.201+0000] {processor.py:925} INFO - DAG(s) 'example_branch_dop_operator_v3' retrieved from /home/airflow/.local/lib/python3.12/site-packages/airflow/example_dags/example_branch_python_dop_operator_3.py
[2024-09-12T14:01:45.223+0000] {logging_mixin.py:190} INFO - [2024-09-12T14:01:45.223+0000] {dag.py:3229} INFO - Sync 1 DAGs
[2024-09-12T14:01:45.298+0000] {logging_mixin.py:190} INFO - [2024-09-12T14:01:45.297+0000] {dag.py:4156} INFO - Setting next_dagrun for example_branch_dop_operator_v3 to 2024-09-12 14:00:00+00:00, run_after=2024-09-12 14:01:00+00:00
[2024-09-12T14:01:45.320+0000] {processor.py:208} INFO - Processing /home/airflow/.local/lib/python3.12/site-packages/airflow/example_dags/example_branch_python_dop_operator_3.py took 0.197 seconds
[2024-09-12T14:02:15.991+0000] {processor.py:186} INFO - Started process (PID=257) to work on /home/airflow/.local/lib/python3.12/site-packages/airflow/example_dags/example_branch_python_dop_operator_3.py
[2024-09-12T14:02:15.993+0000] {processor.py:914} INFO - Processing file /home/airflow/.local/lib/python3.12/site-packages/airflow/example_dags/example_branch_python_dop_operator_3.py for tasks to queue
[2024-09-12T14:02:15.995+0000] {logging_mixin.py:190} INFO - [2024-09-12T14:02:15.995+0000] {dagbag.py:587} INFO - Filling up the DagBag from /home/airflow/.local/lib/python3.12/site-packages/airflow/example_dags/example_branch_python_dop_operator_3.py
[2024-09-12T14:02:16.006+0000] {processor.py:925} INFO - DAG(s) 'example_branch_dop_operator_v3' retrieved from /home/airflow/.local/lib/python3.12/site-packages/airflow/example_dags/example_branch_python_dop_operator_3.py
[2024-09-12T14:02:16.029+0000] {logging_mixin.py:190} INFO - [2024-09-12T14:02:16.028+0000] {dag.py:3229} INFO - Sync 1 DAGs
[2024-09-12T14:02:16.059+0000] {logging_mixin.py:190} INFO - [2024-09-12T14:02:16.058+0000] {dag.py:4156} INFO - Setting next_dagrun for example_branch_dop_operator_v3 to 2024-09-12 14:01:00+00:00, run_after=2024-09-12 14:02:00+00:00
[2024-09-12T14:02:16.082+0000] {processor.py:208} INFO - Processing /home/airflow/.local/lib/python3.12/site-packages/airflow/example_dags/example_branch_python_dop_operator_3.py took 0.097 seconds
[2024-09-12T14:02:46.189+0000] {processor.py:186} INFO - Started process (PID=319) to work on /home/airflow/.local/lib/python3.12/site-packages/airflow/example_dags/example_branch_python_dop_operator_3.py
[2024-09-12T14:02:46.190+0000] {processor.py:914} INFO - Processing file /home/airflow/.local/lib/python3.12/site-packages/airflow/example_dags/example_branch_python_dop_operator_3.py for tasks to queue
[2024-09-12T14:02:46.193+0000] {logging_mixin.py:190} INFO - [2024-09-12T14:02:46.192+0000] {dagbag.py:587} INFO - Filling up the DagBag from /home/airflow/.local/lib/python3.12/site-packages/airflow/example_dags/example_branch_python_dop_operator_3.py
[2024-09-12T14:02:46.205+0000] {processor.py:925} INFO - DAG(s) 'example_branch_dop_operator_v3' retrieved from /home/airflow/.local/lib/python3.12/site-packages/airflow/example_dags/example_branch_python_dop_operator_3.py
[2024-09-12T14:02:46.231+0000] {logging_mixin.py:190} INFO - [2024-09-12T14:02:46.231+0000] {dag.py:3229} INFO - Sync 1 DAGs
[2024-09-12T14:02:46.265+0000] {logging_mixin.py:190} INFO - [2024-09-12T14:02:46.264+0000] {dag.py:4156} INFO - Setting next_dagrun for example_branch_dop_operator_v3 to 2024-09-12 14:01:00+00:00, run_after=2024-09-12 14:02:00+00:00
[2024-09-12T14:02:46.286+0000] {processor.py:208} INFO - Processing /home/airflow/.local/lib/python3.12/site-packages/airflow/example_dags/example_branch_python_dop_operator_3.py took 0.104 seconds
[2024-09-12T14:03:16.773+0000] {processor.py:186} INFO - Started process (PID=381) to work on /home/airflow/.local/lib/python3.12/site-packages/airflow/example_dags/example_branch_python_dop_operator_3.py
[2024-09-12T14:03:16.775+0000] {processor.py:914} INFO - Processing file /home/airflow/.local/lib/python3.12/site-packages/airflow/example_dags/example_branch_python_dop_operator_3.py for tasks to queue
[2024-09-12T14:03:16.778+0000] {logging_mixin.py:190} INFO - [2024-09-12T14:03:16.778+0000] {dagbag.py:587} INFO - Filling up the DagBag from /home/airflow/.local/lib/python3.12/site-packages/airflow/example_dags/example_branch_python_dop_operator_3.py
[2024-09-12T14:03:16.793+0000] {processor.py:925} INFO - DAG(s) 'example_branch_dop_operator_v3' retrieved from /home/airflow/.local/lib/python3.12/site-packages/airflow/example_dags/example_branch_python_dop_operator_3.py
[2024-09-12T14:03:16.824+0000] {logging_mixin.py:190} INFO - [2024-09-12T14:03:16.823+0000] {dag.py:3229} INFO - Sync 1 DAGs
[2024-09-12T14:03:16.866+0000] {logging_mixin.py:190} INFO - [2024-09-12T14:03:16.866+0000] {dag.py:4156} INFO - Setting next_dagrun for example_branch_dop_operator_v3 to 2024-09-12 14:02:00+00:00, run_after=2024-09-12 14:03:00+00:00
[2024-09-12T14:03:16.898+0000] {processor.py:208} INFO - Processing /home/airflow/.local/lib/python3.12/site-packages/airflow/example_dags/example_branch_python_dop_operator_3.py took 0.134 seconds
[2024-09-12T14:03:47.741+0000] {processor.py:186} INFO - Started process (PID=443) to work on /home/airflow/.local/lib/python3.12/site-packages/airflow/example_dags/example_branch_python_dop_operator_3.py
[2024-09-12T14:03:47.743+0000] {processor.py:914} INFO - Processing file /home/airflow/.local/lib/python3.12/site-packages/airflow/example_dags/example_branch_python_dop_operator_3.py for tasks to queue
[2024-09-12T14:03:47.745+0000] {logging_mixin.py:190} INFO - [2024-09-12T14:03:47.745+0000] {dagbag.py:587} INFO - Filling up the DagBag from /home/airflow/.local/lib/python3.12/site-packages/airflow/example_dags/example_branch_python_dop_operator_3.py
[2024-09-12T14:03:47.756+0000] {processor.py:925} INFO - DAG(s) 'example_branch_dop_operator_v3' retrieved from /home/airflow/.local/lib/python3.12/site-packages/airflow/example_dags/example_branch_python_dop_operator_3.py
[2024-09-12T14:03:47.777+0000] {logging_mixin.py:190} INFO - [2024-09-12T14:03:47.776+0000] {dag.py:3229} INFO - Sync 1 DAGs
[2024-09-12T14:03:47.809+0000] {logging_mixin.py:190} INFO - [2024-09-12T14:03:47.809+0000] {dag.py:4156} INFO - Setting next_dagrun for example_branch_dop_operator_v3 to 2024-09-12 14:02:00+00:00, run_after=2024-09-12 14:03:00+00:00
[2024-09-12T14:03:47.828+0000] {processor.py:208} INFO - Processing /home/airflow/.local/lib/python3.12/site-packages/airflow/example_dags/example_branch_python_dop_operator_3.py took 0.094 seconds
[2024-09-12T14:04:17.916+0000] {processor.py:186} INFO - Started process (PID=505) to work on /home/airflow/.local/lib/python3.12/site-packages/airflow/example_dags/example_branch_python_dop_operator_3.py
[2024-09-12T14:04:17.917+0000] {processor.py:914} INFO - Processing file /home/airflow/.local/lib/python3.12/site-packages/airflow/example_dags/example_branch_python_dop_operator_3.py for tasks to queue
[2024-09-12T14:04:17.919+0000] {logging_mixin.py:190} INFO - [2024-09-12T14:04:17.919+0000] {dagbag.py:587} INFO - Filling up the DagBag from /home/airflow/.local/lib/python3.12/site-packages/airflow/example_dags/example_branch_python_dop_operator_3.py
[2024-09-12T14:04:17.931+0000] {processor.py:925} INFO - DAG(s) 'example_branch_dop_operator_v3' retrieved from /home/airflow/.local/lib/python3.12/site-packages/airflow/example_dags/example_branch_python_dop_operator_3.py
[2024-09-12T14:04:17.958+0000] {logging_mixin.py:190} INFO - [2024-09-12T14:04:17.958+0000] {dag.py:3229} INFO - Sync 1 DAGs
[2024-09-12T14:04:17.994+0000] {logging_mixin.py:190} INFO - [2024-09-12T14:04:17.994+0000] {dag.py:4156} INFO - Setting next_dagrun for example_branch_dop_operator_v3 to 2024-09-12 14:03:00+00:00, run_after=2024-09-12 14:04:00+00:00
[2024-09-12T14:04:18.016+0000] {processor.py:208} INFO - Processing /home/airflow/.local/lib/python3.12/site-packages/airflow/example_dags/example_branch_python_dop_operator_3.py took 0.107 seconds
[2024-09-12T14:04:48.838+0000] {processor.py:186} INFO - Started process (PID=567) to work on /home/airflow/.local/lib/python3.12/site-packages/airflow/example_dags/example_branch_python_dop_operator_3.py
[2024-09-12T14:04:48.840+0000] {processor.py:914} INFO - Processing file /home/airflow/.local/lib/python3.12/site-packages/airflow/example_dags/example_branch_python_dop_operator_3.py for tasks to queue
[2024-09-12T14:04:48.842+0000] {logging_mixin.py:190} INFO - [2024-09-12T14:04:48.842+0000] {dagbag.py:587} INFO - Filling up the DagBag from /home/airflow/.local/lib/python3.12/site-packages/airflow/example_dags/example_branch_python_dop_operator_3.py
[2024-09-12T14:04:48.852+0000] {processor.py:925} INFO - DAG(s) 'example_branch_dop_operator_v3' retrieved from /home/airflow/.local/lib/python3.12/site-packages/airflow/example_dags/example_branch_python_dop_operator_3.py
[2024-09-12T14:04:48.874+0000] {logging_mixin.py:190} INFO - [2024-09-12T14:04:48.874+0000] {dag.py:3229} INFO - Sync 1 DAGs
[2024-09-12T14:04:48.904+0000] {logging_mixin.py:190} INFO - [2024-09-12T14:04:48.904+0000] {dag.py:4156} INFO - Setting next_dagrun for example_branch_dop_operator_v3 to 2024-09-12 14:03:00+00:00, run_after=2024-09-12 14:04:00+00:00
[2024-09-12T14:04:48.923+0000] {processor.py:208} INFO - Processing /home/airflow/.local/lib/python3.12/site-packages/airflow/example_dags/example_branch_python_dop_operator_3.py took 0.091 seconds
[2024-09-12T14:05:19.574+0000] {processor.py:186} INFO - Started process (PID=629) to work on /home/airflow/.local/lib/python3.12/site-packages/airflow/example_dags/example_branch_python_dop_operator_3.py
[2024-09-12T14:05:19.575+0000] {processor.py:914} INFO - Processing file /home/airflow/.local/lib/python3.12/site-packages/airflow/example_dags/example_branch_python_dop_operator_3.py for tasks to queue
[2024-09-12T14:05:19.578+0000] {logging_mixin.py:190} INFO - [2024-09-12T14:05:19.577+0000] {dagbag.py:587} INFO - Filling up the DagBag from /home/airflow/.local/lib/python3.12/site-packages/airflow/example_dags/example_branch_python_dop_operator_3.py
[2024-09-12T14:05:19.588+0000] {processor.py:925} INFO - DAG(s) 'example_branch_dop_operator_v3' retrieved from /home/airflow/.local/lib/python3.12/site-packages/airflow/example_dags/example_branch_python_dop_operator_3.py
[2024-09-12T14:05:19.611+0000] {logging_mixin.py:190} INFO - [2024-09-12T14:05:19.611+0000] {dag.py:3229} INFO - Sync 1 DAGs
[2024-09-12T14:05:19.639+0000] {logging_mixin.py:190} INFO - [2024-09-12T14:05:19.639+0000] {dag.py:4156} INFO - Setting next_dagrun for example_branch_dop_operator_v3 to 2024-09-12 14:04:00+00:00, run_after=2024-09-12 14:05:00+00:00
[2024-09-12T14:05:19.658+0000] {processor.py:208} INFO - Processing /home/airflow/.local/lib/python3.12/site-packages/airflow/example_dags/example_branch_python_dop_operator_3.py took 0.092 seconds
[2024-09-12T14:05:49.842+0000] {processor.py:186} INFO - Started process (PID=691) to work on /home/airflow/.local/lib/python3.12/site-packages/airflow/example_dags/example_branch_python_dop_operator_3.py
[2024-09-12T14:05:49.843+0000] {processor.py:914} INFO - Processing file /home/airflow/.local/lib/python3.12/site-packages/airflow/example_dags/example_branch_python_dop_operator_3.py for tasks to queue
[2024-09-12T14:05:49.845+0000] {logging_mixin.py:190} INFO - [2024-09-12T14:05:49.845+0000] {dagbag.py:587} INFO - Filling up the DagBag from /home/airflow/.local/lib/python3.12/site-packages/airflow/example_dags/example_branch_python_dop_operator_3.py
[2024-09-12T14:05:49.856+0000] {processor.py:925} INFO - DAG(s) 'example_branch_dop_operator_v3' retrieved from /home/airflow/.local/lib/python3.12/site-packages/airflow/example_dags/example_branch_python_dop_operator_3.py
[2024-09-12T14:05:49.882+0000] {logging_mixin.py:190} INFO - [2024-09-12T14:05:49.881+0000] {dag.py:3229} INFO - Sync 1 DAGs
[2024-09-12T14:05:49.915+0000] {logging_mixin.py:190} INFO - [2024-09-12T14:05:49.914+0000] {dag.py:4156} INFO - Setting next_dagrun for example_branch_dop_operator_v3 to 2024-09-12 14:04:00+00:00, run_after=2024-09-12 14:05:00+00:00
[2024-09-12T14:05:49.936+0000] {processor.py:208} INFO - Processing /home/airflow/.local/lib/python3.12/site-packages/airflow/example_dags/example_branch_python_dop_operator_3.py took 0.101 seconds
[2024-09-12T14:06:20.099+0000] {processor.py:186} INFO - Started process (PID=753) to work on /home/airflow/.local/lib/python3.12/site-packages/airflow/example_dags/example_branch_python_dop_operator_3.py
[2024-09-12T14:06:20.100+0000] {processor.py:914} INFO - Processing file /home/airflow/.local/lib/python3.12/site-packages/airflow/example_dags/example_branch_python_dop_operator_3.py for tasks to queue
[2024-09-12T14:06:20.103+0000] {logging_mixin.py:190} INFO - [2024-09-12T14:06:20.102+0000] {dagbag.py:587} INFO - Filling up the DagBag from /home/airflow/.local/lib/python3.12/site-packages/airflow/example_dags/example_branch_python_dop_operator_3.py
[2024-09-12T14:06:20.114+0000] {processor.py:925} INFO - DAG(s) 'example_branch_dop_operator_v3' retrieved from /home/airflow/.local/lib/python3.12/site-packages/airflow/example_dags/example_branch_python_dop_operator_3.py
[2024-09-12T14:06:20.201+0000] {logging_mixin.py:190} INFO - [2024-09-12T14:06:20.200+0000] {dag.py:3229} INFO - Sync 1 DAGs
[2024-09-12T14:06:20.289+0000] {logging_mixin.py:190} INFO - [2024-09-12T14:06:20.289+0000] {dag.py:4156} INFO - Setting next_dagrun for example_branch_dop_operator_v3 to 2024-09-12 14:05:00+00:00, run_after=2024-09-12 14:06:00+00:00
[2024-09-12T14:06:20.310+0000] {processor.py:208} INFO - Processing /home/airflow/.local/lib/python3.12/site-packages/airflow/example_dags/example_branch_python_dop_operator_3.py took 0.217 seconds
[2024-09-12T14:06:51.203+0000] {processor.py:186} INFO - Started process (PID=815) to work on /home/airflow/.local/lib/python3.12/site-packages/airflow/example_dags/example_branch_python_dop_operator_3.py
[2024-09-12T14:06:51.204+0000] {processor.py:914} INFO - Processing file /home/airflow/.local/lib/python3.12/site-packages/airflow/example_dags/example_branch_python_dop_operator_3.py for tasks to queue
[2024-09-12T14:06:51.207+0000] {logging_mixin.py:190} INFO - [2024-09-12T14:06:51.206+0000] {dagbag.py:587} INFO - Filling up the DagBag from /home/airflow/.local/lib/python3.12/site-packages/airflow/example_dags/example_branch_python_dop_operator_3.py
[2024-09-12T14:06:51.218+0000] {processor.py:925} INFO - DAG(s) 'example_branch_dop_operator_v3' retrieved from /home/airflow/.local/lib/python3.12/site-packages/airflow/example_dags/example_branch_python_dop_operator_3.py
[2024-09-12T14:06:51.241+0000] {logging_mixin.py:190} INFO - [2024-09-12T14:06:51.241+0000] {dag.py:3229} INFO - Sync 1 DAGs
[2024-09-12T14:06:51.281+0000] {logging_mixin.py:190} INFO - [2024-09-12T14:06:51.281+0000] {dag.py:4156} INFO - Setting next_dagrun for example_branch_dop_operator_v3 to 2024-09-12 14:05:00+00:00, run_after=2024-09-12 14:06:00+00:00
[2024-09-12T14:06:51.302+0000] {processor.py:208} INFO - Processing /home/airflow/.local/lib/python3.12/site-packages/airflow/example_dags/example_branch_python_dop_operator_3.py took 0.106 seconds
[2024-09-12T14:07:21.527+0000] {processor.py:186} INFO - Started process (PID=877) to work on /home/airflow/.local/lib/python3.12/site-packages/airflow/example_dags/example_branch_python_dop_operator_3.py
[2024-09-12T14:07:21.528+0000] {processor.py:914} INFO - Processing file /home/airflow/.local/lib/python3.12/site-packages/airflow/example_dags/example_branch_python_dop_operator_3.py for tasks to queue
[2024-09-12T14:07:21.530+0000] {logging_mixin.py:190} INFO - [2024-09-12T14:07:21.530+0000] {dagbag.py:587} INFO - Filling up the DagBag from /home/airflow/.local/lib/python3.12/site-packages/airflow/example_dags/example_branch_python_dop_operator_3.py
[2024-09-12T14:07:21.541+0000] {processor.py:925} INFO - DAG(s) 'example_branch_dop_operator_v3' retrieved from /home/airflow/.local/lib/python3.12/site-packages/airflow/example_dags/example_branch_python_dop_operator_3.py
[2024-09-12T14:07:21.562+0000] {logging_mixin.py:190} INFO - [2024-09-12T14:07:21.562+0000] {dag.py:3229} INFO - Sync 1 DAGs
[2024-09-12T14:07:21.591+0000] {logging_mixin.py:190} INFO - [2024-09-12T14:07:21.591+0000] {dag.py:4156} INFO - Setting next_dagrun for example_branch_dop_operator_v3 to 2024-09-12 14:06:00+00:00, run_after=2024-09-12 14:07:00+00:00
[2024-09-12T14:07:21.610+0000] {processor.py:208} INFO - Processing /home/airflow/.local/lib/python3.12/site-packages/airflow/example_dags/example_branch_python_dop_operator_3.py took 0.089 seconds
[2024-09-12T14:07:52.030+0000] {processor.py:186} INFO - Started process (PID=939) to work on /home/airflow/.local/lib/python3.12/site-packages/airflow/example_dags/example_branch_python_dop_operator_3.py
[2024-09-12T14:07:52.031+0000] {processor.py:914} INFO - Processing file /home/airflow/.local/lib/python3.12/site-packages/airflow/example_dags/example_branch_python_dop_operator_3.py for tasks to queue
[2024-09-12T14:07:52.033+0000] {logging_mixin.py:190} INFO - [2024-09-12T14:07:52.033+0000] {dagbag.py:587} INFO - Filling up the DagBag from /home/airflow/.local/lib/python3.12/site-packages/airflow/example_dags/example_branch_python_dop_operator_3.py
[2024-09-12T14:07:52.044+0000] {processor.py:925} INFO - DAG(s) 'example_branch_dop_operator_v3' retrieved from /home/airflow/.local/lib/python3.12/site-packages/airflow/example_dags/example_branch_python_dop_operator_3.py
[2024-09-12T14:07:52.066+0000] {logging_mixin.py:190} INFO - [2024-09-12T14:07:52.065+0000] {dag.py:3229} INFO - Sync 1 DAGs
[2024-09-12T14:07:52.093+0000] {logging_mixin.py:190} INFO - [2024-09-12T14:07:52.092+0000] {dag.py:4156} INFO - Setting next_dagrun for example_branch_dop_operator_v3 to 2024-09-12 14:06:00+00:00, run_after=2024-09-12 14:07:00+00:00
[2024-09-12T14:07:52.112+0000] {processor.py:208} INFO - Processing /home/airflow/.local/lib/python3.12/site-packages/airflow/example_dags/example_branch_python_dop_operator_3.py took 0.089 seconds
[2024-09-12T14:08:22.262+0000] {processor.py:186} INFO - Started process (PID=1001) to work on /home/airflow/.local/lib/python3.12/site-packages/airflow/example_dags/example_branch_python_dop_operator_3.py
[2024-09-12T14:08:22.263+0000] {processor.py:914} INFO - Processing file /home/airflow/.local/lib/python3.12/site-packages/airflow/example_dags/example_branch_python_dop_operator_3.py for tasks to queue
[2024-09-12T14:08:22.266+0000] {logging_mixin.py:190} INFO - [2024-09-12T14:08:22.266+0000] {dagbag.py:587} INFO - Filling up the DagBag from /home/airflow/.local/lib/python3.12/site-packages/airflow/example_dags/example_branch_python_dop_operator_3.py
[2024-09-12T14:08:22.282+0000] {processor.py:925} INFO - DAG(s) 'example_branch_dop_operator_v3' retrieved from /home/airflow/.local/lib/python3.12/site-packages/airflow/example_dags/example_branch_python_dop_operator_3.py
[2024-09-12T14:08:22.316+0000] {logging_mixin.py:190} INFO - [2024-09-12T14:08:22.316+0000] {dag.py:3229} INFO - Sync 1 DAGs
[2024-09-12T14:08:22.358+0000] {logging_mixin.py:190} INFO - [2024-09-12T14:08:22.357+0000] {dag.py:4156} INFO - Setting next_dagrun for example_branch_dop_operator_v3 to 2024-09-12 14:07:00+00:00, run_after=2024-09-12 14:08:00+00:00
[2024-09-12T14:08:22.381+0000] {processor.py:208} INFO - Processing /home/airflow/.local/lib/python3.12/site-packages/airflow/example_dags/example_branch_python_dop_operator_3.py took 0.128 seconds
[2024-09-12T14:08:52.492+0000] {processor.py:186} INFO - Started process (PID=1063) to work on /home/airflow/.local/lib/python3.12/site-packages/airflow/example_dags/example_branch_python_dop_operator_3.py
[2024-09-12T14:08:52.493+0000] {processor.py:914} INFO - Processing file /home/airflow/.local/lib/python3.12/site-packages/airflow/example_dags/example_branch_python_dop_operator_3.py for tasks to queue
[2024-09-12T14:08:52.495+0000] {logging_mixin.py:190} INFO - [2024-09-12T14:08:52.495+0000] {dagbag.py:587} INFO - Filling up the DagBag from /home/airflow/.local/lib/python3.12/site-packages/airflow/example_dags/example_branch_python_dop_operator_3.py
[2024-09-12T14:08:52.507+0000] {processor.py:925} INFO - DAG(s) 'example_branch_dop_operator_v3' retrieved from /home/airflow/.local/lib/python3.12/site-packages/airflow/example_dags/example_branch_python_dop_operator_3.py
[2024-09-12T14:08:52.527+0000] {logging_mixin.py:190} INFO - [2024-09-12T14:08:52.527+0000] {dag.py:3229} INFO - Sync 1 DAGs
[2024-09-12T14:08:52.553+0000] {logging_mixin.py:190} INFO - [2024-09-12T14:08:52.553+0000] {dag.py:4156} INFO - Setting next_dagrun for example_branch_dop_operator_v3 to 2024-09-12 14:07:00+00:00, run_after=2024-09-12 14:08:00+00:00
[2024-09-12T14:08:52.570+0000] {processor.py:208} INFO - Processing /home/airflow/.local/lib/python3.12/site-packages/airflow/example_dags/example_branch_python_dop_operator_3.py took 0.084 seconds
[2024-09-12T14:09:22.780+0000] {processor.py:186} INFO - Started process (PID=1125) to work on /home/airflow/.local/lib/python3.12/site-packages/airflow/example_dags/example_branch_python_dop_operator_3.py
[2024-09-12T14:09:22.781+0000] {processor.py:914} INFO - Processing file /home/airflow/.local/lib/python3.12/site-packages/airflow/example_dags/example_branch_python_dop_operator_3.py for tasks to queue
[2024-09-12T14:09:22.783+0000] {logging_mixin.py:190} INFO - [2024-09-12T14:09:22.783+0000] {dagbag.py:587} INFO - Filling up the DagBag from /home/airflow/.local/lib/python3.12/site-packages/airflow/example_dags/example_branch_python_dop_operator_3.py
[2024-09-12T14:09:22.794+0000] {processor.py:925} INFO - DAG(s) 'example_branch_dop_operator_v3' retrieved from /home/airflow/.local/lib/python3.12/site-packages/airflow/example_dags/example_branch_python_dop_operator_3.py
[2024-09-12T14:09:22.819+0000] {logging_mixin.py:190} INFO - [2024-09-12T14:09:22.818+0000] {dag.py:3229} INFO - Sync 1 DAGs
[2024-09-12T14:09:22.851+0000] {logging_mixin.py:190} INFO - [2024-09-12T14:09:22.850+0000] {dag.py:4156} INFO - Setting next_dagrun for example_branch_dop_operator_v3 to 2024-09-12 14:08:00+00:00, run_after=2024-09-12 14:09:00+00:00
[2024-09-12T14:09:22.871+0000] {processor.py:208} INFO - Processing /home/airflow/.local/lib/python3.12/site-packages/airflow/example_dags/example_branch_python_dop_operator_3.py took 0.098 seconds
[2024-09-12T14:09:53.222+0000] {processor.py:186} INFO - Started process (PID=1187) to work on /home/airflow/.local/lib/python3.12/site-packages/airflow/example_dags/example_branch_python_dop_operator_3.py
[2024-09-12T14:09:53.223+0000] {processor.py:914} INFO - Processing file /home/airflow/.local/lib/python3.12/site-packages/airflow/example_dags/example_branch_python_dop_operator_3.py for tasks to queue
[2024-09-12T14:09:53.225+0000] {logging_mixin.py:190} INFO - [2024-09-12T14:09:53.225+0000] {dagbag.py:587} INFO - Filling up the DagBag from /home/airflow/.local/lib/python3.12/site-packages/airflow/example_dags/example_branch_python_dop_operator_3.py
[2024-09-12T14:09:53.236+0000] {processor.py:925} INFO - DAG(s) 'example_branch_dop_operator_v3' retrieved from /home/airflow/.local/lib/python3.12/site-packages/airflow/example_dags/example_branch_python_dop_operator_3.py
[2024-09-12T14:09:53.261+0000] {logging_mixin.py:190} INFO - [2024-09-12T14:09:53.261+0000] {dag.py:3229} INFO - Sync 1 DAGs
[2024-09-12T14:09:53.289+0000] {logging_mixin.py:190} INFO - [2024-09-12T14:09:53.289+0000] {dag.py:4156} INFO - Setting next_dagrun for example_branch_dop_operator_v3 to 2024-09-12 14:08:00+00:00, run_after=2024-09-12 14:09:00+00:00
[2024-09-12T14:09:53.310+0000] {processor.py:208} INFO - Processing /home/airflow/.local/lib/python3.12/site-packages/airflow/example_dags/example_branch_python_dop_operator_3.py took 0.096 seconds
[2024-09-12T14:10:23.906+0000] {processor.py:186} INFO - Started process (PID=1249) to work on /home/airflow/.local/lib/python3.12/site-packages/airflow/example_dags/example_branch_python_dop_operator_3.py
[2024-09-12T14:10:23.908+0000] {processor.py:914} INFO - Processing file /home/airflow/.local/lib/python3.12/site-packages/airflow/example_dags/example_branch_python_dop_operator_3.py for tasks to queue
[2024-09-12T14:10:23.911+0000] {logging_mixin.py:190} INFO - [2024-09-12T14:10:23.910+0000] {dagbag.py:587} INFO - Filling up the DagBag from /home/airflow/.local/lib/python3.12/site-packages/airflow/example_dags/example_branch_python_dop_operator_3.py
[2024-09-12T14:10:23.923+0000] {processor.py:925} INFO - DAG(s) 'example_branch_dop_operator_v3' retrieved from /home/airflow/.local/lib/python3.12/site-packages/airflow/example_dags/example_branch_python_dop_operator_3.py
[2024-09-12T14:10:23.952+0000] {logging_mixin.py:190} INFO - [2024-09-12T14:10:23.952+0000] {dag.py:3229} INFO - Sync 1 DAGs
[2024-09-12T14:10:23.988+0000] {logging_mixin.py:190} INFO - [2024-09-12T14:10:23.988+0000] {dag.py:4156} INFO - Setting next_dagrun for example_branch_dop_operator_v3 to 2024-09-12 14:09:00+00:00, run_after=2024-09-12 14:10:00+00:00
[2024-09-12T14:10:24.014+0000] {processor.py:208} INFO - Processing /home/airflow/.local/lib/python3.12/site-packages/airflow/example_dags/example_branch_python_dop_operator_3.py took 0.115 seconds
[2024-09-12T14:10:55.033+0000] {processor.py:186} INFO - Started process (PID=1311) to work on /home/airflow/.local/lib/python3.12/site-packages/airflow/example_dags/example_branch_python_dop_operator_3.py
[2024-09-12T14:10:55.034+0000] {processor.py:914} INFO - Processing file /home/airflow/.local/lib/python3.12/site-packages/airflow/example_dags/example_branch_python_dop_operator_3.py for tasks to queue
[2024-09-12T14:10:55.037+0000] {logging_mixin.py:190} INFO - [2024-09-12T14:10:55.036+0000] {dagbag.py:587} INFO - Filling up the DagBag from /home/airflow/.local/lib/python3.12/site-packages/airflow/example_dags/example_branch_python_dop_operator_3.py
[2024-09-12T14:10:55.090+0000] {processor.py:925} INFO - DAG(s) 'example_branch_dop_operator_v3' retrieved from /home/airflow/.local/lib/python3.12/site-packages/airflow/example_dags/example_branch_python_dop_operator_3.py
[2024-09-12T14:10:55.117+0000] {logging_mixin.py:190} INFO - [2024-09-12T14:10:55.116+0000] {dag.py:3229} INFO - Sync 1 DAGs
[2024-09-12T14:10:55.207+0000] {logging_mixin.py:190} INFO - [2024-09-12T14:10:55.206+0000] {dag.py:4156} INFO - Setting next_dagrun for example_branch_dop_operator_v3 to 2024-09-12 14:09:00+00:00, run_after=2024-09-12 14:10:00+00:00
[2024-09-12T14:10:55.292+0000] {processor.py:208} INFO - Processing /home/airflow/.local/lib/python3.12/site-packages/airflow/example_dags/example_branch_python_dop_operator_3.py took 0.265 seconds
[2024-09-12T14:11:25.416+0000] {processor.py:186} INFO - Started process (PID=1372) to work on /home/airflow/.local/lib/python3.12/site-packages/airflow/example_dags/example_branch_python_dop_operator_3.py
[2024-09-12T14:11:25.418+0000] {processor.py:914} INFO - Processing file /home/airflow/.local/lib/python3.12/site-packages/airflow/example_dags/example_branch_python_dop_operator_3.py for tasks to queue
[2024-09-12T14:11:25.421+0000] {logging_mixin.py:190} INFO - [2024-09-12T14:11:25.420+0000] {dagbag.py:587} INFO - Filling up the DagBag from /home/airflow/.local/lib/python3.12/site-packages/airflow/example_dags/example_branch_python_dop_operator_3.py
[2024-09-12T14:11:25.434+0000] {processor.py:925} INFO - DAG(s) 'example_branch_dop_operator_v3' retrieved from /home/airflow/.local/lib/python3.12/site-packages/airflow/example_dags/example_branch_python_dop_operator_3.py
[2024-09-12T14:11:25.460+0000] {logging_mixin.py:190} INFO - [2024-09-12T14:11:25.459+0000] {dag.py:3229} INFO - Sync 1 DAGs
[2024-09-12T14:11:25.496+0000] {logging_mixin.py:190} INFO - [2024-09-12T14:11:25.496+0000] {dag.py:4156} INFO - Setting next_dagrun for example_branch_dop_operator_v3 to 2024-09-12 14:10:00+00:00, run_after=2024-09-12 14:11:00+00:00
[2024-09-12T14:11:25.520+0000] {processor.py:208} INFO - Processing /home/airflow/.local/lib/python3.12/site-packages/airflow/example_dags/example_branch_python_dop_operator_3.py took 0.111 seconds
[2024-09-12T14:11:56.047+0000] {processor.py:186} INFO - Started process (PID=1435) to work on /home/airflow/.local/lib/python3.12/site-packages/airflow/example_dags/example_branch_python_dop_operator_3.py
[2024-09-12T14:11:56.048+0000] {processor.py:914} INFO - Processing file /home/airflow/.local/lib/python3.12/site-packages/airflow/example_dags/example_branch_python_dop_operator_3.py for tasks to queue
[2024-09-12T14:11:56.050+0000] {logging_mixin.py:190} INFO - [2024-09-12T14:11:56.050+0000] {dagbag.py:587} INFO - Filling up the DagBag from /home/airflow/.local/lib/python3.12/site-packages/airflow/example_dags/example_branch_python_dop_operator_3.py
[2024-09-12T14:11:56.060+0000] {processor.py:925} INFO - DAG(s) 'example_branch_dop_operator_v3' retrieved from /home/airflow/.local/lib/python3.12/site-packages/airflow/example_dags/example_branch_python_dop_operator_3.py
[2024-09-12T14:11:56.080+0000] {logging_mixin.py:190} INFO - [2024-09-12T14:11:56.080+0000] {dag.py:3229} INFO - Sync 1 DAGs
[2024-09-12T14:11:56.107+0000] {logging_mixin.py:190} INFO - [2024-09-12T14:11:56.107+0000] {dag.py:4156} INFO - Setting next_dagrun for example_branch_dop_operator_v3 to 2024-09-12 14:10:00+00:00, run_after=2024-09-12 14:11:00+00:00
[2024-09-12T14:11:56.127+0000] {processor.py:208} INFO - Processing /home/airflow/.local/lib/python3.12/site-packages/airflow/example_dags/example_branch_python_dop_operator_3.py took 0.087 seconds
[2024-09-12T14:12:26.500+0000] {processor.py:186} INFO - Started process (PID=1497) to work on /home/airflow/.local/lib/python3.12/site-packages/airflow/example_dags/example_branch_python_dop_operator_3.py
[2024-09-12T14:12:26.501+0000] {processor.py:914} INFO - Processing file /home/airflow/.local/lib/python3.12/site-packages/airflow/example_dags/example_branch_python_dop_operator_3.py for tasks to queue
[2024-09-12T14:12:26.504+0000] {logging_mixin.py:190} INFO - [2024-09-12T14:12:26.503+0000] {dagbag.py:587} INFO - Filling up the DagBag from /home/airflow/.local/lib/python3.12/site-packages/airflow/example_dags/example_branch_python_dop_operator_3.py
[2024-09-12T14:12:26.514+0000] {processor.py:925} INFO - DAG(s) 'example_branch_dop_operator_v3' retrieved from /home/airflow/.local/lib/python3.12/site-packages/airflow/example_dags/example_branch_python_dop_operator_3.py
[2024-09-12T14:12:26.538+0000] {logging_mixin.py:190} INFO - [2024-09-12T14:12:26.537+0000] {dag.py:3229} INFO - Sync 1 DAGs
[2024-09-12T14:12:26.568+0000] {logging_mixin.py:190} INFO - [2024-09-12T14:12:26.568+0000] {dag.py:4156} INFO - Setting next_dagrun for example_branch_dop_operator_v3 to 2024-09-12 14:11:00+00:00, run_after=2024-09-12 14:12:00+00:00
[2024-09-12T14:12:26.589+0000] {processor.py:208} INFO - Processing /home/airflow/.local/lib/python3.12/site-packages/airflow/example_dags/example_branch_python_dop_operator_3.py took 0.095 seconds
[2024-09-12T14:12:57.253+0000] {processor.py:186} INFO - Started process (PID=1559) to work on /home/airflow/.local/lib/python3.12/site-packages/airflow/example_dags/example_branch_python_dop_operator_3.py
[2024-09-12T14:12:57.254+0000] {processor.py:914} INFO - Processing file /home/airflow/.local/lib/python3.12/site-packages/airflow/example_dags/example_branch_python_dop_operator_3.py for tasks to queue
[2024-09-12T14:12:57.257+0000] {logging_mixin.py:190} INFO - [2024-09-12T14:12:57.256+0000] {dagbag.py:587} INFO - Filling up the DagBag from /home/airflow/.local/lib/python3.12/site-packages/airflow/example_dags/example_branch_python_dop_operator_3.py
[2024-09-12T14:12:57.268+0000] {processor.py:925} INFO - DAG(s) 'example_branch_dop_operator_v3' retrieved from /home/airflow/.local/lib/python3.12/site-packages/airflow/example_dags/example_branch_python_dop_operator_3.py
[2024-09-12T14:12:57.291+0000] {logging_mixin.py:190} INFO - [2024-09-12T14:12:57.291+0000] {dag.py:3229} INFO - Sync 1 DAGs
[2024-09-12T14:12:57.321+0000] {logging_mixin.py:190} INFO - [2024-09-12T14:12:57.320+0000] {dag.py:4156} INFO - Setting next_dagrun for example_branch_dop_operator_v3 to 2024-09-12 14:11:00+00:00, run_after=2024-09-12 14:12:00+00:00
[2024-09-12T14:12:57.341+0000] {processor.py:208} INFO - Processing /home/airflow/.local/lib/python3.12/site-packages/airflow/example_dags/example_branch_python_dop_operator_3.py took 0.095 seconds
[2024-09-12T14:13:27.851+0000] {processor.py:186} INFO - Started process (PID=1621) to work on /home/airflow/.local/lib/python3.12/site-packages/airflow/example_dags/example_branch_python_dop_operator_3.py
[2024-09-12T14:13:27.853+0000] {processor.py:914} INFO - Processing file /home/airflow/.local/lib/python3.12/site-packages/airflow/example_dags/example_branch_python_dop_operator_3.py for tasks to queue
[2024-09-12T14:13:27.855+0000] {logging_mixin.py:190} INFO - [2024-09-12T14:13:27.855+0000] {dagbag.py:587} INFO - Filling up the DagBag from /home/airflow/.local/lib/python3.12/site-packages/airflow/example_dags/example_branch_python_dop_operator_3.py
[2024-09-12T14:13:27.867+0000] {processor.py:925} INFO - DAG(s) 'example_branch_dop_operator_v3' retrieved from /home/airflow/.local/lib/python3.12/site-packages/airflow/example_dags/example_branch_python_dop_operator_3.py
[2024-09-12T14:13:27.891+0000] {logging_mixin.py:190} INFO - [2024-09-12T14:13:27.891+0000] {dag.py:3229} INFO - Sync 1 DAGs
[2024-09-12T14:13:27.921+0000] {logging_mixin.py:190} INFO - [2024-09-12T14:13:27.920+0000] {dag.py:4156} INFO - Setting next_dagrun for example_branch_dop_operator_v3 to 2024-09-12 14:12:00+00:00, run_after=2024-09-12 14:13:00+00:00
[2024-09-12T14:13:27.940+0000] {processor.py:208} INFO - Processing /home/airflow/.local/lib/python3.12/site-packages/airflow/example_dags/example_branch_python_dop_operator_3.py took 0.095 seconds
[2024-09-12T14:13:58.056+0000] {processor.py:186} INFO - Started process (PID=1683) to work on /home/airflow/.local/lib/python3.12/site-packages/airflow/example_dags/example_branch_python_dop_operator_3.py
[2024-09-12T14:13:58.057+0000] {processor.py:914} INFO - Processing file /home/airflow/.local/lib/python3.12/site-packages/airflow/example_dags/example_branch_python_dop_operator_3.py for tasks to queue
[2024-09-12T14:13:58.060+0000] {logging_mixin.py:190} INFO - [2024-09-12T14:13:58.059+0000] {dagbag.py:587} INFO - Filling up the DagBag from /home/airflow/.local/lib/python3.12/site-packages/airflow/example_dags/example_branch_python_dop_operator_3.py
[2024-09-12T14:13:58.071+0000] {processor.py:925} INFO - DAG(s) 'example_branch_dop_operator_v3' retrieved from /home/airflow/.local/lib/python3.12/site-packages/airflow/example_dags/example_branch_python_dop_operator_3.py
[2024-09-12T14:13:58.093+0000] {logging_mixin.py:190} INFO - [2024-09-12T14:13:58.093+0000] {dag.py:3229} INFO - Sync 1 DAGs
[2024-09-12T14:13:58.120+0000] {logging_mixin.py:190} INFO - [2024-09-12T14:13:58.120+0000] {dag.py:4156} INFO - Setting next_dagrun for example_branch_dop_operator_v3 to 2024-09-12 14:12:00+00:00, run_after=2024-09-12 14:13:00+00:00
[2024-09-12T14:13:58.141+0000] {processor.py:208} INFO - Processing /home/airflow/.local/lib/python3.12/site-packages/airflow/example_dags/example_branch_python_dop_operator_3.py took 0.091 seconds
[2024-09-12T14:14:28.561+0000] {processor.py:186} INFO - Started process (PID=1745) to work on /home/airflow/.local/lib/python3.12/site-packages/airflow/example_dags/example_branch_python_dop_operator_3.py
[2024-09-12T14:14:28.562+0000] {processor.py:914} INFO - Processing file /home/airflow/.local/lib/python3.12/site-packages/airflow/example_dags/example_branch_python_dop_operator_3.py for tasks to queue
[2024-09-12T14:14:28.565+0000] {logging_mixin.py:190} INFO - [2024-09-12T14:14:28.565+0000] {dagbag.py:587} INFO - Filling up the DagBag from /home/airflow/.local/lib/python3.12/site-packages/airflow/example_dags/example_branch_python_dop_operator_3.py
[2024-09-12T14:14:28.576+0000] {processor.py:925} INFO - DAG(s) 'example_branch_dop_operator_v3' retrieved from /home/airflow/.local/lib/python3.12/site-packages/airflow/example_dags/example_branch_python_dop_operator_3.py
[2024-09-12T14:14:28.599+0000] {logging_mixin.py:190} INFO - [2024-09-12T14:14:28.598+0000] {dag.py:3229} INFO - Sync 1 DAGs
[2024-09-12T14:14:28.627+0000] {logging_mixin.py:190} INFO - [2024-09-12T14:14:28.627+0000] {dag.py:4156} INFO - Setting next_dagrun for example_branch_dop_operator_v3 to 2024-09-12 14:13:00+00:00, run_after=2024-09-12 14:14:00+00:00
[2024-09-12T14:14:28.690+0000] {processor.py:208} INFO - Processing /home/airflow/.local/lib/python3.12/site-packages/airflow/example_dags/example_branch_python_dop_operator_3.py took 0.136 seconds
[2024-09-12T14:14:59.084+0000] {processor.py:186} INFO - Started process (PID=1807) to work on /home/airflow/.local/lib/python3.12/site-packages/airflow/example_dags/example_branch_python_dop_operator_3.py
[2024-09-12T14:14:59.085+0000] {processor.py:914} INFO - Processing file /home/airflow/.local/lib/python3.12/site-packages/airflow/example_dags/example_branch_python_dop_operator_3.py for tasks to queue
[2024-09-12T14:14:59.087+0000] {logging_mixin.py:190} INFO - [2024-09-12T14:14:59.087+0000] {dagbag.py:587} INFO - Filling up the DagBag from /home/airflow/.local/lib/python3.12/site-packages/airflow/example_dags/example_branch_python_dop_operator_3.py
[2024-09-12T14:14:59.098+0000] {processor.py:925} INFO - DAG(s) 'example_branch_dop_operator_v3' retrieved from /home/airflow/.local/lib/python3.12/site-packages/airflow/example_dags/example_branch_python_dop_operator_3.py
[2024-09-12T14:14:59.124+0000] {logging_mixin.py:190} INFO - [2024-09-12T14:14:59.123+0000] {dag.py:3229} INFO - Sync 1 DAGs
[2024-09-12T14:14:59.157+0000] {logging_mixin.py:190} INFO - [2024-09-12T14:14:59.157+0000] {dag.py:4156} INFO - Setting next_dagrun for example_branch_dop_operator_v3 to 2024-09-12 14:13:00+00:00, run_after=2024-09-12 14:14:00+00:00
[2024-09-12T14:14:59.193+0000] {processor.py:208} INFO - Processing /home/airflow/.local/lib/python3.12/site-packages/airflow/example_dags/example_branch_python_dop_operator_3.py took 0.116 seconds
[2024-09-12T14:18:13.527+0000] {processor.py:186} INFO - Started process (PID=64) to work on /home/airflow/.local/lib/python3.12/site-packages/airflow/example_dags/example_branch_python_dop_operator_3.py
[2024-09-12T14:18:13.528+0000] {processor.py:914} INFO - Processing file /home/airflow/.local/lib/python3.12/site-packages/airflow/example_dags/example_branch_python_dop_operator_3.py for tasks to queue
[2024-09-12T14:18:13.530+0000] {logging_mixin.py:190} INFO - [2024-09-12T14:18:13.530+0000] {dagbag.py:587} INFO - Filling up the DagBag from /home/airflow/.local/lib/python3.12/site-packages/airflow/example_dags/example_branch_python_dop_operator_3.py
[2024-09-12T14:18:13.546+0000] {processor.py:925} INFO - DAG(s) 'example_branch_dop_operator_v3' retrieved from /home/airflow/.local/lib/python3.12/site-packages/airflow/example_dags/example_branch_python_dop_operator_3.py
[2024-09-12T14:18:13.589+0000] {logging_mixin.py:190} INFO - [2024-09-12T14:18:13.589+0000] {dag.py:3229} INFO - Sync 1 DAGs
[2024-09-12T14:18:13.621+0000] {logging_mixin.py:190} INFO - [2024-09-12T14:18:13.621+0000] {dag.py:4156} INFO - Setting next_dagrun for example_branch_dop_operator_v3 to 2024-09-12 14:17:00+00:00, run_after=2024-09-12 14:18:00+00:00
[2024-09-12T14:18:13.641+0000] {processor.py:208} INFO - Processing /home/airflow/.local/lib/python3.12/site-packages/airflow/example_dags/example_branch_python_dop_operator_3.py took 0.120 seconds
[2024-09-12T14:18:44.427+0000] {processor.py:186} INFO - Started process (PID=126) to work on /home/airflow/.local/lib/python3.12/site-packages/airflow/example_dags/example_branch_python_dop_operator_3.py
[2024-09-12T14:18:44.429+0000] {processor.py:914} INFO - Processing file /home/airflow/.local/lib/python3.12/site-packages/airflow/example_dags/example_branch_python_dop_operator_3.py for tasks to queue
[2024-09-12T14:18:44.431+0000] {logging_mixin.py:190} INFO - [2024-09-12T14:18:44.431+0000] {dagbag.py:587} INFO - Filling up the DagBag from /home/airflow/.local/lib/python3.12/site-packages/airflow/example_dags/example_branch_python_dop_operator_3.py
[2024-09-12T14:18:44.445+0000] {processor.py:925} INFO - DAG(s) 'example_branch_dop_operator_v3' retrieved from /home/airflow/.local/lib/python3.12/site-packages/airflow/example_dags/example_branch_python_dop_operator_3.py
[2024-09-12T14:18:44.472+0000] {logging_mixin.py:190} INFO - [2024-09-12T14:18:44.472+0000] {dag.py:3229} INFO - Sync 1 DAGs
[2024-09-12T14:18:44.507+0000] {logging_mixin.py:190} INFO - [2024-09-12T14:18:44.507+0000] {dag.py:4156} INFO - Setting next_dagrun for example_branch_dop_operator_v3 to 2024-09-12 14:17:00+00:00, run_after=2024-09-12 14:18:00+00:00
[2024-09-12T14:18:44.527+0000] {processor.py:208} INFO - Processing /home/airflow/.local/lib/python3.12/site-packages/airflow/example_dags/example_branch_python_dop_operator_3.py took 0.106 seconds
[2024-09-12T14:19:15.161+0000] {processor.py:186} INFO - Started process (PID=189) to work on /home/airflow/.local/lib/python3.12/site-packages/airflow/example_dags/example_branch_python_dop_operator_3.py
[2024-09-12T14:19:15.162+0000] {processor.py:914} INFO - Processing file /home/airflow/.local/lib/python3.12/site-packages/airflow/example_dags/example_branch_python_dop_operator_3.py for tasks to queue
[2024-09-12T14:19:15.165+0000] {logging_mixin.py:190} INFO - [2024-09-12T14:19:15.164+0000] {dagbag.py:587} INFO - Filling up the DagBag from /home/airflow/.local/lib/python3.12/site-packages/airflow/example_dags/example_branch_python_dop_operator_3.py
[2024-09-12T14:19:15.176+0000] {processor.py:925} INFO - DAG(s) 'example_branch_dop_operator_v3' retrieved from /home/airflow/.local/lib/python3.12/site-packages/airflow/example_dags/example_branch_python_dop_operator_3.py
[2024-09-12T14:19:15.223+0000] {logging_mixin.py:190} INFO - [2024-09-12T14:19:15.222+0000] {dag.py:3229} INFO - Sync 1 DAGs
[2024-09-12T14:19:15.251+0000] {logging_mixin.py:190} INFO - [2024-09-12T14:19:15.250+0000] {dag.py:4156} INFO - Setting next_dagrun for example_branch_dop_operator_v3 to 2024-09-12 14:18:00+00:00, run_after=2024-09-12 14:19:00+00:00
[2024-09-12T14:19:15.271+0000] {processor.py:208} INFO - Processing /home/airflow/.local/lib/python3.12/site-packages/airflow/example_dags/example_branch_python_dop_operator_3.py took 0.116 seconds
[2024-09-12T14:19:45.945+0000] {processor.py:186} INFO - Started process (PID=251) to work on /home/airflow/.local/lib/python3.12/site-packages/airflow/example_dags/example_branch_python_dop_operator_3.py
[2024-09-12T14:19:45.946+0000] {processor.py:914} INFO - Processing file /home/airflow/.local/lib/python3.12/site-packages/airflow/example_dags/example_branch_python_dop_operator_3.py for tasks to queue
[2024-09-12T14:19:45.949+0000] {logging_mixin.py:190} INFO - [2024-09-12T14:19:45.949+0000] {dagbag.py:587} INFO - Filling up the DagBag from /home/airflow/.local/lib/python3.12/site-packages/airflow/example_dags/example_branch_python_dop_operator_3.py
[2024-09-12T14:19:45.959+0000] {processor.py:925} INFO - DAG(s) 'example_branch_dop_operator_v3' retrieved from /home/airflow/.local/lib/python3.12/site-packages/airflow/example_dags/example_branch_python_dop_operator_3.py
[2024-09-12T14:19:45.981+0000] {logging_mixin.py:190} INFO - [2024-09-12T14:19:45.981+0000] {dag.py:3229} INFO - Sync 1 DAGs
[2024-09-12T14:19:46.026+0000] {logging_mixin.py:190} INFO - [2024-09-12T14:19:46.026+0000] {dag.py:4156} INFO - Setting next_dagrun for example_branch_dop_operator_v3 to 2024-09-12 14:18:00+00:00, run_after=2024-09-12 14:19:00+00:00
[2024-09-12T14:19:46.045+0000] {processor.py:208} INFO - Processing /home/airflow/.local/lib/python3.12/site-packages/airflow/example_dags/example_branch_python_dop_operator_3.py took 0.106 seconds
[2024-09-12T14:20:16.251+0000] {processor.py:186} INFO - Started process (PID=313) to work on /home/airflow/.local/lib/python3.12/site-packages/airflow/example_dags/example_branch_python_dop_operator_3.py
[2024-09-12T14:20:16.253+0000] {processor.py:914} INFO - Processing file /home/airflow/.local/lib/python3.12/site-packages/airflow/example_dags/example_branch_python_dop_operator_3.py for tasks to queue
[2024-09-12T14:20:16.255+0000] {logging_mixin.py:190} INFO - [2024-09-12T14:20:16.255+0000] {dagbag.py:587} INFO - Filling up the DagBag from /home/airflow/.local/lib/python3.12/site-packages/airflow/example_dags/example_branch_python_dop_operator_3.py
[2024-09-12T14:20:16.266+0000] {processor.py:925} INFO - DAG(s) 'example_branch_dop_operator_v3' retrieved from /home/airflow/.local/lib/python3.12/site-packages/airflow/example_dags/example_branch_python_dop_operator_3.py
[2024-09-12T14:20:16.291+0000] {logging_mixin.py:190} INFO - [2024-09-12T14:20:16.291+0000] {dag.py:3229} INFO - Sync 1 DAGs
[2024-09-12T14:20:16.328+0000] {logging_mixin.py:190} INFO - [2024-09-12T14:20:16.328+0000] {dag.py:4156} INFO - Setting next_dagrun for example_branch_dop_operator_v3 to 2024-09-12 14:19:00+00:00, run_after=2024-09-12 14:20:00+00:00
[2024-09-12T14:20:16.352+0000] {processor.py:208} INFO - Processing /home/airflow/.local/lib/python3.12/site-packages/airflow/example_dags/example_branch_python_dop_operator_3.py took 0.109 seconds
[2024-09-12T14:20:46.455+0000] {processor.py:186} INFO - Started process (PID=375) to work on /home/airflow/.local/lib/python3.12/site-packages/airflow/example_dags/example_branch_python_dop_operator_3.py
[2024-09-12T14:20:46.456+0000] {processor.py:914} INFO - Processing file /home/airflow/.local/lib/python3.12/site-packages/airflow/example_dags/example_branch_python_dop_operator_3.py for tasks to queue
[2024-09-12T14:20:46.459+0000] {logging_mixin.py:190} INFO - [2024-09-12T14:20:46.459+0000] {dagbag.py:587} INFO - Filling up the DagBag from /home/airflow/.local/lib/python3.12/site-packages/airflow/example_dags/example_branch_python_dop_operator_3.py
[2024-09-12T14:20:46.471+0000] {processor.py:925} INFO - DAG(s) 'example_branch_dop_operator_v3' retrieved from /home/airflow/.local/lib/python3.12/site-packages/airflow/example_dags/example_branch_python_dop_operator_3.py
[2024-09-12T14:20:46.507+0000] {logging_mixin.py:190} INFO - [2024-09-12T14:20:46.507+0000] {dag.py:3229} INFO - Sync 1 DAGs
[2024-09-12T14:20:46.540+0000] {logging_mixin.py:190} INFO - [2024-09-12T14:20:46.539+0000] {dag.py:4156} INFO - Setting next_dagrun for example_branch_dop_operator_v3 to 2024-09-12 14:19:00+00:00, run_after=2024-09-12 14:20:00+00:00
[2024-09-12T14:20:46.561+0000] {processor.py:208} INFO - Processing /home/airflow/.local/lib/python3.12/site-packages/airflow/example_dags/example_branch_python_dop_operator_3.py took 0.113 seconds
[2024-09-12T14:21:17.321+0000] {processor.py:186} INFO - Started process (PID=437) to work on /home/airflow/.local/lib/python3.12/site-packages/airflow/example_dags/example_branch_python_dop_operator_3.py
[2024-09-12T14:21:17.322+0000] {processor.py:914} INFO - Processing file /home/airflow/.local/lib/python3.12/site-packages/airflow/example_dags/example_branch_python_dop_operator_3.py for tasks to queue
[2024-09-12T14:21:17.325+0000] {logging_mixin.py:190} INFO - [2024-09-12T14:21:17.325+0000] {dagbag.py:587} INFO - Filling up the DagBag from /home/airflow/.local/lib/python3.12/site-packages/airflow/example_dags/example_branch_python_dop_operator_3.py
[2024-09-12T14:21:17.392+0000] {processor.py:925} INFO - DAG(s) 'example_branch_dop_operator_v3' retrieved from /home/airflow/.local/lib/python3.12/site-packages/airflow/example_dags/example_branch_python_dop_operator_3.py
[2024-09-12T14:21:17.418+0000] {logging_mixin.py:190} INFO - [2024-09-12T14:21:17.417+0000] {dag.py:3229} INFO - Sync 1 DAGs
[2024-09-12T14:21:17.507+0000] {logging_mixin.py:190} INFO - [2024-09-12T14:21:17.507+0000] {dag.py:4156} INFO - Setting next_dagrun for example_branch_dop_operator_v3 to 2024-09-12 14:20:00+00:00, run_after=2024-09-12 14:21:00+00:00
[2024-09-12T14:21:17.595+0000] {processor.py:208} INFO - Processing /home/airflow/.local/lib/python3.12/site-packages/airflow/example_dags/example_branch_python_dop_operator_3.py took 0.281 seconds
[2024-09-12T14:21:48.326+0000] {processor.py:186} INFO - Started process (PID=499) to work on /home/airflow/.local/lib/python3.12/site-packages/airflow/example_dags/example_branch_python_dop_operator_3.py
[2024-09-12T14:21:48.328+0000] {processor.py:914} INFO - Processing file /home/airflow/.local/lib/python3.12/site-packages/airflow/example_dags/example_branch_python_dop_operator_3.py for tasks to queue
[2024-09-12T14:21:48.331+0000] {logging_mixin.py:190} INFO - [2024-09-12T14:21:48.331+0000] {dagbag.py:587} INFO - Filling up the DagBag from /home/airflow/.local/lib/python3.12/site-packages/airflow/example_dags/example_branch_python_dop_operator_3.py
[2024-09-12T14:21:48.344+0000] {processor.py:925} INFO - DAG(s) 'example_branch_dop_operator_v3' retrieved from /home/airflow/.local/lib/python3.12/site-packages/airflow/example_dags/example_branch_python_dop_operator_3.py
[2024-09-12T14:21:48.410+0000] {logging_mixin.py:190} INFO - [2024-09-12T14:21:48.409+0000] {dag.py:3229} INFO - Sync 1 DAGs
[2024-09-12T14:21:48.446+0000] {logging_mixin.py:190} INFO - [2024-09-12T14:21:48.446+0000] {dag.py:4156} INFO - Setting next_dagrun for example_branch_dop_operator_v3 to 2024-09-12 14:20:00+00:00, run_after=2024-09-12 14:21:00+00:00
[2024-09-12T14:21:48.491+0000] {processor.py:208} INFO - Processing /home/airflow/.local/lib/python3.12/site-packages/airflow/example_dags/example_branch_python_dop_operator_3.py took 0.172 seconds
[2024-09-12T14:22:18.575+0000] {processor.py:186} INFO - Started process (PID=561) to work on /home/airflow/.local/lib/python3.12/site-packages/airflow/example_dags/example_branch_python_dop_operator_3.py
[2024-09-12T14:22:18.576+0000] {processor.py:914} INFO - Processing file /home/airflow/.local/lib/python3.12/site-packages/airflow/example_dags/example_branch_python_dop_operator_3.py for tasks to queue
[2024-09-12T14:22:18.578+0000] {logging_mixin.py:190} INFO - [2024-09-12T14:22:18.578+0000] {dagbag.py:587} INFO - Filling up the DagBag from /home/airflow/.local/lib/python3.12/site-packages/airflow/example_dags/example_branch_python_dop_operator_3.py
[2024-09-12T14:22:18.590+0000] {processor.py:925} INFO - DAG(s) 'example_branch_dop_operator_v3' retrieved from /home/airflow/.local/lib/python3.12/site-packages/airflow/example_dags/example_branch_python_dop_operator_3.py
[2024-09-12T14:22:18.614+0000] {logging_mixin.py:190} INFO - [2024-09-12T14:22:18.614+0000] {dag.py:3229} INFO - Sync 1 DAGs
[2024-09-12T14:22:18.643+0000] {logging_mixin.py:190} INFO - [2024-09-12T14:22:18.643+0000] {dag.py:4156} INFO - Setting next_dagrun for example_branch_dop_operator_v3 to 2024-09-12 14:21:00+00:00, run_after=2024-09-12 14:22:00+00:00
[2024-09-12T14:22:18.662+0000] {processor.py:208} INFO - Processing /home/airflow/.local/lib/python3.12/site-packages/airflow/example_dags/example_branch_python_dop_operator_3.py took 0.094 seconds
[2024-09-12T14:22:48.741+0000] {processor.py:186} INFO - Started process (PID=623) to work on /home/airflow/.local/lib/python3.12/site-packages/airflow/example_dags/example_branch_python_dop_operator_3.py
[2024-09-12T14:22:48.743+0000] {processor.py:914} INFO - Processing file /home/airflow/.local/lib/python3.12/site-packages/airflow/example_dags/example_branch_python_dop_operator_3.py for tasks to queue
[2024-09-12T14:22:48.745+0000] {logging_mixin.py:190} INFO - [2024-09-12T14:22:48.745+0000] {dagbag.py:587} INFO - Filling up the DagBag from /home/airflow/.local/lib/python3.12/site-packages/airflow/example_dags/example_branch_python_dop_operator_3.py
[2024-09-12T14:22:48.756+0000] {processor.py:925} INFO - DAG(s) 'example_branch_dop_operator_v3' retrieved from /home/airflow/.local/lib/python3.12/site-packages/airflow/example_dags/example_branch_python_dop_operator_3.py
[2024-09-12T14:22:48.784+0000] {logging_mixin.py:190} INFO - [2024-09-12T14:22:48.783+0000] {dag.py:3229} INFO - Sync 1 DAGs
[2024-09-12T14:22:48.821+0000] {logging_mixin.py:190} INFO - [2024-09-12T14:22:48.821+0000] {dag.py:4156} INFO - Setting next_dagrun for example_branch_dop_operator_v3 to 2024-09-12 14:21:00+00:00, run_after=2024-09-12 14:22:00+00:00
[2024-09-12T14:22:48.844+0000] {processor.py:208} INFO - Processing /home/airflow/.local/lib/python3.12/site-packages/airflow/example_dags/example_branch_python_dop_operator_3.py took 0.110 seconds
[2024-09-12T14:23:19.484+0000] {processor.py:186} INFO - Started process (PID=685) to work on /home/airflow/.local/lib/python3.12/site-packages/airflow/example_dags/example_branch_python_dop_operator_3.py
[2024-09-12T14:23:19.485+0000] {processor.py:914} INFO - Processing file /home/airflow/.local/lib/python3.12/site-packages/airflow/example_dags/example_branch_python_dop_operator_3.py for tasks to queue
[2024-09-12T14:23:19.488+0000] {logging_mixin.py:190} INFO - [2024-09-12T14:23:19.488+0000] {dagbag.py:587} INFO - Filling up the DagBag from /home/airflow/.local/lib/python3.12/site-packages/airflow/example_dags/example_branch_python_dop_operator_3.py
[2024-09-12T14:23:19.502+0000] {processor.py:925} INFO - DAG(s) 'example_branch_dop_operator_v3' retrieved from /home/airflow/.local/lib/python3.12/site-packages/airflow/example_dags/example_branch_python_dop_operator_3.py
[2024-09-12T14:23:19.529+0000] {logging_mixin.py:190} INFO - [2024-09-12T14:23:19.529+0000] {dag.py:3229} INFO - Sync 1 DAGs
[2024-09-12T14:23:19.565+0000] {logging_mixin.py:190} INFO - [2024-09-12T14:23:19.565+0000] {dag.py:4156} INFO - Setting next_dagrun for example_branch_dop_operator_v3 to 2024-09-12 14:22:00+00:00, run_after=2024-09-12 14:23:00+00:00
[2024-09-12T14:23:19.587+0000] {processor.py:208} INFO - Processing /home/airflow/.local/lib/python3.12/site-packages/airflow/example_dags/example_branch_python_dop_operator_3.py took 0.112 seconds
[2024-09-12T14:23:50.125+0000] {processor.py:186} INFO - Started process (PID=747) to work on /home/airflow/.local/lib/python3.12/site-packages/airflow/example_dags/example_branch_python_dop_operator_3.py
[2024-09-12T14:23:50.126+0000] {processor.py:914} INFO - Processing file /home/airflow/.local/lib/python3.12/site-packages/airflow/example_dags/example_branch_python_dop_operator_3.py for tasks to queue
[2024-09-12T14:23:50.128+0000] {logging_mixin.py:190} INFO - [2024-09-12T14:23:50.128+0000] {dagbag.py:587} INFO - Filling up the DagBag from /home/airflow/.local/lib/python3.12/site-packages/airflow/example_dags/example_branch_python_dop_operator_3.py
[2024-09-12T14:23:50.139+0000] {processor.py:925} INFO - DAG(s) 'example_branch_dop_operator_v3' retrieved from /home/airflow/.local/lib/python3.12/site-packages/airflow/example_dags/example_branch_python_dop_operator_3.py
[2024-09-12T14:23:50.187+0000] {logging_mixin.py:190} INFO - [2024-09-12T14:23:50.187+0000] {dag.py:3229} INFO - Sync 1 DAGs
[2024-09-12T14:23:50.222+0000] {logging_mixin.py:190} INFO - [2024-09-12T14:23:50.221+0000] {dag.py:4156} INFO - Setting next_dagrun for example_branch_dop_operator_v3 to 2024-09-12 14:22:00+00:00, run_after=2024-09-12 14:23:00+00:00
[2024-09-12T14:23:50.247+0000] {processor.py:208} INFO - Processing /home/airflow/.local/lib/python3.12/site-packages/airflow/example_dags/example_branch_python_dop_operator_3.py took 0.129 seconds
[2024-09-12T14:24:20.958+0000] {processor.py:186} INFO - Started process (PID=809) to work on /home/airflow/.local/lib/python3.12/site-packages/airflow/example_dags/example_branch_python_dop_operator_3.py
[2024-09-12T14:24:20.959+0000] {processor.py:914} INFO - Processing file /home/airflow/.local/lib/python3.12/site-packages/airflow/example_dags/example_branch_python_dop_operator_3.py for tasks to queue
[2024-09-12T14:24:20.962+0000] {logging_mixin.py:190} INFO - [2024-09-12T14:24:20.962+0000] {dagbag.py:587} INFO - Filling up the DagBag from /home/airflow/.local/lib/python3.12/site-packages/airflow/example_dags/example_branch_python_dop_operator_3.py
[2024-09-12T14:24:20.974+0000] {processor.py:925} INFO - DAG(s) 'example_branch_dop_operator_v3' retrieved from /home/airflow/.local/lib/python3.12/site-packages/airflow/example_dags/example_branch_python_dop_operator_3.py
[2024-09-12T14:24:21.000+0000] {logging_mixin.py:190} INFO - [2024-09-12T14:24:21.000+0000] {dag.py:3229} INFO - Sync 1 DAGs
[2024-09-12T14:24:21.033+0000] {logging_mixin.py:190} INFO - [2024-09-12T14:24:21.033+0000] {dag.py:4156} INFO - Setting next_dagrun for example_branch_dop_operator_v3 to 2024-09-12 14:23:00+00:00, run_after=2024-09-12 14:24:00+00:00
[2024-09-12T14:24:21.060+0000] {processor.py:208} INFO - Processing /home/airflow/.local/lib/python3.12/site-packages/airflow/example_dags/example_branch_python_dop_operator_3.py took 0.108 seconds
[2024-09-12T14:24:51.937+0000] {processor.py:186} INFO - Started process (PID=871) to work on /home/airflow/.local/lib/python3.12/site-packages/airflow/example_dags/example_branch_python_dop_operator_3.py
[2024-09-12T14:24:51.938+0000] {processor.py:914} INFO - Processing file /home/airflow/.local/lib/python3.12/site-packages/airflow/example_dags/example_branch_python_dop_operator_3.py for tasks to queue
[2024-09-12T14:24:51.940+0000] {logging_mixin.py:190} INFO - [2024-09-12T14:24:51.940+0000] {dagbag.py:587} INFO - Filling up the DagBag from /home/airflow/.local/lib/python3.12/site-packages/airflow/example_dags/example_branch_python_dop_operator_3.py
[2024-09-12T14:24:51.984+0000] {processor.py:925} INFO - DAG(s) 'example_branch_dop_operator_v3' retrieved from /home/airflow/.local/lib/python3.12/site-packages/airflow/example_dags/example_branch_python_dop_operator_3.py
[2024-09-12T14:24:52.008+0000] {logging_mixin.py:190} INFO - [2024-09-12T14:24:52.008+0000] {dag.py:3229} INFO - Sync 1 DAGs
[2024-09-12T14:24:52.033+0000] {logging_mixin.py:190} INFO - [2024-09-12T14:24:52.033+0000] {dag.py:4156} INFO - Setting next_dagrun for example_branch_dop_operator_v3 to 2024-09-12 14:23:00+00:00, run_after=2024-09-12 14:24:00+00:00
[2024-09-12T14:24:52.086+0000] {processor.py:208} INFO - Processing /home/airflow/.local/lib/python3.12/site-packages/airflow/example_dags/example_branch_python_dop_operator_3.py took 0.155 seconds
[2024-09-12T14:25:22.508+0000] {processor.py:186} INFO - Started process (PID=933) to work on /home/airflow/.local/lib/python3.12/site-packages/airflow/example_dags/example_branch_python_dop_operator_3.py
[2024-09-12T14:25:22.509+0000] {processor.py:914} INFO - Processing file /home/airflow/.local/lib/python3.12/site-packages/airflow/example_dags/example_branch_python_dop_operator_3.py for tasks to queue
[2024-09-12T14:25:22.512+0000] {logging_mixin.py:190} INFO - [2024-09-12T14:25:22.511+0000] {dagbag.py:587} INFO - Filling up the DagBag from /home/airflow/.local/lib/python3.12/site-packages/airflow/example_dags/example_branch_python_dop_operator_3.py
[2024-09-12T14:25:22.522+0000] {processor.py:925} INFO - DAG(s) 'example_branch_dop_operator_v3' retrieved from /home/airflow/.local/lib/python3.12/site-packages/airflow/example_dags/example_branch_python_dop_operator_3.py
[2024-09-12T14:25:22.596+0000] {logging_mixin.py:190} INFO - [2024-09-12T14:25:22.596+0000] {dag.py:3229} INFO - Sync 1 DAGs
[2024-09-12T14:25:22.695+0000] {logging_mixin.py:190} INFO - [2024-09-12T14:25:22.695+0000] {dag.py:4156} INFO - Setting next_dagrun for example_branch_dop_operator_v3 to 2024-09-12 14:24:00+00:00, run_after=2024-09-12 14:25:00+00:00
[2024-09-12T14:25:22.793+0000] {processor.py:208} INFO - Processing /home/airflow/.local/lib/python3.12/site-packages/airflow/example_dags/example_branch_python_dop_operator_3.py took 0.290 seconds
[2024-09-12T14:25:53.447+0000] {processor.py:186} INFO - Started process (PID=995) to work on /home/airflow/.local/lib/python3.12/site-packages/airflow/example_dags/example_branch_python_dop_operator_3.py
[2024-09-12T14:25:53.448+0000] {processor.py:914} INFO - Processing file /home/airflow/.local/lib/python3.12/site-packages/airflow/example_dags/example_branch_python_dop_operator_3.py for tasks to queue
[2024-09-12T14:25:53.450+0000] {logging_mixin.py:190} INFO - [2024-09-12T14:25:53.450+0000] {dagbag.py:587} INFO - Filling up the DagBag from /home/airflow/.local/lib/python3.12/site-packages/airflow/example_dags/example_branch_python_dop_operator_3.py
[2024-09-12T14:25:53.462+0000] {processor.py:925} INFO - DAG(s) 'example_branch_dop_operator_v3' retrieved from /home/airflow/.local/lib/python3.12/site-packages/airflow/example_dags/example_branch_python_dop_operator_3.py
[2024-09-12T14:25:53.498+0000] {logging_mixin.py:190} INFO - [2024-09-12T14:25:53.498+0000] {dag.py:3229} INFO - Sync 1 DAGs
[2024-09-12T14:25:53.526+0000] {logging_mixin.py:190} INFO - [2024-09-12T14:25:53.526+0000] {dag.py:4156} INFO - Setting next_dagrun for example_branch_dop_operator_v3 to 2024-09-12 14:24:00+00:00, run_after=2024-09-12 14:25:00+00:00
[2024-09-12T14:25:53.543+0000] {processor.py:208} INFO - Processing /home/airflow/.local/lib/python3.12/site-packages/airflow/example_dags/example_branch_python_dop_operator_3.py took 0.102 seconds
[2024-09-12T14:26:24.525+0000] {processor.py:186} INFO - Started process (PID=1057) to work on /home/airflow/.local/lib/python3.12/site-packages/airflow/example_dags/example_branch_python_dop_operator_3.py
[2024-09-12T14:26:24.526+0000] {processor.py:914} INFO - Processing file /home/airflow/.local/lib/python3.12/site-packages/airflow/example_dags/example_branch_python_dop_operator_3.py for tasks to queue
[2024-09-12T14:26:24.581+0000] {logging_mixin.py:190} INFO - [2024-09-12T14:26:24.581+0000] {dagbag.py:587} INFO - Filling up the DagBag from /home/airflow/.local/lib/python3.12/site-packages/airflow/example_dags/example_branch_python_dop_operator_3.py
[2024-09-12T14:26:24.593+0000] {processor.py:925} INFO - DAG(s) 'example_branch_dop_operator_v3' retrieved from /home/airflow/.local/lib/python3.12/site-packages/airflow/example_dags/example_branch_python_dop_operator_3.py
[2024-09-12T14:26:24.616+0000] {logging_mixin.py:190} INFO - [2024-09-12T14:26:24.616+0000] {dag.py:3229} INFO - Sync 1 DAGs
[2024-09-12T14:26:24.687+0000] {logging_mixin.py:190} INFO - [2024-09-12T14:26:24.687+0000] {dag.py:4156} INFO - Setting next_dagrun for example_branch_dop_operator_v3 to 2024-09-12 14:25:00+00:00, run_after=2024-09-12 14:26:00+00:00
[2024-09-12T14:26:24.706+0000] {processor.py:208} INFO - Processing /home/airflow/.local/lib/python3.12/site-packages/airflow/example_dags/example_branch_python_dop_operator_3.py took 0.188 seconds
[2024-09-12T14:26:55.105+0000] {processor.py:186} INFO - Started process (PID=1119) to work on /home/airflow/.local/lib/python3.12/site-packages/airflow/example_dags/example_branch_python_dop_operator_3.py
[2024-09-12T14:26:55.106+0000] {processor.py:914} INFO - Processing file /home/airflow/.local/lib/python3.12/site-packages/airflow/example_dags/example_branch_python_dop_operator_3.py for tasks to queue
[2024-09-12T14:26:55.109+0000] {logging_mixin.py:190} INFO - [2024-09-12T14:26:55.108+0000] {dagbag.py:587} INFO - Filling up the DagBag from /home/airflow/.local/lib/python3.12/site-packages/airflow/example_dags/example_branch_python_dop_operator_3.py
[2024-09-12T14:26:55.120+0000] {processor.py:925} INFO - DAG(s) 'example_branch_dop_operator_v3' retrieved from /home/airflow/.local/lib/python3.12/site-packages/airflow/example_dags/example_branch_python_dop_operator_3.py
[2024-09-12T14:26:55.145+0000] {logging_mixin.py:190} INFO - [2024-09-12T14:26:55.144+0000] {dag.py:3229} INFO - Sync 1 DAGs
[2024-09-12T14:26:55.183+0000] {logging_mixin.py:190} INFO - [2024-09-12T14:26:55.183+0000] {dag.py:4156} INFO - Setting next_dagrun for example_branch_dop_operator_v3 to 2024-09-12 14:25:00+00:00, run_after=2024-09-12 14:26:00+00:00
[2024-09-12T14:26:55.203+0000] {processor.py:208} INFO - Processing /home/airflow/.local/lib/python3.12/site-packages/airflow/example_dags/example_branch_python_dop_operator_3.py took 0.104 seconds
[2024-09-12T14:27:25.439+0000] {processor.py:186} INFO - Started process (PID=1181) to work on /home/airflow/.local/lib/python3.12/site-packages/airflow/example_dags/example_branch_python_dop_operator_3.py
[2024-09-12T14:27:25.481+0000] {processor.py:914} INFO - Processing file /home/airflow/.local/lib/python3.12/site-packages/airflow/example_dags/example_branch_python_dop_operator_3.py for tasks to queue
[2024-09-12T14:27:25.484+0000] {logging_mixin.py:190} INFO - [2024-09-12T14:27:25.484+0000] {dagbag.py:587} INFO - Filling up the DagBag from /home/airflow/.local/lib/python3.12/site-packages/airflow/example_dags/example_branch_python_dop_operator_3.py
[2024-09-12T14:27:25.498+0000] {processor.py:925} INFO - DAG(s) 'example_branch_dop_operator_v3' retrieved from /home/airflow/.local/lib/python3.12/site-packages/airflow/example_dags/example_branch_python_dop_operator_3.py
[2024-09-12T14:27:25.526+0000] {logging_mixin.py:190} INFO - [2024-09-12T14:27:25.525+0000] {dag.py:3229} INFO - Sync 1 DAGs
[2024-09-12T14:27:25.607+0000] {logging_mixin.py:190} INFO - [2024-09-12T14:27:25.607+0000] {dag.py:4156} INFO - Setting next_dagrun for example_branch_dop_operator_v3 to 2024-09-12 14:26:00+00:00, run_after=2024-09-12 14:27:00+00:00
[2024-09-12T14:27:25.691+0000] {processor.py:208} INFO - Processing /home/airflow/.local/lib/python3.12/site-packages/airflow/example_dags/example_branch_python_dop_operator_3.py took 0.258 seconds
[2024-09-12T14:27:56.892+0000] {processor.py:186} INFO - Started process (PID=1249) to work on /home/airflow/.local/lib/python3.12/site-packages/airflow/example_dags/example_branch_python_dop_operator_3.py
[2024-09-12T14:27:56.893+0000] {processor.py:914} INFO - Processing file /home/airflow/.local/lib/python3.12/site-packages/airflow/example_dags/example_branch_python_dop_operator_3.py for tasks to queue
[2024-09-12T14:27:56.897+0000] {logging_mixin.py:190} INFO - [2024-09-12T14:27:56.896+0000] {dagbag.py:587} INFO - Filling up the DagBag from /home/airflow/.local/lib/python3.12/site-packages/airflow/example_dags/example_branch_python_dop_operator_3.py
[2024-09-12T14:27:56.912+0000] {processor.py:925} INFO - DAG(s) 'example_branch_dop_operator_v3' retrieved from /home/airflow/.local/lib/python3.12/site-packages/airflow/example_dags/example_branch_python_dop_operator_3.py
[2024-09-12T14:27:56.982+0000] {logging_mixin.py:190} INFO - [2024-09-12T14:27:56.981+0000] {dag.py:3229} INFO - Sync 1 DAGs
[2024-09-12T14:27:57.023+0000] {logging_mixin.py:190} INFO - [2024-09-12T14:27:57.023+0000] {dag.py:4156} INFO - Setting next_dagrun for example_branch_dop_operator_v3 to 2024-09-12 14:26:00+00:00, run_after=2024-09-12 14:27:00+00:00
[2024-09-12T14:27:57.105+0000] {processor.py:208} INFO - Processing /home/airflow/.local/lib/python3.12/site-packages/airflow/example_dags/example_branch_python_dop_operator_3.py took 0.222 seconds
[2024-09-12T14:28:28.803+0000] {processor.py:186} INFO - Started process (PID=1311) to work on /home/airflow/.local/lib/python3.12/site-packages/airflow/example_dags/example_branch_python_dop_operator_3.py
[2024-09-12T14:28:28.809+0000] {processor.py:914} INFO - Processing file /home/airflow/.local/lib/python3.12/site-packages/airflow/example_dags/example_branch_python_dop_operator_3.py for tasks to queue
[2024-09-12T14:28:28.892+0000] {logging_mixin.py:190} INFO - [2024-09-12T14:28:28.889+0000] {dagbag.py:587} INFO - Filling up the DagBag from /home/airflow/.local/lib/python3.12/site-packages/airflow/example_dags/example_branch_python_dop_operator_3.py
[2024-09-12T14:28:28.997+0000] {processor.py:925} INFO - DAG(s) 'example_branch_dop_operator_v3' retrieved from /home/airflow/.local/lib/python3.12/site-packages/airflow/example_dags/example_branch_python_dop_operator_3.py
[2024-09-12T14:28:29.107+0000] {logging_mixin.py:190} INFO - [2024-09-12T14:28:29.106+0000] {dag.py:3229} INFO - Sync 1 DAGs
[2024-09-12T14:28:29.592+0000] {logging_mixin.py:190} INFO - [2024-09-12T14:28:29.591+0000] {dag.py:4156} INFO - Setting next_dagrun for example_branch_dop_operator_v3 to 2024-09-12 14:27:00+00:00, run_after=2024-09-12 14:28:00+00:00
[2024-09-12T14:28:29.781+0000] {processor.py:208} INFO - Processing /home/airflow/.local/lib/python3.12/site-packages/airflow/example_dags/example_branch_python_dop_operator_3.py took 0.987 seconds
[2024-09-12T14:29:01.306+0000] {processor.py:186} INFO - Started process (PID=1373) to work on /home/airflow/.local/lib/python3.12/site-packages/airflow/example_dags/example_branch_python_dop_operator_3.py
[2024-09-12T14:29:01.381+0000] {processor.py:914} INFO - Processing file /home/airflow/.local/lib/python3.12/site-packages/airflow/example_dags/example_branch_python_dop_operator_3.py for tasks to queue
[2024-09-12T14:29:01.384+0000] {logging_mixin.py:190} INFO - [2024-09-12T14:29:01.383+0000] {dagbag.py:587} INFO - Filling up the DagBag from /home/airflow/.local/lib/python3.12/site-packages/airflow/example_dags/example_branch_python_dop_operator_3.py
[2024-09-12T14:29:01.400+0000] {processor.py:925} INFO - DAG(s) 'example_branch_dop_operator_v3' retrieved from /home/airflow/.local/lib/python3.12/site-packages/airflow/example_dags/example_branch_python_dop_operator_3.py
[2024-09-12T14:29:01.584+0000] {logging_mixin.py:190} INFO - [2024-09-12T14:29:01.583+0000] {dag.py:3229} INFO - Sync 1 DAGs
[2024-09-12T14:29:01.796+0000] {logging_mixin.py:190} INFO - [2024-09-12T14:29:01.795+0000] {dag.py:4156} INFO - Setting next_dagrun for example_branch_dop_operator_v3 to 2024-09-12 14:28:00+00:00, run_after=2024-09-12 14:29:00+00:00
[2024-09-12T14:29:02.005+0000] {processor.py:208} INFO - Processing /home/airflow/.local/lib/python3.12/site-packages/airflow/example_dags/example_branch_python_dop_operator_3.py took 0.707 seconds
[2024-09-12T14:29:32.683+0000] {processor.py:186} INFO - Started process (PID=1435) to work on /home/airflow/.local/lib/python3.12/site-packages/airflow/example_dags/example_branch_python_dop_operator_3.py
[2024-09-12T14:29:32.685+0000] {processor.py:914} INFO - Processing file /home/airflow/.local/lib/python3.12/site-packages/airflow/example_dags/example_branch_python_dop_operator_3.py for tasks to queue
[2024-09-12T14:29:32.689+0000] {logging_mixin.py:190} INFO - [2024-09-12T14:29:32.689+0000] {dagbag.py:587} INFO - Filling up the DagBag from /home/airflow/.local/lib/python3.12/site-packages/airflow/example_dags/example_branch_python_dop_operator_3.py
[2024-09-12T14:29:32.784+0000] {processor.py:925} INFO - DAG(s) 'example_branch_dop_operator_v3' retrieved from /home/airflow/.local/lib/python3.12/site-packages/airflow/example_dags/example_branch_python_dop_operator_3.py
[2024-09-12T14:29:32.903+0000] {logging_mixin.py:190} INFO - [2024-09-12T14:29:32.903+0000] {dag.py:3229} INFO - Sync 1 DAGs
[2024-09-12T14:29:33.090+0000] {logging_mixin.py:190} INFO - [2024-09-12T14:29:33.089+0000] {dag.py:4156} INFO - Setting next_dagrun for example_branch_dop_operator_v3 to 2024-09-12 14:28:00+00:00, run_after=2024-09-12 14:29:00+00:00
[2024-09-12T14:29:33.204+0000] {processor.py:208} INFO - Processing /home/airflow/.local/lib/python3.12/site-packages/airflow/example_dags/example_branch_python_dop_operator_3.py took 0.601 seconds
[2024-09-12T14:30:04.029+0000] {processor.py:186} INFO - Started process (PID=1497) to work on /home/airflow/.local/lib/python3.12/site-packages/airflow/example_dags/example_branch_python_dop_operator_3.py
[2024-09-12T14:30:04.030+0000] {processor.py:914} INFO - Processing file /home/airflow/.local/lib/python3.12/site-packages/airflow/example_dags/example_branch_python_dop_operator_3.py for tasks to queue
[2024-09-12T14:30:04.033+0000] {logging_mixin.py:190} INFO - [2024-09-12T14:30:04.033+0000] {dagbag.py:587} INFO - Filling up the DagBag from /home/airflow/.local/lib/python3.12/site-packages/airflow/example_dags/example_branch_python_dop_operator_3.py
[2024-09-12T14:30:04.049+0000] {processor.py:925} INFO - DAG(s) 'example_branch_dop_operator_v3' retrieved from /home/airflow/.local/lib/python3.12/site-packages/airflow/example_dags/example_branch_python_dop_operator_3.py
[2024-09-12T14:30:04.077+0000] {logging_mixin.py:190} INFO - [2024-09-12T14:30:04.077+0000] {dag.py:3229} INFO - Sync 1 DAGs
[2024-09-12T14:30:04.129+0000] {logging_mixin.py:190} INFO - [2024-09-12T14:30:04.129+0000] {dag.py:4156} INFO - Setting next_dagrun for example_branch_dop_operator_v3 to 2024-09-12 14:29:00+00:00, run_after=2024-09-12 14:30:00+00:00
[2024-09-12T14:30:04.155+0000] {processor.py:208} INFO - Processing /home/airflow/.local/lib/python3.12/site-packages/airflow/example_dags/example_branch_python_dop_operator_3.py took 0.134 seconds
[2024-09-12T14:30:34.310+0000] {processor.py:186} INFO - Started process (PID=1558) to work on /home/airflow/.local/lib/python3.12/site-packages/airflow/example_dags/example_branch_python_dop_operator_3.py
[2024-09-12T14:30:34.311+0000] {processor.py:914} INFO - Processing file /home/airflow/.local/lib/python3.12/site-packages/airflow/example_dags/example_branch_python_dop_operator_3.py for tasks to queue
[2024-09-12T14:30:34.314+0000] {logging_mixin.py:190} INFO - [2024-09-12T14:30:34.314+0000] {dagbag.py:587} INFO - Filling up the DagBag from /home/airflow/.local/lib/python3.12/site-packages/airflow/example_dags/example_branch_python_dop_operator_3.py
[2024-09-12T14:30:34.381+0000] {processor.py:925} INFO - DAG(s) 'example_branch_dop_operator_v3' retrieved from /home/airflow/.local/lib/python3.12/site-packages/airflow/example_dags/example_branch_python_dop_operator_3.py
[2024-09-12T14:30:34.411+0000] {logging_mixin.py:190} INFO - [2024-09-12T14:30:34.410+0000] {dag.py:3229} INFO - Sync 1 DAGs
[2024-09-12T14:30:34.503+0000] {logging_mixin.py:190} INFO - [2024-09-12T14:30:34.502+0000] {dag.py:4156} INFO - Setting next_dagrun for example_branch_dop_operator_v3 to 2024-09-12 14:29:00+00:00, run_after=2024-09-12 14:30:00+00:00
[2024-09-12T14:30:34.528+0000] {processor.py:208} INFO - Processing /home/airflow/.local/lib/python3.12/site-packages/airflow/example_dags/example_branch_python_dop_operator_3.py took 0.227 seconds
[2024-09-12T14:31:04.670+0000] {processor.py:186} INFO - Started process (PID=1620) to work on /home/airflow/.local/lib/python3.12/site-packages/airflow/example_dags/example_branch_python_dop_operator_3.py
[2024-09-12T14:31:04.671+0000] {processor.py:914} INFO - Processing file /home/airflow/.local/lib/python3.12/site-packages/airflow/example_dags/example_branch_python_dop_operator_3.py for tasks to queue
[2024-09-12T14:31:04.674+0000] {logging_mixin.py:190} INFO - [2024-09-12T14:31:04.673+0000] {dagbag.py:587} INFO - Filling up the DagBag from /home/airflow/.local/lib/python3.12/site-packages/airflow/example_dags/example_branch_python_dop_operator_3.py
[2024-09-12T14:31:04.687+0000] {processor.py:925} INFO - DAG(s) 'example_branch_dop_operator_v3' retrieved from /home/airflow/.local/lib/python3.12/site-packages/airflow/example_dags/example_branch_python_dop_operator_3.py
[2024-09-12T14:31:04.717+0000] {logging_mixin.py:190} INFO - [2024-09-12T14:31:04.716+0000] {dag.py:3229} INFO - Sync 1 DAGs
[2024-09-12T14:31:04.753+0000] {logging_mixin.py:190} INFO - [2024-09-12T14:31:04.752+0000] {dag.py:4156} INFO - Setting next_dagrun for example_branch_dop_operator_v3 to 2024-09-12 14:30:00+00:00, run_after=2024-09-12 14:31:00+00:00
[2024-09-12T14:31:04.774+0000] {processor.py:208} INFO - Processing /home/airflow/.local/lib/python3.12/site-packages/airflow/example_dags/example_branch_python_dop_operator_3.py took 0.111 seconds
[2024-09-12T14:31:34.901+0000] {processor.py:186} INFO - Started process (PID=1682) to work on /home/airflow/.local/lib/python3.12/site-packages/airflow/example_dags/example_branch_python_dop_operator_3.py
[2024-09-12T14:31:34.902+0000] {processor.py:914} INFO - Processing file /home/airflow/.local/lib/python3.12/site-packages/airflow/example_dags/example_branch_python_dop_operator_3.py for tasks to queue
[2024-09-12T14:31:34.905+0000] {logging_mixin.py:190} INFO - [2024-09-12T14:31:34.905+0000] {dagbag.py:587} INFO - Filling up the DagBag from /home/airflow/.local/lib/python3.12/site-packages/airflow/example_dags/example_branch_python_dop_operator_3.py
[2024-09-12T14:31:34.918+0000] {processor.py:925} INFO - DAG(s) 'example_branch_dop_operator_v3' retrieved from /home/airflow/.local/lib/python3.12/site-packages/airflow/example_dags/example_branch_python_dop_operator_3.py
[2024-09-12T14:31:34.944+0000] {logging_mixin.py:190} INFO - [2024-09-12T14:31:34.944+0000] {dag.py:3229} INFO - Sync 1 DAGs
[2024-09-12T14:31:34.979+0000] {logging_mixin.py:190} INFO - [2024-09-12T14:31:34.979+0000] {dag.py:4156} INFO - Setting next_dagrun for example_branch_dop_operator_v3 to 2024-09-12 14:30:00+00:00, run_after=2024-09-12 14:31:00+00:00
[2024-09-12T14:31:35.005+0000] {processor.py:208} INFO - Processing /home/airflow/.local/lib/python3.12/site-packages/airflow/example_dags/example_branch_python_dop_operator_3.py took 0.113 seconds
[2024-09-12T14:32:05.085+0000] {processor.py:186} INFO - Started process (PID=1744) to work on /home/airflow/.local/lib/python3.12/site-packages/airflow/example_dags/example_branch_python_dop_operator_3.py
[2024-09-12T14:32:05.086+0000] {processor.py:914} INFO - Processing file /home/airflow/.local/lib/python3.12/site-packages/airflow/example_dags/example_branch_python_dop_operator_3.py for tasks to queue
[2024-09-12T14:32:05.089+0000] {logging_mixin.py:190} INFO - [2024-09-12T14:32:05.089+0000] {dagbag.py:587} INFO - Filling up the DagBag from /home/airflow/.local/lib/python3.12/site-packages/airflow/example_dags/example_branch_python_dop_operator_3.py
[2024-09-12T14:32:05.102+0000] {processor.py:925} INFO - DAG(s) 'example_branch_dop_operator_v3' retrieved from /home/airflow/.local/lib/python3.12/site-packages/airflow/example_dags/example_branch_python_dop_operator_3.py
[2024-09-12T14:32:05.128+0000] {logging_mixin.py:190} INFO - [2024-09-12T14:32:05.128+0000] {dag.py:3229} INFO - Sync 1 DAGs
[2024-09-12T14:32:05.165+0000] {logging_mixin.py:190} INFO - [2024-09-12T14:32:05.164+0000] {dag.py:4156} INFO - Setting next_dagrun for example_branch_dop_operator_v3 to 2024-09-12 14:31:00+00:00, run_after=2024-09-12 14:32:00+00:00
[2024-09-12T14:32:05.189+0000] {processor.py:208} INFO - Processing /home/airflow/.local/lib/python3.12/site-packages/airflow/example_dags/example_branch_python_dop_operator_3.py took 0.111 seconds
[2024-09-12T14:32:35.809+0000] {processor.py:186} INFO - Started process (PID=1807) to work on /home/airflow/.local/lib/python3.12/site-packages/airflow/example_dags/example_branch_python_dop_operator_3.py
[2024-09-12T14:32:35.810+0000] {processor.py:914} INFO - Processing file /home/airflow/.local/lib/python3.12/site-packages/airflow/example_dags/example_branch_python_dop_operator_3.py for tasks to queue
[2024-09-12T14:32:35.812+0000] {logging_mixin.py:190} INFO - [2024-09-12T14:32:35.812+0000] {dagbag.py:587} INFO - Filling up the DagBag from /home/airflow/.local/lib/python3.12/site-packages/airflow/example_dags/example_branch_python_dop_operator_3.py
[2024-09-12T14:32:35.827+0000] {processor.py:925} INFO - DAG(s) 'example_branch_dop_operator_v3' retrieved from /home/airflow/.local/lib/python3.12/site-packages/airflow/example_dags/example_branch_python_dop_operator_3.py
[2024-09-12T14:32:35.855+0000] {logging_mixin.py:190} INFO - [2024-09-12T14:32:35.855+0000] {dag.py:3229} INFO - Sync 1 DAGs
[2024-09-12T14:32:35.919+0000] {logging_mixin.py:190} INFO - [2024-09-12T14:32:35.919+0000] {dag.py:4156} INFO - Setting next_dagrun for example_branch_dop_operator_v3 to 2024-09-12 14:31:00+00:00, run_after=2024-09-12 14:32:00+00:00
[2024-09-12T14:32:36.009+0000] {processor.py:208} INFO - Processing /home/airflow/.local/lib/python3.12/site-packages/airflow/example_dags/example_branch_python_dop_operator_3.py took 0.207 seconds
[2024-09-12T14:34:07.554+0000] {processor.py:186} INFO - Started process (PID=1993) to work on /home/airflow/.local/lib/python3.12/site-packages/airflow/example_dags/example_branch_python_dop_operator_3.py
[2024-09-12T14:34:07.555+0000] {processor.py:914} INFO - Processing file /home/airflow/.local/lib/python3.12/site-packages/airflow/example_dags/example_branch_python_dop_operator_3.py for tasks to queue
[2024-09-12T14:34:07.558+0000] {logging_mixin.py:190} INFO - [2024-09-12T14:34:07.557+0000] {dagbag.py:587} INFO - Filling up the DagBag from /home/airflow/.local/lib/python3.12/site-packages/airflow/example_dags/example_branch_python_dop_operator_3.py
[2024-09-12T14:34:07.570+0000] {processor.py:925} INFO - DAG(s) 'example_branch_dop_operator_v3' retrieved from /home/airflow/.local/lib/python3.12/site-packages/airflow/example_dags/example_branch_python_dop_operator_3.py
[2024-09-12T14:34:07.595+0000] {logging_mixin.py:190} INFO - [2024-09-12T14:34:07.595+0000] {dag.py:3229} INFO - Sync 1 DAGs
[2024-09-12T14:34:07.632+0000] {logging_mixin.py:190} INFO - [2024-09-12T14:34:07.632+0000] {dag.py:4156} INFO - Setting next_dagrun for example_branch_dop_operator_v3 to 2024-09-12 14:33:00+00:00, run_after=2024-09-12 14:34:00+00:00
[2024-09-12T14:34:07.656+0000] {processor.py:208} INFO - Processing /home/airflow/.local/lib/python3.12/site-packages/airflow/example_dags/example_branch_python_dop_operator_3.py took 0.108 seconds
[2024-09-12T14:34:37.858+0000] {processor.py:186} INFO - Started process (PID=2055) to work on /home/airflow/.local/lib/python3.12/site-packages/airflow/example_dags/example_branch_python_dop_operator_3.py
[2024-09-12T14:34:37.859+0000] {processor.py:914} INFO - Processing file /home/airflow/.local/lib/python3.12/site-packages/airflow/example_dags/example_branch_python_dop_operator_3.py for tasks to queue
[2024-09-12T14:34:37.862+0000] {logging_mixin.py:190} INFO - [2024-09-12T14:34:37.862+0000] {dagbag.py:587} INFO - Filling up the DagBag from /home/airflow/.local/lib/python3.12/site-packages/airflow/example_dags/example_branch_python_dop_operator_3.py
[2024-09-12T14:34:37.876+0000] {processor.py:925} INFO - DAG(s) 'example_branch_dop_operator_v3' retrieved from /home/airflow/.local/lib/python3.12/site-packages/airflow/example_dags/example_branch_python_dop_operator_3.py
[2024-09-12T14:34:37.903+0000] {logging_mixin.py:190} INFO - [2024-09-12T14:34:37.903+0000] {dag.py:3229} INFO - Sync 1 DAGs
[2024-09-12T14:34:37.940+0000] {logging_mixin.py:190} INFO - [2024-09-12T14:34:37.940+0000] {dag.py:4156} INFO - Setting next_dagrun for example_branch_dop_operator_v3 to 2024-09-12 14:33:00+00:00, run_after=2024-09-12 14:34:00+00:00
[2024-09-12T14:34:37.966+0000] {processor.py:208} INFO - Processing /home/airflow/.local/lib/python3.12/site-packages/airflow/example_dags/example_branch_python_dop_operator_3.py took 0.115 seconds
[2024-09-12T14:35:08.437+0000] {processor.py:186} INFO - Started process (PID=2117) to work on /home/airflow/.local/lib/python3.12/site-packages/airflow/example_dags/example_branch_python_dop_operator_3.py
[2024-09-12T14:35:08.438+0000] {processor.py:914} INFO - Processing file /home/airflow/.local/lib/python3.12/site-packages/airflow/example_dags/example_branch_python_dop_operator_3.py for tasks to queue
[2024-09-12T14:35:08.481+0000] {logging_mixin.py:190} INFO - [2024-09-12T14:35:08.480+0000] {dagbag.py:587} INFO - Filling up the DagBag from /home/airflow/.local/lib/python3.12/site-packages/airflow/example_dags/example_branch_python_dop_operator_3.py
[2024-09-12T14:35:08.519+0000] {processor.py:925} INFO - DAG(s) 'example_branch_dop_operator_v3' retrieved from /home/airflow/.local/lib/python3.12/site-packages/airflow/example_dags/example_branch_python_dop_operator_3.py
[2024-09-12T14:35:08.637+0000] {logging_mixin.py:190} INFO - [2024-09-12T14:35:08.636+0000] {dag.py:3229} INFO - Sync 1 DAGs
[2024-09-12T14:35:08.725+0000] {logging_mixin.py:190} INFO - [2024-09-12T14:35:08.725+0000] {dag.py:4156} INFO - Setting next_dagrun for example_branch_dop_operator_v3 to 2024-09-12 14:34:00+00:00, run_after=2024-09-12 14:35:00+00:00
[2024-09-12T14:35:08.807+0000] {processor.py:208} INFO - Processing /home/airflow/.local/lib/python3.12/site-packages/airflow/example_dags/example_branch_python_dop_operator_3.py took 0.377 seconds
[2024-09-12T14:35:39.477+0000] {processor.py:186} INFO - Started process (PID=2180) to work on /home/airflow/.local/lib/python3.12/site-packages/airflow/example_dags/example_branch_python_dop_operator_3.py
[2024-09-12T14:35:39.479+0000] {processor.py:914} INFO - Processing file /home/airflow/.local/lib/python3.12/site-packages/airflow/example_dags/example_branch_python_dop_operator_3.py for tasks to queue
[2024-09-12T14:35:39.482+0000] {logging_mixin.py:190} INFO - [2024-09-12T14:35:39.481+0000] {dagbag.py:587} INFO - Filling up the DagBag from /home/airflow/.local/lib/python3.12/site-packages/airflow/example_dags/example_branch_python_dop_operator_3.py
[2024-09-12T14:35:39.495+0000] {processor.py:925} INFO - DAG(s) 'example_branch_dop_operator_v3' retrieved from /home/airflow/.local/lib/python3.12/site-packages/airflow/example_dags/example_branch_python_dop_operator_3.py
[2024-09-12T14:35:39.523+0000] {logging_mixin.py:190} INFO - [2024-09-12T14:35:39.522+0000] {dag.py:3229} INFO - Sync 1 DAGs
[2024-09-12T14:35:39.559+0000] {logging_mixin.py:190} INFO - [2024-09-12T14:35:39.559+0000] {dag.py:4156} INFO - Setting next_dagrun for example_branch_dop_operator_v3 to 2024-09-12 14:34:00+00:00, run_after=2024-09-12 14:35:00+00:00
[2024-09-12T14:35:39.600+0000] {processor.py:208} INFO - Processing /home/airflow/.local/lib/python3.12/site-packages/airflow/example_dags/example_branch_python_dop_operator_3.py took 0.130 seconds
