[2024-09-12T14:00:42.013+0000] {processor.py:186} INFO - Started process (PID=65) to work on /home/airflow/.local/lib/python3.12/site-packages/airflow/example_dags/example_bash_operator.py
[2024-09-12T14:00:42.015+0000] {processor.py:914} INFO - Processing file /home/airflow/.local/lib/python3.12/site-packages/airflow/example_dags/example_bash_operator.py for tasks to queue
[2024-09-12T14:00:42.023+0000] {logging_mixin.py:190} INFO - [2024-09-12T14:00:42.022+0000] {dagbag.py:587} INFO - Filling up the DagBag from /home/airflow/.local/lib/python3.12/site-packages/airflow/example_dags/example_bash_operator.py
[2024-09-12T14:00:42.098+0000] {processor.py:925} INFO - DAG(s) 'example_bash_operator' retrieved from /home/airflow/.local/lib/python3.12/site-packages/airflow/example_dags/example_bash_operator.py
[2024-09-12T14:00:42.629+0000] {logging_mixin.py:190} INFO - [2024-09-12T14:00:42.628+0000] {override.py:1900} INFO - Created Permission View: can read on DAG:example_bash_operator
[2024-09-12T14:00:42.643+0000] {logging_mixin.py:190} INFO - [2024-09-12T14:00:42.643+0000] {override.py:1900} INFO - Created Permission View: can delete on DAG:example_bash_operator
[2024-09-12T14:00:42.689+0000] {logging_mixin.py:190} INFO - [2024-09-12T14:00:42.688+0000] {override.py:1900} INFO - Created Permission View: can edit on DAG:example_bash_operator
[2024-09-12T14:00:42.698+0000] {logging_mixin.py:190} INFO - [2024-09-12T14:00:42.697+0000] {override.py:1900} INFO - Created Permission View: can read on DAG Run:example_bash_operator
[2024-09-12T14:00:42.705+0000] {logging_mixin.py:190} INFO - [2024-09-12T14:00:42.705+0000] {override.py:1900} INFO - Created Permission View: can create on DAG Run:example_bash_operator
[2024-09-12T14:00:42.713+0000] {logging_mixin.py:190} INFO - [2024-09-12T14:00:42.713+0000] {override.py:1900} INFO - Created Permission View: can delete on DAG Run:example_bash_operator
[2024-09-12T14:00:42.723+0000] {logging_mixin.py:190} INFO - [2024-09-12T14:00:42.723+0000] {override.py:1900} INFO - Created Permission View: menu access on DAG Run:example_bash_operator
[2024-09-12T14:00:42.724+0000] {logging_mixin.py:190} INFO - [2024-09-12T14:00:42.724+0000] {dag.py:3229} INFO - Sync 1 DAGs
[2024-09-12T14:00:42.786+0000] {logging_mixin.py:190} INFO - [2024-09-12T14:00:42.786+0000] {dag.py:3252} INFO - Creating ORM DAG for example_bash_operator
[2024-09-12T14:00:42.805+0000] {logging_mixin.py:190} INFO - [2024-09-12T14:00:42.805+0000] {dag.py:4156} INFO - Setting next_dagrun for example_bash_operator to 2024-09-11 00:00:00+00:00, run_after=2024-09-12 00:00:00+00:00
[2024-09-12T14:00:42.833+0000] {processor.py:208} INFO - Processing /home/airflow/.local/lib/python3.12/site-packages/airflow/example_dags/example_bash_operator.py took 0.838 seconds
[2024-09-12T14:01:13.068+0000] {processor.py:186} INFO - Started process (PID=127) to work on /home/airflow/.local/lib/python3.12/site-packages/airflow/example_dags/example_bash_operator.py
[2024-09-12T14:01:13.069+0000] {processor.py:914} INFO - Processing file /home/airflow/.local/lib/python3.12/site-packages/airflow/example_dags/example_bash_operator.py for tasks to queue
[2024-09-12T14:01:13.074+0000] {logging_mixin.py:190} INFO - [2024-09-12T14:01:13.074+0000] {dagbag.py:587} INFO - Filling up the DagBag from /home/airflow/.local/lib/python3.12/site-packages/airflow/example_dags/example_bash_operator.py
[2024-09-12T14:01:13.103+0000] {processor.py:925} INFO - DAG(s) 'example_bash_operator' retrieved from /home/airflow/.local/lib/python3.12/site-packages/airflow/example_dags/example_bash_operator.py
[2024-09-12T14:01:13.157+0000] {logging_mixin.py:190} INFO - [2024-09-12T14:01:13.156+0000] {dag.py:3229} INFO - Sync 1 DAGs
[2024-09-12T14:01:13.213+0000] {logging_mixin.py:190} INFO - [2024-09-12T14:01:13.213+0000] {dag.py:4156} INFO - Setting next_dagrun for example_bash_operator to 2024-09-11 00:00:00+00:00, run_after=2024-09-12 00:00:00+00:00
[2024-09-12T14:01:13.245+0000] {processor.py:208} INFO - Processing /home/airflow/.local/lib/python3.12/site-packages/airflow/example_dags/example_bash_operator.py took 0.191 seconds
[2024-09-12T14:01:43.531+0000] {processor.py:186} INFO - Started process (PID=189) to work on /home/airflow/.local/lib/python3.12/site-packages/airflow/example_dags/example_bash_operator.py
[2024-09-12T14:01:43.532+0000] {processor.py:914} INFO - Processing file /home/airflow/.local/lib/python3.12/site-packages/airflow/example_dags/example_bash_operator.py for tasks to queue
[2024-09-12T14:01:43.534+0000] {logging_mixin.py:190} INFO - [2024-09-12T14:01:43.534+0000] {dagbag.py:587} INFO - Filling up the DagBag from /home/airflow/.local/lib/python3.12/site-packages/airflow/example_dags/example_bash_operator.py
[2024-09-12T14:01:43.548+0000] {processor.py:925} INFO - DAG(s) 'example_bash_operator' retrieved from /home/airflow/.local/lib/python3.12/site-packages/airflow/example_dags/example_bash_operator.py
[2024-09-12T14:01:43.575+0000] {logging_mixin.py:190} INFO - [2024-09-12T14:01:43.575+0000] {dag.py:3229} INFO - Sync 1 DAGs
[2024-09-12T14:01:43.601+0000] {logging_mixin.py:190} INFO - [2024-09-12T14:01:43.601+0000] {dag.py:4156} INFO - Setting next_dagrun for example_bash_operator to 2024-09-11 00:00:00+00:00, run_after=2024-09-12 00:00:00+00:00
[2024-09-12T14:01:43.618+0000] {processor.py:208} INFO - Processing /home/airflow/.local/lib/python3.12/site-packages/airflow/example_dags/example_bash_operator.py took 0.093 seconds
[2024-09-12T14:02:14.435+0000] {processor.py:186} INFO - Started process (PID=251) to work on /home/airflow/.local/lib/python3.12/site-packages/airflow/example_dags/example_bash_operator.py
[2024-09-12T14:02:14.436+0000] {processor.py:914} INFO - Processing file /home/airflow/.local/lib/python3.12/site-packages/airflow/example_dags/example_bash_operator.py for tasks to queue
[2024-09-12T14:02:14.438+0000] {logging_mixin.py:190} INFO - [2024-09-12T14:02:14.438+0000] {dagbag.py:587} INFO - Filling up the DagBag from /home/airflow/.local/lib/python3.12/site-packages/airflow/example_dags/example_bash_operator.py
[2024-09-12T14:02:14.452+0000] {processor.py:925} INFO - DAG(s) 'example_bash_operator' retrieved from /home/airflow/.local/lib/python3.12/site-packages/airflow/example_dags/example_bash_operator.py
[2024-09-12T14:02:14.484+0000] {logging_mixin.py:190} INFO - [2024-09-12T14:02:14.484+0000] {dag.py:3229} INFO - Sync 1 DAGs
[2024-09-12T14:02:14.517+0000] {logging_mixin.py:190} INFO - [2024-09-12T14:02:14.516+0000] {dag.py:4156} INFO - Setting next_dagrun for example_bash_operator to 2024-09-11 00:00:00+00:00, run_after=2024-09-12 00:00:00+00:00
[2024-09-12T14:02:14.542+0000] {processor.py:208} INFO - Processing /home/airflow/.local/lib/python3.12/site-packages/airflow/example_dags/example_bash_operator.py took 0.114 seconds
[2024-09-12T14:02:44.588+0000] {processor.py:186} INFO - Started process (PID=313) to work on /home/airflow/.local/lib/python3.12/site-packages/airflow/example_dags/example_bash_operator.py
[2024-09-12T14:02:44.590+0000] {processor.py:914} INFO - Processing file /home/airflow/.local/lib/python3.12/site-packages/airflow/example_dags/example_bash_operator.py for tasks to queue
[2024-09-12T14:02:44.592+0000] {logging_mixin.py:190} INFO - [2024-09-12T14:02:44.592+0000] {dagbag.py:587} INFO - Filling up the DagBag from /home/airflow/.local/lib/python3.12/site-packages/airflow/example_dags/example_bash_operator.py
[2024-09-12T14:02:44.607+0000] {processor.py:925} INFO - DAG(s) 'example_bash_operator' retrieved from /home/airflow/.local/lib/python3.12/site-packages/airflow/example_dags/example_bash_operator.py
[2024-09-12T14:02:44.638+0000] {logging_mixin.py:190} INFO - [2024-09-12T14:02:44.637+0000] {dag.py:3229} INFO - Sync 1 DAGs
[2024-09-12T14:02:44.665+0000] {logging_mixin.py:190} INFO - [2024-09-12T14:02:44.665+0000] {dag.py:4156} INFO - Setting next_dagrun for example_bash_operator to 2024-09-11 00:00:00+00:00, run_after=2024-09-12 00:00:00+00:00
[2024-09-12T14:02:44.683+0000] {processor.py:208} INFO - Processing /home/airflow/.local/lib/python3.12/site-packages/airflow/example_dags/example_bash_operator.py took 0.101 seconds
[2024-09-12T14:03:15.041+0000] {processor.py:186} INFO - Started process (PID=375) to work on /home/airflow/.local/lib/python3.12/site-packages/airflow/example_dags/example_bash_operator.py
[2024-09-12T14:03:15.043+0000] {processor.py:914} INFO - Processing file /home/airflow/.local/lib/python3.12/site-packages/airflow/example_dags/example_bash_operator.py for tasks to queue
[2024-09-12T14:03:15.046+0000] {logging_mixin.py:190} INFO - [2024-09-12T14:03:15.045+0000] {dagbag.py:587} INFO - Filling up the DagBag from /home/airflow/.local/lib/python3.12/site-packages/airflow/example_dags/example_bash_operator.py
[2024-09-12T14:03:15.064+0000] {processor.py:925} INFO - DAG(s) 'example_bash_operator' retrieved from /home/airflow/.local/lib/python3.12/site-packages/airflow/example_dags/example_bash_operator.py
[2024-09-12T14:03:15.104+0000] {logging_mixin.py:190} INFO - [2024-09-12T14:03:15.104+0000] {dag.py:3229} INFO - Sync 1 DAGs
[2024-09-12T14:03:15.143+0000] {logging_mixin.py:190} INFO - [2024-09-12T14:03:15.143+0000] {dag.py:4156} INFO - Setting next_dagrun for example_bash_operator to 2024-09-11 00:00:00+00:00, run_after=2024-09-12 00:00:00+00:00
[2024-09-12T14:03:15.172+0000] {processor.py:208} INFO - Processing /home/airflow/.local/lib/python3.12/site-packages/airflow/example_dags/example_bash_operator.py took 0.140 seconds
[2024-09-12T14:03:45.277+0000] {processor.py:186} INFO - Started process (PID=437) to work on /home/airflow/.local/lib/python3.12/site-packages/airflow/example_dags/example_bash_operator.py
[2024-09-12T14:03:45.278+0000] {processor.py:914} INFO - Processing file /home/airflow/.local/lib/python3.12/site-packages/airflow/example_dags/example_bash_operator.py for tasks to queue
[2024-09-12T14:03:45.281+0000] {logging_mixin.py:190} INFO - [2024-09-12T14:03:45.281+0000] {dagbag.py:587} INFO - Filling up the DagBag from /home/airflow/.local/lib/python3.12/site-packages/airflow/example_dags/example_bash_operator.py
[2024-09-12T14:03:45.297+0000] {processor.py:925} INFO - DAG(s) 'example_bash_operator' retrieved from /home/airflow/.local/lib/python3.12/site-packages/airflow/example_dags/example_bash_operator.py
[2024-09-12T14:03:45.335+0000] {logging_mixin.py:190} INFO - [2024-09-12T14:03:45.334+0000] {dag.py:3229} INFO - Sync 1 DAGs
[2024-09-12T14:03:45.364+0000] {logging_mixin.py:190} INFO - [2024-09-12T14:03:45.364+0000] {dag.py:4156} INFO - Setting next_dagrun for example_bash_operator to 2024-09-11 00:00:00+00:00, run_after=2024-09-12 00:00:00+00:00
[2024-09-12T14:03:45.386+0000] {processor.py:208} INFO - Processing /home/airflow/.local/lib/python3.12/site-packages/airflow/example_dags/example_bash_operator.py took 0.116 seconds
[2024-09-12T14:04:15.465+0000] {processor.py:186} INFO - Started process (PID=499) to work on /home/airflow/.local/lib/python3.12/site-packages/airflow/example_dags/example_bash_operator.py
[2024-09-12T14:04:15.466+0000] {processor.py:914} INFO - Processing file /home/airflow/.local/lib/python3.12/site-packages/airflow/example_dags/example_bash_operator.py for tasks to queue
[2024-09-12T14:04:15.469+0000] {logging_mixin.py:190} INFO - [2024-09-12T14:04:15.468+0000] {dagbag.py:587} INFO - Filling up the DagBag from /home/airflow/.local/lib/python3.12/site-packages/airflow/example_dags/example_bash_operator.py
[2024-09-12T14:04:15.483+0000] {processor.py:925} INFO - DAG(s) 'example_bash_operator' retrieved from /home/airflow/.local/lib/python3.12/site-packages/airflow/example_dags/example_bash_operator.py
[2024-09-12T14:04:15.511+0000] {logging_mixin.py:190} INFO - [2024-09-12T14:04:15.511+0000] {dag.py:3229} INFO - Sync 1 DAGs
[2024-09-12T14:04:15.538+0000] {logging_mixin.py:190} INFO - [2024-09-12T14:04:15.538+0000] {dag.py:4156} INFO - Setting next_dagrun for example_bash_operator to 2024-09-11 00:00:00+00:00, run_after=2024-09-12 00:00:00+00:00
[2024-09-12T14:04:15.558+0000] {processor.py:208} INFO - Processing /home/airflow/.local/lib/python3.12/site-packages/airflow/example_dags/example_bash_operator.py took 0.099 seconds
[2024-09-12T14:04:46.459+0000] {processor.py:186} INFO - Started process (PID=561) to work on /home/airflow/.local/lib/python3.12/site-packages/airflow/example_dags/example_bash_operator.py
[2024-09-12T14:04:46.460+0000] {processor.py:914} INFO - Processing file /home/airflow/.local/lib/python3.12/site-packages/airflow/example_dags/example_bash_operator.py for tasks to queue
[2024-09-12T14:04:46.462+0000] {logging_mixin.py:190} INFO - [2024-09-12T14:04:46.462+0000] {dagbag.py:587} INFO - Filling up the DagBag from /home/airflow/.local/lib/python3.12/site-packages/airflow/example_dags/example_bash_operator.py
[2024-09-12T14:04:46.479+0000] {processor.py:925} INFO - DAG(s) 'example_bash_operator' retrieved from /home/airflow/.local/lib/python3.12/site-packages/airflow/example_dags/example_bash_operator.py
[2024-09-12T14:04:46.505+0000] {logging_mixin.py:190} INFO - [2024-09-12T14:04:46.504+0000] {dag.py:3229} INFO - Sync 1 DAGs
[2024-09-12T14:04:46.528+0000] {logging_mixin.py:190} INFO - [2024-09-12T14:04:46.527+0000] {dag.py:4156} INFO - Setting next_dagrun for example_bash_operator to 2024-09-11 00:00:00+00:00, run_after=2024-09-12 00:00:00+00:00
[2024-09-12T14:04:46.544+0000] {processor.py:208} INFO - Processing /home/airflow/.local/lib/python3.12/site-packages/airflow/example_dags/example_bash_operator.py took 0.091 seconds
[2024-09-12T14:05:17.170+0000] {processor.py:186} INFO - Started process (PID=623) to work on /home/airflow/.local/lib/python3.12/site-packages/airflow/example_dags/example_bash_operator.py
[2024-09-12T14:05:17.171+0000] {processor.py:914} INFO - Processing file /home/airflow/.local/lib/python3.12/site-packages/airflow/example_dags/example_bash_operator.py for tasks to queue
[2024-09-12T14:05:17.174+0000] {logging_mixin.py:190} INFO - [2024-09-12T14:05:17.173+0000] {dagbag.py:587} INFO - Filling up the DagBag from /home/airflow/.local/lib/python3.12/site-packages/airflow/example_dags/example_bash_operator.py
[2024-09-12T14:05:17.189+0000] {processor.py:925} INFO - DAG(s) 'example_bash_operator' retrieved from /home/airflow/.local/lib/python3.12/site-packages/airflow/example_dags/example_bash_operator.py
[2024-09-12T14:05:17.218+0000] {logging_mixin.py:190} INFO - [2024-09-12T14:05:17.218+0000] {dag.py:3229} INFO - Sync 1 DAGs
[2024-09-12T14:05:17.246+0000] {logging_mixin.py:190} INFO - [2024-09-12T14:05:17.246+0000] {dag.py:4156} INFO - Setting next_dagrun for example_bash_operator to 2024-09-11 00:00:00+00:00, run_after=2024-09-12 00:00:00+00:00
[2024-09-12T14:05:17.267+0000] {processor.py:208} INFO - Processing /home/airflow/.local/lib/python3.12/site-packages/airflow/example_dags/example_bash_operator.py took 0.103 seconds
[2024-09-12T14:05:47.307+0000] {processor.py:186} INFO - Started process (PID=685) to work on /home/airflow/.local/lib/python3.12/site-packages/airflow/example_dags/example_bash_operator.py
[2024-09-12T14:05:47.308+0000] {processor.py:914} INFO - Processing file /home/airflow/.local/lib/python3.12/site-packages/airflow/example_dags/example_bash_operator.py for tasks to queue
[2024-09-12T14:05:47.310+0000] {logging_mixin.py:190} INFO - [2024-09-12T14:05:47.310+0000] {dagbag.py:587} INFO - Filling up the DagBag from /home/airflow/.local/lib/python3.12/site-packages/airflow/example_dags/example_bash_operator.py
[2024-09-12T14:05:47.326+0000] {processor.py:925} INFO - DAG(s) 'example_bash_operator' retrieved from /home/airflow/.local/lib/python3.12/site-packages/airflow/example_dags/example_bash_operator.py
[2024-09-12T14:05:47.357+0000] {logging_mixin.py:190} INFO - [2024-09-12T14:05:47.356+0000] {dag.py:3229} INFO - Sync 1 DAGs
[2024-09-12T14:05:47.390+0000] {logging_mixin.py:190} INFO - [2024-09-12T14:05:47.390+0000] {dag.py:4156} INFO - Setting next_dagrun for example_bash_operator to 2024-09-11 00:00:00+00:00, run_after=2024-09-12 00:00:00+00:00
[2024-09-12T14:05:47.408+0000] {processor.py:208} INFO - Processing /home/airflow/.local/lib/python3.12/site-packages/airflow/example_dags/example_bash_operator.py took 0.108 seconds
[2024-09-12T14:06:18.152+0000] {processor.py:186} INFO - Started process (PID=747) to work on /home/airflow/.local/lib/python3.12/site-packages/airflow/example_dags/example_bash_operator.py
[2024-09-12T14:06:18.152+0000] {processor.py:914} INFO - Processing file /home/airflow/.local/lib/python3.12/site-packages/airflow/example_dags/example_bash_operator.py for tasks to queue
[2024-09-12T14:06:18.155+0000] {logging_mixin.py:190} INFO - [2024-09-12T14:06:18.154+0000] {dagbag.py:587} INFO - Filling up the DagBag from /home/airflow/.local/lib/python3.12/site-packages/airflow/example_dags/example_bash_operator.py
[2024-09-12T14:06:18.167+0000] {processor.py:925} INFO - DAG(s) 'example_bash_operator' retrieved from /home/airflow/.local/lib/python3.12/site-packages/airflow/example_dags/example_bash_operator.py
[2024-09-12T14:06:18.194+0000] {logging_mixin.py:190} INFO - [2024-09-12T14:06:18.194+0000] {dag.py:3229} INFO - Sync 1 DAGs
[2024-09-12T14:06:18.221+0000] {logging_mixin.py:190} INFO - [2024-09-12T14:06:18.220+0000] {dag.py:4156} INFO - Setting next_dagrun for example_bash_operator to 2024-09-11 00:00:00+00:00, run_after=2024-09-12 00:00:00+00:00
[2024-09-12T14:06:18.240+0000] {processor.py:208} INFO - Processing /home/airflow/.local/lib/python3.12/site-packages/airflow/example_dags/example_bash_operator.py took 0.094 seconds
[2024-09-12T14:06:48.779+0000] {processor.py:186} INFO - Started process (PID=809) to work on /home/airflow/.local/lib/python3.12/site-packages/airflow/example_dags/example_bash_operator.py
[2024-09-12T14:06:48.780+0000] {processor.py:914} INFO - Processing file /home/airflow/.local/lib/python3.12/site-packages/airflow/example_dags/example_bash_operator.py for tasks to queue
[2024-09-12T14:06:48.782+0000] {logging_mixin.py:190} INFO - [2024-09-12T14:06:48.782+0000] {dagbag.py:587} INFO - Filling up the DagBag from /home/airflow/.local/lib/python3.12/site-packages/airflow/example_dags/example_bash_operator.py
[2024-09-12T14:06:48.795+0000] {processor.py:925} INFO - DAG(s) 'example_bash_operator' retrieved from /home/airflow/.local/lib/python3.12/site-packages/airflow/example_dags/example_bash_operator.py
[2024-09-12T14:06:48.824+0000] {logging_mixin.py:190} INFO - [2024-09-12T14:06:48.824+0000] {dag.py:3229} INFO - Sync 1 DAGs
[2024-09-12T14:06:48.850+0000] {logging_mixin.py:190} INFO - [2024-09-12T14:06:48.849+0000] {dag.py:4156} INFO - Setting next_dagrun for example_bash_operator to 2024-09-11 00:00:00+00:00, run_after=2024-09-12 00:00:00+00:00
[2024-09-12T14:06:48.866+0000] {processor.py:208} INFO - Processing /home/airflow/.local/lib/python3.12/site-packages/airflow/example_dags/example_bash_operator.py took 0.093 seconds
[2024-09-12T14:07:19.088+0000] {processor.py:186} INFO - Started process (PID=871) to work on /home/airflow/.local/lib/python3.12/site-packages/airflow/example_dags/example_bash_operator.py
[2024-09-12T14:07:19.089+0000] {processor.py:914} INFO - Processing file /home/airflow/.local/lib/python3.12/site-packages/airflow/example_dags/example_bash_operator.py for tasks to queue
[2024-09-12T14:07:19.091+0000] {logging_mixin.py:190} INFO - [2024-09-12T14:07:19.091+0000] {dagbag.py:587} INFO - Filling up the DagBag from /home/airflow/.local/lib/python3.12/site-packages/airflow/example_dags/example_bash_operator.py
[2024-09-12T14:07:19.106+0000] {processor.py:925} INFO - DAG(s) 'example_bash_operator' retrieved from /home/airflow/.local/lib/python3.12/site-packages/airflow/example_dags/example_bash_operator.py
[2024-09-12T14:07:19.133+0000] {logging_mixin.py:190} INFO - [2024-09-12T14:07:19.132+0000] {dag.py:3229} INFO - Sync 1 DAGs
[2024-09-12T14:07:19.160+0000] {logging_mixin.py:190} INFO - [2024-09-12T14:07:19.159+0000] {dag.py:4156} INFO - Setting next_dagrun for example_bash_operator to 2024-09-11 00:00:00+00:00, run_after=2024-09-12 00:00:00+00:00
[2024-09-12T14:07:19.203+0000] {processor.py:208} INFO - Processing /home/airflow/.local/lib/python3.12/site-packages/airflow/example_dags/example_bash_operator.py took 0.121 seconds
[2024-09-12T14:07:49.601+0000] {processor.py:186} INFO - Started process (PID=933) to work on /home/airflow/.local/lib/python3.12/site-packages/airflow/example_dags/example_bash_operator.py
[2024-09-12T14:07:49.602+0000] {processor.py:914} INFO - Processing file /home/airflow/.local/lib/python3.12/site-packages/airflow/example_dags/example_bash_operator.py for tasks to queue
[2024-09-12T14:07:49.604+0000] {logging_mixin.py:190} INFO - [2024-09-12T14:07:49.604+0000] {dagbag.py:587} INFO - Filling up the DagBag from /home/airflow/.local/lib/python3.12/site-packages/airflow/example_dags/example_bash_operator.py
[2024-09-12T14:07:49.619+0000] {processor.py:925} INFO - DAG(s) 'example_bash_operator' retrieved from /home/airflow/.local/lib/python3.12/site-packages/airflow/example_dags/example_bash_operator.py
[2024-09-12T14:07:49.651+0000] {logging_mixin.py:190} INFO - [2024-09-12T14:07:49.651+0000] {dag.py:3229} INFO - Sync 1 DAGs
[2024-09-12T14:07:49.698+0000] {logging_mixin.py:190} INFO - [2024-09-12T14:07:49.697+0000] {dag.py:4156} INFO - Setting next_dagrun for example_bash_operator to 2024-09-11 00:00:00+00:00, run_after=2024-09-12 00:00:00+00:00
[2024-09-12T14:07:49.718+0000] {processor.py:208} INFO - Processing /home/airflow/.local/lib/python3.12/site-packages/airflow/example_dags/example_bash_operator.py took 0.124 seconds
[2024-09-12T14:08:20.724+0000] {processor.py:186} INFO - Started process (PID=995) to work on /home/airflow/.local/lib/python3.12/site-packages/airflow/example_dags/example_bash_operator.py
[2024-09-12T14:08:20.725+0000] {processor.py:914} INFO - Processing file /home/airflow/.local/lib/python3.12/site-packages/airflow/example_dags/example_bash_operator.py for tasks to queue
[2024-09-12T14:08:20.728+0000] {logging_mixin.py:190} INFO - [2024-09-12T14:08:20.728+0000] {dagbag.py:587} INFO - Filling up the DagBag from /home/airflow/.local/lib/python3.12/site-packages/airflow/example_dags/example_bash_operator.py
[2024-09-12T14:08:20.747+0000] {processor.py:925} INFO - DAG(s) 'example_bash_operator' retrieved from /home/airflow/.local/lib/python3.12/site-packages/airflow/example_dags/example_bash_operator.py
[2024-09-12T14:08:20.786+0000] {logging_mixin.py:190} INFO - [2024-09-12T14:08:20.786+0000] {dag.py:3229} INFO - Sync 1 DAGs
[2024-09-12T14:08:20.821+0000] {logging_mixin.py:190} INFO - [2024-09-12T14:08:20.821+0000] {dag.py:4156} INFO - Setting next_dagrun for example_bash_operator to 2024-09-11 00:00:00+00:00, run_after=2024-09-12 00:00:00+00:00
[2024-09-12T14:08:20.844+0000] {processor.py:208} INFO - Processing /home/airflow/.local/lib/python3.12/site-packages/airflow/example_dags/example_bash_operator.py took 0.129 seconds
[2024-09-12T14:08:50.981+0000] {processor.py:186} INFO - Started process (PID=1057) to work on /home/airflow/.local/lib/python3.12/site-packages/airflow/example_dags/example_bash_operator.py
[2024-09-12T14:08:50.982+0000] {processor.py:914} INFO - Processing file /home/airflow/.local/lib/python3.12/site-packages/airflow/example_dags/example_bash_operator.py for tasks to queue
[2024-09-12T14:08:50.984+0000] {logging_mixin.py:190} INFO - [2024-09-12T14:08:50.984+0000] {dagbag.py:587} INFO - Filling up the DagBag from /home/airflow/.local/lib/python3.12/site-packages/airflow/example_dags/example_bash_operator.py
[2024-09-12T14:08:50.998+0000] {processor.py:925} INFO - DAG(s) 'example_bash_operator' retrieved from /home/airflow/.local/lib/python3.12/site-packages/airflow/example_dags/example_bash_operator.py
[2024-09-12T14:08:51.026+0000] {logging_mixin.py:190} INFO - [2024-09-12T14:08:51.026+0000] {dag.py:3229} INFO - Sync 1 DAGs
[2024-09-12T14:08:51.051+0000] {logging_mixin.py:190} INFO - [2024-09-12T14:08:51.051+0000] {dag.py:4156} INFO - Setting next_dagrun for example_bash_operator to 2024-09-11 00:00:00+00:00, run_after=2024-09-12 00:00:00+00:00
[2024-09-12T14:08:51.066+0000] {processor.py:208} INFO - Processing /home/airflow/.local/lib/python3.12/site-packages/airflow/example_dags/example_bash_operator.py took 0.091 seconds
[2024-09-12T14:09:21.410+0000] {processor.py:186} INFO - Started process (PID=1119) to work on /home/airflow/.local/lib/python3.12/site-packages/airflow/example_dags/example_bash_operator.py
[2024-09-12T14:09:21.411+0000] {processor.py:914} INFO - Processing file /home/airflow/.local/lib/python3.12/site-packages/airflow/example_dags/example_bash_operator.py for tasks to queue
[2024-09-12T14:09:21.413+0000] {logging_mixin.py:190} INFO - [2024-09-12T14:09:21.413+0000] {dagbag.py:587} INFO - Filling up the DagBag from /home/airflow/.local/lib/python3.12/site-packages/airflow/example_dags/example_bash_operator.py
[2024-09-12T14:09:21.427+0000] {processor.py:925} INFO - DAG(s) 'example_bash_operator' retrieved from /home/airflow/.local/lib/python3.12/site-packages/airflow/example_dags/example_bash_operator.py
[2024-09-12T14:09:21.454+0000] {logging_mixin.py:190} INFO - [2024-09-12T14:09:21.454+0000] {dag.py:3229} INFO - Sync 1 DAGs
[2024-09-12T14:09:21.476+0000] {logging_mixin.py:190} INFO - [2024-09-12T14:09:21.476+0000] {dag.py:4156} INFO - Setting next_dagrun for example_bash_operator to 2024-09-11 00:00:00+00:00, run_after=2024-09-12 00:00:00+00:00
[2024-09-12T14:09:21.493+0000] {processor.py:208} INFO - Processing /home/airflow/.local/lib/python3.12/site-packages/airflow/example_dags/example_bash_operator.py took 0.089 seconds
[2024-09-12T14:09:51.800+0000] {processor.py:186} INFO - Started process (PID=1181) to work on /home/airflow/.local/lib/python3.12/site-packages/airflow/example_dags/example_bash_operator.py
[2024-09-12T14:09:51.801+0000] {processor.py:914} INFO - Processing file /home/airflow/.local/lib/python3.12/site-packages/airflow/example_dags/example_bash_operator.py for tasks to queue
[2024-09-12T14:09:51.804+0000] {logging_mixin.py:190} INFO - [2024-09-12T14:09:51.803+0000] {dagbag.py:587} INFO - Filling up the DagBag from /home/airflow/.local/lib/python3.12/site-packages/airflow/example_dags/example_bash_operator.py
[2024-09-12T14:09:51.818+0000] {processor.py:925} INFO - DAG(s) 'example_bash_operator' retrieved from /home/airflow/.local/lib/python3.12/site-packages/airflow/example_dags/example_bash_operator.py
[2024-09-12T14:09:51.846+0000] {logging_mixin.py:190} INFO - [2024-09-12T14:09:51.846+0000] {dag.py:3229} INFO - Sync 1 DAGs
[2024-09-12T14:09:51.872+0000] {logging_mixin.py:190} INFO - [2024-09-12T14:09:51.871+0000] {dag.py:4156} INFO - Setting next_dagrun for example_bash_operator to 2024-09-11 00:00:00+00:00, run_after=2024-09-12 00:00:00+00:00
[2024-09-12T14:09:51.892+0000] {processor.py:208} INFO - Processing /home/airflow/.local/lib/python3.12/site-packages/airflow/example_dags/example_bash_operator.py took 0.098 seconds
[2024-09-12T14:10:22.416+0000] {processor.py:186} INFO - Started process (PID=1243) to work on /home/airflow/.local/lib/python3.12/site-packages/airflow/example_dags/example_bash_operator.py
[2024-09-12T14:10:22.418+0000] {processor.py:914} INFO - Processing file /home/airflow/.local/lib/python3.12/site-packages/airflow/example_dags/example_bash_operator.py for tasks to queue
[2024-09-12T14:10:22.420+0000] {logging_mixin.py:190} INFO - [2024-09-12T14:10:22.420+0000] {dagbag.py:587} INFO - Filling up the DagBag from /home/airflow/.local/lib/python3.12/site-packages/airflow/example_dags/example_bash_operator.py
[2024-09-12T14:10:22.434+0000] {processor.py:925} INFO - DAG(s) 'example_bash_operator' retrieved from /home/airflow/.local/lib/python3.12/site-packages/airflow/example_dags/example_bash_operator.py
[2024-09-12T14:10:22.462+0000] {logging_mixin.py:190} INFO - [2024-09-12T14:10:22.462+0000] {dag.py:3229} INFO - Sync 1 DAGs
[2024-09-12T14:10:22.488+0000] {logging_mixin.py:190} INFO - [2024-09-12T14:10:22.488+0000] {dag.py:4156} INFO - Setting next_dagrun for example_bash_operator to 2024-09-11 00:00:00+00:00, run_after=2024-09-12 00:00:00+00:00
[2024-09-12T14:10:22.507+0000] {processor.py:208} INFO - Processing /home/airflow/.local/lib/python3.12/site-packages/airflow/example_dags/example_bash_operator.py took 0.097 seconds
[2024-09-12T14:10:52.584+0000] {processor.py:186} INFO - Started process (PID=1305) to work on /home/airflow/.local/lib/python3.12/site-packages/airflow/example_dags/example_bash_operator.py
[2024-09-12T14:10:52.585+0000] {processor.py:914} INFO - Processing file /home/airflow/.local/lib/python3.12/site-packages/airflow/example_dags/example_bash_operator.py for tasks to queue
[2024-09-12T14:10:52.587+0000] {logging_mixin.py:190} INFO - [2024-09-12T14:10:52.587+0000] {dagbag.py:587} INFO - Filling up the DagBag from /home/airflow/.local/lib/python3.12/site-packages/airflow/example_dags/example_bash_operator.py
[2024-09-12T14:10:52.602+0000] {processor.py:925} INFO - DAG(s) 'example_bash_operator' retrieved from /home/airflow/.local/lib/python3.12/site-packages/airflow/example_dags/example_bash_operator.py
[2024-09-12T14:10:52.631+0000] {logging_mixin.py:190} INFO - [2024-09-12T14:10:52.630+0000] {dag.py:3229} INFO - Sync 1 DAGs
[2024-09-12T14:10:52.657+0000] {logging_mixin.py:190} INFO - [2024-09-12T14:10:52.657+0000] {dag.py:4156} INFO - Setting next_dagrun for example_bash_operator to 2024-09-11 00:00:00+00:00, run_after=2024-09-12 00:00:00+00:00
[2024-09-12T14:10:52.694+0000] {processor.py:208} INFO - Processing /home/airflow/.local/lib/python3.12/site-packages/airflow/example_dags/example_bash_operator.py took 0.117 seconds
[2024-09-12T14:11:22.942+0000] {processor.py:186} INFO - Started process (PID=1367) to work on /home/airflow/.local/lib/python3.12/site-packages/airflow/example_dags/example_bash_operator.py
[2024-09-12T14:11:22.943+0000] {processor.py:914} INFO - Processing file /home/airflow/.local/lib/python3.12/site-packages/airflow/example_dags/example_bash_operator.py for tasks to queue
[2024-09-12T14:11:22.945+0000] {logging_mixin.py:190} INFO - [2024-09-12T14:11:22.945+0000] {dagbag.py:587} INFO - Filling up the DagBag from /home/airflow/.local/lib/python3.12/site-packages/airflow/example_dags/example_bash_operator.py
[2024-09-12T14:11:22.961+0000] {processor.py:925} INFO - DAG(s) 'example_bash_operator' retrieved from /home/airflow/.local/lib/python3.12/site-packages/airflow/example_dags/example_bash_operator.py
[2024-09-12T14:11:22.994+0000] {logging_mixin.py:190} INFO - [2024-09-12T14:11:22.994+0000] {dag.py:3229} INFO - Sync 1 DAGs
[2024-09-12T14:11:23.021+0000] {logging_mixin.py:190} INFO - [2024-09-12T14:11:23.020+0000] {dag.py:4156} INFO - Setting next_dagrun for example_bash_operator to 2024-09-11 00:00:00+00:00, run_after=2024-09-12 00:00:00+00:00
[2024-09-12T14:11:23.040+0000] {processor.py:208} INFO - Processing /home/airflow/.local/lib/python3.12/site-packages/airflow/example_dags/example_bash_operator.py took 0.104 seconds
[2024-09-12T14:11:53.577+0000] {processor.py:186} INFO - Started process (PID=1429) to work on /home/airflow/.local/lib/python3.12/site-packages/airflow/example_dags/example_bash_operator.py
[2024-09-12T14:11:53.578+0000] {processor.py:914} INFO - Processing file /home/airflow/.local/lib/python3.12/site-packages/airflow/example_dags/example_bash_operator.py for tasks to queue
[2024-09-12T14:11:53.580+0000] {logging_mixin.py:190} INFO - [2024-09-12T14:11:53.580+0000] {dagbag.py:587} INFO - Filling up the DagBag from /home/airflow/.local/lib/python3.12/site-packages/airflow/example_dags/example_bash_operator.py
[2024-09-12T14:11:53.594+0000] {processor.py:925} INFO - DAG(s) 'example_bash_operator' retrieved from /home/airflow/.local/lib/python3.12/site-packages/airflow/example_dags/example_bash_operator.py
[2024-09-12T14:11:53.632+0000] {logging_mixin.py:190} INFO - [2024-09-12T14:11:53.631+0000] {dag.py:3229} INFO - Sync 1 DAGs
[2024-09-12T14:11:53.670+0000] {logging_mixin.py:190} INFO - [2024-09-12T14:11:53.670+0000] {dag.py:4156} INFO - Setting next_dagrun for example_bash_operator to 2024-09-11 00:00:00+00:00, run_after=2024-09-12 00:00:00+00:00
[2024-09-12T14:11:53.702+0000] {processor.py:208} INFO - Processing /home/airflow/.local/lib/python3.12/site-packages/airflow/example_dags/example_bash_operator.py took 0.132 seconds
[2024-09-12T14:12:24.091+0000] {processor.py:186} INFO - Started process (PID=1491) to work on /home/airflow/.local/lib/python3.12/site-packages/airflow/example_dags/example_bash_operator.py
[2024-09-12T14:12:24.092+0000] {processor.py:914} INFO - Processing file /home/airflow/.local/lib/python3.12/site-packages/airflow/example_dags/example_bash_operator.py for tasks to queue
[2024-09-12T14:12:24.094+0000] {logging_mixin.py:190} INFO - [2024-09-12T14:12:24.094+0000] {dagbag.py:587} INFO - Filling up the DagBag from /home/airflow/.local/lib/python3.12/site-packages/airflow/example_dags/example_bash_operator.py
[2024-09-12T14:12:24.108+0000] {processor.py:925} INFO - DAG(s) 'example_bash_operator' retrieved from /home/airflow/.local/lib/python3.12/site-packages/airflow/example_dags/example_bash_operator.py
[2024-09-12T14:12:24.137+0000] {logging_mixin.py:190} INFO - [2024-09-12T14:12:24.136+0000] {dag.py:3229} INFO - Sync 1 DAGs
[2024-09-12T14:12:24.165+0000] {logging_mixin.py:190} INFO - [2024-09-12T14:12:24.165+0000] {dag.py:4156} INFO - Setting next_dagrun for example_bash_operator to 2024-09-11 00:00:00+00:00, run_after=2024-09-12 00:00:00+00:00
[2024-09-12T14:12:24.189+0000] {processor.py:208} INFO - Processing /home/airflow/.local/lib/python3.12/site-packages/airflow/example_dags/example_bash_operator.py took 0.105 seconds
[2024-09-12T14:12:54.857+0000] {processor.py:186} INFO - Started process (PID=1553) to work on /home/airflow/.local/lib/python3.12/site-packages/airflow/example_dags/example_bash_operator.py
[2024-09-12T14:12:54.859+0000] {processor.py:914} INFO - Processing file /home/airflow/.local/lib/python3.12/site-packages/airflow/example_dags/example_bash_operator.py for tasks to queue
[2024-09-12T14:12:54.861+0000] {logging_mixin.py:190} INFO - [2024-09-12T14:12:54.861+0000] {dagbag.py:587} INFO - Filling up the DagBag from /home/airflow/.local/lib/python3.12/site-packages/airflow/example_dags/example_bash_operator.py
[2024-09-12T14:12:54.879+0000] {processor.py:925} INFO - DAG(s) 'example_bash_operator' retrieved from /home/airflow/.local/lib/python3.12/site-packages/airflow/example_dags/example_bash_operator.py
[2024-09-12T14:12:54.909+0000] {logging_mixin.py:190} INFO - [2024-09-12T14:12:54.909+0000] {dag.py:3229} INFO - Sync 1 DAGs
[2024-09-12T14:12:54.933+0000] {logging_mixin.py:190} INFO - [2024-09-12T14:12:54.933+0000] {dag.py:4156} INFO - Setting next_dagrun for example_bash_operator to 2024-09-11 00:00:00+00:00, run_after=2024-09-12 00:00:00+00:00
[2024-09-12T14:12:54.951+0000] {processor.py:208} INFO - Processing /home/airflow/.local/lib/python3.12/site-packages/airflow/example_dags/example_bash_operator.py took 0.100 seconds
[2024-09-12T14:13:25.420+0000] {processor.py:186} INFO - Started process (PID=1615) to work on /home/airflow/.local/lib/python3.12/site-packages/airflow/example_dags/example_bash_operator.py
[2024-09-12T14:13:25.422+0000] {processor.py:914} INFO - Processing file /home/airflow/.local/lib/python3.12/site-packages/airflow/example_dags/example_bash_operator.py for tasks to queue
[2024-09-12T14:13:25.425+0000] {logging_mixin.py:190} INFO - [2024-09-12T14:13:25.424+0000] {dagbag.py:587} INFO - Filling up the DagBag from /home/airflow/.local/lib/python3.12/site-packages/airflow/example_dags/example_bash_operator.py
[2024-09-12T14:13:25.439+0000] {processor.py:925} INFO - DAG(s) 'example_bash_operator' retrieved from /home/airflow/.local/lib/python3.12/site-packages/airflow/example_dags/example_bash_operator.py
[2024-09-12T14:13:25.468+0000] {logging_mixin.py:190} INFO - [2024-09-12T14:13:25.468+0000] {dag.py:3229} INFO - Sync 1 DAGs
[2024-09-12T14:13:25.495+0000] {logging_mixin.py:190} INFO - [2024-09-12T14:13:25.494+0000] {dag.py:4156} INFO - Setting next_dagrun for example_bash_operator to 2024-09-11 00:00:00+00:00, run_after=2024-09-12 00:00:00+00:00
[2024-09-12T14:13:25.513+0000] {processor.py:208} INFO - Processing /home/airflow/.local/lib/python3.12/site-packages/airflow/example_dags/example_bash_operator.py took 0.099 seconds
[2024-09-12T14:13:55.675+0000] {processor.py:186} INFO - Started process (PID=1677) to work on /home/airflow/.local/lib/python3.12/site-packages/airflow/example_dags/example_bash_operator.py
[2024-09-12T14:13:55.676+0000] {processor.py:914} INFO - Processing file /home/airflow/.local/lib/python3.12/site-packages/airflow/example_dags/example_bash_operator.py for tasks to queue
[2024-09-12T14:13:55.679+0000] {logging_mixin.py:190} INFO - [2024-09-12T14:13:55.679+0000] {dagbag.py:587} INFO - Filling up the DagBag from /home/airflow/.local/lib/python3.12/site-packages/airflow/example_dags/example_bash_operator.py
[2024-09-12T14:13:55.696+0000] {processor.py:925} INFO - DAG(s) 'example_bash_operator' retrieved from /home/airflow/.local/lib/python3.12/site-packages/airflow/example_dags/example_bash_operator.py
[2024-09-12T14:13:55.728+0000] {logging_mixin.py:190} INFO - [2024-09-12T14:13:55.728+0000] {dag.py:3229} INFO - Sync 1 DAGs
[2024-09-12T14:13:55.759+0000] {logging_mixin.py:190} INFO - [2024-09-12T14:13:55.759+0000] {dag.py:4156} INFO - Setting next_dagrun for example_bash_operator to 2024-09-11 00:00:00+00:00, run_after=2024-09-12 00:00:00+00:00
[2024-09-12T14:13:55.796+0000] {processor.py:208} INFO - Processing /home/airflow/.local/lib/python3.12/site-packages/airflow/example_dags/example_bash_operator.py took 0.129 seconds
[2024-09-12T14:14:26.073+0000] {processor.py:186} INFO - Started process (PID=1739) to work on /home/airflow/.local/lib/python3.12/site-packages/airflow/example_dags/example_bash_operator.py
[2024-09-12T14:14:26.074+0000] {processor.py:914} INFO - Processing file /home/airflow/.local/lib/python3.12/site-packages/airflow/example_dags/example_bash_operator.py for tasks to queue
[2024-09-12T14:14:26.077+0000] {logging_mixin.py:190} INFO - [2024-09-12T14:14:26.076+0000] {dagbag.py:587} INFO - Filling up the DagBag from /home/airflow/.local/lib/python3.12/site-packages/airflow/example_dags/example_bash_operator.py
[2024-09-12T14:14:26.091+0000] {processor.py:925} INFO - DAG(s) 'example_bash_operator' retrieved from /home/airflow/.local/lib/python3.12/site-packages/airflow/example_dags/example_bash_operator.py
[2024-09-12T14:14:26.121+0000] {logging_mixin.py:190} INFO - [2024-09-12T14:14:26.120+0000] {dag.py:3229} INFO - Sync 1 DAGs
[2024-09-12T14:14:26.184+0000] {logging_mixin.py:190} INFO - [2024-09-12T14:14:26.184+0000] {dag.py:4156} INFO - Setting next_dagrun for example_bash_operator to 2024-09-11 00:00:00+00:00, run_after=2024-09-12 00:00:00+00:00
[2024-09-12T14:14:26.208+0000] {processor.py:208} INFO - Processing /home/airflow/.local/lib/python3.12/site-packages/airflow/example_dags/example_bash_operator.py took 0.142 seconds
[2024-09-12T14:14:56.778+0000] {processor.py:186} INFO - Started process (PID=1801) to work on /home/airflow/.local/lib/python3.12/site-packages/airflow/example_dags/example_bash_operator.py
[2024-09-12T14:14:56.779+0000] {processor.py:914} INFO - Processing file /home/airflow/.local/lib/python3.12/site-packages/airflow/example_dags/example_bash_operator.py for tasks to queue
[2024-09-12T14:14:56.781+0000] {logging_mixin.py:190} INFO - [2024-09-12T14:14:56.781+0000] {dagbag.py:587} INFO - Filling up the DagBag from /home/airflow/.local/lib/python3.12/site-packages/airflow/example_dags/example_bash_operator.py
[2024-09-12T14:14:56.796+0000] {processor.py:925} INFO - DAG(s) 'example_bash_operator' retrieved from /home/airflow/.local/lib/python3.12/site-packages/airflow/example_dags/example_bash_operator.py
[2024-09-12T14:14:56.823+0000] {logging_mixin.py:190} INFO - [2024-09-12T14:14:56.823+0000] {dag.py:3229} INFO - Sync 1 DAGs
[2024-09-12T14:14:56.849+0000] {logging_mixin.py:190} INFO - [2024-09-12T14:14:56.848+0000] {dag.py:4156} INFO - Setting next_dagrun for example_bash_operator to 2024-09-11 00:00:00+00:00, run_after=2024-09-12 00:00:00+00:00
[2024-09-12T14:14:56.867+0000] {processor.py:208} INFO - Processing /home/airflow/.local/lib/python3.12/site-packages/airflow/example_dags/example_bash_operator.py took 0.095 seconds
[2024-09-12T14:18:12.799+0000] {processor.py:186} INFO - Started process (PID=58) to work on /home/airflow/.local/lib/python3.12/site-packages/airflow/example_dags/example_bash_operator.py
[2024-09-12T14:18:12.800+0000] {processor.py:914} INFO - Processing file /home/airflow/.local/lib/python3.12/site-packages/airflow/example_dags/example_bash_operator.py for tasks to queue
[2024-09-12T14:18:12.803+0000] {logging_mixin.py:190} INFO - [2024-09-12T14:18:12.802+0000] {dagbag.py:587} INFO - Filling up the DagBag from /home/airflow/.local/lib/python3.12/site-packages/airflow/example_dags/example_bash_operator.py
[2024-09-12T14:18:12.817+0000] {processor.py:925} INFO - DAG(s) 'example_bash_operator' retrieved from /home/airflow/.local/lib/python3.12/site-packages/airflow/example_dags/example_bash_operator.py
[2024-09-12T14:18:12.861+0000] {logging_mixin.py:190} INFO - [2024-09-12T14:18:12.860+0000] {dag.py:3229} INFO - Sync 1 DAGs
[2024-09-12T14:18:12.906+0000] {logging_mixin.py:190} INFO - [2024-09-12T14:18:12.905+0000] {dag.py:4156} INFO - Setting next_dagrun for example_bash_operator to 2024-09-11 00:00:00+00:00, run_after=2024-09-12 00:00:00+00:00
[2024-09-12T14:18:12.928+0000] {processor.py:208} INFO - Processing /home/airflow/.local/lib/python3.12/site-packages/airflow/example_dags/example_bash_operator.py took 0.135 seconds
