[2024-09-12T14:00:44.811+0000] {processor.py:186} INFO - Started process (PID=73) to work on /home/airflow/.local/lib/python3.12/site-packages/airflow/example_dags/example_dag_decorator.py
[2024-09-12T14:00:44.812+0000] {processor.py:914} INFO - Processing file /home/airflow/.local/lib/python3.12/site-packages/airflow/example_dags/example_dag_decorator.py for tasks to queue
[2024-09-12T14:00:44.823+0000] {logging_mixin.py:190} INFO - [2024-09-12T14:00:44.822+0000] {dagbag.py:587} INFO - Filling up the DagBag from /home/airflow/.local/lib/python3.12/site-packages/airflow/example_dags/example_dag_decorator.py
[2024-09-12T14:00:44.894+0000] {processor.py:925} INFO - DAG(s) 'example_dag_decorator' retrieved from /home/airflow/.local/lib/python3.12/site-packages/airflow/example_dags/example_dag_decorator.py
[2024-09-12T14:00:45.224+0000] {logging_mixin.py:190} INFO - [2024-09-12T14:00:45.223+0000] {override.py:1900} INFO - Created Permission View: can read on DAG:example_dag_decorator
[2024-09-12T14:00:45.239+0000] {logging_mixin.py:190} INFO - [2024-09-12T14:00:45.238+0000] {override.py:1900} INFO - Created Permission View: can delete on DAG:example_dag_decorator
[2024-09-12T14:00:45.247+0000] {logging_mixin.py:190} INFO - [2024-09-12T14:00:45.247+0000] {override.py:1900} INFO - Created Permission View: can edit on DAG:example_dag_decorator
[2024-09-12T14:00:45.287+0000] {logging_mixin.py:190} INFO - [2024-09-12T14:00:45.287+0000] {override.py:1900} INFO - Created Permission View: can read on DAG Run:example_dag_decorator
[2024-09-12T14:00:45.296+0000] {logging_mixin.py:190} INFO - [2024-09-12T14:00:45.295+0000] {override.py:1900} INFO - Created Permission View: can create on DAG Run:example_dag_decorator
[2024-09-12T14:00:45.306+0000] {logging_mixin.py:190} INFO - [2024-09-12T14:00:45.306+0000] {override.py:1900} INFO - Created Permission View: can delete on DAG Run:example_dag_decorator
[2024-09-12T14:00:45.316+0000] {logging_mixin.py:190} INFO - [2024-09-12T14:00:45.316+0000] {override.py:1900} INFO - Created Permission View: menu access on DAG Run:example_dag_decorator
[2024-09-12T14:00:45.317+0000] {logging_mixin.py:190} INFO - [2024-09-12T14:00:45.317+0000] {dag.py:3229} INFO - Sync 1 DAGs
[2024-09-12T14:00:45.344+0000] {logging_mixin.py:190} INFO - [2024-09-12T14:00:45.344+0000] {dag.py:3252} INFO - Creating ORM DAG for example_dag_decorator
[2024-09-12T14:00:45.348+0000] {logging_mixin.py:190} INFO - [2024-09-12T14:00:45.348+0000] {dag.py:4156} INFO - Setting next_dagrun for example_dag_decorator to None, run_after=None
[2024-09-12T14:00:45.394+0000] {processor.py:208} INFO - Processing /home/airflow/.local/lib/python3.12/site-packages/airflow/example_dags/example_dag_decorator.py took 0.590 seconds
[2024-09-12T14:01:15.847+0000] {processor.py:186} INFO - Started process (PID=135) to work on /home/airflow/.local/lib/python3.12/site-packages/airflow/example_dags/example_dag_decorator.py
[2024-09-12T14:01:15.848+0000] {processor.py:914} INFO - Processing file /home/airflow/.local/lib/python3.12/site-packages/airflow/example_dags/example_dag_decorator.py for tasks to queue
[2024-09-12T14:01:15.851+0000] {logging_mixin.py:190} INFO - [2024-09-12T14:01:15.850+0000] {dagbag.py:587} INFO - Filling up the DagBag from /home/airflow/.local/lib/python3.12/site-packages/airflow/example_dags/example_dag_decorator.py
[2024-09-12T14:01:15.865+0000] {processor.py:925} INFO - DAG(s) 'example_dag_decorator' retrieved from /home/airflow/.local/lib/python3.12/site-packages/airflow/example_dags/example_dag_decorator.py
[2024-09-12T14:01:16.005+0000] {logging_mixin.py:190} INFO - [2024-09-12T14:01:16.004+0000] {dag.py:3229} INFO - Sync 1 DAGs
[2024-09-12T14:01:16.019+0000] {logging_mixin.py:190} INFO - [2024-09-12T14:01:16.018+0000] {dag.py:4156} INFO - Setting next_dagrun for example_dag_decorator to None, run_after=None
[2024-09-12T14:01:16.040+0000] {processor.py:208} INFO - Processing /home/airflow/.local/lib/python3.12/site-packages/airflow/example_dags/example_dag_decorator.py took 0.200 seconds
[2024-09-12T14:01:46.346+0000] {processor.py:186} INFO - Started process (PID=197) to work on /home/airflow/.local/lib/python3.12/site-packages/airflow/example_dags/example_dag_decorator.py
[2024-09-12T14:01:46.347+0000] {processor.py:914} INFO - Processing file /home/airflow/.local/lib/python3.12/site-packages/airflow/example_dags/example_dag_decorator.py for tasks to queue
[2024-09-12T14:01:46.350+0000] {logging_mixin.py:190} INFO - [2024-09-12T14:01:46.349+0000] {dagbag.py:587} INFO - Filling up the DagBag from /home/airflow/.local/lib/python3.12/site-packages/airflow/example_dags/example_dag_decorator.py
[2024-09-12T14:01:46.362+0000] {processor.py:925} INFO - DAG(s) 'example_dag_decorator' retrieved from /home/airflow/.local/lib/python3.12/site-packages/airflow/example_dags/example_dag_decorator.py
[2024-09-12T14:01:46.491+0000] {logging_mixin.py:190} INFO - [2024-09-12T14:01:46.491+0000] {dag.py:3229} INFO - Sync 1 DAGs
[2024-09-12T14:01:46.503+0000] {logging_mixin.py:190} INFO - [2024-09-12T14:01:46.503+0000] {dag.py:4156} INFO - Setting next_dagrun for example_dag_decorator to None, run_after=None
[2024-09-12T14:01:46.520+0000] {processor.py:208} INFO - Processing /home/airflow/.local/lib/python3.12/site-packages/airflow/example_dags/example_dag_decorator.py took 0.182 seconds
[2024-09-12T14:02:17.021+0000] {processor.py:186} INFO - Started process (PID=259) to work on /home/airflow/.local/lib/python3.12/site-packages/airflow/example_dags/example_dag_decorator.py
[2024-09-12T14:02:17.022+0000] {processor.py:914} INFO - Processing file /home/airflow/.local/lib/python3.12/site-packages/airflow/example_dags/example_dag_decorator.py for tasks to queue
[2024-09-12T14:02:17.025+0000] {logging_mixin.py:190} INFO - [2024-09-12T14:02:17.024+0000] {dagbag.py:587} INFO - Filling up the DagBag from /home/airflow/.local/lib/python3.12/site-packages/airflow/example_dags/example_dag_decorator.py
[2024-09-12T14:02:17.040+0000] {processor.py:925} INFO - DAG(s) 'example_dag_decorator' retrieved from /home/airflow/.local/lib/python3.12/site-packages/airflow/example_dags/example_dag_decorator.py
[2024-09-12T14:02:17.194+0000] {logging_mixin.py:190} INFO - [2024-09-12T14:02:17.194+0000] {dag.py:3229} INFO - Sync 1 DAGs
[2024-09-12T14:02:17.214+0000] {logging_mixin.py:190} INFO - [2024-09-12T14:02:17.214+0000] {dag.py:4156} INFO - Setting next_dagrun for example_dag_decorator to None, run_after=None
[2024-09-12T14:02:17.246+0000] {processor.py:208} INFO - Processing /home/airflow/.local/lib/python3.12/site-packages/airflow/example_dags/example_dag_decorator.py took 0.232 seconds
[2024-09-12T14:02:47.337+0000] {processor.py:186} INFO - Started process (PID=321) to work on /home/airflow/.local/lib/python3.12/site-packages/airflow/example_dags/example_dag_decorator.py
[2024-09-12T14:02:47.339+0000] {processor.py:914} INFO - Processing file /home/airflow/.local/lib/python3.12/site-packages/airflow/example_dags/example_dag_decorator.py for tasks to queue
[2024-09-12T14:02:47.341+0000] {logging_mixin.py:190} INFO - [2024-09-12T14:02:47.341+0000] {dagbag.py:587} INFO - Filling up the DagBag from /home/airflow/.local/lib/python3.12/site-packages/airflow/example_dags/example_dag_decorator.py
[2024-09-12T14:02:47.354+0000] {processor.py:925} INFO - DAG(s) 'example_dag_decorator' retrieved from /home/airflow/.local/lib/python3.12/site-packages/airflow/example_dags/example_dag_decorator.py
[2024-09-12T14:02:47.510+0000] {logging_mixin.py:190} INFO - [2024-09-12T14:02:47.510+0000] {dag.py:3229} INFO - Sync 1 DAGs
[2024-09-12T14:02:47.524+0000] {logging_mixin.py:190} INFO - [2024-09-12T14:02:47.523+0000] {dag.py:4156} INFO - Setting next_dagrun for example_dag_decorator to None, run_after=None
[2024-09-12T14:02:47.544+0000] {processor.py:208} INFO - Processing /home/airflow/.local/lib/python3.12/site-packages/airflow/example_dags/example_dag_decorator.py took 0.213 seconds
[2024-09-12T14:03:17.842+0000] {processor.py:186} INFO - Started process (PID=383) to work on /home/airflow/.local/lib/python3.12/site-packages/airflow/example_dags/example_dag_decorator.py
[2024-09-12T14:03:17.843+0000] {processor.py:914} INFO - Processing file /home/airflow/.local/lib/python3.12/site-packages/airflow/example_dags/example_dag_decorator.py for tasks to queue
[2024-09-12T14:03:17.846+0000] {logging_mixin.py:190} INFO - [2024-09-12T14:03:17.846+0000] {dagbag.py:587} INFO - Filling up the DagBag from /home/airflow/.local/lib/python3.12/site-packages/airflow/example_dags/example_dag_decorator.py
[2024-09-12T14:03:17.864+0000] {processor.py:925} INFO - DAG(s) 'example_dag_decorator' retrieved from /home/airflow/.local/lib/python3.12/site-packages/airflow/example_dags/example_dag_decorator.py
[2024-09-12T14:03:18.056+0000] {logging_mixin.py:190} INFO - [2024-09-12T14:03:18.056+0000] {dag.py:3229} INFO - Sync 1 DAGs
[2024-09-12T14:03:18.075+0000] {logging_mixin.py:190} INFO - [2024-09-12T14:03:18.075+0000] {dag.py:4156} INFO - Setting next_dagrun for example_dag_decorator to None, run_after=None
[2024-09-12T14:03:18.102+0000] {processor.py:208} INFO - Processing /home/airflow/.local/lib/python3.12/site-packages/airflow/example_dags/example_dag_decorator.py took 0.268 seconds
[2024-09-12T14:03:48.784+0000] {processor.py:186} INFO - Started process (PID=445) to work on /home/airflow/.local/lib/python3.12/site-packages/airflow/example_dags/example_dag_decorator.py
[2024-09-12T14:03:48.785+0000] {processor.py:914} INFO - Processing file /home/airflow/.local/lib/python3.12/site-packages/airflow/example_dags/example_dag_decorator.py for tasks to queue
[2024-09-12T14:03:48.788+0000] {logging_mixin.py:190} INFO - [2024-09-12T14:03:48.787+0000] {dagbag.py:587} INFO - Filling up the DagBag from /home/airflow/.local/lib/python3.12/site-packages/airflow/example_dags/example_dag_decorator.py
[2024-09-12T14:03:48.799+0000] {processor.py:925} INFO - DAG(s) 'example_dag_decorator' retrieved from /home/airflow/.local/lib/python3.12/site-packages/airflow/example_dags/example_dag_decorator.py
[2024-09-12T14:03:48.912+0000] {logging_mixin.py:190} INFO - [2024-09-12T14:03:48.911+0000] {dag.py:3229} INFO - Sync 1 DAGs
[2024-09-12T14:03:48.923+0000] {logging_mixin.py:190} INFO - [2024-09-12T14:03:48.923+0000] {dag.py:4156} INFO - Setting next_dagrun for example_dag_decorator to None, run_after=None
[2024-09-12T14:03:48.940+0000] {processor.py:208} INFO - Processing /home/airflow/.local/lib/python3.12/site-packages/airflow/example_dags/example_dag_decorator.py took 0.162 seconds
[2024-09-12T14:04:19.062+0000] {processor.py:186} INFO - Started process (PID=507) to work on /home/airflow/.local/lib/python3.12/site-packages/airflow/example_dags/example_dag_decorator.py
[2024-09-12T14:04:19.063+0000] {processor.py:914} INFO - Processing file /home/airflow/.local/lib/python3.12/site-packages/airflow/example_dags/example_dag_decorator.py for tasks to queue
[2024-09-12T14:04:19.065+0000] {logging_mixin.py:190} INFO - [2024-09-12T14:04:19.065+0000] {dagbag.py:587} INFO - Filling up the DagBag from /home/airflow/.local/lib/python3.12/site-packages/airflow/example_dags/example_dag_decorator.py
[2024-09-12T14:04:19.077+0000] {processor.py:925} INFO - DAG(s) 'example_dag_decorator' retrieved from /home/airflow/.local/lib/python3.12/site-packages/airflow/example_dags/example_dag_decorator.py
[2024-09-12T14:04:19.215+0000] {logging_mixin.py:190} INFO - [2024-09-12T14:04:19.215+0000] {dag.py:3229} INFO - Sync 1 DAGs
[2024-09-12T14:04:19.236+0000] {logging_mixin.py:190} INFO - [2024-09-12T14:04:19.236+0000] {dag.py:4156} INFO - Setting next_dagrun for example_dag_decorator to None, run_after=None
[2024-09-12T14:04:19.297+0000] {processor.py:208} INFO - Processing /home/airflow/.local/lib/python3.12/site-packages/airflow/example_dags/example_dag_decorator.py took 0.242 seconds
[2024-09-12T14:04:49.871+0000] {processor.py:186} INFO - Started process (PID=569) to work on /home/airflow/.local/lib/python3.12/site-packages/airflow/example_dags/example_dag_decorator.py
[2024-09-12T14:04:49.872+0000] {processor.py:914} INFO - Processing file /home/airflow/.local/lib/python3.12/site-packages/airflow/example_dags/example_dag_decorator.py for tasks to queue
[2024-09-12T14:04:49.874+0000] {logging_mixin.py:190} INFO - [2024-09-12T14:04:49.874+0000] {dagbag.py:587} INFO - Filling up the DagBag from /home/airflow/.local/lib/python3.12/site-packages/airflow/example_dags/example_dag_decorator.py
[2024-09-12T14:04:49.886+0000] {processor.py:925} INFO - DAG(s) 'example_dag_decorator' retrieved from /home/airflow/.local/lib/python3.12/site-packages/airflow/example_dags/example_dag_decorator.py
[2024-09-12T14:04:50.004+0000] {logging_mixin.py:190} INFO - [2024-09-12T14:04:50.004+0000] {dag.py:3229} INFO - Sync 1 DAGs
[2024-09-12T14:04:50.016+0000] {logging_mixin.py:190} INFO - [2024-09-12T14:04:50.016+0000] {dag.py:4156} INFO - Setting next_dagrun for example_dag_decorator to None, run_after=None
[2024-09-12T14:04:50.036+0000] {processor.py:208} INFO - Processing /home/airflow/.local/lib/python3.12/site-packages/airflow/example_dags/example_dag_decorator.py took 0.172 seconds
[2024-09-12T14:05:20.599+0000] {processor.py:186} INFO - Started process (PID=631) to work on /home/airflow/.local/lib/python3.12/site-packages/airflow/example_dags/example_dag_decorator.py
[2024-09-12T14:05:20.602+0000] {processor.py:914} INFO - Processing file /home/airflow/.local/lib/python3.12/site-packages/airflow/example_dags/example_dag_decorator.py for tasks to queue
[2024-09-12T14:05:20.604+0000] {logging_mixin.py:190} INFO - [2024-09-12T14:05:20.603+0000] {dagbag.py:587} INFO - Filling up the DagBag from /home/airflow/.local/lib/python3.12/site-packages/airflow/example_dags/example_dag_decorator.py
[2024-09-12T14:05:20.615+0000] {processor.py:925} INFO - DAG(s) 'example_dag_decorator' retrieved from /home/airflow/.local/lib/python3.12/site-packages/airflow/example_dags/example_dag_decorator.py
[2024-09-12T14:05:20.731+0000] {logging_mixin.py:190} INFO - [2024-09-12T14:05:20.730+0000] {dag.py:3229} INFO - Sync 1 DAGs
[2024-09-12T14:05:20.743+0000] {logging_mixin.py:190} INFO - [2024-09-12T14:05:20.743+0000] {dag.py:4156} INFO - Setting next_dagrun for example_dag_decorator to None, run_after=None
[2024-09-12T14:05:20.763+0000] {processor.py:208} INFO - Processing /home/airflow/.local/lib/python3.12/site-packages/airflow/example_dags/example_dag_decorator.py took 0.169 seconds
[2024-09-12T14:05:50.871+0000] {processor.py:186} INFO - Started process (PID=693) to work on /home/airflow/.local/lib/python3.12/site-packages/airflow/example_dags/example_dag_decorator.py
[2024-09-12T14:05:50.872+0000] {processor.py:914} INFO - Processing file /home/airflow/.local/lib/python3.12/site-packages/airflow/example_dags/example_dag_decorator.py for tasks to queue
[2024-09-12T14:05:50.875+0000] {logging_mixin.py:190} INFO - [2024-09-12T14:05:50.874+0000] {dagbag.py:587} INFO - Filling up the DagBag from /home/airflow/.local/lib/python3.12/site-packages/airflow/example_dags/example_dag_decorator.py
[2024-09-12T14:05:50.887+0000] {processor.py:925} INFO - DAG(s) 'example_dag_decorator' retrieved from /home/airflow/.local/lib/python3.12/site-packages/airflow/example_dags/example_dag_decorator.py
[2024-09-12T14:05:51.024+0000] {logging_mixin.py:190} INFO - [2024-09-12T14:05:51.023+0000] {dag.py:3229} INFO - Sync 1 DAGs
[2024-09-12T14:05:51.037+0000] {logging_mixin.py:190} INFO - [2024-09-12T14:05:51.037+0000] {dag.py:4156} INFO - Setting next_dagrun for example_dag_decorator to None, run_after=None
[2024-09-12T14:05:51.056+0000] {processor.py:208} INFO - Processing /home/airflow/.local/lib/python3.12/site-packages/airflow/example_dags/example_dag_decorator.py took 0.190 seconds
[2024-09-12T14:06:21.124+0000] {processor.py:186} INFO - Started process (PID=755) to work on /home/airflow/.local/lib/python3.12/site-packages/airflow/example_dags/example_dag_decorator.py
[2024-09-12T14:06:21.125+0000] {processor.py:914} INFO - Processing file /home/airflow/.local/lib/python3.12/site-packages/airflow/example_dags/example_dag_decorator.py for tasks to queue
[2024-09-12T14:06:21.127+0000] {logging_mixin.py:190} INFO - [2024-09-12T14:06:21.127+0000] {dagbag.py:587} INFO - Filling up the DagBag from /home/airflow/.local/lib/python3.12/site-packages/airflow/example_dags/example_dag_decorator.py
[2024-09-12T14:06:21.138+0000] {processor.py:925} INFO - DAG(s) 'example_dag_decorator' retrieved from /home/airflow/.local/lib/python3.12/site-packages/airflow/example_dags/example_dag_decorator.py
[2024-09-12T14:06:21.400+0000] {logging_mixin.py:190} INFO - [2024-09-12T14:06:21.400+0000] {dag.py:3229} INFO - Sync 1 DAGs
[2024-09-12T14:06:21.414+0000] {logging_mixin.py:190} INFO - [2024-09-12T14:06:21.413+0000] {dag.py:4156} INFO - Setting next_dagrun for example_dag_decorator to None, run_after=None
[2024-09-12T14:06:21.433+0000] {processor.py:208} INFO - Processing /home/airflow/.local/lib/python3.12/site-packages/airflow/example_dags/example_dag_decorator.py took 0.315 seconds
[2024-09-12T14:06:52.362+0000] {processor.py:186} INFO - Started process (PID=817) to work on /home/airflow/.local/lib/python3.12/site-packages/airflow/example_dags/example_dag_decorator.py
[2024-09-12T14:06:52.363+0000] {processor.py:914} INFO - Processing file /home/airflow/.local/lib/python3.12/site-packages/airflow/example_dags/example_dag_decorator.py for tasks to queue
[2024-09-12T14:06:52.366+0000] {logging_mixin.py:190} INFO - [2024-09-12T14:06:52.365+0000] {dagbag.py:587} INFO - Filling up the DagBag from /home/airflow/.local/lib/python3.12/site-packages/airflow/example_dags/example_dag_decorator.py
[2024-09-12T14:06:52.379+0000] {processor.py:925} INFO - DAG(s) 'example_dag_decorator' retrieved from /home/airflow/.local/lib/python3.12/site-packages/airflow/example_dags/example_dag_decorator.py
[2024-09-12T14:06:52.529+0000] {logging_mixin.py:190} INFO - [2024-09-12T14:06:52.529+0000] {dag.py:3229} INFO - Sync 1 DAGs
[2024-09-12T14:06:52.543+0000] {logging_mixin.py:190} INFO - [2024-09-12T14:06:52.543+0000] {dag.py:4156} INFO - Setting next_dagrun for example_dag_decorator to None, run_after=None
[2024-09-12T14:06:52.561+0000] {processor.py:208} INFO - Processing /home/airflow/.local/lib/python3.12/site-packages/airflow/example_dags/example_dag_decorator.py took 0.206 seconds
[2024-09-12T14:07:22.657+0000] {processor.py:186} INFO - Started process (PID=879) to work on /home/airflow/.local/lib/python3.12/site-packages/airflow/example_dags/example_dag_decorator.py
[2024-09-12T14:07:22.658+0000] {processor.py:914} INFO - Processing file /home/airflow/.local/lib/python3.12/site-packages/airflow/example_dags/example_dag_decorator.py for tasks to queue
[2024-09-12T14:07:22.660+0000] {logging_mixin.py:190} INFO - [2024-09-12T14:07:22.660+0000] {dagbag.py:587} INFO - Filling up the DagBag from /home/airflow/.local/lib/python3.12/site-packages/airflow/example_dags/example_dag_decorator.py
[2024-09-12T14:07:22.674+0000] {processor.py:925} INFO - DAG(s) 'example_dag_decorator' retrieved from /home/airflow/.local/lib/python3.12/site-packages/airflow/example_dags/example_dag_decorator.py
[2024-09-12T14:07:22.809+0000] {logging_mixin.py:190} INFO - [2024-09-12T14:07:22.808+0000] {dag.py:3229} INFO - Sync 1 DAGs
[2024-09-12T14:07:22.822+0000] {logging_mixin.py:190} INFO - [2024-09-12T14:07:22.821+0000] {dag.py:4156} INFO - Setting next_dagrun for example_dag_decorator to None, run_after=None
[2024-09-12T14:07:22.840+0000] {processor.py:208} INFO - Processing /home/airflow/.local/lib/python3.12/site-packages/airflow/example_dags/example_dag_decorator.py took 0.190 seconds
[2024-09-12T14:07:53.172+0000] {processor.py:186} INFO - Started process (PID=941) to work on /home/airflow/.local/lib/python3.12/site-packages/airflow/example_dags/example_dag_decorator.py
[2024-09-12T14:07:53.173+0000] {processor.py:914} INFO - Processing file /home/airflow/.local/lib/python3.12/site-packages/airflow/example_dags/example_dag_decorator.py for tasks to queue
[2024-09-12T14:07:53.175+0000] {logging_mixin.py:190} INFO - [2024-09-12T14:07:53.175+0000] {dagbag.py:587} INFO - Filling up the DagBag from /home/airflow/.local/lib/python3.12/site-packages/airflow/example_dags/example_dag_decorator.py
[2024-09-12T14:07:53.189+0000] {processor.py:925} INFO - DAG(s) 'example_dag_decorator' retrieved from /home/airflow/.local/lib/python3.12/site-packages/airflow/example_dags/example_dag_decorator.py
[2024-09-12T14:07:53.357+0000] {logging_mixin.py:190} INFO - [2024-09-12T14:07:53.356+0000] {dag.py:3229} INFO - Sync 1 DAGs
[2024-09-12T14:07:53.373+0000] {logging_mixin.py:190} INFO - [2024-09-12T14:07:53.372+0000] {dag.py:4156} INFO - Setting next_dagrun for example_dag_decorator to None, run_after=None
[2024-09-12T14:07:53.393+0000] {processor.py:208} INFO - Processing /home/airflow/.local/lib/python3.12/site-packages/airflow/example_dags/example_dag_decorator.py took 0.228 seconds
[2024-09-12T14:08:23.459+0000] {processor.py:186} INFO - Started process (PID=1003) to work on /home/airflow/.local/lib/python3.12/site-packages/airflow/example_dags/example_dag_decorator.py
[2024-09-12T14:08:23.460+0000] {processor.py:914} INFO - Processing file /home/airflow/.local/lib/python3.12/site-packages/airflow/example_dags/example_dag_decorator.py for tasks to queue
[2024-09-12T14:08:23.463+0000] {logging_mixin.py:190} INFO - [2024-09-12T14:08:23.463+0000] {dagbag.py:587} INFO - Filling up the DagBag from /home/airflow/.local/lib/python3.12/site-packages/airflow/example_dags/example_dag_decorator.py
[2024-09-12T14:08:23.477+0000] {processor.py:925} INFO - DAG(s) 'example_dag_decorator' retrieved from /home/airflow/.local/lib/python3.12/site-packages/airflow/example_dags/example_dag_decorator.py
[2024-09-12T14:08:23.645+0000] {logging_mixin.py:190} INFO - [2024-09-12T14:08:23.645+0000] {dag.py:3229} INFO - Sync 1 DAGs
[2024-09-12T14:08:23.666+0000] {logging_mixin.py:190} INFO - [2024-09-12T14:08:23.665+0000] {dag.py:4156} INFO - Setting next_dagrun for example_dag_decorator to None, run_after=None
[2024-09-12T14:08:23.690+0000] {processor.py:208} INFO - Processing /home/airflow/.local/lib/python3.12/site-packages/airflow/example_dags/example_dag_decorator.py took 0.238 seconds
[2024-09-12T14:08:53.745+0000] {processor.py:186} INFO - Started process (PID=1065) to work on /home/airflow/.local/lib/python3.12/site-packages/airflow/example_dags/example_dag_decorator.py
[2024-09-12T14:08:53.746+0000] {processor.py:914} INFO - Processing file /home/airflow/.local/lib/python3.12/site-packages/airflow/example_dags/example_dag_decorator.py for tasks to queue
[2024-09-12T14:08:53.748+0000] {logging_mixin.py:190} INFO - [2024-09-12T14:08:53.747+0000] {dagbag.py:587} INFO - Filling up the DagBag from /home/airflow/.local/lib/python3.12/site-packages/airflow/example_dags/example_dag_decorator.py
[2024-09-12T14:08:53.760+0000] {processor.py:925} INFO - DAG(s) 'example_dag_decorator' retrieved from /home/airflow/.local/lib/python3.12/site-packages/airflow/example_dags/example_dag_decorator.py
[2024-09-12T14:08:53.872+0000] {logging_mixin.py:190} INFO - [2024-09-12T14:08:53.871+0000] {dag.py:3229} INFO - Sync 1 DAGs
[2024-09-12T14:08:53.882+0000] {logging_mixin.py:190} INFO - [2024-09-12T14:08:53.882+0000] {dag.py:4156} INFO - Setting next_dagrun for example_dag_decorator to None, run_after=None
[2024-09-12T14:08:53.899+0000] {processor.py:208} INFO - Processing /home/airflow/.local/lib/python3.12/site-packages/airflow/example_dags/example_dag_decorator.py took 0.160 seconds
[2024-09-12T14:09:23.954+0000] {processor.py:186} INFO - Started process (PID=1127) to work on /home/airflow/.local/lib/python3.12/site-packages/airflow/example_dags/example_dag_decorator.py
[2024-09-12T14:09:23.955+0000] {processor.py:914} INFO - Processing file /home/airflow/.local/lib/python3.12/site-packages/airflow/example_dags/example_dag_decorator.py for tasks to queue
[2024-09-12T14:09:23.958+0000] {logging_mixin.py:190} INFO - [2024-09-12T14:09:23.957+0000] {dagbag.py:587} INFO - Filling up the DagBag from /home/airflow/.local/lib/python3.12/site-packages/airflow/example_dags/example_dag_decorator.py
[2024-09-12T14:09:23.970+0000] {processor.py:925} INFO - DAG(s) 'example_dag_decorator' retrieved from /home/airflow/.local/lib/python3.12/site-packages/airflow/example_dags/example_dag_decorator.py
[2024-09-12T14:09:24.093+0000] {logging_mixin.py:190} INFO - [2024-09-12T14:09:24.093+0000] {dag.py:3229} INFO - Sync 1 DAGs
[2024-09-12T14:09:24.106+0000] {logging_mixin.py:190} INFO - [2024-09-12T14:09:24.105+0000] {dag.py:4156} INFO - Setting next_dagrun for example_dag_decorator to None, run_after=None
[2024-09-12T14:09:24.121+0000] {processor.py:208} INFO - Processing /home/airflow/.local/lib/python3.12/site-packages/airflow/example_dags/example_dag_decorator.py took 0.174 seconds
[2024-09-12T14:09:54.379+0000] {processor.py:186} INFO - Started process (PID=1189) to work on /home/airflow/.local/lib/python3.12/site-packages/airflow/example_dags/example_dag_decorator.py
[2024-09-12T14:09:54.380+0000] {processor.py:914} INFO - Processing file /home/airflow/.local/lib/python3.12/site-packages/airflow/example_dags/example_dag_decorator.py for tasks to queue
[2024-09-12T14:09:54.382+0000] {logging_mixin.py:190} INFO - [2024-09-12T14:09:54.382+0000] {dagbag.py:587} INFO - Filling up the DagBag from /home/airflow/.local/lib/python3.12/site-packages/airflow/example_dags/example_dag_decorator.py
[2024-09-12T14:09:54.395+0000] {processor.py:925} INFO - DAG(s) 'example_dag_decorator' retrieved from /home/airflow/.local/lib/python3.12/site-packages/airflow/example_dags/example_dag_decorator.py
[2024-09-12T14:09:54.540+0000] {logging_mixin.py:190} INFO - [2024-09-12T14:09:54.539+0000] {dag.py:3229} INFO - Sync 1 DAGs
[2024-09-12T14:09:54.555+0000] {logging_mixin.py:190} INFO - [2024-09-12T14:09:54.554+0000] {dag.py:4156} INFO - Setting next_dagrun for example_dag_decorator to None, run_after=None
[2024-09-12T14:09:54.579+0000] {processor.py:208} INFO - Processing /home/airflow/.local/lib/python3.12/site-packages/airflow/example_dags/example_dag_decorator.py took 0.208 seconds
[2024-09-12T14:10:25.076+0000] {processor.py:186} INFO - Started process (PID=1251) to work on /home/airflow/.local/lib/python3.12/site-packages/airflow/example_dags/example_dag_decorator.py
[2024-09-12T14:10:25.078+0000] {processor.py:914} INFO - Processing file /home/airflow/.local/lib/python3.12/site-packages/airflow/example_dags/example_dag_decorator.py for tasks to queue
[2024-09-12T14:10:25.080+0000] {logging_mixin.py:190} INFO - [2024-09-12T14:10:25.080+0000] {dagbag.py:587} INFO - Filling up the DagBag from /home/airflow/.local/lib/python3.12/site-packages/airflow/example_dags/example_dag_decorator.py
[2024-09-12T14:10:25.093+0000] {processor.py:925} INFO - DAG(s) 'example_dag_decorator' retrieved from /home/airflow/.local/lib/python3.12/site-packages/airflow/example_dags/example_dag_decorator.py
[2024-09-12T14:10:25.232+0000] {logging_mixin.py:190} INFO - [2024-09-12T14:10:25.231+0000] {dag.py:3229} INFO - Sync 1 DAGs
[2024-09-12T14:10:25.245+0000] {logging_mixin.py:190} INFO - [2024-09-12T14:10:25.245+0000] {dag.py:4156} INFO - Setting next_dagrun for example_dag_decorator to None, run_after=None
[2024-09-12T14:10:25.264+0000] {processor.py:208} INFO - Processing /home/airflow/.local/lib/python3.12/site-packages/airflow/example_dags/example_dag_decorator.py took 0.194 seconds
[2024-09-12T14:10:55.421+0000] {processor.py:186} INFO - Started process (PID=1313) to work on /home/airflow/.local/lib/python3.12/site-packages/airflow/example_dags/example_dag_decorator.py
[2024-09-12T14:10:55.422+0000] {processor.py:914} INFO - Processing file /home/airflow/.local/lib/python3.12/site-packages/airflow/example_dags/example_dag_decorator.py for tasks to queue
[2024-09-12T14:10:55.424+0000] {logging_mixin.py:190} INFO - [2024-09-12T14:10:55.424+0000] {dagbag.py:587} INFO - Filling up the DagBag from /home/airflow/.local/lib/python3.12/site-packages/airflow/example_dags/example_dag_decorator.py
[2024-09-12T14:10:55.490+0000] {processor.py:925} INFO - DAG(s) 'example_dag_decorator' retrieved from /home/airflow/.local/lib/python3.12/site-packages/airflow/example_dags/example_dag_decorator.py
[2024-09-12T14:10:55.724+0000] {logging_mixin.py:190} INFO - [2024-09-12T14:10:55.723+0000] {dag.py:3229} INFO - Sync 1 DAGs
[2024-09-12T14:10:55.786+0000] {logging_mixin.py:190} INFO - [2024-09-12T14:10:55.786+0000] {dag.py:4156} INFO - Setting next_dagrun for example_dag_decorator to None, run_after=None
[2024-09-12T14:10:55.810+0000] {processor.py:208} INFO - Processing /home/airflow/.local/lib/python3.12/site-packages/airflow/example_dags/example_dag_decorator.py took 0.396 seconds
[2024-09-12T14:11:26.688+0000] {processor.py:186} INFO - Started process (PID=1375) to work on /home/airflow/.local/lib/python3.12/site-packages/airflow/example_dags/example_dag_decorator.py
[2024-09-12T14:11:26.689+0000] {processor.py:914} INFO - Processing file /home/airflow/.local/lib/python3.12/site-packages/airflow/example_dags/example_dag_decorator.py for tasks to queue
[2024-09-12T14:11:26.691+0000] {logging_mixin.py:190} INFO - [2024-09-12T14:11:26.690+0000] {dagbag.py:587} INFO - Filling up the DagBag from /home/airflow/.local/lib/python3.12/site-packages/airflow/example_dags/example_dag_decorator.py
[2024-09-12T14:11:26.704+0000] {processor.py:925} INFO - DAG(s) 'example_dag_decorator' retrieved from /home/airflow/.local/lib/python3.12/site-packages/airflow/example_dags/example_dag_decorator.py
[2024-09-12T14:11:26.729+0000] {logging_mixin.py:190} INFO - [2024-09-12T14:11:26.729+0000] {dag.py:3229} INFO - Sync 1 DAGs
[2024-09-12T14:11:26.746+0000] {logging_mixin.py:190} INFO - [2024-09-12T14:11:26.745+0000] {dag.py:4156} INFO - Setting next_dagrun for example_dag_decorator to None, run_after=None
[2024-09-12T14:11:26.767+0000] {processor.py:208} INFO - Processing /home/airflow/.local/lib/python3.12/site-packages/airflow/example_dags/example_dag_decorator.py took 0.086 seconds
[2024-09-12T14:11:57.196+0000] {processor.py:186} INFO - Started process (PID=1437) to work on /home/airflow/.local/lib/python3.12/site-packages/airflow/example_dags/example_dag_decorator.py
[2024-09-12T14:11:57.198+0000] {processor.py:914} INFO - Processing file /home/airflow/.local/lib/python3.12/site-packages/airflow/example_dags/example_dag_decorator.py for tasks to queue
[2024-09-12T14:11:57.200+0000] {logging_mixin.py:190} INFO - [2024-09-12T14:11:57.200+0000] {dagbag.py:587} INFO - Filling up the DagBag from /home/airflow/.local/lib/python3.12/site-packages/airflow/example_dags/example_dag_decorator.py
[2024-09-12T14:11:57.212+0000] {processor.py:925} INFO - DAG(s) 'example_dag_decorator' retrieved from /home/airflow/.local/lib/python3.12/site-packages/airflow/example_dags/example_dag_decorator.py
[2024-09-12T14:11:57.238+0000] {logging_mixin.py:190} INFO - [2024-09-12T14:11:57.238+0000] {dag.py:3229} INFO - Sync 1 DAGs
[2024-09-12T14:11:57.254+0000] {logging_mixin.py:190} INFO - [2024-09-12T14:11:57.254+0000] {dag.py:4156} INFO - Setting next_dagrun for example_dag_decorator to None, run_after=None
[2024-09-12T14:11:57.275+0000] {processor.py:208} INFO - Processing /home/airflow/.local/lib/python3.12/site-packages/airflow/example_dags/example_dag_decorator.py took 0.085 seconds
[2024-09-12T14:12:27.647+0000] {processor.py:186} INFO - Started process (PID=1499) to work on /home/airflow/.local/lib/python3.12/site-packages/airflow/example_dags/example_dag_decorator.py
[2024-09-12T14:12:27.648+0000] {processor.py:914} INFO - Processing file /home/airflow/.local/lib/python3.12/site-packages/airflow/example_dags/example_dag_decorator.py for tasks to queue
[2024-09-12T14:12:27.651+0000] {logging_mixin.py:190} INFO - [2024-09-12T14:12:27.650+0000] {dagbag.py:587} INFO - Filling up the DagBag from /home/airflow/.local/lib/python3.12/site-packages/airflow/example_dags/example_dag_decorator.py
[2024-09-12T14:12:27.664+0000] {processor.py:925} INFO - DAG(s) 'example_dag_decorator' retrieved from /home/airflow/.local/lib/python3.12/site-packages/airflow/example_dags/example_dag_decorator.py
[2024-09-12T14:12:27.692+0000] {logging_mixin.py:190} INFO - [2024-09-12T14:12:27.692+0000] {dag.py:3229} INFO - Sync 1 DAGs
[2024-09-12T14:12:27.709+0000] {logging_mixin.py:190} INFO - [2024-09-12T14:12:27.708+0000] {dag.py:4156} INFO - Setting next_dagrun for example_dag_decorator to None, run_after=None
[2024-09-12T14:12:27.727+0000] {processor.py:208} INFO - Processing /home/airflow/.local/lib/python3.12/site-packages/airflow/example_dags/example_dag_decorator.py took 0.086 seconds
[2024-09-12T14:12:58.398+0000] {processor.py:186} INFO - Started process (PID=1561) to work on /home/airflow/.local/lib/python3.12/site-packages/airflow/example_dags/example_dag_decorator.py
[2024-09-12T14:12:58.399+0000] {processor.py:914} INFO - Processing file /home/airflow/.local/lib/python3.12/site-packages/airflow/example_dags/example_dag_decorator.py for tasks to queue
[2024-09-12T14:12:58.402+0000] {logging_mixin.py:190} INFO - [2024-09-12T14:12:58.402+0000] {dagbag.py:587} INFO - Filling up the DagBag from /home/airflow/.local/lib/python3.12/site-packages/airflow/example_dags/example_dag_decorator.py
[2024-09-12T14:12:58.418+0000] {processor.py:925} INFO - DAG(s) 'example_dag_decorator' retrieved from /home/airflow/.local/lib/python3.12/site-packages/airflow/example_dags/example_dag_decorator.py
[2024-09-12T14:12:58.547+0000] {logging_mixin.py:190} INFO - [2024-09-12T14:12:58.547+0000] {dag.py:3229} INFO - Sync 1 DAGs
[2024-09-12T14:12:58.560+0000] {logging_mixin.py:190} INFO - [2024-09-12T14:12:58.560+0000] {dag.py:4156} INFO - Setting next_dagrun for example_dag_decorator to None, run_after=None
[2024-09-12T14:12:58.581+0000] {processor.py:208} INFO - Processing /home/airflow/.local/lib/python3.12/site-packages/airflow/example_dags/example_dag_decorator.py took 0.189 seconds
[2024-09-12T14:13:29.000+0000] {processor.py:186} INFO - Started process (PID=1623) to work on /home/airflow/.local/lib/python3.12/site-packages/airflow/example_dags/example_dag_decorator.py
[2024-09-12T14:13:29.001+0000] {processor.py:914} INFO - Processing file /home/airflow/.local/lib/python3.12/site-packages/airflow/example_dags/example_dag_decorator.py for tasks to queue
[2024-09-12T14:13:29.004+0000] {logging_mixin.py:190} INFO - [2024-09-12T14:13:29.003+0000] {dagbag.py:587} INFO - Filling up the DagBag from /home/airflow/.local/lib/python3.12/site-packages/airflow/example_dags/example_dag_decorator.py
[2024-09-12T14:13:29.018+0000] {processor.py:925} INFO - DAG(s) 'example_dag_decorator' retrieved from /home/airflow/.local/lib/python3.12/site-packages/airflow/example_dags/example_dag_decorator.py
[2024-09-12T14:13:29.179+0000] {logging_mixin.py:190} INFO - [2024-09-12T14:13:29.179+0000] {dag.py:3229} INFO - Sync 1 DAGs
[2024-09-12T14:13:29.197+0000] {logging_mixin.py:190} INFO - [2024-09-12T14:13:29.197+0000] {dag.py:4156} INFO - Setting next_dagrun for example_dag_decorator to None, run_after=None
[2024-09-12T14:13:29.218+0000] {processor.py:208} INFO - Processing /home/airflow/.local/lib/python3.12/site-packages/airflow/example_dags/example_dag_decorator.py took 0.225 seconds
[2024-09-12T14:13:59.321+0000] {processor.py:186} INFO - Started process (PID=1685) to work on /home/airflow/.local/lib/python3.12/site-packages/airflow/example_dags/example_dag_decorator.py
[2024-09-12T14:13:59.322+0000] {processor.py:914} INFO - Processing file /home/airflow/.local/lib/python3.12/site-packages/airflow/example_dags/example_dag_decorator.py for tasks to queue
[2024-09-12T14:13:59.325+0000] {logging_mixin.py:190} INFO - [2024-09-12T14:13:59.325+0000] {dagbag.py:587} INFO - Filling up the DagBag from /home/airflow/.local/lib/python3.12/site-packages/airflow/example_dags/example_dag_decorator.py
[2024-09-12T14:13:59.338+0000] {processor.py:925} INFO - DAG(s) 'example_dag_decorator' retrieved from /home/airflow/.local/lib/python3.12/site-packages/airflow/example_dags/example_dag_decorator.py
[2024-09-12T14:13:59.478+0000] {logging_mixin.py:190} INFO - [2024-09-12T14:13:59.478+0000] {dag.py:3229} INFO - Sync 1 DAGs
[2024-09-12T14:13:59.497+0000] {logging_mixin.py:190} INFO - [2024-09-12T14:13:59.497+0000] {dag.py:4156} INFO - Setting next_dagrun for example_dag_decorator to None, run_after=None
[2024-09-12T14:13:59.517+0000] {processor.py:208} INFO - Processing /home/airflow/.local/lib/python3.12/site-packages/airflow/example_dags/example_dag_decorator.py took 0.203 seconds
[2024-09-12T14:14:29.743+0000] {processor.py:186} INFO - Started process (PID=1747) to work on /home/airflow/.local/lib/python3.12/site-packages/airflow/example_dags/example_dag_decorator.py
[2024-09-12T14:14:29.744+0000] {processor.py:914} INFO - Processing file /home/airflow/.local/lib/python3.12/site-packages/airflow/example_dags/example_dag_decorator.py for tasks to queue
[2024-09-12T14:14:29.747+0000] {logging_mixin.py:190} INFO - [2024-09-12T14:14:29.746+0000] {dagbag.py:587} INFO - Filling up the DagBag from /home/airflow/.local/lib/python3.12/site-packages/airflow/example_dags/example_dag_decorator.py
[2024-09-12T14:14:29.759+0000] {processor.py:925} INFO - DAG(s) 'example_dag_decorator' retrieved from /home/airflow/.local/lib/python3.12/site-packages/airflow/example_dags/example_dag_decorator.py
[2024-09-12T14:14:29.881+0000] {logging_mixin.py:190} INFO - [2024-09-12T14:14:29.880+0000] {dag.py:3229} INFO - Sync 1 DAGs
[2024-09-12T14:14:29.894+0000] {logging_mixin.py:190} INFO - [2024-09-12T14:14:29.894+0000] {dag.py:4156} INFO - Setting next_dagrun for example_dag_decorator to None, run_after=None
[2024-09-12T14:14:29.910+0000] {processor.py:208} INFO - Processing /home/airflow/.local/lib/python3.12/site-packages/airflow/example_dags/example_dag_decorator.py took 0.174 seconds
[2024-09-12T14:15:00.263+0000] {processor.py:186} INFO - Started process (PID=1809) to work on /home/airflow/.local/lib/python3.12/site-packages/airflow/example_dags/example_dag_decorator.py
[2024-09-12T14:15:00.264+0000] {processor.py:914} INFO - Processing file /home/airflow/.local/lib/python3.12/site-packages/airflow/example_dags/example_dag_decorator.py for tasks to queue
[2024-09-12T14:15:00.267+0000] {logging_mixin.py:190} INFO - [2024-09-12T14:15:00.266+0000] {dagbag.py:587} INFO - Filling up the DagBag from /home/airflow/.local/lib/python3.12/site-packages/airflow/example_dags/example_dag_decorator.py
[2024-09-12T14:15:00.280+0000] {processor.py:925} INFO - DAG(s) 'example_dag_decorator' retrieved from /home/airflow/.local/lib/python3.12/site-packages/airflow/example_dags/example_dag_decorator.py
[2024-09-12T14:15:00.399+0000] {logging_mixin.py:190} INFO - [2024-09-12T14:15:00.399+0000] {dag.py:3229} INFO - Sync 1 DAGs
[2024-09-12T14:15:00.414+0000] {logging_mixin.py:190} INFO - [2024-09-12T14:15:00.414+0000] {dag.py:4156} INFO - Setting next_dagrun for example_dag_decorator to None, run_after=None
[2024-09-12T14:15:00.431+0000] {processor.py:208} INFO - Processing /home/airflow/.local/lib/python3.12/site-packages/airflow/example_dags/example_dag_decorator.py took 0.176 seconds
[2024-09-12T14:18:13.692+0000] {processor.py:186} INFO - Started process (PID=66) to work on /home/airflow/.local/lib/python3.12/site-packages/airflow/example_dags/example_dag_decorator.py
[2024-09-12T14:18:13.696+0000] {processor.py:914} INFO - Processing file /home/airflow/.local/lib/python3.12/site-packages/airflow/example_dags/example_dag_decorator.py for tasks to queue
[2024-09-12T14:18:13.699+0000] {logging_mixin.py:190} INFO - [2024-09-12T14:18:13.699+0000] {dagbag.py:587} INFO - Filling up the DagBag from /home/airflow/.local/lib/python3.12/site-packages/airflow/example_dags/example_dag_decorator.py
[2024-09-12T14:18:13.716+0000] {processor.py:925} INFO - DAG(s) 'example_dag_decorator' retrieved from /home/airflow/.local/lib/python3.12/site-packages/airflow/example_dags/example_dag_decorator.py
[2024-09-12T14:18:13.925+0000] {logging_mixin.py:190} INFO - [2024-09-12T14:18:13.925+0000] {dag.py:3229} INFO - Sync 1 DAGs
[2024-09-12T14:18:13.937+0000] {logging_mixin.py:190} INFO - [2024-09-12T14:18:13.937+0000] {dag.py:4156} INFO - Setting next_dagrun for example_dag_decorator to None, run_after=None
[2024-09-12T14:18:13.957+0000] {processor.py:208} INFO - Processing /home/airflow/.local/lib/python3.12/site-packages/airflow/example_dags/example_dag_decorator.py took 0.273 seconds
[2024-09-12T14:18:44.571+0000] {processor.py:186} INFO - Started process (PID=128) to work on /home/airflow/.local/lib/python3.12/site-packages/airflow/example_dags/example_dag_decorator.py
[2024-09-12T14:18:44.572+0000] {processor.py:914} INFO - Processing file /home/airflow/.local/lib/python3.12/site-packages/airflow/example_dags/example_dag_decorator.py for tasks to queue
[2024-09-12T14:18:44.575+0000] {logging_mixin.py:190} INFO - [2024-09-12T14:18:44.574+0000] {dagbag.py:587} INFO - Filling up the DagBag from /home/airflow/.local/lib/python3.12/site-packages/airflow/example_dags/example_dag_decorator.py
[2024-09-12T14:18:44.590+0000] {processor.py:925} INFO - DAG(s) 'example_dag_decorator' retrieved from /home/airflow/.local/lib/python3.12/site-packages/airflow/example_dags/example_dag_decorator.py
[2024-09-12T14:18:44.623+0000] {logging_mixin.py:190} INFO - [2024-09-12T14:18:44.622+0000] {dag.py:3229} INFO - Sync 1 DAGs
[2024-09-12T14:18:44.640+0000] {logging_mixin.py:190} INFO - [2024-09-12T14:18:44.639+0000] {dag.py:4156} INFO - Setting next_dagrun for example_dag_decorator to None, run_after=None
[2024-09-12T14:18:44.660+0000] {processor.py:208} INFO - Processing /home/airflow/.local/lib/python3.12/site-packages/airflow/example_dags/example_dag_decorator.py took 0.096 seconds
[2024-09-12T14:19:15.344+0000] {processor.py:186} INFO - Started process (PID=191) to work on /home/airflow/.local/lib/python3.12/site-packages/airflow/example_dags/example_dag_decorator.py
[2024-09-12T14:19:15.345+0000] {processor.py:914} INFO - Processing file /home/airflow/.local/lib/python3.12/site-packages/airflow/example_dags/example_dag_decorator.py for tasks to queue
[2024-09-12T14:19:15.348+0000] {logging_mixin.py:190} INFO - [2024-09-12T14:19:15.347+0000] {dagbag.py:587} INFO - Filling up the DagBag from /home/airflow/.local/lib/python3.12/site-packages/airflow/example_dags/example_dag_decorator.py
[2024-09-12T14:19:15.391+0000] {processor.py:925} INFO - DAG(s) 'example_dag_decorator' retrieved from /home/airflow/.local/lib/python3.12/site-packages/airflow/example_dags/example_dag_decorator.py
[2024-09-12T14:19:15.432+0000] {logging_mixin.py:190} INFO - [2024-09-12T14:19:15.432+0000] {dag.py:3229} INFO - Sync 1 DAGs
[2024-09-12T14:19:15.450+0000] {logging_mixin.py:190} INFO - [2024-09-12T14:19:15.449+0000] {dag.py:4156} INFO - Setting next_dagrun for example_dag_decorator to None, run_after=None
[2024-09-12T14:19:15.523+0000] {processor.py:208} INFO - Processing /home/airflow/.local/lib/python3.12/site-packages/airflow/example_dags/example_dag_decorator.py took 0.186 seconds
[2024-09-12T14:19:46.103+0000] {processor.py:186} INFO - Started process (PID=253) to work on /home/airflow/.local/lib/python3.12/site-packages/airflow/example_dags/example_dag_decorator.py
[2024-09-12T14:19:46.105+0000] {processor.py:914} INFO - Processing file /home/airflow/.local/lib/python3.12/site-packages/airflow/example_dags/example_dag_decorator.py for tasks to queue
[2024-09-12T14:19:46.109+0000] {logging_mixin.py:190} INFO - [2024-09-12T14:19:46.108+0000] {dagbag.py:587} INFO - Filling up the DagBag from /home/airflow/.local/lib/python3.12/site-packages/airflow/example_dags/example_dag_decorator.py
[2024-09-12T14:19:46.123+0000] {processor.py:925} INFO - DAG(s) 'example_dag_decorator' retrieved from /home/airflow/.local/lib/python3.12/site-packages/airflow/example_dags/example_dag_decorator.py
[2024-09-12T14:19:46.148+0000] {logging_mixin.py:190} INFO - [2024-09-12T14:19:46.147+0000] {dag.py:3229} INFO - Sync 1 DAGs
[2024-09-12T14:19:46.163+0000] {logging_mixin.py:190} INFO - [2024-09-12T14:19:46.163+0000] {dag.py:4156} INFO - Setting next_dagrun for example_dag_decorator to None, run_after=None
[2024-09-12T14:19:46.188+0000] {processor.py:208} INFO - Processing /home/airflow/.local/lib/python3.12/site-packages/airflow/example_dags/example_dag_decorator.py took 0.096 seconds
[2024-09-12T14:20:16.402+0000] {processor.py:186} INFO - Started process (PID=315) to work on /home/airflow/.local/lib/python3.12/site-packages/airflow/example_dags/example_dag_decorator.py
[2024-09-12T14:20:16.403+0000] {processor.py:914} INFO - Processing file /home/airflow/.local/lib/python3.12/site-packages/airflow/example_dags/example_dag_decorator.py for tasks to queue
[2024-09-12T14:20:16.405+0000] {logging_mixin.py:190} INFO - [2024-09-12T14:20:16.405+0000] {dagbag.py:587} INFO - Filling up the DagBag from /home/airflow/.local/lib/python3.12/site-packages/airflow/example_dags/example_dag_decorator.py
[2024-09-12T14:20:16.418+0000] {processor.py:925} INFO - DAG(s) 'example_dag_decorator' retrieved from /home/airflow/.local/lib/python3.12/site-packages/airflow/example_dags/example_dag_decorator.py
[2024-09-12T14:20:16.549+0000] {logging_mixin.py:190} INFO - [2024-09-12T14:20:16.549+0000] {dag.py:3229} INFO - Sync 1 DAGs
[2024-09-12T14:20:16.563+0000] {logging_mixin.py:190} INFO - [2024-09-12T14:20:16.563+0000] {dag.py:4156} INFO - Setting next_dagrun for example_dag_decorator to None, run_after=None
[2024-09-12T14:20:16.591+0000] {processor.py:208} INFO - Processing /home/airflow/.local/lib/python3.12/site-packages/airflow/example_dags/example_dag_decorator.py took 0.195 seconds
[2024-09-12T14:20:46.750+0000] {processor.py:186} INFO - Started process (PID=377) to work on /home/airflow/.local/lib/python3.12/site-packages/airflow/example_dags/example_dag_decorator.py
[2024-09-12T14:20:46.751+0000] {processor.py:914} INFO - Processing file /home/airflow/.local/lib/python3.12/site-packages/airflow/example_dags/example_dag_decorator.py for tasks to queue
[2024-09-12T14:20:46.754+0000] {logging_mixin.py:190} INFO - [2024-09-12T14:20:46.753+0000] {dagbag.py:587} INFO - Filling up the DagBag from /home/airflow/.local/lib/python3.12/site-packages/airflow/example_dags/example_dag_decorator.py
[2024-09-12T14:20:46.769+0000] {processor.py:925} INFO - DAG(s) 'example_dag_decorator' retrieved from /home/airflow/.local/lib/python3.12/site-packages/airflow/example_dags/example_dag_decorator.py
[2024-09-12T14:20:46.925+0000] {logging_mixin.py:190} INFO - [2024-09-12T14:20:46.924+0000] {dag.py:3229} INFO - Sync 1 DAGs
[2024-09-12T14:20:46.941+0000] {logging_mixin.py:190} INFO - [2024-09-12T14:20:46.940+0000] {dag.py:4156} INFO - Setting next_dagrun for example_dag_decorator to None, run_after=None
[2024-09-12T14:20:46.967+0000] {processor.py:208} INFO - Processing /home/airflow/.local/lib/python3.12/site-packages/airflow/example_dags/example_dag_decorator.py took 0.224 seconds
[2024-09-12T14:21:17.692+0000] {processor.py:186} INFO - Started process (PID=439) to work on /home/airflow/.local/lib/python3.12/site-packages/airflow/example_dags/example_dag_decorator.py
[2024-09-12T14:21:17.693+0000] {processor.py:914} INFO - Processing file /home/airflow/.local/lib/python3.12/site-packages/airflow/example_dags/example_dag_decorator.py for tasks to queue
[2024-09-12T14:21:17.696+0000] {logging_mixin.py:190} INFO - [2024-09-12T14:21:17.695+0000] {dagbag.py:587} INFO - Filling up the DagBag from /home/airflow/.local/lib/python3.12/site-packages/airflow/example_dags/example_dag_decorator.py
[2024-09-12T14:21:17.709+0000] {processor.py:925} INFO - DAG(s) 'example_dag_decorator' retrieved from /home/airflow/.local/lib/python3.12/site-packages/airflow/example_dags/example_dag_decorator.py
[2024-09-12T14:21:18.086+0000] {logging_mixin.py:190} INFO - [2024-09-12T14:21:18.085+0000] {dag.py:3229} INFO - Sync 1 DAGs
[2024-09-12T14:21:18.103+0000] {logging_mixin.py:190} INFO - [2024-09-12T14:21:18.103+0000] {dag.py:4156} INFO - Setting next_dagrun for example_dag_decorator to None, run_after=None
[2024-09-12T14:21:18.208+0000] {processor.py:208} INFO - Processing /home/airflow/.local/lib/python3.12/site-packages/airflow/example_dags/example_dag_decorator.py took 0.523 seconds
[2024-09-12T14:21:48.702+0000] {processor.py:186} INFO - Started process (PID=501) to work on /home/airflow/.local/lib/python3.12/site-packages/airflow/example_dags/example_dag_decorator.py
[2024-09-12T14:21:48.703+0000] {processor.py:914} INFO - Processing file /home/airflow/.local/lib/python3.12/site-packages/airflow/example_dags/example_dag_decorator.py for tasks to queue
[2024-09-12T14:21:48.706+0000] {logging_mixin.py:190} INFO - [2024-09-12T14:21:48.705+0000] {dagbag.py:587} INFO - Filling up the DagBag from /home/airflow/.local/lib/python3.12/site-packages/airflow/example_dags/example_dag_decorator.py
[2024-09-12T14:21:48.719+0000] {processor.py:925} INFO - DAG(s) 'example_dag_decorator' retrieved from /home/airflow/.local/lib/python3.12/site-packages/airflow/example_dags/example_dag_decorator.py
[2024-09-12T14:21:48.855+0000] {logging_mixin.py:190} INFO - [2024-09-12T14:21:48.854+0000] {dag.py:3229} INFO - Sync 1 DAGs
[2024-09-12T14:21:48.867+0000] {logging_mixin.py:190} INFO - [2024-09-12T14:21:48.866+0000] {dag.py:4156} INFO - Setting next_dagrun for example_dag_decorator to None, run_after=None
[2024-09-12T14:21:48.885+0000] {processor.py:208} INFO - Processing /home/airflow/.local/lib/python3.12/site-packages/airflow/example_dags/example_dag_decorator.py took 0.190 seconds
[2024-09-12T14:22:19.720+0000] {processor.py:186} INFO - Started process (PID=563) to work on /home/airflow/.local/lib/python3.12/site-packages/airflow/example_dags/example_dag_decorator.py
[2024-09-12T14:22:19.722+0000] {processor.py:914} INFO - Processing file /home/airflow/.local/lib/python3.12/site-packages/airflow/example_dags/example_dag_decorator.py for tasks to queue
[2024-09-12T14:22:19.724+0000] {logging_mixin.py:190} INFO - [2024-09-12T14:22:19.723+0000] {dagbag.py:587} INFO - Filling up the DagBag from /home/airflow/.local/lib/python3.12/site-packages/airflow/example_dags/example_dag_decorator.py
[2024-09-12T14:22:19.736+0000] {processor.py:925} INFO - DAG(s) 'example_dag_decorator' retrieved from /home/airflow/.local/lib/python3.12/site-packages/airflow/example_dags/example_dag_decorator.py
[2024-09-12T14:22:19.871+0000] {logging_mixin.py:190} INFO - [2024-09-12T14:22:19.871+0000] {dag.py:3229} INFO - Sync 1 DAGs
[2024-09-12T14:22:19.885+0000] {logging_mixin.py:190} INFO - [2024-09-12T14:22:19.884+0000] {dag.py:4156} INFO - Setting next_dagrun for example_dag_decorator to None, run_after=None
[2024-09-12T14:22:19.907+0000] {processor.py:208} INFO - Processing /home/airflow/.local/lib/python3.12/site-packages/airflow/example_dags/example_dag_decorator.py took 0.193 seconds
[2024-09-12T14:22:50.033+0000] {processor.py:186} INFO - Started process (PID=625) to work on /home/airflow/.local/lib/python3.12/site-packages/airflow/example_dags/example_dag_decorator.py
[2024-09-12T14:22:50.034+0000] {processor.py:914} INFO - Processing file /home/airflow/.local/lib/python3.12/site-packages/airflow/example_dags/example_dag_decorator.py for tasks to queue
[2024-09-12T14:22:50.036+0000] {logging_mixin.py:190} INFO - [2024-09-12T14:22:50.036+0000] {dagbag.py:587} INFO - Filling up the DagBag from /home/airflow/.local/lib/python3.12/site-packages/airflow/example_dags/example_dag_decorator.py
[2024-09-12T14:22:50.049+0000] {processor.py:925} INFO - DAG(s) 'example_dag_decorator' retrieved from /home/airflow/.local/lib/python3.12/site-packages/airflow/example_dags/example_dag_decorator.py
[2024-09-12T14:22:50.175+0000] {logging_mixin.py:190} INFO - [2024-09-12T14:22:50.175+0000] {dag.py:3229} INFO - Sync 1 DAGs
[2024-09-12T14:22:50.193+0000] {logging_mixin.py:190} INFO - [2024-09-12T14:22:50.192+0000] {dag.py:4156} INFO - Setting next_dagrun for example_dag_decorator to None, run_after=None
[2024-09-12T14:22:50.213+0000] {processor.py:208} INFO - Processing /home/airflow/.local/lib/python3.12/site-packages/airflow/example_dags/example_dag_decorator.py took 0.187 seconds
[2024-09-12T14:23:20.653+0000] {processor.py:186} INFO - Started process (PID=687) to work on /home/airflow/.local/lib/python3.12/site-packages/airflow/example_dags/example_dag_decorator.py
[2024-09-12T14:23:20.655+0000] {processor.py:914} INFO - Processing file /home/airflow/.local/lib/python3.12/site-packages/airflow/example_dags/example_dag_decorator.py for tasks to queue
[2024-09-12T14:23:20.657+0000] {logging_mixin.py:190} INFO - [2024-09-12T14:23:20.657+0000] {dagbag.py:587} INFO - Filling up the DagBag from /home/airflow/.local/lib/python3.12/site-packages/airflow/example_dags/example_dag_decorator.py
[2024-09-12T14:23:20.672+0000] {processor.py:925} INFO - DAG(s) 'example_dag_decorator' retrieved from /home/airflow/.local/lib/python3.12/site-packages/airflow/example_dags/example_dag_decorator.py
[2024-09-12T14:23:20.822+0000] {logging_mixin.py:190} INFO - [2024-09-12T14:23:20.822+0000] {dag.py:3229} INFO - Sync 1 DAGs
[2024-09-12T14:23:20.840+0000] {logging_mixin.py:190} INFO - [2024-09-12T14:23:20.840+0000] {dag.py:4156} INFO - Setting next_dagrun for example_dag_decorator to None, run_after=None
[2024-09-12T14:23:20.864+0000] {processor.py:208} INFO - Processing /home/airflow/.local/lib/python3.12/site-packages/airflow/example_dags/example_dag_decorator.py took 0.217 seconds
[2024-09-12T14:23:51.320+0000] {processor.py:186} INFO - Started process (PID=749) to work on /home/airflow/.local/lib/python3.12/site-packages/airflow/example_dags/example_dag_decorator.py
[2024-09-12T14:23:51.322+0000] {processor.py:914} INFO - Processing file /home/airflow/.local/lib/python3.12/site-packages/airflow/example_dags/example_dag_decorator.py for tasks to queue
[2024-09-12T14:23:51.325+0000] {logging_mixin.py:190} INFO - [2024-09-12T14:23:51.325+0000] {dagbag.py:587} INFO - Filling up the DagBag from /home/airflow/.local/lib/python3.12/site-packages/airflow/example_dags/example_dag_decorator.py
[2024-09-12T14:23:51.343+0000] {processor.py:925} INFO - DAG(s) 'example_dag_decorator' retrieved from /home/airflow/.local/lib/python3.12/site-packages/airflow/example_dags/example_dag_decorator.py
[2024-09-12T14:23:51.529+0000] {logging_mixin.py:190} INFO - [2024-09-12T14:23:51.529+0000] {dag.py:3229} INFO - Sync 1 DAGs
[2024-09-12T14:23:51.591+0000] {logging_mixin.py:190} INFO - [2024-09-12T14:23:51.591+0000] {dag.py:4156} INFO - Setting next_dagrun for example_dag_decorator to None, run_after=None
[2024-09-12T14:23:51.622+0000] {processor.py:208} INFO - Processing /home/airflow/.local/lib/python3.12/site-packages/airflow/example_dags/example_dag_decorator.py took 0.311 seconds
[2024-09-12T14:24:22.124+0000] {processor.py:186} INFO - Started process (PID=811) to work on /home/airflow/.local/lib/python3.12/site-packages/airflow/example_dags/example_dag_decorator.py
[2024-09-12T14:24:22.125+0000] {processor.py:914} INFO - Processing file /home/airflow/.local/lib/python3.12/site-packages/airflow/example_dags/example_dag_decorator.py for tasks to queue
[2024-09-12T14:24:22.127+0000] {logging_mixin.py:190} INFO - [2024-09-12T14:24:22.127+0000] {dagbag.py:587} INFO - Filling up the DagBag from /home/airflow/.local/lib/python3.12/site-packages/airflow/example_dags/example_dag_decorator.py
[2024-09-12T14:24:22.140+0000] {processor.py:925} INFO - DAG(s) 'example_dag_decorator' retrieved from /home/airflow/.local/lib/python3.12/site-packages/airflow/example_dags/example_dag_decorator.py
[2024-09-12T14:24:22.172+0000] {logging_mixin.py:190} INFO - [2024-09-12T14:24:22.171+0000] {dag.py:3229} INFO - Sync 1 DAGs
[2024-09-12T14:24:22.192+0000] {logging_mixin.py:190} INFO - [2024-09-12T14:24:22.192+0000] {dag.py:4156} INFO - Setting next_dagrun for example_dag_decorator to None, run_after=None
[2024-09-12T14:24:22.215+0000] {processor.py:208} INFO - Processing /home/airflow/.local/lib/python3.12/site-packages/airflow/example_dags/example_dag_decorator.py took 0.098 seconds
[2024-09-12T14:24:52.266+0000] {processor.py:186} INFO - Started process (PID=873) to work on /home/airflow/.local/lib/python3.12/site-packages/airflow/example_dags/example_dag_decorator.py
[2024-09-12T14:24:52.267+0000] {processor.py:914} INFO - Processing file /home/airflow/.local/lib/python3.12/site-packages/airflow/example_dags/example_dag_decorator.py for tasks to queue
[2024-09-12T14:24:52.270+0000] {logging_mixin.py:190} INFO - [2024-09-12T14:24:52.270+0000] {dagbag.py:587} INFO - Filling up the DagBag from /home/airflow/.local/lib/python3.12/site-packages/airflow/example_dags/example_dag_decorator.py
[2024-09-12T14:24:52.286+0000] {processor.py:925} INFO - DAG(s) 'example_dag_decorator' retrieved from /home/airflow/.local/lib/python3.12/site-packages/airflow/example_dags/example_dag_decorator.py
[2024-09-12T14:24:52.414+0000] {logging_mixin.py:190} INFO - [2024-09-12T14:24:52.414+0000] {dag.py:3229} INFO - Sync 1 DAGs
[2024-09-12T14:24:52.427+0000] {logging_mixin.py:190} INFO - [2024-09-12T14:24:52.426+0000] {dag.py:4156} INFO - Setting next_dagrun for example_dag_decorator to None, run_after=None
[2024-09-12T14:24:52.445+0000] {processor.py:208} INFO - Processing /home/airflow/.local/lib/python3.12/site-packages/airflow/example_dags/example_dag_decorator.py took 0.185 seconds
[2024-09-12T14:25:23.182+0000] {processor.py:186} INFO - Started process (PID=935) to work on /home/airflow/.local/lib/python3.12/site-packages/airflow/example_dags/example_dag_decorator.py
[2024-09-12T14:25:23.183+0000] {processor.py:914} INFO - Processing file /home/airflow/.local/lib/python3.12/site-packages/airflow/example_dags/example_dag_decorator.py for tasks to queue
[2024-09-12T14:25:23.186+0000] {logging_mixin.py:190} INFO - [2024-09-12T14:25:23.186+0000] {dagbag.py:587} INFO - Filling up the DagBag from /home/airflow/.local/lib/python3.12/site-packages/airflow/example_dags/example_dag_decorator.py
[2024-09-12T14:25:23.203+0000] {processor.py:925} INFO - DAG(s) 'example_dag_decorator' retrieved from /home/airflow/.local/lib/python3.12/site-packages/airflow/example_dags/example_dag_decorator.py
[2024-09-12T14:25:23.602+0000] {logging_mixin.py:190} INFO - [2024-09-12T14:25:23.601+0000] {dag.py:3229} INFO - Sync 1 DAGs
[2024-09-12T14:25:23.619+0000] {logging_mixin.py:190} INFO - [2024-09-12T14:25:23.619+0000] {dag.py:4156} INFO - Setting next_dagrun for example_dag_decorator to None, run_after=None
[2024-09-12T14:25:23.702+0000] {processor.py:208} INFO - Processing /home/airflow/.local/lib/python3.12/site-packages/airflow/example_dags/example_dag_decorator.py took 0.571 seconds
[2024-09-12T14:25:54.581+0000] {processor.py:186} INFO - Started process (PID=997) to work on /home/airflow/.local/lib/python3.12/site-packages/airflow/example_dags/example_dag_decorator.py
[2024-09-12T14:25:54.582+0000] {processor.py:914} INFO - Processing file /home/airflow/.local/lib/python3.12/site-packages/airflow/example_dags/example_dag_decorator.py for tasks to queue
[2024-09-12T14:25:54.584+0000] {logging_mixin.py:190} INFO - [2024-09-12T14:25:54.584+0000] {dagbag.py:587} INFO - Filling up the DagBag from /home/airflow/.local/lib/python3.12/site-packages/airflow/example_dags/example_dag_decorator.py
[2024-09-12T14:25:54.596+0000] {processor.py:925} INFO - DAG(s) 'example_dag_decorator' retrieved from /home/airflow/.local/lib/python3.12/site-packages/airflow/example_dags/example_dag_decorator.py
[2024-09-12T14:25:54.717+0000] {logging_mixin.py:190} INFO - [2024-09-12T14:25:54.717+0000] {dag.py:3229} INFO - Sync 1 DAGs
[2024-09-12T14:25:54.729+0000] {logging_mixin.py:190} INFO - [2024-09-12T14:25:54.729+0000] {dag.py:4156} INFO - Setting next_dagrun for example_dag_decorator to None, run_after=None
[2024-09-12T14:25:54.788+0000] {processor.py:208} INFO - Processing /home/airflow/.local/lib/python3.12/site-packages/airflow/example_dags/example_dag_decorator.py took 0.213 seconds
[2024-09-12T14:26:24.905+0000] {processor.py:186} INFO - Started process (PID=1059) to work on /home/airflow/.local/lib/python3.12/site-packages/airflow/example_dags/example_dag_decorator.py
[2024-09-12T14:26:24.906+0000] {processor.py:914} INFO - Processing file /home/airflow/.local/lib/python3.12/site-packages/airflow/example_dags/example_dag_decorator.py for tasks to queue
[2024-09-12T14:26:24.909+0000] {logging_mixin.py:190} INFO - [2024-09-12T14:26:24.909+0000] {dagbag.py:587} INFO - Filling up the DagBag from /home/airflow/.local/lib/python3.12/site-packages/airflow/example_dags/example_dag_decorator.py
[2024-09-12T14:26:24.922+0000] {processor.py:925} INFO - DAG(s) 'example_dag_decorator' retrieved from /home/airflow/.local/lib/python3.12/site-packages/airflow/example_dags/example_dag_decorator.py
[2024-09-12T14:26:25.042+0000] {logging_mixin.py:190} INFO - [2024-09-12T14:26:25.041+0000] {dag.py:3229} INFO - Sync 1 DAGs
[2024-09-12T14:26:25.058+0000] {logging_mixin.py:190} INFO - [2024-09-12T14:26:25.058+0000] {dag.py:4156} INFO - Setting next_dagrun for example_dag_decorator to None, run_after=None
[2024-09-12T14:26:25.078+0000] {processor.py:208} INFO - Processing /home/airflow/.local/lib/python3.12/site-packages/airflow/example_dags/example_dag_decorator.py took 0.180 seconds
[2024-09-12T14:26:55.370+0000] {processor.py:186} INFO - Started process (PID=1121) to work on /home/airflow/.local/lib/python3.12/site-packages/airflow/example_dags/example_dag_decorator.py
[2024-09-12T14:26:55.371+0000] {processor.py:914} INFO - Processing file /home/airflow/.local/lib/python3.12/site-packages/airflow/example_dags/example_dag_decorator.py for tasks to queue
[2024-09-12T14:26:55.374+0000] {logging_mixin.py:190} INFO - [2024-09-12T14:26:55.373+0000] {dagbag.py:587} INFO - Filling up the DagBag from /home/airflow/.local/lib/python3.12/site-packages/airflow/example_dags/example_dag_decorator.py
[2024-09-12T14:26:55.388+0000] {processor.py:925} INFO - DAG(s) 'example_dag_decorator' retrieved from /home/airflow/.local/lib/python3.12/site-packages/airflow/example_dags/example_dag_decorator.py
[2024-09-12T14:26:55.551+0000] {logging_mixin.py:190} INFO - [2024-09-12T14:26:55.551+0000] {dag.py:3229} INFO - Sync 1 DAGs
[2024-09-12T14:26:55.569+0000] {logging_mixin.py:190} INFO - [2024-09-12T14:26:55.569+0000] {dag.py:4156} INFO - Setting next_dagrun for example_dag_decorator to None, run_after=None
[2024-09-12T14:26:55.599+0000] {processor.py:208} INFO - Processing /home/airflow/.local/lib/python3.12/site-packages/airflow/example_dags/example_dag_decorator.py took 0.237 seconds
[2024-09-12T14:27:25.799+0000] {processor.py:186} INFO - Started process (PID=1189) to work on /home/airflow/.local/lib/python3.12/site-packages/airflow/example_dags/example_dag_decorator.py
[2024-09-12T14:27:25.801+0000] {processor.py:914} INFO - Processing file /home/airflow/.local/lib/python3.12/site-packages/airflow/example_dags/example_dag_decorator.py for tasks to queue
[2024-09-12T14:27:25.805+0000] {logging_mixin.py:190} INFO - [2024-09-12T14:27:25.804+0000] {dagbag.py:587} INFO - Filling up the DagBag from /home/airflow/.local/lib/python3.12/site-packages/airflow/example_dags/example_dag_decorator.py
[2024-09-12T14:27:25.882+0000] {processor.py:925} INFO - DAG(s) 'example_dag_decorator' retrieved from /home/airflow/.local/lib/python3.12/site-packages/airflow/example_dags/example_dag_decorator.py
[2024-09-12T14:27:26.289+0000] {logging_mixin.py:190} INFO - [2024-09-12T14:27:26.288+0000] {dag.py:3229} INFO - Sync 1 DAGs
[2024-09-12T14:27:26.306+0000] {logging_mixin.py:190} INFO - [2024-09-12T14:27:26.306+0000] {dag.py:4156} INFO - Setting next_dagrun for example_dag_decorator to None, run_after=None
[2024-09-12T14:27:26.382+0000] {processor.py:208} INFO - Processing /home/airflow/.local/lib/python3.12/site-packages/airflow/example_dags/example_dag_decorator.py took 0.590 seconds
[2024-09-12T14:27:57.221+0000] {processor.py:186} INFO - Started process (PID=1251) to work on /home/airflow/.local/lib/python3.12/site-packages/airflow/example_dags/example_dag_decorator.py
[2024-09-12T14:27:57.222+0000] {processor.py:914} INFO - Processing file /home/airflow/.local/lib/python3.12/site-packages/airflow/example_dags/example_dag_decorator.py for tasks to queue
[2024-09-12T14:27:57.225+0000] {logging_mixin.py:190} INFO - [2024-09-12T14:27:57.224+0000] {dagbag.py:587} INFO - Filling up the DagBag from /home/airflow/.local/lib/python3.12/site-packages/airflow/example_dags/example_dag_decorator.py
[2024-09-12T14:27:57.288+0000] {processor.py:925} INFO - DAG(s) 'example_dag_decorator' retrieved from /home/airflow/.local/lib/python3.12/site-packages/airflow/example_dags/example_dag_decorator.py
[2024-09-12T14:27:57.490+0000] {logging_mixin.py:190} INFO - [2024-09-12T14:27:57.489+0000] {dag.py:3229} INFO - Sync 1 DAGs
[2024-09-12T14:27:57.513+0000] {logging_mixin.py:190} INFO - [2024-09-12T14:27:57.513+0000] {dag.py:4156} INFO - Setting next_dagrun for example_dag_decorator to None, run_after=None
[2024-09-12T14:27:57.602+0000] {processor.py:208} INFO - Processing /home/airflow/.local/lib/python3.12/site-packages/airflow/example_dags/example_dag_decorator.py took 0.389 seconds
[2024-09-12T14:28:30.293+0000] {processor.py:186} INFO - Started process (PID=1313) to work on /home/airflow/.local/lib/python3.12/site-packages/airflow/example_dags/example_dag_decorator.py
[2024-09-12T14:28:30.294+0000] {processor.py:914} INFO - Processing file /home/airflow/.local/lib/python3.12/site-packages/airflow/example_dags/example_dag_decorator.py for tasks to queue
[2024-09-12T14:28:30.297+0000] {logging_mixin.py:190} INFO - [2024-09-12T14:28:30.297+0000] {dagbag.py:587} INFO - Filling up the DagBag from /home/airflow/.local/lib/python3.12/site-packages/airflow/example_dags/example_dag_decorator.py
[2024-09-12T14:28:30.481+0000] {processor.py:925} INFO - DAG(s) 'example_dag_decorator' retrieved from /home/airflow/.local/lib/python3.12/site-packages/airflow/example_dags/example_dag_decorator.py
[2024-09-12T14:28:31.405+0000] {logging_mixin.py:190} INFO - [2024-09-12T14:28:31.404+0000] {dag.py:3229} INFO - Sync 1 DAGs
[2024-09-12T14:28:31.495+0000] {logging_mixin.py:190} INFO - [2024-09-12T14:28:31.495+0000] {dag.py:4156} INFO - Setting next_dagrun for example_dag_decorator to None, run_after=None
[2024-09-12T14:28:31.613+0000] {processor.py:208} INFO - Processing /home/airflow/.local/lib/python3.12/site-packages/airflow/example_dags/example_dag_decorator.py took 1.330 seconds
[2024-09-12T14:29:02.282+0000] {processor.py:186} INFO - Started process (PID=1375) to work on /home/airflow/.local/lib/python3.12/site-packages/airflow/example_dags/example_dag_decorator.py
[2024-09-12T14:29:02.283+0000] {processor.py:914} INFO - Processing file /home/airflow/.local/lib/python3.12/site-packages/airflow/example_dags/example_dag_decorator.py for tasks to queue
[2024-09-12T14:29:02.286+0000] {logging_mixin.py:190} INFO - [2024-09-12T14:29:02.286+0000] {dagbag.py:587} INFO - Filling up the DagBag from /home/airflow/.local/lib/python3.12/site-packages/airflow/example_dags/example_dag_decorator.py
[2024-09-12T14:29:02.303+0000] {processor.py:925} INFO - DAG(s) 'example_dag_decorator' retrieved from /home/airflow/.local/lib/python3.12/site-packages/airflow/example_dags/example_dag_decorator.py
[2024-09-12T14:29:03.307+0000] {logging_mixin.py:190} INFO - [2024-09-12T14:29:03.306+0000] {dag.py:3229} INFO - Sync 1 DAGs
[2024-09-12T14:29:03.394+0000] {logging_mixin.py:190} INFO - [2024-09-12T14:29:03.393+0000] {dag.py:4156} INFO - Setting next_dagrun for example_dag_decorator to None, run_after=None
[2024-09-12T14:29:03.491+0000] {processor.py:208} INFO - Processing /home/airflow/.local/lib/python3.12/site-packages/airflow/example_dags/example_dag_decorator.py took 1.286 seconds
[2024-09-12T14:29:33.885+0000] {processor.py:186} INFO - Started process (PID=1437) to work on /home/airflow/.local/lib/python3.12/site-packages/airflow/example_dags/example_dag_decorator.py
[2024-09-12T14:29:33.887+0000] {processor.py:914} INFO - Processing file /home/airflow/.local/lib/python3.12/site-packages/airflow/example_dags/example_dag_decorator.py for tasks to queue
[2024-09-12T14:29:33.891+0000] {logging_mixin.py:190} INFO - [2024-09-12T14:29:33.890+0000] {dagbag.py:587} INFO - Filling up the DagBag from /home/airflow/.local/lib/python3.12/site-packages/airflow/example_dags/example_dag_decorator.py
[2024-09-12T14:29:33.988+0000] {processor.py:925} INFO - DAG(s) 'example_dag_decorator' retrieved from /home/airflow/.local/lib/python3.12/site-packages/airflow/example_dags/example_dag_decorator.py
[2024-09-12T14:29:34.984+0000] {logging_mixin.py:190} INFO - [2024-09-12T14:29:34.983+0000] {dag.py:3229} INFO - Sync 1 DAGs
[2024-09-12T14:29:35.000+0000] {logging_mixin.py:190} INFO - [2024-09-12T14:29:35.000+0000] {dag.py:4156} INFO - Setting next_dagrun for example_dag_decorator to None, run_after=None
[2024-09-12T14:29:35.105+0000] {processor.py:208} INFO - Processing /home/airflow/.local/lib/python3.12/site-packages/airflow/example_dags/example_dag_decorator.py took 1.307 seconds
[2024-09-12T14:30:05.351+0000] {processor.py:186} INFO - Started process (PID=1499) to work on /home/airflow/.local/lib/python3.12/site-packages/airflow/example_dags/example_dag_decorator.py
[2024-09-12T14:30:05.353+0000] {processor.py:914} INFO - Processing file /home/airflow/.local/lib/python3.12/site-packages/airflow/example_dags/example_dag_decorator.py for tasks to queue
[2024-09-12T14:30:05.356+0000] {logging_mixin.py:190} INFO - [2024-09-12T14:30:05.356+0000] {dagbag.py:587} INFO - Filling up the DagBag from /home/airflow/.local/lib/python3.12/site-packages/airflow/example_dags/example_dag_decorator.py
[2024-09-12T14:30:05.373+0000] {processor.py:925} INFO - DAG(s) 'example_dag_decorator' retrieved from /home/airflow/.local/lib/python3.12/site-packages/airflow/example_dags/example_dag_decorator.py
[2024-09-12T14:30:05.645+0000] {logging_mixin.py:190} INFO - [2024-09-12T14:30:05.644+0000] {dag.py:3229} INFO - Sync 1 DAGs
[2024-09-12T14:30:05.663+0000] {logging_mixin.py:190} INFO - [2024-09-12T14:30:05.662+0000] {dag.py:4156} INFO - Setting next_dagrun for example_dag_decorator to None, run_after=None
[2024-09-12T14:30:05.693+0000] {processor.py:208} INFO - Processing /home/airflow/.local/lib/python3.12/site-packages/airflow/example_dags/example_dag_decorator.py took 0.350 seconds
[2024-09-12T14:30:35.816+0000] {processor.py:186} INFO - Started process (PID=1561) to work on /home/airflow/.local/lib/python3.12/site-packages/airflow/example_dags/example_dag_decorator.py
[2024-09-12T14:30:35.817+0000] {processor.py:914} INFO - Processing file /home/airflow/.local/lib/python3.12/site-packages/airflow/example_dags/example_dag_decorator.py for tasks to queue
[2024-09-12T14:30:35.820+0000] {logging_mixin.py:190} INFO - [2024-09-12T14:30:35.820+0000] {dagbag.py:587} INFO - Filling up the DagBag from /home/airflow/.local/lib/python3.12/site-packages/airflow/example_dags/example_dag_decorator.py
[2024-09-12T14:30:35.837+0000] {processor.py:925} INFO - DAG(s) 'example_dag_decorator' retrieved from /home/airflow/.local/lib/python3.12/site-packages/airflow/example_dags/example_dag_decorator.py
[2024-09-12T14:30:35.865+0000] {logging_mixin.py:190} INFO - [2024-09-12T14:30:35.865+0000] {dag.py:3229} INFO - Sync 1 DAGs
[2024-09-12T14:30:35.884+0000] {logging_mixin.py:190} INFO - [2024-09-12T14:30:35.883+0000] {dag.py:4156} INFO - Setting next_dagrun for example_dag_decorator to None, run_after=None
[2024-09-12T14:30:35.913+0000] {processor.py:208} INFO - Processing /home/airflow/.local/lib/python3.12/site-packages/airflow/example_dags/example_dag_decorator.py took 0.106 seconds
[2024-09-12T14:31:06.007+0000] {processor.py:186} INFO - Started process (PID=1623) to work on /home/airflow/.local/lib/python3.12/site-packages/airflow/example_dags/example_dag_decorator.py
[2024-09-12T14:31:06.008+0000] {processor.py:914} INFO - Processing file /home/airflow/.local/lib/python3.12/site-packages/airflow/example_dags/example_dag_decorator.py for tasks to queue
[2024-09-12T14:31:06.011+0000] {logging_mixin.py:190} INFO - [2024-09-12T14:31:06.011+0000] {dagbag.py:587} INFO - Filling up the DagBag from /home/airflow/.local/lib/python3.12/site-packages/airflow/example_dags/example_dag_decorator.py
[2024-09-12T14:31:06.027+0000] {processor.py:925} INFO - DAG(s) 'example_dag_decorator' retrieved from /home/airflow/.local/lib/python3.12/site-packages/airflow/example_dags/example_dag_decorator.py
[2024-09-12T14:31:06.085+0000] {logging_mixin.py:190} INFO - [2024-09-12T14:31:06.084+0000] {dag.py:3229} INFO - Sync 1 DAGs
[2024-09-12T14:31:06.104+0000] {logging_mixin.py:190} INFO - [2024-09-12T14:31:06.104+0000] {dag.py:4156} INFO - Setting next_dagrun for example_dag_decorator to None, run_after=None
[2024-09-12T14:31:06.129+0000] {processor.py:208} INFO - Processing /home/airflow/.local/lib/python3.12/site-packages/airflow/example_dags/example_dag_decorator.py took 0.130 seconds
[2024-09-12T14:31:36.233+0000] {processor.py:186} INFO - Started process (PID=1685) to work on /home/airflow/.local/lib/python3.12/site-packages/airflow/example_dags/example_dag_decorator.py
[2024-09-12T14:31:36.234+0000] {processor.py:914} INFO - Processing file /home/airflow/.local/lib/python3.12/site-packages/airflow/example_dags/example_dag_decorator.py for tasks to queue
[2024-09-12T14:31:36.238+0000] {logging_mixin.py:190} INFO - [2024-09-12T14:31:36.238+0000] {dagbag.py:587} INFO - Filling up the DagBag from /home/airflow/.local/lib/python3.12/site-packages/airflow/example_dags/example_dag_decorator.py
[2024-09-12T14:31:36.254+0000] {processor.py:925} INFO - DAG(s) 'example_dag_decorator' retrieved from /home/airflow/.local/lib/python3.12/site-packages/airflow/example_dags/example_dag_decorator.py
[2024-09-12T14:31:36.422+0000] {logging_mixin.py:190} INFO - [2024-09-12T14:31:36.422+0000] {dag.py:3229} INFO - Sync 1 DAGs
[2024-09-12T14:31:36.439+0000] {logging_mixin.py:190} INFO - [2024-09-12T14:31:36.438+0000] {dag.py:4156} INFO - Setting next_dagrun for example_dag_decorator to None, run_after=None
[2024-09-12T14:31:36.463+0000] {processor.py:208} INFO - Processing /home/airflow/.local/lib/python3.12/site-packages/airflow/example_dags/example_dag_decorator.py took 0.237 seconds
[2024-09-12T14:32:06.572+0000] {processor.py:186} INFO - Started process (PID=1747) to work on /home/airflow/.local/lib/python3.12/site-packages/airflow/example_dags/example_dag_decorator.py
[2024-09-12T14:32:06.574+0000] {processor.py:914} INFO - Processing file /home/airflow/.local/lib/python3.12/site-packages/airflow/example_dags/example_dag_decorator.py for tasks to queue
[2024-09-12T14:32:06.578+0000] {logging_mixin.py:190} INFO - [2024-09-12T14:32:06.577+0000] {dagbag.py:587} INFO - Filling up the DagBag from /home/airflow/.local/lib/python3.12/site-packages/airflow/example_dags/example_dag_decorator.py
[2024-09-12T14:32:06.595+0000] {processor.py:925} INFO - DAG(s) 'example_dag_decorator' retrieved from /home/airflow/.local/lib/python3.12/site-packages/airflow/example_dags/example_dag_decorator.py
[2024-09-12T14:32:06.631+0000] {logging_mixin.py:190} INFO - [2024-09-12T14:32:06.630+0000] {dag.py:3229} INFO - Sync 1 DAGs
[2024-09-12T14:32:06.653+0000] {logging_mixin.py:190} INFO - [2024-09-12T14:32:06.653+0000] {dag.py:4156} INFO - Setting next_dagrun for example_dag_decorator to None, run_after=None
[2024-09-12T14:32:06.678+0000] {processor.py:208} INFO - Processing /home/airflow/.local/lib/python3.12/site-packages/airflow/example_dags/example_dag_decorator.py took 0.114 seconds
[2024-09-12T14:32:37.119+0000] {processor.py:186} INFO - Started process (PID=1809) to work on /home/airflow/.local/lib/python3.12/site-packages/airflow/example_dags/example_dag_decorator.py
[2024-09-12T14:32:37.120+0000] {processor.py:914} INFO - Processing file /home/airflow/.local/lib/python3.12/site-packages/airflow/example_dags/example_dag_decorator.py for tasks to queue
[2024-09-12T14:32:37.122+0000] {logging_mixin.py:190} INFO - [2024-09-12T14:32:37.122+0000] {dagbag.py:587} INFO - Filling up the DagBag from /home/airflow/.local/lib/python3.12/site-packages/airflow/example_dags/example_dag_decorator.py
[2024-09-12T14:32:37.134+0000] {processor.py:925} INFO - DAG(s) 'example_dag_decorator' retrieved from /home/airflow/.local/lib/python3.12/site-packages/airflow/example_dags/example_dag_decorator.py
[2024-09-12T14:32:37.264+0000] {logging_mixin.py:190} INFO - [2024-09-12T14:32:37.264+0000] {dag.py:3229} INFO - Sync 1 DAGs
[2024-09-12T14:32:37.279+0000] {logging_mixin.py:190} INFO - [2024-09-12T14:32:37.278+0000] {dag.py:4156} INFO - Setting next_dagrun for example_dag_decorator to None, run_after=None
[2024-09-12T14:32:37.300+0000] {processor.py:208} INFO - Processing /home/airflow/.local/lib/python3.12/site-packages/airflow/example_dags/example_dag_decorator.py took 0.188 seconds
[2024-09-12T14:34:08.748+0000] {processor.py:186} INFO - Started process (PID=1995) to work on /home/airflow/.local/lib/python3.12/site-packages/airflow/example_dags/example_dag_decorator.py
[2024-09-12T14:34:08.749+0000] {processor.py:914} INFO - Processing file /home/airflow/.local/lib/python3.12/site-packages/airflow/example_dags/example_dag_decorator.py for tasks to queue
[2024-09-12T14:34:08.751+0000] {logging_mixin.py:190} INFO - [2024-09-12T14:34:08.751+0000] {dagbag.py:587} INFO - Filling up the DagBag from /home/airflow/.local/lib/python3.12/site-packages/airflow/example_dags/example_dag_decorator.py
[2024-09-12T14:34:08.766+0000] {processor.py:925} INFO - DAG(s) 'example_dag_decorator' retrieved from /home/airflow/.local/lib/python3.12/site-packages/airflow/example_dags/example_dag_decorator.py
[2024-09-12T14:34:08.930+0000] {logging_mixin.py:190} INFO - [2024-09-12T14:34:08.930+0000] {dag.py:3229} INFO - Sync 1 DAGs
[2024-09-12T14:34:08.947+0000] {logging_mixin.py:190} INFO - [2024-09-12T14:34:08.946+0000] {dag.py:4156} INFO - Setting next_dagrun for example_dag_decorator to None, run_after=None
[2024-09-12T14:34:08.971+0000] {processor.py:208} INFO - Processing /home/airflow/.local/lib/python3.12/site-packages/airflow/example_dags/example_dag_decorator.py took 0.230 seconds
[2024-09-12T14:34:39.030+0000] {processor.py:186} INFO - Started process (PID=2057) to work on /home/airflow/.local/lib/python3.12/site-packages/airflow/example_dags/example_dag_decorator.py
[2024-09-12T14:34:39.031+0000] {processor.py:914} INFO - Processing file /home/airflow/.local/lib/python3.12/site-packages/airflow/example_dags/example_dag_decorator.py for tasks to queue
[2024-09-12T14:34:39.034+0000] {logging_mixin.py:190} INFO - [2024-09-12T14:34:39.033+0000] {dagbag.py:587} INFO - Filling up the DagBag from /home/airflow/.local/lib/python3.12/site-packages/airflow/example_dags/example_dag_decorator.py
[2024-09-12T14:34:39.048+0000] {processor.py:925} INFO - DAG(s) 'example_dag_decorator' retrieved from /home/airflow/.local/lib/python3.12/site-packages/airflow/example_dags/example_dag_decorator.py
[2024-09-12T14:34:39.190+0000] {logging_mixin.py:190} INFO - [2024-09-12T14:34:39.190+0000] {dag.py:3229} INFO - Sync 1 DAGs
[2024-09-12T14:34:39.204+0000] {logging_mixin.py:190} INFO - [2024-09-12T14:34:39.204+0000] {dag.py:4156} INFO - Setting next_dagrun for example_dag_decorator to None, run_after=None
[2024-09-12T14:34:39.227+0000] {processor.py:208} INFO - Processing /home/airflow/.local/lib/python3.12/site-packages/airflow/example_dags/example_dag_decorator.py took 0.205 seconds
[2024-09-12T14:35:09.870+0000] {processor.py:186} INFO - Started process (PID=2119) to work on /home/airflow/.local/lib/python3.12/site-packages/airflow/example_dags/example_dag_decorator.py
[2024-09-12T14:35:09.872+0000] {processor.py:914} INFO - Processing file /home/airflow/.local/lib/python3.12/site-packages/airflow/example_dags/example_dag_decorator.py for tasks to queue
[2024-09-12T14:35:09.874+0000] {logging_mixin.py:190} INFO - [2024-09-12T14:35:09.874+0000] {dagbag.py:587} INFO - Filling up the DagBag from /home/airflow/.local/lib/python3.12/site-packages/airflow/example_dags/example_dag_decorator.py
[2024-09-12T14:35:09.888+0000] {processor.py:925} INFO - DAG(s) 'example_dag_decorator' retrieved from /home/airflow/.local/lib/python3.12/site-packages/airflow/example_dags/example_dag_decorator.py
[2024-09-12T14:35:10.060+0000] {logging_mixin.py:190} INFO - [2024-09-12T14:35:10.060+0000] {dag.py:3229} INFO - Sync 1 DAGs
[2024-09-12T14:35:10.078+0000] {logging_mixin.py:190} INFO - [2024-09-12T14:35:10.078+0000] {dag.py:4156} INFO - Setting next_dagrun for example_dag_decorator to None, run_after=None
[2024-09-12T14:35:10.101+0000] {processor.py:208} INFO - Processing /home/airflow/.local/lib/python3.12/site-packages/airflow/example_dags/example_dag_decorator.py took 0.238 seconds
[2024-09-12T14:35:40.666+0000] {processor.py:186} INFO - Started process (PID=2182) to work on /home/airflow/.local/lib/python3.12/site-packages/airflow/example_dags/example_dag_decorator.py
[2024-09-12T14:35:40.667+0000] {processor.py:914} INFO - Processing file /home/airflow/.local/lib/python3.12/site-packages/airflow/example_dags/example_dag_decorator.py for tasks to queue
[2024-09-12T14:35:40.670+0000] {logging_mixin.py:190} INFO - [2024-09-12T14:35:40.670+0000] {dagbag.py:587} INFO - Filling up the DagBag from /home/airflow/.local/lib/python3.12/site-packages/airflow/example_dags/example_dag_decorator.py
[2024-09-12T14:35:40.686+0000] {processor.py:925} INFO - DAG(s) 'example_dag_decorator' retrieved from /home/airflow/.local/lib/python3.12/site-packages/airflow/example_dags/example_dag_decorator.py
[2024-09-12T14:35:40.908+0000] {logging_mixin.py:190} INFO - [2024-09-12T14:35:40.907+0000] {dag.py:3229} INFO - Sync 1 DAGs
[2024-09-12T14:35:40.927+0000] {logging_mixin.py:190} INFO - [2024-09-12T14:35:40.927+0000] {dag.py:4156} INFO - Setting next_dagrun for example_dag_decorator to None, run_after=None
[2024-09-12T14:35:41.007+0000] {processor.py:208} INFO - Processing /home/airflow/.local/lib/python3.12/site-packages/airflow/example_dags/example_dag_decorator.py took 0.349 seconds
