[2024-09-12T14:00:53.221+0000] {processor.py:186} INFO - Started process (PID=87) to work on /home/airflow/.local/lib/python3.12/site-packages/airflow/example_dags/example_outlet_event_extra.py
[2024-09-12T14:00:53.222+0000] {processor.py:914} INFO - Processing file /home/airflow/.local/lib/python3.12/site-packages/airflow/example_dags/example_outlet_event_extra.py for tasks to queue
[2024-09-12T14:00:53.225+0000] {logging_mixin.py:190} INFO - [2024-09-12T14:00:53.225+0000] {dagbag.py:587} INFO - Filling up the DagBag from /home/airflow/.local/lib/python3.12/site-packages/airflow/example_dags/example_outlet_event_extra.py
[2024-09-12T14:00:53.597+0000] {processor.py:925} INFO - DAG(s) 'dataset_with_extra_by_yield', 'dataset_with_extra_from_classic_operator', 'dataset_with_extra_by_context' retrieved from /home/airflow/.local/lib/python3.12/site-packages/airflow/example_dags/example_outlet_event_extra.py
[2024-09-12T14:00:53.821+0000] {logging_mixin.py:190} INFO - [2024-09-12T14:00:53.820+0000] {override.py:1900} INFO - Created Permission View: can read on DAG:dataset_with_extra_by_yield
[2024-09-12T14:00:53.882+0000] {logging_mixin.py:190} INFO - [2024-09-12T14:00:53.882+0000] {override.py:1900} INFO - Created Permission View: can delete on DAG:dataset_with_extra_by_yield
[2024-09-12T14:00:53.892+0000] {logging_mixin.py:190} INFO - [2024-09-12T14:00:53.892+0000] {override.py:1900} INFO - Created Permission View: can edit on DAG:dataset_with_extra_by_yield
[2024-09-12T14:00:53.902+0000] {logging_mixin.py:190} INFO - [2024-09-12T14:00:53.901+0000] {override.py:1900} INFO - Created Permission View: can read on DAG Run:dataset_with_extra_by_yield
[2024-09-12T14:00:53.910+0000] {logging_mixin.py:190} INFO - [2024-09-12T14:00:53.910+0000] {override.py:1900} INFO - Created Permission View: can create on DAG Run:dataset_with_extra_by_yield
[2024-09-12T14:00:53.917+0000] {logging_mixin.py:190} INFO - [2024-09-12T14:00:53.917+0000] {override.py:1900} INFO - Created Permission View: can delete on DAG Run:dataset_with_extra_by_yield
[2024-09-12T14:00:53.925+0000] {logging_mixin.py:190} INFO - [2024-09-12T14:00:53.924+0000] {override.py:1900} INFO - Created Permission View: menu access on DAG Run:dataset_with_extra_by_yield
[2024-09-12T14:00:53.986+0000] {logging_mixin.py:190} INFO - [2024-09-12T14:00:53.986+0000] {override.py:1900} INFO - Created Permission View: can read on DAG:dataset_with_extra_from_classic_operator
[2024-09-12T14:00:53.995+0000] {logging_mixin.py:190} INFO - [2024-09-12T14:00:53.994+0000] {override.py:1900} INFO - Created Permission View: can delete on DAG:dataset_with_extra_from_classic_operator
[2024-09-12T14:00:54.002+0000] {logging_mixin.py:190} INFO - [2024-09-12T14:00:54.002+0000] {override.py:1900} INFO - Created Permission View: can edit on DAG:dataset_with_extra_from_classic_operator
[2024-09-12T14:00:54.012+0000] {logging_mixin.py:190} INFO - [2024-09-12T14:00:54.011+0000] {override.py:1900} INFO - Created Permission View: can read on DAG Run:dataset_with_extra_from_classic_operator
[2024-09-12T14:00:54.019+0000] {logging_mixin.py:190} INFO - [2024-09-12T14:00:54.019+0000] {override.py:1900} INFO - Created Permission View: can create on DAG Run:dataset_with_extra_from_classic_operator
[2024-09-12T14:00:54.028+0000] {logging_mixin.py:190} INFO - [2024-09-12T14:00:54.027+0000] {override.py:1900} INFO - Created Permission View: can delete on DAG Run:dataset_with_extra_from_classic_operator
[2024-09-12T14:00:54.036+0000] {logging_mixin.py:190} INFO - [2024-09-12T14:00:54.036+0000] {override.py:1900} INFO - Created Permission View: menu access on DAG Run:dataset_with_extra_from_classic_operator
[2024-09-12T14:00:54.096+0000] {logging_mixin.py:190} INFO - [2024-09-12T14:00:54.096+0000] {override.py:1900} INFO - Created Permission View: can read on DAG:dataset_with_extra_by_context
[2024-09-12T14:00:54.104+0000] {logging_mixin.py:190} INFO - [2024-09-12T14:00:54.104+0000] {override.py:1900} INFO - Created Permission View: can delete on DAG:dataset_with_extra_by_context
[2024-09-12T14:00:54.113+0000] {logging_mixin.py:190} INFO - [2024-09-12T14:00:54.112+0000] {override.py:1900} INFO - Created Permission View: can edit on DAG:dataset_with_extra_by_context
[2024-09-12T14:00:54.121+0000] {logging_mixin.py:190} INFO - [2024-09-12T14:00:54.120+0000] {override.py:1900} INFO - Created Permission View: can read on DAG Run:dataset_with_extra_by_context
[2024-09-12T14:00:54.128+0000] {logging_mixin.py:190} INFO - [2024-09-12T14:00:54.127+0000] {override.py:1900} INFO - Created Permission View: can create on DAG Run:dataset_with_extra_by_context
[2024-09-12T14:00:54.137+0000] {logging_mixin.py:190} INFO - [2024-09-12T14:00:54.136+0000] {override.py:1900} INFO - Created Permission View: can delete on DAG Run:dataset_with_extra_by_context
[2024-09-12T14:00:54.188+0000] {logging_mixin.py:190} INFO - [2024-09-12T14:00:54.187+0000] {override.py:1900} INFO - Created Permission View: menu access on DAG Run:dataset_with_extra_by_context
[2024-09-12T14:00:54.188+0000] {logging_mixin.py:190} INFO - [2024-09-12T14:00:54.188+0000] {dag.py:3229} INFO - Sync 3 DAGs
[2024-09-12T14:00:54.206+0000] {logging_mixin.py:190} INFO - [2024-09-12T14:00:54.205+0000] {dag.py:3252} INFO - Creating ORM DAG for dataset_with_extra_from_classic_operator
[2024-09-12T14:00:54.206+0000] {logging_mixin.py:190} INFO - [2024-09-12T14:00:54.206+0000] {dag.py:3252} INFO - Creating ORM DAG for dataset_with_extra_by_yield
[2024-09-12T14:00:54.207+0000] {logging_mixin.py:190} INFO - [2024-09-12T14:00:54.207+0000] {dag.py:3252} INFO - Creating ORM DAG for dataset_with_extra_by_context
[2024-09-12T14:00:54.221+0000] {logging_mixin.py:190} INFO - [2024-09-12T14:00:54.220+0000] {dag.py:4156} INFO - Setting next_dagrun for dataset_with_extra_by_context to 2024-09-11 00:00:00+00:00, run_after=2024-09-12 00:00:00+00:00
[2024-09-12T14:00:54.223+0000] {logging_mixin.py:190} INFO - [2024-09-12T14:00:54.223+0000] {dag.py:4156} INFO - Setting next_dagrun for dataset_with_extra_by_yield to 2024-09-11 00:00:00+00:00, run_after=2024-09-12 00:00:00+00:00
[2024-09-12T14:00:54.225+0000] {logging_mixin.py:190} INFO - [2024-09-12T14:00:54.224+0000] {dag.py:4156} INFO - Setting next_dagrun for dataset_with_extra_from_classic_operator to 2024-09-11 00:00:00+00:00, run_after=2024-09-12 00:00:00+00:00
[2024-09-12T14:00:54.307+0000] {processor.py:208} INFO - Processing /home/airflow/.local/lib/python3.12/site-packages/airflow/example_dags/example_outlet_event_extra.py took 1.094 seconds
[2024-09-12T14:01:24.891+0000] {processor.py:186} INFO - Started process (PID=150) to work on /home/airflow/.local/lib/python3.12/site-packages/airflow/example_dags/example_outlet_event_extra.py
[2024-09-12T14:01:24.892+0000] {processor.py:914} INFO - Processing file /home/airflow/.local/lib/python3.12/site-packages/airflow/example_dags/example_outlet_event_extra.py for tasks to queue
[2024-09-12T14:01:24.895+0000] {logging_mixin.py:190} INFO - [2024-09-12T14:01:24.895+0000] {dagbag.py:587} INFO - Filling up the DagBag from /home/airflow/.local/lib/python3.12/site-packages/airflow/example_dags/example_outlet_event_extra.py
[2024-09-12T14:01:25.096+0000] {processor.py:925} INFO - DAG(s) 'dataset_with_extra_by_yield', 'dataset_with_extra_by_context', 'dataset_with_extra_from_classic_operator' retrieved from /home/airflow/.local/lib/python3.12/site-packages/airflow/example_dags/example_outlet_event_extra.py
[2024-09-12T14:01:25.128+0000] {logging_mixin.py:190} INFO - [2024-09-12T14:01:25.128+0000] {dag.py:3229} INFO - Sync 3 DAGs
[2024-09-12T14:01:25.160+0000] {logging_mixin.py:190} INFO - [2024-09-12T14:01:25.159+0000] {dag.py:4156} INFO - Setting next_dagrun for dataset_with_extra_by_context to 2024-09-11 00:00:00+00:00, run_after=2024-09-12 00:00:00+00:00
[2024-09-12T14:01:25.166+0000] {logging_mixin.py:190} INFO - [2024-09-12T14:01:25.165+0000] {dag.py:4156} INFO - Setting next_dagrun for dataset_with_extra_by_yield to 2024-09-11 00:00:00+00:00, run_after=2024-09-12 00:00:00+00:00
[2024-09-12T14:01:25.169+0000] {logging_mixin.py:190} INFO - [2024-09-12T14:01:25.169+0000] {dag.py:4156} INFO - Setting next_dagrun for dataset_with_extra_from_classic_operator to 2024-09-11 00:00:00+00:00, run_after=2024-09-12 00:00:00+00:00
[2024-09-12T14:01:25.197+0000] {processor.py:208} INFO - Processing /home/airflow/.local/lib/python3.12/site-packages/airflow/example_dags/example_outlet_event_extra.py took 0.313 seconds
[2024-09-12T14:01:56.030+0000] {processor.py:186} INFO - Started process (PID=212) to work on /home/airflow/.local/lib/python3.12/site-packages/airflow/example_dags/example_outlet_event_extra.py
[2024-09-12T14:01:56.031+0000] {processor.py:914} INFO - Processing file /home/airflow/.local/lib/python3.12/site-packages/airflow/example_dags/example_outlet_event_extra.py for tasks to queue
[2024-09-12T14:01:56.034+0000] {logging_mixin.py:190} INFO - [2024-09-12T14:01:56.033+0000] {dagbag.py:587} INFO - Filling up the DagBag from /home/airflow/.local/lib/python3.12/site-packages/airflow/example_dags/example_outlet_event_extra.py
[2024-09-12T14:01:56.190+0000] {processor.py:925} INFO - DAG(s) 'dataset_with_extra_by_yield', 'dataset_with_extra_from_classic_operator', 'dataset_with_extra_by_context' retrieved from /home/airflow/.local/lib/python3.12/site-packages/airflow/example_dags/example_outlet_event_extra.py
[2024-09-12T14:01:56.218+0000] {logging_mixin.py:190} INFO - [2024-09-12T14:01:56.218+0000] {dag.py:3229} INFO - Sync 3 DAGs
[2024-09-12T14:01:56.247+0000] {logging_mixin.py:190} INFO - [2024-09-12T14:01:56.246+0000] {dag.py:4156} INFO - Setting next_dagrun for dataset_with_extra_by_context to 2024-09-11 00:00:00+00:00, run_after=2024-09-12 00:00:00+00:00
[2024-09-12T14:01:56.251+0000] {logging_mixin.py:190} INFO - [2024-09-12T14:01:56.251+0000] {dag.py:4156} INFO - Setting next_dagrun for dataset_with_extra_by_yield to 2024-09-11 00:00:00+00:00, run_after=2024-09-12 00:00:00+00:00
[2024-09-12T14:01:56.254+0000] {logging_mixin.py:190} INFO - [2024-09-12T14:01:56.254+0000] {dag.py:4156} INFO - Setting next_dagrun for dataset_with_extra_from_classic_operator to 2024-09-11 00:00:00+00:00, run_after=2024-09-12 00:00:00+00:00
[2024-09-12T14:01:56.274+0000] {processor.py:208} INFO - Processing /home/airflow/.local/lib/python3.12/site-packages/airflow/example_dags/example_outlet_event_extra.py took 0.250 seconds
[2024-09-12T14:02:26.622+0000] {processor.py:186} INFO - Started process (PID=274) to work on /home/airflow/.local/lib/python3.12/site-packages/airflow/example_dags/example_outlet_event_extra.py
[2024-09-12T14:02:26.623+0000] {processor.py:914} INFO - Processing file /home/airflow/.local/lib/python3.12/site-packages/airflow/example_dags/example_outlet_event_extra.py for tasks to queue
[2024-09-12T14:02:26.625+0000] {logging_mixin.py:190} INFO - [2024-09-12T14:02:26.625+0000] {dagbag.py:587} INFO - Filling up the DagBag from /home/airflow/.local/lib/python3.12/site-packages/airflow/example_dags/example_outlet_event_extra.py
[2024-09-12T14:02:26.775+0000] {processor.py:925} INFO - DAG(s) 'dataset_with_extra_from_classic_operator', 'dataset_with_extra_by_context', 'dataset_with_extra_by_yield' retrieved from /home/airflow/.local/lib/python3.12/site-packages/airflow/example_dags/example_outlet_event_extra.py
[2024-09-12T14:02:26.804+0000] {logging_mixin.py:190} INFO - [2024-09-12T14:02:26.803+0000] {dag.py:3229} INFO - Sync 3 DAGs
[2024-09-12T14:02:26.831+0000] {logging_mixin.py:190} INFO - [2024-09-12T14:02:26.831+0000] {dag.py:4156} INFO - Setting next_dagrun for dataset_with_extra_by_context to 2024-09-11 00:00:00+00:00, run_after=2024-09-12 00:00:00+00:00
[2024-09-12T14:02:26.837+0000] {logging_mixin.py:190} INFO - [2024-09-12T14:02:26.837+0000] {dag.py:4156} INFO - Setting next_dagrun for dataset_with_extra_by_yield to 2024-09-11 00:00:00+00:00, run_after=2024-09-12 00:00:00+00:00
[2024-09-12T14:02:26.840+0000] {logging_mixin.py:190} INFO - [2024-09-12T14:02:26.840+0000] {dag.py:4156} INFO - Setting next_dagrun for dataset_with_extra_from_classic_operator to 2024-09-11 00:00:00+00:00, run_after=2024-09-12 00:00:00+00:00
[2024-09-12T14:02:26.861+0000] {processor.py:208} INFO - Processing /home/airflow/.local/lib/python3.12/site-packages/airflow/example_dags/example_outlet_event_extra.py took 0.246 seconds
[2024-09-12T14:02:57.100+0000] {processor.py:186} INFO - Started process (PID=337) to work on /home/airflow/.local/lib/python3.12/site-packages/airflow/example_dags/example_outlet_event_extra.py
[2024-09-12T14:02:57.101+0000] {processor.py:914} INFO - Processing file /home/airflow/.local/lib/python3.12/site-packages/airflow/example_dags/example_outlet_event_extra.py for tasks to queue
[2024-09-12T14:02:57.103+0000] {logging_mixin.py:190} INFO - [2024-09-12T14:02:57.103+0000] {dagbag.py:587} INFO - Filling up the DagBag from /home/airflow/.local/lib/python3.12/site-packages/airflow/example_dags/example_outlet_event_extra.py
[2024-09-12T14:02:57.581+0000] {processor.py:925} INFO - DAG(s) 'dataset_with_extra_by_context', 'dataset_with_extra_from_classic_operator', 'dataset_with_extra_by_yield' retrieved from /home/airflow/.local/lib/python3.12/site-packages/airflow/example_dags/example_outlet_event_extra.py
[2024-09-12T14:02:57.726+0000] {logging_mixin.py:190} INFO - [2024-09-12T14:02:57.723+0000] {dag.py:3229} INFO - Sync 3 DAGs
[2024-09-12T14:02:57.897+0000] {logging_mixin.py:190} INFO - [2024-09-12T14:02:57.897+0000] {dag.py:4156} INFO - Setting next_dagrun for dataset_with_extra_by_context to 2024-09-11 00:00:00+00:00, run_after=2024-09-12 00:00:00+00:00
[2024-09-12T14:02:57.905+0000] {logging_mixin.py:190} INFO - [2024-09-12T14:02:57.905+0000] {dag.py:4156} INFO - Setting next_dagrun for dataset_with_extra_by_yield to 2024-09-11 00:00:00+00:00, run_after=2024-09-12 00:00:00+00:00
[2024-09-12T14:02:57.909+0000] {logging_mixin.py:190} INFO - [2024-09-12T14:02:57.909+0000] {dag.py:4156} INFO - Setting next_dagrun for dataset_with_extra_from_classic_operator to 2024-09-11 00:00:00+00:00, run_after=2024-09-12 00:00:00+00:00
[2024-09-12T14:02:57.994+0000] {processor.py:208} INFO - Processing /home/airflow/.local/lib/python3.12/site-packages/airflow/example_dags/example_outlet_event_extra.py took 0.901 seconds
[2024-09-12T14:03:28.576+0000] {processor.py:186} INFO - Started process (PID=400) to work on /home/airflow/.local/lib/python3.12/site-packages/airflow/example_dags/example_outlet_event_extra.py
[2024-09-12T14:03:28.578+0000] {processor.py:914} INFO - Processing file /home/airflow/.local/lib/python3.12/site-packages/airflow/example_dags/example_outlet_event_extra.py for tasks to queue
[2024-09-12T14:03:28.580+0000] {logging_mixin.py:190} INFO - [2024-09-12T14:03:28.580+0000] {dagbag.py:587} INFO - Filling up the DagBag from /home/airflow/.local/lib/python3.12/site-packages/airflow/example_dags/example_outlet_event_extra.py
[2024-09-12T14:03:28.754+0000] {processor.py:925} INFO - DAG(s) 'dataset_with_extra_from_classic_operator', 'dataset_with_extra_by_context', 'dataset_with_extra_by_yield' retrieved from /home/airflow/.local/lib/python3.12/site-packages/airflow/example_dags/example_outlet_event_extra.py
[2024-09-12T14:03:28.787+0000] {logging_mixin.py:190} INFO - [2024-09-12T14:03:28.787+0000] {dag.py:3229} INFO - Sync 3 DAGs
[2024-09-12T14:03:28.823+0000] {logging_mixin.py:190} INFO - [2024-09-12T14:03:28.823+0000] {dag.py:4156} INFO - Setting next_dagrun for dataset_with_extra_by_context to 2024-09-11 00:00:00+00:00, run_after=2024-09-12 00:00:00+00:00
[2024-09-12T14:03:28.830+0000] {logging_mixin.py:190} INFO - [2024-09-12T14:03:28.830+0000] {dag.py:4156} INFO - Setting next_dagrun for dataset_with_extra_by_yield to 2024-09-11 00:00:00+00:00, run_after=2024-09-12 00:00:00+00:00
[2024-09-12T14:03:28.833+0000] {logging_mixin.py:190} INFO - [2024-09-12T14:03:28.833+0000] {dag.py:4156} INFO - Setting next_dagrun for dataset_with_extra_from_classic_operator to 2024-09-11 00:00:00+00:00, run_after=2024-09-12 00:00:00+00:00
[2024-09-12T14:03:28.861+0000] {processor.py:208} INFO - Processing /home/airflow/.local/lib/python3.12/site-packages/airflow/example_dags/example_outlet_event_extra.py took 0.291 seconds
[2024-09-12T14:03:59.081+0000] {processor.py:186} INFO - Started process (PID=462) to work on /home/airflow/.local/lib/python3.12/site-packages/airflow/example_dags/example_outlet_event_extra.py
[2024-09-12T14:03:59.082+0000] {processor.py:914} INFO - Processing file /home/airflow/.local/lib/python3.12/site-packages/airflow/example_dags/example_outlet_event_extra.py for tasks to queue
[2024-09-12T14:03:59.085+0000] {logging_mixin.py:190} INFO - [2024-09-12T14:03:59.084+0000] {dagbag.py:587} INFO - Filling up the DagBag from /home/airflow/.local/lib/python3.12/site-packages/airflow/example_dags/example_outlet_event_extra.py
[2024-09-12T14:03:59.246+0000] {processor.py:925} INFO - DAG(s) 'dataset_with_extra_by_context', 'dataset_with_extra_by_yield', 'dataset_with_extra_from_classic_operator' retrieved from /home/airflow/.local/lib/python3.12/site-packages/airflow/example_dags/example_outlet_event_extra.py
[2024-09-12T14:03:59.278+0000] {logging_mixin.py:190} INFO - [2024-09-12T14:03:59.278+0000] {dag.py:3229} INFO - Sync 3 DAGs
[2024-09-12T14:03:59.303+0000] {logging_mixin.py:190} INFO - [2024-09-12T14:03:59.303+0000] {dag.py:4156} INFO - Setting next_dagrun for dataset_with_extra_by_context to 2024-09-11 00:00:00+00:00, run_after=2024-09-12 00:00:00+00:00
[2024-09-12T14:03:59.308+0000] {logging_mixin.py:190} INFO - [2024-09-12T14:03:59.308+0000] {dag.py:4156} INFO - Setting next_dagrun for dataset_with_extra_by_yield to 2024-09-11 00:00:00+00:00, run_after=2024-09-12 00:00:00+00:00
[2024-09-12T14:03:59.310+0000] {logging_mixin.py:190} INFO - [2024-09-12T14:03:59.310+0000] {dag.py:4156} INFO - Setting next_dagrun for dataset_with_extra_from_classic_operator to 2024-09-11 00:00:00+00:00, run_after=2024-09-12 00:00:00+00:00
[2024-09-12T14:03:59.331+0000] {processor.py:208} INFO - Processing /home/airflow/.local/lib/python3.12/site-packages/airflow/example_dags/example_outlet_event_extra.py took 0.257 seconds
[2024-09-12T14:04:29.561+0000] {processor.py:186} INFO - Started process (PID=524) to work on /home/airflow/.local/lib/python3.12/site-packages/airflow/example_dags/example_outlet_event_extra.py
[2024-09-12T14:04:29.562+0000] {processor.py:914} INFO - Processing file /home/airflow/.local/lib/python3.12/site-packages/airflow/example_dags/example_outlet_event_extra.py for tasks to queue
[2024-09-12T14:04:29.565+0000] {logging_mixin.py:190} INFO - [2024-09-12T14:04:29.565+0000] {dagbag.py:587} INFO - Filling up the DagBag from /home/airflow/.local/lib/python3.12/site-packages/airflow/example_dags/example_outlet_event_extra.py
[2024-09-12T14:04:29.727+0000] {processor.py:925} INFO - DAG(s) 'dataset_with_extra_from_classic_operator', 'dataset_with_extra_by_yield', 'dataset_with_extra_by_context' retrieved from /home/airflow/.local/lib/python3.12/site-packages/airflow/example_dags/example_outlet_event_extra.py
[2024-09-12T14:04:29.752+0000] {logging_mixin.py:190} INFO - [2024-09-12T14:04:29.752+0000] {dag.py:3229} INFO - Sync 3 DAGs
[2024-09-12T14:04:29.782+0000] {logging_mixin.py:190} INFO - [2024-09-12T14:04:29.781+0000] {dag.py:4156} INFO - Setting next_dagrun for dataset_with_extra_by_context to 2024-09-11 00:00:00+00:00, run_after=2024-09-12 00:00:00+00:00
[2024-09-12T14:04:29.787+0000] {logging_mixin.py:190} INFO - [2024-09-12T14:04:29.787+0000] {dag.py:4156} INFO - Setting next_dagrun for dataset_with_extra_by_yield to 2024-09-11 00:00:00+00:00, run_after=2024-09-12 00:00:00+00:00
[2024-09-12T14:04:29.790+0000] {logging_mixin.py:190} INFO - [2024-09-12T14:04:29.790+0000] {dag.py:4156} INFO - Setting next_dagrun for dataset_with_extra_from_classic_operator to 2024-09-11 00:00:00+00:00, run_after=2024-09-12 00:00:00+00:00
[2024-09-12T14:04:29.813+0000] {processor.py:208} INFO - Processing /home/airflow/.local/lib/python3.12/site-packages/airflow/example_dags/example_outlet_event_extra.py took 0.259 seconds
[2024-09-12T14:05:00.335+0000] {processor.py:186} INFO - Started process (PID=586) to work on /home/airflow/.local/lib/python3.12/site-packages/airflow/example_dags/example_outlet_event_extra.py
[2024-09-12T14:05:00.337+0000] {processor.py:914} INFO - Processing file /home/airflow/.local/lib/python3.12/site-packages/airflow/example_dags/example_outlet_event_extra.py for tasks to queue
[2024-09-12T14:05:00.339+0000] {logging_mixin.py:190} INFO - [2024-09-12T14:05:00.339+0000] {dagbag.py:587} INFO - Filling up the DagBag from /home/airflow/.local/lib/python3.12/site-packages/airflow/example_dags/example_outlet_event_extra.py
[2024-09-12T14:05:00.496+0000] {processor.py:925} INFO - DAG(s) 'dataset_with_extra_from_classic_operator', 'dataset_with_extra_by_yield', 'dataset_with_extra_by_context' retrieved from /home/airflow/.local/lib/python3.12/site-packages/airflow/example_dags/example_outlet_event_extra.py
[2024-09-12T14:05:00.525+0000] {logging_mixin.py:190} INFO - [2024-09-12T14:05:00.524+0000] {dag.py:3229} INFO - Sync 3 DAGs
[2024-09-12T14:05:00.550+0000] {logging_mixin.py:190} INFO - [2024-09-12T14:05:00.550+0000] {dag.py:4156} INFO - Setting next_dagrun for dataset_with_extra_by_context to 2024-09-11 00:00:00+00:00, run_after=2024-09-12 00:00:00+00:00
[2024-09-12T14:05:00.555+0000] {logging_mixin.py:190} INFO - [2024-09-12T14:05:00.555+0000] {dag.py:4156} INFO - Setting next_dagrun for dataset_with_extra_by_yield to 2024-09-11 00:00:00+00:00, run_after=2024-09-12 00:00:00+00:00
[2024-09-12T14:05:00.557+0000] {logging_mixin.py:190} INFO - [2024-09-12T14:05:00.557+0000] {dag.py:4156} INFO - Setting next_dagrun for dataset_with_extra_from_classic_operator to 2024-09-11 00:00:00+00:00, run_after=2024-09-12 00:00:00+00:00
[2024-09-12T14:05:00.587+0000] {processor.py:208} INFO - Processing /home/airflow/.local/lib/python3.12/site-packages/airflow/example_dags/example_outlet_event_extra.py took 0.257 seconds
[2024-09-12T14:05:31.062+0000] {processor.py:186} INFO - Started process (PID=648) to work on /home/airflow/.local/lib/python3.12/site-packages/airflow/example_dags/example_outlet_event_extra.py
[2024-09-12T14:05:31.063+0000] {processor.py:914} INFO - Processing file /home/airflow/.local/lib/python3.12/site-packages/airflow/example_dags/example_outlet_event_extra.py for tasks to queue
[2024-09-12T14:05:31.065+0000] {logging_mixin.py:190} INFO - [2024-09-12T14:05:31.065+0000] {dagbag.py:587} INFO - Filling up the DagBag from /home/airflow/.local/lib/python3.12/site-packages/airflow/example_dags/example_outlet_event_extra.py
[2024-09-12T14:05:31.235+0000] {processor.py:925} INFO - DAG(s) 'dataset_with_extra_by_context', 'dataset_with_extra_from_classic_operator', 'dataset_with_extra_by_yield' retrieved from /home/airflow/.local/lib/python3.12/site-packages/airflow/example_dags/example_outlet_event_extra.py
[2024-09-12T14:05:31.263+0000] {logging_mixin.py:190} INFO - [2024-09-12T14:05:31.263+0000] {dag.py:3229} INFO - Sync 3 DAGs
[2024-09-12T14:05:31.307+0000] {logging_mixin.py:190} INFO - [2024-09-12T14:05:31.307+0000] {dag.py:4156} INFO - Setting next_dagrun for dataset_with_extra_by_context to 2024-09-11 00:00:00+00:00, run_after=2024-09-12 00:00:00+00:00
[2024-09-12T14:05:31.313+0000] {logging_mixin.py:190} INFO - [2024-09-12T14:05:31.313+0000] {dag.py:4156} INFO - Setting next_dagrun for dataset_with_extra_by_yield to 2024-09-11 00:00:00+00:00, run_after=2024-09-12 00:00:00+00:00
[2024-09-12T14:05:31.317+0000] {logging_mixin.py:190} INFO - [2024-09-12T14:05:31.316+0000] {dag.py:4156} INFO - Setting next_dagrun for dataset_with_extra_from_classic_operator to 2024-09-11 00:00:00+00:00, run_after=2024-09-12 00:00:00+00:00
[2024-09-12T14:05:31.344+0000] {processor.py:208} INFO - Processing /home/airflow/.local/lib/python3.12/site-packages/airflow/example_dags/example_outlet_event_extra.py took 0.288 seconds
[2024-09-12T14:06:01.400+0000] {processor.py:186} INFO - Started process (PID=710) to work on /home/airflow/.local/lib/python3.12/site-packages/airflow/example_dags/example_outlet_event_extra.py
[2024-09-12T14:06:01.401+0000] {processor.py:914} INFO - Processing file /home/airflow/.local/lib/python3.12/site-packages/airflow/example_dags/example_outlet_event_extra.py for tasks to queue
[2024-09-12T14:06:01.404+0000] {logging_mixin.py:190} INFO - [2024-09-12T14:06:01.403+0000] {dagbag.py:587} INFO - Filling up the DagBag from /home/airflow/.local/lib/python3.12/site-packages/airflow/example_dags/example_outlet_event_extra.py
[2024-09-12T14:06:01.570+0000] {processor.py:925} INFO - DAG(s) 'dataset_with_extra_by_context', 'dataset_with_extra_from_classic_operator', 'dataset_with_extra_by_yield' retrieved from /home/airflow/.local/lib/python3.12/site-packages/airflow/example_dags/example_outlet_event_extra.py
[2024-09-12T14:06:01.597+0000] {logging_mixin.py:190} INFO - [2024-09-12T14:06:01.597+0000] {dag.py:3229} INFO - Sync 3 DAGs
[2024-09-12T14:06:01.624+0000] {logging_mixin.py:190} INFO - [2024-09-12T14:06:01.624+0000] {dag.py:4156} INFO - Setting next_dagrun for dataset_with_extra_by_context to 2024-09-11 00:00:00+00:00, run_after=2024-09-12 00:00:00+00:00
[2024-09-12T14:06:01.629+0000] {logging_mixin.py:190} INFO - [2024-09-12T14:06:01.629+0000] {dag.py:4156} INFO - Setting next_dagrun for dataset_with_extra_by_yield to 2024-09-11 00:00:00+00:00, run_after=2024-09-12 00:00:00+00:00
[2024-09-12T14:06:01.631+0000] {logging_mixin.py:190} INFO - [2024-09-12T14:06:01.631+0000] {dag.py:4156} INFO - Setting next_dagrun for dataset_with_extra_from_classic_operator to 2024-09-11 00:00:00+00:00, run_after=2024-09-12 00:00:00+00:00
[2024-09-12T14:06:01.654+0000] {processor.py:208} INFO - Processing /home/airflow/.local/lib/python3.12/site-packages/airflow/example_dags/example_outlet_event_extra.py took 0.261 seconds
[2024-09-12T14:06:31.974+0000] {processor.py:186} INFO - Started process (PID=772) to work on /home/airflow/.local/lib/python3.12/site-packages/airflow/example_dags/example_outlet_event_extra.py
[2024-09-12T14:06:31.975+0000] {processor.py:914} INFO - Processing file /home/airflow/.local/lib/python3.12/site-packages/airflow/example_dags/example_outlet_event_extra.py for tasks to queue
[2024-09-12T14:06:31.978+0000] {logging_mixin.py:190} INFO - [2024-09-12T14:06:31.978+0000] {dagbag.py:587} INFO - Filling up the DagBag from /home/airflow/.local/lib/python3.12/site-packages/airflow/example_dags/example_outlet_event_extra.py
[2024-09-12T14:06:32.159+0000] {processor.py:925} INFO - DAG(s) 'dataset_with_extra_by_context', 'dataset_with_extra_from_classic_operator', 'dataset_with_extra_by_yield' retrieved from /home/airflow/.local/lib/python3.12/site-packages/airflow/example_dags/example_outlet_event_extra.py
[2024-09-12T14:06:32.189+0000] {logging_mixin.py:190} INFO - [2024-09-12T14:06:32.189+0000] {dag.py:3229} INFO - Sync 3 DAGs
[2024-09-12T14:06:32.217+0000] {logging_mixin.py:190} INFO - [2024-09-12T14:06:32.217+0000] {dag.py:4156} INFO - Setting next_dagrun for dataset_with_extra_by_context to 2024-09-11 00:00:00+00:00, run_after=2024-09-12 00:00:00+00:00
[2024-09-12T14:06:32.222+0000] {logging_mixin.py:190} INFO - [2024-09-12T14:06:32.222+0000] {dag.py:4156} INFO - Setting next_dagrun for dataset_with_extra_by_yield to 2024-09-11 00:00:00+00:00, run_after=2024-09-12 00:00:00+00:00
[2024-09-12T14:06:32.225+0000] {logging_mixin.py:190} INFO - [2024-09-12T14:06:32.224+0000] {dag.py:4156} INFO - Setting next_dagrun for dataset_with_extra_from_classic_operator to 2024-09-11 00:00:00+00:00, run_after=2024-09-12 00:00:00+00:00
[2024-09-12T14:06:32.248+0000] {processor.py:208} INFO - Processing /home/airflow/.local/lib/python3.12/site-packages/airflow/example_dags/example_outlet_event_extra.py took 0.280 seconds
[2024-09-12T14:07:02.328+0000] {processor.py:186} INFO - Started process (PID=834) to work on /home/airflow/.local/lib/python3.12/site-packages/airflow/example_dags/example_outlet_event_extra.py
[2024-09-12T14:07:02.329+0000] {processor.py:914} INFO - Processing file /home/airflow/.local/lib/python3.12/site-packages/airflow/example_dags/example_outlet_event_extra.py for tasks to queue
[2024-09-12T14:07:02.331+0000] {logging_mixin.py:190} INFO - [2024-09-12T14:07:02.331+0000] {dagbag.py:587} INFO - Filling up the DagBag from /home/airflow/.local/lib/python3.12/site-packages/airflow/example_dags/example_outlet_event_extra.py
[2024-09-12T14:07:02.484+0000] {processor.py:925} INFO - DAG(s) 'dataset_with_extra_by_yield', 'dataset_with_extra_from_classic_operator', 'dataset_with_extra_by_context' retrieved from /home/airflow/.local/lib/python3.12/site-packages/airflow/example_dags/example_outlet_event_extra.py
[2024-09-12T14:07:02.509+0000] {logging_mixin.py:190} INFO - [2024-09-12T14:07:02.509+0000] {dag.py:3229} INFO - Sync 3 DAGs
[2024-09-12T14:07:02.535+0000] {logging_mixin.py:190} INFO - [2024-09-12T14:07:02.535+0000] {dag.py:4156} INFO - Setting next_dagrun for dataset_with_extra_by_context to 2024-09-11 00:00:00+00:00, run_after=2024-09-12 00:00:00+00:00
[2024-09-12T14:07:02.539+0000] {logging_mixin.py:190} INFO - [2024-09-12T14:07:02.539+0000] {dag.py:4156} INFO - Setting next_dagrun for dataset_with_extra_by_yield to 2024-09-11 00:00:00+00:00, run_after=2024-09-12 00:00:00+00:00
[2024-09-12T14:07:02.542+0000] {logging_mixin.py:190} INFO - [2024-09-12T14:07:02.541+0000] {dag.py:4156} INFO - Setting next_dagrun for dataset_with_extra_from_classic_operator to 2024-09-11 00:00:00+00:00, run_after=2024-09-12 00:00:00+00:00
[2024-09-12T14:07:02.560+0000] {processor.py:208} INFO - Processing /home/airflow/.local/lib/python3.12/site-packages/airflow/example_dags/example_outlet_event_extra.py took 0.239 seconds
[2024-09-12T14:07:32.676+0000] {processor.py:186} INFO - Started process (PID=897) to work on /home/airflow/.local/lib/python3.12/site-packages/airflow/example_dags/example_outlet_event_extra.py
[2024-09-12T14:07:32.677+0000] {processor.py:914} INFO - Processing file /home/airflow/.local/lib/python3.12/site-packages/airflow/example_dags/example_outlet_event_extra.py for tasks to queue
[2024-09-12T14:07:32.680+0000] {logging_mixin.py:190} INFO - [2024-09-12T14:07:32.679+0000] {dagbag.py:587} INFO - Filling up the DagBag from /home/airflow/.local/lib/python3.12/site-packages/airflow/example_dags/example_outlet_event_extra.py
[2024-09-12T14:07:32.842+0000] {processor.py:925} INFO - DAG(s) 'dataset_with_extra_by_yield', 'dataset_with_extra_from_classic_operator', 'dataset_with_extra_by_context' retrieved from /home/airflow/.local/lib/python3.12/site-packages/airflow/example_dags/example_outlet_event_extra.py
[2024-09-12T14:07:32.870+0000] {logging_mixin.py:190} INFO - [2024-09-12T14:07:32.870+0000] {dag.py:3229} INFO - Sync 3 DAGs
[2024-09-12T14:07:32.897+0000] {logging_mixin.py:190} INFO - [2024-09-12T14:07:32.897+0000] {dag.py:4156} INFO - Setting next_dagrun for dataset_with_extra_by_context to 2024-09-11 00:00:00+00:00, run_after=2024-09-12 00:00:00+00:00
[2024-09-12T14:07:32.902+0000] {logging_mixin.py:190} INFO - [2024-09-12T14:07:32.902+0000] {dag.py:4156} INFO - Setting next_dagrun for dataset_with_extra_by_yield to 2024-09-11 00:00:00+00:00, run_after=2024-09-12 00:00:00+00:00
[2024-09-12T14:07:32.904+0000] {logging_mixin.py:190} INFO - [2024-09-12T14:07:32.904+0000] {dag.py:4156} INFO - Setting next_dagrun for dataset_with_extra_from_classic_operator to 2024-09-11 00:00:00+00:00, run_after=2024-09-12 00:00:00+00:00
[2024-09-12T14:07:32.926+0000] {processor.py:208} INFO - Processing /home/airflow/.local/lib/python3.12/site-packages/airflow/example_dags/example_outlet_event_extra.py took 0.257 seconds
[2024-09-12T14:08:03.838+0000] {processor.py:186} INFO - Started process (PID=965) to work on /home/airflow/.local/lib/python3.12/site-packages/airflow/example_dags/example_outlet_event_extra.py
[2024-09-12T14:08:03.840+0000] {processor.py:914} INFO - Processing file /home/airflow/.local/lib/python3.12/site-packages/airflow/example_dags/example_outlet_event_extra.py for tasks to queue
[2024-09-12T14:08:03.843+0000] {logging_mixin.py:190} INFO - [2024-09-12T14:08:03.842+0000] {dagbag.py:587} INFO - Filling up the DagBag from /home/airflow/.local/lib/python3.12/site-packages/airflow/example_dags/example_outlet_event_extra.py
[2024-09-12T14:08:04.204+0000] {processor.py:925} INFO - DAG(s) 'dataset_with_extra_by_context', 'dataset_with_extra_by_yield', 'dataset_with_extra_from_classic_operator' retrieved from /home/airflow/.local/lib/python3.12/site-packages/airflow/example_dags/example_outlet_event_extra.py
[2024-09-12T14:08:04.309+0000] {logging_mixin.py:190} INFO - [2024-09-12T14:08:04.308+0000] {dag.py:3229} INFO - Sync 3 DAGs
[2024-09-12T14:08:04.486+0000] {logging_mixin.py:190} INFO - [2024-09-12T14:08:04.485+0000] {dag.py:4156} INFO - Setting next_dagrun for dataset_with_extra_by_context to 2024-09-11 00:00:00+00:00, run_after=2024-09-12 00:00:00+00:00
[2024-09-12T14:08:04.492+0000] {logging_mixin.py:190} INFO - [2024-09-12T14:08:04.491+0000] {dag.py:4156} INFO - Setting next_dagrun for dataset_with_extra_by_yield to 2024-09-11 00:00:00+00:00, run_after=2024-09-12 00:00:00+00:00
[2024-09-12T14:08:04.495+0000] {logging_mixin.py:190} INFO - [2024-09-12T14:08:04.495+0000] {dag.py:4156} INFO - Setting next_dagrun for dataset_with_extra_from_classic_operator to 2024-09-11 00:00:00+00:00, run_after=2024-09-12 00:00:00+00:00
[2024-09-12T14:08:04.589+0000] {processor.py:208} INFO - Processing /home/airflow/.local/lib/python3.12/site-packages/airflow/example_dags/example_outlet_event_extra.py took 0.758 seconds
[2024-09-12T14:08:35.391+0000] {processor.py:186} INFO - Started process (PID=1028) to work on /home/airflow/.local/lib/python3.12/site-packages/airflow/example_dags/example_outlet_event_extra.py
[2024-09-12T14:08:35.392+0000] {processor.py:914} INFO - Processing file /home/airflow/.local/lib/python3.12/site-packages/airflow/example_dags/example_outlet_event_extra.py for tasks to queue
[2024-09-12T14:08:35.395+0000] {logging_mixin.py:190} INFO - [2024-09-12T14:08:35.394+0000] {dagbag.py:587} INFO - Filling up the DagBag from /home/airflow/.local/lib/python3.12/site-packages/airflow/example_dags/example_outlet_event_extra.py
[2024-09-12T14:08:35.559+0000] {processor.py:925} INFO - DAG(s) 'dataset_with_extra_from_classic_operator', 'dataset_with_extra_by_context', 'dataset_with_extra_by_yield' retrieved from /home/airflow/.local/lib/python3.12/site-packages/airflow/example_dags/example_outlet_event_extra.py
[2024-09-12T14:08:35.604+0000] {logging_mixin.py:190} INFO - [2024-09-12T14:08:35.603+0000] {dag.py:3229} INFO - Sync 3 DAGs
[2024-09-12T14:08:35.631+0000] {logging_mixin.py:190} INFO - [2024-09-12T14:08:35.631+0000] {dag.py:4156} INFO - Setting next_dagrun for dataset_with_extra_by_context to 2024-09-11 00:00:00+00:00, run_after=2024-09-12 00:00:00+00:00
[2024-09-12T14:08:35.637+0000] {logging_mixin.py:190} INFO - [2024-09-12T14:08:35.636+0000] {dag.py:4156} INFO - Setting next_dagrun for dataset_with_extra_by_yield to 2024-09-11 00:00:00+00:00, run_after=2024-09-12 00:00:00+00:00
[2024-09-12T14:08:35.639+0000] {logging_mixin.py:190} INFO - [2024-09-12T14:08:35.639+0000] {dag.py:4156} INFO - Setting next_dagrun for dataset_with_extra_from_classic_operator to 2024-09-11 00:00:00+00:00, run_after=2024-09-12 00:00:00+00:00
[2024-09-12T14:08:35.661+0000] {processor.py:208} INFO - Processing /home/airflow/.local/lib/python3.12/site-packages/airflow/example_dags/example_outlet_event_extra.py took 0.277 seconds
[2024-09-12T14:09:06.333+0000] {processor.py:186} INFO - Started process (PID=1090) to work on /home/airflow/.local/lib/python3.12/site-packages/airflow/example_dags/example_outlet_event_extra.py
[2024-09-12T14:09:06.334+0000] {processor.py:914} INFO - Processing file /home/airflow/.local/lib/python3.12/site-packages/airflow/example_dags/example_outlet_event_extra.py for tasks to queue
[2024-09-12T14:09:06.337+0000] {logging_mixin.py:190} INFO - [2024-09-12T14:09:06.336+0000] {dagbag.py:587} INFO - Filling up the DagBag from /home/airflow/.local/lib/python3.12/site-packages/airflow/example_dags/example_outlet_event_extra.py
[2024-09-12T14:09:06.525+0000] {processor.py:925} INFO - DAG(s) 'dataset_with_extra_from_classic_operator', 'dataset_with_extra_by_context', 'dataset_with_extra_by_yield' retrieved from /home/airflow/.local/lib/python3.12/site-packages/airflow/example_dags/example_outlet_event_extra.py
[2024-09-12T14:09:06.597+0000] {logging_mixin.py:190} INFO - [2024-09-12T14:09:06.596+0000] {dag.py:3229} INFO - Sync 3 DAGs
[2024-09-12T14:09:06.627+0000] {logging_mixin.py:190} INFO - [2024-09-12T14:09:06.626+0000] {dag.py:4156} INFO - Setting next_dagrun for dataset_with_extra_by_context to 2024-09-11 00:00:00+00:00, run_after=2024-09-12 00:00:00+00:00
[2024-09-12T14:09:06.632+0000] {logging_mixin.py:190} INFO - [2024-09-12T14:09:06.632+0000] {dag.py:4156} INFO - Setting next_dagrun for dataset_with_extra_by_yield to 2024-09-11 00:00:00+00:00, run_after=2024-09-12 00:00:00+00:00
[2024-09-12T14:09:06.635+0000] {logging_mixin.py:190} INFO - [2024-09-12T14:09:06.635+0000] {dag.py:4156} INFO - Setting next_dagrun for dataset_with_extra_from_classic_operator to 2024-09-11 00:00:00+00:00, run_after=2024-09-12 00:00:00+00:00
[2024-09-12T14:09:06.692+0000] {processor.py:208} INFO - Processing /home/airflow/.local/lib/python3.12/site-packages/airflow/example_dags/example_outlet_event_extra.py took 0.365 seconds
[2024-09-12T14:09:36.798+0000] {processor.py:186} INFO - Started process (PID=1152) to work on /home/airflow/.local/lib/python3.12/site-packages/airflow/example_dags/example_outlet_event_extra.py
[2024-09-12T14:09:36.799+0000] {processor.py:914} INFO - Processing file /home/airflow/.local/lib/python3.12/site-packages/airflow/example_dags/example_outlet_event_extra.py for tasks to queue
[2024-09-12T14:09:36.802+0000] {logging_mixin.py:190} INFO - [2024-09-12T14:09:36.802+0000] {dagbag.py:587} INFO - Filling up the DagBag from /home/airflow/.local/lib/python3.12/site-packages/airflow/example_dags/example_outlet_event_extra.py
[2024-09-12T14:09:37.017+0000] {processor.py:925} INFO - DAG(s) 'dataset_with_extra_from_classic_operator', 'dataset_with_extra_by_yield', 'dataset_with_extra_by_context' retrieved from /home/airflow/.local/lib/python3.12/site-packages/airflow/example_dags/example_outlet_event_extra.py
[2024-09-12T14:09:37.042+0000] {logging_mixin.py:190} INFO - [2024-09-12T14:09:37.042+0000] {dag.py:3229} INFO - Sync 3 DAGs
[2024-09-12T14:09:37.066+0000] {logging_mixin.py:190} INFO - [2024-09-12T14:09:37.065+0000] {dag.py:4156} INFO - Setting next_dagrun for dataset_with_extra_by_context to 2024-09-11 00:00:00+00:00, run_after=2024-09-12 00:00:00+00:00
[2024-09-12T14:09:37.083+0000] {logging_mixin.py:190} INFO - [2024-09-12T14:09:37.082+0000] {dag.py:4156} INFO - Setting next_dagrun for dataset_with_extra_by_yield to 2024-09-11 00:00:00+00:00, run_after=2024-09-12 00:00:00+00:00
[2024-09-12T14:09:37.085+0000] {logging_mixin.py:190} INFO - [2024-09-12T14:09:37.085+0000] {dag.py:4156} INFO - Setting next_dagrun for dataset_with_extra_from_classic_operator to 2024-09-11 00:00:00+00:00, run_after=2024-09-12 00:00:00+00:00
[2024-09-12T14:09:37.106+0000] {processor.py:208} INFO - Processing /home/airflow/.local/lib/python3.12/site-packages/airflow/example_dags/example_outlet_event_extra.py took 0.314 seconds
[2024-09-12T14:10:07.478+0000] {processor.py:186} INFO - Started process (PID=1214) to work on /home/airflow/.local/lib/python3.12/site-packages/airflow/example_dags/example_outlet_event_extra.py
[2024-09-12T14:10:07.479+0000] {processor.py:914} INFO - Processing file /home/airflow/.local/lib/python3.12/site-packages/airflow/example_dags/example_outlet_event_extra.py for tasks to queue
[2024-09-12T14:10:07.482+0000] {logging_mixin.py:190} INFO - [2024-09-12T14:10:07.482+0000] {dagbag.py:587} INFO - Filling up the DagBag from /home/airflow/.local/lib/python3.12/site-packages/airflow/example_dags/example_outlet_event_extra.py
[2024-09-12T14:10:07.662+0000] {processor.py:925} INFO - DAG(s) 'dataset_with_extra_by_yield', 'dataset_with_extra_by_context', 'dataset_with_extra_from_classic_operator' retrieved from /home/airflow/.local/lib/python3.12/site-packages/airflow/example_dags/example_outlet_event_extra.py
[2024-09-12T14:10:07.702+0000] {logging_mixin.py:190} INFO - [2024-09-12T14:10:07.702+0000] {dag.py:3229} INFO - Sync 3 DAGs
[2024-09-12T14:10:07.732+0000] {logging_mixin.py:190} INFO - [2024-09-12T14:10:07.731+0000] {dag.py:4156} INFO - Setting next_dagrun for dataset_with_extra_by_context to 2024-09-11 00:00:00+00:00, run_after=2024-09-12 00:00:00+00:00
[2024-09-12T14:10:07.737+0000] {logging_mixin.py:190} INFO - [2024-09-12T14:10:07.736+0000] {dag.py:4156} INFO - Setting next_dagrun for dataset_with_extra_by_yield to 2024-09-11 00:00:00+00:00, run_after=2024-09-12 00:00:00+00:00
[2024-09-12T14:10:07.739+0000] {logging_mixin.py:190} INFO - [2024-09-12T14:10:07.739+0000] {dag.py:4156} INFO - Setting next_dagrun for dataset_with_extra_from_classic_operator to 2024-09-11 00:00:00+00:00, run_after=2024-09-12 00:00:00+00:00
[2024-09-12T14:10:07.761+0000] {processor.py:208} INFO - Processing /home/airflow/.local/lib/python3.12/site-packages/airflow/example_dags/example_outlet_event_extra.py took 0.289 seconds
[2024-09-12T14:10:37.891+0000] {processor.py:186} INFO - Started process (PID=1278) to work on /home/airflow/.local/lib/python3.12/site-packages/airflow/example_dags/example_outlet_event_extra.py
[2024-09-12T14:10:37.893+0000] {processor.py:914} INFO - Processing file /home/airflow/.local/lib/python3.12/site-packages/airflow/example_dags/example_outlet_event_extra.py for tasks to queue
[2024-09-12T14:10:37.896+0000] {logging_mixin.py:190} INFO - [2024-09-12T14:10:37.895+0000] {dagbag.py:587} INFO - Filling up the DagBag from /home/airflow/.local/lib/python3.12/site-packages/airflow/example_dags/example_outlet_event_extra.py
[2024-09-12T14:10:38.057+0000] {processor.py:925} INFO - DAG(s) 'dataset_with_extra_by_context', 'dataset_with_extra_from_classic_operator', 'dataset_with_extra_by_yield' retrieved from /home/airflow/.local/lib/python3.12/site-packages/airflow/example_dags/example_outlet_event_extra.py
[2024-09-12T14:10:38.088+0000] {logging_mixin.py:190} INFO - [2024-09-12T14:10:38.088+0000] {dag.py:3229} INFO - Sync 3 DAGs
[2024-09-12T14:10:38.120+0000] {logging_mixin.py:190} INFO - [2024-09-12T14:10:38.120+0000] {dag.py:4156} INFO - Setting next_dagrun for dataset_with_extra_by_context to 2024-09-11 00:00:00+00:00, run_after=2024-09-12 00:00:00+00:00
[2024-09-12T14:10:38.125+0000] {logging_mixin.py:190} INFO - [2024-09-12T14:10:38.124+0000] {dag.py:4156} INFO - Setting next_dagrun for dataset_with_extra_by_yield to 2024-09-11 00:00:00+00:00, run_after=2024-09-12 00:00:00+00:00
[2024-09-12T14:10:38.127+0000] {logging_mixin.py:190} INFO - [2024-09-12T14:10:38.127+0000] {dag.py:4156} INFO - Setting next_dagrun for dataset_with_extra_from_classic_operator to 2024-09-11 00:00:00+00:00, run_after=2024-09-12 00:00:00+00:00
[2024-09-12T14:10:38.149+0000] {processor.py:208} INFO - Processing /home/airflow/.local/lib/python3.12/site-packages/airflow/example_dags/example_outlet_event_extra.py took 0.264 seconds
[2024-09-12T14:11:09.475+0000] {processor.py:186} INFO - Started process (PID=1342) to work on /home/airflow/.local/lib/python3.12/site-packages/airflow/example_dags/example_outlet_event_extra.py
[2024-09-12T14:11:09.476+0000] {processor.py:914} INFO - Processing file /home/airflow/.local/lib/python3.12/site-packages/airflow/example_dags/example_outlet_event_extra.py for tasks to queue
[2024-09-12T14:11:09.479+0000] {logging_mixin.py:190} INFO - [2024-09-12T14:11:09.478+0000] {dagbag.py:587} INFO - Filling up the DagBag from /home/airflow/.local/lib/python3.12/site-packages/airflow/example_dags/example_outlet_event_extra.py
[2024-09-12T14:11:09.641+0000] {processor.py:925} INFO - DAG(s) 'dataset_with_extra_from_classic_operator', 'dataset_with_extra_by_context', 'dataset_with_extra_by_yield' retrieved from /home/airflow/.local/lib/python3.12/site-packages/airflow/example_dags/example_outlet_event_extra.py
[2024-09-12T14:11:09.667+0000] {logging_mixin.py:190} INFO - [2024-09-12T14:11:09.667+0000] {dag.py:3229} INFO - Sync 3 DAGs
[2024-09-12T14:11:09.692+0000] {logging_mixin.py:190} INFO - [2024-09-12T14:11:09.692+0000] {dag.py:4156} INFO - Setting next_dagrun for dataset_with_extra_by_context to 2024-09-11 00:00:00+00:00, run_after=2024-09-12 00:00:00+00:00
[2024-09-12T14:11:09.697+0000] {logging_mixin.py:190} INFO - [2024-09-12T14:11:09.697+0000] {dag.py:4156} INFO - Setting next_dagrun for dataset_with_extra_by_yield to 2024-09-11 00:00:00+00:00, run_after=2024-09-12 00:00:00+00:00
[2024-09-12T14:11:09.699+0000] {logging_mixin.py:190} INFO - [2024-09-12T14:11:09.699+0000] {dag.py:4156} INFO - Setting next_dagrun for dataset_with_extra_from_classic_operator to 2024-09-11 00:00:00+00:00, run_after=2024-09-12 00:00:00+00:00
[2024-09-12T14:11:09.723+0000] {processor.py:208} INFO - Processing /home/airflow/.local/lib/python3.12/site-packages/airflow/example_dags/example_outlet_event_extra.py took 0.254 seconds
[2024-09-12T14:11:39.824+0000] {processor.py:186} INFO - Started process (PID=1400) to work on /home/airflow/.local/lib/python3.12/site-packages/airflow/example_dags/example_outlet_event_extra.py
[2024-09-12T14:11:39.826+0000] {processor.py:914} INFO - Processing file /home/airflow/.local/lib/python3.12/site-packages/airflow/example_dags/example_outlet_event_extra.py for tasks to queue
[2024-09-12T14:11:39.828+0000] {logging_mixin.py:190} INFO - [2024-09-12T14:11:39.828+0000] {dagbag.py:587} INFO - Filling up the DagBag from /home/airflow/.local/lib/python3.12/site-packages/airflow/example_dags/example_outlet_event_extra.py
[2024-09-12T14:11:40.002+0000] {processor.py:925} INFO - DAG(s) 'dataset_with_extra_from_classic_operator', 'dataset_with_extra_by_context', 'dataset_with_extra_by_yield' retrieved from /home/airflow/.local/lib/python3.12/site-packages/airflow/example_dags/example_outlet_event_extra.py
[2024-09-12T14:11:40.032+0000] {logging_mixin.py:190} INFO - [2024-09-12T14:11:40.031+0000] {dag.py:3229} INFO - Sync 3 DAGs
[2024-09-12T14:11:40.058+0000] {logging_mixin.py:190} INFO - [2024-09-12T14:11:40.058+0000] {dag.py:4156} INFO - Setting next_dagrun for dataset_with_extra_by_context to 2024-09-11 00:00:00+00:00, run_after=2024-09-12 00:00:00+00:00
[2024-09-12T14:11:40.063+0000] {logging_mixin.py:190} INFO - [2024-09-12T14:11:40.062+0000] {dag.py:4156} INFO - Setting next_dagrun for dataset_with_extra_by_yield to 2024-09-11 00:00:00+00:00, run_after=2024-09-12 00:00:00+00:00
[2024-09-12T14:11:40.065+0000] {logging_mixin.py:190} INFO - [2024-09-12T14:11:40.065+0000] {dag.py:4156} INFO - Setting next_dagrun for dataset_with_extra_from_classic_operator to 2024-09-11 00:00:00+00:00, run_after=2024-09-12 00:00:00+00:00
[2024-09-12T14:11:40.085+0000] {processor.py:208} INFO - Processing /home/airflow/.local/lib/python3.12/site-packages/airflow/example_dags/example_outlet_event_extra.py took 0.268 seconds
[2024-09-12T14:12:10.145+0000] {processor.py:186} INFO - Started process (PID=1463) to work on /home/airflow/.local/lib/python3.12/site-packages/airflow/example_dags/example_outlet_event_extra.py
[2024-09-12T14:12:10.146+0000] {processor.py:914} INFO - Processing file /home/airflow/.local/lib/python3.12/site-packages/airflow/example_dags/example_outlet_event_extra.py for tasks to queue
[2024-09-12T14:12:10.149+0000] {logging_mixin.py:190} INFO - [2024-09-12T14:12:10.149+0000] {dagbag.py:587} INFO - Filling up the DagBag from /home/airflow/.local/lib/python3.12/site-packages/airflow/example_dags/example_outlet_event_extra.py
[2024-09-12T14:12:10.333+0000] {processor.py:925} INFO - DAG(s) 'dataset_with_extra_by_context', 'dataset_with_extra_from_classic_operator', 'dataset_with_extra_by_yield' retrieved from /home/airflow/.local/lib/python3.12/site-packages/airflow/example_dags/example_outlet_event_extra.py
[2024-09-12T14:12:10.360+0000] {logging_mixin.py:190} INFO - [2024-09-12T14:12:10.359+0000] {dag.py:3229} INFO - Sync 3 DAGs
[2024-09-12T14:12:10.388+0000] {logging_mixin.py:190} INFO - [2024-09-12T14:12:10.388+0000] {dag.py:4156} INFO - Setting next_dagrun for dataset_with_extra_by_context to 2024-09-11 00:00:00+00:00, run_after=2024-09-12 00:00:00+00:00
[2024-09-12T14:12:10.394+0000] {logging_mixin.py:190} INFO - [2024-09-12T14:12:10.394+0000] {dag.py:4156} INFO - Setting next_dagrun for dataset_with_extra_by_yield to 2024-09-11 00:00:00+00:00, run_after=2024-09-12 00:00:00+00:00
[2024-09-12T14:12:10.397+0000] {logging_mixin.py:190} INFO - [2024-09-12T14:12:10.396+0000] {dag.py:4156} INFO - Setting next_dagrun for dataset_with_extra_from_classic_operator to 2024-09-11 00:00:00+00:00, run_after=2024-09-12 00:00:00+00:00
[2024-09-12T14:12:10.417+0000] {processor.py:208} INFO - Processing /home/airflow/.local/lib/python3.12/site-packages/airflow/example_dags/example_outlet_event_extra.py took 0.279 seconds
[2024-09-12T14:12:41.018+0000] {processor.py:186} INFO - Started process (PID=1524) to work on /home/airflow/.local/lib/python3.12/site-packages/airflow/example_dags/example_outlet_event_extra.py
[2024-09-12T14:12:41.020+0000] {processor.py:914} INFO - Processing file /home/airflow/.local/lib/python3.12/site-packages/airflow/example_dags/example_outlet_event_extra.py for tasks to queue
[2024-09-12T14:12:41.022+0000] {logging_mixin.py:190} INFO - [2024-09-12T14:12:41.022+0000] {dagbag.py:587} INFO - Filling up the DagBag from /home/airflow/.local/lib/python3.12/site-packages/airflow/example_dags/example_outlet_event_extra.py
[2024-09-12T14:12:41.244+0000] {processor.py:925} INFO - DAG(s) 'dataset_with_extra_by_context', 'dataset_with_extra_from_classic_operator', 'dataset_with_extra_by_yield' retrieved from /home/airflow/.local/lib/python3.12/site-packages/airflow/example_dags/example_outlet_event_extra.py
[2024-09-12T14:12:41.311+0000] {logging_mixin.py:190} INFO - [2024-09-12T14:12:41.310+0000] {dag.py:3229} INFO - Sync 3 DAGs
[2024-09-12T14:12:41.384+0000] {logging_mixin.py:190} INFO - [2024-09-12T14:12:41.383+0000] {dag.py:4156} INFO - Setting next_dagrun for dataset_with_extra_by_context to 2024-09-11 00:00:00+00:00, run_after=2024-09-12 00:00:00+00:00
[2024-09-12T14:12:41.389+0000] {logging_mixin.py:190} INFO - [2024-09-12T14:12:41.389+0000] {dag.py:4156} INFO - Setting next_dagrun for dataset_with_extra_by_yield to 2024-09-11 00:00:00+00:00, run_after=2024-09-12 00:00:00+00:00
[2024-09-12T14:12:41.393+0000] {logging_mixin.py:190} INFO - [2024-09-12T14:12:41.393+0000] {dag.py:4156} INFO - Setting next_dagrun for dataset_with_extra_from_classic_operator to 2024-09-11 00:00:00+00:00, run_after=2024-09-12 00:00:00+00:00
[2024-09-12T14:12:41.419+0000] {processor.py:208} INFO - Processing /home/airflow/.local/lib/python3.12/site-packages/airflow/example_dags/example_outlet_event_extra.py took 0.407 seconds
[2024-09-12T14:13:12.268+0000] {processor.py:186} INFO - Started process (PID=1587) to work on /home/airflow/.local/lib/python3.12/site-packages/airflow/example_dags/example_outlet_event_extra.py
[2024-09-12T14:13:12.270+0000] {processor.py:914} INFO - Processing file /home/airflow/.local/lib/python3.12/site-packages/airflow/example_dags/example_outlet_event_extra.py for tasks to queue
[2024-09-12T14:13:12.272+0000] {logging_mixin.py:190} INFO - [2024-09-12T14:13:12.272+0000] {dagbag.py:587} INFO - Filling up the DagBag from /home/airflow/.local/lib/python3.12/site-packages/airflow/example_dags/example_outlet_event_extra.py
[2024-09-12T14:13:12.495+0000] {processor.py:925} INFO - DAG(s) 'dataset_with_extra_by_context', 'dataset_with_extra_from_classic_operator', 'dataset_with_extra_by_yield' retrieved from /home/airflow/.local/lib/python3.12/site-packages/airflow/example_dags/example_outlet_event_extra.py
[2024-09-12T14:13:12.530+0000] {logging_mixin.py:190} INFO - [2024-09-12T14:13:12.530+0000] {dag.py:3229} INFO - Sync 3 DAGs
[2024-09-12T14:13:12.595+0000] {logging_mixin.py:190} INFO - [2024-09-12T14:13:12.595+0000] {dag.py:4156} INFO - Setting next_dagrun for dataset_with_extra_by_context to 2024-09-11 00:00:00+00:00, run_after=2024-09-12 00:00:00+00:00
[2024-09-12T14:13:12.600+0000] {logging_mixin.py:190} INFO - [2024-09-12T14:13:12.600+0000] {dag.py:4156} INFO - Setting next_dagrun for dataset_with_extra_by_yield to 2024-09-11 00:00:00+00:00, run_after=2024-09-12 00:00:00+00:00
[2024-09-12T14:13:12.602+0000] {logging_mixin.py:190} INFO - [2024-09-12T14:13:12.602+0000] {dag.py:4156} INFO - Setting next_dagrun for dataset_with_extra_from_classic_operator to 2024-09-11 00:00:00+00:00, run_after=2024-09-12 00:00:00+00:00
[2024-09-12T14:13:12.631+0000] {processor.py:208} INFO - Processing /home/airflow/.local/lib/python3.12/site-packages/airflow/example_dags/example_outlet_event_extra.py took 0.369 seconds
[2024-09-12T14:13:42.876+0000] {processor.py:186} INFO - Started process (PID=1649) to work on /home/airflow/.local/lib/python3.12/site-packages/airflow/example_dags/example_outlet_event_extra.py
[2024-09-12T14:13:42.878+0000] {processor.py:914} INFO - Processing file /home/airflow/.local/lib/python3.12/site-packages/airflow/example_dags/example_outlet_event_extra.py for tasks to queue
[2024-09-12T14:13:42.880+0000] {logging_mixin.py:190} INFO - [2024-09-12T14:13:42.880+0000] {dagbag.py:587} INFO - Filling up the DagBag from /home/airflow/.local/lib/python3.12/site-packages/airflow/example_dags/example_outlet_event_extra.py
[2024-09-12T14:13:43.063+0000] {processor.py:925} INFO - DAG(s) 'dataset_with_extra_from_classic_operator', 'dataset_with_extra_by_context', 'dataset_with_extra_by_yield' retrieved from /home/airflow/.local/lib/python3.12/site-packages/airflow/example_dags/example_outlet_event_extra.py
[2024-09-12T14:13:43.103+0000] {logging_mixin.py:190} INFO - [2024-09-12T14:13:43.102+0000] {dag.py:3229} INFO - Sync 3 DAGs
[2024-09-12T14:13:43.131+0000] {logging_mixin.py:190} INFO - [2024-09-12T14:13:43.131+0000] {dag.py:4156} INFO - Setting next_dagrun for dataset_with_extra_by_context to 2024-09-11 00:00:00+00:00, run_after=2024-09-12 00:00:00+00:00
[2024-09-12T14:13:43.136+0000] {logging_mixin.py:190} INFO - [2024-09-12T14:13:43.136+0000] {dag.py:4156} INFO - Setting next_dagrun for dataset_with_extra_by_yield to 2024-09-11 00:00:00+00:00, run_after=2024-09-12 00:00:00+00:00
[2024-09-12T14:13:43.139+0000] {logging_mixin.py:190} INFO - [2024-09-12T14:13:43.139+0000] {dag.py:4156} INFO - Setting next_dagrun for dataset_with_extra_from_classic_operator to 2024-09-11 00:00:00+00:00, run_after=2024-09-12 00:00:00+00:00
[2024-09-12T14:13:43.163+0000] {processor.py:208} INFO - Processing /home/airflow/.local/lib/python3.12/site-packages/airflow/example_dags/example_outlet_event_extra.py took 0.293 seconds
