[2024-09-12T14:00:45.283+0000] {processor.py:186} INFO - Started process (PID=74) to work on /home/airflow/.local/lib/python3.12/site-packages/airflow/example_dags/example_dataset_alias.py
[2024-09-12T14:00:45.285+0000] {processor.py:914} INFO - Processing file /home/airflow/.local/lib/python3.12/site-packages/airflow/example_dags/example_dataset_alias.py for tasks to queue
[2024-09-12T14:00:45.290+0000] {logging_mixin.py:190} INFO - [2024-09-12T14:00:45.290+0000] {dagbag.py:587} INFO - Filling up the DagBag from /home/airflow/.local/lib/python3.12/site-packages/airflow/example_dags/example_dataset_alias.py
[2024-09-12T14:00:47.606+0000] {processor.py:925} INFO - DAG(s) 'dataset_s3_bucket_consumer', 'dataset_alias_example_alias_consumer', 'dataset_alias_example_alias_producer', 'dataset_s3_bucket_producer' retrieved from /home/airflow/.local/lib/python3.12/site-packages/airflow/example_dags/example_dataset_alias.py
[2024-09-12T14:00:48.193+0000] {logging_mixin.py:190} INFO - [2024-09-12T14:00:48.191+0000] {override.py:1900} INFO - Created Permission View: can read on DAG:dataset_s3_bucket_consumer
[2024-09-12T14:00:48.209+0000] {logging_mixin.py:190} INFO - [2024-09-12T14:00:48.209+0000] {override.py:1900} INFO - Created Permission View: can delete on DAG:dataset_s3_bucket_consumer
[2024-09-12T14:00:48.288+0000] {logging_mixin.py:190} INFO - [2024-09-12T14:00:48.288+0000] {override.py:1900} INFO - Created Permission View: can edit on DAG:dataset_s3_bucket_consumer
[2024-09-12T14:00:48.298+0000] {logging_mixin.py:190} INFO - [2024-09-12T14:00:48.297+0000] {override.py:1900} INFO - Created Permission View: can read on DAG Run:dataset_s3_bucket_consumer
[2024-09-12T14:00:48.305+0000] {logging_mixin.py:190} INFO - [2024-09-12T14:00:48.305+0000] {override.py:1900} INFO - Created Permission View: can create on DAG Run:dataset_s3_bucket_consumer
[2024-09-12T14:00:48.314+0000] {logging_mixin.py:190} INFO - [2024-09-12T14:00:48.313+0000] {override.py:1900} INFO - Created Permission View: can delete on DAG Run:dataset_s3_bucket_consumer
[2024-09-12T14:00:48.386+0000] {logging_mixin.py:190} INFO - [2024-09-12T14:00:48.385+0000] {override.py:1900} INFO - Created Permission View: menu access on DAG Run:dataset_s3_bucket_consumer
[2024-09-12T14:00:48.401+0000] {logging_mixin.py:190} INFO - [2024-09-12T14:00:48.401+0000] {override.py:1900} INFO - Created Permission View: can read on DAG:dataset_alias_example_alias_consumer
[2024-09-12T14:00:48.408+0000] {logging_mixin.py:190} INFO - [2024-09-12T14:00:48.408+0000] {override.py:1900} INFO - Created Permission View: can delete on DAG:dataset_alias_example_alias_consumer
[2024-09-12T14:00:48.417+0000] {logging_mixin.py:190} INFO - [2024-09-12T14:00:48.417+0000] {override.py:1900} INFO - Created Permission View: can edit on DAG:dataset_alias_example_alias_consumer
[2024-09-12T14:00:48.482+0000] {logging_mixin.py:190} INFO - [2024-09-12T14:00:48.481+0000] {override.py:1900} INFO - Created Permission View: can read on DAG Run:dataset_alias_example_alias_consumer
[2024-09-12T14:00:48.489+0000] {logging_mixin.py:190} INFO - [2024-09-12T14:00:48.489+0000] {override.py:1900} INFO - Created Permission View: can create on DAG Run:dataset_alias_example_alias_consumer
[2024-09-12T14:00:48.497+0000] {logging_mixin.py:190} INFO - [2024-09-12T14:00:48.496+0000] {override.py:1900} INFO - Created Permission View: can delete on DAG Run:dataset_alias_example_alias_consumer
[2024-09-12T14:00:48.505+0000] {logging_mixin.py:190} INFO - [2024-09-12T14:00:48.505+0000] {override.py:1900} INFO - Created Permission View: menu access on DAG Run:dataset_alias_example_alias_consumer
[2024-09-12T14:00:48.522+0000] {logging_mixin.py:190} INFO - [2024-09-12T14:00:48.521+0000] {override.py:1900} INFO - Created Permission View: can read on DAG:dataset_alias_example_alias_producer
[2024-09-12T14:00:48.582+0000] {logging_mixin.py:190} INFO - [2024-09-12T14:00:48.582+0000] {override.py:1900} INFO - Created Permission View: can delete on DAG:dataset_alias_example_alias_producer
[2024-09-12T14:00:48.590+0000] {logging_mixin.py:190} INFO - [2024-09-12T14:00:48.590+0000] {override.py:1900} INFO - Created Permission View: can edit on DAG:dataset_alias_example_alias_producer
[2024-09-12T14:00:48.599+0000] {logging_mixin.py:190} INFO - [2024-09-12T14:00:48.599+0000] {override.py:1900} INFO - Created Permission View: can read on DAG Run:dataset_alias_example_alias_producer
[2024-09-12T14:00:48.606+0000] {logging_mixin.py:190} INFO - [2024-09-12T14:00:48.605+0000] {override.py:1900} INFO - Created Permission View: can create on DAG Run:dataset_alias_example_alias_producer
[2024-09-12T14:00:48.613+0000] {logging_mixin.py:190} INFO - [2024-09-12T14:00:48.613+0000] {override.py:1900} INFO - Created Permission View: can delete on DAG Run:dataset_alias_example_alias_producer
[2024-09-12T14:00:48.621+0000] {logging_mixin.py:190} INFO - [2024-09-12T14:00:48.620+0000] {override.py:1900} INFO - Created Permission View: menu access on DAG Run:dataset_alias_example_alias_producer
[2024-09-12T14:00:48.686+0000] {logging_mixin.py:190} INFO - [2024-09-12T14:00:48.686+0000] {override.py:1900} INFO - Created Permission View: can read on DAG:dataset_s3_bucket_producer
[2024-09-12T14:00:48.694+0000] {logging_mixin.py:190} INFO - [2024-09-12T14:00:48.694+0000] {override.py:1900} INFO - Created Permission View: can delete on DAG:dataset_s3_bucket_producer
[2024-09-12T14:00:48.701+0000] {logging_mixin.py:190} INFO - [2024-09-12T14:00:48.701+0000] {override.py:1900} INFO - Created Permission View: can edit on DAG:dataset_s3_bucket_producer
[2024-09-12T14:00:48.708+0000] {logging_mixin.py:190} INFO - [2024-09-12T14:00:48.708+0000] {override.py:1900} INFO - Created Permission View: can read on DAG Run:dataset_s3_bucket_producer
[2024-09-12T14:00:48.716+0000] {logging_mixin.py:190} INFO - [2024-09-12T14:00:48.716+0000] {override.py:1900} INFO - Created Permission View: can create on DAG Run:dataset_s3_bucket_producer
[2024-09-12T14:00:48.723+0000] {logging_mixin.py:190} INFO - [2024-09-12T14:00:48.722+0000] {override.py:1900} INFO - Created Permission View: can delete on DAG Run:dataset_s3_bucket_producer
[2024-09-12T14:00:48.728+0000] {logging_mixin.py:190} INFO - [2024-09-12T14:00:48.728+0000] {override.py:1900} INFO - Created Permission View: menu access on DAG Run:dataset_s3_bucket_producer
[2024-09-12T14:00:48.729+0000] {logging_mixin.py:190} INFO - [2024-09-12T14:00:48.729+0000] {dag.py:3229} INFO - Sync 4 DAGs
[2024-09-12T14:00:48.812+0000] {logging_mixin.py:190} INFO - [2024-09-12T14:00:48.812+0000] {dag.py:3252} INFO - Creating ORM DAG for dataset_s3_bucket_producer
[2024-09-12T14:00:48.813+0000] {logging_mixin.py:190} INFO - [2024-09-12T14:00:48.813+0000] {dag.py:3252} INFO - Creating ORM DAG for dataset_alias_example_alias_producer
[2024-09-12T14:00:48.814+0000] {logging_mixin.py:190} INFO - [2024-09-12T14:00:48.814+0000] {dag.py:3252} INFO - Creating ORM DAG for dataset_alias_example_alias_consumer
[2024-09-12T14:00:48.815+0000] {logging_mixin.py:190} INFO - [2024-09-12T14:00:48.815+0000] {dag.py:3252} INFO - Creating ORM DAG for dataset_s3_bucket_consumer
[2024-09-12T14:00:48.830+0000] {logging_mixin.py:190} INFO - [2024-09-12T14:00:48.830+0000] {dag.py:4156} INFO - Setting next_dagrun for dataset_alias_example_alias_consumer to None, run_after=None
[2024-09-12T14:00:48.831+0000] {logging_mixin.py:190} INFO - [2024-09-12T14:00:48.831+0000] {dag.py:4156} INFO - Setting next_dagrun for dataset_alias_example_alias_producer to None, run_after=None
[2024-09-12T14:00:48.832+0000] {logging_mixin.py:190} INFO - [2024-09-12T14:00:48.831+0000] {dag.py:4156} INFO - Setting next_dagrun for dataset_s3_bucket_consumer to None, run_after=None
[2024-09-12T14:00:48.832+0000] {logging_mixin.py:190} INFO - [2024-09-12T14:00:48.832+0000] {dag.py:4156} INFO - Setting next_dagrun for dataset_s3_bucket_producer to None, run_after=None
[2024-09-12T14:00:48.921+0000] {processor.py:208} INFO - Processing /home/airflow/.local/lib/python3.12/site-packages/airflow/example_dags/example_dataset_alias.py took 3.687 seconds
