[2024-09-12T14:00:53.327+0000] {processor.py:186} INFO - Started process (PID=88) to work on /home/airflow/.local/lib/python3.12/site-packages/airflow/example_dags/example_params_trigger_ui.py
[2024-09-12T14:00:53.328+0000] {processor.py:914} INFO - Processing file /home/airflow/.local/lib/python3.12/site-packages/airflow/example_dags/example_params_trigger_ui.py for tasks to queue
[2024-09-12T14:00:53.331+0000] {logging_mixin.py:190} INFO - [2024-09-12T14:00:53.330+0000] {dagbag.py:587} INFO - Filling up the DagBag from /home/airflow/.local/lib/python3.12/site-packages/airflow/example_dags/example_params_trigger_ui.py
[2024-09-12T14:00:53.347+0000] {processor.py:925} INFO - DAG(s) 'example_params_trigger_ui' retrieved from /home/airflow/.local/lib/python3.12/site-packages/airflow/example_dags/example_params_trigger_ui.py
[2024-09-12T14:00:53.618+0000] {logging_mixin.py:190} INFO - [2024-09-12T14:00:53.617+0000] {override.py:1900} INFO - Created Permission View: can read on DAG:example_params_trigger_ui
[2024-09-12T14:00:53.630+0000] {logging_mixin.py:190} INFO - [2024-09-12T14:00:53.630+0000] {override.py:1900} INFO - Created Permission View: can delete on DAG:example_params_trigger_ui
[2024-09-12T14:00:53.638+0000] {logging_mixin.py:190} INFO - [2024-09-12T14:00:53.638+0000] {override.py:1900} INFO - Created Permission View: can edit on DAG:example_params_trigger_ui
[2024-09-12T14:00:53.684+0000] {logging_mixin.py:190} INFO - [2024-09-12T14:00:53.683+0000] {override.py:1900} INFO - Created Permission View: can read on DAG Run:example_params_trigger_ui
[2024-09-12T14:00:53.692+0000] {logging_mixin.py:190} INFO - [2024-09-12T14:00:53.691+0000] {override.py:1900} INFO - Created Permission View: can create on DAG Run:example_params_trigger_ui
[2024-09-12T14:00:53.700+0000] {logging_mixin.py:190} INFO - [2024-09-12T14:00:53.700+0000] {override.py:1900} INFO - Created Permission View: can delete on DAG Run:example_params_trigger_ui
[2024-09-12T14:00:53.709+0000] {logging_mixin.py:190} INFO - [2024-09-12T14:00:53.709+0000] {override.py:1900} INFO - Created Permission View: menu access on DAG Run:example_params_trigger_ui
[2024-09-12T14:00:53.710+0000] {logging_mixin.py:190} INFO - [2024-09-12T14:00:53.710+0000] {dag.py:3229} INFO - Sync 1 DAGs
[2024-09-12T14:00:53.727+0000] {logging_mixin.py:190} INFO - [2024-09-12T14:00:53.727+0000] {dag.py:3252} INFO - Creating ORM DAG for example_params_trigger_ui
[2024-09-12T14:00:53.729+0000] {logging_mixin.py:190} INFO - [2024-09-12T14:00:53.728+0000] {dag.py:4156} INFO - Setting next_dagrun for example_params_trigger_ui to None, run_after=None
[2024-09-12T14:00:53.802+0000] {processor.py:208} INFO - Processing /home/airflow/.local/lib/python3.12/site-packages/airflow/example_dags/example_params_trigger_ui.py took 0.482 seconds
[2024-09-12T14:01:23.873+0000] {processor.py:186} INFO - Started process (PID=149) to work on /home/airflow/.local/lib/python3.12/site-packages/airflow/example_dags/example_params_trigger_ui.py
[2024-09-12T14:01:23.874+0000] {processor.py:914} INFO - Processing file /home/airflow/.local/lib/python3.12/site-packages/airflow/example_dags/example_params_trigger_ui.py for tasks to queue
[2024-09-12T14:01:23.876+0000] {logging_mixin.py:190} INFO - [2024-09-12T14:01:23.876+0000] {dagbag.py:587} INFO - Filling up the DagBag from /home/airflow/.local/lib/python3.12/site-packages/airflow/example_dags/example_params_trigger_ui.py
[2024-09-12T14:01:23.888+0000] {processor.py:925} INFO - DAG(s) 'example_params_trigger_ui' retrieved from /home/airflow/.local/lib/python3.12/site-packages/airflow/example_dags/example_params_trigger_ui.py
[2024-09-12T14:01:23.941+0000] {logging_mixin.py:190} INFO - [2024-09-12T14:01:23.941+0000] {dag.py:3229} INFO - Sync 1 DAGs
[2024-09-12T14:01:23.958+0000] {logging_mixin.py:190} INFO - [2024-09-12T14:01:23.958+0000] {dag.py:4156} INFO - Setting next_dagrun for example_params_trigger_ui to None, run_after=None
[2024-09-12T14:01:23.980+0000] {processor.py:208} INFO - Processing /home/airflow/.local/lib/python3.12/site-packages/airflow/example_dags/example_params_trigger_ui.py took 0.114 seconds
[2024-09-12T14:01:54.913+0000] {processor.py:186} INFO - Started process (PID=211) to work on /home/airflow/.local/lib/python3.12/site-packages/airflow/example_dags/example_params_trigger_ui.py
[2024-09-12T14:01:54.914+0000] {processor.py:914} INFO - Processing file /home/airflow/.local/lib/python3.12/site-packages/airflow/example_dags/example_params_trigger_ui.py for tasks to queue
[2024-09-12T14:01:54.917+0000] {logging_mixin.py:190} INFO - [2024-09-12T14:01:54.916+0000] {dagbag.py:587} INFO - Filling up the DagBag from /home/airflow/.local/lib/python3.12/site-packages/airflow/example_dags/example_params_trigger_ui.py
[2024-09-12T14:01:54.928+0000] {processor.py:925} INFO - DAG(s) 'example_params_trigger_ui' retrieved from /home/airflow/.local/lib/python3.12/site-packages/airflow/example_dags/example_params_trigger_ui.py
[2024-09-12T14:01:54.979+0000] {logging_mixin.py:190} INFO - [2024-09-12T14:01:54.979+0000] {dag.py:3229} INFO - Sync 1 DAGs
[2024-09-12T14:01:54.995+0000] {logging_mixin.py:190} INFO - [2024-09-12T14:01:54.995+0000] {dag.py:4156} INFO - Setting next_dagrun for example_params_trigger_ui to None, run_after=None
[2024-09-12T14:01:55.014+0000] {processor.py:208} INFO - Processing /home/airflow/.local/lib/python3.12/site-packages/airflow/example_dags/example_params_trigger_ui.py took 0.108 seconds
[2024-09-12T14:02:25.554+0000] {processor.py:186} INFO - Started process (PID=273) to work on /home/airflow/.local/lib/python3.12/site-packages/airflow/example_dags/example_params_trigger_ui.py
[2024-09-12T14:02:25.555+0000] {processor.py:914} INFO - Processing file /home/airflow/.local/lib/python3.12/site-packages/airflow/example_dags/example_params_trigger_ui.py for tasks to queue
[2024-09-12T14:02:25.557+0000] {logging_mixin.py:190} INFO - [2024-09-12T14:02:25.557+0000] {dagbag.py:587} INFO - Filling up the DagBag from /home/airflow/.local/lib/python3.12/site-packages/airflow/example_dags/example_params_trigger_ui.py
[2024-09-12T14:02:25.567+0000] {processor.py:925} INFO - DAG(s) 'example_params_trigger_ui' retrieved from /home/airflow/.local/lib/python3.12/site-packages/airflow/example_dags/example_params_trigger_ui.py
[2024-09-12T14:02:25.618+0000] {logging_mixin.py:190} INFO - [2024-09-12T14:02:25.617+0000] {dag.py:3229} INFO - Sync 1 DAGs
[2024-09-12T14:02:25.633+0000] {logging_mixin.py:190} INFO - [2024-09-12T14:02:25.633+0000] {dag.py:4156} INFO - Setting next_dagrun for example_params_trigger_ui to None, run_after=None
[2024-09-12T14:02:25.653+0000] {processor.py:208} INFO - Processing /home/airflow/.local/lib/python3.12/site-packages/airflow/example_dags/example_params_trigger_ui.py took 0.105 seconds
[2024-09-12T14:02:55.810+0000] {processor.py:186} INFO - Started process (PID=335) to work on /home/airflow/.local/lib/python3.12/site-packages/airflow/example_dags/example_params_trigger_ui.py
[2024-09-12T14:02:55.811+0000] {processor.py:914} INFO - Processing file /home/airflow/.local/lib/python3.12/site-packages/airflow/example_dags/example_params_trigger_ui.py for tasks to queue
[2024-09-12T14:02:55.814+0000] {logging_mixin.py:190} INFO - [2024-09-12T14:02:55.813+0000] {dagbag.py:587} INFO - Filling up the DagBag from /home/airflow/.local/lib/python3.12/site-packages/airflow/example_dags/example_params_trigger_ui.py
[2024-09-12T14:02:55.827+0000] {processor.py:925} INFO - DAG(s) 'example_params_trigger_ui' retrieved from /home/airflow/.local/lib/python3.12/site-packages/airflow/example_dags/example_params_trigger_ui.py
[2024-09-12T14:02:55.919+0000] {logging_mixin.py:190} INFO - [2024-09-12T14:02:55.919+0000] {dag.py:3229} INFO - Sync 1 DAGs
[2024-09-12T14:02:55.985+0000] {logging_mixin.py:190} INFO - [2024-09-12T14:02:55.985+0000] {dag.py:4156} INFO - Setting next_dagrun for example_params_trigger_ui to None, run_after=None
[2024-09-12T14:02:56.008+0000] {processor.py:208} INFO - Processing /home/airflow/.local/lib/python3.12/site-packages/airflow/example_dags/example_params_trigger_ui.py took 0.205 seconds
[2024-09-12T14:03:26.390+0000] {processor.py:186} INFO - Started process (PID=397) to work on /home/airflow/.local/lib/python3.12/site-packages/airflow/example_dags/example_params_trigger_ui.py
[2024-09-12T14:03:26.392+0000] {processor.py:914} INFO - Processing file /home/airflow/.local/lib/python3.12/site-packages/airflow/example_dags/example_params_trigger_ui.py for tasks to queue
[2024-09-12T14:03:26.394+0000] {logging_mixin.py:190} INFO - [2024-09-12T14:03:26.394+0000] {dagbag.py:587} INFO - Filling up the DagBag from /home/airflow/.local/lib/python3.12/site-packages/airflow/example_dags/example_params_trigger_ui.py
[2024-09-12T14:03:26.408+0000] {processor.py:925} INFO - DAG(s) 'example_params_trigger_ui' retrieved from /home/airflow/.local/lib/python3.12/site-packages/airflow/example_dags/example_params_trigger_ui.py
[2024-09-12T14:03:26.465+0000] {logging_mixin.py:190} INFO - [2024-09-12T14:03:26.465+0000] {dag.py:3229} INFO - Sync 1 DAGs
[2024-09-12T14:03:26.483+0000] {logging_mixin.py:190} INFO - [2024-09-12T14:03:26.482+0000] {dag.py:4156} INFO - Setting next_dagrun for example_params_trigger_ui to None, run_after=None
[2024-09-12T14:03:26.506+0000] {processor.py:208} INFO - Processing /home/airflow/.local/lib/python3.12/site-packages/airflow/example_dags/example_params_trigger_ui.py took 0.123 seconds
[2024-09-12T14:03:56.923+0000] {processor.py:186} INFO - Started process (PID=459) to work on /home/airflow/.local/lib/python3.12/site-packages/airflow/example_dags/example_params_trigger_ui.py
[2024-09-12T14:03:56.925+0000] {processor.py:914} INFO - Processing file /home/airflow/.local/lib/python3.12/site-packages/airflow/example_dags/example_params_trigger_ui.py for tasks to queue
[2024-09-12T14:03:56.927+0000] {logging_mixin.py:190} INFO - [2024-09-12T14:03:56.927+0000] {dagbag.py:587} INFO - Filling up the DagBag from /home/airflow/.local/lib/python3.12/site-packages/airflow/example_dags/example_params_trigger_ui.py
[2024-09-12T14:03:56.939+0000] {processor.py:925} INFO - DAG(s) 'example_params_trigger_ui' retrieved from /home/airflow/.local/lib/python3.12/site-packages/airflow/example_dags/example_params_trigger_ui.py
[2024-09-12T14:03:56.984+0000] {logging_mixin.py:190} INFO - [2024-09-12T14:03:56.984+0000] {dag.py:3229} INFO - Sync 1 DAGs
[2024-09-12T14:03:57.000+0000] {logging_mixin.py:190} INFO - [2024-09-12T14:03:57.000+0000] {dag.py:4156} INFO - Setting next_dagrun for example_params_trigger_ui to None, run_after=None
[2024-09-12T14:03:57.017+0000] {processor.py:208} INFO - Processing /home/airflow/.local/lib/python3.12/site-packages/airflow/example_dags/example_params_trigger_ui.py took 0.100 seconds
[2024-09-12T14:04:27.419+0000] {processor.py:186} INFO - Started process (PID=521) to work on /home/airflow/.local/lib/python3.12/site-packages/airflow/example_dags/example_params_trigger_ui.py
[2024-09-12T14:04:27.420+0000] {processor.py:914} INFO - Processing file /home/airflow/.local/lib/python3.12/site-packages/airflow/example_dags/example_params_trigger_ui.py for tasks to queue
[2024-09-12T14:04:27.422+0000] {logging_mixin.py:190} INFO - [2024-09-12T14:04:27.422+0000] {dagbag.py:587} INFO - Filling up the DagBag from /home/airflow/.local/lib/python3.12/site-packages/airflow/example_dags/example_params_trigger_ui.py
[2024-09-12T14:04:27.433+0000] {processor.py:925} INFO - DAG(s) 'example_params_trigger_ui' retrieved from /home/airflow/.local/lib/python3.12/site-packages/airflow/example_dags/example_params_trigger_ui.py
[2024-09-12T14:04:27.476+0000] {logging_mixin.py:190} INFO - [2024-09-12T14:04:27.476+0000] {dag.py:3229} INFO - Sync 1 DAGs
[2024-09-12T14:04:27.491+0000] {logging_mixin.py:190} INFO - [2024-09-12T14:04:27.491+0000] {dag.py:4156} INFO - Setting next_dagrun for example_params_trigger_ui to None, run_after=None
[2024-09-12T14:04:27.509+0000] {processor.py:208} INFO - Processing /home/airflow/.local/lib/python3.12/site-packages/airflow/example_dags/example_params_trigger_ui.py took 0.096 seconds
[2024-09-12T14:04:58.133+0000] {processor.py:186} INFO - Started process (PID=583) to work on /home/airflow/.local/lib/python3.12/site-packages/airflow/example_dags/example_params_trigger_ui.py
[2024-09-12T14:04:58.134+0000] {processor.py:914} INFO - Processing file /home/airflow/.local/lib/python3.12/site-packages/airflow/example_dags/example_params_trigger_ui.py for tasks to queue
[2024-09-12T14:04:58.137+0000] {logging_mixin.py:190} INFO - [2024-09-12T14:04:58.136+0000] {dagbag.py:587} INFO - Filling up the DagBag from /home/airflow/.local/lib/python3.12/site-packages/airflow/example_dags/example_params_trigger_ui.py
[2024-09-12T14:04:58.149+0000] {processor.py:925} INFO - DAG(s) 'example_params_trigger_ui' retrieved from /home/airflow/.local/lib/python3.12/site-packages/airflow/example_dags/example_params_trigger_ui.py
[2024-09-12T14:04:58.220+0000] {logging_mixin.py:190} INFO - [2024-09-12T14:04:58.219+0000] {dag.py:3229} INFO - Sync 1 DAGs
[2024-09-12T14:04:58.236+0000] {logging_mixin.py:190} INFO - [2024-09-12T14:04:58.236+0000] {dag.py:4156} INFO - Setting next_dagrun for example_params_trigger_ui to None, run_after=None
[2024-09-12T14:04:58.255+0000] {processor.py:208} INFO - Processing /home/airflow/.local/lib/python3.12/site-packages/airflow/example_dags/example_params_trigger_ui.py took 0.128 seconds
[2024-09-12T14:05:28.912+0000] {processor.py:186} INFO - Started process (PID=645) to work on /home/airflow/.local/lib/python3.12/site-packages/airflow/example_dags/example_params_trigger_ui.py
[2024-09-12T14:05:28.913+0000] {processor.py:914} INFO - Processing file /home/airflow/.local/lib/python3.12/site-packages/airflow/example_dags/example_params_trigger_ui.py for tasks to queue
[2024-09-12T14:05:28.916+0000] {logging_mixin.py:190} INFO - [2024-09-12T14:05:28.915+0000] {dagbag.py:587} INFO - Filling up the DagBag from /home/airflow/.local/lib/python3.12/site-packages/airflow/example_dags/example_params_trigger_ui.py
[2024-09-12T14:05:28.927+0000] {processor.py:925} INFO - DAG(s) 'example_params_trigger_ui' retrieved from /home/airflow/.local/lib/python3.12/site-packages/airflow/example_dags/example_params_trigger_ui.py
[2024-09-12T14:05:28.990+0000] {logging_mixin.py:190} INFO - [2024-09-12T14:05:28.989+0000] {dag.py:3229} INFO - Sync 1 DAGs
[2024-09-12T14:05:29.012+0000] {logging_mixin.py:190} INFO - [2024-09-12T14:05:29.012+0000] {dag.py:4156} INFO - Setting next_dagrun for example_params_trigger_ui to None, run_after=None
[2024-09-12T14:05:29.035+0000] {processor.py:208} INFO - Processing /home/airflow/.local/lib/python3.12/site-packages/airflow/example_dags/example_params_trigger_ui.py took 0.130 seconds
[2024-09-12T14:05:59.241+0000] {processor.py:186} INFO - Started process (PID=707) to work on /home/airflow/.local/lib/python3.12/site-packages/airflow/example_dags/example_params_trigger_ui.py
[2024-09-12T14:05:59.242+0000] {processor.py:914} INFO - Processing file /home/airflow/.local/lib/python3.12/site-packages/airflow/example_dags/example_params_trigger_ui.py for tasks to queue
[2024-09-12T14:05:59.245+0000] {logging_mixin.py:190} INFO - [2024-09-12T14:05:59.244+0000] {dagbag.py:587} INFO - Filling up the DagBag from /home/airflow/.local/lib/python3.12/site-packages/airflow/example_dags/example_params_trigger_ui.py
[2024-09-12T14:05:59.257+0000] {processor.py:925} INFO - DAG(s) 'example_params_trigger_ui' retrieved from /home/airflow/.local/lib/python3.12/site-packages/airflow/example_dags/example_params_trigger_ui.py
[2024-09-12T14:05:59.306+0000] {logging_mixin.py:190} INFO - [2024-09-12T14:05:59.305+0000] {dag.py:3229} INFO - Sync 1 DAGs
[2024-09-12T14:05:59.326+0000] {logging_mixin.py:190} INFO - [2024-09-12T14:05:59.325+0000] {dag.py:4156} INFO - Setting next_dagrun for example_params_trigger_ui to None, run_after=None
[2024-09-12T14:05:59.347+0000] {processor.py:208} INFO - Processing /home/airflow/.local/lib/python3.12/site-packages/airflow/example_dags/example_params_trigger_ui.py took 0.113 seconds
[2024-09-12T14:06:29.820+0000] {processor.py:186} INFO - Started process (PID=769) to work on /home/airflow/.local/lib/python3.12/site-packages/airflow/example_dags/example_params_trigger_ui.py
[2024-09-12T14:06:29.821+0000] {processor.py:914} INFO - Processing file /home/airflow/.local/lib/python3.12/site-packages/airflow/example_dags/example_params_trigger_ui.py for tasks to queue
[2024-09-12T14:06:29.823+0000] {logging_mixin.py:190} INFO - [2024-09-12T14:06:29.823+0000] {dagbag.py:587} INFO - Filling up the DagBag from /home/airflow/.local/lib/python3.12/site-packages/airflow/example_dags/example_params_trigger_ui.py
[2024-09-12T14:06:29.835+0000] {processor.py:925} INFO - DAG(s) 'example_params_trigger_ui' retrieved from /home/airflow/.local/lib/python3.12/site-packages/airflow/example_dags/example_params_trigger_ui.py
[2024-09-12T14:06:29.879+0000] {logging_mixin.py:190} INFO - [2024-09-12T14:06:29.878+0000] {dag.py:3229} INFO - Sync 1 DAGs
[2024-09-12T14:06:29.896+0000] {logging_mixin.py:190} INFO - [2024-09-12T14:06:29.896+0000] {dag.py:4156} INFO - Setting next_dagrun for example_params_trigger_ui to None, run_after=None
[2024-09-12T14:06:29.917+0000] {processor.py:208} INFO - Processing /home/airflow/.local/lib/python3.12/site-packages/airflow/example_dags/example_params_trigger_ui.py took 0.104 seconds
[2024-09-12T14:07:00.170+0000] {processor.py:186} INFO - Started process (PID=831) to work on /home/airflow/.local/lib/python3.12/site-packages/airflow/example_dags/example_params_trigger_ui.py
[2024-09-12T14:07:00.172+0000] {processor.py:914} INFO - Processing file /home/airflow/.local/lib/python3.12/site-packages/airflow/example_dags/example_params_trigger_ui.py for tasks to queue
[2024-09-12T14:07:00.174+0000] {logging_mixin.py:190} INFO - [2024-09-12T14:07:00.174+0000] {dagbag.py:587} INFO - Filling up the DagBag from /home/airflow/.local/lib/python3.12/site-packages/airflow/example_dags/example_params_trigger_ui.py
[2024-09-12T14:07:00.186+0000] {processor.py:925} INFO - DAG(s) 'example_params_trigger_ui' retrieved from /home/airflow/.local/lib/python3.12/site-packages/airflow/example_dags/example_params_trigger_ui.py
[2024-09-12T14:07:00.233+0000] {logging_mixin.py:190} INFO - [2024-09-12T14:07:00.233+0000] {dag.py:3229} INFO - Sync 1 DAGs
[2024-09-12T14:07:00.248+0000] {logging_mixin.py:190} INFO - [2024-09-12T14:07:00.248+0000] {dag.py:4156} INFO - Setting next_dagrun for example_params_trigger_ui to None, run_after=None
[2024-09-12T14:07:00.268+0000] {processor.py:208} INFO - Processing /home/airflow/.local/lib/python3.12/site-packages/airflow/example_dags/example_params_trigger_ui.py took 0.104 seconds
[2024-09-12T14:07:30.511+0000] {processor.py:186} INFO - Started process (PID=893) to work on /home/airflow/.local/lib/python3.12/site-packages/airflow/example_dags/example_params_trigger_ui.py
[2024-09-12T14:07:30.512+0000] {processor.py:914} INFO - Processing file /home/airflow/.local/lib/python3.12/site-packages/airflow/example_dags/example_params_trigger_ui.py for tasks to queue
[2024-09-12T14:07:30.515+0000] {logging_mixin.py:190} INFO - [2024-09-12T14:07:30.514+0000] {dagbag.py:587} INFO - Filling up the DagBag from /home/airflow/.local/lib/python3.12/site-packages/airflow/example_dags/example_params_trigger_ui.py
[2024-09-12T14:07:30.527+0000] {processor.py:925} INFO - DAG(s) 'example_params_trigger_ui' retrieved from /home/airflow/.local/lib/python3.12/site-packages/airflow/example_dags/example_params_trigger_ui.py
[2024-09-12T14:07:30.607+0000] {logging_mixin.py:190} INFO - [2024-09-12T14:07:30.607+0000] {dag.py:3229} INFO - Sync 1 DAGs
[2024-09-12T14:07:30.625+0000] {logging_mixin.py:190} INFO - [2024-09-12T14:07:30.624+0000] {dag.py:4156} INFO - Setting next_dagrun for example_params_trigger_ui to None, run_after=None
[2024-09-12T14:07:30.648+0000] {processor.py:208} INFO - Processing /home/airflow/.local/lib/python3.12/site-packages/airflow/example_dags/example_params_trigger_ui.py took 0.143 seconds
[2024-09-12T14:08:00.779+0000] {processor.py:186} INFO - Started process (PID=955) to work on /home/airflow/.local/lib/python3.12/site-packages/airflow/example_dags/example_params_trigger_ui.py
[2024-09-12T14:08:00.780+0000] {processor.py:914} INFO - Processing file /home/airflow/.local/lib/python3.12/site-packages/airflow/example_dags/example_params_trigger_ui.py for tasks to queue
[2024-09-12T14:08:00.782+0000] {logging_mixin.py:190} INFO - [2024-09-12T14:08:00.782+0000] {dagbag.py:587} INFO - Filling up the DagBag from /home/airflow/.local/lib/python3.12/site-packages/airflow/example_dags/example_params_trigger_ui.py
[2024-09-12T14:08:00.795+0000] {processor.py:925} INFO - DAG(s) 'example_params_trigger_ui' retrieved from /home/airflow/.local/lib/python3.12/site-packages/airflow/example_dags/example_params_trigger_ui.py
[2024-09-12T14:08:00.844+0000] {logging_mixin.py:190} INFO - [2024-09-12T14:08:00.844+0000] {dag.py:3229} INFO - Sync 1 DAGs
[2024-09-12T14:08:00.864+0000] {logging_mixin.py:190} INFO - [2024-09-12T14:08:00.864+0000] {dag.py:4156} INFO - Setting next_dagrun for example_params_trigger_ui to None, run_after=None
[2024-09-12T14:08:00.885+0000] {processor.py:208} INFO - Processing /home/airflow/.local/lib/python3.12/site-packages/airflow/example_dags/example_params_trigger_ui.py took 0.113 seconds
[2024-09-12T14:08:31.947+0000] {processor.py:186} INFO - Started process (PID=1017) to work on /home/airflow/.local/lib/python3.12/site-packages/airflow/example_dags/example_params_trigger_ui.py
[2024-09-12T14:08:31.948+0000] {processor.py:914} INFO - Processing file /home/airflow/.local/lib/python3.12/site-packages/airflow/example_dags/example_params_trigger_ui.py for tasks to queue
[2024-09-12T14:08:31.951+0000] {logging_mixin.py:190} INFO - [2024-09-12T14:08:31.950+0000] {dagbag.py:587} INFO - Filling up the DagBag from /home/airflow/.local/lib/python3.12/site-packages/airflow/example_dags/example_params_trigger_ui.py
[2024-09-12T14:08:31.992+0000] {processor.py:925} INFO - DAG(s) 'example_params_trigger_ui' retrieved from /home/airflow/.local/lib/python3.12/site-packages/airflow/example_dags/example_params_trigger_ui.py
[2024-09-12T14:08:32.089+0000] {logging_mixin.py:190} INFO - [2024-09-12T14:08:32.088+0000] {dag.py:3229} INFO - Sync 1 DAGs
[2024-09-12T14:08:32.105+0000] {logging_mixin.py:190} INFO - [2024-09-12T14:08:32.104+0000] {dag.py:4156} INFO - Setting next_dagrun for example_params_trigger_ui to None, run_after=None
[2024-09-12T14:08:32.122+0000] {processor.py:208} INFO - Processing /home/airflow/.local/lib/python3.12/site-packages/airflow/example_dags/example_params_trigger_ui.py took 0.183 seconds
[2024-09-12T14:09:02.975+0000] {processor.py:186} INFO - Started process (PID=1079) to work on /home/airflow/.local/lib/python3.12/site-packages/airflow/example_dags/example_params_trigger_ui.py
[2024-09-12T14:09:02.980+0000] {processor.py:914} INFO - Processing file /home/airflow/.local/lib/python3.12/site-packages/airflow/example_dags/example_params_trigger_ui.py for tasks to queue
[2024-09-12T14:09:02.983+0000] {logging_mixin.py:190} INFO - [2024-09-12T14:09:02.982+0000] {dagbag.py:587} INFO - Filling up the DagBag from /home/airflow/.local/lib/python3.12/site-packages/airflow/example_dags/example_params_trigger_ui.py
[2024-09-12T14:09:02.994+0000] {processor.py:925} INFO - DAG(s) 'example_params_trigger_ui' retrieved from /home/airflow/.local/lib/python3.12/site-packages/airflow/example_dags/example_params_trigger_ui.py
[2024-09-12T14:09:03.045+0000] {logging_mixin.py:190} INFO - [2024-09-12T14:09:03.044+0000] {dag.py:3229} INFO - Sync 1 DAGs
[2024-09-12T14:09:03.062+0000] {logging_mixin.py:190} INFO - [2024-09-12T14:09:03.061+0000] {dag.py:4156} INFO - Setting next_dagrun for example_params_trigger_ui to None, run_after=None
[2024-09-12T14:09:03.092+0000] {processor.py:208} INFO - Processing /home/airflow/.local/lib/python3.12/site-packages/airflow/example_dags/example_params_trigger_ui.py took 0.123 seconds
[2024-09-12T14:09:33.440+0000] {processor.py:186} INFO - Started process (PID=1141) to work on /home/airflow/.local/lib/python3.12/site-packages/airflow/example_dags/example_params_trigger_ui.py
[2024-09-12T14:09:33.442+0000] {processor.py:914} INFO - Processing file /home/airflow/.local/lib/python3.12/site-packages/airflow/example_dags/example_params_trigger_ui.py for tasks to queue
[2024-09-12T14:09:33.444+0000] {logging_mixin.py:190} INFO - [2024-09-12T14:09:33.444+0000] {dagbag.py:587} INFO - Filling up the DagBag from /home/airflow/.local/lib/python3.12/site-packages/airflow/example_dags/example_params_trigger_ui.py
[2024-09-12T14:09:33.484+0000] {processor.py:925} INFO - DAG(s) 'example_params_trigger_ui' retrieved from /home/airflow/.local/lib/python3.12/site-packages/airflow/example_dags/example_params_trigger_ui.py
[2024-09-12T14:09:33.533+0000] {logging_mixin.py:190} INFO - [2024-09-12T14:09:33.533+0000] {dag.py:3229} INFO - Sync 1 DAGs
[2024-09-12T14:09:33.550+0000] {logging_mixin.py:190} INFO - [2024-09-12T14:09:33.550+0000] {dag.py:4156} INFO - Setting next_dagrun for example_params_trigger_ui to None, run_after=None
[2024-09-12T14:09:33.569+0000] {processor.py:208} INFO - Processing /home/airflow/.local/lib/python3.12/site-packages/airflow/example_dags/example_params_trigger_ui.py took 0.136 seconds
[2024-09-12T14:10:03.993+0000] {processor.py:186} INFO - Started process (PID=1209) to work on /home/airflow/.local/lib/python3.12/site-packages/airflow/example_dags/example_params_trigger_ui.py
[2024-09-12T14:10:03.994+0000] {processor.py:914} INFO - Processing file /home/airflow/.local/lib/python3.12/site-packages/airflow/example_dags/example_params_trigger_ui.py for tasks to queue
[2024-09-12T14:10:03.996+0000] {logging_mixin.py:190} INFO - [2024-09-12T14:10:03.996+0000] {dagbag.py:587} INFO - Filling up the DagBag from /home/airflow/.local/lib/python3.12/site-packages/airflow/example_dags/example_params_trigger_ui.py
[2024-09-12T14:10:04.010+0000] {processor.py:925} INFO - DAG(s) 'example_params_trigger_ui' retrieved from /home/airflow/.local/lib/python3.12/site-packages/airflow/example_dags/example_params_trigger_ui.py
[2024-09-12T14:10:04.089+0000] {logging_mixin.py:190} INFO - [2024-09-12T14:10:04.089+0000] {dag.py:3229} INFO - Sync 1 DAGs
[2024-09-12T14:10:04.106+0000] {logging_mixin.py:190} INFO - [2024-09-12T14:10:04.106+0000] {dag.py:4156} INFO - Setting next_dagrun for example_params_trigger_ui to None, run_after=None
[2024-09-12T14:10:04.126+0000] {processor.py:208} INFO - Processing /home/airflow/.local/lib/python3.12/site-packages/airflow/example_dags/example_params_trigger_ui.py took 0.140 seconds
[2024-09-12T14:10:34.354+0000] {processor.py:186} INFO - Started process (PID=1271) to work on /home/airflow/.local/lib/python3.12/site-packages/airflow/example_dags/example_params_trigger_ui.py
[2024-09-12T14:10:34.355+0000] {processor.py:914} INFO - Processing file /home/airflow/.local/lib/python3.12/site-packages/airflow/example_dags/example_params_trigger_ui.py for tasks to queue
[2024-09-12T14:10:34.358+0000] {logging_mixin.py:190} INFO - [2024-09-12T14:10:34.358+0000] {dagbag.py:587} INFO - Filling up the DagBag from /home/airflow/.local/lib/python3.12/site-packages/airflow/example_dags/example_params_trigger_ui.py
[2024-09-12T14:10:34.371+0000] {processor.py:925} INFO - DAG(s) 'example_params_trigger_ui' retrieved from /home/airflow/.local/lib/python3.12/site-packages/airflow/example_dags/example_params_trigger_ui.py
[2024-09-12T14:10:34.416+0000] {logging_mixin.py:190} INFO - [2024-09-12T14:10:34.416+0000] {dag.py:3229} INFO - Sync 1 DAGs
[2024-09-12T14:10:34.433+0000] {logging_mixin.py:190} INFO - [2024-09-12T14:10:34.433+0000] {dag.py:4156} INFO - Setting next_dagrun for example_params_trigger_ui to None, run_after=None
[2024-09-12T14:10:34.453+0000] {processor.py:208} INFO - Processing /home/airflow/.local/lib/python3.12/site-packages/airflow/example_dags/example_params_trigger_ui.py took 0.106 seconds
[2024-09-12T14:11:04.810+0000] {processor.py:186} INFO - Started process (PID=1333) to work on /home/airflow/.local/lib/python3.12/site-packages/airflow/example_dags/example_params_trigger_ui.py
[2024-09-12T14:11:04.811+0000] {processor.py:914} INFO - Processing file /home/airflow/.local/lib/python3.12/site-packages/airflow/example_dags/example_params_trigger_ui.py for tasks to queue
[2024-09-12T14:11:04.814+0000] {logging_mixin.py:190} INFO - [2024-09-12T14:11:04.813+0000] {dagbag.py:587} INFO - Filling up the DagBag from /home/airflow/.local/lib/python3.12/site-packages/airflow/example_dags/example_params_trigger_ui.py
[2024-09-12T14:11:04.827+0000] {processor.py:925} INFO - DAG(s) 'example_params_trigger_ui' retrieved from /home/airflow/.local/lib/python3.12/site-packages/airflow/example_dags/example_params_trigger_ui.py
[2024-09-12T14:11:04.878+0000] {logging_mixin.py:190} INFO - [2024-09-12T14:11:04.877+0000] {dag.py:3229} INFO - Sync 1 DAGs
[2024-09-12T14:11:04.894+0000] {logging_mixin.py:190} INFO - [2024-09-12T14:11:04.894+0000] {dag.py:4156} INFO - Setting next_dagrun for example_params_trigger_ui to None, run_after=None
[2024-09-12T14:11:04.913+0000] {processor.py:208} INFO - Processing /home/airflow/.local/lib/python3.12/site-packages/airflow/example_dags/example_params_trigger_ui.py took 0.110 seconds
[2024-09-12T14:11:35.467+0000] {processor.py:186} INFO - Started process (PID=1395) to work on /home/airflow/.local/lib/python3.12/site-packages/airflow/example_dags/example_params_trigger_ui.py
[2024-09-12T14:11:35.468+0000] {processor.py:914} INFO - Processing file /home/airflow/.local/lib/python3.12/site-packages/airflow/example_dags/example_params_trigger_ui.py for tasks to queue
[2024-09-12T14:11:35.470+0000] {logging_mixin.py:190} INFO - [2024-09-12T14:11:35.470+0000] {dagbag.py:587} INFO - Filling up the DagBag from /home/airflow/.local/lib/python3.12/site-packages/airflow/example_dags/example_params_trigger_ui.py
[2024-09-12T14:11:35.481+0000] {processor.py:925} INFO - DAG(s) 'example_params_trigger_ui' retrieved from /home/airflow/.local/lib/python3.12/site-packages/airflow/example_dags/example_params_trigger_ui.py
[2024-09-12T14:11:35.535+0000] {logging_mixin.py:190} INFO - [2024-09-12T14:11:35.535+0000] {dag.py:3229} INFO - Sync 1 DAGs
[2024-09-12T14:11:35.555+0000] {logging_mixin.py:190} INFO - [2024-09-12T14:11:35.555+0000] {dag.py:4156} INFO - Setting next_dagrun for example_params_trigger_ui to None, run_after=None
[2024-09-12T14:11:35.578+0000] {processor.py:208} INFO - Processing /home/airflow/.local/lib/python3.12/site-packages/airflow/example_dags/example_params_trigger_ui.py took 0.118 seconds
[2024-09-12T14:12:06.324+0000] {processor.py:186} INFO - Started process (PID=1457) to work on /home/airflow/.local/lib/python3.12/site-packages/airflow/example_dags/example_params_trigger_ui.py
[2024-09-12T14:12:06.326+0000] {processor.py:914} INFO - Processing file /home/airflow/.local/lib/python3.12/site-packages/airflow/example_dags/example_params_trigger_ui.py for tasks to queue
[2024-09-12T14:12:06.329+0000] {logging_mixin.py:190} INFO - [2024-09-12T14:12:06.329+0000] {dagbag.py:587} INFO - Filling up the DagBag from /home/airflow/.local/lib/python3.12/site-packages/airflow/example_dags/example_params_trigger_ui.py
[2024-09-12T14:12:06.343+0000] {processor.py:925} INFO - DAG(s) 'example_params_trigger_ui' retrieved from /home/airflow/.local/lib/python3.12/site-packages/airflow/example_dags/example_params_trigger_ui.py
[2024-09-12T14:12:06.427+0000] {logging_mixin.py:190} INFO - [2024-09-12T14:12:06.427+0000] {dag.py:3229} INFO - Sync 1 DAGs
[2024-09-12T14:12:06.489+0000] {logging_mixin.py:190} INFO - [2024-09-12T14:12:06.489+0000] {dag.py:4156} INFO - Setting next_dagrun for example_params_trigger_ui to None, run_after=None
[2024-09-12T14:12:06.511+0000] {processor.py:208} INFO - Processing /home/airflow/.local/lib/python3.12/site-packages/airflow/example_dags/example_params_trigger_ui.py took 0.195 seconds
[2024-09-12T14:12:37.323+0000] {processor.py:186} INFO - Started process (PID=1519) to work on /home/airflow/.local/lib/python3.12/site-packages/airflow/example_dags/example_params_trigger_ui.py
[2024-09-12T14:12:37.325+0000] {processor.py:914} INFO - Processing file /home/airflow/.local/lib/python3.12/site-packages/airflow/example_dags/example_params_trigger_ui.py for tasks to queue
[2024-09-12T14:12:37.328+0000] {logging_mixin.py:190} INFO - [2024-09-12T14:12:37.327+0000] {dagbag.py:587} INFO - Filling up the DagBag from /home/airflow/.local/lib/python3.12/site-packages/airflow/example_dags/example_params_trigger_ui.py
[2024-09-12T14:12:37.342+0000] {processor.py:925} INFO - DAG(s) 'example_params_trigger_ui' retrieved from /home/airflow/.local/lib/python3.12/site-packages/airflow/example_dags/example_params_trigger_ui.py
[2024-09-12T14:12:37.438+0000] {logging_mixin.py:190} INFO - [2024-09-12T14:12:37.437+0000] {dag.py:3229} INFO - Sync 1 DAGs
[2024-09-12T14:12:37.499+0000] {logging_mixin.py:190} INFO - [2024-09-12T14:12:37.498+0000] {dag.py:4156} INFO - Setting next_dagrun for example_params_trigger_ui to None, run_after=None
[2024-09-12T14:12:37.521+0000] {processor.py:208} INFO - Processing /home/airflow/.local/lib/python3.12/site-packages/airflow/example_dags/example_params_trigger_ui.py took 0.207 seconds
[2024-09-12T14:13:07.818+0000] {processor.py:186} INFO - Started process (PID=1581) to work on /home/airflow/.local/lib/python3.12/site-packages/airflow/example_dags/example_params_trigger_ui.py
[2024-09-12T14:13:07.819+0000] {processor.py:914} INFO - Processing file /home/airflow/.local/lib/python3.12/site-packages/airflow/example_dags/example_params_trigger_ui.py for tasks to queue
[2024-09-12T14:13:07.822+0000] {logging_mixin.py:190} INFO - [2024-09-12T14:13:07.821+0000] {dagbag.py:587} INFO - Filling up the DagBag from /home/airflow/.local/lib/python3.12/site-packages/airflow/example_dags/example_params_trigger_ui.py
[2024-09-12T14:13:07.835+0000] {processor.py:925} INFO - DAG(s) 'example_params_trigger_ui' retrieved from /home/airflow/.local/lib/python3.12/site-packages/airflow/example_dags/example_params_trigger_ui.py
[2024-09-12T14:13:07.889+0000] {logging_mixin.py:190} INFO - [2024-09-12T14:13:07.889+0000] {dag.py:3229} INFO - Sync 1 DAGs
[2024-09-12T14:13:07.906+0000] {logging_mixin.py:190} INFO - [2024-09-12T14:13:07.906+0000] {dag.py:4156} INFO - Setting next_dagrun for example_params_trigger_ui to None, run_after=None
[2024-09-12T14:13:07.925+0000] {processor.py:208} INFO - Processing /home/airflow/.local/lib/python3.12/site-packages/airflow/example_dags/example_params_trigger_ui.py took 0.114 seconds
[2024-09-12T14:13:38.375+0000] {processor.py:186} INFO - Started process (PID=1643) to work on /home/airflow/.local/lib/python3.12/site-packages/airflow/example_dags/example_params_trigger_ui.py
[2024-09-12T14:13:38.376+0000] {processor.py:914} INFO - Processing file /home/airflow/.local/lib/python3.12/site-packages/airflow/example_dags/example_params_trigger_ui.py for tasks to queue
[2024-09-12T14:13:38.379+0000] {logging_mixin.py:190} INFO - [2024-09-12T14:13:38.379+0000] {dagbag.py:587} INFO - Filling up the DagBag from /home/airflow/.local/lib/python3.12/site-packages/airflow/example_dags/example_params_trigger_ui.py
[2024-09-12T14:13:38.395+0000] {processor.py:925} INFO - DAG(s) 'example_params_trigger_ui' retrieved from /home/airflow/.local/lib/python3.12/site-packages/airflow/example_dags/example_params_trigger_ui.py
[2024-09-12T14:13:38.453+0000] {logging_mixin.py:190} INFO - [2024-09-12T14:13:38.453+0000] {dag.py:3229} INFO - Sync 1 DAGs
[2024-09-12T14:13:38.468+0000] {logging_mixin.py:190} INFO - [2024-09-12T14:13:38.467+0000] {dag.py:4156} INFO - Setting next_dagrun for example_params_trigger_ui to None, run_after=None
[2024-09-12T14:13:38.487+0000] {processor.py:208} INFO - Processing /home/airflow/.local/lib/python3.12/site-packages/airflow/example_dags/example_params_trigger_ui.py took 0.119 seconds
[2024-09-12T14:14:08.836+0000] {processor.py:186} INFO - Started process (PID=1705) to work on /home/airflow/.local/lib/python3.12/site-packages/airflow/example_dags/example_params_trigger_ui.py
[2024-09-12T14:14:08.838+0000] {processor.py:914} INFO - Processing file /home/airflow/.local/lib/python3.12/site-packages/airflow/example_dags/example_params_trigger_ui.py for tasks to queue
[2024-09-12T14:14:08.840+0000] {logging_mixin.py:190} INFO - [2024-09-12T14:14:08.839+0000] {dagbag.py:587} INFO - Filling up the DagBag from /home/airflow/.local/lib/python3.12/site-packages/airflow/example_dags/example_params_trigger_ui.py
[2024-09-12T14:14:08.851+0000] {processor.py:925} INFO - DAG(s) 'example_params_trigger_ui' retrieved from /home/airflow/.local/lib/python3.12/site-packages/airflow/example_dags/example_params_trigger_ui.py
[2024-09-12T14:14:08.896+0000] {logging_mixin.py:190} INFO - [2024-09-12T14:14:08.895+0000] {dag.py:3229} INFO - Sync 1 DAGs
[2024-09-12T14:14:08.910+0000] {logging_mixin.py:190} INFO - [2024-09-12T14:14:08.910+0000] {dag.py:4156} INFO - Setting next_dagrun for example_params_trigger_ui to None, run_after=None
[2024-09-12T14:14:08.926+0000] {processor.py:208} INFO - Processing /home/airflow/.local/lib/python3.12/site-packages/airflow/example_dags/example_params_trigger_ui.py took 0.096 seconds
[2024-09-12T14:14:39.431+0000] {processor.py:186} INFO - Started process (PID=1767) to work on /home/airflow/.local/lib/python3.12/site-packages/airflow/example_dags/example_params_trigger_ui.py
[2024-09-12T14:14:39.432+0000] {processor.py:914} INFO - Processing file /home/airflow/.local/lib/python3.12/site-packages/airflow/example_dags/example_params_trigger_ui.py for tasks to queue
[2024-09-12T14:14:39.435+0000] {logging_mixin.py:190} INFO - [2024-09-12T14:14:39.434+0000] {dagbag.py:587} INFO - Filling up the DagBag from /home/airflow/.local/lib/python3.12/site-packages/airflow/example_dags/example_params_trigger_ui.py
[2024-09-12T14:14:39.448+0000] {processor.py:925} INFO - DAG(s) 'example_params_trigger_ui' retrieved from /home/airflow/.local/lib/python3.12/site-packages/airflow/example_dags/example_params_trigger_ui.py
[2024-09-12T14:14:39.496+0000] {logging_mixin.py:190} INFO - [2024-09-12T14:14:39.495+0000] {dag.py:3229} INFO - Sync 1 DAGs
[2024-09-12T14:14:39.512+0000] {logging_mixin.py:190} INFO - [2024-09-12T14:14:39.512+0000] {dag.py:4156} INFO - Setting next_dagrun for example_params_trigger_ui to None, run_after=None
[2024-09-12T14:14:39.537+0000] {processor.py:208} INFO - Processing /home/airflow/.local/lib/python3.12/site-packages/airflow/example_dags/example_params_trigger_ui.py took 0.113 seconds
[2024-09-12T14:15:09.675+0000] {processor.py:186} INFO - Started process (PID=1828) to work on /home/airflow/.local/lib/python3.12/site-packages/airflow/example_dags/example_params_trigger_ui.py
[2024-09-12T14:15:09.676+0000] {processor.py:914} INFO - Processing file /home/airflow/.local/lib/python3.12/site-packages/airflow/example_dags/example_params_trigger_ui.py for tasks to queue
[2024-09-12T14:15:09.679+0000] {logging_mixin.py:190} INFO - [2024-09-12T14:15:09.678+0000] {dagbag.py:587} INFO - Filling up the DagBag from /home/airflow/.local/lib/python3.12/site-packages/airflow/example_dags/example_params_trigger_ui.py
[2024-09-12T14:15:09.691+0000] {processor.py:925} INFO - DAG(s) 'example_params_trigger_ui' retrieved from /home/airflow/.local/lib/python3.12/site-packages/airflow/example_dags/example_params_trigger_ui.py
[2024-09-12T14:15:09.742+0000] {logging_mixin.py:190} INFO - [2024-09-12T14:15:09.742+0000] {dag.py:3229} INFO - Sync 1 DAGs
[2024-09-12T14:15:09.759+0000] {logging_mixin.py:190} INFO - [2024-09-12T14:15:09.759+0000] {dag.py:4156} INFO - Setting next_dagrun for example_params_trigger_ui to None, run_after=None
[2024-09-12T14:15:09.776+0000] {processor.py:208} INFO - Processing /home/airflow/.local/lib/python3.12/site-packages/airflow/example_dags/example_params_trigger_ui.py took 0.109 seconds
[2024-09-12T14:18:15.351+0000] {processor.py:186} INFO - Started process (PID=81) to work on /home/airflow/.local/lib/python3.12/site-packages/airflow/example_dags/example_params_trigger_ui.py
[2024-09-12T14:18:15.352+0000] {processor.py:914} INFO - Processing file /home/airflow/.local/lib/python3.12/site-packages/airflow/example_dags/example_params_trigger_ui.py for tasks to queue
[2024-09-12T14:18:15.355+0000] {logging_mixin.py:190} INFO - [2024-09-12T14:18:15.354+0000] {dagbag.py:587} INFO - Filling up the DagBag from /home/airflow/.local/lib/python3.12/site-packages/airflow/example_dags/example_params_trigger_ui.py
[2024-09-12T14:18:15.370+0000] {processor.py:925} INFO - DAG(s) 'example_params_trigger_ui' retrieved from /home/airflow/.local/lib/python3.12/site-packages/airflow/example_dags/example_params_trigger_ui.py
[2024-09-12T14:18:15.421+0000] {logging_mixin.py:190} INFO - [2024-09-12T14:18:15.421+0000] {dag.py:3229} INFO - Sync 1 DAGs
[2024-09-12T14:18:15.436+0000] {logging_mixin.py:190} INFO - [2024-09-12T14:18:15.436+0000] {dag.py:4156} INFO - Setting next_dagrun for example_params_trigger_ui to None, run_after=None
[2024-09-12T14:18:15.455+0000] {processor.py:208} INFO - Processing /home/airflow/.local/lib/python3.12/site-packages/airflow/example_dags/example_params_trigger_ui.py took 0.111 seconds
[2024-09-12T14:18:47.053+0000] {processor.py:186} INFO - Started process (PID=143) to work on /home/airflow/.local/lib/python3.12/site-packages/airflow/example_dags/example_params_trigger_ui.py
[2024-09-12T14:18:47.054+0000] {processor.py:914} INFO - Processing file /home/airflow/.local/lib/python3.12/site-packages/airflow/example_dags/example_params_trigger_ui.py for tasks to queue
[2024-09-12T14:18:47.057+0000] {logging_mixin.py:190} INFO - [2024-09-12T14:18:47.057+0000] {dagbag.py:587} INFO - Filling up the DagBag from /home/airflow/.local/lib/python3.12/site-packages/airflow/example_dags/example_params_trigger_ui.py
[2024-09-12T14:18:47.073+0000] {processor.py:925} INFO - DAG(s) 'example_params_trigger_ui' retrieved from /home/airflow/.local/lib/python3.12/site-packages/airflow/example_dags/example_params_trigger_ui.py
[2024-09-12T14:18:47.146+0000] {logging_mixin.py:190} INFO - [2024-09-12T14:18:47.146+0000] {dag.py:3229} INFO - Sync 1 DAGs
[2024-09-12T14:18:47.171+0000] {logging_mixin.py:190} INFO - [2024-09-12T14:18:47.171+0000] {dag.py:4156} INFO - Setting next_dagrun for example_params_trigger_ui to None, run_after=None
[2024-09-12T14:18:47.216+0000] {processor.py:208} INFO - Processing /home/airflow/.local/lib/python3.12/site-packages/airflow/example_dags/example_params_trigger_ui.py took 0.173 seconds
