[2024-09-12T14:00:55.012+0000] {processor.py:186} INFO - Started process (PID=92) to work on /home/airflow/.local/lib/python3.12/site-packages/airflow/example_dags/example_python_operator.py
[2024-09-12T14:00:55.013+0000] {processor.py:914} INFO - Processing file /home/airflow/.local/lib/python3.12/site-packages/airflow/example_dags/example_python_operator.py for tasks to queue
[2024-09-12T14:00:55.016+0000] {logging_mixin.py:190} INFO - [2024-09-12T14:00:55.016+0000] {dagbag.py:587} INFO - Filling up the DagBag from /home/airflow/.local/lib/python3.12/site-packages/airflow/example_dags/example_python_operator.py
[2024-09-12T14:00:55.035+0000] {processor.py:925} INFO - DAG(s) 'example_python_operator' retrieved from /home/airflow/.local/lib/python3.12/site-packages/airflow/example_dags/example_python_operator.py
[2024-09-12T14:00:55.403+0000] {logging_mixin.py:190} INFO - [2024-09-12T14:00:55.402+0000] {override.py:1900} INFO - Created Permission View: can read on DAG:example_python_operator
[2024-09-12T14:00:55.416+0000] {logging_mixin.py:190} INFO - [2024-09-12T14:00:55.415+0000] {override.py:1900} INFO - Created Permission View: can delete on DAG:example_python_operator
[2024-09-12T14:00:55.423+0000] {logging_mixin.py:190} INFO - [2024-09-12T14:00:55.422+0000] {override.py:1900} INFO - Created Permission View: can edit on DAG:example_python_operator
[2024-09-12T14:00:55.486+0000] {logging_mixin.py:190} INFO - [2024-09-12T14:00:55.485+0000] {override.py:1900} INFO - Created Permission View: can read on DAG Run:example_python_operator
[2024-09-12T14:00:55.494+0000] {logging_mixin.py:190} INFO - [2024-09-12T14:00:55.493+0000] {override.py:1900} INFO - Created Permission View: can create on DAG Run:example_python_operator
[2024-09-12T14:00:55.502+0000] {logging_mixin.py:190} INFO - [2024-09-12T14:00:55.501+0000] {override.py:1900} INFO - Created Permission View: can delete on DAG Run:example_python_operator
[2024-09-12T14:00:55.509+0000] {logging_mixin.py:190} INFO - [2024-09-12T14:00:55.509+0000] {override.py:1900} INFO - Created Permission View: menu access on DAG Run:example_python_operator
[2024-09-12T14:00:55.509+0000] {logging_mixin.py:190} INFO - [2024-09-12T14:00:55.509+0000] {dag.py:3229} INFO - Sync 1 DAGs
[2024-09-12T14:00:55.527+0000] {logging_mixin.py:190} INFO - [2024-09-12T14:00:55.526+0000] {dag.py:3252} INFO - Creating ORM DAG for example_python_operator
[2024-09-12T14:00:55.527+0000] {logging_mixin.py:190} INFO - [2024-09-12T14:00:55.527+0000] {dag.py:4156} INFO - Setting next_dagrun for example_python_operator to None, run_after=None
[2024-09-12T14:00:55.593+0000] {processor.py:208} INFO - Processing /home/airflow/.local/lib/python3.12/site-packages/airflow/example_dags/example_python_operator.py took 0.588 seconds
[2024-09-12T14:01:26.254+0000] {processor.py:186} INFO - Started process (PID=154) to work on /home/airflow/.local/lib/python3.12/site-packages/airflow/example_dags/example_python_operator.py
[2024-09-12T14:01:26.256+0000] {processor.py:914} INFO - Processing file /home/airflow/.local/lib/python3.12/site-packages/airflow/example_dags/example_python_operator.py for tasks to queue
[2024-09-12T14:01:26.258+0000] {logging_mixin.py:190} INFO - [2024-09-12T14:01:26.258+0000] {dagbag.py:587} INFO - Filling up the DagBag from /home/airflow/.local/lib/python3.12/site-packages/airflow/example_dags/example_python_operator.py
[2024-09-12T14:01:26.272+0000] {processor.py:925} INFO - DAG(s) 'example_python_operator' retrieved from /home/airflow/.local/lib/python3.12/site-packages/airflow/example_dags/example_python_operator.py
[2024-09-12T14:01:26.302+0000] {logging_mixin.py:190} INFO - [2024-09-12T14:01:26.302+0000] {dag.py:3229} INFO - Sync 1 DAGs
[2024-09-12T14:01:26.322+0000] {logging_mixin.py:190} INFO - [2024-09-12T14:01:26.322+0000] {dag.py:4156} INFO - Setting next_dagrun for example_python_operator to None, run_after=None
[2024-09-12T14:01:26.346+0000] {processor.py:208} INFO - Processing /home/airflow/.local/lib/python3.12/site-packages/airflow/example_dags/example_python_operator.py took 0.099 seconds
[2024-09-12T14:01:56.441+0000] {processor.py:186} INFO - Started process (PID=216) to work on /home/airflow/.local/lib/python3.12/site-packages/airflow/example_dags/example_python_operator.py
[2024-09-12T14:01:56.442+0000] {processor.py:914} INFO - Processing file /home/airflow/.local/lib/python3.12/site-packages/airflow/example_dags/example_python_operator.py for tasks to queue
[2024-09-12T14:01:56.445+0000] {logging_mixin.py:190} INFO - [2024-09-12T14:01:56.445+0000] {dagbag.py:587} INFO - Filling up the DagBag from /home/airflow/.local/lib/python3.12/site-packages/airflow/example_dags/example_python_operator.py
[2024-09-12T14:01:56.460+0000] {processor.py:925} INFO - DAG(s) 'example_python_operator' retrieved from /home/airflow/.local/lib/python3.12/site-packages/airflow/example_dags/example_python_operator.py
[2024-09-12T14:01:56.488+0000] {logging_mixin.py:190} INFO - [2024-09-12T14:01:56.487+0000] {dag.py:3229} INFO - Sync 1 DAGs
[2024-09-12T14:01:56.504+0000] {logging_mixin.py:190} INFO - [2024-09-12T14:01:56.504+0000] {dag.py:4156} INFO - Setting next_dagrun for example_python_operator to None, run_after=None
[2024-09-12T14:01:56.523+0000] {processor.py:208} INFO - Processing /home/airflow/.local/lib/python3.12/site-packages/airflow/example_dags/example_python_operator.py took 0.088 seconds
[2024-09-12T14:02:26.905+0000] {processor.py:186} INFO - Started process (PID=278) to work on /home/airflow/.local/lib/python3.12/site-packages/airflow/example_dags/example_python_operator.py
[2024-09-12T14:02:26.907+0000] {processor.py:914} INFO - Processing file /home/airflow/.local/lib/python3.12/site-packages/airflow/example_dags/example_python_operator.py for tasks to queue
[2024-09-12T14:02:26.909+0000] {logging_mixin.py:190} INFO - [2024-09-12T14:02:26.909+0000] {dagbag.py:587} INFO - Filling up the DagBag from /home/airflow/.local/lib/python3.12/site-packages/airflow/example_dags/example_python_operator.py
[2024-09-12T14:02:26.922+0000] {processor.py:925} INFO - DAG(s) 'example_python_operator' retrieved from /home/airflow/.local/lib/python3.12/site-packages/airflow/example_dags/example_python_operator.py
[2024-09-12T14:02:26.950+0000] {logging_mixin.py:190} INFO - [2024-09-12T14:02:26.949+0000] {dag.py:3229} INFO - Sync 1 DAGs
[2024-09-12T14:02:26.966+0000] {logging_mixin.py:190} INFO - [2024-09-12T14:02:26.966+0000] {dag.py:4156} INFO - Setting next_dagrun for example_python_operator to None, run_after=None
[2024-09-12T14:02:26.983+0000] {processor.py:208} INFO - Processing /home/airflow/.local/lib/python3.12/site-packages/airflow/example_dags/example_python_operator.py took 0.084 seconds
[2024-09-12T14:02:58.014+0000] {processor.py:186} INFO - Started process (PID=340) to work on /home/airflow/.local/lib/python3.12/site-packages/airflow/example_dags/example_python_operator.py
[2024-09-12T14:02:58.015+0000] {processor.py:914} INFO - Processing file /home/airflow/.local/lib/python3.12/site-packages/airflow/example_dags/example_python_operator.py for tasks to queue
[2024-09-12T14:02:58.017+0000] {logging_mixin.py:190} INFO - [2024-09-12T14:02:58.017+0000] {dagbag.py:587} INFO - Filling up the DagBag from /home/airflow/.local/lib/python3.12/site-packages/airflow/example_dags/example_python_operator.py
[2024-09-12T14:02:58.089+0000] {processor.py:925} INFO - DAG(s) 'example_python_operator' retrieved from /home/airflow/.local/lib/python3.12/site-packages/airflow/example_dags/example_python_operator.py
[2024-09-12T14:02:58.113+0000] {logging_mixin.py:190} INFO - [2024-09-12T14:02:58.113+0000] {dag.py:3229} INFO - Sync 1 DAGs
[2024-09-12T14:02:58.182+0000] {logging_mixin.py:190} INFO - [2024-09-12T14:02:58.182+0000] {dag.py:4156} INFO - Setting next_dagrun for example_python_operator to None, run_after=None
[2024-09-12T14:02:58.211+0000] {processor.py:208} INFO - Processing /home/airflow/.local/lib/python3.12/site-packages/airflow/example_dags/example_python_operator.py took 0.205 seconds
[2024-09-12T14:03:28.724+0000] {processor.py:186} INFO - Started process (PID=402) to work on /home/airflow/.local/lib/python3.12/site-packages/airflow/example_dags/example_python_operator.py
[2024-09-12T14:03:28.726+0000] {processor.py:914} INFO - Processing file /home/airflow/.local/lib/python3.12/site-packages/airflow/example_dags/example_python_operator.py for tasks to queue
[2024-09-12T14:03:28.729+0000] {logging_mixin.py:190} INFO - [2024-09-12T14:03:28.729+0000] {dagbag.py:587} INFO - Filling up the DagBag from /home/airflow/.local/lib/python3.12/site-packages/airflow/example_dags/example_python_operator.py
[2024-09-12T14:03:28.743+0000] {processor.py:925} INFO - DAG(s) 'example_python_operator' retrieved from /home/airflow/.local/lib/python3.12/site-packages/airflow/example_dags/example_python_operator.py
[2024-09-12T14:03:28.770+0000] {logging_mixin.py:190} INFO - [2024-09-12T14:03:28.769+0000] {dag.py:3229} INFO - Sync 1 DAGs
[2024-09-12T14:03:28.787+0000] {logging_mixin.py:190} INFO - [2024-09-12T14:03:28.787+0000] {dag.py:4156} INFO - Setting next_dagrun for example_python_operator to None, run_after=None
[2024-09-12T14:03:28.809+0000] {processor.py:208} INFO - Processing /home/airflow/.local/lib/python3.12/site-packages/airflow/example_dags/example_python_operator.py took 0.091 seconds
[2024-09-12T14:03:59.206+0000] {processor.py:186} INFO - Started process (PID=464) to work on /home/airflow/.local/lib/python3.12/site-packages/airflow/example_dags/example_python_operator.py
[2024-09-12T14:03:59.207+0000] {processor.py:914} INFO - Processing file /home/airflow/.local/lib/python3.12/site-packages/airflow/example_dags/example_python_operator.py for tasks to queue
[2024-09-12T14:03:59.209+0000] {logging_mixin.py:190} INFO - [2024-09-12T14:03:59.209+0000] {dagbag.py:587} INFO - Filling up the DagBag from /home/airflow/.local/lib/python3.12/site-packages/airflow/example_dags/example_python_operator.py
[2024-09-12T14:03:59.221+0000] {processor.py:925} INFO - DAG(s) 'example_python_operator' retrieved from /home/airflow/.local/lib/python3.12/site-packages/airflow/example_dags/example_python_operator.py
[2024-09-12T14:03:59.244+0000] {logging_mixin.py:190} INFO - [2024-09-12T14:03:59.244+0000] {dag.py:3229} INFO - Sync 1 DAGs
[2024-09-12T14:03:59.258+0000] {logging_mixin.py:190} INFO - [2024-09-12T14:03:59.258+0000] {dag.py:4156} INFO - Setting next_dagrun for example_python_operator to None, run_after=None
[2024-09-12T14:03:59.276+0000] {processor.py:208} INFO - Processing /home/airflow/.local/lib/python3.12/site-packages/airflow/example_dags/example_python_operator.py took 0.077 seconds
[2024-09-12T14:04:29.696+0000] {processor.py:186} INFO - Started process (PID=526) to work on /home/airflow/.local/lib/python3.12/site-packages/airflow/example_dags/example_python_operator.py
[2024-09-12T14:04:29.698+0000] {processor.py:914} INFO - Processing file /home/airflow/.local/lib/python3.12/site-packages/airflow/example_dags/example_python_operator.py for tasks to queue
[2024-09-12T14:04:29.700+0000] {logging_mixin.py:190} INFO - [2024-09-12T14:04:29.700+0000] {dagbag.py:587} INFO - Filling up the DagBag from /home/airflow/.local/lib/python3.12/site-packages/airflow/example_dags/example_python_operator.py
[2024-09-12T14:04:29.714+0000] {processor.py:925} INFO - DAG(s) 'example_python_operator' retrieved from /home/airflow/.local/lib/python3.12/site-packages/airflow/example_dags/example_python_operator.py
[2024-09-12T14:04:29.739+0000] {logging_mixin.py:190} INFO - [2024-09-12T14:04:29.739+0000] {dag.py:3229} INFO - Sync 1 DAGs
[2024-09-12T14:04:29.760+0000] {logging_mixin.py:190} INFO - [2024-09-12T14:04:29.759+0000] {dag.py:4156} INFO - Setting next_dagrun for example_python_operator to None, run_after=None
[2024-09-12T14:04:29.779+0000] {processor.py:208} INFO - Processing /home/airflow/.local/lib/python3.12/site-packages/airflow/example_dags/example_python_operator.py took 0.090 seconds
[2024-09-12T14:05:00.467+0000] {processor.py:186} INFO - Started process (PID=588) to work on /home/airflow/.local/lib/python3.12/site-packages/airflow/example_dags/example_python_operator.py
[2024-09-12T14:05:00.468+0000] {processor.py:914} INFO - Processing file /home/airflow/.local/lib/python3.12/site-packages/airflow/example_dags/example_python_operator.py for tasks to queue
[2024-09-12T14:05:00.470+0000] {logging_mixin.py:190} INFO - [2024-09-12T14:05:00.470+0000] {dagbag.py:587} INFO - Filling up the DagBag from /home/airflow/.local/lib/python3.12/site-packages/airflow/example_dags/example_python_operator.py
[2024-09-12T14:05:00.483+0000] {processor.py:925} INFO - DAG(s) 'example_python_operator' retrieved from /home/airflow/.local/lib/python3.12/site-packages/airflow/example_dags/example_python_operator.py
[2024-09-12T14:05:00.512+0000] {logging_mixin.py:190} INFO - [2024-09-12T14:05:00.512+0000] {dag.py:3229} INFO - Sync 1 DAGs
[2024-09-12T14:05:00.527+0000] {logging_mixin.py:190} INFO - [2024-09-12T14:05:00.527+0000] {dag.py:4156} INFO - Setting next_dagrun for example_python_operator to None, run_after=None
[2024-09-12T14:05:00.543+0000] {processor.py:208} INFO - Processing /home/airflow/.local/lib/python3.12/site-packages/airflow/example_dags/example_python_operator.py took 0.082 seconds
[2024-09-12T14:05:31.210+0000] {processor.py:186} INFO - Started process (PID=650) to work on /home/airflow/.local/lib/python3.12/site-packages/airflow/example_dags/example_python_operator.py
[2024-09-12T14:05:31.211+0000] {processor.py:914} INFO - Processing file /home/airflow/.local/lib/python3.12/site-packages/airflow/example_dags/example_python_operator.py for tasks to queue
[2024-09-12T14:05:31.213+0000] {logging_mixin.py:190} INFO - [2024-09-12T14:05:31.213+0000] {dagbag.py:587} INFO - Filling up the DagBag from /home/airflow/.local/lib/python3.12/site-packages/airflow/example_dags/example_python_operator.py
[2024-09-12T14:05:31.226+0000] {processor.py:925} INFO - DAG(s) 'example_python_operator' retrieved from /home/airflow/.local/lib/python3.12/site-packages/airflow/example_dags/example_python_operator.py
[2024-09-12T14:05:31.253+0000] {logging_mixin.py:190} INFO - [2024-09-12T14:05:31.253+0000] {dag.py:3229} INFO - Sync 1 DAGs
[2024-09-12T14:05:31.289+0000] {logging_mixin.py:190} INFO - [2024-09-12T14:05:31.289+0000] {dag.py:4156} INFO - Setting next_dagrun for example_python_operator to None, run_after=None
[2024-09-12T14:05:31.309+0000] {processor.py:208} INFO - Processing /home/airflow/.local/lib/python3.12/site-packages/airflow/example_dags/example_python_operator.py took 0.106 seconds
[2024-09-12T14:06:01.540+0000] {processor.py:186} INFO - Started process (PID=712) to work on /home/airflow/.local/lib/python3.12/site-packages/airflow/example_dags/example_python_operator.py
[2024-09-12T14:06:01.541+0000] {processor.py:914} INFO - Processing file /home/airflow/.local/lib/python3.12/site-packages/airflow/example_dags/example_python_operator.py for tasks to queue
[2024-09-12T14:06:01.544+0000] {logging_mixin.py:190} INFO - [2024-09-12T14:06:01.543+0000] {dagbag.py:587} INFO - Filling up the DagBag from /home/airflow/.local/lib/python3.12/site-packages/airflow/example_dags/example_python_operator.py
[2024-09-12T14:06:01.557+0000] {processor.py:925} INFO - DAG(s) 'example_python_operator' retrieved from /home/airflow/.local/lib/python3.12/site-packages/airflow/example_dags/example_python_operator.py
[2024-09-12T14:06:01.584+0000] {logging_mixin.py:190} INFO - [2024-09-12T14:06:01.584+0000] {dag.py:3229} INFO - Sync 1 DAGs
[2024-09-12T14:06:01.601+0000] {logging_mixin.py:190} INFO - [2024-09-12T14:06:01.600+0000] {dag.py:4156} INFO - Setting next_dagrun for example_python_operator to None, run_after=None
[2024-09-12T14:06:01.621+0000] {processor.py:208} INFO - Processing /home/airflow/.local/lib/python3.12/site-packages/airflow/example_dags/example_python_operator.py took 0.087 seconds
[2024-09-12T14:06:32.127+0000] {processor.py:186} INFO - Started process (PID=774) to work on /home/airflow/.local/lib/python3.12/site-packages/airflow/example_dags/example_python_operator.py
[2024-09-12T14:06:32.128+0000] {processor.py:914} INFO - Processing file /home/airflow/.local/lib/python3.12/site-packages/airflow/example_dags/example_python_operator.py for tasks to queue
[2024-09-12T14:06:32.131+0000] {logging_mixin.py:190} INFO - [2024-09-12T14:06:32.131+0000] {dagbag.py:587} INFO - Filling up the DagBag from /home/airflow/.local/lib/python3.12/site-packages/airflow/example_dags/example_python_operator.py
[2024-09-12T14:06:32.144+0000] {processor.py:925} INFO - DAG(s) 'example_python_operator' retrieved from /home/airflow/.local/lib/python3.12/site-packages/airflow/example_dags/example_python_operator.py
[2024-09-12T14:06:32.171+0000] {logging_mixin.py:190} INFO - [2024-09-12T14:06:32.170+0000] {dag.py:3229} INFO - Sync 1 DAGs
[2024-09-12T14:06:32.188+0000] {logging_mixin.py:190} INFO - [2024-09-12T14:06:32.187+0000] {dag.py:4156} INFO - Setting next_dagrun for example_python_operator to None, run_after=None
[2024-09-12T14:06:32.211+0000] {processor.py:208} INFO - Processing /home/airflow/.local/lib/python3.12/site-packages/airflow/example_dags/example_python_operator.py took 0.090 seconds
[2024-09-12T14:07:02.457+0000] {processor.py:186} INFO - Started process (PID=836) to work on /home/airflow/.local/lib/python3.12/site-packages/airflow/example_dags/example_python_operator.py
[2024-09-12T14:07:02.458+0000] {processor.py:914} INFO - Processing file /home/airflow/.local/lib/python3.12/site-packages/airflow/example_dags/example_python_operator.py for tasks to queue
[2024-09-12T14:07:02.461+0000] {logging_mixin.py:190} INFO - [2024-09-12T14:07:02.460+0000] {dagbag.py:587} INFO - Filling up the DagBag from /home/airflow/.local/lib/python3.12/site-packages/airflow/example_dags/example_python_operator.py
[2024-09-12T14:07:02.473+0000] {processor.py:925} INFO - DAG(s) 'example_python_operator' retrieved from /home/airflow/.local/lib/python3.12/site-packages/airflow/example_dags/example_python_operator.py
[2024-09-12T14:07:02.496+0000] {logging_mixin.py:190} INFO - [2024-09-12T14:07:02.496+0000] {dag.py:3229} INFO - Sync 1 DAGs
[2024-09-12T14:07:02.510+0000] {logging_mixin.py:190} INFO - [2024-09-12T14:07:02.509+0000] {dag.py:4156} INFO - Setting next_dagrun for example_python_operator to None, run_after=None
[2024-09-12T14:07:02.526+0000] {processor.py:208} INFO - Processing /home/airflow/.local/lib/python3.12/site-packages/airflow/example_dags/example_python_operator.py took 0.075 seconds
[2024-09-12T14:07:32.969+0000] {processor.py:186} INFO - Started process (PID=898) to work on /home/airflow/.local/lib/python3.12/site-packages/airflow/example_dags/example_python_operator.py
[2024-09-12T14:07:32.970+0000] {processor.py:914} INFO - Processing file /home/airflow/.local/lib/python3.12/site-packages/airflow/example_dags/example_python_operator.py for tasks to queue
[2024-09-12T14:07:32.973+0000] {logging_mixin.py:190} INFO - [2024-09-12T14:07:32.972+0000] {dagbag.py:587} INFO - Filling up the DagBag from /home/airflow/.local/lib/python3.12/site-packages/airflow/example_dags/example_python_operator.py
[2024-09-12T14:07:32.986+0000] {processor.py:925} INFO - DAG(s) 'example_python_operator' retrieved from /home/airflow/.local/lib/python3.12/site-packages/airflow/example_dags/example_python_operator.py
[2024-09-12T14:07:33.010+0000] {logging_mixin.py:190} INFO - [2024-09-12T14:07:33.010+0000] {dag.py:3229} INFO - Sync 1 DAGs
[2024-09-12T14:07:33.026+0000] {logging_mixin.py:190} INFO - [2024-09-12T14:07:33.026+0000] {dag.py:4156} INFO - Setting next_dagrun for example_python_operator to None, run_after=None
[2024-09-12T14:07:33.046+0000] {processor.py:208} INFO - Processing /home/airflow/.local/lib/python3.12/site-packages/airflow/example_dags/example_python_operator.py took 0.084 seconds
[2024-09-12T14:08:03.888+0000] {processor.py:186} INFO - Started process (PID=966) to work on /home/airflow/.local/lib/python3.12/site-packages/airflow/example_dags/example_python_operator.py
[2024-09-12T14:08:03.889+0000] {processor.py:914} INFO - Processing file /home/airflow/.local/lib/python3.12/site-packages/airflow/example_dags/example_python_operator.py for tasks to queue
[2024-09-12T14:08:03.892+0000] {logging_mixin.py:190} INFO - [2024-09-12T14:08:03.891+0000] {dagbag.py:587} INFO - Filling up the DagBag from /home/airflow/.local/lib/python3.12/site-packages/airflow/example_dags/example_python_operator.py
[2024-09-12T14:08:03.905+0000] {processor.py:925} INFO - DAG(s) 'example_python_operator' retrieved from /home/airflow/.local/lib/python3.12/site-packages/airflow/example_dags/example_python_operator.py
[2024-09-12T14:08:03.984+0000] {logging_mixin.py:190} INFO - [2024-09-12T14:08:03.984+0000] {dag.py:3229} INFO - Sync 1 DAGs
[2024-09-12T14:08:04.001+0000] {logging_mixin.py:190} INFO - [2024-09-12T14:08:04.000+0000] {dag.py:4156} INFO - Setting next_dagrun for example_python_operator to None, run_after=None
[2024-09-12T14:08:04.020+0000] {processor.py:208} INFO - Processing /home/airflow/.local/lib/python3.12/site-packages/airflow/example_dags/example_python_operator.py took 0.139 seconds
[2024-09-12T14:08:34.338+0000] {processor.py:186} INFO - Started process (PID=1027) to work on /home/airflow/.local/lib/python3.12/site-packages/airflow/example_dags/example_python_operator.py
[2024-09-12T14:08:34.340+0000] {processor.py:914} INFO - Processing file /home/airflow/.local/lib/python3.12/site-packages/airflow/example_dags/example_python_operator.py for tasks to queue
[2024-09-12T14:08:34.342+0000] {logging_mixin.py:190} INFO - [2024-09-12T14:08:34.341+0000] {dagbag.py:587} INFO - Filling up the DagBag from /home/airflow/.local/lib/python3.12/site-packages/airflow/example_dags/example_python_operator.py
[2024-09-12T14:08:34.354+0000] {processor.py:925} INFO - DAG(s) 'example_python_operator' retrieved from /home/airflow/.local/lib/python3.12/site-packages/airflow/example_dags/example_python_operator.py
[2024-09-12T14:08:34.377+0000] {logging_mixin.py:190} INFO - [2024-09-12T14:08:34.376+0000] {dag.py:3229} INFO - Sync 1 DAGs
[2024-09-12T14:08:34.391+0000] {logging_mixin.py:190} INFO - [2024-09-12T14:08:34.391+0000] {dag.py:4156} INFO - Setting next_dagrun for example_python_operator to None, run_after=None
[2024-09-12T14:08:34.408+0000] {processor.py:208} INFO - Processing /home/airflow/.local/lib/python3.12/site-packages/airflow/example_dags/example_python_operator.py took 0.076 seconds
[2024-09-12T14:09:05.308+0000] {processor.py:186} INFO - Started process (PID=1089) to work on /home/airflow/.local/lib/python3.12/site-packages/airflow/example_dags/example_python_operator.py
[2024-09-12T14:09:05.309+0000] {processor.py:914} INFO - Processing file /home/airflow/.local/lib/python3.12/site-packages/airflow/example_dags/example_python_operator.py for tasks to queue
[2024-09-12T14:09:05.312+0000] {logging_mixin.py:190} INFO - [2024-09-12T14:09:05.311+0000] {dagbag.py:587} INFO - Filling up the DagBag from /home/airflow/.local/lib/python3.12/site-packages/airflow/example_dags/example_python_operator.py
[2024-09-12T14:09:05.325+0000] {processor.py:925} INFO - DAG(s) 'example_python_operator' retrieved from /home/airflow/.local/lib/python3.12/site-packages/airflow/example_dags/example_python_operator.py
[2024-09-12T14:09:05.347+0000] {logging_mixin.py:190} INFO - [2024-09-12T14:09:05.347+0000] {dag.py:3229} INFO - Sync 1 DAGs
[2024-09-12T14:09:05.362+0000] {logging_mixin.py:190} INFO - [2024-09-12T14:09:05.362+0000] {dag.py:4156} INFO - Setting next_dagrun for example_python_operator to None, run_after=None
[2024-09-12T14:09:05.379+0000] {processor.py:208} INFO - Processing /home/airflow/.local/lib/python3.12/site-packages/airflow/example_dags/example_python_operator.py took 0.076 seconds
[2024-09-12T14:09:35.758+0000] {processor.py:186} INFO - Started process (PID=1151) to work on /home/airflow/.local/lib/python3.12/site-packages/airflow/example_dags/example_python_operator.py
[2024-09-12T14:09:35.760+0000] {processor.py:914} INFO - Processing file /home/airflow/.local/lib/python3.12/site-packages/airflow/example_dags/example_python_operator.py for tasks to queue
[2024-09-12T14:09:35.762+0000] {logging_mixin.py:190} INFO - [2024-09-12T14:09:35.762+0000] {dagbag.py:587} INFO - Filling up the DagBag from /home/airflow/.local/lib/python3.12/site-packages/airflow/example_dags/example_python_operator.py
[2024-09-12T14:09:35.777+0000] {processor.py:925} INFO - DAG(s) 'example_python_operator' retrieved from /home/airflow/.local/lib/python3.12/site-packages/airflow/example_dags/example_python_operator.py
[2024-09-12T14:09:35.802+0000] {logging_mixin.py:190} INFO - [2024-09-12T14:09:35.802+0000] {dag.py:3229} INFO - Sync 1 DAGs
[2024-09-12T14:09:35.819+0000] {logging_mixin.py:190} INFO - [2024-09-12T14:09:35.818+0000] {dag.py:4156} INFO - Setting next_dagrun for example_python_operator to None, run_after=None
[2024-09-12T14:09:35.838+0000] {processor.py:208} INFO - Processing /home/airflow/.local/lib/python3.12/site-packages/airflow/example_dags/example_python_operator.py took 0.087 seconds
[2024-09-12T14:10:06.452+0000] {processor.py:186} INFO - Started process (PID=1213) to work on /home/airflow/.local/lib/python3.12/site-packages/airflow/example_dags/example_python_operator.py
[2024-09-12T14:10:06.453+0000] {processor.py:914} INFO - Processing file /home/airflow/.local/lib/python3.12/site-packages/airflow/example_dags/example_python_operator.py for tasks to queue
[2024-09-12T14:10:06.455+0000] {logging_mixin.py:190} INFO - [2024-09-12T14:10:06.455+0000] {dagbag.py:587} INFO - Filling up the DagBag from /home/airflow/.local/lib/python3.12/site-packages/airflow/example_dags/example_python_operator.py
[2024-09-12T14:10:06.468+0000] {processor.py:925} INFO - DAG(s) 'example_python_operator' retrieved from /home/airflow/.local/lib/python3.12/site-packages/airflow/example_dags/example_python_operator.py
[2024-09-12T14:10:06.490+0000] {logging_mixin.py:190} INFO - [2024-09-12T14:10:06.490+0000] {dag.py:3229} INFO - Sync 1 DAGs
[2024-09-12T14:10:06.505+0000] {logging_mixin.py:190} INFO - [2024-09-12T14:10:06.505+0000] {dag.py:4156} INFO - Setting next_dagrun for example_python_operator to None, run_after=None
[2024-09-12T14:10:06.522+0000] {processor.py:208} INFO - Processing /home/airflow/.local/lib/python3.12/site-packages/airflow/example_dags/example_python_operator.py took 0.076 seconds
[2024-09-12T14:10:36.635+0000] {processor.py:186} INFO - Started process (PID=1275) to work on /home/airflow/.local/lib/python3.12/site-packages/airflow/example_dags/example_python_operator.py
[2024-09-12T14:10:36.636+0000] {processor.py:914} INFO - Processing file /home/airflow/.local/lib/python3.12/site-packages/airflow/example_dags/example_python_operator.py for tasks to queue
[2024-09-12T14:10:36.639+0000] {logging_mixin.py:190} INFO - [2024-09-12T14:10:36.638+0000] {dagbag.py:587} INFO - Filling up the DagBag from /home/airflow/.local/lib/python3.12/site-packages/airflow/example_dags/example_python_operator.py
[2024-09-12T14:10:36.651+0000] {processor.py:925} INFO - DAG(s) 'example_python_operator' retrieved from /home/airflow/.local/lib/python3.12/site-packages/airflow/example_dags/example_python_operator.py
[2024-09-12T14:10:36.676+0000] {logging_mixin.py:190} INFO - [2024-09-12T14:10:36.675+0000] {dag.py:3229} INFO - Sync 1 DAGs
[2024-09-12T14:10:36.691+0000] {logging_mixin.py:190} INFO - [2024-09-12T14:10:36.691+0000] {dag.py:4156} INFO - Setting next_dagrun for example_python_operator to None, run_after=None
[2024-09-12T14:10:36.707+0000] {processor.py:208} INFO - Processing /home/airflow/.local/lib/python3.12/site-packages/airflow/example_dags/example_python_operator.py took 0.078 seconds
[2024-09-12T14:11:07.119+0000] {processor.py:186} INFO - Started process (PID=1337) to work on /home/airflow/.local/lib/python3.12/site-packages/airflow/example_dags/example_python_operator.py
[2024-09-12T14:11:07.120+0000] {processor.py:914} INFO - Processing file /home/airflow/.local/lib/python3.12/site-packages/airflow/example_dags/example_python_operator.py for tasks to queue
[2024-09-12T14:11:07.122+0000] {logging_mixin.py:190} INFO - [2024-09-12T14:11:07.122+0000] {dagbag.py:587} INFO - Filling up the DagBag from /home/airflow/.local/lib/python3.12/site-packages/airflow/example_dags/example_python_operator.py
[2024-09-12T14:11:07.136+0000] {processor.py:925} INFO - DAG(s) 'example_python_operator' retrieved from /home/airflow/.local/lib/python3.12/site-packages/airflow/example_dags/example_python_operator.py
[2024-09-12T14:11:07.162+0000] {logging_mixin.py:190} INFO - [2024-09-12T14:11:07.162+0000] {dag.py:3229} INFO - Sync 1 DAGs
[2024-09-12T14:11:07.178+0000] {logging_mixin.py:190} INFO - [2024-09-12T14:11:07.178+0000] {dag.py:4156} INFO - Setting next_dagrun for example_python_operator to None, run_after=None
[2024-09-12T14:11:07.195+0000] {processor.py:208} INFO - Processing /home/airflow/.local/lib/python3.12/site-packages/airflow/example_dags/example_python_operator.py took 0.084 seconds
[2024-09-12T14:11:37.790+0000] {processor.py:186} INFO - Started process (PID=1399) to work on /home/airflow/.local/lib/python3.12/site-packages/airflow/example_dags/example_python_operator.py
[2024-09-12T14:11:37.791+0000] {processor.py:914} INFO - Processing file /home/airflow/.local/lib/python3.12/site-packages/airflow/example_dags/example_python_operator.py for tasks to queue
[2024-09-12T14:11:37.793+0000] {logging_mixin.py:190} INFO - [2024-09-12T14:11:37.793+0000] {dagbag.py:587} INFO - Filling up the DagBag from /home/airflow/.local/lib/python3.12/site-packages/airflow/example_dags/example_python_operator.py
[2024-09-12T14:11:37.807+0000] {processor.py:925} INFO - DAG(s) 'example_python_operator' retrieved from /home/airflow/.local/lib/python3.12/site-packages/airflow/example_dags/example_python_operator.py
[2024-09-12T14:11:37.834+0000] {logging_mixin.py:190} INFO - [2024-09-12T14:11:37.834+0000] {dag.py:3229} INFO - Sync 1 DAGs
[2024-09-12T14:11:37.851+0000] {logging_mixin.py:190} INFO - [2024-09-12T14:11:37.851+0000] {dag.py:4156} INFO - Setting next_dagrun for example_python_operator to None, run_after=None
[2024-09-12T14:11:37.872+0000] {processor.py:208} INFO - Processing /home/airflow/.local/lib/python3.12/site-packages/airflow/example_dags/example_python_operator.py took 0.090 seconds
[2024-09-12T14:12:07.995+0000] {processor.py:186} INFO - Started process (PID=1461) to work on /home/airflow/.local/lib/python3.12/site-packages/airflow/example_dags/example_python_operator.py
[2024-09-12T14:12:07.996+0000] {processor.py:914} INFO - Processing file /home/airflow/.local/lib/python3.12/site-packages/airflow/example_dags/example_python_operator.py for tasks to queue
[2024-09-12T14:12:07.999+0000] {logging_mixin.py:190} INFO - [2024-09-12T14:12:07.999+0000] {dagbag.py:587} INFO - Filling up the DagBag from /home/airflow/.local/lib/python3.12/site-packages/airflow/example_dags/example_python_operator.py
[2024-09-12T14:12:08.013+0000] {processor.py:925} INFO - DAG(s) 'example_python_operator' retrieved from /home/airflow/.local/lib/python3.12/site-packages/airflow/example_dags/example_python_operator.py
[2024-09-12T14:12:08.082+0000] {logging_mixin.py:190} INFO - [2024-09-12T14:12:08.082+0000] {dag.py:3229} INFO - Sync 1 DAGs
[2024-09-12T14:12:08.102+0000] {logging_mixin.py:190} INFO - [2024-09-12T14:12:08.101+0000] {dag.py:4156} INFO - Setting next_dagrun for example_python_operator to None, run_after=None
[2024-09-12T14:12:08.124+0000] {processor.py:208} INFO - Processing /home/airflow/.local/lib/python3.12/site-packages/airflow/example_dags/example_python_operator.py took 0.136 seconds
[2024-09-12T14:12:38.923+0000] {processor.py:186} INFO - Started process (PID=1523) to work on /home/airflow/.local/lib/python3.12/site-packages/airflow/example_dags/example_python_operator.py
[2024-09-12T14:12:38.925+0000] {processor.py:914} INFO - Processing file /home/airflow/.local/lib/python3.12/site-packages/airflow/example_dags/example_python_operator.py for tasks to queue
[2024-09-12T14:12:38.927+0000] {logging_mixin.py:190} INFO - [2024-09-12T14:12:38.927+0000] {dagbag.py:587} INFO - Filling up the DagBag from /home/airflow/.local/lib/python3.12/site-packages/airflow/example_dags/example_python_operator.py
[2024-09-12T14:12:38.941+0000] {processor.py:925} INFO - DAG(s) 'example_python_operator' retrieved from /home/airflow/.local/lib/python3.12/site-packages/airflow/example_dags/example_python_operator.py
[2024-09-12T14:12:38.998+0000] {logging_mixin.py:190} INFO - [2024-09-12T14:12:38.998+0000] {dag.py:3229} INFO - Sync 1 DAGs
[2024-09-12T14:12:39.014+0000] {logging_mixin.py:190} INFO - [2024-09-12T14:12:39.014+0000] {dag.py:4156} INFO - Setting next_dagrun for example_python_operator to None, run_after=None
[2024-09-12T14:12:39.033+0000] {processor.py:208} INFO - Processing /home/airflow/.local/lib/python3.12/site-packages/airflow/example_dags/example_python_operator.py took 0.116 seconds
[2024-09-12T14:13:09.123+0000] {processor.py:186} INFO - Started process (PID=1585) to work on /home/airflow/.local/lib/python3.12/site-packages/airflow/example_dags/example_python_operator.py
[2024-09-12T14:13:09.124+0000] {processor.py:914} INFO - Processing file /home/airflow/.local/lib/python3.12/site-packages/airflow/example_dags/example_python_operator.py for tasks to queue
[2024-09-12T14:13:09.127+0000] {logging_mixin.py:190} INFO - [2024-09-12T14:13:09.126+0000] {dagbag.py:587} INFO - Filling up the DagBag from /home/airflow/.local/lib/python3.12/site-packages/airflow/example_dags/example_python_operator.py
[2024-09-12T14:13:09.141+0000] {processor.py:925} INFO - DAG(s) 'example_python_operator' retrieved from /home/airflow/.local/lib/python3.12/site-packages/airflow/example_dags/example_python_operator.py
[2024-09-12T14:13:09.165+0000] {logging_mixin.py:190} INFO - [2024-09-12T14:13:09.165+0000] {dag.py:3229} INFO - Sync 1 DAGs
[2024-09-12T14:13:09.187+0000] {logging_mixin.py:190} INFO - [2024-09-12T14:13:09.186+0000] {dag.py:4156} INFO - Setting next_dagrun for example_python_operator to None, run_after=None
[2024-09-12T14:13:09.205+0000] {processor.py:208} INFO - Processing /home/airflow/.local/lib/python3.12/site-packages/airflow/example_dags/example_python_operator.py took 0.088 seconds
[2024-09-12T14:13:39.715+0000] {processor.py:186} INFO - Started process (PID=1647) to work on /home/airflow/.local/lib/python3.12/site-packages/airflow/example_dags/example_python_operator.py
[2024-09-12T14:13:39.717+0000] {processor.py:914} INFO - Processing file /home/airflow/.local/lib/python3.12/site-packages/airflow/example_dags/example_python_operator.py for tasks to queue
[2024-09-12T14:13:39.719+0000] {logging_mixin.py:190} INFO - [2024-09-12T14:13:39.719+0000] {dagbag.py:587} INFO - Filling up the DagBag from /home/airflow/.local/lib/python3.12/site-packages/airflow/example_dags/example_python_operator.py
[2024-09-12T14:13:39.734+0000] {processor.py:925} INFO - DAG(s) 'example_python_operator' retrieved from /home/airflow/.local/lib/python3.12/site-packages/airflow/example_dags/example_python_operator.py
[2024-09-12T14:13:39.764+0000] {logging_mixin.py:190} INFO - [2024-09-12T14:13:39.763+0000] {dag.py:3229} INFO - Sync 1 DAGs
[2024-09-12T14:13:39.781+0000] {logging_mixin.py:190} INFO - [2024-09-12T14:13:39.780+0000] {dag.py:4156} INFO - Setting next_dagrun for example_python_operator to None, run_after=None
[2024-09-12T14:13:39.813+0000] {processor.py:208} INFO - Processing /home/airflow/.local/lib/python3.12/site-packages/airflow/example_dags/example_python_operator.py took 0.106 seconds
[2024-09-12T14:14:10.234+0000] {processor.py:186} INFO - Started process (PID=1709) to work on /home/airflow/.local/lib/python3.12/site-packages/airflow/example_dags/example_python_operator.py
[2024-09-12T14:14:10.235+0000] {processor.py:914} INFO - Processing file /home/airflow/.local/lib/python3.12/site-packages/airflow/example_dags/example_python_operator.py for tasks to queue
[2024-09-12T14:14:10.237+0000] {logging_mixin.py:190} INFO - [2024-09-12T14:14:10.237+0000] {dagbag.py:587} INFO - Filling up the DagBag from /home/airflow/.local/lib/python3.12/site-packages/airflow/example_dags/example_python_operator.py
[2024-09-12T14:14:10.250+0000] {processor.py:925} INFO - DAG(s) 'example_python_operator' retrieved from /home/airflow/.local/lib/python3.12/site-packages/airflow/example_dags/example_python_operator.py
[2024-09-12T14:14:10.275+0000] {logging_mixin.py:190} INFO - [2024-09-12T14:14:10.275+0000] {dag.py:3229} INFO - Sync 1 DAGs
[2024-09-12T14:14:10.289+0000] {logging_mixin.py:190} INFO - [2024-09-12T14:14:10.289+0000] {dag.py:4156} INFO - Setting next_dagrun for example_python_operator to None, run_after=None
[2024-09-12T14:14:10.305+0000] {processor.py:208} INFO - Processing /home/airflow/.local/lib/python3.12/site-packages/airflow/example_dags/example_python_operator.py took 0.078 seconds
[2024-09-12T14:14:40.869+0000] {processor.py:186} INFO - Started process (PID=1771) to work on /home/airflow/.local/lib/python3.12/site-packages/airflow/example_dags/example_python_operator.py
[2024-09-12T14:14:40.870+0000] {processor.py:914} INFO - Processing file /home/airflow/.local/lib/python3.12/site-packages/airflow/example_dags/example_python_operator.py for tasks to queue
[2024-09-12T14:14:40.873+0000] {logging_mixin.py:190} INFO - [2024-09-12T14:14:40.872+0000] {dagbag.py:587} INFO - Filling up the DagBag from /home/airflow/.local/lib/python3.12/site-packages/airflow/example_dags/example_python_operator.py
[2024-09-12T14:14:40.887+0000] {processor.py:925} INFO - DAG(s) 'example_python_operator' retrieved from /home/airflow/.local/lib/python3.12/site-packages/airflow/example_dags/example_python_operator.py
[2024-09-12T14:14:40.912+0000] {logging_mixin.py:190} INFO - [2024-09-12T14:14:40.911+0000] {dag.py:3229} INFO - Sync 1 DAGs
[2024-09-12T14:14:40.929+0000] {logging_mixin.py:190} INFO - [2024-09-12T14:14:40.928+0000] {dag.py:4156} INFO - Setting next_dagrun for example_python_operator to None, run_after=None
[2024-09-12T14:14:40.950+0000] {processor.py:208} INFO - Processing /home/airflow/.local/lib/python3.12/site-packages/airflow/example_dags/example_python_operator.py took 0.088 seconds
[2024-09-12T14:15:11.228+0000] {processor.py:186} INFO - Started process (PID=1833) to work on /home/airflow/.local/lib/python3.12/site-packages/airflow/example_dags/example_python_operator.py
[2024-09-12T14:15:11.229+0000] {processor.py:914} INFO - Processing file /home/airflow/.local/lib/python3.12/site-packages/airflow/example_dags/example_python_operator.py for tasks to queue
[2024-09-12T14:15:11.232+0000] {logging_mixin.py:190} INFO - [2024-09-12T14:15:11.231+0000] {dagbag.py:587} INFO - Filling up the DagBag from /home/airflow/.local/lib/python3.12/site-packages/airflow/example_dags/example_python_operator.py
[2024-09-12T14:15:11.245+0000] {processor.py:925} INFO - DAG(s) 'example_python_operator' retrieved from /home/airflow/.local/lib/python3.12/site-packages/airflow/example_dags/example_python_operator.py
[2024-09-12T14:15:11.273+0000] {logging_mixin.py:190} INFO - [2024-09-12T14:15:11.273+0000] {dag.py:3229} INFO - Sync 1 DAGs
[2024-09-12T14:15:11.288+0000] {logging_mixin.py:190} INFO - [2024-09-12T14:15:11.288+0000] {dag.py:4156} INFO - Setting next_dagrun for example_python_operator to None, run_after=None
[2024-09-12T14:15:11.307+0000] {processor.py:208} INFO - Processing /home/airflow/.local/lib/python3.12/site-packages/airflow/example_dags/example_python_operator.py took 0.085 seconds
[2024-09-12T14:18:15.666+0000] {processor.py:186} INFO - Started process (PID=85) to work on /home/airflow/.local/lib/python3.12/site-packages/airflow/example_dags/example_python_operator.py
[2024-09-12T14:18:15.667+0000] {processor.py:914} INFO - Processing file /home/airflow/.local/lib/python3.12/site-packages/airflow/example_dags/example_python_operator.py for tasks to queue
[2024-09-12T14:18:15.669+0000] {logging_mixin.py:190} INFO - [2024-09-12T14:18:15.669+0000] {dagbag.py:587} INFO - Filling up the DagBag from /home/airflow/.local/lib/python3.12/site-packages/airflow/example_dags/example_python_operator.py
[2024-09-12T14:18:15.686+0000] {processor.py:925} INFO - DAG(s) 'example_python_operator' retrieved from /home/airflow/.local/lib/python3.12/site-packages/airflow/example_dags/example_python_operator.py
[2024-09-12T14:18:15.816+0000] {logging_mixin.py:190} INFO - [2024-09-12T14:18:15.815+0000] {dag.py:3229} INFO - Sync 1 DAGs
[2024-09-12T14:18:15.830+0000] {logging_mixin.py:190} INFO - [2024-09-12T14:18:15.830+0000] {dag.py:4156} INFO - Setting next_dagrun for example_python_operator to None, run_after=None
[2024-09-12T14:18:15.850+0000] {processor.py:208} INFO - Processing /home/airflow/.local/lib/python3.12/site-packages/airflow/example_dags/example_python_operator.py took 0.191 seconds
[2024-09-12T14:18:47.747+0000] {processor.py:186} INFO - Started process (PID=147) to work on /home/airflow/.local/lib/python3.12/site-packages/airflow/example_dags/example_python_operator.py
[2024-09-12T14:18:47.748+0000] {processor.py:914} INFO - Processing file /home/airflow/.local/lib/python3.12/site-packages/airflow/example_dags/example_python_operator.py for tasks to queue
[2024-09-12T14:18:47.750+0000] {logging_mixin.py:190} INFO - [2024-09-12T14:18:47.750+0000] {dagbag.py:587} INFO - Filling up the DagBag from /home/airflow/.local/lib/python3.12/site-packages/airflow/example_dags/example_python_operator.py
[2024-09-12T14:18:47.764+0000] {processor.py:925} INFO - DAG(s) 'example_python_operator' retrieved from /home/airflow/.local/lib/python3.12/site-packages/airflow/example_dags/example_python_operator.py
[2024-09-12T14:18:47.809+0000] {logging_mixin.py:190} INFO - [2024-09-12T14:18:47.808+0000] {dag.py:3229} INFO - Sync 1 DAGs
[2024-09-12T14:18:47.831+0000] {logging_mixin.py:190} INFO - [2024-09-12T14:18:47.831+0000] {dag.py:4156} INFO - Setting next_dagrun for example_python_operator to None, run_after=None
[2024-09-12T14:18:47.859+0000] {processor.py:208} INFO - Processing /home/airflow/.local/lib/python3.12/site-packages/airflow/example_dags/example_python_operator.py took 0.119 seconds
[2024-09-12T14:19:18.470+0000] {processor.py:186} INFO - Started process (PID=210) to work on /home/airflow/.local/lib/python3.12/site-packages/airflow/example_dags/example_python_operator.py
[2024-09-12T14:19:18.471+0000] {processor.py:914} INFO - Processing file /home/airflow/.local/lib/python3.12/site-packages/airflow/example_dags/example_python_operator.py for tasks to queue
[2024-09-12T14:19:18.474+0000] {logging_mixin.py:190} INFO - [2024-09-12T14:19:18.474+0000] {dagbag.py:587} INFO - Filling up the DagBag from /home/airflow/.local/lib/python3.12/site-packages/airflow/example_dags/example_python_operator.py
[2024-09-12T14:19:18.491+0000] {processor.py:925} INFO - DAG(s) 'example_python_operator' retrieved from /home/airflow/.local/lib/python3.12/site-packages/airflow/example_dags/example_python_operator.py
[2024-09-12T14:19:18.528+0000] {logging_mixin.py:190} INFO - [2024-09-12T14:19:18.528+0000] {dag.py:3229} INFO - Sync 1 DAGs
[2024-09-12T14:19:18.544+0000] {logging_mixin.py:190} INFO - [2024-09-12T14:19:18.544+0000] {dag.py:4156} INFO - Setting next_dagrun for example_python_operator to None, run_after=None
[2024-09-12T14:19:18.565+0000] {processor.py:208} INFO - Processing /home/airflow/.local/lib/python3.12/site-packages/airflow/example_dags/example_python_operator.py took 0.101 seconds
[2024-09-12T14:19:48.892+0000] {processor.py:186} INFO - Started process (PID=272) to work on /home/airflow/.local/lib/python3.12/site-packages/airflow/example_dags/example_python_operator.py
[2024-09-12T14:19:48.894+0000] {processor.py:914} INFO - Processing file /home/airflow/.local/lib/python3.12/site-packages/airflow/example_dags/example_python_operator.py for tasks to queue
[2024-09-12T14:19:48.897+0000] {logging_mixin.py:190} INFO - [2024-09-12T14:19:48.896+0000] {dagbag.py:587} INFO - Filling up the DagBag from /home/airflow/.local/lib/python3.12/site-packages/airflow/example_dags/example_python_operator.py
[2024-09-12T14:19:48.914+0000] {processor.py:925} INFO - DAG(s) 'example_python_operator' retrieved from /home/airflow/.local/lib/python3.12/site-packages/airflow/example_dags/example_python_operator.py
[2024-09-12T14:19:48.939+0000] {logging_mixin.py:190} INFO - [2024-09-12T14:19:48.939+0000] {dag.py:3229} INFO - Sync 1 DAGs
[2024-09-12T14:19:48.955+0000] {logging_mixin.py:190} INFO - [2024-09-12T14:19:48.955+0000] {dag.py:4156} INFO - Setting next_dagrun for example_python_operator to None, run_after=None
[2024-09-12T14:19:48.998+0000] {processor.py:208} INFO - Processing /home/airflow/.local/lib/python3.12/site-packages/airflow/example_dags/example_python_operator.py took 0.114 seconds
[2024-09-12T14:20:19.514+0000] {processor.py:186} INFO - Started process (PID=334) to work on /home/airflow/.local/lib/python3.12/site-packages/airflow/example_dags/example_python_operator.py
[2024-09-12T14:20:19.516+0000] {processor.py:914} INFO - Processing file /home/airflow/.local/lib/python3.12/site-packages/airflow/example_dags/example_python_operator.py for tasks to queue
[2024-09-12T14:20:19.518+0000] {logging_mixin.py:190} INFO - [2024-09-12T14:20:19.518+0000] {dagbag.py:587} INFO - Filling up the DagBag from /home/airflow/.local/lib/python3.12/site-packages/airflow/example_dags/example_python_operator.py
[2024-09-12T14:20:19.534+0000] {processor.py:925} INFO - DAG(s) 'example_python_operator' retrieved from /home/airflow/.local/lib/python3.12/site-packages/airflow/example_dags/example_python_operator.py
[2024-09-12T14:20:19.586+0000] {logging_mixin.py:190} INFO - [2024-09-12T14:20:19.586+0000] {dag.py:3229} INFO - Sync 1 DAGs
[2024-09-12T14:20:19.607+0000] {logging_mixin.py:190} INFO - [2024-09-12T14:20:19.606+0000] {dag.py:4156} INFO - Setting next_dagrun for example_python_operator to None, run_after=None
[2024-09-12T14:20:19.626+0000] {processor.py:208} INFO - Processing /home/airflow/.local/lib/python3.12/site-packages/airflow/example_dags/example_python_operator.py took 0.120 seconds
[2024-09-12T14:20:50.482+0000] {processor.py:186} INFO - Started process (PID=396) to work on /home/airflow/.local/lib/python3.12/site-packages/airflow/example_dags/example_python_operator.py
[2024-09-12T14:20:50.484+0000] {processor.py:914} INFO - Processing file /home/airflow/.local/lib/python3.12/site-packages/airflow/example_dags/example_python_operator.py for tasks to queue
[2024-09-12T14:20:50.487+0000] {logging_mixin.py:190} INFO - [2024-09-12T14:20:50.487+0000] {dagbag.py:587} INFO - Filling up the DagBag from /home/airflow/.local/lib/python3.12/site-packages/airflow/example_dags/example_python_operator.py
[2024-09-12T14:20:50.503+0000] {processor.py:925} INFO - DAG(s) 'example_python_operator' retrieved from /home/airflow/.local/lib/python3.12/site-packages/airflow/example_dags/example_python_operator.py
[2024-09-12T14:20:50.532+0000] {logging_mixin.py:190} INFO - [2024-09-12T14:20:50.531+0000] {dag.py:3229} INFO - Sync 1 DAGs
[2024-09-12T14:20:50.549+0000] {logging_mixin.py:190} INFO - [2024-09-12T14:20:50.548+0000] {dag.py:4156} INFO - Setting next_dagrun for example_python_operator to None, run_after=None
[2024-09-12T14:20:50.573+0000] {processor.py:208} INFO - Processing /home/airflow/.local/lib/python3.12/site-packages/airflow/example_dags/example_python_operator.py took 0.106 seconds
[2024-09-12T14:21:23.497+0000] {processor.py:186} INFO - Started process (PID=458) to work on /home/airflow/.local/lib/python3.12/site-packages/airflow/example_dags/example_python_operator.py
[2024-09-12T14:21:23.499+0000] {processor.py:914} INFO - Processing file /home/airflow/.local/lib/python3.12/site-packages/airflow/example_dags/example_python_operator.py for tasks to queue
[2024-09-12T14:21:23.502+0000] {logging_mixin.py:190} INFO - [2024-09-12T14:21:23.502+0000] {dagbag.py:587} INFO - Filling up the DagBag from /home/airflow/.local/lib/python3.12/site-packages/airflow/example_dags/example_python_operator.py
[2024-09-12T14:21:23.518+0000] {processor.py:925} INFO - DAG(s) 'example_python_operator' retrieved from /home/airflow/.local/lib/python3.12/site-packages/airflow/example_dags/example_python_operator.py
[2024-09-12T14:21:23.586+0000] {logging_mixin.py:190} INFO - [2024-09-12T14:21:23.585+0000] {dag.py:3229} INFO - Sync 1 DAGs
[2024-09-12T14:21:23.607+0000] {logging_mixin.py:190} INFO - [2024-09-12T14:21:23.606+0000] {dag.py:4156} INFO - Setting next_dagrun for example_python_operator to None, run_after=None
[2024-09-12T14:21:23.628+0000] {processor.py:208} INFO - Processing /home/airflow/.local/lib/python3.12/site-packages/airflow/example_dags/example_python_operator.py took 0.138 seconds
[2024-09-12T14:21:53.881+0000] {processor.py:186} INFO - Started process (PID=520) to work on /home/airflow/.local/lib/python3.12/site-packages/airflow/example_dags/example_python_operator.py
[2024-09-12T14:21:53.883+0000] {processor.py:914} INFO - Processing file /home/airflow/.local/lib/python3.12/site-packages/airflow/example_dags/example_python_operator.py for tasks to queue
[2024-09-12T14:21:53.885+0000] {logging_mixin.py:190} INFO - [2024-09-12T14:21:53.885+0000] {dagbag.py:587} INFO - Filling up the DagBag from /home/airflow/.local/lib/python3.12/site-packages/airflow/example_dags/example_python_operator.py
[2024-09-12T14:21:53.902+0000] {processor.py:925} INFO - DAG(s) 'example_python_operator' retrieved from /home/airflow/.local/lib/python3.12/site-packages/airflow/example_dags/example_python_operator.py
[2024-09-12T14:21:53.928+0000] {logging_mixin.py:190} INFO - [2024-09-12T14:21:53.928+0000] {dag.py:3229} INFO - Sync 1 DAGs
[2024-09-12T14:21:53.985+0000] {logging_mixin.py:190} INFO - [2024-09-12T14:21:53.985+0000] {dag.py:4156} INFO - Setting next_dagrun for example_python_operator to None, run_after=None
[2024-09-12T14:21:54.007+0000] {processor.py:208} INFO - Processing /home/airflow/.local/lib/python3.12/site-packages/airflow/example_dags/example_python_operator.py took 0.174 seconds
[2024-09-12T14:22:24.448+0000] {processor.py:186} INFO - Started process (PID=582) to work on /home/airflow/.local/lib/python3.12/site-packages/airflow/example_dags/example_python_operator.py
[2024-09-12T14:22:24.449+0000] {processor.py:914} INFO - Processing file /home/airflow/.local/lib/python3.12/site-packages/airflow/example_dags/example_python_operator.py for tasks to queue
[2024-09-12T14:22:24.451+0000] {logging_mixin.py:190} INFO - [2024-09-12T14:22:24.451+0000] {dagbag.py:587} INFO - Filling up the DagBag from /home/airflow/.local/lib/python3.12/site-packages/airflow/example_dags/example_python_operator.py
[2024-09-12T14:22:24.466+0000] {processor.py:925} INFO - DAG(s) 'example_python_operator' retrieved from /home/airflow/.local/lib/python3.12/site-packages/airflow/example_dags/example_python_operator.py
[2024-09-12T14:22:24.494+0000] {logging_mixin.py:190} INFO - [2024-09-12T14:22:24.494+0000] {dag.py:3229} INFO - Sync 1 DAGs
[2024-09-12T14:22:24.511+0000] {logging_mixin.py:190} INFO - [2024-09-12T14:22:24.511+0000] {dag.py:4156} INFO - Setting next_dagrun for example_python_operator to None, run_after=None
[2024-09-12T14:22:24.530+0000] {processor.py:208} INFO - Processing /home/airflow/.local/lib/python3.12/site-packages/airflow/example_dags/example_python_operator.py took 0.089 seconds
[2024-09-12T14:22:55.094+0000] {processor.py:186} INFO - Started process (PID=650) to work on /home/airflow/.local/lib/python3.12/site-packages/airflow/example_dags/example_python_operator.py
[2024-09-12T14:22:55.095+0000] {processor.py:914} INFO - Processing file /home/airflow/.local/lib/python3.12/site-packages/airflow/example_dags/example_python_operator.py for tasks to queue
[2024-09-12T14:22:55.097+0000] {logging_mixin.py:190} INFO - [2024-09-12T14:22:55.097+0000] {dagbag.py:587} INFO - Filling up the DagBag from /home/airflow/.local/lib/python3.12/site-packages/airflow/example_dags/example_python_operator.py
[2024-09-12T14:22:55.110+0000] {processor.py:925} INFO - DAG(s) 'example_python_operator' retrieved from /home/airflow/.local/lib/python3.12/site-packages/airflow/example_dags/example_python_operator.py
[2024-09-12T14:22:55.133+0000] {logging_mixin.py:190} INFO - [2024-09-12T14:22:55.133+0000] {dag.py:3229} INFO - Sync 1 DAGs
[2024-09-12T14:22:55.148+0000] {logging_mixin.py:190} INFO - [2024-09-12T14:22:55.147+0000] {dag.py:4156} INFO - Setting next_dagrun for example_python_operator to None, run_after=None
[2024-09-12T14:22:55.163+0000] {processor.py:208} INFO - Processing /home/airflow/.local/lib/python3.12/site-packages/airflow/example_dags/example_python_operator.py took 0.075 seconds
[2024-09-12T14:23:25.698+0000] {processor.py:186} INFO - Started process (PID=712) to work on /home/airflow/.local/lib/python3.12/site-packages/airflow/example_dags/example_python_operator.py
[2024-09-12T14:23:25.700+0000] {processor.py:914} INFO - Processing file /home/airflow/.local/lib/python3.12/site-packages/airflow/example_dags/example_python_operator.py for tasks to queue
[2024-09-12T14:23:25.702+0000] {logging_mixin.py:190} INFO - [2024-09-12T14:23:25.702+0000] {dagbag.py:587} INFO - Filling up the DagBag from /home/airflow/.local/lib/python3.12/site-packages/airflow/example_dags/example_python_operator.py
[2024-09-12T14:23:25.718+0000] {processor.py:925} INFO - DAG(s) 'example_python_operator' retrieved from /home/airflow/.local/lib/python3.12/site-packages/airflow/example_dags/example_python_operator.py
[2024-09-12T14:23:25.745+0000] {logging_mixin.py:190} INFO - [2024-09-12T14:23:25.744+0000] {dag.py:3229} INFO - Sync 1 DAGs
[2024-09-12T14:23:25.766+0000] {logging_mixin.py:190} INFO - [2024-09-12T14:23:25.766+0000] {dag.py:4156} INFO - Setting next_dagrun for example_python_operator to None, run_after=None
[2024-09-12T14:23:25.793+0000] {processor.py:208} INFO - Processing /home/airflow/.local/lib/python3.12/site-packages/airflow/example_dags/example_python_operator.py took 0.102 seconds
[2024-09-12T14:23:56.639+0000] {processor.py:186} INFO - Started process (PID=774) to work on /home/airflow/.local/lib/python3.12/site-packages/airflow/example_dags/example_python_operator.py
[2024-09-12T14:23:56.640+0000] {processor.py:914} INFO - Processing file /home/airflow/.local/lib/python3.12/site-packages/airflow/example_dags/example_python_operator.py for tasks to queue
[2024-09-12T14:23:56.643+0000] {logging_mixin.py:190} INFO - [2024-09-12T14:23:56.642+0000] {dagbag.py:587} INFO - Filling up the DagBag from /home/airflow/.local/lib/python3.12/site-packages/airflow/example_dags/example_python_operator.py
[2024-09-12T14:23:56.658+0000] {processor.py:925} INFO - DAG(s) 'example_python_operator' retrieved from /home/airflow/.local/lib/python3.12/site-packages/airflow/example_dags/example_python_operator.py
[2024-09-12T14:23:56.688+0000] {logging_mixin.py:190} INFO - [2024-09-12T14:23:56.688+0000] {dag.py:3229} INFO - Sync 1 DAGs
[2024-09-12T14:23:56.706+0000] {logging_mixin.py:190} INFO - [2024-09-12T14:23:56.706+0000] {dag.py:4156} INFO - Setting next_dagrun for example_python_operator to None, run_after=None
[2024-09-12T14:23:56.726+0000] {processor.py:208} INFO - Processing /home/airflow/.local/lib/python3.12/site-packages/airflow/example_dags/example_python_operator.py took 0.095 seconds
[2024-09-12T14:24:27.068+0000] {processor.py:186} INFO - Started process (PID=836) to work on /home/airflow/.local/lib/python3.12/site-packages/airflow/example_dags/example_python_operator.py
[2024-09-12T14:24:27.069+0000] {processor.py:914} INFO - Processing file /home/airflow/.local/lib/python3.12/site-packages/airflow/example_dags/example_python_operator.py for tasks to queue
[2024-09-12T14:24:27.072+0000] {logging_mixin.py:190} INFO - [2024-09-12T14:24:27.071+0000] {dagbag.py:587} INFO - Filling up the DagBag from /home/airflow/.local/lib/python3.12/site-packages/airflow/example_dags/example_python_operator.py
[2024-09-12T14:24:27.085+0000] {processor.py:925} INFO - DAG(s) 'example_python_operator' retrieved from /home/airflow/.local/lib/python3.12/site-packages/airflow/example_dags/example_python_operator.py
[2024-09-12T14:24:27.110+0000] {logging_mixin.py:190} INFO - [2024-09-12T14:24:27.109+0000] {dag.py:3229} INFO - Sync 1 DAGs
[2024-09-12T14:24:27.129+0000] {logging_mixin.py:190} INFO - [2024-09-12T14:24:27.129+0000] {dag.py:4156} INFO - Setting next_dagrun for example_python_operator to None, run_after=None
[2024-09-12T14:24:27.148+0000] {processor.py:208} INFO - Processing /home/airflow/.local/lib/python3.12/site-packages/airflow/example_dags/example_python_operator.py took 0.086 seconds
[2024-09-12T14:24:57.552+0000] {processor.py:186} INFO - Started process (PID=898) to work on /home/airflow/.local/lib/python3.12/site-packages/airflow/example_dags/example_python_operator.py
[2024-09-12T14:24:57.553+0000] {processor.py:914} INFO - Processing file /home/airflow/.local/lib/python3.12/site-packages/airflow/example_dags/example_python_operator.py for tasks to queue
[2024-09-12T14:24:57.555+0000] {logging_mixin.py:190} INFO - [2024-09-12T14:24:57.555+0000] {dagbag.py:587} INFO - Filling up the DagBag from /home/airflow/.local/lib/python3.12/site-packages/airflow/example_dags/example_python_operator.py
[2024-09-12T14:24:57.569+0000] {processor.py:925} INFO - DAG(s) 'example_python_operator' retrieved from /home/airflow/.local/lib/python3.12/site-packages/airflow/example_dags/example_python_operator.py
[2024-09-12T14:24:57.602+0000] {logging_mixin.py:190} INFO - [2024-09-12T14:24:57.601+0000] {dag.py:3229} INFO - Sync 1 DAGs
[2024-09-12T14:24:57.618+0000] {logging_mixin.py:190} INFO - [2024-09-12T14:24:57.618+0000] {dag.py:4156} INFO - Setting next_dagrun for example_python_operator to None, run_after=None
[2024-09-12T14:24:57.638+0000] {processor.py:208} INFO - Processing /home/airflow/.local/lib/python3.12/site-packages/airflow/example_dags/example_python_operator.py took 0.092 seconds
[2024-09-12T14:25:28.615+0000] {processor.py:186} INFO - Started process (PID=960) to work on /home/airflow/.local/lib/python3.12/site-packages/airflow/example_dags/example_python_operator.py
[2024-09-12T14:25:28.616+0000] {processor.py:914} INFO - Processing file /home/airflow/.local/lib/python3.12/site-packages/airflow/example_dags/example_python_operator.py for tasks to queue
[2024-09-12T14:25:28.618+0000] {logging_mixin.py:190} INFO - [2024-09-12T14:25:28.618+0000] {dagbag.py:587} INFO - Filling up the DagBag from /home/airflow/.local/lib/python3.12/site-packages/airflow/example_dags/example_python_operator.py
[2024-09-12T14:25:28.633+0000] {processor.py:925} INFO - DAG(s) 'example_python_operator' retrieved from /home/airflow/.local/lib/python3.12/site-packages/airflow/example_dags/example_python_operator.py
[2024-09-12T14:25:28.683+0000] {logging_mixin.py:190} INFO - [2024-09-12T14:25:28.683+0000] {dag.py:3229} INFO - Sync 1 DAGs
[2024-09-12T14:25:28.701+0000] {logging_mixin.py:190} INFO - [2024-09-12T14:25:28.700+0000] {dag.py:4156} INFO - Setting next_dagrun for example_python_operator to None, run_after=None
[2024-09-12T14:25:28.721+0000] {processor.py:208} INFO - Processing /home/airflow/.local/lib/python3.12/site-packages/airflow/example_dags/example_python_operator.py took 0.113 seconds
[2024-09-12T14:25:59.694+0000] {processor.py:186} INFO - Started process (PID=1022) to work on /home/airflow/.local/lib/python3.12/site-packages/airflow/example_dags/example_python_operator.py
[2024-09-12T14:25:59.696+0000] {processor.py:914} INFO - Processing file /home/airflow/.local/lib/python3.12/site-packages/airflow/example_dags/example_python_operator.py for tasks to queue
[2024-09-12T14:25:59.698+0000] {logging_mixin.py:190} INFO - [2024-09-12T14:25:59.698+0000] {dagbag.py:587} INFO - Filling up the DagBag from /home/airflow/.local/lib/python3.12/site-packages/airflow/example_dags/example_python_operator.py
[2024-09-12T14:25:59.713+0000] {processor.py:925} INFO - DAG(s) 'example_python_operator' retrieved from /home/airflow/.local/lib/python3.12/site-packages/airflow/example_dags/example_python_operator.py
[2024-09-12T14:25:59.803+0000] {logging_mixin.py:190} INFO - [2024-09-12T14:25:59.802+0000] {dag.py:3229} INFO - Sync 1 DAGs
[2024-09-12T14:25:59.821+0000] {logging_mixin.py:190} INFO - [2024-09-12T14:25:59.820+0000] {dag.py:4156} INFO - Setting next_dagrun for example_python_operator to None, run_after=None
[2024-09-12T14:25:59.899+0000] {processor.py:208} INFO - Processing /home/airflow/.local/lib/python3.12/site-packages/airflow/example_dags/example_python_operator.py took 0.211 seconds
[2024-09-12T14:26:30.577+0000] {processor.py:186} INFO - Started process (PID=1084) to work on /home/airflow/.local/lib/python3.12/site-packages/airflow/example_dags/example_python_operator.py
[2024-09-12T14:26:30.578+0000] {processor.py:914} INFO - Processing file /home/airflow/.local/lib/python3.12/site-packages/airflow/example_dags/example_python_operator.py for tasks to queue
[2024-09-12T14:26:30.581+0000] {logging_mixin.py:190} INFO - [2024-09-12T14:26:30.581+0000] {dagbag.py:587} INFO - Filling up the DagBag from /home/airflow/.local/lib/python3.12/site-packages/airflow/example_dags/example_python_operator.py
[2024-09-12T14:26:30.596+0000] {processor.py:925} INFO - DAG(s) 'example_python_operator' retrieved from /home/airflow/.local/lib/python3.12/site-packages/airflow/example_dags/example_python_operator.py
[2024-09-12T14:26:30.625+0000] {logging_mixin.py:190} INFO - [2024-09-12T14:26:30.625+0000] {dag.py:3229} INFO - Sync 1 DAGs
[2024-09-12T14:26:30.642+0000] {logging_mixin.py:190} INFO - [2024-09-12T14:26:30.641+0000] {dag.py:4156} INFO - Setting next_dagrun for example_python_operator to None, run_after=None
[2024-09-12T14:26:30.661+0000] {processor.py:208} INFO - Processing /home/airflow/.local/lib/python3.12/site-packages/airflow/example_dags/example_python_operator.py took 0.090 seconds
[2024-09-12T14:27:00.827+0000] {processor.py:186} INFO - Started process (PID=1146) to work on /home/airflow/.local/lib/python3.12/site-packages/airflow/example_dags/example_python_operator.py
[2024-09-12T14:27:00.829+0000] {processor.py:914} INFO - Processing file /home/airflow/.local/lib/python3.12/site-packages/airflow/example_dags/example_python_operator.py for tasks to queue
[2024-09-12T14:27:00.832+0000] {logging_mixin.py:190} INFO - [2024-09-12T14:27:00.832+0000] {dagbag.py:587} INFO - Filling up the DagBag from /home/airflow/.local/lib/python3.12/site-packages/airflow/example_dags/example_python_operator.py
[2024-09-12T14:27:00.848+0000] {processor.py:925} INFO - DAG(s) 'example_python_operator' retrieved from /home/airflow/.local/lib/python3.12/site-packages/airflow/example_dags/example_python_operator.py
[2024-09-12T14:27:00.896+0000] {logging_mixin.py:190} INFO - [2024-09-12T14:27:00.896+0000] {dag.py:3229} INFO - Sync 1 DAGs
[2024-09-12T14:27:00.912+0000] {logging_mixin.py:190} INFO - [2024-09-12T14:27:00.912+0000] {dag.py:4156} INFO - Setting next_dagrun for example_python_operator to None, run_after=None
[2024-09-12T14:27:00.981+0000] {processor.py:208} INFO - Processing /home/airflow/.local/lib/python3.12/site-packages/airflow/example_dags/example_python_operator.py took 0.161 seconds
[2024-09-12T14:27:32.326+0000] {processor.py:186} INFO - Started process (PID=1208) to work on /home/airflow/.local/lib/python3.12/site-packages/airflow/example_dags/example_python_operator.py
[2024-09-12T14:27:32.327+0000] {processor.py:914} INFO - Processing file /home/airflow/.local/lib/python3.12/site-packages/airflow/example_dags/example_python_operator.py for tasks to queue
[2024-09-12T14:27:32.383+0000] {logging_mixin.py:190} INFO - [2024-09-12T14:27:32.382+0000] {dagbag.py:587} INFO - Filling up the DagBag from /home/airflow/.local/lib/python3.12/site-packages/airflow/example_dags/example_python_operator.py
[2024-09-12T14:27:32.399+0000] {processor.py:925} INFO - DAG(s) 'example_python_operator' retrieved from /home/airflow/.local/lib/python3.12/site-packages/airflow/example_dags/example_python_operator.py
[2024-09-12T14:27:32.430+0000] {logging_mixin.py:190} INFO - [2024-09-12T14:27:32.429+0000] {dag.py:3229} INFO - Sync 1 DAGs
[2024-09-12T14:27:32.495+0000] {logging_mixin.py:190} INFO - [2024-09-12T14:27:32.495+0000] {dag.py:4156} INFO - Setting next_dagrun for example_python_operator to None, run_after=None
[2024-09-12T14:27:32.519+0000] {processor.py:208} INFO - Processing /home/airflow/.local/lib/python3.12/site-packages/airflow/example_dags/example_python_operator.py took 0.201 seconds
[2024-09-12T14:28:05.604+0000] {processor.py:186} INFO - Started process (PID=1270) to work on /home/airflow/.local/lib/python3.12/site-packages/airflow/example_dags/example_python_operator.py
[2024-09-12T14:28:05.605+0000] {processor.py:914} INFO - Processing file /home/airflow/.local/lib/python3.12/site-packages/airflow/example_dags/example_python_operator.py for tasks to queue
[2024-09-12T14:28:05.608+0000] {logging_mixin.py:190} INFO - [2024-09-12T14:28:05.608+0000] {dagbag.py:587} INFO - Filling up the DagBag from /home/airflow/.local/lib/python3.12/site-packages/airflow/example_dags/example_python_operator.py
[2024-09-12T14:28:05.622+0000] {processor.py:925} INFO - DAG(s) 'example_python_operator' retrieved from /home/airflow/.local/lib/python3.12/site-packages/airflow/example_dags/example_python_operator.py
[2024-09-12T14:28:05.704+0000] {logging_mixin.py:190} INFO - [2024-09-12T14:28:05.704+0000] {dag.py:3229} INFO - Sync 1 DAGs
[2024-09-12T14:28:05.783+0000] {logging_mixin.py:190} INFO - [2024-09-12T14:28:05.783+0000] {dag.py:4156} INFO - Setting next_dagrun for example_python_operator to None, run_after=None
[2024-09-12T14:28:05.816+0000] {processor.py:208} INFO - Processing /home/airflow/.local/lib/python3.12/site-packages/airflow/example_dags/example_python_operator.py took 0.219 seconds
[2024-09-12T14:28:41.682+0000] {processor.py:186} INFO - Started process (PID=1332) to work on /home/airflow/.local/lib/python3.12/site-packages/airflow/example_dags/example_python_operator.py
[2024-09-12T14:28:41.684+0000] {processor.py:914} INFO - Processing file /home/airflow/.local/lib/python3.12/site-packages/airflow/example_dags/example_python_operator.py for tasks to queue
[2024-09-12T14:28:41.687+0000] {logging_mixin.py:190} INFO - [2024-09-12T14:28:41.686+0000] {dagbag.py:587} INFO - Filling up the DagBag from /home/airflow/.local/lib/python3.12/site-packages/airflow/example_dags/example_python_operator.py
[2024-09-12T14:28:41.719+0000] {processor.py:925} INFO - DAG(s) 'example_python_operator' retrieved from /home/airflow/.local/lib/python3.12/site-packages/airflow/example_dags/example_python_operator.py
[2024-09-12T14:28:41.812+0000] {logging_mixin.py:190} INFO - [2024-09-12T14:28:41.811+0000] {dag.py:3229} INFO - Sync 1 DAGs
[2024-09-12T14:28:41.905+0000] {logging_mixin.py:190} INFO - [2024-09-12T14:28:41.905+0000] {dag.py:4156} INFO - Setting next_dagrun for example_python_operator to None, run_after=None
[2024-09-12T14:28:41.927+0000] {processor.py:208} INFO - Processing /home/airflow/.local/lib/python3.12/site-packages/airflow/example_dags/example_python_operator.py took 0.313 seconds
[2024-09-12T14:29:17.289+0000] {processor.py:186} INFO - Started process (PID=1394) to work on /home/airflow/.local/lib/python3.12/site-packages/airflow/example_dags/example_python_operator.py
[2024-09-12T14:29:17.290+0000] {processor.py:914} INFO - Processing file /home/airflow/.local/lib/python3.12/site-packages/airflow/example_dags/example_python_operator.py for tasks to queue
[2024-09-12T14:29:17.293+0000] {logging_mixin.py:190} INFO - [2024-09-12T14:29:17.293+0000] {dagbag.py:587} INFO - Filling up the DagBag from /home/airflow/.local/lib/python3.12/site-packages/airflow/example_dags/example_python_operator.py
[2024-09-12T14:29:17.331+0000] {processor.py:925} INFO - DAG(s) 'example_python_operator' retrieved from /home/airflow/.local/lib/python3.12/site-packages/airflow/example_dags/example_python_operator.py
[2024-09-12T14:29:17.490+0000] {logging_mixin.py:190} INFO - [2024-09-12T14:29:17.489+0000] {dag.py:3229} INFO - Sync 1 DAGs
[2024-09-12T14:29:17.584+0000] {logging_mixin.py:190} INFO - [2024-09-12T14:29:17.583+0000] {dag.py:4156} INFO - Setting next_dagrun for example_python_operator to None, run_after=None
[2024-09-12T14:29:17.706+0000] {processor.py:208} INFO - Processing /home/airflow/.local/lib/python3.12/site-packages/airflow/example_dags/example_python_operator.py took 0.425 seconds
[2024-09-12T14:29:49.190+0000] {processor.py:186} INFO - Started process (PID=1456) to work on /home/airflow/.local/lib/python3.12/site-packages/airflow/example_dags/example_python_operator.py
[2024-09-12T14:29:49.191+0000] {processor.py:914} INFO - Processing file /home/airflow/.local/lib/python3.12/site-packages/airflow/example_dags/example_python_operator.py for tasks to queue
[2024-09-12T14:29:49.194+0000] {logging_mixin.py:190} INFO - [2024-09-12T14:29:49.194+0000] {dagbag.py:587} INFO - Filling up the DagBag from /home/airflow/.local/lib/python3.12/site-packages/airflow/example_dags/example_python_operator.py
[2024-09-12T14:29:49.313+0000] {processor.py:925} INFO - DAG(s) 'example_python_operator' retrieved from /home/airflow/.local/lib/python3.12/site-packages/airflow/example_dags/example_python_operator.py
[2024-09-12T14:29:49.402+0000] {logging_mixin.py:190} INFO - [2024-09-12T14:29:49.402+0000] {dag.py:3229} INFO - Sync 1 DAGs
[2024-09-12T14:29:49.422+0000] {logging_mixin.py:190} INFO - [2024-09-12T14:29:49.422+0000] {dag.py:4156} INFO - Setting next_dagrun for example_python_operator to None, run_after=None
[2024-09-12T14:29:49.513+0000] {processor.py:208} INFO - Processing /home/airflow/.local/lib/python3.12/site-packages/airflow/example_dags/example_python_operator.py took 0.331 seconds
[2024-09-12T14:30:20.385+0000] {processor.py:186} INFO - Started process (PID=1518) to work on /home/airflow/.local/lib/python3.12/site-packages/airflow/example_dags/example_python_operator.py
[2024-09-12T14:30:20.387+0000] {processor.py:914} INFO - Processing file /home/airflow/.local/lib/python3.12/site-packages/airflow/example_dags/example_python_operator.py for tasks to queue
[2024-09-12T14:30:20.389+0000] {logging_mixin.py:190} INFO - [2024-09-12T14:30:20.389+0000] {dagbag.py:587} INFO - Filling up the DagBag from /home/airflow/.local/lib/python3.12/site-packages/airflow/example_dags/example_python_operator.py
[2024-09-12T14:30:20.412+0000] {processor.py:925} INFO - DAG(s) 'example_python_operator' retrieved from /home/airflow/.local/lib/python3.12/site-packages/airflow/example_dags/example_python_operator.py
[2024-09-12T14:30:20.450+0000] {logging_mixin.py:190} INFO - [2024-09-12T14:30:20.449+0000] {dag.py:3229} INFO - Sync 1 DAGs
[2024-09-12T14:30:20.503+0000] {logging_mixin.py:190} INFO - [2024-09-12T14:30:20.503+0000] {dag.py:4156} INFO - Setting next_dagrun for example_python_operator to None, run_after=None
[2024-09-12T14:30:20.540+0000] {processor.py:208} INFO - Processing /home/airflow/.local/lib/python3.12/site-packages/airflow/example_dags/example_python_operator.py took 0.192 seconds
[2024-09-12T14:30:51.011+0000] {processor.py:186} INFO - Started process (PID=1580) to work on /home/airflow/.local/lib/python3.12/site-packages/airflow/example_dags/example_python_operator.py
[2024-09-12T14:30:51.012+0000] {processor.py:914} INFO - Processing file /home/airflow/.local/lib/python3.12/site-packages/airflow/example_dags/example_python_operator.py for tasks to queue
[2024-09-12T14:30:51.015+0000] {logging_mixin.py:190} INFO - [2024-09-12T14:30:51.014+0000] {dagbag.py:587} INFO - Filling up the DagBag from /home/airflow/.local/lib/python3.12/site-packages/airflow/example_dags/example_python_operator.py
[2024-09-12T14:30:51.030+0000] {processor.py:925} INFO - DAG(s) 'example_python_operator' retrieved from /home/airflow/.local/lib/python3.12/site-packages/airflow/example_dags/example_python_operator.py
[2024-09-12T14:30:51.060+0000] {logging_mixin.py:190} INFO - [2024-09-12T14:30:51.060+0000] {dag.py:3229} INFO - Sync 1 DAGs
[2024-09-12T14:30:51.082+0000] {logging_mixin.py:190} INFO - [2024-09-12T14:30:51.081+0000] {dag.py:4156} INFO - Setting next_dagrun for example_python_operator to None, run_after=None
[2024-09-12T14:30:51.105+0000] {processor.py:208} INFO - Processing /home/airflow/.local/lib/python3.12/site-packages/airflow/example_dags/example_python_operator.py took 0.101 seconds
[2024-09-12T14:31:21.282+0000] {processor.py:186} INFO - Started process (PID=1642) to work on /home/airflow/.local/lib/python3.12/site-packages/airflow/example_dags/example_python_operator.py
[2024-09-12T14:31:21.283+0000] {processor.py:914} INFO - Processing file /home/airflow/.local/lib/python3.12/site-packages/airflow/example_dags/example_python_operator.py for tasks to queue
[2024-09-12T14:31:21.286+0000] {logging_mixin.py:190} INFO - [2024-09-12T14:31:21.286+0000] {dagbag.py:587} INFO - Filling up the DagBag from /home/airflow/.local/lib/python3.12/site-packages/airflow/example_dags/example_python_operator.py
[2024-09-12T14:31:21.301+0000] {processor.py:925} INFO - DAG(s) 'example_python_operator' retrieved from /home/airflow/.local/lib/python3.12/site-packages/airflow/example_dags/example_python_operator.py
[2024-09-12T14:31:21.328+0000] {logging_mixin.py:190} INFO - [2024-09-12T14:31:21.328+0000] {dag.py:3229} INFO - Sync 1 DAGs
[2024-09-12T14:31:21.346+0000] {logging_mixin.py:190} INFO - [2024-09-12T14:31:21.346+0000] {dag.py:4156} INFO - Setting next_dagrun for example_python_operator to None, run_after=None
[2024-09-12T14:31:21.366+0000] {processor.py:208} INFO - Processing /home/airflow/.local/lib/python3.12/site-packages/airflow/example_dags/example_python_operator.py took 0.099 seconds
[2024-09-12T14:31:53.004+0000] {processor.py:186} INFO - Started process (PID=1704) to work on /home/airflow/.local/lib/python3.12/site-packages/airflow/example_dags/example_python_operator.py
[2024-09-12T14:31:53.006+0000] {processor.py:914} INFO - Processing file /home/airflow/.local/lib/python3.12/site-packages/airflow/example_dags/example_python_operator.py for tasks to queue
[2024-09-12T14:31:53.009+0000] {logging_mixin.py:190} INFO - [2024-09-12T14:31:53.008+0000] {dagbag.py:587} INFO - Filling up the DagBag from /home/airflow/.local/lib/python3.12/site-packages/airflow/example_dags/example_python_operator.py
[2024-09-12T14:31:53.026+0000] {processor.py:925} INFO - DAG(s) 'example_python_operator' retrieved from /home/airflow/.local/lib/python3.12/site-packages/airflow/example_dags/example_python_operator.py
[2024-09-12T14:31:53.061+0000] {logging_mixin.py:190} INFO - [2024-09-12T14:31:53.061+0000] {dag.py:3229} INFO - Sync 1 DAGs
[2024-09-12T14:31:53.097+0000] {logging_mixin.py:190} INFO - [2024-09-12T14:31:53.097+0000] {dag.py:4156} INFO - Setting next_dagrun for example_python_operator to None, run_after=None
[2024-09-12T14:31:53.125+0000] {processor.py:208} INFO - Processing /home/airflow/.local/lib/python3.12/site-packages/airflow/example_dags/example_python_operator.py took 0.129 seconds
[2024-09-12T14:32:23.684+0000] {processor.py:186} INFO - Started process (PID=1766) to work on /home/airflow/.local/lib/python3.12/site-packages/airflow/example_dags/example_python_operator.py
[2024-09-12T14:32:23.686+0000] {processor.py:914} INFO - Processing file /home/airflow/.local/lib/python3.12/site-packages/airflow/example_dags/example_python_operator.py for tasks to queue
[2024-09-12T14:32:23.688+0000] {logging_mixin.py:190} INFO - [2024-09-12T14:32:23.688+0000] {dagbag.py:587} INFO - Filling up the DagBag from /home/airflow/.local/lib/python3.12/site-packages/airflow/example_dags/example_python_operator.py
[2024-09-12T14:32:23.702+0000] {processor.py:925} INFO - DAG(s) 'example_python_operator' retrieved from /home/airflow/.local/lib/python3.12/site-packages/airflow/example_dags/example_python_operator.py
[2024-09-12T14:32:23.732+0000] {logging_mixin.py:190} INFO - [2024-09-12T14:32:23.731+0000] {dag.py:3229} INFO - Sync 1 DAGs
[2024-09-12T14:32:23.747+0000] {logging_mixin.py:190} INFO - [2024-09-12T14:32:23.747+0000] {dag.py:4156} INFO - Setting next_dagrun for example_python_operator to None, run_after=None
[2024-09-12T14:32:23.766+0000] {processor.py:208} INFO - Processing /home/airflow/.local/lib/python3.12/site-packages/airflow/example_dags/example_python_operator.py took 0.088 seconds
[2024-09-12T14:32:54.573+0000] {processor.py:186} INFO - Started process (PID=1828) to work on /home/airflow/.local/lib/python3.12/site-packages/airflow/example_dags/example_python_operator.py
[2024-09-12T14:32:54.574+0000] {processor.py:914} INFO - Processing file /home/airflow/.local/lib/python3.12/site-packages/airflow/example_dags/example_python_operator.py for tasks to queue
[2024-09-12T14:32:54.577+0000] {logging_mixin.py:190} INFO - [2024-09-12T14:32:54.576+0000] {dagbag.py:587} INFO - Filling up the DagBag from /home/airflow/.local/lib/python3.12/site-packages/airflow/example_dags/example_python_operator.py
[2024-09-12T14:32:54.591+0000] {processor.py:925} INFO - DAG(s) 'example_python_operator' retrieved from /home/airflow/.local/lib/python3.12/site-packages/airflow/example_dags/example_python_operator.py
[2024-09-12T14:32:54.616+0000] {logging_mixin.py:190} INFO - [2024-09-12T14:32:54.616+0000] {dag.py:3229} INFO - Sync 1 DAGs
[2024-09-12T14:32:54.633+0000] {logging_mixin.py:190} INFO - [2024-09-12T14:32:54.633+0000] {dag.py:4156} INFO - Setting next_dagrun for example_python_operator to None, run_after=None
[2024-09-12T14:32:54.657+0000] {processor.py:208} INFO - Processing /home/airflow/.local/lib/python3.12/site-packages/airflow/example_dags/example_python_operator.py took 0.091 seconds
[2024-09-12T14:33:56.751+0000] {processor.py:186} INFO - Started process (PID=1952) to work on /home/airflow/.local/lib/python3.12/site-packages/airflow/example_dags/example_python_operator.py
[2024-09-12T14:33:56.752+0000] {processor.py:914} INFO - Processing file /home/airflow/.local/lib/python3.12/site-packages/airflow/example_dags/example_python_operator.py for tasks to queue
[2024-09-12T14:33:56.755+0000] {logging_mixin.py:190} INFO - [2024-09-12T14:33:56.755+0000] {dagbag.py:587} INFO - Filling up the DagBag from /home/airflow/.local/lib/python3.12/site-packages/airflow/example_dags/example_python_operator.py
[2024-09-12T14:33:56.771+0000] {processor.py:925} INFO - DAG(s) 'example_python_operator' retrieved from /home/airflow/.local/lib/python3.12/site-packages/airflow/example_dags/example_python_operator.py
[2024-09-12T14:33:56.807+0000] {logging_mixin.py:190} INFO - [2024-09-12T14:33:56.807+0000] {dag.py:3229} INFO - Sync 1 DAGs
[2024-09-12T14:33:56.833+0000] {logging_mixin.py:190} INFO - [2024-09-12T14:33:56.832+0000] {dag.py:4156} INFO - Setting next_dagrun for example_python_operator to None, run_after=None
[2024-09-12T14:33:56.859+0000] {processor.py:208} INFO - Processing /home/airflow/.local/lib/python3.12/site-packages/airflow/example_dags/example_python_operator.py took 0.115 seconds
[2024-09-12T14:34:27.357+0000] {processor.py:186} INFO - Started process (PID=2014) to work on /home/airflow/.local/lib/python3.12/site-packages/airflow/example_dags/example_python_operator.py
[2024-09-12T14:34:27.358+0000] {processor.py:914} INFO - Processing file /home/airflow/.local/lib/python3.12/site-packages/airflow/example_dags/example_python_operator.py for tasks to queue
[2024-09-12T14:34:27.361+0000] {logging_mixin.py:190} INFO - [2024-09-12T14:34:27.360+0000] {dagbag.py:587} INFO - Filling up the DagBag from /home/airflow/.local/lib/python3.12/site-packages/airflow/example_dags/example_python_operator.py
[2024-09-12T14:34:27.381+0000] {processor.py:925} INFO - DAG(s) 'example_python_operator' retrieved from /home/airflow/.local/lib/python3.12/site-packages/airflow/example_dags/example_python_operator.py
[2024-09-12T14:34:27.419+0000] {logging_mixin.py:190} INFO - [2024-09-12T14:34:27.419+0000] {dag.py:3229} INFO - Sync 1 DAGs
[2024-09-12T14:34:27.445+0000] {logging_mixin.py:190} INFO - [2024-09-12T14:34:27.445+0000] {dag.py:4156} INFO - Setting next_dagrun for example_python_operator to None, run_after=None
[2024-09-12T14:34:27.473+0000] {processor.py:208} INFO - Processing /home/airflow/.local/lib/python3.12/site-packages/airflow/example_dags/example_python_operator.py took 0.123 seconds
