[2024-09-12T14:00:41.991+0000] {processor.py:186} INFO - Started process (PID=64) to work on /home/airflow/.local/lib/python3.12/site-packages/airflow/example_dags/example_bash_decorator.py
[2024-09-12T14:00:41.992+0000] {processor.py:914} INFO - Processing file /home/airflow/.local/lib/python3.12/site-packages/airflow/example_dags/example_bash_decorator.py for tasks to queue
[2024-09-12T14:00:41.999+0000] {logging_mixin.py:190} INFO - [2024-09-12T14:00:41.998+0000] {dagbag.py:587} INFO - Filling up the DagBag from /home/airflow/.local/lib/python3.12/site-packages/airflow/example_dags/example_bash_decorator.py
[2024-09-12T14:00:42.090+0000] {processor.py:925} INFO - DAG(s) 'example_bash_decorator' retrieved from /home/airflow/.local/lib/python3.12/site-packages/airflow/example_dags/example_bash_decorator.py
[2024-09-12T14:00:42.626+0000] {logging_mixin.py:190} INFO - [2024-09-12T14:00:42.625+0000] {override.py:1900} INFO - Created Permission View: can read on DAG:example_bash_decorator
[2024-09-12T14:00:42.644+0000] {logging_mixin.py:190} INFO - [2024-09-12T14:00:42.644+0000] {override.py:1900} INFO - Created Permission View: can delete on DAG:example_bash_decorator
[2024-09-12T14:00:42.689+0000] {logging_mixin.py:190} INFO - [2024-09-12T14:00:42.689+0000] {override.py:1900} INFO - Created Permission View: can edit on DAG:example_bash_decorator
[2024-09-12T14:00:42.697+0000] {logging_mixin.py:190} INFO - [2024-09-12T14:00:42.697+0000] {override.py:1900} INFO - Created Permission View: can read on DAG Run:example_bash_decorator
[2024-09-12T14:00:42.705+0000] {logging_mixin.py:190} INFO - [2024-09-12T14:00:42.704+0000] {override.py:1900} INFO - Created Permission View: can create on DAG Run:example_bash_decorator
[2024-09-12T14:00:42.713+0000] {logging_mixin.py:190} INFO - [2024-09-12T14:00:42.713+0000] {override.py:1900} INFO - Created Permission View: can delete on DAG Run:example_bash_decorator
[2024-09-12T14:00:42.721+0000] {logging_mixin.py:190} INFO - [2024-09-12T14:00:42.721+0000] {override.py:1900} INFO - Created Permission View: menu access on DAG Run:example_bash_decorator
[2024-09-12T14:00:42.722+0000] {logging_mixin.py:190} INFO - [2024-09-12T14:00:42.722+0000] {dag.py:3229} INFO - Sync 1 DAGs
[2024-09-12T14:00:42.742+0000] {logging_mixin.py:190} INFO - [2024-09-12T14:00:42.741+0000] {dag.py:3252} INFO - Creating ORM DAG for example_bash_decorator
[2024-09-12T14:00:42.744+0000] {logging_mixin.py:190} INFO - [2024-09-12T14:00:42.743+0000] {dag.py:4156} INFO - Setting next_dagrun for example_bash_decorator to None, run_after=None
[2024-09-12T14:00:42.807+0000] {processor.py:208} INFO - Processing /home/airflow/.local/lib/python3.12/site-packages/airflow/example_dags/example_bash_decorator.py took 0.858 seconds
[2024-09-12T14:01:13.064+0000] {processor.py:186} INFO - Started process (PID=126) to work on /home/airflow/.local/lib/python3.12/site-packages/airflow/example_dags/example_bash_decorator.py
[2024-09-12T14:01:13.067+0000] {processor.py:914} INFO - Processing file /home/airflow/.local/lib/python3.12/site-packages/airflow/example_dags/example_bash_decorator.py for tasks to queue
[2024-09-12T14:01:13.073+0000] {logging_mixin.py:190} INFO - [2024-09-12T14:01:13.073+0000] {dagbag.py:587} INFO - Filling up the DagBag from /home/airflow/.local/lib/python3.12/site-packages/airflow/example_dags/example_bash_decorator.py
[2024-09-12T14:01:13.109+0000] {processor.py:925} INFO - DAG(s) 'example_bash_decorator' retrieved from /home/airflow/.local/lib/python3.12/site-packages/airflow/example_dags/example_bash_decorator.py
[2024-09-12T14:01:13.155+0000] {logging_mixin.py:190} INFO - [2024-09-12T14:01:13.155+0000] {dag.py:3229} INFO - Sync 1 DAGs
[2024-09-12T14:01:13.200+0000] {logging_mixin.py:190} INFO - [2024-09-12T14:01:13.199+0000] {dag.py:4156} INFO - Setting next_dagrun for example_bash_decorator to None, run_after=None
[2024-09-12T14:01:13.234+0000] {processor.py:208} INFO - Processing /home/airflow/.local/lib/python3.12/site-packages/airflow/example_dags/example_bash_decorator.py took 0.194 seconds
[2024-09-12T14:01:43.520+0000] {processor.py:186} INFO - Started process (PID=188) to work on /home/airflow/.local/lib/python3.12/site-packages/airflow/example_dags/example_bash_decorator.py
[2024-09-12T14:01:43.521+0000] {processor.py:914} INFO - Processing file /home/airflow/.local/lib/python3.12/site-packages/airflow/example_dags/example_bash_decorator.py for tasks to queue
[2024-09-12T14:01:43.524+0000] {logging_mixin.py:190} INFO - [2024-09-12T14:01:43.523+0000] {dagbag.py:587} INFO - Filling up the DagBag from /home/airflow/.local/lib/python3.12/site-packages/airflow/example_dags/example_bash_decorator.py
[2024-09-12T14:01:43.540+0000] {processor.py:925} INFO - DAG(s) 'example_bash_decorator' retrieved from /home/airflow/.local/lib/python3.12/site-packages/airflow/example_dags/example_bash_decorator.py
[2024-09-12T14:01:43.569+0000] {logging_mixin.py:190} INFO - [2024-09-12T14:01:43.569+0000] {dag.py:3229} INFO - Sync 1 DAGs
[2024-09-12T14:01:43.590+0000] {logging_mixin.py:190} INFO - [2024-09-12T14:01:43.590+0000] {dag.py:4156} INFO - Setting next_dagrun for example_bash_decorator to None, run_after=None
[2024-09-12T14:01:43.607+0000] {processor.py:208} INFO - Processing /home/airflow/.local/lib/python3.12/site-packages/airflow/example_dags/example_bash_decorator.py took 0.093 seconds
[2024-09-12T14:02:14.422+0000] {processor.py:186} INFO - Started process (PID=250) to work on /home/airflow/.local/lib/python3.12/site-packages/airflow/example_dags/example_bash_decorator.py
[2024-09-12T14:02:14.424+0000] {processor.py:914} INFO - Processing file /home/airflow/.local/lib/python3.12/site-packages/airflow/example_dags/example_bash_decorator.py for tasks to queue
[2024-09-12T14:02:14.426+0000] {logging_mixin.py:190} INFO - [2024-09-12T14:02:14.426+0000] {dagbag.py:587} INFO - Filling up the DagBag from /home/airflow/.local/lib/python3.12/site-packages/airflow/example_dags/example_bash_decorator.py
[2024-09-12T14:02:14.443+0000] {processor.py:925} INFO - DAG(s) 'example_bash_decorator' retrieved from /home/airflow/.local/lib/python3.12/site-packages/airflow/example_dags/example_bash_decorator.py
[2024-09-12T14:02:14.473+0000] {logging_mixin.py:190} INFO - [2024-09-12T14:02:14.473+0000] {dag.py:3229} INFO - Sync 1 DAGs
[2024-09-12T14:02:14.493+0000] {logging_mixin.py:190} INFO - [2024-09-12T14:02:14.493+0000] {dag.py:4156} INFO - Setting next_dagrun for example_bash_decorator to None, run_after=None
[2024-09-12T14:02:14.517+0000] {processor.py:208} INFO - Processing /home/airflow/.local/lib/python3.12/site-packages/airflow/example_dags/example_bash_decorator.py took 0.102 seconds
[2024-09-12T14:02:44.560+0000] {processor.py:186} INFO - Started process (PID=312) to work on /home/airflow/.local/lib/python3.12/site-packages/airflow/example_dags/example_bash_decorator.py
[2024-09-12T14:02:44.561+0000] {processor.py:914} INFO - Processing file /home/airflow/.local/lib/python3.12/site-packages/airflow/example_dags/example_bash_decorator.py for tasks to queue
[2024-09-12T14:02:44.564+0000] {logging_mixin.py:190} INFO - [2024-09-12T14:02:44.563+0000] {dagbag.py:587} INFO - Filling up the DagBag from /home/airflow/.local/lib/python3.12/site-packages/airflow/example_dags/example_bash_decorator.py
[2024-09-12T14:02:44.583+0000] {processor.py:925} INFO - DAG(s) 'example_bash_decorator' retrieved from /home/airflow/.local/lib/python3.12/site-packages/airflow/example_dags/example_bash_decorator.py
[2024-09-12T14:02:44.611+0000] {logging_mixin.py:190} INFO - [2024-09-12T14:02:44.610+0000] {dag.py:3229} INFO - Sync 1 DAGs
[2024-09-12T14:02:44.627+0000] {logging_mixin.py:190} INFO - [2024-09-12T14:02:44.626+0000] {dag.py:4156} INFO - Setting next_dagrun for example_bash_decorator to None, run_after=None
[2024-09-12T14:02:44.646+0000] {processor.py:208} INFO - Processing /home/airflow/.local/lib/python3.12/site-packages/airflow/example_dags/example_bash_decorator.py took 0.092 seconds
[2024-09-12T14:03:15.026+0000] {processor.py:186} INFO - Started process (PID=374) to work on /home/airflow/.local/lib/python3.12/site-packages/airflow/example_dags/example_bash_decorator.py
[2024-09-12T14:03:15.028+0000] {processor.py:914} INFO - Processing file /home/airflow/.local/lib/python3.12/site-packages/airflow/example_dags/example_bash_decorator.py for tasks to queue
[2024-09-12T14:03:15.031+0000] {logging_mixin.py:190} INFO - [2024-09-12T14:03:15.031+0000] {dagbag.py:587} INFO - Filling up the DagBag from /home/airflow/.local/lib/python3.12/site-packages/airflow/example_dags/example_bash_decorator.py
[2024-09-12T14:03:15.056+0000] {processor.py:925} INFO - DAG(s) 'example_bash_decorator' retrieved from /home/airflow/.local/lib/python3.12/site-packages/airflow/example_dags/example_bash_decorator.py
[2024-09-12T14:03:15.093+0000] {logging_mixin.py:190} INFO - [2024-09-12T14:03:15.093+0000] {dag.py:3229} INFO - Sync 1 DAGs
[2024-09-12T14:03:15.116+0000] {logging_mixin.py:190} INFO - [2024-09-12T14:03:15.116+0000] {dag.py:4156} INFO - Setting next_dagrun for example_bash_decorator to None, run_after=None
[2024-09-12T14:03:15.143+0000] {processor.py:208} INFO - Processing /home/airflow/.local/lib/python3.12/site-packages/airflow/example_dags/example_bash_decorator.py took 0.126 seconds
[2024-09-12T14:03:45.215+0000] {processor.py:186} INFO - Started process (PID=436) to work on /home/airflow/.local/lib/python3.12/site-packages/airflow/example_dags/example_bash_decorator.py
[2024-09-12T14:03:45.216+0000] {processor.py:914} INFO - Processing file /home/airflow/.local/lib/python3.12/site-packages/airflow/example_dags/example_bash_decorator.py for tasks to queue
[2024-09-12T14:03:45.218+0000] {logging_mixin.py:190} INFO - [2024-09-12T14:03:45.218+0000] {dagbag.py:587} INFO - Filling up the DagBag from /home/airflow/.local/lib/python3.12/site-packages/airflow/example_dags/example_bash_decorator.py
[2024-09-12T14:03:45.234+0000] {processor.py:925} INFO - DAG(s) 'example_bash_decorator' retrieved from /home/airflow/.local/lib/python3.12/site-packages/airflow/example_dags/example_bash_decorator.py
[2024-09-12T14:03:45.260+0000] {logging_mixin.py:190} INFO - [2024-09-12T14:03:45.260+0000] {dag.py:3229} INFO - Sync 1 DAGs
[2024-09-12T14:03:45.278+0000] {logging_mixin.py:190} INFO - [2024-09-12T14:03:45.277+0000] {dag.py:4156} INFO - Setting next_dagrun for example_bash_decorator to None, run_after=None
[2024-09-12T14:03:45.299+0000] {processor.py:208} INFO - Processing /home/airflow/.local/lib/python3.12/site-packages/airflow/example_dags/example_bash_decorator.py took 0.090 seconds
[2024-09-12T14:04:15.456+0000] {processor.py:186} INFO - Started process (PID=498) to work on /home/airflow/.local/lib/python3.12/site-packages/airflow/example_dags/example_bash_decorator.py
[2024-09-12T14:04:15.457+0000] {processor.py:914} INFO - Processing file /home/airflow/.local/lib/python3.12/site-packages/airflow/example_dags/example_bash_decorator.py for tasks to queue
[2024-09-12T14:04:15.460+0000] {logging_mixin.py:190} INFO - [2024-09-12T14:04:15.459+0000] {dagbag.py:587} INFO - Filling up the DagBag from /home/airflow/.local/lib/python3.12/site-packages/airflow/example_dags/example_bash_decorator.py
[2024-09-12T14:04:15.477+0000] {processor.py:925} INFO - DAG(s) 'example_bash_decorator' retrieved from /home/airflow/.local/lib/python3.12/site-packages/airflow/example_dags/example_bash_decorator.py
[2024-09-12T14:04:15.502+0000] {logging_mixin.py:190} INFO - [2024-09-12T14:04:15.502+0000] {dag.py:3229} INFO - Sync 1 DAGs
[2024-09-12T14:04:15.517+0000] {logging_mixin.py:190} INFO - [2024-09-12T14:04:15.517+0000] {dag.py:4156} INFO - Setting next_dagrun for example_bash_decorator to None, run_after=None
[2024-09-12T14:04:15.535+0000] {processor.py:208} INFO - Processing /home/airflow/.local/lib/python3.12/site-packages/airflow/example_dags/example_bash_decorator.py took 0.086 seconds
[2024-09-12T14:04:46.448+0000] {processor.py:186} INFO - Started process (PID=560) to work on /home/airflow/.local/lib/python3.12/site-packages/airflow/example_dags/example_bash_decorator.py
[2024-09-12T14:04:46.449+0000] {processor.py:914} INFO - Processing file /home/airflow/.local/lib/python3.12/site-packages/airflow/example_dags/example_bash_decorator.py for tasks to queue
[2024-09-12T14:04:46.451+0000] {logging_mixin.py:190} INFO - [2024-09-12T14:04:46.451+0000] {dagbag.py:587} INFO - Filling up the DagBag from /home/airflow/.local/lib/python3.12/site-packages/airflow/example_dags/example_bash_decorator.py
[2024-09-12T14:04:46.468+0000] {processor.py:925} INFO - DAG(s) 'example_bash_decorator' retrieved from /home/airflow/.local/lib/python3.12/site-packages/airflow/example_dags/example_bash_decorator.py
[2024-09-12T14:04:46.493+0000] {logging_mixin.py:190} INFO - [2024-09-12T14:04:46.493+0000] {dag.py:3229} INFO - Sync 1 DAGs
[2024-09-12T14:04:46.508+0000] {logging_mixin.py:190} INFO - [2024-09-12T14:04:46.507+0000] {dag.py:4156} INFO - Setting next_dagrun for example_bash_decorator to None, run_after=None
[2024-09-12T14:04:46.524+0000] {processor.py:208} INFO - Processing /home/airflow/.local/lib/python3.12/site-packages/airflow/example_dags/example_bash_decorator.py took 0.081 seconds
[2024-09-12T14:05:17.158+0000] {processor.py:186} INFO - Started process (PID=622) to work on /home/airflow/.local/lib/python3.12/site-packages/airflow/example_dags/example_bash_decorator.py
[2024-09-12T14:05:17.159+0000] {processor.py:914} INFO - Processing file /home/airflow/.local/lib/python3.12/site-packages/airflow/example_dags/example_bash_decorator.py for tasks to queue
[2024-09-12T14:05:17.161+0000] {logging_mixin.py:190} INFO - [2024-09-12T14:05:17.161+0000] {dagbag.py:587} INFO - Filling up the DagBag from /home/airflow/.local/lib/python3.12/site-packages/airflow/example_dags/example_bash_decorator.py
[2024-09-12T14:05:17.178+0000] {processor.py:925} INFO - DAG(s) 'example_bash_decorator' retrieved from /home/airflow/.local/lib/python3.12/site-packages/airflow/example_dags/example_bash_decorator.py
[2024-09-12T14:05:17.207+0000] {logging_mixin.py:190} INFO - [2024-09-12T14:05:17.206+0000] {dag.py:3229} INFO - Sync 1 DAGs
[2024-09-12T14:05:17.223+0000] {logging_mixin.py:190} INFO - [2024-09-12T14:05:17.223+0000] {dag.py:4156} INFO - Setting next_dagrun for example_bash_decorator to None, run_after=None
[2024-09-12T14:05:17.241+0000] {processor.py:208} INFO - Processing /home/airflow/.local/lib/python3.12/site-packages/airflow/example_dags/example_bash_decorator.py took 0.090 seconds
[2024-09-12T14:05:47.279+0000] {processor.py:186} INFO - Started process (PID=684) to work on /home/airflow/.local/lib/python3.12/site-packages/airflow/example_dags/example_bash_decorator.py
[2024-09-12T14:05:47.281+0000] {processor.py:914} INFO - Processing file /home/airflow/.local/lib/python3.12/site-packages/airflow/example_dags/example_bash_decorator.py for tasks to queue
[2024-09-12T14:05:47.283+0000] {logging_mixin.py:190} INFO - [2024-09-12T14:05:47.283+0000] {dagbag.py:587} INFO - Filling up the DagBag from /home/airflow/.local/lib/python3.12/site-packages/airflow/example_dags/example_bash_decorator.py
[2024-09-12T14:05:47.301+0000] {processor.py:925} INFO - DAG(s) 'example_bash_decorator' retrieved from /home/airflow/.local/lib/python3.12/site-packages/airflow/example_dags/example_bash_decorator.py
[2024-09-12T14:05:47.329+0000] {logging_mixin.py:190} INFO - [2024-09-12T14:05:47.328+0000] {dag.py:3229} INFO - Sync 1 DAGs
[2024-09-12T14:05:47.344+0000] {logging_mixin.py:190} INFO - [2024-09-12T14:05:47.344+0000] {dag.py:4156} INFO - Setting next_dagrun for example_bash_decorator to None, run_after=None
[2024-09-12T14:05:47.364+0000] {processor.py:208} INFO - Processing /home/airflow/.local/lib/python3.12/site-packages/airflow/example_dags/example_bash_decorator.py took 0.091 seconds
[2024-09-12T14:06:18.143+0000] {processor.py:186} INFO - Started process (PID=746) to work on /home/airflow/.local/lib/python3.12/site-packages/airflow/example_dags/example_bash_decorator.py
[2024-09-12T14:06:18.144+0000] {processor.py:914} INFO - Processing file /home/airflow/.local/lib/python3.12/site-packages/airflow/example_dags/example_bash_decorator.py for tasks to queue
[2024-09-12T14:06:18.146+0000] {logging_mixin.py:190} INFO - [2024-09-12T14:06:18.146+0000] {dagbag.py:587} INFO - Filling up the DagBag from /home/airflow/.local/lib/python3.12/site-packages/airflow/example_dags/example_bash_decorator.py
[2024-09-12T14:06:18.162+0000] {processor.py:925} INFO - DAG(s) 'example_bash_decorator' retrieved from /home/airflow/.local/lib/python3.12/site-packages/airflow/example_dags/example_bash_decorator.py
[2024-09-12T14:06:18.186+0000] {logging_mixin.py:190} INFO - [2024-09-12T14:06:18.186+0000] {dag.py:3229} INFO - Sync 1 DAGs
[2024-09-12T14:06:18.201+0000] {logging_mixin.py:190} INFO - [2024-09-12T14:06:18.200+0000] {dag.py:4156} INFO - Setting next_dagrun for example_bash_decorator to None, run_after=None
[2024-09-12T14:06:18.221+0000] {processor.py:208} INFO - Processing /home/airflow/.local/lib/python3.12/site-packages/airflow/example_dags/example_bash_decorator.py took 0.084 seconds
[2024-09-12T14:06:48.768+0000] {processor.py:186} INFO - Started process (PID=808) to work on /home/airflow/.local/lib/python3.12/site-packages/airflow/example_dags/example_bash_decorator.py
[2024-09-12T14:06:48.769+0000] {processor.py:914} INFO - Processing file /home/airflow/.local/lib/python3.12/site-packages/airflow/example_dags/example_bash_decorator.py for tasks to queue
[2024-09-12T14:06:48.772+0000] {logging_mixin.py:190} INFO - [2024-09-12T14:06:48.771+0000] {dagbag.py:587} INFO - Filling up the DagBag from /home/airflow/.local/lib/python3.12/site-packages/airflow/example_dags/example_bash_decorator.py
[2024-09-12T14:06:48.787+0000] {processor.py:925} INFO - DAG(s) 'example_bash_decorator' retrieved from /home/airflow/.local/lib/python3.12/site-packages/airflow/example_dags/example_bash_decorator.py
[2024-09-12T14:06:48.816+0000] {logging_mixin.py:190} INFO - [2024-09-12T14:06:48.816+0000] {dag.py:3229} INFO - Sync 1 DAGs
[2024-09-12T14:06:48.834+0000] {logging_mixin.py:190} INFO - [2024-09-12T14:06:48.834+0000] {dag.py:4156} INFO - Setting next_dagrun for example_bash_decorator to None, run_after=None
[2024-09-12T14:06:48.853+0000] {processor.py:208} INFO - Processing /home/airflow/.local/lib/python3.12/site-packages/airflow/example_dags/example_bash_decorator.py took 0.091 seconds
[2024-09-12T14:07:19.078+0000] {processor.py:186} INFO - Started process (PID=870) to work on /home/airflow/.local/lib/python3.12/site-packages/airflow/example_dags/example_bash_decorator.py
[2024-09-12T14:07:19.079+0000] {processor.py:914} INFO - Processing file /home/airflow/.local/lib/python3.12/site-packages/airflow/example_dags/example_bash_decorator.py for tasks to queue
[2024-09-12T14:07:19.081+0000] {logging_mixin.py:190} INFO - [2024-09-12T14:07:19.081+0000] {dagbag.py:587} INFO - Filling up the DagBag from /home/airflow/.local/lib/python3.12/site-packages/airflow/example_dags/example_bash_decorator.py
[2024-09-12T14:07:19.097+0000] {processor.py:925} INFO - DAG(s) 'example_bash_decorator' retrieved from /home/airflow/.local/lib/python3.12/site-packages/airflow/example_dags/example_bash_decorator.py
[2024-09-12T14:07:19.122+0000] {logging_mixin.py:190} INFO - [2024-09-12T14:07:19.122+0000] {dag.py:3229} INFO - Sync 1 DAGs
[2024-09-12T14:07:19.138+0000] {logging_mixin.py:190} INFO - [2024-09-12T14:07:19.137+0000] {dag.py:4156} INFO - Setting next_dagrun for example_bash_decorator to None, run_after=None
[2024-09-12T14:07:19.157+0000] {processor.py:208} INFO - Processing /home/airflow/.local/lib/python3.12/site-packages/airflow/example_dags/example_bash_decorator.py took 0.085 seconds
[2024-09-12T14:07:49.589+0000] {processor.py:186} INFO - Started process (PID=932) to work on /home/airflow/.local/lib/python3.12/site-packages/airflow/example_dags/example_bash_decorator.py
[2024-09-12T14:07:49.590+0000] {processor.py:914} INFO - Processing file /home/airflow/.local/lib/python3.12/site-packages/airflow/example_dags/example_bash_decorator.py for tasks to queue
[2024-09-12T14:07:49.592+0000] {logging_mixin.py:190} INFO - [2024-09-12T14:07:49.592+0000] {dagbag.py:587} INFO - Filling up the DagBag from /home/airflow/.local/lib/python3.12/site-packages/airflow/example_dags/example_bash_decorator.py
[2024-09-12T14:07:49.608+0000] {processor.py:925} INFO - DAG(s) 'example_bash_decorator' retrieved from /home/airflow/.local/lib/python3.12/site-packages/airflow/example_dags/example_bash_decorator.py
[2024-09-12T14:07:49.637+0000] {logging_mixin.py:190} INFO - [2024-09-12T14:07:49.637+0000] {dag.py:3229} INFO - Sync 1 DAGs
[2024-09-12T14:07:49.654+0000] {logging_mixin.py:190} INFO - [2024-09-12T14:07:49.653+0000] {dag.py:4156} INFO - Setting next_dagrun for example_bash_decorator to None, run_after=None
[2024-09-12T14:07:49.693+0000] {processor.py:208} INFO - Processing /home/airflow/.local/lib/python3.12/site-packages/airflow/example_dags/example_bash_decorator.py took 0.110 seconds
[2024-09-12T14:08:20.709+0000] {processor.py:186} INFO - Started process (PID=994) to work on /home/airflow/.local/lib/python3.12/site-packages/airflow/example_dags/example_bash_decorator.py
[2024-09-12T14:08:20.710+0000] {processor.py:914} INFO - Processing file /home/airflow/.local/lib/python3.12/site-packages/airflow/example_dags/example_bash_decorator.py for tasks to queue
[2024-09-12T14:08:20.714+0000] {logging_mixin.py:190} INFO - [2024-09-12T14:08:20.713+0000] {dagbag.py:587} INFO - Filling up the DagBag from /home/airflow/.local/lib/python3.12/site-packages/airflow/example_dags/example_bash_decorator.py
[2024-09-12T14:08:20.734+0000] {processor.py:925} INFO - DAG(s) 'example_bash_decorator' retrieved from /home/airflow/.local/lib/python3.12/site-packages/airflow/example_dags/example_bash_decorator.py
[2024-09-12T14:08:20.771+0000] {logging_mixin.py:190} INFO - [2024-09-12T14:08:20.770+0000] {dag.py:3229} INFO - Sync 1 DAGs
[2024-09-12T14:08:20.791+0000] {logging_mixin.py:190} INFO - [2024-09-12T14:08:20.791+0000] {dag.py:4156} INFO - Setting next_dagrun for example_bash_decorator to None, run_after=None
[2024-09-12T14:08:20.815+0000] {processor.py:208} INFO - Processing /home/airflow/.local/lib/python3.12/site-packages/airflow/example_dags/example_bash_decorator.py took 0.114 seconds
[2024-09-12T14:08:50.867+0000] {processor.py:186} INFO - Started process (PID=1056) to work on /home/airflow/.local/lib/python3.12/site-packages/airflow/example_dags/example_bash_decorator.py
[2024-09-12T14:08:50.868+0000] {processor.py:914} INFO - Processing file /home/airflow/.local/lib/python3.12/site-packages/airflow/example_dags/example_bash_decorator.py for tasks to queue
[2024-09-12T14:08:50.870+0000] {logging_mixin.py:190} INFO - [2024-09-12T14:08:50.870+0000] {dagbag.py:587} INFO - Filling up the DagBag from /home/airflow/.local/lib/python3.12/site-packages/airflow/example_dags/example_bash_decorator.py
[2024-09-12T14:08:50.886+0000] {processor.py:925} INFO - DAG(s) 'example_bash_decorator' retrieved from /home/airflow/.local/lib/python3.12/site-packages/airflow/example_dags/example_bash_decorator.py
[2024-09-12T14:08:50.910+0000] {logging_mixin.py:190} INFO - [2024-09-12T14:08:50.910+0000] {dag.py:3229} INFO - Sync 1 DAGs
[2024-09-12T14:08:50.924+0000] {logging_mixin.py:190} INFO - [2024-09-12T14:08:50.924+0000] {dag.py:4156} INFO - Setting next_dagrun for example_bash_decorator to None, run_after=None
[2024-09-12T14:08:50.941+0000] {processor.py:208} INFO - Processing /home/airflow/.local/lib/python3.12/site-packages/airflow/example_dags/example_bash_decorator.py took 0.081 seconds
[2024-09-12T14:09:21.397+0000] {processor.py:186} INFO - Started process (PID=1118) to work on /home/airflow/.local/lib/python3.12/site-packages/airflow/example_dags/example_bash_decorator.py
[2024-09-12T14:09:21.398+0000] {processor.py:914} INFO - Processing file /home/airflow/.local/lib/python3.12/site-packages/airflow/example_dags/example_bash_decorator.py for tasks to queue
[2024-09-12T14:09:21.401+0000] {logging_mixin.py:190} INFO - [2024-09-12T14:09:21.400+0000] {dagbag.py:587} INFO - Filling up the DagBag from /home/airflow/.local/lib/python3.12/site-packages/airflow/example_dags/example_bash_decorator.py
[2024-09-12T14:09:21.416+0000] {processor.py:925} INFO - DAG(s) 'example_bash_decorator' retrieved from /home/airflow/.local/lib/python3.12/site-packages/airflow/example_dags/example_bash_decorator.py
[2024-09-12T14:09:21.440+0000] {logging_mixin.py:190} INFO - [2024-09-12T14:09:21.440+0000] {dag.py:3229} INFO - Sync 1 DAGs
[2024-09-12T14:09:21.455+0000] {logging_mixin.py:190} INFO - [2024-09-12T14:09:21.455+0000] {dag.py:4156} INFO - Setting next_dagrun for example_bash_decorator to None, run_after=None
[2024-09-12T14:09:21.472+0000] {processor.py:208} INFO - Processing /home/airflow/.local/lib/python3.12/site-packages/airflow/example_dags/example_bash_decorator.py took 0.080 seconds
[2024-09-12T14:09:51.789+0000] {processor.py:186} INFO - Started process (PID=1180) to work on /home/airflow/.local/lib/python3.12/site-packages/airflow/example_dags/example_bash_decorator.py
[2024-09-12T14:09:51.790+0000] {processor.py:914} INFO - Processing file /home/airflow/.local/lib/python3.12/site-packages/airflow/example_dags/example_bash_decorator.py for tasks to queue
[2024-09-12T14:09:51.793+0000] {logging_mixin.py:190} INFO - [2024-09-12T14:09:51.793+0000] {dagbag.py:587} INFO - Filling up the DagBag from /home/airflow/.local/lib/python3.12/site-packages/airflow/example_dags/example_bash_decorator.py
[2024-09-12T14:09:51.809+0000] {processor.py:925} INFO - DAG(s) 'example_bash_decorator' retrieved from /home/airflow/.local/lib/python3.12/site-packages/airflow/example_dags/example_bash_decorator.py
[2024-09-12T14:09:51.836+0000] {logging_mixin.py:190} INFO - [2024-09-12T14:09:51.836+0000] {dag.py:3229} INFO - Sync 1 DAGs
[2024-09-12T14:09:51.852+0000] {logging_mixin.py:190} INFO - [2024-09-12T14:09:51.851+0000] {dag.py:4156} INFO - Setting next_dagrun for example_bash_decorator to None, run_after=None
[2024-09-12T14:09:51.870+0000] {processor.py:208} INFO - Processing /home/airflow/.local/lib/python3.12/site-packages/airflow/example_dags/example_bash_decorator.py took 0.088 seconds
[2024-09-12T14:10:22.406+0000] {processor.py:186} INFO - Started process (PID=1242) to work on /home/airflow/.local/lib/python3.12/site-packages/airflow/example_dags/example_bash_decorator.py
[2024-09-12T14:10:22.407+0000] {processor.py:914} INFO - Processing file /home/airflow/.local/lib/python3.12/site-packages/airflow/example_dags/example_bash_decorator.py for tasks to queue
[2024-09-12T14:10:22.409+0000] {logging_mixin.py:190} INFO - [2024-09-12T14:10:22.409+0000] {dagbag.py:587} INFO - Filling up the DagBag from /home/airflow/.local/lib/python3.12/site-packages/airflow/example_dags/example_bash_decorator.py
[2024-09-12T14:10:22.426+0000] {processor.py:925} INFO - DAG(s) 'example_bash_decorator' retrieved from /home/airflow/.local/lib/python3.12/site-packages/airflow/example_dags/example_bash_decorator.py
[2024-09-12T14:10:22.452+0000] {logging_mixin.py:190} INFO - [2024-09-12T14:10:22.452+0000] {dag.py:3229} INFO - Sync 1 DAGs
[2024-09-12T14:10:22.469+0000] {logging_mixin.py:190} INFO - [2024-09-12T14:10:22.469+0000] {dag.py:4156} INFO - Setting next_dagrun for example_bash_decorator to None, run_after=None
[2024-09-12T14:10:22.489+0000] {processor.py:208} INFO - Processing /home/airflow/.local/lib/python3.12/site-packages/airflow/example_dags/example_bash_decorator.py took 0.090 seconds
[2024-09-12T14:10:52.573+0000] {processor.py:186} INFO - Started process (PID=1304) to work on /home/airflow/.local/lib/python3.12/site-packages/airflow/example_dags/example_bash_decorator.py
[2024-09-12T14:10:52.574+0000] {processor.py:914} INFO - Processing file /home/airflow/.local/lib/python3.12/site-packages/airflow/example_dags/example_bash_decorator.py for tasks to queue
[2024-09-12T14:10:52.577+0000] {logging_mixin.py:190} INFO - [2024-09-12T14:10:52.576+0000] {dagbag.py:587} INFO - Filling up the DagBag from /home/airflow/.local/lib/python3.12/site-packages/airflow/example_dags/example_bash_decorator.py
[2024-09-12T14:10:52.593+0000] {processor.py:925} INFO - DAG(s) 'example_bash_decorator' retrieved from /home/airflow/.local/lib/python3.12/site-packages/airflow/example_dags/example_bash_decorator.py
[2024-09-12T14:10:52.622+0000] {logging_mixin.py:190} INFO - [2024-09-12T14:10:52.622+0000] {dag.py:3229} INFO - Sync 1 DAGs
[2024-09-12T14:10:52.638+0000] {logging_mixin.py:190} INFO - [2024-09-12T14:10:52.638+0000] {dag.py:4156} INFO - Setting next_dagrun for example_bash_decorator to None, run_after=None
[2024-09-12T14:10:52.656+0000] {processor.py:208} INFO - Processing /home/airflow/.local/lib/python3.12/site-packages/airflow/example_dags/example_bash_decorator.py took 0.089 seconds
[2024-09-12T14:11:22.928+0000] {processor.py:186} INFO - Started process (PID=1366) to work on /home/airflow/.local/lib/python3.12/site-packages/airflow/example_dags/example_bash_decorator.py
[2024-09-12T14:11:22.929+0000] {processor.py:914} INFO - Processing file /home/airflow/.local/lib/python3.12/site-packages/airflow/example_dags/example_bash_decorator.py for tasks to queue
[2024-09-12T14:11:22.932+0000] {logging_mixin.py:190} INFO - [2024-09-12T14:11:22.931+0000] {dagbag.py:587} INFO - Filling up the DagBag from /home/airflow/.local/lib/python3.12/site-packages/airflow/example_dags/example_bash_decorator.py
[2024-09-12T14:11:22.949+0000] {processor.py:925} INFO - DAG(s) 'example_bash_decorator' retrieved from /home/airflow/.local/lib/python3.12/site-packages/airflow/example_dags/example_bash_decorator.py
[2024-09-12T14:11:22.979+0000] {logging_mixin.py:190} INFO - [2024-09-12T14:11:22.978+0000] {dag.py:3229} INFO - Sync 1 DAGs
[2024-09-12T14:11:22.994+0000] {logging_mixin.py:190} INFO - [2024-09-12T14:11:22.994+0000] {dag.py:4156} INFO - Setting next_dagrun for example_bash_decorator to None, run_after=None
[2024-09-12T14:11:23.013+0000] {processor.py:208} INFO - Processing /home/airflow/.local/lib/python3.12/site-packages/airflow/example_dags/example_bash_decorator.py took 0.092 seconds
[2024-09-12T14:11:53.562+0000] {processor.py:186} INFO - Started process (PID=1428) to work on /home/airflow/.local/lib/python3.12/site-packages/airflow/example_dags/example_bash_decorator.py
[2024-09-12T14:11:53.563+0000] {processor.py:914} INFO - Processing file /home/airflow/.local/lib/python3.12/site-packages/airflow/example_dags/example_bash_decorator.py for tasks to queue
[2024-09-12T14:11:53.566+0000] {logging_mixin.py:190} INFO - [2024-09-12T14:11:53.566+0000] {dagbag.py:587} INFO - Filling up the DagBag from /home/airflow/.local/lib/python3.12/site-packages/airflow/example_dags/example_bash_decorator.py
[2024-09-12T14:11:53.584+0000] {processor.py:925} INFO - DAG(s) 'example_bash_decorator' retrieved from /home/airflow/.local/lib/python3.12/site-packages/airflow/example_dags/example_bash_decorator.py
[2024-09-12T14:11:53.610+0000] {logging_mixin.py:190} INFO - [2024-09-12T14:11:53.610+0000] {dag.py:3229} INFO - Sync 1 DAGs
[2024-09-12T14:11:53.629+0000] {logging_mixin.py:190} INFO - [2024-09-12T14:11:53.629+0000] {dag.py:4156} INFO - Setting next_dagrun for example_bash_decorator to None, run_after=None
[2024-09-12T14:11:53.647+0000] {processor.py:208} INFO - Processing /home/airflow/.local/lib/python3.12/site-packages/airflow/example_dags/example_bash_decorator.py took 0.092 seconds
[2024-09-12T14:12:24.079+0000] {processor.py:186} INFO - Started process (PID=1490) to work on /home/airflow/.local/lib/python3.12/site-packages/airflow/example_dags/example_bash_decorator.py
[2024-09-12T14:12:24.081+0000] {processor.py:914} INFO - Processing file /home/airflow/.local/lib/python3.12/site-packages/airflow/example_dags/example_bash_decorator.py for tasks to queue
[2024-09-12T14:12:24.083+0000] {logging_mixin.py:190} INFO - [2024-09-12T14:12:24.083+0000] {dagbag.py:587} INFO - Filling up the DagBag from /home/airflow/.local/lib/python3.12/site-packages/airflow/example_dags/example_bash_decorator.py
[2024-09-12T14:12:24.100+0000] {processor.py:925} INFO - DAG(s) 'example_bash_decorator' retrieved from /home/airflow/.local/lib/python3.12/site-packages/airflow/example_dags/example_bash_decorator.py
[2024-09-12T14:12:24.126+0000] {logging_mixin.py:190} INFO - [2024-09-12T14:12:24.126+0000] {dag.py:3229} INFO - Sync 1 DAGs
[2024-09-12T14:12:24.141+0000] {logging_mixin.py:190} INFO - [2024-09-12T14:12:24.141+0000] {dag.py:4156} INFO - Setting next_dagrun for example_bash_decorator to None, run_after=None
[2024-09-12T14:12:24.157+0000] {processor.py:208} INFO - Processing /home/airflow/.local/lib/python3.12/site-packages/airflow/example_dags/example_bash_decorator.py took 0.085 seconds
[2024-09-12T14:12:54.845+0000] {processor.py:186} INFO - Started process (PID=1552) to work on /home/airflow/.local/lib/python3.12/site-packages/airflow/example_dags/example_bash_decorator.py
[2024-09-12T14:12:54.846+0000] {processor.py:914} INFO - Processing file /home/airflow/.local/lib/python3.12/site-packages/airflow/example_dags/example_bash_decorator.py for tasks to queue
[2024-09-12T14:12:54.849+0000] {logging_mixin.py:190} INFO - [2024-09-12T14:12:54.849+0000] {dagbag.py:587} INFO - Filling up the DagBag from /home/airflow/.local/lib/python3.12/site-packages/airflow/example_dags/example_bash_decorator.py
[2024-09-12T14:12:54.866+0000] {processor.py:925} INFO - DAG(s) 'example_bash_decorator' retrieved from /home/airflow/.local/lib/python3.12/site-packages/airflow/example_dags/example_bash_decorator.py
[2024-09-12T14:12:54.893+0000] {logging_mixin.py:190} INFO - [2024-09-12T14:12:54.893+0000] {dag.py:3229} INFO - Sync 1 DAGs
[2024-09-12T14:12:54.910+0000] {logging_mixin.py:190} INFO - [2024-09-12T14:12:54.910+0000] {dag.py:4156} INFO - Setting next_dagrun for example_bash_decorator to None, run_after=None
[2024-09-12T14:12:54.926+0000] {processor.py:208} INFO - Processing /home/airflow/.local/lib/python3.12/site-packages/airflow/example_dags/example_bash_decorator.py took 0.087 seconds
[2024-09-12T14:13:25.409+0000] {processor.py:186} INFO - Started process (PID=1614) to work on /home/airflow/.local/lib/python3.12/site-packages/airflow/example_dags/example_bash_decorator.py
[2024-09-12T14:13:25.410+0000] {processor.py:914} INFO - Processing file /home/airflow/.local/lib/python3.12/site-packages/airflow/example_dags/example_bash_decorator.py for tasks to queue
[2024-09-12T14:13:25.413+0000] {logging_mixin.py:190} INFO - [2024-09-12T14:13:25.412+0000] {dagbag.py:587} INFO - Filling up the DagBag from /home/airflow/.local/lib/python3.12/site-packages/airflow/example_dags/example_bash_decorator.py
[2024-09-12T14:13:25.428+0000] {processor.py:925} INFO - DAG(s) 'example_bash_decorator' retrieved from /home/airflow/.local/lib/python3.12/site-packages/airflow/example_dags/example_bash_decorator.py
[2024-09-12T14:13:25.454+0000] {logging_mixin.py:190} INFO - [2024-09-12T14:13:25.454+0000] {dag.py:3229} INFO - Sync 1 DAGs
[2024-09-12T14:13:25.470+0000] {logging_mixin.py:190} INFO - [2024-09-12T14:13:25.470+0000] {dag.py:4156} INFO - Setting next_dagrun for example_bash_decorator to None, run_after=None
[2024-09-12T14:13:25.487+0000] {processor.py:208} INFO - Processing /home/airflow/.local/lib/python3.12/site-packages/airflow/example_dags/example_bash_decorator.py took 0.085 seconds
[2024-09-12T14:13:55.661+0000] {processor.py:186} INFO - Started process (PID=1676) to work on /home/airflow/.local/lib/python3.12/site-packages/airflow/example_dags/example_bash_decorator.py
[2024-09-12T14:13:55.662+0000] {processor.py:914} INFO - Processing file /home/airflow/.local/lib/python3.12/site-packages/airflow/example_dags/example_bash_decorator.py for tasks to queue
[2024-09-12T14:13:55.665+0000] {logging_mixin.py:190} INFO - [2024-09-12T14:13:55.665+0000] {dagbag.py:587} INFO - Filling up the DagBag from /home/airflow/.local/lib/python3.12/site-packages/airflow/example_dags/example_bash_decorator.py
[2024-09-12T14:13:55.684+0000] {processor.py:925} INFO - DAG(s) 'example_bash_decorator' retrieved from /home/airflow/.local/lib/python3.12/site-packages/airflow/example_dags/example_bash_decorator.py
[2024-09-12T14:13:55.713+0000] {logging_mixin.py:190} INFO - [2024-09-12T14:13:55.713+0000] {dag.py:3229} INFO - Sync 1 DAGs
[2024-09-12T14:13:55.729+0000] {logging_mixin.py:190} INFO - [2024-09-12T14:13:55.729+0000] {dag.py:4156} INFO - Setting next_dagrun for example_bash_decorator to None, run_after=None
[2024-09-12T14:13:55.753+0000] {processor.py:208} INFO - Processing /home/airflow/.local/lib/python3.12/site-packages/airflow/example_dags/example_bash_decorator.py took 0.100 seconds
[2024-09-12T14:14:26.062+0000] {processor.py:186} INFO - Started process (PID=1738) to work on /home/airflow/.local/lib/python3.12/site-packages/airflow/example_dags/example_bash_decorator.py
[2024-09-12T14:14:26.063+0000] {processor.py:914} INFO - Processing file /home/airflow/.local/lib/python3.12/site-packages/airflow/example_dags/example_bash_decorator.py for tasks to queue
[2024-09-12T14:14:26.065+0000] {logging_mixin.py:190} INFO - [2024-09-12T14:14:26.065+0000] {dagbag.py:587} INFO - Filling up the DagBag from /home/airflow/.local/lib/python3.12/site-packages/airflow/example_dags/example_bash_decorator.py
[2024-09-12T14:14:26.082+0000] {processor.py:925} INFO - DAG(s) 'example_bash_decorator' retrieved from /home/airflow/.local/lib/python3.12/site-packages/airflow/example_dags/example_bash_decorator.py
[2024-09-12T14:14:26.111+0000] {logging_mixin.py:190} INFO - [2024-09-12T14:14:26.110+0000] {dag.py:3229} INFO - Sync 1 DAGs
[2024-09-12T14:14:26.126+0000] {logging_mixin.py:190} INFO - [2024-09-12T14:14:26.126+0000] {dag.py:4156} INFO - Setting next_dagrun for example_bash_decorator to None, run_after=None
[2024-09-12T14:14:26.184+0000] {processor.py:208} INFO - Processing /home/airflow/.local/lib/python3.12/site-packages/airflow/example_dags/example_bash_decorator.py took 0.129 seconds
[2024-09-12T14:14:56.767+0000] {processor.py:186} INFO - Started process (PID=1800) to work on /home/airflow/.local/lib/python3.12/site-packages/airflow/example_dags/example_bash_decorator.py
[2024-09-12T14:14:56.768+0000] {processor.py:914} INFO - Processing file /home/airflow/.local/lib/python3.12/site-packages/airflow/example_dags/example_bash_decorator.py for tasks to queue
[2024-09-12T14:14:56.770+0000] {logging_mixin.py:190} INFO - [2024-09-12T14:14:56.770+0000] {dagbag.py:587} INFO - Filling up the DagBag from /home/airflow/.local/lib/python3.12/site-packages/airflow/example_dags/example_bash_decorator.py
[2024-09-12T14:14:56.786+0000] {processor.py:925} INFO - DAG(s) 'example_bash_decorator' retrieved from /home/airflow/.local/lib/python3.12/site-packages/airflow/example_dags/example_bash_decorator.py
[2024-09-12T14:14:56.809+0000] {logging_mixin.py:190} INFO - [2024-09-12T14:14:56.809+0000] {dag.py:3229} INFO - Sync 1 DAGs
[2024-09-12T14:14:56.824+0000] {logging_mixin.py:190} INFO - [2024-09-12T14:14:56.824+0000] {dag.py:4156} INFO - Setting next_dagrun for example_bash_decorator to None, run_after=None
[2024-09-12T14:14:56.841+0000] {processor.py:208} INFO - Processing /home/airflow/.local/lib/python3.12/site-packages/airflow/example_dags/example_bash_decorator.py took 0.081 seconds
[2024-09-12T14:18:12.784+0000] {processor.py:186} INFO - Started process (PID=57) to work on /home/airflow/.local/lib/python3.12/site-packages/airflow/example_dags/example_bash_decorator.py
[2024-09-12T14:18:12.785+0000] {processor.py:914} INFO - Processing file /home/airflow/.local/lib/python3.12/site-packages/airflow/example_dags/example_bash_decorator.py for tasks to queue
[2024-09-12T14:18:12.787+0000] {logging_mixin.py:190} INFO - [2024-09-12T14:18:12.787+0000] {dagbag.py:587} INFO - Filling up the DagBag from /home/airflow/.local/lib/python3.12/site-packages/airflow/example_dags/example_bash_decorator.py
[2024-09-12T14:18:12.804+0000] {processor.py:925} INFO - DAG(s) 'example_bash_decorator' retrieved from /home/airflow/.local/lib/python3.12/site-packages/airflow/example_dags/example_bash_decorator.py
[2024-09-12T14:18:12.955+0000] {logging_mixin.py:190} INFO - [2024-09-12T14:18:12.955+0000] {dag.py:3229} INFO - Sync 1 DAGs
[2024-09-12T14:18:12.970+0000] {logging_mixin.py:190} INFO - [2024-09-12T14:18:12.969+0000] {dag.py:4156} INFO - Setting next_dagrun for example_bash_decorator to None, run_after=None
[2024-09-12T14:18:12.992+0000] {processor.py:208} INFO - Processing /home/airflow/.local/lib/python3.12/site-packages/airflow/example_dags/example_bash_decorator.py took 0.214 seconds
[2024-09-12T14:18:43.647+0000] {processor.py:186} INFO - Started process (PID=119) to work on /home/airflow/.local/lib/python3.12/site-packages/airflow/example_dags/example_bash_decorator.py
[2024-09-12T14:18:43.648+0000] {processor.py:914} INFO - Processing file /home/airflow/.local/lib/python3.12/site-packages/airflow/example_dags/example_bash_decorator.py for tasks to queue
[2024-09-12T14:18:43.650+0000] {logging_mixin.py:190} INFO - [2024-09-12T14:18:43.650+0000] {dagbag.py:587} INFO - Filling up the DagBag from /home/airflow/.local/lib/python3.12/site-packages/airflow/example_dags/example_bash_decorator.py
[2024-09-12T14:18:43.668+0000] {processor.py:925} INFO - DAG(s) 'example_bash_decorator' retrieved from /home/airflow/.local/lib/python3.12/site-packages/airflow/example_dags/example_bash_decorator.py
[2024-09-12T14:18:43.708+0000] {logging_mixin.py:190} INFO - [2024-09-12T14:18:43.707+0000] {dag.py:3229} INFO - Sync 1 DAGs
[2024-09-12T14:18:43.724+0000] {logging_mixin.py:190} INFO - [2024-09-12T14:18:43.724+0000] {dag.py:4156} INFO - Setting next_dagrun for example_bash_decorator to None, run_after=None
[2024-09-12T14:18:43.745+0000] {processor.py:208} INFO - Processing /home/airflow/.local/lib/python3.12/site-packages/airflow/example_dags/example_bash_decorator.py took 0.104 seconds
[2024-09-12T14:19:14.530+0000] {processor.py:186} INFO - Started process (PID=182) to work on /home/airflow/.local/lib/python3.12/site-packages/airflow/example_dags/example_bash_decorator.py
[2024-09-12T14:19:14.531+0000] {processor.py:914} INFO - Processing file /home/airflow/.local/lib/python3.12/site-packages/airflow/example_dags/example_bash_decorator.py for tasks to queue
[2024-09-12T14:19:14.533+0000] {logging_mixin.py:190} INFO - [2024-09-12T14:19:14.533+0000] {dagbag.py:587} INFO - Filling up the DagBag from /home/airflow/.local/lib/python3.12/site-packages/airflow/example_dags/example_bash_decorator.py
[2024-09-12T14:19:14.549+0000] {processor.py:925} INFO - DAG(s) 'example_bash_decorator' retrieved from /home/airflow/.local/lib/python3.12/site-packages/airflow/example_dags/example_bash_decorator.py
[2024-09-12T14:19:14.575+0000] {logging_mixin.py:190} INFO - [2024-09-12T14:19:14.574+0000] {dag.py:3229} INFO - Sync 1 DAGs
[2024-09-12T14:19:14.594+0000] {logging_mixin.py:190} INFO - [2024-09-12T14:19:14.594+0000] {dag.py:4156} INFO - Setting next_dagrun for example_bash_decorator to None, run_after=None
[2024-09-12T14:19:14.617+0000] {processor.py:208} INFO - Processing /home/airflow/.local/lib/python3.12/site-packages/airflow/example_dags/example_bash_decorator.py took 0.095 seconds
[2024-09-12T14:19:45.322+0000] {processor.py:186} INFO - Started process (PID=244) to work on /home/airflow/.local/lib/python3.12/site-packages/airflow/example_dags/example_bash_decorator.py
[2024-09-12T14:19:45.324+0000] {processor.py:914} INFO - Processing file /home/airflow/.local/lib/python3.12/site-packages/airflow/example_dags/example_bash_decorator.py for tasks to queue
[2024-09-12T14:19:45.326+0000] {logging_mixin.py:190} INFO - [2024-09-12T14:19:45.326+0000] {dagbag.py:587} INFO - Filling up the DagBag from /home/airflow/.local/lib/python3.12/site-packages/airflow/example_dags/example_bash_decorator.py
[2024-09-12T14:19:45.345+0000] {processor.py:925} INFO - DAG(s) 'example_bash_decorator' retrieved from /home/airflow/.local/lib/python3.12/site-packages/airflow/example_dags/example_bash_decorator.py
[2024-09-12T14:19:45.373+0000] {logging_mixin.py:190} INFO - [2024-09-12T14:19:45.373+0000] {dag.py:3229} INFO - Sync 1 DAGs
[2024-09-12T14:19:45.401+0000] {logging_mixin.py:190} INFO - [2024-09-12T14:19:45.400+0000] {dag.py:4156} INFO - Setting next_dagrun for example_bash_decorator to None, run_after=None
[2024-09-12T14:19:45.428+0000] {processor.py:208} INFO - Processing /home/airflow/.local/lib/python3.12/site-packages/airflow/example_dags/example_bash_decorator.py took 0.113 seconds
[2024-09-12T14:20:15.675+0000] {processor.py:186} INFO - Started process (PID=306) to work on /home/airflow/.local/lib/python3.12/site-packages/airflow/example_dags/example_bash_decorator.py
[2024-09-12T14:20:15.676+0000] {processor.py:914} INFO - Processing file /home/airflow/.local/lib/python3.12/site-packages/airflow/example_dags/example_bash_decorator.py for tasks to queue
[2024-09-12T14:20:15.679+0000] {logging_mixin.py:190} INFO - [2024-09-12T14:20:15.679+0000] {dagbag.py:587} INFO - Filling up the DagBag from /home/airflow/.local/lib/python3.12/site-packages/airflow/example_dags/example_bash_decorator.py
[2024-09-12T14:20:15.698+0000] {processor.py:925} INFO - DAG(s) 'example_bash_decorator' retrieved from /home/airflow/.local/lib/python3.12/site-packages/airflow/example_dags/example_bash_decorator.py
[2024-09-12T14:20:15.725+0000] {logging_mixin.py:190} INFO - [2024-09-12T14:20:15.725+0000] {dag.py:3229} INFO - Sync 1 DAGs
[2024-09-12T14:20:15.741+0000] {logging_mixin.py:190} INFO - [2024-09-12T14:20:15.741+0000] {dag.py:4156} INFO - Setting next_dagrun for example_bash_decorator to None, run_after=None
[2024-09-12T14:20:15.760+0000] {processor.py:208} INFO - Processing /home/airflow/.local/lib/python3.12/site-packages/airflow/example_dags/example_bash_decorator.py took 0.092 seconds
[2024-09-12T14:20:45.886+0000] {processor.py:186} INFO - Started process (PID=368) to work on /home/airflow/.local/lib/python3.12/site-packages/airflow/example_dags/example_bash_decorator.py
[2024-09-12T14:20:45.887+0000] {processor.py:914} INFO - Processing file /home/airflow/.local/lib/python3.12/site-packages/airflow/example_dags/example_bash_decorator.py for tasks to queue
[2024-09-12T14:20:45.890+0000] {logging_mixin.py:190} INFO - [2024-09-12T14:20:45.890+0000] {dagbag.py:587} INFO - Filling up the DagBag from /home/airflow/.local/lib/python3.12/site-packages/airflow/example_dags/example_bash_decorator.py
[2024-09-12T14:20:45.907+0000] {processor.py:925} INFO - DAG(s) 'example_bash_decorator' retrieved from /home/airflow/.local/lib/python3.12/site-packages/airflow/example_dags/example_bash_decorator.py
[2024-09-12T14:20:45.942+0000] {logging_mixin.py:190} INFO - [2024-09-12T14:20:45.942+0000] {dag.py:3229} INFO - Sync 1 DAGs
[2024-09-12T14:20:45.958+0000] {logging_mixin.py:190} INFO - [2024-09-12T14:20:45.958+0000] {dag.py:4156} INFO - Setting next_dagrun for example_bash_decorator to None, run_after=None
[2024-09-12T14:20:45.976+0000] {processor.py:208} INFO - Processing /home/airflow/.local/lib/python3.12/site-packages/airflow/example_dags/example_bash_decorator.py took 0.098 seconds
[2024-09-12T14:21:16.089+0000] {processor.py:186} INFO - Started process (PID=430) to work on /home/airflow/.local/lib/python3.12/site-packages/airflow/example_dags/example_bash_decorator.py
[2024-09-12T14:21:16.091+0000] {processor.py:914} INFO - Processing file /home/airflow/.local/lib/python3.12/site-packages/airflow/example_dags/example_bash_decorator.py for tasks to queue
[2024-09-12T14:21:16.094+0000] {logging_mixin.py:190} INFO - [2024-09-12T14:21:16.093+0000] {dagbag.py:587} INFO - Filling up the DagBag from /home/airflow/.local/lib/python3.12/site-packages/airflow/example_dags/example_bash_decorator.py
[2024-09-12T14:21:16.113+0000] {processor.py:925} INFO - DAG(s) 'example_bash_decorator' retrieved from /home/airflow/.local/lib/python3.12/site-packages/airflow/example_dags/example_bash_decorator.py
[2024-09-12T14:21:16.211+0000] {logging_mixin.py:190} INFO - [2024-09-12T14:21:16.210+0000] {dag.py:3229} INFO - Sync 1 DAGs
[2024-09-12T14:21:16.289+0000] {logging_mixin.py:190} INFO - [2024-09-12T14:21:16.289+0000] {dag.py:4156} INFO - Setting next_dagrun for example_bash_decorator to None, run_after=None
[2024-09-12T14:21:16.382+0000] {processor.py:208} INFO - Processing /home/airflow/.local/lib/python3.12/site-packages/airflow/example_dags/example_bash_decorator.py took 0.300 seconds
[2024-09-12T14:21:46.680+0000] {processor.py:186} INFO - Started process (PID=492) to work on /home/airflow/.local/lib/python3.12/site-packages/airflow/example_dags/example_bash_decorator.py
[2024-09-12T14:21:46.682+0000] {processor.py:914} INFO - Processing file /home/airflow/.local/lib/python3.12/site-packages/airflow/example_dags/example_bash_decorator.py for tasks to queue
[2024-09-12T14:21:46.686+0000] {logging_mixin.py:190} INFO - [2024-09-12T14:21:46.685+0000] {dagbag.py:587} INFO - Filling up the DagBag from /home/airflow/.local/lib/python3.12/site-packages/airflow/example_dags/example_bash_decorator.py
[2024-09-12T14:21:46.706+0000] {processor.py:925} INFO - DAG(s) 'example_bash_decorator' retrieved from /home/airflow/.local/lib/python3.12/site-packages/airflow/example_dags/example_bash_decorator.py
[2024-09-12T14:21:46.738+0000] {logging_mixin.py:190} INFO - [2024-09-12T14:21:46.737+0000] {dag.py:3229} INFO - Sync 1 DAGs
[2024-09-12T14:21:46.781+0000] {logging_mixin.py:190} INFO - [2024-09-12T14:21:46.781+0000] {dag.py:4156} INFO - Setting next_dagrun for example_bash_decorator to None, run_after=None
[2024-09-12T14:21:46.809+0000] {processor.py:208} INFO - Processing /home/airflow/.local/lib/python3.12/site-packages/airflow/example_dags/example_bash_decorator.py took 0.137 seconds
[2024-09-12T14:22:17.112+0000] {processor.py:186} INFO - Started process (PID=554) to work on /home/airflow/.local/lib/python3.12/site-packages/airflow/example_dags/example_bash_decorator.py
[2024-09-12T14:22:17.114+0000] {processor.py:914} INFO - Processing file /home/airflow/.local/lib/python3.12/site-packages/airflow/example_dags/example_bash_decorator.py for tasks to queue
[2024-09-12T14:22:17.116+0000] {logging_mixin.py:190} INFO - [2024-09-12T14:22:17.116+0000] {dagbag.py:587} INFO - Filling up the DagBag from /home/airflow/.local/lib/python3.12/site-packages/airflow/example_dags/example_bash_decorator.py
[2024-09-12T14:22:17.133+0000] {processor.py:925} INFO - DAG(s) 'example_bash_decorator' retrieved from /home/airflow/.local/lib/python3.12/site-packages/airflow/example_dags/example_bash_decorator.py
[2024-09-12T14:22:17.165+0000] {logging_mixin.py:190} INFO - [2024-09-12T14:22:17.165+0000] {dag.py:3229} INFO - Sync 1 DAGs
[2024-09-12T14:22:17.186+0000] {logging_mixin.py:190} INFO - [2024-09-12T14:22:17.186+0000] {dag.py:4156} INFO - Setting next_dagrun for example_bash_decorator to None, run_after=None
[2024-09-12T14:22:17.210+0000] {processor.py:208} INFO - Processing /home/airflow/.local/lib/python3.12/site-packages/airflow/example_dags/example_bash_decorator.py took 0.105 seconds
[2024-09-12T14:22:47.303+0000] {processor.py:186} INFO - Started process (PID=616) to work on /home/airflow/.local/lib/python3.12/site-packages/airflow/example_dags/example_bash_decorator.py
[2024-09-12T14:22:47.304+0000] {processor.py:914} INFO - Processing file /home/airflow/.local/lib/python3.12/site-packages/airflow/example_dags/example_bash_decorator.py for tasks to queue
[2024-09-12T14:22:47.306+0000] {logging_mixin.py:190} INFO - [2024-09-12T14:22:47.306+0000] {dagbag.py:587} INFO - Filling up the DagBag from /home/airflow/.local/lib/python3.12/site-packages/airflow/example_dags/example_bash_decorator.py
[2024-09-12T14:22:47.326+0000] {processor.py:925} INFO - DAG(s) 'example_bash_decorator' retrieved from /home/airflow/.local/lib/python3.12/site-packages/airflow/example_dags/example_bash_decorator.py
[2024-09-12T14:22:47.353+0000] {logging_mixin.py:190} INFO - [2024-09-12T14:22:47.353+0000] {dag.py:3229} INFO - Sync 1 DAGs
[2024-09-12T14:22:47.369+0000] {logging_mixin.py:190} INFO - [2024-09-12T14:22:47.369+0000] {dag.py:4156} INFO - Setting next_dagrun for example_bash_decorator to None, run_after=None
[2024-09-12T14:22:47.388+0000] {processor.py:208} INFO - Processing /home/airflow/.local/lib/python3.12/site-packages/airflow/example_dags/example_bash_decorator.py took 0.093 seconds
[2024-09-12T14:23:17.957+0000] {processor.py:186} INFO - Started process (PID=678) to work on /home/airflow/.local/lib/python3.12/site-packages/airflow/example_dags/example_bash_decorator.py
[2024-09-12T14:23:17.959+0000] {processor.py:914} INFO - Processing file /home/airflow/.local/lib/python3.12/site-packages/airflow/example_dags/example_bash_decorator.py for tasks to queue
[2024-09-12T14:23:17.961+0000] {logging_mixin.py:190} INFO - [2024-09-12T14:23:17.961+0000] {dagbag.py:587} INFO - Filling up the DagBag from /home/airflow/.local/lib/python3.12/site-packages/airflow/example_dags/example_bash_decorator.py
[2024-09-12T14:23:17.979+0000] {processor.py:925} INFO - DAG(s) 'example_bash_decorator' retrieved from /home/airflow/.local/lib/python3.12/site-packages/airflow/example_dags/example_bash_decorator.py
[2024-09-12T14:23:18.018+0000] {logging_mixin.py:190} INFO - [2024-09-12T14:23:18.017+0000] {dag.py:3229} INFO - Sync 1 DAGs
[2024-09-12T14:23:18.038+0000] {logging_mixin.py:190} INFO - [2024-09-12T14:23:18.037+0000] {dag.py:4156} INFO - Setting next_dagrun for example_bash_decorator to None, run_after=None
[2024-09-12T14:23:18.063+0000] {processor.py:208} INFO - Processing /home/airflow/.local/lib/python3.12/site-packages/airflow/example_dags/example_bash_decorator.py took 0.112 seconds
[2024-09-12T14:23:48.750+0000] {processor.py:186} INFO - Started process (PID=740) to work on /home/airflow/.local/lib/python3.12/site-packages/airflow/example_dags/example_bash_decorator.py
[2024-09-12T14:23:48.752+0000] {processor.py:914} INFO - Processing file /home/airflow/.local/lib/python3.12/site-packages/airflow/example_dags/example_bash_decorator.py for tasks to queue
[2024-09-12T14:23:48.754+0000] {logging_mixin.py:190} INFO - [2024-09-12T14:23:48.754+0000] {dagbag.py:587} INFO - Filling up the DagBag from /home/airflow/.local/lib/python3.12/site-packages/airflow/example_dags/example_bash_decorator.py
[2024-09-12T14:23:48.773+0000] {processor.py:925} INFO - DAG(s) 'example_bash_decorator' retrieved from /home/airflow/.local/lib/python3.12/site-packages/airflow/example_dags/example_bash_decorator.py
[2024-09-12T14:23:48.810+0000] {logging_mixin.py:190} INFO - [2024-09-12T14:23:48.810+0000] {dag.py:3229} INFO - Sync 1 DAGs
[2024-09-12T14:23:48.832+0000] {logging_mixin.py:190} INFO - [2024-09-12T14:23:48.831+0000] {dag.py:4156} INFO - Setting next_dagrun for example_bash_decorator to None, run_after=None
[2024-09-12T14:23:48.857+0000] {processor.py:208} INFO - Processing /home/airflow/.local/lib/python3.12/site-packages/airflow/example_dags/example_bash_decorator.py took 0.114 seconds
[2024-09-12T14:24:19.614+0000] {processor.py:186} INFO - Started process (PID=802) to work on /home/airflow/.local/lib/python3.12/site-packages/airflow/example_dags/example_bash_decorator.py
[2024-09-12T14:24:19.615+0000] {processor.py:914} INFO - Processing file /home/airflow/.local/lib/python3.12/site-packages/airflow/example_dags/example_bash_decorator.py for tasks to queue
[2024-09-12T14:24:19.618+0000] {logging_mixin.py:190} INFO - [2024-09-12T14:24:19.617+0000] {dagbag.py:587} INFO - Filling up the DagBag from /home/airflow/.local/lib/python3.12/site-packages/airflow/example_dags/example_bash_decorator.py
[2024-09-12T14:24:19.636+0000] {processor.py:925} INFO - DAG(s) 'example_bash_decorator' retrieved from /home/airflow/.local/lib/python3.12/site-packages/airflow/example_dags/example_bash_decorator.py
[2024-09-12T14:24:19.667+0000] {logging_mixin.py:190} INFO - [2024-09-12T14:24:19.667+0000] {dag.py:3229} INFO - Sync 1 DAGs
[2024-09-12T14:24:19.687+0000] {logging_mixin.py:190} INFO - [2024-09-12T14:24:19.686+0000] {dag.py:4156} INFO - Setting next_dagrun for example_bash_decorator to None, run_after=None
[2024-09-12T14:24:19.707+0000] {processor.py:208} INFO - Processing /home/airflow/.local/lib/python3.12/site-packages/airflow/example_dags/example_bash_decorator.py took 0.099 seconds
[2024-09-12T14:24:50.307+0000] {processor.py:186} INFO - Started process (PID=864) to work on /home/airflow/.local/lib/python3.12/site-packages/airflow/example_dags/example_bash_decorator.py
[2024-09-12T14:24:50.308+0000] {processor.py:914} INFO - Processing file /home/airflow/.local/lib/python3.12/site-packages/airflow/example_dags/example_bash_decorator.py for tasks to queue
[2024-09-12T14:24:50.311+0000] {logging_mixin.py:190} INFO - [2024-09-12T14:24:50.310+0000] {dagbag.py:587} INFO - Filling up the DagBag from /home/airflow/.local/lib/python3.12/site-packages/airflow/example_dags/example_bash_decorator.py
[2024-09-12T14:24:50.326+0000] {processor.py:925} INFO - DAG(s) 'example_bash_decorator' retrieved from /home/airflow/.local/lib/python3.12/site-packages/airflow/example_dags/example_bash_decorator.py
[2024-09-12T14:24:50.350+0000] {logging_mixin.py:190} INFO - [2024-09-12T14:24:50.350+0000] {dag.py:3229} INFO - Sync 1 DAGs
[2024-09-12T14:24:50.393+0000] {logging_mixin.py:190} INFO - [2024-09-12T14:24:50.393+0000] {dag.py:4156} INFO - Setting next_dagrun for example_bash_decorator to None, run_after=None
[2024-09-12T14:24:50.412+0000] {processor.py:208} INFO - Processing /home/airflow/.local/lib/python3.12/site-packages/airflow/example_dags/example_bash_decorator.py took 0.110 seconds
[2024-09-12T14:25:20.667+0000] {processor.py:186} INFO - Started process (PID=926) to work on /home/airflow/.local/lib/python3.12/site-packages/airflow/example_dags/example_bash_decorator.py
[2024-09-12T14:25:20.668+0000] {processor.py:914} INFO - Processing file /home/airflow/.local/lib/python3.12/site-packages/airflow/example_dags/example_bash_decorator.py for tasks to queue
[2024-09-12T14:25:20.670+0000] {logging_mixin.py:190} INFO - [2024-09-12T14:25:20.670+0000] {dagbag.py:587} INFO - Filling up the DagBag from /home/airflow/.local/lib/python3.12/site-packages/airflow/example_dags/example_bash_decorator.py
[2024-09-12T14:25:20.685+0000] {processor.py:925} INFO - DAG(s) 'example_bash_decorator' retrieved from /home/airflow/.local/lib/python3.12/site-packages/airflow/example_dags/example_bash_decorator.py
[2024-09-12T14:25:20.712+0000] {logging_mixin.py:190} INFO - [2024-09-12T14:25:20.711+0000] {dag.py:3229} INFO - Sync 1 DAGs
[2024-09-12T14:25:20.728+0000] {logging_mixin.py:190} INFO - [2024-09-12T14:25:20.727+0000] {dag.py:4156} INFO - Setting next_dagrun for example_bash_decorator to None, run_after=None
[2024-09-12T14:25:20.787+0000] {processor.py:208} INFO - Processing /home/airflow/.local/lib/python3.12/site-packages/airflow/example_dags/example_bash_decorator.py took 0.126 seconds
[2024-09-12T14:25:51.002+0000] {processor.py:186} INFO - Started process (PID=988) to work on /home/airflow/.local/lib/python3.12/site-packages/airflow/example_dags/example_bash_decorator.py
[2024-09-12T14:25:51.003+0000] {processor.py:914} INFO - Processing file /home/airflow/.local/lib/python3.12/site-packages/airflow/example_dags/example_bash_decorator.py for tasks to queue
[2024-09-12T14:25:51.006+0000] {logging_mixin.py:190} INFO - [2024-09-12T14:25:51.005+0000] {dagbag.py:587} INFO - Filling up the DagBag from /home/airflow/.local/lib/python3.12/site-packages/airflow/example_dags/example_bash_decorator.py
[2024-09-12T14:25:51.020+0000] {processor.py:925} INFO - DAG(s) 'example_bash_decorator' retrieved from /home/airflow/.local/lib/python3.12/site-packages/airflow/example_dags/example_bash_decorator.py
[2024-09-12T14:25:51.045+0000] {logging_mixin.py:190} INFO - [2024-09-12T14:25:51.045+0000] {dag.py:3229} INFO - Sync 1 DAGs
[2024-09-12T14:25:51.063+0000] {logging_mixin.py:190} INFO - [2024-09-12T14:25:51.063+0000] {dag.py:4156} INFO - Setting next_dagrun for example_bash_decorator to None, run_after=None
[2024-09-12T14:25:51.091+0000] {processor.py:208} INFO - Processing /home/airflow/.local/lib/python3.12/site-packages/airflow/example_dags/example_bash_decorator.py took 0.094 seconds
[2024-09-12T14:26:21.964+0000] {processor.py:186} INFO - Started process (PID=1050) to work on /home/airflow/.local/lib/python3.12/site-packages/airflow/example_dags/example_bash_decorator.py
[2024-09-12T14:26:21.965+0000] {processor.py:914} INFO - Processing file /home/airflow/.local/lib/python3.12/site-packages/airflow/example_dags/example_bash_decorator.py for tasks to queue
[2024-09-12T14:26:21.967+0000] {logging_mixin.py:190} INFO - [2024-09-12T14:26:21.967+0000] {dagbag.py:587} INFO - Filling up the DagBag from /home/airflow/.local/lib/python3.12/site-packages/airflow/example_dags/example_bash_decorator.py
[2024-09-12T14:26:21.982+0000] {processor.py:925} INFO - DAG(s) 'example_bash_decorator' retrieved from /home/airflow/.local/lib/python3.12/site-packages/airflow/example_dags/example_bash_decorator.py
[2024-09-12T14:26:22.008+0000] {logging_mixin.py:190} INFO - [2024-09-12T14:26:22.008+0000] {dag.py:3229} INFO - Sync 1 DAGs
[2024-09-12T14:26:22.023+0000] {logging_mixin.py:190} INFO - [2024-09-12T14:26:22.023+0000] {dag.py:4156} INFO - Setting next_dagrun for example_bash_decorator to None, run_after=None
[2024-09-12T14:26:22.044+0000] {processor.py:208} INFO - Processing /home/airflow/.local/lib/python3.12/site-packages/airflow/example_dags/example_bash_decorator.py took 0.086 seconds
[2024-09-12T14:26:52.586+0000] {processor.py:186} INFO - Started process (PID=1112) to work on /home/airflow/.local/lib/python3.12/site-packages/airflow/example_dags/example_bash_decorator.py
[2024-09-12T14:26:52.587+0000] {processor.py:914} INFO - Processing file /home/airflow/.local/lib/python3.12/site-packages/airflow/example_dags/example_bash_decorator.py for tasks to queue
[2024-09-12T14:26:52.591+0000] {logging_mixin.py:190} INFO - [2024-09-12T14:26:52.590+0000] {dagbag.py:587} INFO - Filling up the DagBag from /home/airflow/.local/lib/python3.12/site-packages/airflow/example_dags/example_bash_decorator.py
[2024-09-12T14:26:52.609+0000] {processor.py:925} INFO - DAG(s) 'example_bash_decorator' retrieved from /home/airflow/.local/lib/python3.12/site-packages/airflow/example_dags/example_bash_decorator.py
[2024-09-12T14:26:52.639+0000] {logging_mixin.py:190} INFO - [2024-09-12T14:26:52.639+0000] {dag.py:3229} INFO - Sync 1 DAGs
[2024-09-12T14:26:52.659+0000] {logging_mixin.py:190} INFO - [2024-09-12T14:26:52.659+0000] {dag.py:4156} INFO - Setting next_dagrun for example_bash_decorator to None, run_after=None
[2024-09-12T14:26:52.698+0000] {processor.py:208} INFO - Processing /home/airflow/.local/lib/python3.12/site-packages/airflow/example_dags/example_bash_decorator.py took 0.119 seconds
[2024-09-12T14:27:23.484+0000] {processor.py:186} INFO - Started process (PID=1174) to work on /home/airflow/.local/lib/python3.12/site-packages/airflow/example_dags/example_bash_decorator.py
[2024-09-12T14:27:23.485+0000] {processor.py:914} INFO - Processing file /home/airflow/.local/lib/python3.12/site-packages/airflow/example_dags/example_bash_decorator.py for tasks to queue
[2024-09-12T14:27:23.491+0000] {logging_mixin.py:190} INFO - [2024-09-12T14:27:23.491+0000] {dagbag.py:587} INFO - Filling up the DagBag from /home/airflow/.local/lib/python3.12/site-packages/airflow/example_dags/example_bash_decorator.py
[2024-09-12T14:27:23.520+0000] {processor.py:925} INFO - DAG(s) 'example_bash_decorator' retrieved from /home/airflow/.local/lib/python3.12/site-packages/airflow/example_dags/example_bash_decorator.py
[2024-09-12T14:27:23.624+0000] {logging_mixin.py:190} INFO - [2024-09-12T14:27:23.623+0000] {dag.py:3229} INFO - Sync 1 DAGs
[2024-09-12T14:27:23.702+0000] {logging_mixin.py:190} INFO - [2024-09-12T14:27:23.702+0000] {dag.py:4156} INFO - Setting next_dagrun for example_bash_decorator to None, run_after=None
[2024-09-12T14:27:23.789+0000] {processor.py:208} INFO - Processing /home/airflow/.local/lib/python3.12/site-packages/airflow/example_dags/example_bash_decorator.py took 0.318 seconds
[2024-09-12T14:27:54.480+0000] {processor.py:186} INFO - Started process (PID=1236) to work on /home/airflow/.local/lib/python3.12/site-packages/airflow/example_dags/example_bash_decorator.py
[2024-09-12T14:27:54.482+0000] {processor.py:914} INFO - Processing file /home/airflow/.local/lib/python3.12/site-packages/airflow/example_dags/example_bash_decorator.py for tasks to queue
[2024-09-12T14:27:54.486+0000] {logging_mixin.py:190} INFO - [2024-09-12T14:27:54.485+0000] {dagbag.py:587} INFO - Filling up the DagBag from /home/airflow/.local/lib/python3.12/site-packages/airflow/example_dags/example_bash_decorator.py
[2024-09-12T14:27:54.587+0000] {processor.py:925} INFO - DAG(s) 'example_bash_decorator' retrieved from /home/airflow/.local/lib/python3.12/site-packages/airflow/example_dags/example_bash_decorator.py
[2024-09-12T14:27:54.706+0000] {logging_mixin.py:190} INFO - [2024-09-12T14:27:54.705+0000] {dag.py:3229} INFO - Sync 1 DAGs
[2024-09-12T14:27:54.800+0000] {logging_mixin.py:190} INFO - [2024-09-12T14:27:54.800+0000] {dag.py:4156} INFO - Setting next_dagrun for example_bash_decorator to None, run_after=None
[2024-09-12T14:27:54.894+0000] {processor.py:208} INFO - Processing /home/airflow/.local/lib/python3.12/site-packages/airflow/example_dags/example_bash_decorator.py took 0.493 seconds
[2024-09-12T14:28:25.117+0000] {processor.py:186} INFO - Started process (PID=1298) to work on /home/airflow/.local/lib/python3.12/site-packages/airflow/example_dags/example_bash_decorator.py
[2024-09-12T14:28:25.181+0000] {processor.py:914} INFO - Processing file /home/airflow/.local/lib/python3.12/site-packages/airflow/example_dags/example_bash_decorator.py for tasks to queue
[2024-09-12T14:28:25.192+0000] {logging_mixin.py:190} INFO - [2024-09-12T14:28:25.191+0000] {dagbag.py:587} INFO - Filling up the DagBag from /home/airflow/.local/lib/python3.12/site-packages/airflow/example_dags/example_bash_decorator.py
[2024-09-12T14:28:25.290+0000] {processor.py:925} INFO - DAG(s) 'example_bash_decorator' retrieved from /home/airflow/.local/lib/python3.12/site-packages/airflow/example_dags/example_bash_decorator.py
[2024-09-12T14:28:25.486+0000] {logging_mixin.py:190} INFO - [2024-09-12T14:28:25.486+0000] {dag.py:3229} INFO - Sync 1 DAGs
[2024-09-12T14:28:25.599+0000] {logging_mixin.py:190} INFO - [2024-09-12T14:28:25.599+0000] {dag.py:4156} INFO - Setting next_dagrun for example_bash_decorator to None, run_after=None
[2024-09-12T14:28:25.802+0000] {processor.py:208} INFO - Processing /home/airflow/.local/lib/python3.12/site-packages/airflow/example_dags/example_bash_decorator.py took 0.704 seconds
[2024-09-12T14:28:56.913+0000] {processor.py:186} INFO - Started process (PID=1360) to work on /home/airflow/.local/lib/python3.12/site-packages/airflow/example_dags/example_bash_decorator.py
[2024-09-12T14:28:56.916+0000] {processor.py:914} INFO - Processing file /home/airflow/.local/lib/python3.12/site-packages/airflow/example_dags/example_bash_decorator.py for tasks to queue
[2024-09-12T14:28:56.984+0000] {logging_mixin.py:190} INFO - [2024-09-12T14:28:56.983+0000] {dagbag.py:587} INFO - Filling up the DagBag from /home/airflow/.local/lib/python3.12/site-packages/airflow/example_dags/example_bash_decorator.py
[2024-09-12T14:28:57.105+0000] {processor.py:925} INFO - DAG(s) 'example_bash_decorator' retrieved from /home/airflow/.local/lib/python3.12/site-packages/airflow/example_dags/example_bash_decorator.py
[2024-09-12T14:28:57.300+0000] {logging_mixin.py:190} INFO - [2024-09-12T14:28:57.300+0000] {dag.py:3229} INFO - Sync 1 DAGs
[2024-09-12T14:28:57.408+0000] {logging_mixin.py:190} INFO - [2024-09-12T14:28:57.408+0000] {dag.py:4156} INFO - Setting next_dagrun for example_bash_decorator to None, run_after=None
[2024-09-12T14:28:57.582+0000] {processor.py:208} INFO - Processing /home/airflow/.local/lib/python3.12/site-packages/airflow/example_dags/example_bash_decorator.py took 0.771 seconds
[2024-09-12T14:29:27.884+0000] {processor.py:186} INFO - Started process (PID=1422) to work on /home/airflow/.local/lib/python3.12/site-packages/airflow/example_dags/example_bash_decorator.py
[2024-09-12T14:29:27.885+0000] {processor.py:914} INFO - Processing file /home/airflow/.local/lib/python3.12/site-packages/airflow/example_dags/example_bash_decorator.py for tasks to queue
[2024-09-12T14:29:27.889+0000] {logging_mixin.py:190} INFO - [2024-09-12T14:29:27.888+0000] {dagbag.py:587} INFO - Filling up the DagBag from /home/airflow/.local/lib/python3.12/site-packages/airflow/example_dags/example_bash_decorator.py
[2024-09-12T14:29:27.924+0000] {processor.py:925} INFO - DAG(s) 'example_bash_decorator' retrieved from /home/airflow/.local/lib/python3.12/site-packages/airflow/example_dags/example_bash_decorator.py
[2024-09-12T14:29:28.018+0000] {logging_mixin.py:190} INFO - [2024-09-12T14:29:28.018+0000] {dag.py:3229} INFO - Sync 1 DAGs
[2024-09-12T14:29:28.117+0000] {logging_mixin.py:190} INFO - [2024-09-12T14:29:28.117+0000] {dag.py:4156} INFO - Setting next_dagrun for example_bash_decorator to None, run_after=None
[2024-09-12T14:29:28.299+0000] {processor.py:208} INFO - Processing /home/airflow/.local/lib/python3.12/site-packages/airflow/example_dags/example_bash_decorator.py took 0.457 seconds
[2024-09-12T14:29:58.523+0000] {processor.py:186} INFO - Started process (PID=1484) to work on /home/airflow/.local/lib/python3.12/site-packages/airflow/example_dags/example_bash_decorator.py
[2024-09-12T14:29:58.524+0000] {processor.py:914} INFO - Processing file /home/airflow/.local/lib/python3.12/site-packages/airflow/example_dags/example_bash_decorator.py for tasks to queue
[2024-09-12T14:29:58.527+0000] {logging_mixin.py:190} INFO - [2024-09-12T14:29:58.526+0000] {dagbag.py:587} INFO - Filling up the DagBag from /home/airflow/.local/lib/python3.12/site-packages/airflow/example_dags/example_bash_decorator.py
[2024-09-12T14:29:58.544+0000] {processor.py:925} INFO - DAG(s) 'example_bash_decorator' retrieved from /home/airflow/.local/lib/python3.12/site-packages/airflow/example_dags/example_bash_decorator.py
[2024-09-12T14:29:58.574+0000] {logging_mixin.py:190} INFO - [2024-09-12T14:29:58.574+0000] {dag.py:3229} INFO - Sync 1 DAGs
[2024-09-12T14:29:58.592+0000] {logging_mixin.py:190} INFO - [2024-09-12T14:29:58.592+0000] {dag.py:4156} INFO - Setting next_dagrun for example_bash_decorator to None, run_after=None
[2024-09-12T14:29:58.614+0000] {processor.py:208} INFO - Processing /home/airflow/.local/lib/python3.12/site-packages/airflow/example_dags/example_bash_decorator.py took 0.098 seconds
[2024-09-12T14:30:29.399+0000] {processor.py:186} INFO - Started process (PID=1552) to work on /home/airflow/.local/lib/python3.12/site-packages/airflow/example_dags/example_bash_decorator.py
[2024-09-12T14:30:29.401+0000] {processor.py:914} INFO - Processing file /home/airflow/.local/lib/python3.12/site-packages/airflow/example_dags/example_bash_decorator.py for tasks to queue
[2024-09-12T14:30:29.407+0000] {logging_mixin.py:190} INFO - [2024-09-12T14:30:29.406+0000] {dagbag.py:587} INFO - Filling up the DagBag from /home/airflow/.local/lib/python3.12/site-packages/airflow/example_dags/example_bash_decorator.py
[2024-09-12T14:30:29.586+0000] {processor.py:925} INFO - DAG(s) 'example_bash_decorator' retrieved from /home/airflow/.local/lib/python3.12/site-packages/airflow/example_dags/example_bash_decorator.py
[2024-09-12T14:30:29.889+0000] {logging_mixin.py:190} INFO - [2024-09-12T14:30:29.888+0000] {dag.py:3229} INFO - Sync 1 DAGs
[2024-09-12T14:30:29.982+0000] {logging_mixin.py:190} INFO - [2024-09-12T14:30:29.982+0000] {dag.py:4156} INFO - Setting next_dagrun for example_bash_decorator to None, run_after=None
[2024-09-12T14:30:30.093+0000] {processor.py:208} INFO - Processing /home/airflow/.local/lib/python3.12/site-packages/airflow/example_dags/example_bash_decorator.py took 0.785 seconds
[2024-09-12T14:31:00.976+0000] {processor.py:186} INFO - Started process (PID=1614) to work on /home/airflow/.local/lib/python3.12/site-packages/airflow/example_dags/example_bash_decorator.py
[2024-09-12T14:31:00.977+0000] {processor.py:914} INFO - Processing file /home/airflow/.local/lib/python3.12/site-packages/airflow/example_dags/example_bash_decorator.py for tasks to queue
[2024-09-12T14:31:00.979+0000] {logging_mixin.py:190} INFO - [2024-09-12T14:31:00.979+0000] {dagbag.py:587} INFO - Filling up the DagBag from /home/airflow/.local/lib/python3.12/site-packages/airflow/example_dags/example_bash_decorator.py
[2024-09-12T14:31:00.998+0000] {processor.py:925} INFO - DAG(s) 'example_bash_decorator' retrieved from /home/airflow/.local/lib/python3.12/site-packages/airflow/example_dags/example_bash_decorator.py
[2024-09-12T14:31:01.087+0000] {logging_mixin.py:190} INFO - [2024-09-12T14:31:01.087+0000] {dag.py:3229} INFO - Sync 1 DAGs
[2024-09-12T14:31:01.107+0000] {logging_mixin.py:190} INFO - [2024-09-12T14:31:01.107+0000] {dag.py:4156} INFO - Setting next_dagrun for example_bash_decorator to None, run_after=None
[2024-09-12T14:31:01.193+0000] {processor.py:208} INFO - Processing /home/airflow/.local/lib/python3.12/site-packages/airflow/example_dags/example_bash_decorator.py took 0.224 seconds
[2024-09-12T14:31:31.247+0000] {processor.py:186} INFO - Started process (PID=1676) to work on /home/airflow/.local/lib/python3.12/site-packages/airflow/example_dags/example_bash_decorator.py
[2024-09-12T14:31:31.248+0000] {processor.py:914} INFO - Processing file /home/airflow/.local/lib/python3.12/site-packages/airflow/example_dags/example_bash_decorator.py for tasks to queue
[2024-09-12T14:31:31.250+0000] {logging_mixin.py:190} INFO - [2024-09-12T14:31:31.250+0000] {dagbag.py:587} INFO - Filling up the DagBag from /home/airflow/.local/lib/python3.12/site-packages/airflow/example_dags/example_bash_decorator.py
[2024-09-12T14:31:31.267+0000] {processor.py:925} INFO - DAG(s) 'example_bash_decorator' retrieved from /home/airflow/.local/lib/python3.12/site-packages/airflow/example_dags/example_bash_decorator.py
[2024-09-12T14:31:31.299+0000] {logging_mixin.py:190} INFO - [2024-09-12T14:31:31.298+0000] {dag.py:3229} INFO - Sync 1 DAGs
[2024-09-12T14:31:31.321+0000] {logging_mixin.py:190} INFO - [2024-09-12T14:31:31.321+0000] {dag.py:4156} INFO - Setting next_dagrun for example_bash_decorator to None, run_after=None
[2024-09-12T14:31:31.344+0000] {processor.py:208} INFO - Processing /home/airflow/.local/lib/python3.12/site-packages/airflow/example_dags/example_bash_decorator.py took 0.104 seconds
[2024-09-12T14:32:01.600+0000] {processor.py:186} INFO - Started process (PID=1738) to work on /home/airflow/.local/lib/python3.12/site-packages/airflow/example_dags/example_bash_decorator.py
[2024-09-12T14:32:01.601+0000] {processor.py:914} INFO - Processing file /home/airflow/.local/lib/python3.12/site-packages/airflow/example_dags/example_bash_decorator.py for tasks to queue
[2024-09-12T14:32:01.604+0000] {logging_mixin.py:190} INFO - [2024-09-12T14:32:01.604+0000] {dagbag.py:587} INFO - Filling up the DagBag from /home/airflow/.local/lib/python3.12/site-packages/airflow/example_dags/example_bash_decorator.py
[2024-09-12T14:32:01.623+0000] {processor.py:925} INFO - DAG(s) 'example_bash_decorator' retrieved from /home/airflow/.local/lib/python3.12/site-packages/airflow/example_dags/example_bash_decorator.py
[2024-09-12T14:32:01.656+0000] {logging_mixin.py:190} INFO - [2024-09-12T14:32:01.655+0000] {dag.py:3229} INFO - Sync 1 DAGs
[2024-09-12T14:32:01.691+0000] {logging_mixin.py:190} INFO - [2024-09-12T14:32:01.691+0000] {dag.py:4156} INFO - Setting next_dagrun for example_bash_decorator to None, run_after=None
[2024-09-12T14:32:01.714+0000] {processor.py:208} INFO - Processing /home/airflow/.local/lib/python3.12/site-packages/airflow/example_dags/example_bash_decorator.py took 0.121 seconds
[2024-09-12T14:32:32.483+0000] {processor.py:186} INFO - Started process (PID=1800) to work on /home/airflow/.local/lib/python3.12/site-packages/airflow/example_dags/example_bash_decorator.py
[2024-09-12T14:32:32.484+0000] {processor.py:914} INFO - Processing file /home/airflow/.local/lib/python3.12/site-packages/airflow/example_dags/example_bash_decorator.py for tasks to queue
[2024-09-12T14:32:32.487+0000] {logging_mixin.py:190} INFO - [2024-09-12T14:32:32.486+0000] {dagbag.py:587} INFO - Filling up the DagBag from /home/airflow/.local/lib/python3.12/site-packages/airflow/example_dags/example_bash_decorator.py
[2024-09-12T14:32:32.507+0000] {processor.py:925} INFO - DAG(s) 'example_bash_decorator' retrieved from /home/airflow/.local/lib/python3.12/site-packages/airflow/example_dags/example_bash_decorator.py
[2024-09-12T14:32:32.537+0000] {logging_mixin.py:190} INFO - [2024-09-12T14:32:32.536+0000] {dag.py:3229} INFO - Sync 1 DAGs
[2024-09-12T14:32:32.554+0000] {logging_mixin.py:190} INFO - [2024-09-12T14:32:32.553+0000] {dag.py:4156} INFO - Setting next_dagrun for example_bash_decorator to None, run_after=None
[2024-09-12T14:32:32.587+0000] {processor.py:208} INFO - Processing /home/airflow/.local/lib/python3.12/site-packages/airflow/example_dags/example_bash_decorator.py took 0.111 seconds
