[2024-09-12T14:00:52.734+0000] {processor.py:186} INFO - Started process (PID=86) to work on /home/airflow/.local/lib/python3.12/site-packages/airflow/example_dags/example_nested_branch_dag.py
[2024-09-12T14:00:52.734+0000] {processor.py:914} INFO - Processing file /home/airflow/.local/lib/python3.12/site-packages/airflow/example_dags/example_nested_branch_dag.py for tasks to queue
[2024-09-12T14:00:52.737+0000] {logging_mixin.py:190} INFO - [2024-09-12T14:00:52.737+0000] {dagbag.py:587} INFO - Filling up the DagBag from /home/airflow/.local/lib/python3.12/site-packages/airflow/example_dags/example_nested_branch_dag.py
[2024-09-12T14:00:52.793+0000] {processor.py:925} INFO - DAG(s) 'example_nested_branch_dag' retrieved from /home/airflow/.local/lib/python3.12/site-packages/airflow/example_dags/example_nested_branch_dag.py
[2024-09-12T14:00:53.022+0000] {logging_mixin.py:190} INFO - [2024-09-12T14:00:53.020+0000] {override.py:1900} INFO - Created Permission View: can read on DAG:example_nested_branch_dag
[2024-09-12T14:00:53.034+0000] {logging_mixin.py:190} INFO - [2024-09-12T14:00:53.034+0000] {override.py:1900} INFO - Created Permission View: can delete on DAG:example_nested_branch_dag
[2024-09-12T14:00:53.042+0000] {logging_mixin.py:190} INFO - [2024-09-12T14:00:53.041+0000] {override.py:1900} INFO - Created Permission View: can edit on DAG:example_nested_branch_dag
[2024-09-12T14:00:53.085+0000] {logging_mixin.py:190} INFO - [2024-09-12T14:00:53.085+0000] {override.py:1900} INFO - Created Permission View: can read on DAG Run:example_nested_branch_dag
[2024-09-12T14:00:53.095+0000] {logging_mixin.py:190} INFO - [2024-09-12T14:00:53.094+0000] {override.py:1900} INFO - Created Permission View: can create on DAG Run:example_nested_branch_dag
[2024-09-12T14:00:53.103+0000] {logging_mixin.py:190} INFO - [2024-09-12T14:00:53.103+0000] {override.py:1900} INFO - Created Permission View: can delete on DAG Run:example_nested_branch_dag
[2024-09-12T14:00:53.112+0000] {logging_mixin.py:190} INFO - [2024-09-12T14:00:53.112+0000] {override.py:1900} INFO - Created Permission View: menu access on DAG Run:example_nested_branch_dag
[2024-09-12T14:00:53.113+0000] {logging_mixin.py:190} INFO - [2024-09-12T14:00:53.113+0000] {dag.py:3229} INFO - Sync 1 DAGs
[2024-09-12T14:00:53.187+0000] {logging_mixin.py:190} INFO - [2024-09-12T14:00:53.186+0000] {dag.py:3252} INFO - Creating ORM DAG for example_nested_branch_dag
[2024-09-12T14:00:53.201+0000] {logging_mixin.py:190} INFO - [2024-09-12T14:00:53.201+0000] {dag.py:4156} INFO - Setting next_dagrun for example_nested_branch_dag to 2024-09-11 00:00:00+00:00, run_after=2024-09-12 00:00:00+00:00
[2024-09-12T14:00:53.227+0000] {processor.py:208} INFO - Processing /home/airflow/.local/lib/python3.12/site-packages/airflow/example_dags/example_nested_branch_dag.py took 0.501 seconds
[2024-09-12T14:01:23.728+0000] {processor.py:186} INFO - Started process (PID=148) to work on /home/airflow/.local/lib/python3.12/site-packages/airflow/example_dags/example_nested_branch_dag.py
[2024-09-12T14:01:23.729+0000] {processor.py:914} INFO - Processing file /home/airflow/.local/lib/python3.12/site-packages/airflow/example_dags/example_nested_branch_dag.py for tasks to queue
[2024-09-12T14:01:23.732+0000] {logging_mixin.py:190} INFO - [2024-09-12T14:01:23.731+0000] {dagbag.py:587} INFO - Filling up the DagBag from /home/airflow/.local/lib/python3.12/site-packages/airflow/example_dags/example_nested_branch_dag.py
[2024-09-12T14:01:23.745+0000] {processor.py:925} INFO - DAG(s) 'example_nested_branch_dag' retrieved from /home/airflow/.local/lib/python3.12/site-packages/airflow/example_dags/example_nested_branch_dag.py
[2024-09-12T14:01:23.773+0000] {logging_mixin.py:190} INFO - [2024-09-12T14:01:23.773+0000] {dag.py:3229} INFO - Sync 1 DAGs
[2024-09-12T14:01:23.804+0000] {logging_mixin.py:190} INFO - [2024-09-12T14:01:23.804+0000] {dag.py:4156} INFO - Setting next_dagrun for example_nested_branch_dag to 2024-09-11 00:00:00+00:00, run_after=2024-09-12 00:00:00+00:00
[2024-09-12T14:01:23.828+0000] {processor.py:208} INFO - Processing /home/airflow/.local/lib/python3.12/site-packages/airflow/example_dags/example_nested_branch_dag.py took 0.107 seconds
[2024-09-12T14:01:53.896+0000] {processor.py:186} INFO - Started process (PID=210) to work on /home/airflow/.local/lib/python3.12/site-packages/airflow/example_dags/example_nested_branch_dag.py
[2024-09-12T14:01:53.897+0000] {processor.py:914} INFO - Processing file /home/airflow/.local/lib/python3.12/site-packages/airflow/example_dags/example_nested_branch_dag.py for tasks to queue
[2024-09-12T14:01:53.900+0000] {logging_mixin.py:190} INFO - [2024-09-12T14:01:53.900+0000] {dagbag.py:587} INFO - Filling up the DagBag from /home/airflow/.local/lib/python3.12/site-packages/airflow/example_dags/example_nested_branch_dag.py
[2024-09-12T14:01:53.914+0000] {processor.py:925} INFO - DAG(s) 'example_nested_branch_dag' retrieved from /home/airflow/.local/lib/python3.12/site-packages/airflow/example_dags/example_nested_branch_dag.py
[2024-09-12T14:01:53.936+0000] {logging_mixin.py:190} INFO - [2024-09-12T14:01:53.936+0000] {dag.py:3229} INFO - Sync 1 DAGs
[2024-09-12T14:01:53.961+0000] {logging_mixin.py:190} INFO - [2024-09-12T14:01:53.961+0000] {dag.py:4156} INFO - Setting next_dagrun for example_nested_branch_dag to 2024-09-11 00:00:00+00:00, run_after=2024-09-12 00:00:00+00:00
[2024-09-12T14:01:53.978+0000] {processor.py:208} INFO - Processing /home/airflow/.local/lib/python3.12/site-packages/airflow/example_dags/example_nested_branch_dag.py took 0.089 seconds
[2024-09-12T14:02:24.482+0000] {processor.py:186} INFO - Started process (PID=272) to work on /home/airflow/.local/lib/python3.12/site-packages/airflow/example_dags/example_nested_branch_dag.py
[2024-09-12T14:02:24.483+0000] {processor.py:914} INFO - Processing file /home/airflow/.local/lib/python3.12/site-packages/airflow/example_dags/example_nested_branch_dag.py for tasks to queue
[2024-09-12T14:02:24.485+0000] {logging_mixin.py:190} INFO - [2024-09-12T14:02:24.485+0000] {dagbag.py:587} INFO - Filling up the DagBag from /home/airflow/.local/lib/python3.12/site-packages/airflow/example_dags/example_nested_branch_dag.py
[2024-09-12T14:02:24.498+0000] {processor.py:925} INFO - DAG(s) 'example_nested_branch_dag' retrieved from /home/airflow/.local/lib/python3.12/site-packages/airflow/example_dags/example_nested_branch_dag.py
[2024-09-12T14:02:24.523+0000] {logging_mixin.py:190} INFO - [2024-09-12T14:02:24.522+0000] {dag.py:3229} INFO - Sync 1 DAGs
[2024-09-12T14:02:24.550+0000] {logging_mixin.py:190} INFO - [2024-09-12T14:02:24.550+0000] {dag.py:4156} INFO - Setting next_dagrun for example_nested_branch_dag to 2024-09-11 00:00:00+00:00, run_after=2024-09-12 00:00:00+00:00
[2024-09-12T14:02:24.569+0000] {processor.py:208} INFO - Processing /home/airflow/.local/lib/python3.12/site-packages/airflow/example_dags/example_nested_branch_dag.py took 0.094 seconds
[2024-09-12T14:02:55.116+0000] {processor.py:186} INFO - Started process (PID=334) to work on /home/airflow/.local/lib/python3.12/site-packages/airflow/example_dags/example_nested_branch_dag.py
[2024-09-12T14:02:55.182+0000] {processor.py:914} INFO - Processing file /home/airflow/.local/lib/python3.12/site-packages/airflow/example_dags/example_nested_branch_dag.py for tasks to queue
[2024-09-12T14:02:55.185+0000] {logging_mixin.py:190} INFO - [2024-09-12T14:02:55.184+0000] {dagbag.py:587} INFO - Filling up the DagBag from /home/airflow/.local/lib/python3.12/site-packages/airflow/example_dags/example_nested_branch_dag.py
[2024-09-12T14:02:55.200+0000] {processor.py:925} INFO - DAG(s) 'example_nested_branch_dag' retrieved from /home/airflow/.local/lib/python3.12/site-packages/airflow/example_dags/example_nested_branch_dag.py
[2024-09-12T14:02:55.304+0000] {logging_mixin.py:190} INFO - [2024-09-12T14:02:55.304+0000] {dag.py:3229} INFO - Sync 1 DAGs
[2024-09-12T14:02:55.382+0000] {logging_mixin.py:190} INFO - [2024-09-12T14:02:55.382+0000] {dag.py:4156} INFO - Setting next_dagrun for example_nested_branch_dag to 2024-09-11 00:00:00+00:00, run_after=2024-09-12 00:00:00+00:00
[2024-09-12T14:02:55.750+0000] {processor.py:208} INFO - Processing /home/airflow/.local/lib/python3.12/site-packages/airflow/example_dags/example_nested_branch_dag.py took 0.640 seconds
[2024-09-12T14:03:26.262+0000] {processor.py:186} INFO - Started process (PID=396) to work on /home/airflow/.local/lib/python3.12/site-packages/airflow/example_dags/example_nested_branch_dag.py
[2024-09-12T14:03:26.264+0000] {processor.py:914} INFO - Processing file /home/airflow/.local/lib/python3.12/site-packages/airflow/example_dags/example_nested_branch_dag.py for tasks to queue
[2024-09-12T14:03:26.266+0000] {logging_mixin.py:190} INFO - [2024-09-12T14:03:26.266+0000] {dagbag.py:587} INFO - Filling up the DagBag from /home/airflow/.local/lib/python3.12/site-packages/airflow/example_dags/example_nested_branch_dag.py
[2024-09-12T14:03:26.281+0000] {processor.py:925} INFO - DAG(s) 'example_nested_branch_dag' retrieved from /home/airflow/.local/lib/python3.12/site-packages/airflow/example_dags/example_nested_branch_dag.py
[2024-09-12T14:03:26.309+0000] {logging_mixin.py:190} INFO - [2024-09-12T14:03:26.309+0000] {dag.py:3229} INFO - Sync 1 DAGs
[2024-09-12T14:03:26.337+0000] {logging_mixin.py:190} INFO - [2024-09-12T14:03:26.337+0000] {dag.py:4156} INFO - Setting next_dagrun for example_nested_branch_dag to 2024-09-11 00:00:00+00:00, run_after=2024-09-12 00:00:00+00:00
[2024-09-12T14:03:26.360+0000] {processor.py:208} INFO - Processing /home/airflow/.local/lib/python3.12/site-packages/airflow/example_dags/example_nested_branch_dag.py took 0.106 seconds
[2024-09-12T14:03:56.806+0000] {processor.py:186} INFO - Started process (PID=458) to work on /home/airflow/.local/lib/python3.12/site-packages/airflow/example_dags/example_nested_branch_dag.py
[2024-09-12T14:03:56.808+0000] {processor.py:914} INFO - Processing file /home/airflow/.local/lib/python3.12/site-packages/airflow/example_dags/example_nested_branch_dag.py for tasks to queue
[2024-09-12T14:03:56.810+0000] {logging_mixin.py:190} INFO - [2024-09-12T14:03:56.810+0000] {dagbag.py:587} INFO - Filling up the DagBag from /home/airflow/.local/lib/python3.12/site-packages/airflow/example_dags/example_nested_branch_dag.py
[2024-09-12T14:03:56.823+0000] {processor.py:925} INFO - DAG(s) 'example_nested_branch_dag' retrieved from /home/airflow/.local/lib/python3.12/site-packages/airflow/example_dags/example_nested_branch_dag.py
[2024-09-12T14:03:56.849+0000] {logging_mixin.py:190} INFO - [2024-09-12T14:03:56.849+0000] {dag.py:3229} INFO - Sync 1 DAGs
[2024-09-12T14:03:56.877+0000] {logging_mixin.py:190} INFO - [2024-09-12T14:03:56.877+0000] {dag.py:4156} INFO - Setting next_dagrun for example_nested_branch_dag to 2024-09-11 00:00:00+00:00, run_after=2024-09-12 00:00:00+00:00
[2024-09-12T14:03:56.897+0000] {processor.py:208} INFO - Processing /home/airflow/.local/lib/python3.12/site-packages/airflow/example_dags/example_nested_branch_dag.py took 0.098 seconds
[2024-09-12T14:04:27.306+0000] {processor.py:186} INFO - Started process (PID=520) to work on /home/airflow/.local/lib/python3.12/site-packages/airflow/example_dags/example_nested_branch_dag.py
[2024-09-12T14:04:27.307+0000] {processor.py:914} INFO - Processing file /home/airflow/.local/lib/python3.12/site-packages/airflow/example_dags/example_nested_branch_dag.py for tasks to queue
[2024-09-12T14:04:27.310+0000] {logging_mixin.py:190} INFO - [2024-09-12T14:04:27.310+0000] {dagbag.py:587} INFO - Filling up the DagBag from /home/airflow/.local/lib/python3.12/site-packages/airflow/example_dags/example_nested_branch_dag.py
[2024-09-12T14:04:27.324+0000] {processor.py:925} INFO - DAG(s) 'example_nested_branch_dag' retrieved from /home/airflow/.local/lib/python3.12/site-packages/airflow/example_dags/example_nested_branch_dag.py
[2024-09-12T14:04:27.349+0000] {logging_mixin.py:190} INFO - [2024-09-12T14:04:27.349+0000] {dag.py:3229} INFO - Sync 1 DAGs
[2024-09-12T14:04:27.375+0000] {logging_mixin.py:190} INFO - [2024-09-12T14:04:27.375+0000] {dag.py:4156} INFO - Setting next_dagrun for example_nested_branch_dag to 2024-09-11 00:00:00+00:00, run_after=2024-09-12 00:00:00+00:00
[2024-09-12T14:04:27.394+0000] {processor.py:208} INFO - Processing /home/airflow/.local/lib/python3.12/site-packages/airflow/example_dags/example_nested_branch_dag.py took 0.094 seconds
[2024-09-12T14:04:58.031+0000] {processor.py:186} INFO - Started process (PID=582) to work on /home/airflow/.local/lib/python3.12/site-packages/airflow/example_dags/example_nested_branch_dag.py
[2024-09-12T14:04:58.032+0000] {processor.py:914} INFO - Processing file /home/airflow/.local/lib/python3.12/site-packages/airflow/example_dags/example_nested_branch_dag.py for tasks to queue
[2024-09-12T14:04:58.034+0000] {logging_mixin.py:190} INFO - [2024-09-12T14:04:58.034+0000] {dagbag.py:587} INFO - Filling up the DagBag from /home/airflow/.local/lib/python3.12/site-packages/airflow/example_dags/example_nested_branch_dag.py
[2024-09-12T14:04:58.045+0000] {processor.py:925} INFO - DAG(s) 'example_nested_branch_dag' retrieved from /home/airflow/.local/lib/python3.12/site-packages/airflow/example_dags/example_nested_branch_dag.py
[2024-09-12T14:04:58.067+0000] {logging_mixin.py:190} INFO - [2024-09-12T14:04:58.067+0000] {dag.py:3229} INFO - Sync 1 DAGs
[2024-09-12T14:04:58.093+0000] {logging_mixin.py:190} INFO - [2024-09-12T14:04:58.092+0000] {dag.py:4156} INFO - Setting next_dagrun for example_nested_branch_dag to 2024-09-11 00:00:00+00:00, run_after=2024-09-12 00:00:00+00:00
[2024-09-12T14:04:58.107+0000] {processor.py:208} INFO - Processing /home/airflow/.local/lib/python3.12/site-packages/airflow/example_dags/example_nested_branch_dag.py took 0.082 seconds
[2024-09-12T14:05:28.792+0000] {processor.py:186} INFO - Started process (PID=644) to work on /home/airflow/.local/lib/python3.12/site-packages/airflow/example_dags/example_nested_branch_dag.py
[2024-09-12T14:05:28.793+0000] {processor.py:914} INFO - Processing file /home/airflow/.local/lib/python3.12/site-packages/airflow/example_dags/example_nested_branch_dag.py for tasks to queue
[2024-09-12T14:05:28.796+0000] {logging_mixin.py:190} INFO - [2024-09-12T14:05:28.795+0000] {dagbag.py:587} INFO - Filling up the DagBag from /home/airflow/.local/lib/python3.12/site-packages/airflow/example_dags/example_nested_branch_dag.py
[2024-09-12T14:05:28.809+0000] {processor.py:925} INFO - DAG(s) 'example_nested_branch_dag' retrieved from /home/airflow/.local/lib/python3.12/site-packages/airflow/example_dags/example_nested_branch_dag.py
[2024-09-12T14:05:28.834+0000] {logging_mixin.py:190} INFO - [2024-09-12T14:05:28.833+0000] {dag.py:3229} INFO - Sync 1 DAGs
[2024-09-12T14:05:28.857+0000] {logging_mixin.py:190} INFO - [2024-09-12T14:05:28.857+0000] {dag.py:4156} INFO - Setting next_dagrun for example_nested_branch_dag to 2024-09-11 00:00:00+00:00, run_after=2024-09-12 00:00:00+00:00
[2024-09-12T14:05:28.877+0000] {processor.py:208} INFO - Processing /home/airflow/.local/lib/python3.12/site-packages/airflow/example_dags/example_nested_branch_dag.py took 0.091 seconds
[2024-09-12T14:05:59.120+0000] {processor.py:186} INFO - Started process (PID=706) to work on /home/airflow/.local/lib/python3.12/site-packages/airflow/example_dags/example_nested_branch_dag.py
[2024-09-12T14:05:59.121+0000] {processor.py:914} INFO - Processing file /home/airflow/.local/lib/python3.12/site-packages/airflow/example_dags/example_nested_branch_dag.py for tasks to queue
[2024-09-12T14:05:59.123+0000] {logging_mixin.py:190} INFO - [2024-09-12T14:05:59.123+0000] {dagbag.py:587} INFO - Filling up the DagBag from /home/airflow/.local/lib/python3.12/site-packages/airflow/example_dags/example_nested_branch_dag.py
[2024-09-12T14:05:59.136+0000] {processor.py:925} INFO - DAG(s) 'example_nested_branch_dag' retrieved from /home/airflow/.local/lib/python3.12/site-packages/airflow/example_dags/example_nested_branch_dag.py
[2024-09-12T14:05:59.159+0000] {logging_mixin.py:190} INFO - [2024-09-12T14:05:59.159+0000] {dag.py:3229} INFO - Sync 1 DAGs
[2024-09-12T14:05:59.191+0000] {logging_mixin.py:190} INFO - [2024-09-12T14:05:59.190+0000] {dag.py:4156} INFO - Setting next_dagrun for example_nested_branch_dag to 2024-09-11 00:00:00+00:00, run_after=2024-09-12 00:00:00+00:00
[2024-09-12T14:05:59.212+0000] {processor.py:208} INFO - Processing /home/airflow/.local/lib/python3.12/site-packages/airflow/example_dags/example_nested_branch_dag.py took 0.099 seconds
[2024-09-12T14:06:29.689+0000] {processor.py:186} INFO - Started process (PID=768) to work on /home/airflow/.local/lib/python3.12/site-packages/airflow/example_dags/example_nested_branch_dag.py
[2024-09-12T14:06:29.690+0000] {processor.py:914} INFO - Processing file /home/airflow/.local/lib/python3.12/site-packages/airflow/example_dags/example_nested_branch_dag.py for tasks to queue
[2024-09-12T14:06:29.694+0000] {logging_mixin.py:190} INFO - [2024-09-12T14:06:29.693+0000] {dagbag.py:587} INFO - Filling up the DagBag from /home/airflow/.local/lib/python3.12/site-packages/airflow/example_dags/example_nested_branch_dag.py
[2024-09-12T14:06:29.707+0000] {processor.py:925} INFO - DAG(s) 'example_nested_branch_dag' retrieved from /home/airflow/.local/lib/python3.12/site-packages/airflow/example_dags/example_nested_branch_dag.py
[2024-09-12T14:06:29.735+0000] {logging_mixin.py:190} INFO - [2024-09-12T14:06:29.735+0000] {dag.py:3229} INFO - Sync 1 DAGs
[2024-09-12T14:06:29.766+0000] {logging_mixin.py:190} INFO - [2024-09-12T14:06:29.766+0000] {dag.py:4156} INFO - Setting next_dagrun for example_nested_branch_dag to 2024-09-11 00:00:00+00:00, run_after=2024-09-12 00:00:00+00:00
[2024-09-12T14:06:29.798+0000] {processor.py:208} INFO - Processing /home/airflow/.local/lib/python3.12/site-packages/airflow/example_dags/example_nested_branch_dag.py took 0.116 seconds
[2024-09-12T14:07:00.057+0000] {processor.py:186} INFO - Started process (PID=830) to work on /home/airflow/.local/lib/python3.12/site-packages/airflow/example_dags/example_nested_branch_dag.py
[2024-09-12T14:07:00.058+0000] {processor.py:914} INFO - Processing file /home/airflow/.local/lib/python3.12/site-packages/airflow/example_dags/example_nested_branch_dag.py for tasks to queue
[2024-09-12T14:07:00.061+0000] {logging_mixin.py:190} INFO - [2024-09-12T14:07:00.060+0000] {dagbag.py:587} INFO - Filling up the DagBag from /home/airflow/.local/lib/python3.12/site-packages/airflow/example_dags/example_nested_branch_dag.py
[2024-09-12T14:07:00.074+0000] {processor.py:925} INFO - DAG(s) 'example_nested_branch_dag' retrieved from /home/airflow/.local/lib/python3.12/site-packages/airflow/example_dags/example_nested_branch_dag.py
[2024-09-12T14:07:00.098+0000] {logging_mixin.py:190} INFO - [2024-09-12T14:07:00.098+0000] {dag.py:3229} INFO - Sync 1 DAGs
[2024-09-12T14:07:00.123+0000] {logging_mixin.py:190} INFO - [2024-09-12T14:07:00.123+0000] {dag.py:4156} INFO - Setting next_dagrun for example_nested_branch_dag to 2024-09-11 00:00:00+00:00, run_after=2024-09-12 00:00:00+00:00
[2024-09-12T14:07:00.141+0000] {processor.py:208} INFO - Processing /home/airflow/.local/lib/python3.12/site-packages/airflow/example_dags/example_nested_branch_dag.py took 0.091 seconds
[2024-09-12T14:07:30.217+0000] {processor.py:186} INFO - Started process (PID=892) to work on /home/airflow/.local/lib/python3.12/site-packages/airflow/example_dags/example_nested_branch_dag.py
[2024-09-12T14:07:30.218+0000] {processor.py:914} INFO - Processing file /home/airflow/.local/lib/python3.12/site-packages/airflow/example_dags/example_nested_branch_dag.py for tasks to queue
[2024-09-12T14:07:30.221+0000] {logging_mixin.py:190} INFO - [2024-09-12T14:07:30.220+0000] {dagbag.py:587} INFO - Filling up the DagBag from /home/airflow/.local/lib/python3.12/site-packages/airflow/example_dags/example_nested_branch_dag.py
[2024-09-12T14:07:30.233+0000] {processor.py:925} INFO - DAG(s) 'example_nested_branch_dag' retrieved from /home/airflow/.local/lib/python3.12/site-packages/airflow/example_dags/example_nested_branch_dag.py
[2024-09-12T14:07:30.304+0000] {logging_mixin.py:190} INFO - [2024-09-12T14:07:30.304+0000] {dag.py:3229} INFO - Sync 1 DAGs
[2024-09-12T14:07:30.393+0000] {logging_mixin.py:190} INFO - [2024-09-12T14:07:30.393+0000] {dag.py:4156} INFO - Setting next_dagrun for example_nested_branch_dag to 2024-09-11 00:00:00+00:00, run_after=2024-09-12 00:00:00+00:00
[2024-09-12T14:07:30.413+0000] {processor.py:208} INFO - Processing /home/airflow/.local/lib/python3.12/site-packages/airflow/example_dags/example_nested_branch_dag.py took 0.203 seconds
[2024-09-12T14:08:00.655+0000] {processor.py:186} INFO - Started process (PID=954) to work on /home/airflow/.local/lib/python3.12/site-packages/airflow/example_dags/example_nested_branch_dag.py
[2024-09-12T14:08:00.656+0000] {processor.py:914} INFO - Processing file /home/airflow/.local/lib/python3.12/site-packages/airflow/example_dags/example_nested_branch_dag.py for tasks to queue
[2024-09-12T14:08:00.658+0000] {logging_mixin.py:190} INFO - [2024-09-12T14:08:00.658+0000] {dagbag.py:587} INFO - Filling up the DagBag from /home/airflow/.local/lib/python3.12/site-packages/airflow/example_dags/example_nested_branch_dag.py
[2024-09-12T14:08:00.670+0000] {processor.py:925} INFO - DAG(s) 'example_nested_branch_dag' retrieved from /home/airflow/.local/lib/python3.12/site-packages/airflow/example_dags/example_nested_branch_dag.py
[2024-09-12T14:08:00.693+0000] {logging_mixin.py:190} INFO - [2024-09-12T14:08:00.692+0000] {dag.py:3229} INFO - Sync 1 DAGs
[2024-09-12T14:08:00.718+0000] {logging_mixin.py:190} INFO - [2024-09-12T14:08:00.717+0000] {dag.py:4156} INFO - Setting next_dagrun for example_nested_branch_dag to 2024-09-11 00:00:00+00:00, run_after=2024-09-12 00:00:00+00:00
[2024-09-12T14:08:00.735+0000] {processor.py:208} INFO - Processing /home/airflow/.local/lib/python3.12/site-packages/airflow/example_dags/example_nested_branch_dag.py took 0.086 seconds
[2024-09-12T14:08:31.856+0000] {processor.py:186} INFO - Started process (PID=1016) to work on /home/airflow/.local/lib/python3.12/site-packages/airflow/example_dags/example_nested_branch_dag.py
[2024-09-12T14:08:31.857+0000] {processor.py:914} INFO - Processing file /home/airflow/.local/lib/python3.12/site-packages/airflow/example_dags/example_nested_branch_dag.py for tasks to queue
[2024-09-12T14:08:31.859+0000] {logging_mixin.py:190} INFO - [2024-09-12T14:08:31.859+0000] {dagbag.py:587} INFO - Filling up the DagBag from /home/airflow/.local/lib/python3.12/site-packages/airflow/example_dags/example_nested_branch_dag.py
[2024-09-12T14:08:31.872+0000] {processor.py:925} INFO - DAG(s) 'example_nested_branch_dag' retrieved from /home/airflow/.local/lib/python3.12/site-packages/airflow/example_dags/example_nested_branch_dag.py
[2024-09-12T14:08:31.903+0000] {logging_mixin.py:190} INFO - [2024-09-12T14:08:31.903+0000] {dag.py:3229} INFO - Sync 1 DAGs
[2024-09-12T14:08:31.933+0000] {logging_mixin.py:190} INFO - [2024-09-12T14:08:31.933+0000] {dag.py:4156} INFO - Setting next_dagrun for example_nested_branch_dag to 2024-09-11 00:00:00+00:00, run_after=2024-09-12 00:00:00+00:00
[2024-09-12T14:08:31.989+0000] {processor.py:208} INFO - Processing /home/airflow/.local/lib/python3.12/site-packages/airflow/example_dags/example_nested_branch_dag.py took 0.140 seconds
[2024-09-12T14:09:02.890+0000] {processor.py:186} INFO - Started process (PID=1078) to work on /home/airflow/.local/lib/python3.12/site-packages/airflow/example_dags/example_nested_branch_dag.py
[2024-09-12T14:09:02.891+0000] {processor.py:914} INFO - Processing file /home/airflow/.local/lib/python3.12/site-packages/airflow/example_dags/example_nested_branch_dag.py for tasks to queue
[2024-09-12T14:09:02.893+0000] {logging_mixin.py:190} INFO - [2024-09-12T14:09:02.893+0000] {dagbag.py:587} INFO - Filling up the DagBag from /home/airflow/.local/lib/python3.12/site-packages/airflow/example_dags/example_nested_branch_dag.py
[2024-09-12T14:09:02.906+0000] {processor.py:925} INFO - DAG(s) 'example_nested_branch_dag' retrieved from /home/airflow/.local/lib/python3.12/site-packages/airflow/example_dags/example_nested_branch_dag.py
[2024-09-12T14:09:02.936+0000] {logging_mixin.py:190} INFO - [2024-09-12T14:09:02.935+0000] {dag.py:3229} INFO - Sync 1 DAGs
[2024-09-12T14:09:02.965+0000] {logging_mixin.py:190} INFO - [2024-09-12T14:09:02.964+0000] {dag.py:4156} INFO - Setting next_dagrun for example_nested_branch_dag to 2024-09-11 00:00:00+00:00, run_after=2024-09-12 00:00:00+00:00
[2024-09-12T14:09:02.987+0000] {processor.py:208} INFO - Processing /home/airflow/.local/lib/python3.12/site-packages/airflow/example_dags/example_nested_branch_dag.py took 0.105 seconds
[2024-09-12T14:09:33.326+0000] {processor.py:186} INFO - Started process (PID=1140) to work on /home/airflow/.local/lib/python3.12/site-packages/airflow/example_dags/example_nested_branch_dag.py
[2024-09-12T14:09:33.327+0000] {processor.py:914} INFO - Processing file /home/airflow/.local/lib/python3.12/site-packages/airflow/example_dags/example_nested_branch_dag.py for tasks to queue
[2024-09-12T14:09:33.330+0000] {logging_mixin.py:190} INFO - [2024-09-12T14:09:33.329+0000] {dagbag.py:587} INFO - Filling up the DagBag from /home/airflow/.local/lib/python3.12/site-packages/airflow/example_dags/example_nested_branch_dag.py
[2024-09-12T14:09:33.343+0000] {processor.py:925} INFO - DAG(s) 'example_nested_branch_dag' retrieved from /home/airflow/.local/lib/python3.12/site-packages/airflow/example_dags/example_nested_branch_dag.py
[2024-09-12T14:09:33.368+0000] {logging_mixin.py:190} INFO - [2024-09-12T14:09:33.368+0000] {dag.py:3229} INFO - Sync 1 DAGs
[2024-09-12T14:09:33.400+0000] {logging_mixin.py:190} INFO - [2024-09-12T14:09:33.400+0000] {dag.py:4156} INFO - Setting next_dagrun for example_nested_branch_dag to 2024-09-11 00:00:00+00:00, run_after=2024-09-12 00:00:00+00:00
[2024-09-12T14:09:33.422+0000] {processor.py:208} INFO - Processing /home/airflow/.local/lib/python3.12/site-packages/airflow/example_dags/example_nested_branch_dag.py took 0.103 seconds
[2024-09-12T14:10:03.829+0000] {processor.py:186} INFO - Started process (PID=1208) to work on /home/airflow/.local/lib/python3.12/site-packages/airflow/example_dags/example_nested_branch_dag.py
[2024-09-12T14:10:03.830+0000] {processor.py:914} INFO - Processing file /home/airflow/.local/lib/python3.12/site-packages/airflow/example_dags/example_nested_branch_dag.py for tasks to queue
[2024-09-12T14:10:03.833+0000] {logging_mixin.py:190} INFO - [2024-09-12T14:10:03.833+0000] {dagbag.py:587} INFO - Filling up the DagBag from /home/airflow/.local/lib/python3.12/site-packages/airflow/example_dags/example_nested_branch_dag.py
[2024-09-12T14:10:03.889+0000] {processor.py:925} INFO - DAG(s) 'example_nested_branch_dag' retrieved from /home/airflow/.local/lib/python3.12/site-packages/airflow/example_dags/example_nested_branch_dag.py
[2024-09-12T14:10:03.917+0000] {logging_mixin.py:190} INFO - [2024-09-12T14:10:03.917+0000] {dag.py:3229} INFO - Sync 1 DAGs
[2024-09-12T14:10:03.946+0000] {logging_mixin.py:190} INFO - [2024-09-12T14:10:03.946+0000] {dag.py:4156} INFO - Setting next_dagrun for example_nested_branch_dag to 2024-09-11 00:00:00+00:00, run_after=2024-09-12 00:00:00+00:00
[2024-09-12T14:10:03.998+0000] {processor.py:208} INFO - Processing /home/airflow/.local/lib/python3.12/site-packages/airflow/example_dags/example_nested_branch_dag.py took 0.177 seconds
[2024-09-12T14:10:34.267+0000] {processor.py:186} INFO - Started process (PID=1270) to work on /home/airflow/.local/lib/python3.12/site-packages/airflow/example_dags/example_nested_branch_dag.py
[2024-09-12T14:10:34.268+0000] {processor.py:914} INFO - Processing file /home/airflow/.local/lib/python3.12/site-packages/airflow/example_dags/example_nested_branch_dag.py for tasks to queue
[2024-09-12T14:10:34.270+0000] {logging_mixin.py:190} INFO - [2024-09-12T14:10:34.270+0000] {dagbag.py:587} INFO - Filling up the DagBag from /home/airflow/.local/lib/python3.12/site-packages/airflow/example_dags/example_nested_branch_dag.py
[2024-09-12T14:10:34.282+0000] {processor.py:925} INFO - DAG(s) 'example_nested_branch_dag' retrieved from /home/airflow/.local/lib/python3.12/site-packages/airflow/example_dags/example_nested_branch_dag.py
[2024-09-12T14:10:34.306+0000] {logging_mixin.py:190} INFO - [2024-09-12T14:10:34.306+0000] {dag.py:3229} INFO - Sync 1 DAGs
[2024-09-12T14:10:34.333+0000] {logging_mixin.py:190} INFO - [2024-09-12T14:10:34.333+0000] {dag.py:4156} INFO - Setting next_dagrun for example_nested_branch_dag to 2024-09-11 00:00:00+00:00, run_after=2024-09-12 00:00:00+00:00
[2024-09-12T14:10:34.349+0000] {processor.py:208} INFO - Processing /home/airflow/.local/lib/python3.12/site-packages/airflow/example_dags/example_nested_branch_dag.py took 0.089 seconds
[2024-09-12T14:11:04.707+0000] {processor.py:186} INFO - Started process (PID=1332) to work on /home/airflow/.local/lib/python3.12/site-packages/airflow/example_dags/example_nested_branch_dag.py
[2024-09-12T14:11:04.708+0000] {processor.py:914} INFO - Processing file /home/airflow/.local/lib/python3.12/site-packages/airflow/example_dags/example_nested_branch_dag.py for tasks to queue
[2024-09-12T14:11:04.711+0000] {logging_mixin.py:190} INFO - [2024-09-12T14:11:04.711+0000] {dagbag.py:587} INFO - Filling up the DagBag from /home/airflow/.local/lib/python3.12/site-packages/airflow/example_dags/example_nested_branch_dag.py
[2024-09-12T14:11:04.727+0000] {processor.py:925} INFO - DAG(s) 'example_nested_branch_dag' retrieved from /home/airflow/.local/lib/python3.12/site-packages/airflow/example_dags/example_nested_branch_dag.py
[2024-09-12T14:11:04.756+0000] {logging_mixin.py:190} INFO - [2024-09-12T14:11:04.756+0000] {dag.py:3229} INFO - Sync 1 DAGs
[2024-09-12T14:11:04.789+0000] {logging_mixin.py:190} INFO - [2024-09-12T14:11:04.789+0000] {dag.py:4156} INFO - Setting next_dagrun for example_nested_branch_dag to 2024-09-11 00:00:00+00:00, run_after=2024-09-12 00:00:00+00:00
[2024-09-12T14:11:04.812+0000] {processor.py:208} INFO - Processing /home/airflow/.local/lib/python3.12/site-packages/airflow/example_dags/example_nested_branch_dag.py took 0.113 seconds
[2024-09-12T14:11:35.380+0000] {processor.py:186} INFO - Started process (PID=1394) to work on /home/airflow/.local/lib/python3.12/site-packages/airflow/example_dags/example_nested_branch_dag.py
[2024-09-12T14:11:35.381+0000] {processor.py:914} INFO - Processing file /home/airflow/.local/lib/python3.12/site-packages/airflow/example_dags/example_nested_branch_dag.py for tasks to queue
[2024-09-12T14:11:35.384+0000] {logging_mixin.py:190} INFO - [2024-09-12T14:11:35.383+0000] {dagbag.py:587} INFO - Filling up the DagBag from /home/airflow/.local/lib/python3.12/site-packages/airflow/example_dags/example_nested_branch_dag.py
[2024-09-12T14:11:35.396+0000] {processor.py:925} INFO - DAG(s) 'example_nested_branch_dag' retrieved from /home/airflow/.local/lib/python3.12/site-packages/airflow/example_dags/example_nested_branch_dag.py
[2024-09-12T14:11:35.423+0000] {logging_mixin.py:190} INFO - [2024-09-12T14:11:35.423+0000] {dag.py:3229} INFO - Sync 1 DAGs
[2024-09-12T14:11:35.447+0000] {logging_mixin.py:190} INFO - [2024-09-12T14:11:35.446+0000] {dag.py:4156} INFO - Setting next_dagrun for example_nested_branch_dag to 2024-09-11 00:00:00+00:00, run_after=2024-09-12 00:00:00+00:00
[2024-09-12T14:11:35.462+0000] {processor.py:208} INFO - Processing /home/airflow/.local/lib/python3.12/site-packages/airflow/example_dags/example_nested_branch_dag.py took 0.088 seconds
[2024-09-12T14:12:06.105+0000] {processor.py:186} INFO - Started process (PID=1456) to work on /home/airflow/.local/lib/python3.12/site-packages/airflow/example_dags/example_nested_branch_dag.py
[2024-09-12T14:12:06.106+0000] {processor.py:914} INFO - Processing file /home/airflow/.local/lib/python3.12/site-packages/airflow/example_dags/example_nested_branch_dag.py for tasks to queue
[2024-09-12T14:12:06.108+0000] {logging_mixin.py:190} INFO - [2024-09-12T14:12:06.108+0000] {dagbag.py:587} INFO - Filling up the DagBag from /home/airflow/.local/lib/python3.12/site-packages/airflow/example_dags/example_nested_branch_dag.py
[2024-09-12T14:12:06.122+0000] {processor.py:925} INFO - DAG(s) 'example_nested_branch_dag' retrieved from /home/airflow/.local/lib/python3.12/site-packages/airflow/example_dags/example_nested_branch_dag.py
[2024-09-12T14:12:06.194+0000] {logging_mixin.py:190} INFO - [2024-09-12T14:12:06.194+0000] {dag.py:3229} INFO - Sync 1 DAGs
[2024-09-12T14:12:06.220+0000] {logging_mixin.py:190} INFO - [2024-09-12T14:12:06.220+0000] {dag.py:4156} INFO - Setting next_dagrun for example_nested_branch_dag to 2024-09-11 00:00:00+00:00, run_after=2024-09-12 00:00:00+00:00
[2024-09-12T14:12:06.240+0000] {processor.py:208} INFO - Processing /home/airflow/.local/lib/python3.12/site-packages/airflow/example_dags/example_nested_branch_dag.py took 0.141 seconds
[2024-09-12T14:12:37.022+0000] {processor.py:186} INFO - Started process (PID=1518) to work on /home/airflow/.local/lib/python3.12/site-packages/airflow/example_dags/example_nested_branch_dag.py
[2024-09-12T14:12:37.024+0000] {processor.py:914} INFO - Processing file /home/airflow/.local/lib/python3.12/site-packages/airflow/example_dags/example_nested_branch_dag.py for tasks to queue
[2024-09-12T14:12:37.026+0000] {logging_mixin.py:190} INFO - [2024-09-12T14:12:37.026+0000] {dagbag.py:587} INFO - Filling up the DagBag from /home/airflow/.local/lib/python3.12/site-packages/airflow/example_dags/example_nested_branch_dag.py
[2024-09-12T14:12:37.096+0000] {processor.py:925} INFO - DAG(s) 'example_nested_branch_dag' retrieved from /home/airflow/.local/lib/python3.12/site-packages/airflow/example_dags/example_nested_branch_dag.py
[2024-09-12T14:12:37.183+0000] {logging_mixin.py:190} INFO - [2024-09-12T14:12:37.182+0000] {dag.py:3229} INFO - Sync 1 DAGs
[2024-09-12T14:12:37.210+0000] {logging_mixin.py:190} INFO - [2024-09-12T14:12:37.210+0000] {dag.py:4156} INFO - Setting next_dagrun for example_nested_branch_dag to 2024-09-11 00:00:00+00:00, run_after=2024-09-12 00:00:00+00:00
[2024-09-12T14:12:37.228+0000] {processor.py:208} INFO - Processing /home/airflow/.local/lib/python3.12/site-packages/airflow/example_dags/example_nested_branch_dag.py took 0.212 seconds
[2024-09-12T14:13:07.671+0000] {processor.py:186} INFO - Started process (PID=1580) to work on /home/airflow/.local/lib/python3.12/site-packages/airflow/example_dags/example_nested_branch_dag.py
[2024-09-12T14:13:07.672+0000] {processor.py:914} INFO - Processing file /home/airflow/.local/lib/python3.12/site-packages/airflow/example_dags/example_nested_branch_dag.py for tasks to queue
[2024-09-12T14:13:07.674+0000] {logging_mixin.py:190} INFO - [2024-09-12T14:13:07.674+0000] {dagbag.py:587} INFO - Filling up the DagBag from /home/airflow/.local/lib/python3.12/site-packages/airflow/example_dags/example_nested_branch_dag.py
[2024-09-12T14:13:07.692+0000] {processor.py:925} INFO - DAG(s) 'example_nested_branch_dag' retrieved from /home/airflow/.local/lib/python3.12/site-packages/airflow/example_dags/example_nested_branch_dag.py
[2024-09-12T14:13:07.717+0000] {logging_mixin.py:190} INFO - [2024-09-12T14:13:07.717+0000] {dag.py:3229} INFO - Sync 1 DAGs
[2024-09-12T14:13:07.746+0000] {logging_mixin.py:190} INFO - [2024-09-12T14:13:07.745+0000] {dag.py:4156} INFO - Setting next_dagrun for example_nested_branch_dag to 2024-09-11 00:00:00+00:00, run_after=2024-09-12 00:00:00+00:00
[2024-09-12T14:13:07.768+0000] {processor.py:208} INFO - Processing /home/airflow/.local/lib/python3.12/site-packages/airflow/example_dags/example_nested_branch_dag.py took 0.104 seconds
[2024-09-12T14:13:38.218+0000] {processor.py:186} INFO - Started process (PID=1642) to work on /home/airflow/.local/lib/python3.12/site-packages/airflow/example_dags/example_nested_branch_dag.py
[2024-09-12T14:13:38.220+0000] {processor.py:914} INFO - Processing file /home/airflow/.local/lib/python3.12/site-packages/airflow/example_dags/example_nested_branch_dag.py for tasks to queue
[2024-09-12T14:13:38.223+0000] {logging_mixin.py:190} INFO - [2024-09-12T14:13:38.222+0000] {dagbag.py:587} INFO - Filling up the DagBag from /home/airflow/.local/lib/python3.12/site-packages/airflow/example_dags/example_nested_branch_dag.py
[2024-09-12T14:13:38.236+0000] {processor.py:925} INFO - DAG(s) 'example_nested_branch_dag' retrieved from /home/airflow/.local/lib/python3.12/site-packages/airflow/example_dags/example_nested_branch_dag.py
[2024-09-12T14:13:38.264+0000] {logging_mixin.py:190} INFO - [2024-09-12T14:13:38.264+0000] {dag.py:3229} INFO - Sync 1 DAGs
[2024-09-12T14:13:38.300+0000] {logging_mixin.py:190} INFO - [2024-09-12T14:13:38.300+0000] {dag.py:4156} INFO - Setting next_dagrun for example_nested_branch_dag to 2024-09-11 00:00:00+00:00, run_after=2024-09-12 00:00:00+00:00
[2024-09-12T14:13:38.326+0000] {processor.py:208} INFO - Processing /home/airflow/.local/lib/python3.12/site-packages/airflow/example_dags/example_nested_branch_dag.py took 0.117 seconds
[2024-09-12T14:14:08.715+0000] {processor.py:186} INFO - Started process (PID=1704) to work on /home/airflow/.local/lib/python3.12/site-packages/airflow/example_dags/example_nested_branch_dag.py
[2024-09-12T14:14:08.716+0000] {processor.py:914} INFO - Processing file /home/airflow/.local/lib/python3.12/site-packages/airflow/example_dags/example_nested_branch_dag.py for tasks to queue
[2024-09-12T14:14:08.719+0000] {logging_mixin.py:190} INFO - [2024-09-12T14:14:08.718+0000] {dagbag.py:587} INFO - Filling up the DagBag from /home/airflow/.local/lib/python3.12/site-packages/airflow/example_dags/example_nested_branch_dag.py
[2024-09-12T14:14:08.731+0000] {processor.py:925} INFO - DAG(s) 'example_nested_branch_dag' retrieved from /home/airflow/.local/lib/python3.12/site-packages/airflow/example_dags/example_nested_branch_dag.py
[2024-09-12T14:14:08.754+0000] {logging_mixin.py:190} INFO - [2024-09-12T14:14:08.753+0000] {dag.py:3229} INFO - Sync 1 DAGs
[2024-09-12T14:14:08.779+0000] {logging_mixin.py:190} INFO - [2024-09-12T14:14:08.778+0000] {dag.py:4156} INFO - Setting next_dagrun for example_nested_branch_dag to 2024-09-11 00:00:00+00:00, run_after=2024-09-12 00:00:00+00:00
[2024-09-12T14:14:08.797+0000] {processor.py:208} INFO - Processing /home/airflow/.local/lib/python3.12/site-packages/airflow/example_dags/example_nested_branch_dag.py took 0.088 seconds
[2024-09-12T14:14:39.290+0000] {processor.py:186} INFO - Started process (PID=1766) to work on /home/airflow/.local/lib/python3.12/site-packages/airflow/example_dags/example_nested_branch_dag.py
[2024-09-12T14:14:39.292+0000] {processor.py:914} INFO - Processing file /home/airflow/.local/lib/python3.12/site-packages/airflow/example_dags/example_nested_branch_dag.py for tasks to queue
[2024-09-12T14:14:39.294+0000] {logging_mixin.py:190} INFO - [2024-09-12T14:14:39.294+0000] {dagbag.py:587} INFO - Filling up the DagBag from /home/airflow/.local/lib/python3.12/site-packages/airflow/example_dags/example_nested_branch_dag.py
[2024-09-12T14:14:39.307+0000] {processor.py:925} INFO - DAG(s) 'example_nested_branch_dag' retrieved from /home/airflow/.local/lib/python3.12/site-packages/airflow/example_dags/example_nested_branch_dag.py
[2024-09-12T14:14:39.333+0000] {logging_mixin.py:190} INFO - [2024-09-12T14:14:39.333+0000] {dag.py:3229} INFO - Sync 1 DAGs
[2024-09-12T14:14:39.363+0000] {logging_mixin.py:190} INFO - [2024-09-12T14:14:39.362+0000] {dag.py:4156} INFO - Setting next_dagrun for example_nested_branch_dag to 2024-09-11 00:00:00+00:00, run_after=2024-09-12 00:00:00+00:00
[2024-09-12T14:14:39.381+0000] {processor.py:208} INFO - Processing /home/airflow/.local/lib/python3.12/site-packages/airflow/example_dags/example_nested_branch_dag.py took 0.097 seconds
[2024-09-12T14:15:09.618+0000] {processor.py:186} INFO - Started process (PID=1827) to work on /home/airflow/.local/lib/python3.12/site-packages/airflow/example_dags/example_nested_branch_dag.py
[2024-09-12T14:15:09.620+0000] {processor.py:914} INFO - Processing file /home/airflow/.local/lib/python3.12/site-packages/airflow/example_dags/example_nested_branch_dag.py for tasks to queue
[2024-09-12T14:15:09.622+0000] {logging_mixin.py:190} INFO - [2024-09-12T14:15:09.622+0000] {dagbag.py:587} INFO - Filling up the DagBag from /home/airflow/.local/lib/python3.12/site-packages/airflow/example_dags/example_nested_branch_dag.py
[2024-09-12T14:15:09.636+0000] {processor.py:925} INFO - DAG(s) 'example_nested_branch_dag' retrieved from /home/airflow/.local/lib/python3.12/site-packages/airflow/example_dags/example_nested_branch_dag.py
[2024-09-12T14:15:09.665+0000] {logging_mixin.py:190} INFO - [2024-09-12T14:15:09.664+0000] {dag.py:3229} INFO - Sync 1 DAGs
[2024-09-12T14:15:09.693+0000] {logging_mixin.py:190} INFO - [2024-09-12T14:15:09.693+0000] {dag.py:4156} INFO - Setting next_dagrun for example_nested_branch_dag to 2024-09-11 00:00:00+00:00, run_after=2024-09-12 00:00:00+00:00
[2024-09-12T14:15:09.716+0000] {processor.py:208} INFO - Processing /home/airflow/.local/lib/python3.12/site-packages/airflow/example_dags/example_nested_branch_dag.py took 0.105 seconds
[2024-09-12T14:18:15.205+0000] {processor.py:186} INFO - Started process (PID=79) to work on /home/airflow/.local/lib/python3.12/site-packages/airflow/example_dags/example_nested_branch_dag.py
[2024-09-12T14:18:15.206+0000] {processor.py:914} INFO - Processing file /home/airflow/.local/lib/python3.12/site-packages/airflow/example_dags/example_nested_branch_dag.py for tasks to queue
[2024-09-12T14:18:15.209+0000] {logging_mixin.py:190} INFO - [2024-09-12T14:18:15.209+0000] {dagbag.py:587} INFO - Filling up the DagBag from /home/airflow/.local/lib/python3.12/site-packages/airflow/example_dags/example_nested_branch_dag.py
[2024-09-12T14:18:15.222+0000] {processor.py:925} INFO - DAG(s) 'example_nested_branch_dag' retrieved from /home/airflow/.local/lib/python3.12/site-packages/airflow/example_dags/example_nested_branch_dag.py
[2024-09-12T14:18:15.248+0000] {logging_mixin.py:190} INFO - [2024-09-12T14:18:15.248+0000] {dag.py:3229} INFO - Sync 1 DAGs
[2024-09-12T14:18:15.277+0000] {logging_mixin.py:190} INFO - [2024-09-12T14:18:15.276+0000] {dag.py:4156} INFO - Setting next_dagrun for example_nested_branch_dag to 2024-09-11 00:00:00+00:00, run_after=2024-09-12 00:00:00+00:00
[2024-09-12T14:18:15.299+0000] {processor.py:208} INFO - Processing /home/airflow/.local/lib/python3.12/site-packages/airflow/example_dags/example_nested_branch_dag.py took 0.100 seconds
[2024-09-12T14:18:46.774+0000] {processor.py:186} INFO - Started process (PID=141) to work on /home/airflow/.local/lib/python3.12/site-packages/airflow/example_dags/example_nested_branch_dag.py
[2024-09-12T14:18:46.783+0000] {processor.py:914} INFO - Processing file /home/airflow/.local/lib/python3.12/site-packages/airflow/example_dags/example_nested_branch_dag.py for tasks to queue
[2024-09-12T14:18:46.787+0000] {logging_mixin.py:190} INFO - [2024-09-12T14:18:46.786+0000] {dagbag.py:587} INFO - Filling up the DagBag from /home/airflow/.local/lib/python3.12/site-packages/airflow/example_dags/example_nested_branch_dag.py
[2024-09-12T14:18:46.825+0000] {processor.py:925} INFO - DAG(s) 'example_nested_branch_dag' retrieved from /home/airflow/.local/lib/python3.12/site-packages/airflow/example_dags/example_nested_branch_dag.py
[2024-09-12T14:18:46.866+0000] {logging_mixin.py:190} INFO - [2024-09-12T14:18:46.865+0000] {dag.py:3229} INFO - Sync 1 DAGs
[2024-09-12T14:18:46.923+0000] {logging_mixin.py:190} INFO - [2024-09-12T14:18:46.923+0000] {dag.py:4156} INFO - Setting next_dagrun for example_nested_branch_dag to 2024-09-11 00:00:00+00:00, run_after=2024-09-12 00:00:00+00:00
[2024-09-12T14:18:46.959+0000] {processor.py:208} INFO - Processing /home/airflow/.local/lib/python3.12/site-packages/airflow/example_dags/example_nested_branch_dag.py took 0.196 seconds
[2024-09-12T14:19:17.840+0000] {processor.py:186} INFO - Started process (PID=204) to work on /home/airflow/.local/lib/python3.12/site-packages/airflow/example_dags/example_nested_branch_dag.py
[2024-09-12T14:19:17.841+0000] {processor.py:914} INFO - Processing file /home/airflow/.local/lib/python3.12/site-packages/airflow/example_dags/example_nested_branch_dag.py for tasks to queue
[2024-09-12T14:19:17.844+0000] {logging_mixin.py:190} INFO - [2024-09-12T14:19:17.843+0000] {dagbag.py:587} INFO - Filling up the DagBag from /home/airflow/.local/lib/python3.12/site-packages/airflow/example_dags/example_nested_branch_dag.py
[2024-09-12T14:19:17.887+0000] {processor.py:925} INFO - DAG(s) 'example_nested_branch_dag' retrieved from /home/airflow/.local/lib/python3.12/site-packages/airflow/example_dags/example_nested_branch_dag.py
[2024-09-12T14:19:17.920+0000] {logging_mixin.py:190} INFO - [2024-09-12T14:19:17.919+0000] {dag.py:3229} INFO - Sync 1 DAGs
[2024-09-12T14:19:17.943+0000] {logging_mixin.py:190} INFO - [2024-09-12T14:19:17.943+0000] {dag.py:4156} INFO - Setting next_dagrun for example_nested_branch_dag to 2024-09-11 00:00:00+00:00, run_after=2024-09-12 00:00:00+00:00
[2024-09-12T14:19:17.983+0000] {processor.py:208} INFO - Processing /home/airflow/.local/lib/python3.12/site-packages/airflow/example_dags/example_nested_branch_dag.py took 0.149 seconds
[2024-09-12T14:19:48.118+0000] {processor.py:186} INFO - Started process (PID=266) to work on /home/airflow/.local/lib/python3.12/site-packages/airflow/example_dags/example_nested_branch_dag.py
[2024-09-12T14:19:48.119+0000] {processor.py:914} INFO - Processing file /home/airflow/.local/lib/python3.12/site-packages/airflow/example_dags/example_nested_branch_dag.py for tasks to queue
[2024-09-12T14:19:48.121+0000] {logging_mixin.py:190} INFO - [2024-09-12T14:19:48.121+0000] {dagbag.py:587} INFO - Filling up the DagBag from /home/airflow/.local/lib/python3.12/site-packages/airflow/example_dags/example_nested_branch_dag.py
[2024-09-12T14:19:48.133+0000] {processor.py:925} INFO - DAG(s) 'example_nested_branch_dag' retrieved from /home/airflow/.local/lib/python3.12/site-packages/airflow/example_dags/example_nested_branch_dag.py
[2024-09-12T14:19:48.157+0000] {logging_mixin.py:190} INFO - [2024-09-12T14:19:48.157+0000] {dag.py:3229} INFO - Sync 1 DAGs
[2024-09-12T14:19:48.187+0000] {logging_mixin.py:190} INFO - [2024-09-12T14:19:48.187+0000] {dag.py:4156} INFO - Setting next_dagrun for example_nested_branch_dag to 2024-09-11 00:00:00+00:00, run_after=2024-09-12 00:00:00+00:00
[2024-09-12T14:19:48.213+0000] {processor.py:208} INFO - Processing /home/airflow/.local/lib/python3.12/site-packages/airflow/example_dags/example_nested_branch_dag.py took 0.101 seconds
[2024-09-12T14:20:18.696+0000] {processor.py:186} INFO - Started process (PID=328) to work on /home/airflow/.local/lib/python3.12/site-packages/airflow/example_dags/example_nested_branch_dag.py
[2024-09-12T14:20:18.697+0000] {processor.py:914} INFO - Processing file /home/airflow/.local/lib/python3.12/site-packages/airflow/example_dags/example_nested_branch_dag.py for tasks to queue
[2024-09-12T14:20:18.700+0000] {logging_mixin.py:190} INFO - [2024-09-12T14:20:18.700+0000] {dagbag.py:587} INFO - Filling up the DagBag from /home/airflow/.local/lib/python3.12/site-packages/airflow/example_dags/example_nested_branch_dag.py
[2024-09-12T14:20:18.715+0000] {processor.py:925} INFO - DAG(s) 'example_nested_branch_dag' retrieved from /home/airflow/.local/lib/python3.12/site-packages/airflow/example_dags/example_nested_branch_dag.py
[2024-09-12T14:20:18.741+0000] {logging_mixin.py:190} INFO - [2024-09-12T14:20:18.741+0000] {dag.py:3229} INFO - Sync 1 DAGs
[2024-09-12T14:20:18.765+0000] {logging_mixin.py:190} INFO - [2024-09-12T14:20:18.765+0000] {dag.py:4156} INFO - Setting next_dagrun for example_nested_branch_dag to 2024-09-11 00:00:00+00:00, run_after=2024-09-12 00:00:00+00:00
[2024-09-12T14:20:18.789+0000] {processor.py:208} INFO - Processing /home/airflow/.local/lib/python3.12/site-packages/airflow/example_dags/example_nested_branch_dag.py took 0.100 seconds
[2024-09-12T14:20:49.663+0000] {processor.py:186} INFO - Started process (PID=390) to work on /home/airflow/.local/lib/python3.12/site-packages/airflow/example_dags/example_nested_branch_dag.py
[2024-09-12T14:20:49.664+0000] {processor.py:914} INFO - Processing file /home/airflow/.local/lib/python3.12/site-packages/airflow/example_dags/example_nested_branch_dag.py for tasks to queue
[2024-09-12T14:20:49.667+0000] {logging_mixin.py:190} INFO - [2024-09-12T14:20:49.667+0000] {dagbag.py:587} INFO - Filling up the DagBag from /home/airflow/.local/lib/python3.12/site-packages/airflow/example_dags/example_nested_branch_dag.py
[2024-09-12T14:20:49.683+0000] {processor.py:925} INFO - DAG(s) 'example_nested_branch_dag' retrieved from /home/airflow/.local/lib/python3.12/site-packages/airflow/example_dags/example_nested_branch_dag.py
[2024-09-12T14:20:49.718+0000] {logging_mixin.py:190} INFO - [2024-09-12T14:20:49.718+0000] {dag.py:3229} INFO - Sync 1 DAGs
[2024-09-12T14:20:49.753+0000] {logging_mixin.py:190} INFO - [2024-09-12T14:20:49.753+0000] {dag.py:4156} INFO - Setting next_dagrun for example_nested_branch_dag to 2024-09-11 00:00:00+00:00, run_after=2024-09-12 00:00:00+00:00
[2024-09-12T14:20:49.805+0000] {processor.py:208} INFO - Processing /home/airflow/.local/lib/python3.12/site-packages/airflow/example_dags/example_nested_branch_dag.py took 0.150 seconds
[2024-09-12T14:21:21.898+0000] {processor.py:186} INFO - Started process (PID=452) to work on /home/airflow/.local/lib/python3.12/site-packages/airflow/example_dags/example_nested_branch_dag.py
[2024-09-12T14:21:21.899+0000] {processor.py:914} INFO - Processing file /home/airflow/.local/lib/python3.12/site-packages/airflow/example_dags/example_nested_branch_dag.py for tasks to queue
[2024-09-12T14:21:21.903+0000] {logging_mixin.py:190} INFO - [2024-09-12T14:21:21.902+0000] {dagbag.py:587} INFO - Filling up the DagBag from /home/airflow/.local/lib/python3.12/site-packages/airflow/example_dags/example_nested_branch_dag.py
[2024-09-12T14:21:21.918+0000] {processor.py:925} INFO - DAG(s) 'example_nested_branch_dag' retrieved from /home/airflow/.local/lib/python3.12/site-packages/airflow/example_dags/example_nested_branch_dag.py
[2024-09-12T14:21:22.007+0000] {logging_mixin.py:190} INFO - [2024-09-12T14:21:22.007+0000] {dag.py:3229} INFO - Sync 1 DAGs
[2024-09-12T14:21:22.184+0000] {logging_mixin.py:190} INFO - [2024-09-12T14:21:22.184+0000] {dag.py:4156} INFO - Setting next_dagrun for example_nested_branch_dag to 2024-09-11 00:00:00+00:00, run_after=2024-09-12 00:00:00+00:00
[2024-09-12T14:21:22.213+0000] {processor.py:208} INFO - Processing /home/airflow/.local/lib/python3.12/site-packages/airflow/example_dags/example_nested_branch_dag.py took 0.323 seconds
[2024-09-12T14:21:53.077+0000] {processor.py:186} INFO - Started process (PID=514) to work on /home/airflow/.local/lib/python3.12/site-packages/airflow/example_dags/example_nested_branch_dag.py
[2024-09-12T14:21:53.078+0000] {processor.py:914} INFO - Processing file /home/airflow/.local/lib/python3.12/site-packages/airflow/example_dags/example_nested_branch_dag.py for tasks to queue
[2024-09-12T14:21:53.080+0000] {logging_mixin.py:190} INFO - [2024-09-12T14:21:53.080+0000] {dagbag.py:587} INFO - Filling up the DagBag from /home/airflow/.local/lib/python3.12/site-packages/airflow/example_dags/example_nested_branch_dag.py
[2024-09-12T14:21:53.094+0000] {processor.py:925} INFO - DAG(s) 'example_nested_branch_dag' retrieved from /home/airflow/.local/lib/python3.12/site-packages/airflow/example_dags/example_nested_branch_dag.py
[2024-09-12T14:21:53.120+0000] {logging_mixin.py:190} INFO - [2024-09-12T14:21:53.120+0000] {dag.py:3229} INFO - Sync 1 DAGs
[2024-09-12T14:21:53.147+0000] {logging_mixin.py:190} INFO - [2024-09-12T14:21:53.147+0000] {dag.py:4156} INFO - Setting next_dagrun for example_nested_branch_dag to 2024-09-11 00:00:00+00:00, run_after=2024-09-12 00:00:00+00:00
[2024-09-12T14:21:53.168+0000] {processor.py:208} INFO - Processing /home/airflow/.local/lib/python3.12/site-packages/airflow/example_dags/example_nested_branch_dag.py took 0.098 seconds
[2024-09-12T14:22:23.890+0000] {processor.py:186} INFO - Started process (PID=576) to work on /home/airflow/.local/lib/python3.12/site-packages/airflow/example_dags/example_nested_branch_dag.py
[2024-09-12T14:22:23.891+0000] {processor.py:914} INFO - Processing file /home/airflow/.local/lib/python3.12/site-packages/airflow/example_dags/example_nested_branch_dag.py for tasks to queue
[2024-09-12T14:22:23.894+0000] {logging_mixin.py:190} INFO - [2024-09-12T14:22:23.893+0000] {dagbag.py:587} INFO - Filling up the DagBag from /home/airflow/.local/lib/python3.12/site-packages/airflow/example_dags/example_nested_branch_dag.py
[2024-09-12T14:22:23.908+0000] {processor.py:925} INFO - DAG(s) 'example_nested_branch_dag' retrieved from /home/airflow/.local/lib/python3.12/site-packages/airflow/example_dags/example_nested_branch_dag.py
[2024-09-12T14:22:23.934+0000] {logging_mixin.py:190} INFO - [2024-09-12T14:22:23.934+0000] {dag.py:3229} INFO - Sync 1 DAGs
[2024-09-12T14:22:23.963+0000] {logging_mixin.py:190} INFO - [2024-09-12T14:22:23.962+0000] {dag.py:4156} INFO - Setting next_dagrun for example_nested_branch_dag to 2024-09-11 00:00:00+00:00, run_after=2024-09-12 00:00:00+00:00
[2024-09-12T14:22:23.980+0000] {processor.py:208} INFO - Processing /home/airflow/.local/lib/python3.12/site-packages/airflow/example_dags/example_nested_branch_dag.py took 0.099 seconds
[2024-09-12T14:22:54.699+0000] {processor.py:186} INFO - Started process (PID=644) to work on /home/airflow/.local/lib/python3.12/site-packages/airflow/example_dags/example_nested_branch_dag.py
[2024-09-12T14:22:54.700+0000] {processor.py:914} INFO - Processing file /home/airflow/.local/lib/python3.12/site-packages/airflow/example_dags/example_nested_branch_dag.py for tasks to queue
[2024-09-12T14:22:54.703+0000] {logging_mixin.py:190} INFO - [2024-09-12T14:22:54.702+0000] {dagbag.py:587} INFO - Filling up the DagBag from /home/airflow/.local/lib/python3.12/site-packages/airflow/example_dags/example_nested_branch_dag.py
[2024-09-12T14:22:54.714+0000] {processor.py:925} INFO - DAG(s) 'example_nested_branch_dag' retrieved from /home/airflow/.local/lib/python3.12/site-packages/airflow/example_dags/example_nested_branch_dag.py
[2024-09-12T14:22:54.735+0000] {logging_mixin.py:190} INFO - [2024-09-12T14:22:54.734+0000] {dag.py:3229} INFO - Sync 1 DAGs
[2024-09-12T14:22:54.758+0000] {logging_mixin.py:190} INFO - [2024-09-12T14:22:54.758+0000] {dag.py:4156} INFO - Setting next_dagrun for example_nested_branch_dag to 2024-09-11 00:00:00+00:00, run_after=2024-09-12 00:00:00+00:00
[2024-09-12T14:22:54.774+0000] {processor.py:208} INFO - Processing /home/airflow/.local/lib/python3.12/site-packages/airflow/example_dags/example_nested_branch_dag.py took 0.081 seconds
[2024-09-12T14:23:24.993+0000] {processor.py:186} INFO - Started process (PID=706) to work on /home/airflow/.local/lib/python3.12/site-packages/airflow/example_dags/example_nested_branch_dag.py
[2024-09-12T14:23:24.994+0000] {processor.py:914} INFO - Processing file /home/airflow/.local/lib/python3.12/site-packages/airflow/example_dags/example_nested_branch_dag.py for tasks to queue
[2024-09-12T14:23:24.997+0000] {logging_mixin.py:190} INFO - [2024-09-12T14:23:24.997+0000] {dagbag.py:587} INFO - Filling up the DagBag from /home/airflow/.local/lib/python3.12/site-packages/airflow/example_dags/example_nested_branch_dag.py
[2024-09-12T14:23:25.013+0000] {processor.py:925} INFO - DAG(s) 'example_nested_branch_dag' retrieved from /home/airflow/.local/lib/python3.12/site-packages/airflow/example_dags/example_nested_branch_dag.py
[2024-09-12T14:23:25.045+0000] {logging_mixin.py:190} INFO - [2024-09-12T14:23:25.045+0000] {dag.py:3229} INFO - Sync 1 DAGs
[2024-09-12T14:23:25.082+0000] {logging_mixin.py:190} INFO - [2024-09-12T14:23:25.082+0000] {dag.py:4156} INFO - Setting next_dagrun for example_nested_branch_dag to 2024-09-11 00:00:00+00:00, run_after=2024-09-12 00:00:00+00:00
[2024-09-12T14:23:25.116+0000] {processor.py:208} INFO - Processing /home/airflow/.local/lib/python3.12/site-packages/airflow/example_dags/example_nested_branch_dag.py took 0.129 seconds
[2024-09-12T14:23:55.164+0000] {processor.py:186} INFO - Started process (PID=768) to work on /home/airflow/.local/lib/python3.12/site-packages/airflow/example_dags/example_nested_branch_dag.py
[2024-09-12T14:23:55.165+0000] {processor.py:914} INFO - Processing file /home/airflow/.local/lib/python3.12/site-packages/airflow/example_dags/example_nested_branch_dag.py for tasks to queue
[2024-09-12T14:23:55.168+0000] {logging_mixin.py:190} INFO - [2024-09-12T14:23:55.167+0000] {dagbag.py:587} INFO - Filling up the DagBag from /home/airflow/.local/lib/python3.12/site-packages/airflow/example_dags/example_nested_branch_dag.py
[2024-09-12T14:23:55.181+0000] {processor.py:925} INFO - DAG(s) 'example_nested_branch_dag' retrieved from /home/airflow/.local/lib/python3.12/site-packages/airflow/example_dags/example_nested_branch_dag.py
[2024-09-12T14:23:55.211+0000] {logging_mixin.py:190} INFO - [2024-09-12T14:23:55.210+0000] {dag.py:3229} INFO - Sync 1 DAGs
[2024-09-12T14:23:55.241+0000] {logging_mixin.py:190} INFO - [2024-09-12T14:23:55.241+0000] {dag.py:4156} INFO - Setting next_dagrun for example_nested_branch_dag to 2024-09-11 00:00:00+00:00, run_after=2024-09-12 00:00:00+00:00
[2024-09-12T14:23:55.264+0000] {processor.py:208} INFO - Processing /home/airflow/.local/lib/python3.12/site-packages/airflow/example_dags/example_nested_branch_dag.py took 0.107 seconds
[2024-09-12T14:24:25.521+0000] {processor.py:186} INFO - Started process (PID=830) to work on /home/airflow/.local/lib/python3.12/site-packages/airflow/example_dags/example_nested_branch_dag.py
[2024-09-12T14:24:25.522+0000] {processor.py:914} INFO - Processing file /home/airflow/.local/lib/python3.12/site-packages/airflow/example_dags/example_nested_branch_dag.py for tasks to queue
[2024-09-12T14:24:25.525+0000] {logging_mixin.py:190} INFO - [2024-09-12T14:24:25.525+0000] {dagbag.py:587} INFO - Filling up the DagBag from /home/airflow/.local/lib/python3.12/site-packages/airflow/example_dags/example_nested_branch_dag.py
[2024-09-12T14:24:25.540+0000] {processor.py:925} INFO - DAG(s) 'example_nested_branch_dag' retrieved from /home/airflow/.local/lib/python3.12/site-packages/airflow/example_dags/example_nested_branch_dag.py
[2024-09-12T14:24:25.572+0000] {logging_mixin.py:190} INFO - [2024-09-12T14:24:25.572+0000] {dag.py:3229} INFO - Sync 1 DAGs
[2024-09-12T14:24:25.610+0000] {logging_mixin.py:190} INFO - [2024-09-12T14:24:25.610+0000] {dag.py:4156} INFO - Setting next_dagrun for example_nested_branch_dag to 2024-09-11 00:00:00+00:00, run_after=2024-09-12 00:00:00+00:00
[2024-09-12T14:24:25.635+0000] {processor.py:208} INFO - Processing /home/airflow/.local/lib/python3.12/site-packages/airflow/example_dags/example_nested_branch_dag.py took 0.124 seconds
[2024-09-12T14:24:55.993+0000] {processor.py:186} INFO - Started process (PID=892) to work on /home/airflow/.local/lib/python3.12/site-packages/airflow/example_dags/example_nested_branch_dag.py
[2024-09-12T14:24:55.994+0000] {processor.py:914} INFO - Processing file /home/airflow/.local/lib/python3.12/site-packages/airflow/example_dags/example_nested_branch_dag.py for tasks to queue
[2024-09-12T14:24:55.998+0000] {logging_mixin.py:190} INFO - [2024-09-12T14:24:55.997+0000] {dagbag.py:587} INFO - Filling up the DagBag from /home/airflow/.local/lib/python3.12/site-packages/airflow/example_dags/example_nested_branch_dag.py
[2024-09-12T14:24:56.011+0000] {processor.py:925} INFO - DAG(s) 'example_nested_branch_dag' retrieved from /home/airflow/.local/lib/python3.12/site-packages/airflow/example_dags/example_nested_branch_dag.py
[2024-09-12T14:24:56.036+0000] {logging_mixin.py:190} INFO - [2024-09-12T14:24:56.036+0000] {dag.py:3229} INFO - Sync 1 DAGs
[2024-09-12T14:24:56.060+0000] {logging_mixin.py:190} INFO - [2024-09-12T14:24:56.060+0000] {dag.py:4156} INFO - Setting next_dagrun for example_nested_branch_dag to 2024-09-11 00:00:00+00:00, run_after=2024-09-12 00:00:00+00:00
[2024-09-12T14:24:56.091+0000] {processor.py:208} INFO - Processing /home/airflow/.local/lib/python3.12/site-packages/airflow/example_dags/example_nested_branch_dag.py took 0.104 seconds
[2024-09-12T14:25:26.807+0000] {processor.py:186} INFO - Started process (PID=954) to work on /home/airflow/.local/lib/python3.12/site-packages/airflow/example_dags/example_nested_branch_dag.py
[2024-09-12T14:25:26.808+0000] {processor.py:914} INFO - Processing file /home/airflow/.local/lib/python3.12/site-packages/airflow/example_dags/example_nested_branch_dag.py for tasks to queue
[2024-09-12T14:25:26.811+0000] {logging_mixin.py:190} INFO - [2024-09-12T14:25:26.810+0000] {dagbag.py:587} INFO - Filling up the DagBag from /home/airflow/.local/lib/python3.12/site-packages/airflow/example_dags/example_nested_branch_dag.py
[2024-09-12T14:25:26.823+0000] {processor.py:925} INFO - DAG(s) 'example_nested_branch_dag' retrieved from /home/airflow/.local/lib/python3.12/site-packages/airflow/example_dags/example_nested_branch_dag.py
[2024-09-12T14:25:26.845+0000] {logging_mixin.py:190} INFO - [2024-09-12T14:25:26.845+0000] {dag.py:3229} INFO - Sync 1 DAGs
[2024-09-12T14:25:26.907+0000] {logging_mixin.py:190} INFO - [2024-09-12T14:25:26.906+0000] {dag.py:4156} INFO - Setting next_dagrun for example_nested_branch_dag to 2024-09-11 00:00:00+00:00, run_after=2024-09-12 00:00:00+00:00
[2024-09-12T14:25:26.924+0000] {processor.py:208} INFO - Processing /home/airflow/.local/lib/python3.12/site-packages/airflow/example_dags/example_nested_branch_dag.py took 0.124 seconds
[2024-09-12T14:25:57.418+0000] {processor.py:186} INFO - Started process (PID=1016) to work on /home/airflow/.local/lib/python3.12/site-packages/airflow/example_dags/example_nested_branch_dag.py
[2024-09-12T14:25:57.419+0000] {processor.py:914} INFO - Processing file /home/airflow/.local/lib/python3.12/site-packages/airflow/example_dags/example_nested_branch_dag.py for tasks to queue
[2024-09-12T14:25:57.482+0000] {logging_mixin.py:190} INFO - [2024-09-12T14:25:57.481+0000] {dagbag.py:587} INFO - Filling up the DagBag from /home/airflow/.local/lib/python3.12/site-packages/airflow/example_dags/example_nested_branch_dag.py
[2024-09-12T14:25:57.497+0000] {processor.py:925} INFO - DAG(s) 'example_nested_branch_dag' retrieved from /home/airflow/.local/lib/python3.12/site-packages/airflow/example_dags/example_nested_branch_dag.py
[2024-09-12T14:25:57.581+0000] {logging_mixin.py:190} INFO - [2024-09-12T14:25:57.581+0000] {dag.py:3229} INFO - Sync 1 DAGs
[2024-09-12T14:25:57.607+0000] {logging_mixin.py:190} INFO - [2024-09-12T14:25:57.607+0000] {dag.py:4156} INFO - Setting next_dagrun for example_nested_branch_dag to 2024-09-11 00:00:00+00:00, run_after=2024-09-12 00:00:00+00:00
[2024-09-12T14:25:57.625+0000] {processor.py:208} INFO - Processing /home/airflow/.local/lib/python3.12/site-packages/airflow/example_dags/example_nested_branch_dag.py took 0.214 seconds
[2024-09-12T14:26:27.690+0000] {processor.py:186} INFO - Started process (PID=1078) to work on /home/airflow/.local/lib/python3.12/site-packages/airflow/example_dags/example_nested_branch_dag.py
[2024-09-12T14:26:27.691+0000] {processor.py:914} INFO - Processing file /home/airflow/.local/lib/python3.12/site-packages/airflow/example_dags/example_nested_branch_dag.py for tasks to queue
[2024-09-12T14:26:27.693+0000] {logging_mixin.py:190} INFO - [2024-09-12T14:26:27.693+0000] {dagbag.py:587} INFO - Filling up the DagBag from /home/airflow/.local/lib/python3.12/site-packages/airflow/example_dags/example_nested_branch_dag.py
[2024-09-12T14:26:27.705+0000] {processor.py:925} INFO - DAG(s) 'example_nested_branch_dag' retrieved from /home/airflow/.local/lib/python3.12/site-packages/airflow/example_dags/example_nested_branch_dag.py
[2024-09-12T14:26:27.729+0000] {logging_mixin.py:190} INFO - [2024-09-12T14:26:27.729+0000] {dag.py:3229} INFO - Sync 1 DAGs
[2024-09-12T14:26:27.755+0000] {logging_mixin.py:190} INFO - [2024-09-12T14:26:27.754+0000] {dag.py:4156} INFO - Setting next_dagrun for example_nested_branch_dag to 2024-09-11 00:00:00+00:00, run_after=2024-09-12 00:00:00+00:00
[2024-09-12T14:26:27.801+0000] {processor.py:208} INFO - Processing /home/airflow/.local/lib/python3.12/site-packages/airflow/example_dags/example_nested_branch_dag.py took 0.118 seconds
[2024-09-12T14:26:58.065+0000] {processor.py:186} INFO - Started process (PID=1140) to work on /home/airflow/.local/lib/python3.12/site-packages/airflow/example_dags/example_nested_branch_dag.py
[2024-09-12T14:26:58.067+0000] {processor.py:914} INFO - Processing file /home/airflow/.local/lib/python3.12/site-packages/airflow/example_dags/example_nested_branch_dag.py for tasks to queue
[2024-09-12T14:26:58.069+0000] {logging_mixin.py:190} INFO - [2024-09-12T14:26:58.069+0000] {dagbag.py:587} INFO - Filling up the DagBag from /home/airflow/.local/lib/python3.12/site-packages/airflow/example_dags/example_nested_branch_dag.py
[2024-09-12T14:26:58.091+0000] {processor.py:925} INFO - DAG(s) 'example_nested_branch_dag' retrieved from /home/airflow/.local/lib/python3.12/site-packages/airflow/example_dags/example_nested_branch_dag.py
[2024-09-12T14:26:58.118+0000] {logging_mixin.py:190} INFO - [2024-09-12T14:26:58.118+0000] {dag.py:3229} INFO - Sync 1 DAGs
[2024-09-12T14:26:58.147+0000] {logging_mixin.py:190} INFO - [2024-09-12T14:26:58.147+0000] {dag.py:4156} INFO - Setting next_dagrun for example_nested_branch_dag to 2024-09-11 00:00:00+00:00, run_after=2024-09-12 00:00:00+00:00
[2024-09-12T14:26:58.203+0000] {processor.py:208} INFO - Processing /home/airflow/.local/lib/python3.12/site-packages/airflow/example_dags/example_nested_branch_dag.py took 0.144 seconds
[2024-09-12T14:27:30.119+0000] {processor.py:186} INFO - Started process (PID=1202) to work on /home/airflow/.local/lib/python3.12/site-packages/airflow/example_dags/example_nested_branch_dag.py
[2024-09-12T14:27:30.120+0000] {processor.py:914} INFO - Processing file /home/airflow/.local/lib/python3.12/site-packages/airflow/example_dags/example_nested_branch_dag.py for tasks to queue
[2024-09-12T14:27:30.122+0000] {logging_mixin.py:190} INFO - [2024-09-12T14:27:30.122+0000] {dagbag.py:587} INFO - Filling up the DagBag from /home/airflow/.local/lib/python3.12/site-packages/airflow/example_dags/example_nested_branch_dag.py
[2024-09-12T14:27:30.184+0000] {processor.py:925} INFO - DAG(s) 'example_nested_branch_dag' retrieved from /home/airflow/.local/lib/python3.12/site-packages/airflow/example_dags/example_nested_branch_dag.py
[2024-09-12T14:27:30.210+0000] {logging_mixin.py:190} INFO - [2024-09-12T14:27:30.210+0000] {dag.py:3229} INFO - Sync 1 DAGs
[2024-09-12T14:27:30.239+0000] {logging_mixin.py:190} INFO - [2024-09-12T14:27:30.239+0000] {dag.py:4156} INFO - Setting next_dagrun for example_nested_branch_dag to 2024-09-11 00:00:00+00:00, run_after=2024-09-12 00:00:00+00:00
[2024-09-12T14:27:30.293+0000] {processor.py:208} INFO - Processing /home/airflow/.local/lib/python3.12/site-packages/airflow/example_dags/example_nested_branch_dag.py took 0.180 seconds
[2024-09-12T14:28:02.914+0000] {processor.py:186} INFO - Started process (PID=1264) to work on /home/airflow/.local/lib/python3.12/site-packages/airflow/example_dags/example_nested_branch_dag.py
[2024-09-12T14:28:02.981+0000] {processor.py:914} INFO - Processing file /home/airflow/.local/lib/python3.12/site-packages/airflow/example_dags/example_nested_branch_dag.py for tasks to queue
[2024-09-12T14:28:02.984+0000] {logging_mixin.py:190} INFO - [2024-09-12T14:28:02.984+0000] {dagbag.py:587} INFO - Filling up the DagBag from /home/airflow/.local/lib/python3.12/site-packages/airflow/example_dags/example_nested_branch_dag.py
[2024-09-12T14:28:03.001+0000] {processor.py:925} INFO - DAG(s) 'example_nested_branch_dag' retrieved from /home/airflow/.local/lib/python3.12/site-packages/airflow/example_dags/example_nested_branch_dag.py
[2024-09-12T14:28:03.185+0000] {logging_mixin.py:190} INFO - [2024-09-12T14:28:03.185+0000] {dag.py:3229} INFO - Sync 1 DAGs
[2024-09-12T14:28:03.220+0000] {logging_mixin.py:190} INFO - [2024-09-12T14:28:03.220+0000] {dag.py:4156} INFO - Setting next_dagrun for example_nested_branch_dag to 2024-09-11 00:00:00+00:00, run_after=2024-09-12 00:00:00+00:00
[2024-09-12T14:28:03.294+0000] {processor.py:208} INFO - Processing /home/airflow/.local/lib/python3.12/site-packages/airflow/example_dags/example_nested_branch_dag.py took 0.386 seconds
[2024-09-12T14:28:38.996+0000] {processor.py:186} INFO - Started process (PID=1326) to work on /home/airflow/.local/lib/python3.12/site-packages/airflow/example_dags/example_nested_branch_dag.py
[2024-09-12T14:28:38.997+0000] {processor.py:914} INFO - Processing file /home/airflow/.local/lib/python3.12/site-packages/airflow/example_dags/example_nested_branch_dag.py for tasks to queue
[2024-09-12T14:28:39.000+0000] {logging_mixin.py:190} INFO - [2024-09-12T14:28:38.999+0000] {dagbag.py:587} INFO - Filling up the DagBag from /home/airflow/.local/lib/python3.12/site-packages/airflow/example_dags/example_nested_branch_dag.py
[2024-09-12T14:28:39.013+0000] {processor.py:925} INFO - DAG(s) 'example_nested_branch_dag' retrieved from /home/airflow/.local/lib/python3.12/site-packages/airflow/example_dags/example_nested_branch_dag.py
[2024-09-12T14:28:39.109+0000] {logging_mixin.py:190} INFO - [2024-09-12T14:28:39.108+0000] {dag.py:3229} INFO - Sync 1 DAGs
[2024-09-12T14:28:39.297+0000] {logging_mixin.py:190} INFO - [2024-09-12T14:28:39.296+0000] {dag.py:4156} INFO - Setting next_dagrun for example_nested_branch_dag to 2024-09-11 00:00:00+00:00, run_after=2024-09-12 00:00:00+00:00
[2024-09-12T14:28:39.489+0000] {processor.py:208} INFO - Processing /home/airflow/.local/lib/python3.12/site-packages/airflow/example_dags/example_nested_branch_dag.py took 0.501 seconds
[2024-09-12T14:29:15.707+0000] {processor.py:186} INFO - Started process (PID=1388) to work on /home/airflow/.local/lib/python3.12/site-packages/airflow/example_dags/example_nested_branch_dag.py
[2024-09-12T14:29:15.709+0000] {processor.py:914} INFO - Processing file /home/airflow/.local/lib/python3.12/site-packages/airflow/example_dags/example_nested_branch_dag.py for tasks to queue
[2024-09-12T14:29:15.712+0000] {logging_mixin.py:190} INFO - [2024-09-12T14:29:15.712+0000] {dagbag.py:587} INFO - Filling up the DagBag from /home/airflow/.local/lib/python3.12/site-packages/airflow/example_dags/example_nested_branch_dag.py
[2024-09-12T14:29:15.729+0000] {processor.py:925} INFO - DAG(s) 'example_nested_branch_dag' retrieved from /home/airflow/.local/lib/python3.12/site-packages/airflow/example_dags/example_nested_branch_dag.py
[2024-09-12T14:29:15.795+0000] {logging_mixin.py:190} INFO - [2024-09-12T14:29:15.794+0000] {dag.py:3229} INFO - Sync 1 DAGs
[2024-09-12T14:29:15.833+0000] {logging_mixin.py:190} INFO - [2024-09-12T14:29:15.833+0000] {dag.py:4156} INFO - Setting next_dagrun for example_nested_branch_dag to 2024-09-11 00:00:00+00:00, run_after=2024-09-12 00:00:00+00:00
[2024-09-12T14:29:15.907+0000] {processor.py:208} INFO - Processing /home/airflow/.local/lib/python3.12/site-packages/airflow/example_dags/example_nested_branch_dag.py took 0.208 seconds
[2024-09-12T14:29:47.534+0000] {processor.py:186} INFO - Started process (PID=1450) to work on /home/airflow/.local/lib/python3.12/site-packages/airflow/example_dags/example_nested_branch_dag.py
[2024-09-12T14:29:47.581+0000] {processor.py:914} INFO - Processing file /home/airflow/.local/lib/python3.12/site-packages/airflow/example_dags/example_nested_branch_dag.py for tasks to queue
[2024-09-12T14:29:47.584+0000] {logging_mixin.py:190} INFO - [2024-09-12T14:29:47.583+0000] {dagbag.py:587} INFO - Filling up the DagBag from /home/airflow/.local/lib/python3.12/site-packages/airflow/example_dags/example_nested_branch_dag.py
[2024-09-12T14:29:47.610+0000] {processor.py:925} INFO - DAG(s) 'example_nested_branch_dag' retrieved from /home/airflow/.local/lib/python3.12/site-packages/airflow/example_dags/example_nested_branch_dag.py
[2024-09-12T14:29:47.698+0000] {logging_mixin.py:190} INFO - [2024-09-12T14:29:47.697+0000] {dag.py:3229} INFO - Sync 1 DAGs
[2024-09-12T14:29:47.794+0000] {logging_mixin.py:190} INFO - [2024-09-12T14:29:47.794+0000] {dag.py:4156} INFO - Setting next_dagrun for example_nested_branch_dag to 2024-09-11 00:00:00+00:00, run_after=2024-09-12 00:00:00+00:00
[2024-09-12T14:29:47.833+0000] {processor.py:208} INFO - Processing /home/airflow/.local/lib/python3.12/site-packages/airflow/example_dags/example_nested_branch_dag.py took 0.306 seconds
[2024-09-12T14:30:19.444+0000] {processor.py:186} INFO - Started process (PID=1512) to work on /home/airflow/.local/lib/python3.12/site-packages/airflow/example_dags/example_nested_branch_dag.py
[2024-09-12T14:30:19.445+0000] {processor.py:914} INFO - Processing file /home/airflow/.local/lib/python3.12/site-packages/airflow/example_dags/example_nested_branch_dag.py for tasks to queue
[2024-09-12T14:30:19.449+0000] {logging_mixin.py:190} INFO - [2024-09-12T14:30:19.448+0000] {dagbag.py:587} INFO - Filling up the DagBag from /home/airflow/.local/lib/python3.12/site-packages/airflow/example_dags/example_nested_branch_dag.py
[2024-09-12T14:30:19.482+0000] {processor.py:925} INFO - DAG(s) 'example_nested_branch_dag' retrieved from /home/airflow/.local/lib/python3.12/site-packages/airflow/example_dags/example_nested_branch_dag.py
[2024-09-12T14:30:19.517+0000] {logging_mixin.py:190} INFO - [2024-09-12T14:30:19.516+0000] {dag.py:3229} INFO - Sync 1 DAGs
[2024-09-12T14:30:19.554+0000] {logging_mixin.py:190} INFO - [2024-09-12T14:30:19.554+0000] {dag.py:4156} INFO - Setting next_dagrun for example_nested_branch_dag to 2024-09-11 00:00:00+00:00, run_after=2024-09-12 00:00:00+00:00
[2024-09-12T14:30:19.590+0000] {processor.py:208} INFO - Processing /home/airflow/.local/lib/python3.12/site-packages/airflow/example_dags/example_nested_branch_dag.py took 0.160 seconds
[2024-09-12T14:30:50.213+0000] {processor.py:186} INFO - Started process (PID=1574) to work on /home/airflow/.local/lib/python3.12/site-packages/airflow/example_dags/example_nested_branch_dag.py
[2024-09-12T14:30:50.215+0000] {processor.py:914} INFO - Processing file /home/airflow/.local/lib/python3.12/site-packages/airflow/example_dags/example_nested_branch_dag.py for tasks to queue
[2024-09-12T14:30:50.217+0000] {logging_mixin.py:190} INFO - [2024-09-12T14:30:50.217+0000] {dagbag.py:587} INFO - Filling up the DagBag from /home/airflow/.local/lib/python3.12/site-packages/airflow/example_dags/example_nested_branch_dag.py
[2024-09-12T14:30:50.230+0000] {processor.py:925} INFO - DAG(s) 'example_nested_branch_dag' retrieved from /home/airflow/.local/lib/python3.12/site-packages/airflow/example_dags/example_nested_branch_dag.py
[2024-09-12T14:30:50.293+0000] {logging_mixin.py:190} INFO - [2024-09-12T14:30:50.293+0000] {dag.py:3229} INFO - Sync 1 DAGs
[2024-09-12T14:30:50.328+0000] {logging_mixin.py:190} INFO - [2024-09-12T14:30:50.327+0000] {dag.py:4156} INFO - Setting next_dagrun for example_nested_branch_dag to 2024-09-11 00:00:00+00:00, run_after=2024-09-12 00:00:00+00:00
[2024-09-12T14:30:50.401+0000] {processor.py:208} INFO - Processing /home/airflow/.local/lib/python3.12/site-packages/airflow/example_dags/example_nested_branch_dag.py took 0.195 seconds
[2024-09-12T14:31:20.733+0000] {processor.py:186} INFO - Started process (PID=1636) to work on /home/airflow/.local/lib/python3.12/site-packages/airflow/example_dags/example_nested_branch_dag.py
[2024-09-12T14:31:20.734+0000] {processor.py:914} INFO - Processing file /home/airflow/.local/lib/python3.12/site-packages/airflow/example_dags/example_nested_branch_dag.py for tasks to queue
[2024-09-12T14:31:20.737+0000] {logging_mixin.py:190} INFO - [2024-09-12T14:31:20.737+0000] {dagbag.py:587} INFO - Filling up the DagBag from /home/airflow/.local/lib/python3.12/site-packages/airflow/example_dags/example_nested_branch_dag.py
[2024-09-12T14:31:20.750+0000] {processor.py:925} INFO - DAG(s) 'example_nested_branch_dag' retrieved from /home/airflow/.local/lib/python3.12/site-packages/airflow/example_dags/example_nested_branch_dag.py
[2024-09-12T14:31:20.788+0000] {logging_mixin.py:190} INFO - [2024-09-12T14:31:20.788+0000] {dag.py:3229} INFO - Sync 1 DAGs
[2024-09-12T14:31:20.816+0000] {logging_mixin.py:190} INFO - [2024-09-12T14:31:20.816+0000] {dag.py:4156} INFO - Setting next_dagrun for example_nested_branch_dag to 2024-09-11 00:00:00+00:00, run_after=2024-09-12 00:00:00+00:00
[2024-09-12T14:31:20.838+0000] {processor.py:208} INFO - Processing /home/airflow/.local/lib/python3.12/site-packages/airflow/example_dags/example_nested_branch_dag.py took 0.112 seconds
[2024-09-12T14:31:52.264+0000] {processor.py:186} INFO - Started process (PID=1698) to work on /home/airflow/.local/lib/python3.12/site-packages/airflow/example_dags/example_nested_branch_dag.py
[2024-09-12T14:31:52.266+0000] {processor.py:914} INFO - Processing file /home/airflow/.local/lib/python3.12/site-packages/airflow/example_dags/example_nested_branch_dag.py for tasks to queue
[2024-09-12T14:31:52.268+0000] {logging_mixin.py:190} INFO - [2024-09-12T14:31:52.268+0000] {dagbag.py:587} INFO - Filling up the DagBag from /home/airflow/.local/lib/python3.12/site-packages/airflow/example_dags/example_nested_branch_dag.py
[2024-09-12T14:31:52.284+0000] {processor.py:925} INFO - DAG(s) 'example_nested_branch_dag' retrieved from /home/airflow/.local/lib/python3.12/site-packages/airflow/example_dags/example_nested_branch_dag.py
[2024-09-12T14:31:52.315+0000] {logging_mixin.py:190} INFO - [2024-09-12T14:31:52.314+0000] {dag.py:3229} INFO - Sync 1 DAGs
[2024-09-12T14:31:52.351+0000] {logging_mixin.py:190} INFO - [2024-09-12T14:31:52.350+0000] {dag.py:4156} INFO - Setting next_dagrun for example_nested_branch_dag to 2024-09-11 00:00:00+00:00, run_after=2024-09-12 00:00:00+00:00
[2024-09-12T14:31:52.407+0000] {processor.py:208} INFO - Processing /home/airflow/.local/lib/python3.12/site-packages/airflow/example_dags/example_nested_branch_dag.py took 0.150 seconds
[2024-09-12T14:32:23.051+0000] {processor.py:186} INFO - Started process (PID=1760) to work on /home/airflow/.local/lib/python3.12/site-packages/airflow/example_dags/example_nested_branch_dag.py
[2024-09-12T14:32:23.052+0000] {processor.py:914} INFO - Processing file /home/airflow/.local/lib/python3.12/site-packages/airflow/example_dags/example_nested_branch_dag.py for tasks to queue
[2024-09-12T14:32:23.054+0000] {logging_mixin.py:190} INFO - [2024-09-12T14:32:23.054+0000] {dagbag.py:587} INFO - Filling up the DagBag from /home/airflow/.local/lib/python3.12/site-packages/airflow/example_dags/example_nested_branch_dag.py
[2024-09-12T14:32:23.068+0000] {processor.py:925} INFO - DAG(s) 'example_nested_branch_dag' retrieved from /home/airflow/.local/lib/python3.12/site-packages/airflow/example_dags/example_nested_branch_dag.py
[2024-09-12T14:32:23.094+0000] {logging_mixin.py:190} INFO - [2024-09-12T14:32:23.094+0000] {dag.py:3229} INFO - Sync 1 DAGs
[2024-09-12T14:32:23.122+0000] {logging_mixin.py:190} INFO - [2024-09-12T14:32:23.122+0000] {dag.py:4156} INFO - Setting next_dagrun for example_nested_branch_dag to 2024-09-11 00:00:00+00:00, run_after=2024-09-12 00:00:00+00:00
[2024-09-12T14:32:23.143+0000] {processor.py:208} INFO - Processing /home/airflow/.local/lib/python3.12/site-packages/airflow/example_dags/example_nested_branch_dag.py took 0.100 seconds
[2024-09-12T14:32:53.921+0000] {processor.py:186} INFO - Started process (PID=1822) to work on /home/airflow/.local/lib/python3.12/site-packages/airflow/example_dags/example_nested_branch_dag.py
[2024-09-12T14:32:53.923+0000] {processor.py:914} INFO - Processing file /home/airflow/.local/lib/python3.12/site-packages/airflow/example_dags/example_nested_branch_dag.py for tasks to queue
[2024-09-12T14:32:53.926+0000] {logging_mixin.py:190} INFO - [2024-09-12T14:32:53.925+0000] {dagbag.py:587} INFO - Filling up the DagBag from /home/airflow/.local/lib/python3.12/site-packages/airflow/example_dags/example_nested_branch_dag.py
[2024-09-12T14:32:53.940+0000] {processor.py:925} INFO - DAG(s) 'example_nested_branch_dag' retrieved from /home/airflow/.local/lib/python3.12/site-packages/airflow/example_dags/example_nested_branch_dag.py
[2024-09-12T14:32:53.998+0000] {logging_mixin.py:190} INFO - [2024-09-12T14:32:53.997+0000] {dag.py:3229} INFO - Sync 1 DAGs
[2024-09-12T14:32:54.028+0000] {logging_mixin.py:190} INFO - [2024-09-12T14:32:54.028+0000] {dag.py:4156} INFO - Setting next_dagrun for example_nested_branch_dag to 2024-09-11 00:00:00+00:00, run_after=2024-09-12 00:00:00+00:00
[2024-09-12T14:32:54.052+0000] {processor.py:208} INFO - Processing /home/airflow/.local/lib/python3.12/site-packages/airflow/example_dags/example_nested_branch_dag.py took 0.138 seconds
[2024-09-12T14:33:56.231+0000] {processor.py:186} INFO - Started process (PID=1946) to work on /home/airflow/.local/lib/python3.12/site-packages/airflow/example_dags/example_nested_branch_dag.py
[2024-09-12T14:33:56.232+0000] {processor.py:914} INFO - Processing file /home/airflow/.local/lib/python3.12/site-packages/airflow/example_dags/example_nested_branch_dag.py for tasks to queue
[2024-09-12T14:33:56.235+0000] {logging_mixin.py:190} INFO - [2024-09-12T14:33:56.234+0000] {dagbag.py:587} INFO - Filling up the DagBag from /home/airflow/.local/lib/python3.12/site-packages/airflow/example_dags/example_nested_branch_dag.py
[2024-09-12T14:33:56.250+0000] {processor.py:925} INFO - DAG(s) 'example_nested_branch_dag' retrieved from /home/airflow/.local/lib/python3.12/site-packages/airflow/example_dags/example_nested_branch_dag.py
[2024-09-12T14:33:56.279+0000] {logging_mixin.py:190} INFO - [2024-09-12T14:33:56.278+0000] {dag.py:3229} INFO - Sync 1 DAGs
[2024-09-12T14:33:56.311+0000] {logging_mixin.py:190} INFO - [2024-09-12T14:33:56.311+0000] {dag.py:4156} INFO - Setting next_dagrun for example_nested_branch_dag to 2024-09-11 00:00:00+00:00, run_after=2024-09-12 00:00:00+00:00
[2024-09-12T14:33:56.334+0000] {processor.py:208} INFO - Processing /home/airflow/.local/lib/python3.12/site-packages/airflow/example_dags/example_nested_branch_dag.py took 0.111 seconds
[2024-09-12T14:34:26.769+0000] {processor.py:186} INFO - Started process (PID=2008) to work on /home/airflow/.local/lib/python3.12/site-packages/airflow/example_dags/example_nested_branch_dag.py
[2024-09-12T14:34:26.770+0000] {processor.py:914} INFO - Processing file /home/airflow/.local/lib/python3.12/site-packages/airflow/example_dags/example_nested_branch_dag.py for tasks to queue
[2024-09-12T14:34:26.773+0000] {logging_mixin.py:190} INFO - [2024-09-12T14:34:26.773+0000] {dagbag.py:587} INFO - Filling up the DagBag from /home/airflow/.local/lib/python3.12/site-packages/airflow/example_dags/example_nested_branch_dag.py
[2024-09-12T14:34:26.789+0000] {processor.py:925} INFO - DAG(s) 'example_nested_branch_dag' retrieved from /home/airflow/.local/lib/python3.12/site-packages/airflow/example_dags/example_nested_branch_dag.py
[2024-09-12T14:34:26.821+0000] {logging_mixin.py:190} INFO - [2024-09-12T14:34:26.820+0000] {dag.py:3229} INFO - Sync 1 DAGs
[2024-09-12T14:34:26.855+0000] {logging_mixin.py:190} INFO - [2024-09-12T14:34:26.854+0000] {dag.py:4156} INFO - Setting next_dagrun for example_nested_branch_dag to 2024-09-11 00:00:00+00:00, run_after=2024-09-12 00:00:00+00:00
[2024-09-12T14:34:26.878+0000] {processor.py:208} INFO - Processing /home/airflow/.local/lib/python3.12/site-packages/airflow/example_dags/example_nested_branch_dag.py took 0.117 seconds
[2024-09-12T14:34:57.629+0000] {processor.py:186} INFO - Started process (PID=2070) to work on /home/airflow/.local/lib/python3.12/site-packages/airflow/example_dags/example_nested_branch_dag.py
[2024-09-12T14:34:57.630+0000] {processor.py:914} INFO - Processing file /home/airflow/.local/lib/python3.12/site-packages/airflow/example_dags/example_nested_branch_dag.py for tasks to queue
[2024-09-12T14:34:57.633+0000] {logging_mixin.py:190} INFO - [2024-09-12T14:34:57.632+0000] {dagbag.py:587} INFO - Filling up the DagBag from /home/airflow/.local/lib/python3.12/site-packages/airflow/example_dags/example_nested_branch_dag.py
[2024-09-12T14:34:57.694+0000] {processor.py:925} INFO - DAG(s) 'example_nested_branch_dag' retrieved from /home/airflow/.local/lib/python3.12/site-packages/airflow/example_dags/example_nested_branch_dag.py
[2024-09-12T14:34:57.726+0000] {logging_mixin.py:190} INFO - [2024-09-12T14:34:57.726+0000] {dag.py:3229} INFO - Sync 1 DAGs
[2024-09-12T14:34:57.804+0000] {logging_mixin.py:190} INFO - [2024-09-12T14:34:57.804+0000] {dag.py:4156} INFO - Setting next_dagrun for example_nested_branch_dag to 2024-09-11 00:00:00+00:00, run_after=2024-09-12 00:00:00+00:00
[2024-09-12T14:34:57.826+0000] {processor.py:208} INFO - Processing /home/airflow/.local/lib/python3.12/site-packages/airflow/example_dags/example_nested_branch_dag.py took 0.205 seconds
[2024-09-12T14:35:28.965+0000] {processor.py:186} INFO - Started process (PID=2132) to work on /home/airflow/.local/lib/python3.12/site-packages/airflow/example_dags/example_nested_branch_dag.py
[2024-09-12T14:35:28.981+0000] {processor.py:914} INFO - Processing file /home/airflow/.local/lib/python3.12/site-packages/airflow/example_dags/example_nested_branch_dag.py for tasks to queue
[2024-09-12T14:35:28.984+0000] {logging_mixin.py:190} INFO - [2024-09-12T14:35:28.984+0000] {dagbag.py:587} INFO - Filling up the DagBag from /home/airflow/.local/lib/python3.12/site-packages/airflow/example_dags/example_nested_branch_dag.py
[2024-09-12T14:35:29.002+0000] {processor.py:925} INFO - DAG(s) 'example_nested_branch_dag' retrieved from /home/airflow/.local/lib/python3.12/site-packages/airflow/example_dags/example_nested_branch_dag.py
[2024-09-12T14:35:29.037+0000] {logging_mixin.py:190} INFO - [2024-09-12T14:35:29.036+0000] {dag.py:3229} INFO - Sync 1 DAGs
[2024-09-12T14:35:29.074+0000] {logging_mixin.py:190} INFO - [2024-09-12T14:35:29.074+0000] {dag.py:4156} INFO - Setting next_dagrun for example_nested_branch_dag to 2024-09-11 00:00:00+00:00, run_after=2024-09-12 00:00:00+00:00
[2024-09-12T14:35:29.103+0000] {processor.py:208} INFO - Processing /home/airflow/.local/lib/python3.12/site-packages/airflow/example_dags/example_nested_branch_dag.py took 0.146 seconds
