[2024-09-12T14:00:57.680+0000] {processor.py:186} INFO - Started process (PID=101) to work on /home/airflow/.local/lib/python3.12/site-packages/airflow/example_dags/example_subdag_operator.py
[2024-09-12T14:00:57.682+0000] {processor.py:914} INFO - Processing file /home/airflow/.local/lib/python3.12/site-packages/airflow/example_dags/example_subdag_operator.py for tasks to queue
[2024-09-12T14:00:57.685+0000] {logging_mixin.py:190} INFO - [2024-09-12T14:00:57.685+0000] {dagbag.py:587} INFO - Filling up the DagBag from /home/airflow/.local/lib/python3.12/site-packages/airflow/example_dags/example_subdag_operator.py
[2024-09-12T14:00:57.721+0000] {processor.py:925} INFO - DAG(s) 'example_subdag_operator.section-1', 'example_subdag_operator.section-2', 'example_subdag_operator' retrieved from /home/airflow/.local/lib/python3.12/site-packages/airflow/example_dags/example_subdag_operator.py
[2024-09-12T14:00:57.934+0000] {logging_mixin.py:190} INFO - [2024-09-12T14:00:57.933+0000] {override.py:1900} INFO - Created Permission View: can read on DAG:example_subdag_operator
[2024-09-12T14:00:57.990+0000] {logging_mixin.py:190} INFO - [2024-09-12T14:00:57.990+0000] {override.py:1900} INFO - Created Permission View: can delete on DAG:example_subdag_operator
[2024-09-12T14:00:57.997+0000] {logging_mixin.py:190} INFO - [2024-09-12T14:00:57.997+0000] {override.py:1900} INFO - Created Permission View: can edit on DAG:example_subdag_operator
[2024-09-12T14:00:58.006+0000] {logging_mixin.py:190} INFO - [2024-09-12T14:00:58.006+0000] {override.py:1900} INFO - Created Permission View: can read on DAG Run:example_subdag_operator
[2024-09-12T14:00:58.014+0000] {logging_mixin.py:190} INFO - [2024-09-12T14:00:58.013+0000] {override.py:1900} INFO - Created Permission View: can create on DAG Run:example_subdag_operator
[2024-09-12T14:00:58.021+0000] {logging_mixin.py:190} INFO - [2024-09-12T14:00:58.021+0000] {override.py:1900} INFO - Created Permission View: can delete on DAG Run:example_subdag_operator
[2024-09-12T14:00:58.028+0000] {logging_mixin.py:190} INFO - [2024-09-12T14:00:58.028+0000] {override.py:1900} INFO - Created Permission View: menu access on DAG Run:example_subdag_operator
[2024-09-12T14:00:58.029+0000] {logging_mixin.py:190} INFO - [2024-09-12T14:00:58.029+0000] {dag.py:3229} INFO - Sync 3 DAGs
[2024-09-12T14:00:58.048+0000] {logging_mixin.py:190} INFO - [2024-09-12T14:00:58.048+0000] {dag.py:3252} INFO - Creating ORM DAG for example_subdag_operator.section-1
[2024-09-12T14:00:58.081+0000] {logging_mixin.py:190} INFO - [2024-09-12T14:00:58.081+0000] {dag.py:3252} INFO - Creating ORM DAG for example_subdag_operator
[2024-09-12T14:00:58.082+0000] {logging_mixin.py:190} INFO - [2024-09-12T14:00:58.082+0000] {dag.py:3252} INFO - Creating ORM DAG for example_subdag_operator.section-2
[2024-09-12T14:00:58.096+0000] {logging_mixin.py:190} INFO - [2024-09-12T14:00:58.095+0000] {dag.py:4156} INFO - Setting next_dagrun for example_subdag_operator to 2022-01-01 00:00:00+00:00, run_after=2022-01-01 00:00:00+00:00
[2024-09-12T14:00:58.097+0000] {logging_mixin.py:190} INFO - [2024-09-12T14:00:58.097+0000] {dag.py:4156} INFO - Setting next_dagrun for example_subdag_operator.section-1 to None, run_after=None
[2024-09-12T14:00:58.097+0000] {logging_mixin.py:190} INFO - [2024-09-12T14:00:58.097+0000] {dag.py:4156} INFO - Setting next_dagrun for example_subdag_operator.section-2 to None, run_after=None
[2024-09-12T14:00:58.110+0000] {logging_mixin.py:190} INFO - [2024-09-12T14:00:58.109+0000] {dag.py:3229} INFO - Sync 2 DAGs
[2024-09-12T14:00:58.119+0000] {logging_mixin.py:190} INFO - [2024-09-12T14:00:58.119+0000] {dag.py:4156} INFO - Setting next_dagrun for example_subdag_operator.section-1 to None, run_after=None
[2024-09-12T14:00:58.124+0000] {logging_mixin.py:190} INFO - [2024-09-12T14:00:58.123+0000] {dag.py:4156} INFO - Setting next_dagrun for example_subdag_operator.section-2 to None, run_after=None
[2024-09-12T14:00:58.198+0000] {processor.py:208} INFO - Processing /home/airflow/.local/lib/python3.12/site-packages/airflow/example_dags/example_subdag_operator.py took 0.565 seconds
