[2024-09-12T14:00:49.523+0000] {processor.py:186} INFO - Started process (PID=77) to work on /home/airflow/.local/lib/python3.12/site-packages/airflow/example_dags/example_display_name.py
[2024-09-12T14:00:49.524+0000] {processor.py:914} INFO - Processing file /home/airflow/.local/lib/python3.12/site-packages/airflow/example_dags/example_display_name.py for tasks to queue
[2024-09-12T14:00:49.527+0000] {logging_mixin.py:190} INFO - [2024-09-12T14:00:49.526+0000] {dagbag.py:587} INFO - Filling up the DagBag from /home/airflow/.local/lib/python3.12/site-packages/airflow/example_dags/example_display_name.py
[2024-09-12T14:00:49.538+0000] {processor.py:925} INFO - DAG(s) 'example_display_name' retrieved from /home/airflow/.local/lib/python3.12/site-packages/airflow/example_dags/example_display_name.py
[2024-09-12T14:00:49.799+0000] {logging_mixin.py:190} INFO - [2024-09-12T14:00:49.798+0000] {override.py:1900} INFO - Created Permission View: can read on DAG:example_display_name
[2024-09-12T14:00:49.810+0000] {logging_mixin.py:190} INFO - [2024-09-12T14:00:49.810+0000] {override.py:1900} INFO - Created Permission View: can delete on DAG:example_display_name
[2024-09-12T14:00:49.818+0000] {logging_mixin.py:190} INFO - [2024-09-12T14:00:49.817+0000] {override.py:1900} INFO - Created Permission View: can edit on DAG:example_display_name
[2024-09-12T14:00:49.885+0000] {logging_mixin.py:190} INFO - [2024-09-12T14:00:49.885+0000] {override.py:1900} INFO - Created Permission View: can read on DAG Run:example_display_name
[2024-09-12T14:00:49.894+0000] {logging_mixin.py:190} INFO - [2024-09-12T14:00:49.894+0000] {override.py:1900} INFO - Created Permission View: can create on DAG Run:example_display_name
[2024-09-12T14:00:49.904+0000] {logging_mixin.py:190} INFO - [2024-09-12T14:00:49.904+0000] {override.py:1900} INFO - Created Permission View: can delete on DAG Run:example_display_name
[2024-09-12T14:00:49.912+0000] {logging_mixin.py:190} INFO - [2024-09-12T14:00:49.912+0000] {override.py:1900} INFO - Created Permission View: menu access on DAG Run:example_display_name
[2024-09-12T14:00:49.913+0000] {logging_mixin.py:190} INFO - [2024-09-12T14:00:49.912+0000] {dag.py:3229} INFO - Sync 1 DAGs
[2024-09-12T14:00:49.980+0000] {logging_mixin.py:190} INFO - [2024-09-12T14:00:49.932+0000] {dag.py:3252} INFO - Creating ORM DAG for example_display_name
[2024-09-12T14:00:49.982+0000] {logging_mixin.py:190} INFO - [2024-09-12T14:00:49.981+0000] {dag.py:4156} INFO - Setting next_dagrun for example_display_name to None, run_after=None
[2024-09-12T14:00:50.004+0000] {processor.py:208} INFO - Processing /home/airflow/.local/lib/python3.12/site-packages/airflow/example_dags/example_display_name.py took 0.487 seconds
[2024-09-12T14:01:20.483+0000] {processor.py:186} INFO - Started process (PID=138) to work on /home/airflow/.local/lib/python3.12/site-packages/airflow/example_dags/example_display_name.py
[2024-09-12T14:01:20.484+0000] {processor.py:914} INFO - Processing file /home/airflow/.local/lib/python3.12/site-packages/airflow/example_dags/example_display_name.py for tasks to queue
[2024-09-12T14:01:20.487+0000] {logging_mixin.py:190} INFO - [2024-09-12T14:01:20.487+0000] {dagbag.py:587} INFO - Filling up the DagBag from /home/airflow/.local/lib/python3.12/site-packages/airflow/example_dags/example_display_name.py
[2024-09-12T14:01:20.497+0000] {processor.py:925} INFO - DAG(s) 'example_display_name' retrieved from /home/airflow/.local/lib/python3.12/site-packages/airflow/example_dags/example_display_name.py
[2024-09-12T14:01:20.526+0000] {logging_mixin.py:190} INFO - [2024-09-12T14:01:20.525+0000] {dag.py:3229} INFO - Sync 1 DAGs
[2024-09-12T14:01:20.547+0000] {logging_mixin.py:190} INFO - [2024-09-12T14:01:20.547+0000] {dag.py:4156} INFO - Setting next_dagrun for example_display_name to None, run_after=None
[2024-09-12T14:01:20.572+0000] {processor.py:208} INFO - Processing /home/airflow/.local/lib/python3.12/site-packages/airflow/example_dags/example_display_name.py took 0.097 seconds
[2024-09-12T14:01:50.817+0000] {processor.py:186} INFO - Started process (PID=200) to work on /home/airflow/.local/lib/python3.12/site-packages/airflow/example_dags/example_display_name.py
[2024-09-12T14:01:50.818+0000] {processor.py:914} INFO - Processing file /home/airflow/.local/lib/python3.12/site-packages/airflow/example_dags/example_display_name.py for tasks to queue
[2024-09-12T14:01:50.821+0000] {logging_mixin.py:190} INFO - [2024-09-12T14:01:50.820+0000] {dagbag.py:587} INFO - Filling up the DagBag from /home/airflow/.local/lib/python3.12/site-packages/airflow/example_dags/example_display_name.py
[2024-09-12T14:01:50.829+0000] {processor.py:925} INFO - DAG(s) 'example_display_name' retrieved from /home/airflow/.local/lib/python3.12/site-packages/airflow/example_dags/example_display_name.py
[2024-09-12T14:01:50.850+0000] {logging_mixin.py:190} INFO - [2024-09-12T14:01:50.850+0000] {dag.py:3229} INFO - Sync 1 DAGs
[2024-09-12T14:01:50.867+0000] {logging_mixin.py:190} INFO - [2024-09-12T14:01:50.867+0000] {dag.py:4156} INFO - Setting next_dagrun for example_display_name to None, run_after=None
[2024-09-12T14:01:50.885+0000] {processor.py:208} INFO - Processing /home/airflow/.local/lib/python3.12/site-packages/airflow/example_dags/example_display_name.py took 0.075 seconds
[2024-09-12T14:02:21.375+0000] {processor.py:186} INFO - Started process (PID=262) to work on /home/airflow/.local/lib/python3.12/site-packages/airflow/example_dags/example_display_name.py
[2024-09-12T14:02:21.377+0000] {processor.py:914} INFO - Processing file /home/airflow/.local/lib/python3.12/site-packages/airflow/example_dags/example_display_name.py for tasks to queue
[2024-09-12T14:02:21.385+0000] {logging_mixin.py:190} INFO - [2024-09-12T14:02:21.381+0000] {dagbag.py:587} INFO - Filling up the DagBag from /home/airflow/.local/lib/python3.12/site-packages/airflow/example_dags/example_display_name.py
[2024-09-12T14:02:21.411+0000] {processor.py:925} INFO - DAG(s) 'example_display_name' retrieved from /home/airflow/.local/lib/python3.12/site-packages/airflow/example_dags/example_display_name.py
[2024-09-12T14:02:21.471+0000] {logging_mixin.py:190} INFO - [2024-09-12T14:02:21.471+0000] {dag.py:3229} INFO - Sync 1 DAGs
[2024-09-12T14:02:21.500+0000] {logging_mixin.py:190} INFO - [2024-09-12T14:02:21.500+0000] {dag.py:4156} INFO - Setting next_dagrun for example_display_name to None, run_after=None
[2024-09-12T14:02:21.528+0000] {processor.py:208} INFO - Processing /home/airflow/.local/lib/python3.12/site-packages/airflow/example_dags/example_display_name.py took 0.175 seconds
[2024-09-12T14:02:51.612+0000] {processor.py:186} INFO - Started process (PID=323) to work on /home/airflow/.local/lib/python3.12/site-packages/airflow/example_dags/example_display_name.py
[2024-09-12T14:02:51.614+0000] {processor.py:914} INFO - Processing file /home/airflow/.local/lib/python3.12/site-packages/airflow/example_dags/example_display_name.py for tasks to queue
[2024-09-12T14:02:51.616+0000] {logging_mixin.py:190} INFO - [2024-09-12T14:02:51.615+0000] {dagbag.py:587} INFO - Filling up the DagBag from /home/airflow/.local/lib/python3.12/site-packages/airflow/example_dags/example_display_name.py
[2024-09-12T14:02:51.625+0000] {processor.py:925} INFO - DAG(s) 'example_display_name' retrieved from /home/airflow/.local/lib/python3.12/site-packages/airflow/example_dags/example_display_name.py
[2024-09-12T14:02:51.646+0000] {logging_mixin.py:190} INFO - [2024-09-12T14:02:51.645+0000] {dag.py:3229} INFO - Sync 1 DAGs
[2024-09-12T14:02:51.661+0000] {logging_mixin.py:190} INFO - [2024-09-12T14:02:51.661+0000] {dag.py:4156} INFO - Setting next_dagrun for example_display_name to None, run_after=None
[2024-09-12T14:02:51.690+0000] {processor.py:208} INFO - Processing /home/airflow/.local/lib/python3.12/site-packages/airflow/example_dags/example_display_name.py took 0.084 seconds
[2024-09-12T14:03:22.031+0000] {processor.py:186} INFO - Started process (PID=385) to work on /home/airflow/.local/lib/python3.12/site-packages/airflow/example_dags/example_display_name.py
[2024-09-12T14:03:22.032+0000] {processor.py:914} INFO - Processing file /home/airflow/.local/lib/python3.12/site-packages/airflow/example_dags/example_display_name.py for tasks to queue
[2024-09-12T14:03:22.036+0000] {logging_mixin.py:190} INFO - [2024-09-12T14:03:22.035+0000] {dagbag.py:587} INFO - Filling up the DagBag from /home/airflow/.local/lib/python3.12/site-packages/airflow/example_dags/example_display_name.py
[2024-09-12T14:03:22.046+0000] {processor.py:925} INFO - DAG(s) 'example_display_name' retrieved from /home/airflow/.local/lib/python3.12/site-packages/airflow/example_dags/example_display_name.py
[2024-09-12T14:03:22.087+0000] {logging_mixin.py:190} INFO - [2024-09-12T14:03:22.086+0000] {dag.py:3229} INFO - Sync 1 DAGs
[2024-09-12T14:03:22.121+0000] {logging_mixin.py:190} INFO - [2024-09-12T14:03:22.120+0000] {dag.py:4156} INFO - Setting next_dagrun for example_display_name to None, run_after=None
[2024-09-12T14:03:22.151+0000] {processor.py:208} INFO - Processing /home/airflow/.local/lib/python3.12/site-packages/airflow/example_dags/example_display_name.py took 0.131 seconds
[2024-09-12T14:03:52.928+0000] {processor.py:186} INFO - Started process (PID=447) to work on /home/airflow/.local/lib/python3.12/site-packages/airflow/example_dags/example_display_name.py
[2024-09-12T14:03:52.930+0000] {processor.py:914} INFO - Processing file /home/airflow/.local/lib/python3.12/site-packages/airflow/example_dags/example_display_name.py for tasks to queue
[2024-09-12T14:03:52.932+0000] {logging_mixin.py:190} INFO - [2024-09-12T14:03:52.932+0000] {dagbag.py:587} INFO - Filling up the DagBag from /home/airflow/.local/lib/python3.12/site-packages/airflow/example_dags/example_display_name.py
[2024-09-12T14:03:52.941+0000] {processor.py:925} INFO - DAG(s) 'example_display_name' retrieved from /home/airflow/.local/lib/python3.12/site-packages/airflow/example_dags/example_display_name.py
[2024-09-12T14:03:52.963+0000] {logging_mixin.py:190} INFO - [2024-09-12T14:03:52.963+0000] {dag.py:3229} INFO - Sync 1 DAGs
[2024-09-12T14:03:52.980+0000] {logging_mixin.py:190} INFO - [2024-09-12T14:03:52.980+0000] {dag.py:4156} INFO - Setting next_dagrun for example_display_name to None, run_after=None
[2024-09-12T14:03:52.998+0000] {processor.py:208} INFO - Processing /home/airflow/.local/lib/python3.12/site-packages/airflow/example_dags/example_display_name.py took 0.076 seconds
[2024-09-12T14:04:23.095+0000] {processor.py:186} INFO - Started process (PID=508) to work on /home/airflow/.local/lib/python3.12/site-packages/airflow/example_dags/example_display_name.py
[2024-09-12T14:04:23.097+0000] {processor.py:914} INFO - Processing file /home/airflow/.local/lib/python3.12/site-packages/airflow/example_dags/example_display_name.py for tasks to queue
[2024-09-12T14:04:23.099+0000] {logging_mixin.py:190} INFO - [2024-09-12T14:04:23.098+0000] {dagbag.py:587} INFO - Filling up the DagBag from /home/airflow/.local/lib/python3.12/site-packages/airflow/example_dags/example_display_name.py
[2024-09-12T14:04:23.106+0000] {processor.py:925} INFO - DAG(s) 'example_display_name' retrieved from /home/airflow/.local/lib/python3.12/site-packages/airflow/example_dags/example_display_name.py
[2024-09-12T14:04:23.126+0000] {logging_mixin.py:190} INFO - [2024-09-12T14:04:23.126+0000] {dag.py:3229} INFO - Sync 1 DAGs
[2024-09-12T14:04:23.141+0000] {logging_mixin.py:190} INFO - [2024-09-12T14:04:23.140+0000] {dag.py:4156} INFO - Setting next_dagrun for example_display_name to None, run_after=None
[2024-09-12T14:04:23.161+0000] {processor.py:208} INFO - Processing /home/airflow/.local/lib/python3.12/site-packages/airflow/example_dags/example_display_name.py took 0.073 seconds
[2024-09-12T14:04:53.995+0000] {processor.py:186} INFO - Started process (PID=570) to work on /home/airflow/.local/lib/python3.12/site-packages/airflow/example_dags/example_display_name.py
[2024-09-12T14:04:53.996+0000] {processor.py:914} INFO - Processing file /home/airflow/.local/lib/python3.12/site-packages/airflow/example_dags/example_display_name.py for tasks to queue
[2024-09-12T14:04:53.998+0000] {logging_mixin.py:190} INFO - [2024-09-12T14:04:53.998+0000] {dagbag.py:587} INFO - Filling up the DagBag from /home/airflow/.local/lib/python3.12/site-packages/airflow/example_dags/example_display_name.py
[2024-09-12T14:04:54.005+0000] {processor.py:925} INFO - DAG(s) 'example_display_name' retrieved from /home/airflow/.local/lib/python3.12/site-packages/airflow/example_dags/example_display_name.py
[2024-09-12T14:04:54.023+0000] {logging_mixin.py:190} INFO - [2024-09-12T14:04:54.023+0000] {dag.py:3229} INFO - Sync 1 DAGs
[2024-09-12T14:04:54.038+0000] {logging_mixin.py:190} INFO - [2024-09-12T14:04:54.037+0000] {dag.py:4156} INFO - Setting next_dagrun for example_display_name to None, run_after=None
[2024-09-12T14:04:54.053+0000] {processor.py:208} INFO - Processing /home/airflow/.local/lib/python3.12/site-packages/airflow/example_dags/example_display_name.py took 0.063 seconds
[2024-09-12T14:05:24.729+0000] {processor.py:186} INFO - Started process (PID=632) to work on /home/airflow/.local/lib/python3.12/site-packages/airflow/example_dags/example_display_name.py
[2024-09-12T14:05:24.730+0000] {processor.py:914} INFO - Processing file /home/airflow/.local/lib/python3.12/site-packages/airflow/example_dags/example_display_name.py for tasks to queue
[2024-09-12T14:05:24.732+0000] {logging_mixin.py:190} INFO - [2024-09-12T14:05:24.732+0000] {dagbag.py:587} INFO - Filling up the DagBag from /home/airflow/.local/lib/python3.12/site-packages/airflow/example_dags/example_display_name.py
[2024-09-12T14:05:24.740+0000] {processor.py:925} INFO - DAG(s) 'example_display_name' retrieved from /home/airflow/.local/lib/python3.12/site-packages/airflow/example_dags/example_display_name.py
[2024-09-12T14:05:24.762+0000] {logging_mixin.py:190} INFO - [2024-09-12T14:05:24.762+0000] {dag.py:3229} INFO - Sync 1 DAGs
[2024-09-12T14:05:24.779+0000] {logging_mixin.py:190} INFO - [2024-09-12T14:05:24.778+0000] {dag.py:4156} INFO - Setting next_dagrun for example_display_name to None, run_after=None
[2024-09-12T14:05:24.799+0000] {processor.py:208} INFO - Processing /home/airflow/.local/lib/python3.12/site-packages/airflow/example_dags/example_display_name.py took 0.076 seconds
[2024-09-12T14:05:55.010+0000] {processor.py:186} INFO - Started process (PID=694) to work on /home/airflow/.local/lib/python3.12/site-packages/airflow/example_dags/example_display_name.py
[2024-09-12T14:05:55.011+0000] {processor.py:914} INFO - Processing file /home/airflow/.local/lib/python3.12/site-packages/airflow/example_dags/example_display_name.py for tasks to queue
[2024-09-12T14:05:55.014+0000] {logging_mixin.py:190} INFO - [2024-09-12T14:05:55.013+0000] {dagbag.py:587} INFO - Filling up the DagBag from /home/airflow/.local/lib/python3.12/site-packages/airflow/example_dags/example_display_name.py
[2024-09-12T14:05:55.023+0000] {processor.py:925} INFO - DAG(s) 'example_display_name' retrieved from /home/airflow/.local/lib/python3.12/site-packages/airflow/example_dags/example_display_name.py
[2024-09-12T14:05:55.047+0000] {logging_mixin.py:190} INFO - [2024-09-12T14:05:55.047+0000] {dag.py:3229} INFO - Sync 1 DAGs
[2024-09-12T14:05:55.064+0000] {logging_mixin.py:190} INFO - [2024-09-12T14:05:55.064+0000] {dag.py:4156} INFO - Setting next_dagrun for example_display_name to None, run_after=None
[2024-09-12T14:05:55.086+0000] {processor.py:208} INFO - Processing /home/airflow/.local/lib/python3.12/site-packages/airflow/example_dags/example_display_name.py took 0.083 seconds
[2024-09-12T14:06:25.436+0000] {processor.py:186} INFO - Started process (PID=756) to work on /home/airflow/.local/lib/python3.12/site-packages/airflow/example_dags/example_display_name.py
[2024-09-12T14:06:25.437+0000] {processor.py:914} INFO - Processing file /home/airflow/.local/lib/python3.12/site-packages/airflow/example_dags/example_display_name.py for tasks to queue
[2024-09-12T14:06:25.440+0000] {logging_mixin.py:190} INFO - [2024-09-12T14:06:25.439+0000] {dagbag.py:587} INFO - Filling up the DagBag from /home/airflow/.local/lib/python3.12/site-packages/airflow/example_dags/example_display_name.py
[2024-09-12T14:06:25.447+0000] {processor.py:925} INFO - DAG(s) 'example_display_name' retrieved from /home/airflow/.local/lib/python3.12/site-packages/airflow/example_dags/example_display_name.py
[2024-09-12T14:06:25.466+0000] {logging_mixin.py:190} INFO - [2024-09-12T14:06:25.466+0000] {dag.py:3229} INFO - Sync 1 DAGs
[2024-09-12T14:06:25.481+0000] {logging_mixin.py:190} INFO - [2024-09-12T14:06:25.481+0000] {dag.py:4156} INFO - Setting next_dagrun for example_display_name to None, run_after=None
[2024-09-12T14:06:25.497+0000] {processor.py:208} INFO - Processing /home/airflow/.local/lib/python3.12/site-packages/airflow/example_dags/example_display_name.py took 0.067 seconds
[2024-09-12T14:06:55.615+0000] {processor.py:186} INFO - Started process (PID=818) to work on /home/airflow/.local/lib/python3.12/site-packages/airflow/example_dags/example_display_name.py
[2024-09-12T14:06:55.616+0000] {processor.py:914} INFO - Processing file /home/airflow/.local/lib/python3.12/site-packages/airflow/example_dags/example_display_name.py for tasks to queue
[2024-09-12T14:06:55.618+0000] {logging_mixin.py:190} INFO - [2024-09-12T14:06:55.618+0000] {dagbag.py:587} INFO - Filling up the DagBag from /home/airflow/.local/lib/python3.12/site-packages/airflow/example_dags/example_display_name.py
[2024-09-12T14:06:55.626+0000] {processor.py:925} INFO - DAG(s) 'example_display_name' retrieved from /home/airflow/.local/lib/python3.12/site-packages/airflow/example_dags/example_display_name.py
[2024-09-12T14:06:55.646+0000] {logging_mixin.py:190} INFO - [2024-09-12T14:06:55.646+0000] {dag.py:3229} INFO - Sync 1 DAGs
[2024-09-12T14:06:55.694+0000] {logging_mixin.py:190} INFO - [2024-09-12T14:06:55.693+0000] {dag.py:4156} INFO - Setting next_dagrun for example_display_name to None, run_after=None
[2024-09-12T14:06:55.712+0000] {processor.py:208} INFO - Processing /home/airflow/.local/lib/python3.12/site-packages/airflow/example_dags/example_display_name.py took 0.104 seconds
[2024-09-12T14:07:25.895+0000] {processor.py:186} INFO - Started process (PID=880) to work on /home/airflow/.local/lib/python3.12/site-packages/airflow/example_dags/example_display_name.py
[2024-09-12T14:07:25.897+0000] {processor.py:914} INFO - Processing file /home/airflow/.local/lib/python3.12/site-packages/airflow/example_dags/example_display_name.py for tasks to queue
[2024-09-12T14:07:25.899+0000] {logging_mixin.py:190} INFO - [2024-09-12T14:07:25.898+0000] {dagbag.py:587} INFO - Filling up the DagBag from /home/airflow/.local/lib/python3.12/site-packages/airflow/example_dags/example_display_name.py
[2024-09-12T14:07:25.907+0000] {processor.py:925} INFO - DAG(s) 'example_display_name' retrieved from /home/airflow/.local/lib/python3.12/site-packages/airflow/example_dags/example_display_name.py
[2024-09-12T14:07:25.931+0000] {logging_mixin.py:190} INFO - [2024-09-12T14:07:25.931+0000] {dag.py:3229} INFO - Sync 1 DAGs
[2024-09-12T14:07:25.950+0000] {logging_mixin.py:190} INFO - [2024-09-12T14:07:25.950+0000] {dag.py:4156} INFO - Setting next_dagrun for example_display_name to None, run_after=None
[2024-09-12T14:07:25.973+0000] {processor.py:208} INFO - Processing /home/airflow/.local/lib/python3.12/site-packages/airflow/example_dags/example_display_name.py took 0.084 seconds
[2024-09-12T14:07:56.320+0000] {processor.py:186} INFO - Started process (PID=942) to work on /home/airflow/.local/lib/python3.12/site-packages/airflow/example_dags/example_display_name.py
[2024-09-12T14:07:56.322+0000] {processor.py:914} INFO - Processing file /home/airflow/.local/lib/python3.12/site-packages/airflow/example_dags/example_display_name.py for tasks to queue
[2024-09-12T14:07:56.324+0000] {logging_mixin.py:190} INFO - [2024-09-12T14:07:56.323+0000] {dagbag.py:587} INFO - Filling up the DagBag from /home/airflow/.local/lib/python3.12/site-packages/airflow/example_dags/example_display_name.py
[2024-09-12T14:07:56.333+0000] {processor.py:925} INFO - DAG(s) 'example_display_name' retrieved from /home/airflow/.local/lib/python3.12/site-packages/airflow/example_dags/example_display_name.py
[2024-09-12T14:07:56.356+0000] {logging_mixin.py:190} INFO - [2024-09-12T14:07:56.355+0000] {dag.py:3229} INFO - Sync 1 DAGs
[2024-09-12T14:07:56.371+0000] {logging_mixin.py:190} INFO - [2024-09-12T14:07:56.371+0000] {dag.py:4156} INFO - Setting next_dagrun for example_display_name to None, run_after=None
[2024-09-12T14:07:56.386+0000] {processor.py:208} INFO - Processing /home/airflow/.local/lib/python3.12/site-packages/airflow/example_dags/example_display_name.py took 0.073 seconds
[2024-09-12T14:08:26.630+0000] {processor.py:186} INFO - Started process (PID=1004) to work on /home/airflow/.local/lib/python3.12/site-packages/airflow/example_dags/example_display_name.py
[2024-09-12T14:08:26.632+0000] {processor.py:914} INFO - Processing file /home/airflow/.local/lib/python3.12/site-packages/airflow/example_dags/example_display_name.py for tasks to queue
[2024-09-12T14:08:26.634+0000] {logging_mixin.py:190} INFO - [2024-09-12T14:08:26.634+0000] {dagbag.py:587} INFO - Filling up the DagBag from /home/airflow/.local/lib/python3.12/site-packages/airflow/example_dags/example_display_name.py
[2024-09-12T14:08:26.644+0000] {processor.py:925} INFO - DAG(s) 'example_display_name' retrieved from /home/airflow/.local/lib/python3.12/site-packages/airflow/example_dags/example_display_name.py
[2024-09-12T14:08:26.667+0000] {logging_mixin.py:190} INFO - [2024-09-12T14:08:26.667+0000] {dag.py:3229} INFO - Sync 1 DAGs
[2024-09-12T14:08:26.685+0000] {logging_mixin.py:190} INFO - [2024-09-12T14:08:26.685+0000] {dag.py:4156} INFO - Setting next_dagrun for example_display_name to None, run_after=None
[2024-09-12T14:08:26.705+0000] {processor.py:208} INFO - Processing /home/airflow/.local/lib/python3.12/site-packages/airflow/example_dags/example_display_name.py took 0.082 seconds
[2024-09-12T14:08:56.771+0000] {processor.py:186} INFO - Started process (PID=1066) to work on /home/airflow/.local/lib/python3.12/site-packages/airflow/example_dags/example_display_name.py
[2024-09-12T14:08:56.773+0000] {processor.py:914} INFO - Processing file /home/airflow/.local/lib/python3.12/site-packages/airflow/example_dags/example_display_name.py for tasks to queue
[2024-09-12T14:08:56.775+0000] {logging_mixin.py:190} INFO - [2024-09-12T14:08:56.775+0000] {dagbag.py:587} INFO - Filling up the DagBag from /home/airflow/.local/lib/python3.12/site-packages/airflow/example_dags/example_display_name.py
[2024-09-12T14:08:56.784+0000] {processor.py:925} INFO - DAG(s) 'example_display_name' retrieved from /home/airflow/.local/lib/python3.12/site-packages/airflow/example_dags/example_display_name.py
[2024-09-12T14:08:56.806+0000] {logging_mixin.py:190} INFO - [2024-09-12T14:08:56.806+0000] {dag.py:3229} INFO - Sync 1 DAGs
[2024-09-12T14:08:56.822+0000] {logging_mixin.py:190} INFO - [2024-09-12T14:08:56.821+0000] {dag.py:4156} INFO - Setting next_dagrun for example_display_name to None, run_after=None
[2024-09-12T14:08:56.838+0000] {processor.py:208} INFO - Processing /home/airflow/.local/lib/python3.12/site-packages/airflow/example_dags/example_display_name.py took 0.073 seconds
[2024-09-12T14:09:26.980+0000] {processor.py:186} INFO - Started process (PID=1128) to work on /home/airflow/.local/lib/python3.12/site-packages/airflow/example_dags/example_display_name.py
[2024-09-12T14:09:26.981+0000] {processor.py:914} INFO - Processing file /home/airflow/.local/lib/python3.12/site-packages/airflow/example_dags/example_display_name.py for tasks to queue
[2024-09-12T14:09:26.983+0000] {logging_mixin.py:190} INFO - [2024-09-12T14:09:26.983+0000] {dagbag.py:587} INFO - Filling up the DagBag from /home/airflow/.local/lib/python3.12/site-packages/airflow/example_dags/example_display_name.py
[2024-09-12T14:09:26.991+0000] {processor.py:925} INFO - DAG(s) 'example_display_name' retrieved from /home/airflow/.local/lib/python3.12/site-packages/airflow/example_dags/example_display_name.py
[2024-09-12T14:09:27.011+0000] {logging_mixin.py:190} INFO - [2024-09-12T14:09:27.011+0000] {dag.py:3229} INFO - Sync 1 DAGs
[2024-09-12T14:09:27.025+0000] {logging_mixin.py:190} INFO - [2024-09-12T14:09:27.025+0000] {dag.py:4156} INFO - Setting next_dagrun for example_display_name to None, run_after=None
[2024-09-12T14:09:27.043+0000] {processor.py:208} INFO - Processing /home/airflow/.local/lib/python3.12/site-packages/airflow/example_dags/example_display_name.py took 0.070 seconds
[2024-09-12T14:09:57.514+0000] {processor.py:186} INFO - Started process (PID=1190) to work on /home/airflow/.local/lib/python3.12/site-packages/airflow/example_dags/example_display_name.py
[2024-09-12T14:09:57.516+0000] {processor.py:914} INFO - Processing file /home/airflow/.local/lib/python3.12/site-packages/airflow/example_dags/example_display_name.py for tasks to queue
[2024-09-12T14:09:57.518+0000] {logging_mixin.py:190} INFO - [2024-09-12T14:09:57.518+0000] {dagbag.py:587} INFO - Filling up the DagBag from /home/airflow/.local/lib/python3.12/site-packages/airflow/example_dags/example_display_name.py
[2024-09-12T14:09:57.527+0000] {processor.py:925} INFO - DAG(s) 'example_display_name' retrieved from /home/airflow/.local/lib/python3.12/site-packages/airflow/example_dags/example_display_name.py
[2024-09-12T14:09:57.551+0000] {logging_mixin.py:190} INFO - [2024-09-12T14:09:57.551+0000] {dag.py:3229} INFO - Sync 1 DAGs
[2024-09-12T14:09:57.570+0000] {logging_mixin.py:190} INFO - [2024-09-12T14:09:57.570+0000] {dag.py:4156} INFO - Setting next_dagrun for example_display_name to None, run_after=None
[2024-09-12T14:09:57.589+0000] {processor.py:208} INFO - Processing /home/airflow/.local/lib/python3.12/site-packages/airflow/example_dags/example_display_name.py took 0.082 seconds
[2024-09-12T14:10:28.225+0000] {processor.py:186} INFO - Started process (PID=1252) to work on /home/airflow/.local/lib/python3.12/site-packages/airflow/example_dags/example_display_name.py
[2024-09-12T14:10:28.226+0000] {processor.py:914} INFO - Processing file /home/airflow/.local/lib/python3.12/site-packages/airflow/example_dags/example_display_name.py for tasks to queue
[2024-09-12T14:10:28.230+0000] {logging_mixin.py:190} INFO - [2024-09-12T14:10:28.229+0000] {dagbag.py:587} INFO - Filling up the DagBag from /home/airflow/.local/lib/python3.12/site-packages/airflow/example_dags/example_display_name.py
[2024-09-12T14:10:28.240+0000] {processor.py:925} INFO - DAG(s) 'example_display_name' retrieved from /home/airflow/.local/lib/python3.12/site-packages/airflow/example_dags/example_display_name.py
[2024-09-12T14:10:28.268+0000] {logging_mixin.py:190} INFO - [2024-09-12T14:10:28.267+0000] {dag.py:3229} INFO - Sync 1 DAGs
[2024-09-12T14:10:28.287+0000] {logging_mixin.py:190} INFO - [2024-09-12T14:10:28.287+0000] {dag.py:4156} INFO - Setting next_dagrun for example_display_name to None, run_after=None
[2024-09-12T14:10:28.313+0000] {processor.py:208} INFO - Processing /home/airflow/.local/lib/python3.12/site-packages/airflow/example_dags/example_display_name.py took 0.096 seconds
[2024-09-12T14:10:58.654+0000] {processor.py:186} INFO - Started process (PID=1314) to work on /home/airflow/.local/lib/python3.12/site-packages/airflow/example_dags/example_display_name.py
[2024-09-12T14:10:58.655+0000] {processor.py:914} INFO - Processing file /home/airflow/.local/lib/python3.12/site-packages/airflow/example_dags/example_display_name.py for tasks to queue
[2024-09-12T14:10:58.657+0000] {logging_mixin.py:190} INFO - [2024-09-12T14:10:58.657+0000] {dagbag.py:587} INFO - Filling up the DagBag from /home/airflow/.local/lib/python3.12/site-packages/airflow/example_dags/example_display_name.py
[2024-09-12T14:10:58.666+0000] {processor.py:925} INFO - DAG(s) 'example_display_name' retrieved from /home/airflow/.local/lib/python3.12/site-packages/airflow/example_dags/example_display_name.py
[2024-09-12T14:10:58.687+0000] {logging_mixin.py:190} INFO - [2024-09-12T14:10:58.687+0000] {dag.py:3229} INFO - Sync 1 DAGs
[2024-09-12T14:10:58.703+0000] {logging_mixin.py:190} INFO - [2024-09-12T14:10:58.702+0000] {dag.py:4156} INFO - Setting next_dagrun for example_display_name to None, run_after=None
[2024-09-12T14:10:58.720+0000] {processor.py:208} INFO - Processing /home/airflow/.local/lib/python3.12/site-packages/airflow/example_dags/example_display_name.py took 0.072 seconds
[2024-09-12T14:11:28.822+0000] {processor.py:186} INFO - Started process (PID=1376) to work on /home/airflow/.local/lib/python3.12/site-packages/airflow/example_dags/example_display_name.py
[2024-09-12T14:11:29.044+0000] {processor.py:914} INFO - Processing file /home/airflow/.local/lib/python3.12/site-packages/airflow/example_dags/example_display_name.py for tasks to queue
[2024-09-12T14:11:29.047+0000] {logging_mixin.py:190} INFO - [2024-09-12T14:11:29.046+0000] {dagbag.py:587} INFO - Filling up the DagBag from /home/airflow/.local/lib/python3.12/site-packages/airflow/example_dags/example_display_name.py
[2024-09-12T14:11:29.055+0000] {processor.py:925} INFO - DAG(s) 'example_display_name' retrieved from /home/airflow/.local/lib/python3.12/site-packages/airflow/example_dags/example_display_name.py
[2024-09-12T14:11:29.101+0000] {logging_mixin.py:190} INFO - [2024-09-12T14:11:29.101+0000] {dag.py:3229} INFO - Sync 1 DAGs
[2024-09-12T14:11:29.116+0000] {logging_mixin.py:190} INFO - [2024-09-12T14:11:29.116+0000] {dag.py:4156} INFO - Setting next_dagrun for example_display_name to None, run_after=None
[2024-09-12T14:11:29.188+0000] {processor.py:208} INFO - Processing /home/airflow/.local/lib/python3.12/site-packages/airflow/example_dags/example_display_name.py took 0.374 seconds
[2024-09-12T14:11:59.318+0000] {processor.py:186} INFO - Started process (PID=1438) to work on /home/airflow/.local/lib/python3.12/site-packages/airflow/example_dags/example_display_name.py
[2024-09-12T14:11:59.319+0000] {processor.py:914} INFO - Processing file /home/airflow/.local/lib/python3.12/site-packages/airflow/example_dags/example_display_name.py for tasks to queue
[2024-09-12T14:11:59.322+0000] {logging_mixin.py:190} INFO - [2024-09-12T14:11:59.321+0000] {dagbag.py:587} INFO - Filling up the DagBag from /home/airflow/.local/lib/python3.12/site-packages/airflow/example_dags/example_display_name.py
[2024-09-12T14:11:59.330+0000] {processor.py:925} INFO - DAG(s) 'example_display_name' retrieved from /home/airflow/.local/lib/python3.12/site-packages/airflow/example_dags/example_display_name.py
[2024-09-12T14:11:59.352+0000] {logging_mixin.py:190} INFO - [2024-09-12T14:11:59.352+0000] {dag.py:3229} INFO - Sync 1 DAGs
[2024-09-12T14:11:59.368+0000] {logging_mixin.py:190} INFO - [2024-09-12T14:11:59.367+0000] {dag.py:4156} INFO - Setting next_dagrun for example_display_name to None, run_after=None
[2024-09-12T14:11:59.385+0000] {processor.py:208} INFO - Processing /home/airflow/.local/lib/python3.12/site-packages/airflow/example_dags/example_display_name.py took 0.074 seconds
[2024-09-12T14:12:29.669+0000] {processor.py:186} INFO - Started process (PID=1500) to work on /home/airflow/.local/lib/python3.12/site-packages/airflow/example_dags/example_display_name.py
[2024-09-12T14:12:29.670+0000] {processor.py:914} INFO - Processing file /home/airflow/.local/lib/python3.12/site-packages/airflow/example_dags/example_display_name.py for tasks to queue
[2024-09-12T14:12:29.672+0000] {logging_mixin.py:190} INFO - [2024-09-12T14:12:29.672+0000] {dagbag.py:587} INFO - Filling up the DagBag from /home/airflow/.local/lib/python3.12/site-packages/airflow/example_dags/example_display_name.py
[2024-09-12T14:12:29.681+0000] {processor.py:925} INFO - DAG(s) 'example_display_name' retrieved from /home/airflow/.local/lib/python3.12/site-packages/airflow/example_dags/example_display_name.py
[2024-09-12T14:12:29.702+0000] {logging_mixin.py:190} INFO - [2024-09-12T14:12:29.702+0000] {dag.py:3229} INFO - Sync 1 DAGs
[2024-09-12T14:12:29.718+0000] {logging_mixin.py:190} INFO - [2024-09-12T14:12:29.718+0000] {dag.py:4156} INFO - Setting next_dagrun for example_display_name to None, run_after=None
[2024-09-12T14:12:29.735+0000] {processor.py:208} INFO - Processing /home/airflow/.local/lib/python3.12/site-packages/airflow/example_dags/example_display_name.py took 0.073 seconds
[2024-09-12T14:13:00.523+0000] {processor.py:186} INFO - Started process (PID=1562) to work on /home/airflow/.local/lib/python3.12/site-packages/airflow/example_dags/example_display_name.py
[2024-09-12T14:13:00.525+0000] {processor.py:914} INFO - Processing file /home/airflow/.local/lib/python3.12/site-packages/airflow/example_dags/example_display_name.py for tasks to queue
[2024-09-12T14:13:00.528+0000] {logging_mixin.py:190} INFO - [2024-09-12T14:13:00.527+0000] {dagbag.py:587} INFO - Filling up the DagBag from /home/airflow/.local/lib/python3.12/site-packages/airflow/example_dags/example_display_name.py
[2024-09-12T14:13:00.538+0000] {processor.py:925} INFO - DAG(s) 'example_display_name' retrieved from /home/airflow/.local/lib/python3.12/site-packages/airflow/example_dags/example_display_name.py
[2024-09-12T14:13:00.560+0000] {logging_mixin.py:190} INFO - [2024-09-12T14:13:00.560+0000] {dag.py:3229} INFO - Sync 1 DAGs
[2024-09-12T14:13:00.576+0000] {logging_mixin.py:190} INFO - [2024-09-12T14:13:00.576+0000] {dag.py:4156} INFO - Setting next_dagrun for example_display_name to None, run_after=None
[2024-09-12T14:13:00.593+0000] {processor.py:208} INFO - Processing /home/airflow/.local/lib/python3.12/site-packages/airflow/example_dags/example_display_name.py took 0.077 seconds
[2024-09-12T14:13:31.142+0000] {processor.py:186} INFO - Started process (PID=1624) to work on /home/airflow/.local/lib/python3.12/site-packages/airflow/example_dags/example_display_name.py
[2024-09-12T14:13:31.143+0000] {processor.py:914} INFO - Processing file /home/airflow/.local/lib/python3.12/site-packages/airflow/example_dags/example_display_name.py for tasks to queue
[2024-09-12T14:13:31.146+0000] {logging_mixin.py:190} INFO - [2024-09-12T14:13:31.146+0000] {dagbag.py:587} INFO - Filling up the DagBag from /home/airflow/.local/lib/python3.12/site-packages/airflow/example_dags/example_display_name.py
[2024-09-12T14:13:31.156+0000] {processor.py:925} INFO - DAG(s) 'example_display_name' retrieved from /home/airflow/.local/lib/python3.12/site-packages/airflow/example_dags/example_display_name.py
[2024-09-12T14:13:31.183+0000] {logging_mixin.py:190} INFO - [2024-09-12T14:13:31.183+0000] {dag.py:3229} INFO - Sync 1 DAGs
[2024-09-12T14:13:31.201+0000] {logging_mixin.py:190} INFO - [2024-09-12T14:13:31.201+0000] {dag.py:4156} INFO - Setting next_dagrun for example_display_name to None, run_after=None
[2024-09-12T14:13:31.225+0000] {processor.py:208} INFO - Processing /home/airflow/.local/lib/python3.12/site-packages/airflow/example_dags/example_display_name.py took 0.091 seconds
[2024-09-12T14:14:01.344+0000] {processor.py:186} INFO - Started process (PID=1686) to work on /home/airflow/.local/lib/python3.12/site-packages/airflow/example_dags/example_display_name.py
[2024-09-12T14:14:01.346+0000] {processor.py:914} INFO - Processing file /home/airflow/.local/lib/python3.12/site-packages/airflow/example_dags/example_display_name.py for tasks to queue
[2024-09-12T14:14:01.348+0000] {logging_mixin.py:190} INFO - [2024-09-12T14:14:01.348+0000] {dagbag.py:587} INFO - Filling up the DagBag from /home/airflow/.local/lib/python3.12/site-packages/airflow/example_dags/example_display_name.py
[2024-09-12T14:14:01.357+0000] {processor.py:925} INFO - DAG(s) 'example_display_name' retrieved from /home/airflow/.local/lib/python3.12/site-packages/airflow/example_dags/example_display_name.py
[2024-09-12T14:14:01.379+0000] {logging_mixin.py:190} INFO - [2024-09-12T14:14:01.379+0000] {dag.py:3229} INFO - Sync 1 DAGs
[2024-09-12T14:14:01.397+0000] {logging_mixin.py:190} INFO - [2024-09-12T14:14:01.397+0000] {dag.py:4156} INFO - Setting next_dagrun for example_display_name to None, run_after=None
[2024-09-12T14:14:01.419+0000] {processor.py:208} INFO - Processing /home/airflow/.local/lib/python3.12/site-packages/airflow/example_dags/example_display_name.py took 0.082 seconds
[2024-09-12T14:14:31.865+0000] {processor.py:186} INFO - Started process (PID=1748) to work on /home/airflow/.local/lib/python3.12/site-packages/airflow/example_dags/example_display_name.py
[2024-09-12T14:14:31.866+0000] {processor.py:914} INFO - Processing file /home/airflow/.local/lib/python3.12/site-packages/airflow/example_dags/example_display_name.py for tasks to queue
[2024-09-12T14:14:31.868+0000] {logging_mixin.py:190} INFO - [2024-09-12T14:14:31.868+0000] {dagbag.py:587} INFO - Filling up the DagBag from /home/airflow/.local/lib/python3.12/site-packages/airflow/example_dags/example_display_name.py
[2024-09-12T14:14:31.877+0000] {processor.py:925} INFO - DAG(s) 'example_display_name' retrieved from /home/airflow/.local/lib/python3.12/site-packages/airflow/example_dags/example_display_name.py
[2024-09-12T14:14:31.898+0000] {logging_mixin.py:190} INFO - [2024-09-12T14:14:31.898+0000] {dag.py:3229} INFO - Sync 1 DAGs
[2024-09-12T14:14:31.914+0000] {logging_mixin.py:190} INFO - [2024-09-12T14:14:31.914+0000] {dag.py:4156} INFO - Setting next_dagrun for example_display_name to None, run_after=None
[2024-09-12T14:14:31.931+0000] {processor.py:208} INFO - Processing /home/airflow/.local/lib/python3.12/site-packages/airflow/example_dags/example_display_name.py took 0.072 seconds
[2024-09-12T14:15:02.397+0000] {processor.py:186} INFO - Started process (PID=1810) to work on /home/airflow/.local/lib/python3.12/site-packages/airflow/example_dags/example_display_name.py
[2024-09-12T14:15:02.398+0000] {processor.py:914} INFO - Processing file /home/airflow/.local/lib/python3.12/site-packages/airflow/example_dags/example_display_name.py for tasks to queue
[2024-09-12T14:15:02.401+0000] {logging_mixin.py:190} INFO - [2024-09-12T14:15:02.401+0000] {dagbag.py:587} INFO - Filling up the DagBag from /home/airflow/.local/lib/python3.12/site-packages/airflow/example_dags/example_display_name.py
[2024-09-12T14:15:02.410+0000] {processor.py:925} INFO - DAG(s) 'example_display_name' retrieved from /home/airflow/.local/lib/python3.12/site-packages/airflow/example_dags/example_display_name.py
[2024-09-12T14:15:02.433+0000] {logging_mixin.py:190} INFO - [2024-09-12T14:15:02.432+0000] {dag.py:3229} INFO - Sync 1 DAGs
[2024-09-12T14:15:02.448+0000] {logging_mixin.py:190} INFO - [2024-09-12T14:15:02.448+0000] {dag.py:4156} INFO - Setting next_dagrun for example_display_name to None, run_after=None
[2024-09-12T14:15:02.465+0000] {processor.py:208} INFO - Processing /home/airflow/.local/lib/python3.12/site-packages/airflow/example_dags/example_display_name.py took 0.075 seconds
[2024-09-12T14:18:14.425+0000] {processor.py:186} INFO - Started process (PID=70) to work on /home/airflow/.local/lib/python3.12/site-packages/airflow/example_dags/example_display_name.py
[2024-09-12T14:18:14.426+0000] {processor.py:914} INFO - Processing file /home/airflow/.local/lib/python3.12/site-packages/airflow/example_dags/example_display_name.py for tasks to queue
[2024-09-12T14:18:14.429+0000] {logging_mixin.py:190} INFO - [2024-09-12T14:18:14.428+0000] {dagbag.py:587} INFO - Filling up the DagBag from /home/airflow/.local/lib/python3.12/site-packages/airflow/example_dags/example_display_name.py
[2024-09-12T14:18:14.437+0000] {processor.py:925} INFO - DAG(s) 'example_display_name' retrieved from /home/airflow/.local/lib/python3.12/site-packages/airflow/example_dags/example_display_name.py
[2024-09-12T14:18:14.471+0000] {logging_mixin.py:190} INFO - [2024-09-12T14:18:14.470+0000] {dag.py:3229} INFO - Sync 1 DAGs
[2024-09-12T14:18:14.486+0000] {logging_mixin.py:190} INFO - [2024-09-12T14:18:14.486+0000] {dag.py:4156} INFO - Setting next_dagrun for example_display_name to None, run_after=None
[2024-09-12T14:18:14.505+0000] {processor.py:208} INFO - Processing /home/airflow/.local/lib/python3.12/site-packages/airflow/example_dags/example_display_name.py took 0.086 seconds
[2024-09-12T14:18:45.492+0000] {processor.py:186} INFO - Started process (PID=132) to work on /home/airflow/.local/lib/python3.12/site-packages/airflow/example_dags/example_display_name.py
[2024-09-12T14:18:45.496+0000] {processor.py:914} INFO - Processing file /home/airflow/.local/lib/python3.12/site-packages/airflow/example_dags/example_display_name.py for tasks to queue
[2024-09-12T14:18:45.502+0000] {logging_mixin.py:190} INFO - [2024-09-12T14:18:45.500+0000] {dagbag.py:587} INFO - Filling up the DagBag from /home/airflow/.local/lib/python3.12/site-packages/airflow/example_dags/example_display_name.py
[2024-09-12T14:18:45.513+0000] {processor.py:925} INFO - DAG(s) 'example_display_name' retrieved from /home/airflow/.local/lib/python3.12/site-packages/airflow/example_dags/example_display_name.py
[2024-09-12T14:18:45.538+0000] {logging_mixin.py:190} INFO - [2024-09-12T14:18:45.538+0000] {dag.py:3229} INFO - Sync 1 DAGs
[2024-09-12T14:18:45.558+0000] {logging_mixin.py:190} INFO - [2024-09-12T14:18:45.557+0000] {dag.py:4156} INFO - Setting next_dagrun for example_display_name to None, run_after=None
[2024-09-12T14:18:45.594+0000] {processor.py:208} INFO - Processing /home/airflow/.local/lib/python3.12/site-packages/airflow/example_dags/example_display_name.py took 0.113 seconds
[2024-09-12T14:19:16.431+0000] {processor.py:186} INFO - Started process (PID=195) to work on /home/airflow/.local/lib/python3.12/site-packages/airflow/example_dags/example_display_name.py
[2024-09-12T14:19:16.432+0000] {processor.py:914} INFO - Processing file /home/airflow/.local/lib/python3.12/site-packages/airflow/example_dags/example_display_name.py for tasks to queue
[2024-09-12T14:19:16.434+0000] {logging_mixin.py:190} INFO - [2024-09-12T14:19:16.434+0000] {dagbag.py:587} INFO - Filling up the DagBag from /home/airflow/.local/lib/python3.12/site-packages/airflow/example_dags/example_display_name.py
[2024-09-12T14:19:16.443+0000] {processor.py:925} INFO - DAG(s) 'example_display_name' retrieved from /home/airflow/.local/lib/python3.12/site-packages/airflow/example_dags/example_display_name.py
[2024-09-12T14:19:16.473+0000] {logging_mixin.py:190} INFO - [2024-09-12T14:19:16.473+0000] {dag.py:3229} INFO - Sync 1 DAGs
[2024-09-12T14:19:16.494+0000] {logging_mixin.py:190} INFO - [2024-09-12T14:19:16.494+0000] {dag.py:4156} INFO - Setting next_dagrun for example_display_name to None, run_after=None
[2024-09-12T14:19:16.522+0000] {processor.py:208} INFO - Processing /home/airflow/.local/lib/python3.12/site-packages/airflow/example_dags/example_display_name.py took 0.097 seconds
[2024-09-12T14:19:46.854+0000] {processor.py:186} INFO - Started process (PID=256) to work on /home/airflow/.local/lib/python3.12/site-packages/airflow/example_dags/example_display_name.py
[2024-09-12T14:19:46.855+0000] {processor.py:914} INFO - Processing file /home/airflow/.local/lib/python3.12/site-packages/airflow/example_dags/example_display_name.py for tasks to queue
[2024-09-12T14:19:46.858+0000] {logging_mixin.py:190} INFO - [2024-09-12T14:19:46.857+0000] {dagbag.py:587} INFO - Filling up the DagBag from /home/airflow/.local/lib/python3.12/site-packages/airflow/example_dags/example_display_name.py
[2024-09-12T14:19:46.867+0000] {processor.py:925} INFO - DAG(s) 'example_display_name' retrieved from /home/airflow/.local/lib/python3.12/site-packages/airflow/example_dags/example_display_name.py
[2024-09-12T14:19:46.894+0000] {logging_mixin.py:190} INFO - [2024-09-12T14:19:46.893+0000] {dag.py:3229} INFO - Sync 1 DAGs
[2024-09-12T14:19:46.918+0000] {logging_mixin.py:190} INFO - [2024-09-12T14:19:46.918+0000] {dag.py:4156} INFO - Setting next_dagrun for example_display_name to None, run_after=None
[2024-09-12T14:19:46.935+0000] {processor.py:208} INFO - Processing /home/airflow/.local/lib/python3.12/site-packages/airflow/example_dags/example_display_name.py took 0.087 seconds
[2024-09-12T14:20:17.981+0000] {processor.py:186} INFO - Started process (PID=319) to work on /home/airflow/.local/lib/python3.12/site-packages/airflow/example_dags/example_display_name.py
[2024-09-12T14:20:17.983+0000] {processor.py:914} INFO - Processing file /home/airflow/.local/lib/python3.12/site-packages/airflow/example_dags/example_display_name.py for tasks to queue
[2024-09-12T14:20:17.985+0000] {logging_mixin.py:190} INFO - [2024-09-12T14:20:17.985+0000] {dagbag.py:587} INFO - Filling up the DagBag from /home/airflow/.local/lib/python3.12/site-packages/airflow/example_dags/example_display_name.py
[2024-09-12T14:20:17.995+0000] {processor.py:925} INFO - DAG(s) 'example_display_name' retrieved from /home/airflow/.local/lib/python3.12/site-packages/airflow/example_dags/example_display_name.py
[2024-09-12T14:20:18.022+0000] {logging_mixin.py:190} INFO - [2024-09-12T14:20:18.021+0000] {dag.py:3229} INFO - Sync 1 DAGs
[2024-09-12T14:20:18.040+0000] {logging_mixin.py:190} INFO - [2024-09-12T14:20:18.039+0000] {dag.py:4156} INFO - Setting next_dagrun for example_display_name to None, run_after=None
[2024-09-12T14:20:18.061+0000] {processor.py:208} INFO - Processing /home/airflow/.local/lib/python3.12/site-packages/airflow/example_dags/example_display_name.py took 0.098 seconds
[2024-09-12T14:20:48.408+0000] {processor.py:186} INFO - Started process (PID=381) to work on /home/airflow/.local/lib/python3.12/site-packages/airflow/example_dags/example_display_name.py
[2024-09-12T14:20:48.409+0000] {processor.py:914} INFO - Processing file /home/airflow/.local/lib/python3.12/site-packages/airflow/example_dags/example_display_name.py for tasks to queue
[2024-09-12T14:20:48.412+0000] {logging_mixin.py:190} INFO - [2024-09-12T14:20:48.411+0000] {dagbag.py:587} INFO - Filling up the DagBag from /home/airflow/.local/lib/python3.12/site-packages/airflow/example_dags/example_display_name.py
[2024-09-12T14:20:48.422+0000] {processor.py:925} INFO - DAG(s) 'example_display_name' retrieved from /home/airflow/.local/lib/python3.12/site-packages/airflow/example_dags/example_display_name.py
[2024-09-12T14:20:48.455+0000] {logging_mixin.py:190} INFO - [2024-09-12T14:20:48.455+0000] {dag.py:3229} INFO - Sync 1 DAGs
[2024-09-12T14:20:48.476+0000] {logging_mixin.py:190} INFO - [2024-09-12T14:20:48.475+0000] {dag.py:4156} INFO - Setting next_dagrun for example_display_name to None, run_after=None
[2024-09-12T14:20:48.512+0000] {processor.py:208} INFO - Processing /home/airflow/.local/lib/python3.12/site-packages/airflow/example_dags/example_display_name.py took 0.112 seconds
[2024-09-12T14:21:19.917+0000] {processor.py:186} INFO - Started process (PID=443) to work on /home/airflow/.local/lib/python3.12/site-packages/airflow/example_dags/example_display_name.py
[2024-09-12T14:21:19.918+0000] {processor.py:914} INFO - Processing file /home/airflow/.local/lib/python3.12/site-packages/airflow/example_dags/example_display_name.py for tasks to queue
[2024-09-12T14:21:19.920+0000] {logging_mixin.py:190} INFO - [2024-09-12T14:21:19.920+0000] {dagbag.py:587} INFO - Filling up the DagBag from /home/airflow/.local/lib/python3.12/site-packages/airflow/example_dags/example_display_name.py
[2024-09-12T14:21:19.981+0000] {processor.py:925} INFO - DAG(s) 'example_display_name' retrieved from /home/airflow/.local/lib/python3.12/site-packages/airflow/example_dags/example_display_name.py
[2024-09-12T14:21:20.006+0000] {logging_mixin.py:190} INFO - [2024-09-12T14:21:20.006+0000] {dag.py:3229} INFO - Sync 1 DAGs
[2024-09-12T14:21:20.024+0000] {logging_mixin.py:190} INFO - [2024-09-12T14:21:20.024+0000] {dag.py:4156} INFO - Setting next_dagrun for example_display_name to None, run_after=None
[2024-09-12T14:21:20.102+0000] {processor.py:208} INFO - Processing /home/airflow/.local/lib/python3.12/site-packages/airflow/example_dags/example_display_name.py took 0.192 seconds
[2024-09-12T14:21:50.253+0000] {processor.py:186} INFO - Started process (PID=505) to work on /home/airflow/.local/lib/python3.12/site-packages/airflow/example_dags/example_display_name.py
[2024-09-12T14:21:50.255+0000] {processor.py:914} INFO - Processing file /home/airflow/.local/lib/python3.12/site-packages/airflow/example_dags/example_display_name.py for tasks to queue
[2024-09-12T14:21:50.257+0000] {logging_mixin.py:190} INFO - [2024-09-12T14:21:50.257+0000] {dagbag.py:587} INFO - Filling up the DagBag from /home/airflow/.local/lib/python3.12/site-packages/airflow/example_dags/example_display_name.py
[2024-09-12T14:21:50.266+0000] {processor.py:925} INFO - DAG(s) 'example_display_name' retrieved from /home/airflow/.local/lib/python3.12/site-packages/airflow/example_dags/example_display_name.py
[2024-09-12T14:21:50.289+0000] {logging_mixin.py:190} INFO - [2024-09-12T14:21:50.289+0000] {dag.py:3229} INFO - Sync 1 DAGs
[2024-09-12T14:21:50.305+0000] {logging_mixin.py:190} INFO - [2024-09-12T14:21:50.305+0000] {dag.py:4156} INFO - Setting next_dagrun for example_display_name to None, run_after=None
[2024-09-12T14:21:50.323+0000] {processor.py:208} INFO - Processing /home/airflow/.local/lib/python3.12/site-packages/airflow/example_dags/example_display_name.py took 0.077 seconds
[2024-09-12T14:22:21.250+0000] {processor.py:186} INFO - Started process (PID=567) to work on /home/airflow/.local/lib/python3.12/site-packages/airflow/example_dags/example_display_name.py
[2024-09-12T14:22:21.252+0000] {processor.py:914} INFO - Processing file /home/airflow/.local/lib/python3.12/site-packages/airflow/example_dags/example_display_name.py for tasks to queue
[2024-09-12T14:22:21.254+0000] {logging_mixin.py:190} INFO - [2024-09-12T14:22:21.254+0000] {dagbag.py:587} INFO - Filling up the DagBag from /home/airflow/.local/lib/python3.12/site-packages/airflow/example_dags/example_display_name.py
[2024-09-12T14:22:21.263+0000] {processor.py:925} INFO - DAG(s) 'example_display_name' retrieved from /home/airflow/.local/lib/python3.12/site-packages/airflow/example_dags/example_display_name.py
[2024-09-12T14:22:21.288+0000] {logging_mixin.py:190} INFO - [2024-09-12T14:22:21.288+0000] {dag.py:3229} INFO - Sync 1 DAGs
[2024-09-12T14:22:21.305+0000] {logging_mixin.py:190} INFO - [2024-09-12T14:22:21.304+0000] {dag.py:4156} INFO - Setting next_dagrun for example_display_name to None, run_after=None
[2024-09-12T14:22:21.325+0000] {processor.py:208} INFO - Processing /home/airflow/.local/lib/python3.12/site-packages/airflow/example_dags/example_display_name.py took 0.081 seconds
[2024-09-12T14:22:51.978+0000] {processor.py:186} INFO - Started process (PID=629) to work on /home/airflow/.local/lib/python3.12/site-packages/airflow/example_dags/example_display_name.py
[2024-09-12T14:22:51.979+0000] {processor.py:914} INFO - Processing file /home/airflow/.local/lib/python3.12/site-packages/airflow/example_dags/example_display_name.py for tasks to queue
[2024-09-12T14:22:51.982+0000] {logging_mixin.py:190} INFO - [2024-09-12T14:22:51.982+0000] {dagbag.py:587} INFO - Filling up the DagBag from /home/airflow/.local/lib/python3.12/site-packages/airflow/example_dags/example_display_name.py
[2024-09-12T14:22:51.991+0000] {processor.py:925} INFO - DAG(s) 'example_display_name' retrieved from /home/airflow/.local/lib/python3.12/site-packages/airflow/example_dags/example_display_name.py
[2024-09-12T14:22:52.021+0000] {logging_mixin.py:190} INFO - [2024-09-12T14:22:52.021+0000] {dag.py:3229} INFO - Sync 1 DAGs
[2024-09-12T14:22:52.041+0000] {logging_mixin.py:190} INFO - [2024-09-12T14:22:52.040+0000] {dag.py:4156} INFO - Setting next_dagrun for example_display_name to None, run_after=None
[2024-09-12T14:22:52.064+0000] {processor.py:208} INFO - Processing /home/airflow/.local/lib/python3.12/site-packages/airflow/example_dags/example_display_name.py took 0.092 seconds
[2024-09-12T14:23:22.249+0000] {processor.py:186} INFO - Started process (PID=691) to work on /home/airflow/.local/lib/python3.12/site-packages/airflow/example_dags/example_display_name.py
[2024-09-12T14:23:22.250+0000] {processor.py:914} INFO - Processing file /home/airflow/.local/lib/python3.12/site-packages/airflow/example_dags/example_display_name.py for tasks to queue
[2024-09-12T14:23:22.252+0000] {logging_mixin.py:190} INFO - [2024-09-12T14:23:22.252+0000] {dagbag.py:587} INFO - Filling up the DagBag from /home/airflow/.local/lib/python3.12/site-packages/airflow/example_dags/example_display_name.py
[2024-09-12T14:23:22.260+0000] {processor.py:925} INFO - DAG(s) 'example_display_name' retrieved from /home/airflow/.local/lib/python3.12/site-packages/airflow/example_dags/example_display_name.py
[2024-09-12T14:23:22.285+0000] {logging_mixin.py:190} INFO - [2024-09-12T14:23:22.284+0000] {dag.py:3229} INFO - Sync 1 DAGs
[2024-09-12T14:23:22.301+0000] {logging_mixin.py:190} INFO - [2024-09-12T14:23:22.301+0000] {dag.py:4156} INFO - Setting next_dagrun for example_display_name to None, run_after=None
[2024-09-12T14:23:22.322+0000] {processor.py:208} INFO - Processing /home/airflow/.local/lib/python3.12/site-packages/airflow/example_dags/example_display_name.py took 0.079 seconds
[2024-09-12T14:23:53.151+0000] {processor.py:186} INFO - Started process (PID=753) to work on /home/airflow/.local/lib/python3.12/site-packages/airflow/example_dags/example_display_name.py
[2024-09-12T14:23:53.152+0000] {processor.py:914} INFO - Processing file /home/airflow/.local/lib/python3.12/site-packages/airflow/example_dags/example_display_name.py for tasks to queue
[2024-09-12T14:23:53.155+0000] {logging_mixin.py:190} INFO - [2024-09-12T14:23:53.154+0000] {dagbag.py:587} INFO - Filling up the DagBag from /home/airflow/.local/lib/python3.12/site-packages/airflow/example_dags/example_display_name.py
[2024-09-12T14:23:53.184+0000] {processor.py:925} INFO - DAG(s) 'example_display_name' retrieved from /home/airflow/.local/lib/python3.12/site-packages/airflow/example_dags/example_display_name.py
[2024-09-12T14:23:53.211+0000] {logging_mixin.py:190} INFO - [2024-09-12T14:23:53.211+0000] {dag.py:3229} INFO - Sync 1 DAGs
[2024-09-12T14:23:53.228+0000] {logging_mixin.py:190} INFO - [2024-09-12T14:23:53.228+0000] {dag.py:4156} INFO - Setting next_dagrun for example_display_name to None, run_after=None
[2024-09-12T14:23:53.264+0000] {processor.py:208} INFO - Processing /home/airflow/.local/lib/python3.12/site-packages/airflow/example_dags/example_display_name.py took 0.120 seconds
[2024-09-12T14:24:23.579+0000] {processor.py:186} INFO - Started process (PID=815) to work on /home/airflow/.local/lib/python3.12/site-packages/airflow/example_dags/example_display_name.py
[2024-09-12T14:24:23.581+0000] {processor.py:914} INFO - Processing file /home/airflow/.local/lib/python3.12/site-packages/airflow/example_dags/example_display_name.py for tasks to queue
[2024-09-12T14:24:23.584+0000] {logging_mixin.py:190} INFO - [2024-09-12T14:24:23.583+0000] {dagbag.py:587} INFO - Filling up the DagBag from /home/airflow/.local/lib/python3.12/site-packages/airflow/example_dags/example_display_name.py
[2024-09-12T14:24:23.593+0000] {processor.py:925} INFO - DAG(s) 'example_display_name' retrieved from /home/airflow/.local/lib/python3.12/site-packages/airflow/example_dags/example_display_name.py
[2024-09-12T14:24:23.617+0000] {logging_mixin.py:190} INFO - [2024-09-12T14:24:23.617+0000] {dag.py:3229} INFO - Sync 1 DAGs
[2024-09-12T14:24:23.634+0000] {logging_mixin.py:190} INFO - [2024-09-12T14:24:23.634+0000] {dag.py:4156} INFO - Setting next_dagrun for example_display_name to None, run_after=None
[2024-09-12T14:24:23.654+0000] {processor.py:208} INFO - Processing /home/airflow/.local/lib/python3.12/site-packages/airflow/example_dags/example_display_name.py took 0.082 seconds
[2024-09-12T14:24:54.082+0000] {processor.py:186} INFO - Started process (PID=877) to work on /home/airflow/.local/lib/python3.12/site-packages/airflow/example_dags/example_display_name.py
[2024-09-12T14:24:54.084+0000] {processor.py:914} INFO - Processing file /home/airflow/.local/lib/python3.12/site-packages/airflow/example_dags/example_display_name.py for tasks to queue
[2024-09-12T14:24:54.086+0000] {logging_mixin.py:190} INFO - [2024-09-12T14:24:54.086+0000] {dagbag.py:587} INFO - Filling up the DagBag from /home/airflow/.local/lib/python3.12/site-packages/airflow/example_dags/example_display_name.py
[2024-09-12T14:24:54.095+0000] {processor.py:925} INFO - DAG(s) 'example_display_name' retrieved from /home/airflow/.local/lib/python3.12/site-packages/airflow/example_dags/example_display_name.py
[2024-09-12T14:24:54.116+0000] {logging_mixin.py:190} INFO - [2024-09-12T14:24:54.115+0000] {dag.py:3229} INFO - Sync 1 DAGs
[2024-09-12T14:24:54.132+0000] {logging_mixin.py:190} INFO - [2024-09-12T14:24:54.131+0000] {dag.py:4156} INFO - Setting next_dagrun for example_display_name to None, run_after=None
[2024-09-12T14:24:54.149+0000] {processor.py:208} INFO - Processing /home/airflow/.local/lib/python3.12/site-packages/airflow/example_dags/example_display_name.py took 0.078 seconds
[2024-09-12T14:25:25.409+0000] {processor.py:186} INFO - Started process (PID=945) to work on /home/airflow/.local/lib/python3.12/site-packages/airflow/example_dags/example_display_name.py
[2024-09-12T14:25:25.410+0000] {processor.py:914} INFO - Processing file /home/airflow/.local/lib/python3.12/site-packages/airflow/example_dags/example_display_name.py for tasks to queue
[2024-09-12T14:25:25.481+0000] {logging_mixin.py:190} INFO - [2024-09-12T14:25:25.412+0000] {dagbag.py:587} INFO - Filling up the DagBag from /home/airflow/.local/lib/python3.12/site-packages/airflow/example_dags/example_display_name.py
[2024-09-12T14:25:25.492+0000] {processor.py:925} INFO - DAG(s) 'example_display_name' retrieved from /home/airflow/.local/lib/python3.12/site-packages/airflow/example_dags/example_display_name.py
[2024-09-12T14:25:25.600+0000] {logging_mixin.py:190} INFO - [2024-09-12T14:25:25.600+0000] {dag.py:3229} INFO - Sync 1 DAGs
[2024-09-12T14:25:25.693+0000] {logging_mixin.py:190} INFO - [2024-09-12T14:25:25.692+0000] {dag.py:4156} INFO - Setting next_dagrun for example_display_name to None, run_after=None
[2024-09-12T14:25:25.783+0000] {processor.py:208} INFO - Processing /home/airflow/.local/lib/python3.12/site-packages/airflow/example_dags/example_display_name.py took 0.380 seconds
[2024-09-12T14:25:56.301+0000] {processor.py:186} INFO - Started process (PID=1007) to work on /home/airflow/.local/lib/python3.12/site-packages/airflow/example_dags/example_display_name.py
[2024-09-12T14:25:56.302+0000] {processor.py:914} INFO - Processing file /home/airflow/.local/lib/python3.12/site-packages/airflow/example_dags/example_display_name.py for tasks to queue
[2024-09-12T14:25:56.304+0000] {logging_mixin.py:190} INFO - [2024-09-12T14:25:56.304+0000] {dagbag.py:587} INFO - Filling up the DagBag from /home/airflow/.local/lib/python3.12/site-packages/airflow/example_dags/example_display_name.py
[2024-09-12T14:25:56.312+0000] {processor.py:925} INFO - DAG(s) 'example_display_name' retrieved from /home/airflow/.local/lib/python3.12/site-packages/airflow/example_dags/example_display_name.py
[2024-09-12T14:25:56.336+0000] {logging_mixin.py:190} INFO - [2024-09-12T14:25:56.335+0000] {dag.py:3229} INFO - Sync 1 DAGs
[2024-09-12T14:25:56.391+0000] {logging_mixin.py:190} INFO - [2024-09-12T14:25:56.391+0000] {dag.py:4156} INFO - Setting next_dagrun for example_display_name to None, run_after=None
[2024-09-12T14:25:56.410+0000] {processor.py:208} INFO - Processing /home/airflow/.local/lib/python3.12/site-packages/airflow/example_dags/example_display_name.py took 0.116 seconds
[2024-09-12T14:26:26.789+0000] {processor.py:186} INFO - Started process (PID=1069) to work on /home/airflow/.local/lib/python3.12/site-packages/airflow/example_dags/example_display_name.py
[2024-09-12T14:26:26.790+0000] {processor.py:914} INFO - Processing file /home/airflow/.local/lib/python3.12/site-packages/airflow/example_dags/example_display_name.py for tasks to queue
[2024-09-12T14:26:26.793+0000] {logging_mixin.py:190} INFO - [2024-09-12T14:26:26.792+0000] {dagbag.py:587} INFO - Filling up the DagBag from /home/airflow/.local/lib/python3.12/site-packages/airflow/example_dags/example_display_name.py
[2024-09-12T14:26:26.802+0000] {processor.py:925} INFO - DAG(s) 'example_display_name' retrieved from /home/airflow/.local/lib/python3.12/site-packages/airflow/example_dags/example_display_name.py
[2024-09-12T14:26:26.823+0000] {logging_mixin.py:190} INFO - [2024-09-12T14:26:26.823+0000] {dag.py:3229} INFO - Sync 1 DAGs
[2024-09-12T14:26:26.839+0000] {logging_mixin.py:190} INFO - [2024-09-12T14:26:26.839+0000] {dag.py:4156} INFO - Setting next_dagrun for example_display_name to None, run_after=None
[2024-09-12T14:26:26.890+0000] {processor.py:208} INFO - Processing /home/airflow/.local/lib/python3.12/site-packages/airflow/example_dags/example_display_name.py took 0.108 seconds
[2024-09-12T14:26:57.325+0000] {processor.py:186} INFO - Started process (PID=1131) to work on /home/airflow/.local/lib/python3.12/site-packages/airflow/example_dags/example_display_name.py
[2024-09-12T14:26:57.327+0000] {processor.py:914} INFO - Processing file /home/airflow/.local/lib/python3.12/site-packages/airflow/example_dags/example_display_name.py for tasks to queue
[2024-09-12T14:26:57.329+0000] {logging_mixin.py:190} INFO - [2024-09-12T14:26:57.329+0000] {dagbag.py:587} INFO - Filling up the DagBag from /home/airflow/.local/lib/python3.12/site-packages/airflow/example_dags/example_display_name.py
[2024-09-12T14:26:57.339+0000] {processor.py:925} INFO - DAG(s) 'example_display_name' retrieved from /home/airflow/.local/lib/python3.12/site-packages/airflow/example_dags/example_display_name.py
[2024-09-12T14:26:57.364+0000] {logging_mixin.py:190} INFO - [2024-09-12T14:26:57.364+0000] {dag.py:3229} INFO - Sync 1 DAGs
[2024-09-12T14:26:57.393+0000] {logging_mixin.py:190} INFO - [2024-09-12T14:26:57.393+0000] {dag.py:4156} INFO - Setting next_dagrun for example_display_name to None, run_after=None
[2024-09-12T14:26:57.415+0000] {processor.py:208} INFO - Processing /home/airflow/.local/lib/python3.12/site-packages/airflow/example_dags/example_display_name.py took 0.098 seconds
[2024-09-12T14:27:28.320+0000] {processor.py:186} INFO - Started process (PID=1193) to work on /home/airflow/.local/lib/python3.12/site-packages/airflow/example_dags/example_display_name.py
[2024-09-12T14:27:28.322+0000] {processor.py:914} INFO - Processing file /home/airflow/.local/lib/python3.12/site-packages/airflow/example_dags/example_display_name.py for tasks to queue
[2024-09-12T14:27:28.324+0000] {logging_mixin.py:190} INFO - [2024-09-12T14:27:28.324+0000] {dagbag.py:587} INFO - Filling up the DagBag from /home/airflow/.local/lib/python3.12/site-packages/airflow/example_dags/example_display_name.py
[2024-09-12T14:27:28.333+0000] {processor.py:925} INFO - DAG(s) 'example_display_name' retrieved from /home/airflow/.local/lib/python3.12/site-packages/airflow/example_dags/example_display_name.py
[2024-09-12T14:27:28.405+0000] {logging_mixin.py:190} INFO - [2024-09-12T14:27:28.405+0000] {dag.py:3229} INFO - Sync 1 DAGs
[2024-09-12T14:27:28.424+0000] {logging_mixin.py:190} INFO - [2024-09-12T14:27:28.424+0000] {dag.py:4156} INFO - Setting next_dagrun for example_display_name to None, run_after=None
[2024-09-12T14:27:28.494+0000] {processor.py:208} INFO - Processing /home/airflow/.local/lib/python3.12/site-packages/airflow/example_dags/example_display_name.py took 0.180 seconds
[2024-09-12T14:27:59.726+0000] {processor.py:186} INFO - Started process (PID=1255) to work on /home/airflow/.local/lib/python3.12/site-packages/airflow/example_dags/example_display_name.py
[2024-09-12T14:27:59.727+0000] {processor.py:914} INFO - Processing file /home/airflow/.local/lib/python3.12/site-packages/airflow/example_dags/example_display_name.py for tasks to queue
[2024-09-12T14:27:59.730+0000] {logging_mixin.py:190} INFO - [2024-09-12T14:27:59.730+0000] {dagbag.py:587} INFO - Filling up the DagBag from /home/airflow/.local/lib/python3.12/site-packages/airflow/example_dags/example_display_name.py
[2024-09-12T14:27:59.785+0000] {processor.py:925} INFO - DAG(s) 'example_display_name' retrieved from /home/airflow/.local/lib/python3.12/site-packages/airflow/example_dags/example_display_name.py
[2024-09-12T14:27:59.822+0000] {logging_mixin.py:190} INFO - [2024-09-12T14:27:59.821+0000] {dag.py:3229} INFO - Sync 1 DAGs
[2024-09-12T14:27:59.891+0000] {logging_mixin.py:190} INFO - [2024-09-12T14:27:59.891+0000] {dag.py:4156} INFO - Setting next_dagrun for example_display_name to None, run_after=None
[2024-09-12T14:27:59.922+0000] {processor.py:208} INFO - Processing /home/airflow/.local/lib/python3.12/site-packages/airflow/example_dags/example_display_name.py took 0.203 seconds
[2024-09-12T14:28:35.807+0000] {processor.py:186} INFO - Started process (PID=1317) to work on /home/airflow/.local/lib/python3.12/site-packages/airflow/example_dags/example_display_name.py
[2024-09-12T14:28:35.809+0000] {processor.py:914} INFO - Processing file /home/airflow/.local/lib/python3.12/site-packages/airflow/example_dags/example_display_name.py for tasks to queue
[2024-09-12T14:28:35.819+0000] {logging_mixin.py:190} INFO - [2024-09-12T14:28:35.819+0000] {dagbag.py:587} INFO - Filling up the DagBag from /home/airflow/.local/lib/python3.12/site-packages/airflow/example_dags/example_display_name.py
[2024-09-12T14:28:35.914+0000] {processor.py:925} INFO - DAG(s) 'example_display_name' retrieved from /home/airflow/.local/lib/python3.12/site-packages/airflow/example_dags/example_display_name.py
[2024-09-12T14:28:36.108+0000] {logging_mixin.py:190} INFO - [2024-09-12T14:28:36.108+0000] {dag.py:3229} INFO - Sync 1 DAGs
[2024-09-12T14:28:36.204+0000] {logging_mixin.py:190} INFO - [2024-09-12T14:28:36.203+0000] {dag.py:4156} INFO - Setting next_dagrun for example_display_name to None, run_after=None
[2024-09-12T14:28:36.292+0000] {processor.py:208} INFO - Processing /home/airflow/.local/lib/python3.12/site-packages/airflow/example_dags/example_display_name.py took 0.506 seconds
[2024-09-12T14:29:10.511+0000] {processor.py:186} INFO - Started process (PID=1379) to work on /home/airflow/.local/lib/python3.12/site-packages/airflow/example_dags/example_display_name.py
[2024-09-12T14:29:10.581+0000] {processor.py:914} INFO - Processing file /home/airflow/.local/lib/python3.12/site-packages/airflow/example_dags/example_display_name.py for tasks to queue
[2024-09-12T14:29:10.585+0000] {logging_mixin.py:190} INFO - [2024-09-12T14:29:10.584+0000] {dagbag.py:587} INFO - Filling up the DagBag from /home/airflow/.local/lib/python3.12/site-packages/airflow/example_dags/example_display_name.py
[2024-09-12T14:29:10.598+0000] {processor.py:925} INFO - DAG(s) 'example_display_name' retrieved from /home/airflow/.local/lib/python3.12/site-packages/airflow/example_dags/example_display_name.py
[2024-09-12T14:29:10.706+0000] {logging_mixin.py:190} INFO - [2024-09-12T14:29:10.706+0000] {dag.py:3229} INFO - Sync 1 DAGs
[2024-09-12T14:29:10.896+0000] {logging_mixin.py:190} INFO - [2024-09-12T14:29:10.895+0000] {dag.py:4156} INFO - Setting next_dagrun for example_display_name to None, run_after=None
[2024-09-12T14:29:11.005+0000] {processor.py:208} INFO - Processing /home/airflow/.local/lib/python3.12/site-packages/airflow/example_dags/example_display_name.py took 0.519 seconds
[2024-09-12T14:29:44.286+0000] {processor.py:186} INFO - Started process (PID=1440) to work on /home/airflow/.local/lib/python3.12/site-packages/airflow/example_dags/example_display_name.py
[2024-09-12T14:29:44.287+0000] {processor.py:914} INFO - Processing file /home/airflow/.local/lib/python3.12/site-packages/airflow/example_dags/example_display_name.py for tasks to queue
[2024-09-12T14:29:44.291+0000] {logging_mixin.py:190} INFO - [2024-09-12T14:29:44.290+0000] {dagbag.py:587} INFO - Filling up the DagBag from /home/airflow/.local/lib/python3.12/site-packages/airflow/example_dags/example_display_name.py
[2024-09-12T14:29:44.303+0000] {processor.py:925} INFO - DAG(s) 'example_display_name' retrieved from /home/airflow/.local/lib/python3.12/site-packages/airflow/example_dags/example_display_name.py
[2024-09-12T14:29:44.486+0000] {logging_mixin.py:190} INFO - [2024-09-12T14:29:44.485+0000] {dag.py:3229} INFO - Sync 1 DAGs
[2024-09-12T14:29:44.588+0000] {logging_mixin.py:190} INFO - [2024-09-12T14:29:44.588+0000] {dag.py:4156} INFO - Setting next_dagrun for example_display_name to None, run_after=None
[2024-09-12T14:29:44.694+0000] {processor.py:208} INFO - Processing /home/airflow/.local/lib/python3.12/site-packages/airflow/example_dags/example_display_name.py took 0.492 seconds
[2024-09-12T14:30:17.285+0000] {processor.py:186} INFO - Started process (PID=1502) to work on /home/airflow/.local/lib/python3.12/site-packages/airflow/example_dags/example_display_name.py
[2024-09-12T14:30:17.286+0000] {processor.py:914} INFO - Processing file /home/airflow/.local/lib/python3.12/site-packages/airflow/example_dags/example_display_name.py for tasks to queue
[2024-09-12T14:30:17.290+0000] {logging_mixin.py:190} INFO - [2024-09-12T14:30:17.290+0000] {dagbag.py:587} INFO - Filling up the DagBag from /home/airflow/.local/lib/python3.12/site-packages/airflow/example_dags/example_display_name.py
[2024-09-12T14:30:17.302+0000] {processor.py:925} INFO - DAG(s) 'example_display_name' retrieved from /home/airflow/.local/lib/python3.12/site-packages/airflow/example_dags/example_display_name.py
[2024-09-12T14:30:17.399+0000] {logging_mixin.py:190} INFO - [2024-09-12T14:30:17.399+0000] {dag.py:3229} INFO - Sync 1 DAGs
[2024-09-12T14:30:17.435+0000] {logging_mixin.py:190} INFO - [2024-09-12T14:30:17.435+0000] {dag.py:4156} INFO - Setting next_dagrun for example_display_name to None, run_after=None
[2024-09-12T14:30:17.512+0000] {processor.py:208} INFO - Processing /home/airflow/.local/lib/python3.12/site-packages/airflow/example_dags/example_display_name.py took 0.273 seconds
[2024-09-12T14:30:48.289+0000] {processor.py:186} INFO - Started process (PID=1564) to work on /home/airflow/.local/lib/python3.12/site-packages/airflow/example_dags/example_display_name.py
[2024-09-12T14:30:48.290+0000] {processor.py:914} INFO - Processing file /home/airflow/.local/lib/python3.12/site-packages/airflow/example_dags/example_display_name.py for tasks to queue
[2024-09-12T14:30:48.293+0000] {logging_mixin.py:190} INFO - [2024-09-12T14:30:48.292+0000] {dagbag.py:587} INFO - Filling up the DagBag from /home/airflow/.local/lib/python3.12/site-packages/airflow/example_dags/example_display_name.py
[2024-09-12T14:30:48.302+0000] {processor.py:925} INFO - DAG(s) 'example_display_name' retrieved from /home/airflow/.local/lib/python3.12/site-packages/airflow/example_dags/example_display_name.py
[2024-09-12T14:30:48.325+0000] {logging_mixin.py:190} INFO - [2024-09-12T14:30:48.325+0000] {dag.py:3229} INFO - Sync 1 DAGs
[2024-09-12T14:30:48.344+0000] {logging_mixin.py:190} INFO - [2024-09-12T14:30:48.344+0000] {dag.py:4156} INFO - Setting next_dagrun for example_display_name to None, run_after=None
[2024-09-12T14:30:48.387+0000] {processor.py:208} INFO - Processing /home/airflow/.local/lib/python3.12/site-packages/airflow/example_dags/example_display_name.py took 0.106 seconds
[2024-09-12T14:31:19.626+0000] {processor.py:186} INFO - Started process (PID=1626) to work on /home/airflow/.local/lib/python3.12/site-packages/airflow/example_dags/example_display_name.py
[2024-09-12T14:31:19.627+0000] {processor.py:914} INFO - Processing file /home/airflow/.local/lib/python3.12/site-packages/airflow/example_dags/example_display_name.py for tasks to queue
[2024-09-12T14:31:19.629+0000] {logging_mixin.py:190} INFO - [2024-09-12T14:31:19.629+0000] {dagbag.py:587} INFO - Filling up the DagBag from /home/airflow/.local/lib/python3.12/site-packages/airflow/example_dags/example_display_name.py
[2024-09-12T14:31:19.637+0000] {processor.py:925} INFO - DAG(s) 'example_display_name' retrieved from /home/airflow/.local/lib/python3.12/site-packages/airflow/example_dags/example_display_name.py
[2024-09-12T14:31:19.657+0000] {logging_mixin.py:190} INFO - [2024-09-12T14:31:19.657+0000] {dag.py:3229} INFO - Sync 1 DAGs
[2024-09-12T14:31:19.672+0000] {logging_mixin.py:190} INFO - [2024-09-12T14:31:19.672+0000] {dag.py:4156} INFO - Setting next_dagrun for example_display_name to None, run_after=None
[2024-09-12T14:31:19.700+0000] {processor.py:208} INFO - Processing /home/airflow/.local/lib/python3.12/site-packages/airflow/example_dags/example_display_name.py took 0.081 seconds
[2024-09-12T14:31:51.298+0000] {processor.py:186} INFO - Started process (PID=1689) to work on /home/airflow/.local/lib/python3.12/site-packages/airflow/example_dags/example_display_name.py
[2024-09-12T14:31:51.299+0000] {processor.py:914} INFO - Processing file /home/airflow/.local/lib/python3.12/site-packages/airflow/example_dags/example_display_name.py for tasks to queue
[2024-09-12T14:31:51.302+0000] {logging_mixin.py:190} INFO - [2024-09-12T14:31:51.301+0000] {dagbag.py:587} INFO - Filling up the DagBag from /home/airflow/.local/lib/python3.12/site-packages/airflow/example_dags/example_display_name.py
[2024-09-12T14:31:51.312+0000] {processor.py:925} INFO - DAG(s) 'example_display_name' retrieved from /home/airflow/.local/lib/python3.12/site-packages/airflow/example_dags/example_display_name.py
[2024-09-12T14:31:51.339+0000] {logging_mixin.py:190} INFO - [2024-09-12T14:31:51.339+0000] {dag.py:3229} INFO - Sync 1 DAGs
[2024-09-12T14:31:51.362+0000] {logging_mixin.py:190} INFO - [2024-09-12T14:31:51.362+0000] {dag.py:4156} INFO - Setting next_dagrun for example_display_name to None, run_after=None
[2024-09-12T14:31:51.386+0000] {processor.py:208} INFO - Processing /home/airflow/.local/lib/python3.12/site-packages/airflow/example_dags/example_display_name.py took 0.096 seconds
[2024-09-12T14:32:22.343+0000] {processor.py:186} INFO - Started process (PID=1751) to work on /home/airflow/.local/lib/python3.12/site-packages/airflow/example_dags/example_display_name.py
[2024-09-12T14:32:22.344+0000] {processor.py:914} INFO - Processing file /home/airflow/.local/lib/python3.12/site-packages/airflow/example_dags/example_display_name.py for tasks to queue
[2024-09-12T14:32:22.347+0000] {logging_mixin.py:190} INFO - [2024-09-12T14:32:22.347+0000] {dagbag.py:587} INFO - Filling up the DagBag from /home/airflow/.local/lib/python3.12/site-packages/airflow/example_dags/example_display_name.py
[2024-09-12T14:32:22.356+0000] {processor.py:925} INFO - DAG(s) 'example_display_name' retrieved from /home/airflow/.local/lib/python3.12/site-packages/airflow/example_dags/example_display_name.py
[2024-09-12T14:32:22.379+0000] {logging_mixin.py:190} INFO - [2024-09-12T14:32:22.379+0000] {dag.py:3229} INFO - Sync 1 DAGs
[2024-09-12T14:32:22.398+0000] {logging_mixin.py:190} INFO - [2024-09-12T14:32:22.398+0000] {dag.py:4156} INFO - Setting next_dagrun for example_display_name to None, run_after=None
[2024-09-12T14:32:22.420+0000] {processor.py:208} INFO - Processing /home/airflow/.local/lib/python3.12/site-packages/airflow/example_dags/example_display_name.py took 0.084 seconds
[2024-09-12T14:32:53.113+0000] {processor.py:186} INFO - Started process (PID=1813) to work on /home/airflow/.local/lib/python3.12/site-packages/airflow/example_dags/example_display_name.py
[2024-09-12T14:32:53.115+0000] {processor.py:914} INFO - Processing file /home/airflow/.local/lib/python3.12/site-packages/airflow/example_dags/example_display_name.py for tasks to queue
[2024-09-12T14:32:53.118+0000] {logging_mixin.py:190} INFO - [2024-09-12T14:32:53.117+0000] {dagbag.py:587} INFO - Filling up the DagBag from /home/airflow/.local/lib/python3.12/site-packages/airflow/example_dags/example_display_name.py
[2024-09-12T14:32:53.128+0000] {processor.py:925} INFO - DAG(s) 'example_display_name' retrieved from /home/airflow/.local/lib/python3.12/site-packages/airflow/example_dags/example_display_name.py
[2024-09-12T14:32:53.155+0000] {logging_mixin.py:190} INFO - [2024-09-12T14:32:53.155+0000] {dag.py:3229} INFO - Sync 1 DAGs
[2024-09-12T14:32:53.175+0000] {logging_mixin.py:190} INFO - [2024-09-12T14:32:53.175+0000] {dag.py:4156} INFO - Setting next_dagrun for example_display_name to None, run_after=None
[2024-09-12T14:32:53.198+0000] {processor.py:208} INFO - Processing /home/airflow/.local/lib/python3.12/site-packages/airflow/example_dags/example_display_name.py took 0.092 seconds
[2024-09-12T14:33:55.377+0000] {processor.py:186} INFO - Started process (PID=1937) to work on /home/airflow/.local/lib/python3.12/site-packages/airflow/example_dags/example_display_name.py
[2024-09-12T14:33:55.378+0000] {processor.py:914} INFO - Processing file /home/airflow/.local/lib/python3.12/site-packages/airflow/example_dags/example_display_name.py for tasks to queue
[2024-09-12T14:33:55.381+0000] {logging_mixin.py:190} INFO - [2024-09-12T14:33:55.380+0000] {dagbag.py:587} INFO - Filling up the DagBag from /home/airflow/.local/lib/python3.12/site-packages/airflow/example_dags/example_display_name.py
[2024-09-12T14:33:55.390+0000] {processor.py:925} INFO - DAG(s) 'example_display_name' retrieved from /home/airflow/.local/lib/python3.12/site-packages/airflow/example_dags/example_display_name.py
[2024-09-12T14:33:55.421+0000] {logging_mixin.py:190} INFO - [2024-09-12T14:33:55.420+0000] {dag.py:3229} INFO - Sync 1 DAGs
[2024-09-12T14:33:55.443+0000] {logging_mixin.py:190} INFO - [2024-09-12T14:33:55.443+0000] {dag.py:4156} INFO - Setting next_dagrun for example_display_name to None, run_after=None
[2024-09-12T14:33:55.469+0000] {processor.py:208} INFO - Processing /home/airflow/.local/lib/python3.12/site-packages/airflow/example_dags/example_display_name.py took 0.100 seconds
[2024-09-12T14:34:25.882+0000] {processor.py:186} INFO - Started process (PID=1999) to work on /home/airflow/.local/lib/python3.12/site-packages/airflow/example_dags/example_display_name.py
[2024-09-12T14:34:25.884+0000] {processor.py:914} INFO - Processing file /home/airflow/.local/lib/python3.12/site-packages/airflow/example_dags/example_display_name.py for tasks to queue
[2024-09-12T14:34:25.887+0000] {logging_mixin.py:190} INFO - [2024-09-12T14:34:25.887+0000] {dagbag.py:587} INFO - Filling up the DagBag from /home/airflow/.local/lib/python3.12/site-packages/airflow/example_dags/example_display_name.py
[2024-09-12T14:34:25.898+0000] {processor.py:925} INFO - DAG(s) 'example_display_name' retrieved from /home/airflow/.local/lib/python3.12/site-packages/airflow/example_dags/example_display_name.py
[2024-09-12T14:34:25.931+0000] {logging_mixin.py:190} INFO - [2024-09-12T14:34:25.930+0000] {dag.py:3229} INFO - Sync 1 DAGs
[2024-09-12T14:34:25.953+0000] {logging_mixin.py:190} INFO - [2024-09-12T14:34:25.952+0000] {dag.py:4156} INFO - Setting next_dagrun for example_display_name to None, run_after=None
[2024-09-12T14:34:25.980+0000] {processor.py:208} INFO - Processing /home/airflow/.local/lib/python3.12/site-packages/airflow/example_dags/example_display_name.py took 0.106 seconds
[2024-09-12T14:34:56.596+0000] {processor.py:186} INFO - Started process (PID=2061) to work on /home/airflow/.local/lib/python3.12/site-packages/airflow/example_dags/example_display_name.py
[2024-09-12T14:34:56.597+0000] {processor.py:914} INFO - Processing file /home/airflow/.local/lib/python3.12/site-packages/airflow/example_dags/example_display_name.py for tasks to queue
[2024-09-12T14:34:56.600+0000] {logging_mixin.py:190} INFO - [2024-09-12T14:34:56.599+0000] {dagbag.py:587} INFO - Filling up the DagBag from /home/airflow/.local/lib/python3.12/site-packages/airflow/example_dags/example_display_name.py
[2024-09-12T14:34:56.609+0000] {processor.py:925} INFO - DAG(s) 'example_display_name' retrieved from /home/airflow/.local/lib/python3.12/site-packages/airflow/example_dags/example_display_name.py
[2024-09-12T14:34:56.635+0000] {logging_mixin.py:190} INFO - [2024-09-12T14:34:56.634+0000] {dag.py:3229} INFO - Sync 1 DAGs
[2024-09-12T14:34:56.655+0000] {logging_mixin.py:190} INFO - [2024-09-12T14:34:56.655+0000] {dag.py:4156} INFO - Setting next_dagrun for example_display_name to None, run_after=None
[2024-09-12T14:34:56.699+0000] {processor.py:208} INFO - Processing /home/airflow/.local/lib/python3.12/site-packages/airflow/example_dags/example_display_name.py took 0.110 seconds
[2024-09-12T14:35:26.794+0000] {processor.py:186} INFO - Started process (PID=2122) to work on /home/airflow/.local/lib/python3.12/site-packages/airflow/example_dags/example_display_name.py
[2024-09-12T14:35:26.795+0000] {processor.py:914} INFO - Processing file /home/airflow/.local/lib/python3.12/site-packages/airflow/example_dags/example_display_name.py for tasks to queue
[2024-09-12T14:35:26.798+0000] {logging_mixin.py:190} INFO - [2024-09-12T14:35:26.798+0000] {dagbag.py:587} INFO - Filling up the DagBag from /home/airflow/.local/lib/python3.12/site-packages/airflow/example_dags/example_display_name.py
[2024-09-12T14:35:26.808+0000] {processor.py:925} INFO - DAG(s) 'example_display_name' retrieved from /home/airflow/.local/lib/python3.12/site-packages/airflow/example_dags/example_display_name.py
[2024-09-12T14:35:26.835+0000] {logging_mixin.py:190} INFO - [2024-09-12T14:35:26.834+0000] {dag.py:3229} INFO - Sync 1 DAGs
[2024-09-12T14:35:26.854+0000] {logging_mixin.py:190} INFO - [2024-09-12T14:35:26.854+0000] {dag.py:4156} INFO - Setting next_dagrun for example_display_name to None, run_after=None
[2024-09-12T14:35:26.887+0000] {processor.py:208} INFO - Processing /home/airflow/.local/lib/python3.12/site-packages/airflow/example_dags/example_display_name.py took 0.100 seconds
