[2024-09-12T14:00:45.446+0000] {processor.py:186} INFO - Started process (PID=75) to work on /home/airflow/.local/lib/python3.12/site-packages/airflow/example_dags/example_dataset_alias_with_no_taskflow.py
[2024-09-12T14:00:45.447+0000] {processor.py:914} INFO - Processing file /home/airflow/.local/lib/python3.12/site-packages/airflow/example_dags/example_dataset_alias_with_no_taskflow.py for tasks to queue
[2024-09-12T14:00:45.450+0000] {logging_mixin.py:190} INFO - [2024-09-12T14:00:45.450+0000] {dagbag.py:587} INFO - Filling up the DagBag from /home/airflow/.local/lib/python3.12/site-packages/airflow/example_dags/example_dataset_alias_with_no_taskflow.py
[2024-09-12T14:00:47.692+0000] {processor.py:925} INFO - DAG(s) 'dataset_s3_bucket_consumer_with_no_taskflow', 'dataset_s3_bucket_producer_with_no_taskflow', 'dataset_alias_example_alias_consumer_with_no_taskflow', 'dataset_alias_example_alias_producer_with_no_taskflow' retrieved from /home/airflow/.local/lib/python3.12/site-packages/airflow/example_dags/example_dataset_alias_with_no_taskflow.py
[2024-09-12T14:00:48.193+0000] {logging_mixin.py:190} INFO - [2024-09-12T14:00:48.192+0000] {override.py:1900} INFO - Created Permission View: can read on DAG:dataset_s3_bucket_consumer_with_no_taskflow
[2024-09-12T14:00:48.207+0000] {logging_mixin.py:190} INFO - [2024-09-12T14:00:48.207+0000] {override.py:1900} INFO - Created Permission View: can delete on DAG:dataset_s3_bucket_consumer_with_no_taskflow
[2024-09-12T14:00:48.287+0000] {logging_mixin.py:190} INFO - [2024-09-12T14:00:48.286+0000] {override.py:1900} INFO - Created Permission View: can edit on DAG:dataset_s3_bucket_consumer_with_no_taskflow
[2024-09-12T14:00:48.296+0000] {logging_mixin.py:190} INFO - [2024-09-12T14:00:48.296+0000] {override.py:1900} INFO - Created Permission View: can read on DAG Run:dataset_s3_bucket_consumer_with_no_taskflow
[2024-09-12T14:00:48.308+0000] {logging_mixin.py:190} INFO - [2024-09-12T14:00:48.307+0000] {override.py:1900} INFO - Created Permission View: can create on DAG Run:dataset_s3_bucket_consumer_with_no_taskflow
[2024-09-12T14:00:48.317+0000] {logging_mixin.py:190} INFO - [2024-09-12T14:00:48.317+0000] {override.py:1900} INFO - Created Permission View: can delete on DAG Run:dataset_s3_bucket_consumer_with_no_taskflow
[2024-09-12T14:00:48.392+0000] {logging_mixin.py:190} INFO - [2024-09-12T14:00:48.392+0000] {override.py:1900} INFO - Created Permission View: menu access on DAG Run:dataset_s3_bucket_consumer_with_no_taskflow
[2024-09-12T14:00:48.411+0000] {logging_mixin.py:190} INFO - [2024-09-12T14:00:48.410+0000] {override.py:1900} INFO - Created Permission View: can read on DAG:dataset_s3_bucket_producer_with_no_taskflow
[2024-09-12T14:00:48.420+0000] {logging_mixin.py:190} INFO - [2024-09-12T14:00:48.419+0000] {override.py:1900} INFO - Created Permission View: can delete on DAG:dataset_s3_bucket_producer_with_no_taskflow
[2024-09-12T14:00:48.428+0000] {logging_mixin.py:190} INFO - [2024-09-12T14:00:48.427+0000] {override.py:1900} INFO - Created Permission View: can edit on DAG:dataset_s3_bucket_producer_with_no_taskflow
[2024-09-12T14:00:48.488+0000] {logging_mixin.py:190} INFO - [2024-09-12T14:00:48.488+0000] {override.py:1900} INFO - Created Permission View: can read on DAG Run:dataset_s3_bucket_producer_with_no_taskflow
[2024-09-12T14:00:48.496+0000] {logging_mixin.py:190} INFO - [2024-09-12T14:00:48.496+0000] {override.py:1900} INFO - Created Permission View: can create on DAG Run:dataset_s3_bucket_producer_with_no_taskflow
[2024-09-12T14:00:48.504+0000] {logging_mixin.py:190} INFO - [2024-09-12T14:00:48.504+0000] {override.py:1900} INFO - Created Permission View: can delete on DAG Run:dataset_s3_bucket_producer_with_no_taskflow
[2024-09-12T14:00:48.513+0000] {logging_mixin.py:190} INFO - [2024-09-12T14:00:48.512+0000] {override.py:1900} INFO - Created Permission View: menu access on DAG Run:dataset_s3_bucket_producer_with_no_taskflow
[2024-09-12T14:00:48.525+0000] {logging_mixin.py:190} INFO - [2024-09-12T14:00:48.525+0000] {override.py:1900} INFO - Created Permission View: can read on DAG:dataset_alias_example_alias_consumer_with_no_taskflow
[2024-09-12T14:00:48.585+0000] {logging_mixin.py:190} INFO - [2024-09-12T14:00:48.585+0000] {override.py:1900} INFO - Created Permission View: can delete on DAG:dataset_alias_example_alias_consumer_with_no_taskflow
[2024-09-12T14:00:48.592+0000] {logging_mixin.py:190} INFO - [2024-09-12T14:00:48.592+0000] {override.py:1900} INFO - Created Permission View: can edit on DAG:dataset_alias_example_alias_consumer_with_no_taskflow
[2024-09-12T14:00:48.600+0000] {logging_mixin.py:190} INFO - [2024-09-12T14:00:48.599+0000] {override.py:1900} INFO - Created Permission View: can read on DAG Run:dataset_alias_example_alias_consumer_with_no_taskflow
[2024-09-12T14:00:48.608+0000] {logging_mixin.py:190} INFO - [2024-09-12T14:00:48.608+0000] {override.py:1900} INFO - Created Permission View: can create on DAG Run:dataset_alias_example_alias_consumer_with_no_taskflow
[2024-09-12T14:00:48.616+0000] {logging_mixin.py:190} INFO - [2024-09-12T14:00:48.616+0000] {override.py:1900} INFO - Created Permission View: can delete on DAG Run:dataset_alias_example_alias_consumer_with_no_taskflow
[2024-09-12T14:00:48.624+0000] {logging_mixin.py:190} INFO - [2024-09-12T14:00:48.624+0000] {override.py:1900} INFO - Created Permission View: menu access on DAG Run:dataset_alias_example_alias_consumer_with_no_taskflow
[2024-09-12T14:00:48.691+0000] {logging_mixin.py:190} INFO - [2024-09-12T14:00:48.690+0000] {override.py:1900} INFO - Created Permission View: can read on DAG:dataset_alias_example_alias_producer_with_no_taskflow
[2024-09-12T14:00:48.697+0000] {logging_mixin.py:190} INFO - [2024-09-12T14:00:48.697+0000] {override.py:1900} INFO - Created Permission View: can delete on DAG:dataset_alias_example_alias_producer_with_no_taskflow
[2024-09-12T14:00:48.703+0000] {logging_mixin.py:190} INFO - [2024-09-12T14:00:48.703+0000] {override.py:1900} INFO - Created Permission View: can edit on DAG:dataset_alias_example_alias_producer_with_no_taskflow
[2024-09-12T14:00:48.711+0000] {logging_mixin.py:190} INFO - [2024-09-12T14:00:48.711+0000] {override.py:1900} INFO - Created Permission View: can read on DAG Run:dataset_alias_example_alias_producer_with_no_taskflow
[2024-09-12T14:00:48.719+0000] {logging_mixin.py:190} INFO - [2024-09-12T14:00:48.719+0000] {override.py:1900} INFO - Created Permission View: can create on DAG Run:dataset_alias_example_alias_producer_with_no_taskflow
[2024-09-12T14:00:48.727+0000] {logging_mixin.py:190} INFO - [2024-09-12T14:00:48.726+0000] {override.py:1900} INFO - Created Permission View: can delete on DAG Run:dataset_alias_example_alias_producer_with_no_taskflow
[2024-09-12T14:00:48.785+0000] {logging_mixin.py:190} INFO - [2024-09-12T14:00:48.785+0000] {override.py:1900} INFO - Created Permission View: menu access on DAG Run:dataset_alias_example_alias_producer_with_no_taskflow
[2024-09-12T14:00:48.786+0000] {logging_mixin.py:190} INFO - [2024-09-12T14:00:48.786+0000] {dag.py:3229} INFO - Sync 4 DAGs
[2024-09-12T14:00:48.815+0000] {logging_mixin.py:190} INFO - [2024-09-12T14:00:48.815+0000] {dag.py:3252} INFO - Creating ORM DAG for dataset_s3_bucket_producer_with_no_taskflow
[2024-09-12T14:00:48.816+0000] {logging_mixin.py:190} INFO - [2024-09-12T14:00:48.816+0000] {dag.py:3252} INFO - Creating ORM DAG for dataset_alias_example_alias_producer_with_no_taskflow
[2024-09-12T14:00:48.816+0000] {logging_mixin.py:190} INFO - [2024-09-12T14:00:48.816+0000] {dag.py:3252} INFO - Creating ORM DAG for dataset_alias_example_alias_consumer_with_no_taskflow
[2024-09-12T14:00:48.817+0000] {logging_mixin.py:190} INFO - [2024-09-12T14:00:48.817+0000] {dag.py:3252} INFO - Creating ORM DAG for dataset_s3_bucket_consumer_with_no_taskflow
[2024-09-12T14:00:48.890+0000] {logging_mixin.py:190} INFO - [2024-09-12T14:00:48.889+0000] {dag.py:4156} INFO - Setting next_dagrun for dataset_alias_example_alias_consumer_with_no_taskflow to None, run_after=None
[2024-09-12T14:00:48.891+0000] {logging_mixin.py:190} INFO - [2024-09-12T14:00:48.891+0000] {dag.py:4156} INFO - Setting next_dagrun for dataset_alias_example_alias_producer_with_no_taskflow to None, run_after=None
[2024-09-12T14:00:48.892+0000] {logging_mixin.py:190} INFO - [2024-09-12T14:00:48.892+0000] {dag.py:4156} INFO - Setting next_dagrun for dataset_s3_bucket_consumer_with_no_taskflow to None, run_after=None
[2024-09-12T14:00:48.893+0000] {logging_mixin.py:190} INFO - [2024-09-12T14:00:48.893+0000] {dag.py:4156} INFO - Setting next_dagrun for dataset_s3_bucket_producer_with_no_taskflow to None, run_after=None
[2024-09-12T14:00:48.989+0000] {processor.py:208} INFO - Processing /home/airflow/.local/lib/python3.12/site-packages/airflow/example_dags/example_dataset_alias_with_no_taskflow.py took 3.550 seconds
