[2024-09-12T14:00:57.183+0000] {processor.py:186} INFO - Started process (PID=100) to work on /home/airflow/.local/lib/python3.12/site-packages/airflow/example_dags/example_sla_dag.py
[2024-09-12T14:00:57.184+0000] {processor.py:914} INFO - Processing file /home/airflow/.local/lib/python3.12/site-packages/airflow/example_dags/example_sla_dag.py for tasks to queue
[2024-09-12T14:00:57.187+0000] {logging_mixin.py:190} INFO - [2024-09-12T14:00:57.187+0000] {dagbag.py:587} INFO - Filling up the DagBag from /home/airflow/.local/lib/python3.12/site-packages/airflow/example_dags/example_sla_dag.py
[2024-09-12T14:00:57.203+0000] {processor.py:925} INFO - DAG(s) 'example_sla_dag' retrieved from /home/airflow/.local/lib/python3.12/site-packages/airflow/example_dags/example_sla_dag.py
[2024-09-12T14:00:57.420+0000] {logging_mixin.py:190} INFO - [2024-09-12T14:00:57.419+0000] {override.py:1900} INFO - Created Permission View: can read on DAG:example_sla_dag
[2024-09-12T14:00:57.484+0000] {logging_mixin.py:190} INFO - [2024-09-12T14:00:57.483+0000] {override.py:1900} INFO - Created Permission View: can delete on DAG:example_sla_dag
[2024-09-12T14:00:57.492+0000] {logging_mixin.py:190} INFO - [2024-09-12T14:00:57.492+0000] {override.py:1900} INFO - Created Permission View: can edit on DAG:example_sla_dag
[2024-09-12T14:00:57.502+0000] {logging_mixin.py:190} INFO - [2024-09-12T14:00:57.501+0000] {override.py:1900} INFO - Created Permission View: can read on DAG Run:example_sla_dag
[2024-09-12T14:00:57.511+0000] {logging_mixin.py:190} INFO - [2024-09-12T14:00:57.511+0000] {override.py:1900} INFO - Created Permission View: can create on DAG Run:example_sla_dag
[2024-09-12T14:00:57.520+0000] {logging_mixin.py:190} INFO - [2024-09-12T14:00:57.520+0000] {override.py:1900} INFO - Created Permission View: can delete on DAG Run:example_sla_dag
[2024-09-12T14:00:57.528+0000] {logging_mixin.py:190} INFO - [2024-09-12T14:00:57.527+0000] {override.py:1900} INFO - Created Permission View: menu access on DAG Run:example_sla_dag
[2024-09-12T14:00:57.528+0000] {logging_mixin.py:190} INFO - [2024-09-12T14:00:57.528+0000] {dag.py:3229} INFO - Sync 1 DAGs
[2024-09-12T14:00:57.586+0000] {logging_mixin.py:190} INFO - [2024-09-12T14:00:57.586+0000] {dag.py:3252} INFO - Creating ORM DAG for example_sla_dag
[2024-09-12T14:00:57.602+0000] {logging_mixin.py:190} INFO - [2024-09-12T14:00:57.602+0000] {dag.py:4156} INFO - Setting next_dagrun for example_sla_dag to 2024-09-12 13:58:00+00:00, run_after=2024-09-12 14:00:00+00:00
[2024-09-12T14:00:57.622+0000] {processor.py:208} INFO - Processing /home/airflow/.local/lib/python3.12/site-packages/airflow/example_dags/example_sla_dag.py took 0.499 seconds
[2024-09-12T14:01:27.934+0000] {processor.py:186} INFO - Started process (PID=162) to work on /home/airflow/.local/lib/python3.12/site-packages/airflow/example_dags/example_sla_dag.py
[2024-09-12T14:01:27.935+0000] {processor.py:914} INFO - Processing file /home/airflow/.local/lib/python3.12/site-packages/airflow/example_dags/example_sla_dag.py for tasks to queue
[2024-09-12T14:01:27.938+0000] {logging_mixin.py:190} INFO - [2024-09-12T14:01:27.937+0000] {dagbag.py:587} INFO - Filling up the DagBag from /home/airflow/.local/lib/python3.12/site-packages/airflow/example_dags/example_sla_dag.py
[2024-09-12T14:01:27.950+0000] {processor.py:925} INFO - DAG(s) 'example_sla_dag' retrieved from /home/airflow/.local/lib/python3.12/site-packages/airflow/example_dags/example_sla_dag.py
[2024-09-12T14:01:27.974+0000] {logging_mixin.py:190} INFO - [2024-09-12T14:01:27.974+0000] {dag.py:3229} INFO - Sync 1 DAGs
[2024-09-12T14:01:28.006+0000] {logging_mixin.py:190} INFO - [2024-09-12T14:01:28.006+0000] {dag.py:4156} INFO - Setting next_dagrun for example_sla_dag to 2024-09-12 13:58:00+00:00, run_after=2024-09-12 14:00:00+00:00
[2024-09-12T14:01:28.029+0000] {processor.py:208} INFO - Processing /home/airflow/.local/lib/python3.12/site-packages/airflow/example_dags/example_sla_dag.py took 0.102 seconds
[2024-09-12T14:01:58.069+0000] {processor.py:186} INFO - Started process (PID=224) to work on /home/airflow/.local/lib/python3.12/site-packages/airflow/example_dags/example_sla_dag.py
[2024-09-12T14:01:58.070+0000] {processor.py:914} INFO - Processing file /home/airflow/.local/lib/python3.12/site-packages/airflow/example_dags/example_sla_dag.py for tasks to queue
[2024-09-12T14:01:58.072+0000] {logging_mixin.py:190} INFO - [2024-09-12T14:01:58.072+0000] {dagbag.py:587} INFO - Filling up the DagBag from /home/airflow/.local/lib/python3.12/site-packages/airflow/example_dags/example_sla_dag.py
[2024-09-12T14:01:58.083+0000] {processor.py:925} INFO - DAG(s) 'example_sla_dag' retrieved from /home/airflow/.local/lib/python3.12/site-packages/airflow/example_dags/example_sla_dag.py
[2024-09-12T14:01:58.105+0000] {logging_mixin.py:190} INFO - [2024-09-12T14:01:58.105+0000] {dag.py:3229} INFO - Sync 1 DAGs
[2024-09-12T14:01:58.133+0000] {logging_mixin.py:190} INFO - [2024-09-12T14:01:58.132+0000] {dag.py:4156} INFO - Setting next_dagrun for example_sla_dag to 2024-09-12 13:58:00+00:00, run_after=2024-09-12 14:00:00+00:00
[2024-09-12T14:01:58.150+0000] {processor.py:208} INFO - Processing /home/airflow/.local/lib/python3.12/site-packages/airflow/example_dags/example_sla_dag.py took 0.087 seconds
[2024-09-12T14:02:28.507+0000] {processor.py:186} INFO - Started process (PID=286) to work on /home/airflow/.local/lib/python3.12/site-packages/airflow/example_dags/example_sla_dag.py
[2024-09-12T14:02:28.508+0000] {processor.py:914} INFO - Processing file /home/airflow/.local/lib/python3.12/site-packages/airflow/example_dags/example_sla_dag.py for tasks to queue
[2024-09-12T14:02:28.510+0000] {logging_mixin.py:190} INFO - [2024-09-12T14:02:28.510+0000] {dagbag.py:587} INFO - Filling up the DagBag from /home/airflow/.local/lib/python3.12/site-packages/airflow/example_dags/example_sla_dag.py
[2024-09-12T14:02:28.521+0000] {processor.py:925} INFO - DAG(s) 'example_sla_dag' retrieved from /home/airflow/.local/lib/python3.12/site-packages/airflow/example_dags/example_sla_dag.py
[2024-09-12T14:02:28.543+0000] {logging_mixin.py:190} INFO - [2024-09-12T14:02:28.542+0000] {dag.py:3229} INFO - Sync 1 DAGs
[2024-09-12T14:02:28.569+0000] {logging_mixin.py:190} INFO - [2024-09-12T14:02:28.569+0000] {dag.py:4156} INFO - Setting next_dagrun for example_sla_dag to 2024-09-12 14:00:00+00:00, run_after=2024-09-12 14:02:00+00:00
[2024-09-12T14:02:28.588+0000] {processor.py:208} INFO - Processing /home/airflow/.local/lib/python3.12/site-packages/airflow/example_dags/example_sla_dag.py took 0.087 seconds
[2024-09-12T14:02:59.506+0000] {processor.py:186} INFO - Started process (PID=348) to work on /home/airflow/.local/lib/python3.12/site-packages/airflow/example_dags/example_sla_dag.py
[2024-09-12T14:02:59.508+0000] {processor.py:914} INFO - Processing file /home/airflow/.local/lib/python3.12/site-packages/airflow/example_dags/example_sla_dag.py for tasks to queue
[2024-09-12T14:02:59.510+0000] {logging_mixin.py:190} INFO - [2024-09-12T14:02:59.510+0000] {dagbag.py:587} INFO - Filling up the DagBag from /home/airflow/.local/lib/python3.12/site-packages/airflow/example_dags/example_sla_dag.py
[2024-09-12T14:02:59.522+0000] {processor.py:925} INFO - DAG(s) 'example_sla_dag' retrieved from /home/airflow/.local/lib/python3.12/site-packages/airflow/example_dags/example_sla_dag.py
[2024-09-12T14:02:59.547+0000] {logging_mixin.py:190} INFO - [2024-09-12T14:02:59.546+0000] {dag.py:3229} INFO - Sync 1 DAGs
[2024-09-12T14:02:59.591+0000] {logging_mixin.py:190} INFO - [2024-09-12T14:02:59.591+0000] {dag.py:4156} INFO - Setting next_dagrun for example_sla_dag to 2024-09-12 14:00:00+00:00, run_after=2024-09-12 14:02:00+00:00
[2024-09-12T14:02:59.614+0000] {processor.py:208} INFO - Processing /home/airflow/.local/lib/python3.12/site-packages/airflow/example_dags/example_sla_dag.py took 0.116 seconds
[2024-09-12T14:03:29.681+0000] {processor.py:186} INFO - Started process (PID=410) to work on /home/airflow/.local/lib/python3.12/site-packages/airflow/example_dags/example_sla_dag.py
[2024-09-12T14:03:29.682+0000] {processor.py:914} INFO - Processing file /home/airflow/.local/lib/python3.12/site-packages/airflow/example_dags/example_sla_dag.py for tasks to queue
[2024-09-12T14:03:29.685+0000] {logging_mixin.py:190} INFO - [2024-09-12T14:03:29.685+0000] {dagbag.py:587} INFO - Filling up the DagBag from /home/airflow/.local/lib/python3.12/site-packages/airflow/example_dags/example_sla_dag.py
[2024-09-12T14:03:29.697+0000] {processor.py:925} INFO - DAG(s) 'example_sla_dag' retrieved from /home/airflow/.local/lib/python3.12/site-packages/airflow/example_dags/example_sla_dag.py
[2024-09-12T14:03:29.720+0000] {logging_mixin.py:190} INFO - [2024-09-12T14:03:29.719+0000] {dag.py:3229} INFO - Sync 1 DAGs
[2024-09-12T14:03:29.748+0000] {logging_mixin.py:190} INFO - [2024-09-12T14:03:29.747+0000] {dag.py:4156} INFO - Setting next_dagrun for example_sla_dag to 2024-09-12 14:00:00+00:00, run_after=2024-09-12 14:02:00+00:00
[2024-09-12T14:03:29.769+0000] {processor.py:208} INFO - Processing /home/airflow/.local/lib/python3.12/site-packages/airflow/example_dags/example_sla_dag.py took 0.095 seconds
[2024-09-12T14:03:59.838+0000] {processor.py:186} INFO - Started process (PID=472) to work on /home/airflow/.local/lib/python3.12/site-packages/airflow/example_dags/example_sla_dag.py
[2024-09-12T14:03:59.839+0000] {processor.py:914} INFO - Processing file /home/airflow/.local/lib/python3.12/site-packages/airflow/example_dags/example_sla_dag.py for tasks to queue
[2024-09-12T14:03:59.842+0000] {logging_mixin.py:190} INFO - [2024-09-12T14:03:59.841+0000] {dagbag.py:587} INFO - Filling up the DagBag from /home/airflow/.local/lib/python3.12/site-packages/airflow/example_dags/example_sla_dag.py
[2024-09-12T14:03:59.853+0000] {processor.py:925} INFO - DAG(s) 'example_sla_dag' retrieved from /home/airflow/.local/lib/python3.12/site-packages/airflow/example_dags/example_sla_dag.py
[2024-09-12T14:03:59.875+0000] {logging_mixin.py:190} INFO - [2024-09-12T14:03:59.875+0000] {dag.py:3229} INFO - Sync 1 DAGs
[2024-09-12T14:03:59.903+0000] {logging_mixin.py:190} INFO - [2024-09-12T14:03:59.902+0000] {dag.py:4156} INFO - Setting next_dagrun for example_sla_dag to 2024-09-12 14:00:00+00:00, run_after=2024-09-12 14:02:00+00:00
[2024-09-12T14:03:59.921+0000] {processor.py:208} INFO - Processing /home/airflow/.local/lib/python3.12/site-packages/airflow/example_dags/example_sla_dag.py took 0.089 seconds
[2024-09-12T14:04:30.245+0000] {processor.py:186} INFO - Started process (PID=534) to work on /home/airflow/.local/lib/python3.12/site-packages/airflow/example_dags/example_sla_dag.py
[2024-09-12T14:04:30.246+0000] {processor.py:914} INFO - Processing file /home/airflow/.local/lib/python3.12/site-packages/airflow/example_dags/example_sla_dag.py for tasks to queue
[2024-09-12T14:04:30.249+0000] {logging_mixin.py:190} INFO - [2024-09-12T14:04:30.249+0000] {dagbag.py:587} INFO - Filling up the DagBag from /home/airflow/.local/lib/python3.12/site-packages/airflow/example_dags/example_sla_dag.py
[2024-09-12T14:04:30.260+0000] {processor.py:925} INFO - DAG(s) 'example_sla_dag' retrieved from /home/airflow/.local/lib/python3.12/site-packages/airflow/example_dags/example_sla_dag.py
[2024-09-12T14:04:30.282+0000] {logging_mixin.py:190} INFO - [2024-09-12T14:04:30.282+0000] {dag.py:3229} INFO - Sync 1 DAGs
[2024-09-12T14:04:30.311+0000] {logging_mixin.py:190} INFO - [2024-09-12T14:04:30.311+0000] {dag.py:4156} INFO - Setting next_dagrun for example_sla_dag to 2024-09-12 14:02:00+00:00, run_after=2024-09-12 14:04:00+00:00
[2024-09-12T14:04:30.332+0000] {processor.py:208} INFO - Processing /home/airflow/.local/lib/python3.12/site-packages/airflow/example_dags/example_sla_dag.py took 0.093 seconds
[2024-09-12T14:05:01.011+0000] {processor.py:186} INFO - Started process (PID=596) to work on /home/airflow/.local/lib/python3.12/site-packages/airflow/example_dags/example_sla_dag.py
[2024-09-12T14:05:01.012+0000] {processor.py:914} INFO - Processing file /home/airflow/.local/lib/python3.12/site-packages/airflow/example_dags/example_sla_dag.py for tasks to queue
[2024-09-12T14:05:01.015+0000] {logging_mixin.py:190} INFO - [2024-09-12T14:05:01.014+0000] {dagbag.py:587} INFO - Filling up the DagBag from /home/airflow/.local/lib/python3.12/site-packages/airflow/example_dags/example_sla_dag.py
[2024-09-12T14:05:01.025+0000] {processor.py:925} INFO - DAG(s) 'example_sla_dag' retrieved from /home/airflow/.local/lib/python3.12/site-packages/airflow/example_dags/example_sla_dag.py
[2024-09-12T14:05:01.045+0000] {logging_mixin.py:190} INFO - [2024-09-12T14:05:01.044+0000] {dag.py:3229} INFO - Sync 1 DAGs
[2024-09-12T14:05:01.071+0000] {logging_mixin.py:190} INFO - [2024-09-12T14:05:01.071+0000] {dag.py:4156} INFO - Setting next_dagrun for example_sla_dag to 2024-09-12 14:02:00+00:00, run_after=2024-09-12 14:04:00+00:00
[2024-09-12T14:05:01.088+0000] {processor.py:208} INFO - Processing /home/airflow/.local/lib/python3.12/site-packages/airflow/example_dags/example_sla_dag.py took 0.083 seconds
[2024-09-12T14:05:31.753+0000] {processor.py:186} INFO - Started process (PID=658) to work on /home/airflow/.local/lib/python3.12/site-packages/airflow/example_dags/example_sla_dag.py
[2024-09-12T14:05:31.755+0000] {processor.py:914} INFO - Processing file /home/airflow/.local/lib/python3.12/site-packages/airflow/example_dags/example_sla_dag.py for tasks to queue
[2024-09-12T14:05:31.782+0000] {logging_mixin.py:190} INFO - [2024-09-12T14:05:31.781+0000] {dagbag.py:587} INFO - Filling up the DagBag from /home/airflow/.local/lib/python3.12/site-packages/airflow/example_dags/example_sla_dag.py
[2024-09-12T14:05:31.793+0000] {processor.py:925} INFO - DAG(s) 'example_sla_dag' retrieved from /home/airflow/.local/lib/python3.12/site-packages/airflow/example_dags/example_sla_dag.py
[2024-09-12T14:05:31.813+0000] {logging_mixin.py:190} INFO - [2024-09-12T14:05:31.813+0000] {dag.py:3229} INFO - Sync 1 DAGs
[2024-09-12T14:05:31.886+0000] {logging_mixin.py:190} INFO - [2024-09-12T14:05:31.886+0000] {dag.py:4156} INFO - Setting next_dagrun for example_sla_dag to 2024-09-12 14:02:00+00:00, run_after=2024-09-12 14:04:00+00:00
[2024-09-12T14:05:31.905+0000] {processor.py:208} INFO - Processing /home/airflow/.local/lib/python3.12/site-packages/airflow/example_dags/example_sla_dag.py took 0.158 seconds
[2024-09-12T14:06:02.077+0000] {processor.py:186} INFO - Started process (PID=720) to work on /home/airflow/.local/lib/python3.12/site-packages/airflow/example_dags/example_sla_dag.py
[2024-09-12T14:06:02.079+0000] {processor.py:914} INFO - Processing file /home/airflow/.local/lib/python3.12/site-packages/airflow/example_dags/example_sla_dag.py for tasks to queue
[2024-09-12T14:06:02.081+0000] {logging_mixin.py:190} INFO - [2024-09-12T14:06:02.081+0000] {dagbag.py:587} INFO - Filling up the DagBag from /home/airflow/.local/lib/python3.12/site-packages/airflow/example_dags/example_sla_dag.py
[2024-09-12T14:06:02.092+0000] {processor.py:925} INFO - DAG(s) 'example_sla_dag' retrieved from /home/airflow/.local/lib/python3.12/site-packages/airflow/example_dags/example_sla_dag.py
[2024-09-12T14:06:02.114+0000] {logging_mixin.py:190} INFO - [2024-09-12T14:06:02.114+0000] {dag.py:3229} INFO - Sync 1 DAGs
[2024-09-12T14:06:02.144+0000] {logging_mixin.py:190} INFO - [2024-09-12T14:06:02.144+0000] {dag.py:4156} INFO - Setting next_dagrun for example_sla_dag to 2024-09-12 14:04:00+00:00, run_after=2024-09-12 14:06:00+00:00
[2024-09-12T14:06:02.165+0000] {processor.py:208} INFO - Processing /home/airflow/.local/lib/python3.12/site-packages/airflow/example_dags/example_sla_dag.py took 0.094 seconds
[2024-09-12T14:06:32.679+0000] {processor.py:186} INFO - Started process (PID=782) to work on /home/airflow/.local/lib/python3.12/site-packages/airflow/example_dags/example_sla_dag.py
[2024-09-12T14:06:32.680+0000] {processor.py:914} INFO - Processing file /home/airflow/.local/lib/python3.12/site-packages/airflow/example_dags/example_sla_dag.py for tasks to queue
[2024-09-12T14:06:32.683+0000] {logging_mixin.py:190} INFO - [2024-09-12T14:06:32.682+0000] {dagbag.py:587} INFO - Filling up the DagBag from /home/airflow/.local/lib/python3.12/site-packages/airflow/example_dags/example_sla_dag.py
[2024-09-12T14:06:32.693+0000] {processor.py:925} INFO - DAG(s) 'example_sla_dag' retrieved from /home/airflow/.local/lib/python3.12/site-packages/airflow/example_dags/example_sla_dag.py
[2024-09-12T14:06:32.718+0000] {logging_mixin.py:190} INFO - [2024-09-12T14:06:32.718+0000] {dag.py:3229} INFO - Sync 1 DAGs
[2024-09-12T14:06:32.755+0000] {logging_mixin.py:190} INFO - [2024-09-12T14:06:32.755+0000] {dag.py:4156} INFO - Setting next_dagrun for example_sla_dag to 2024-09-12 14:04:00+00:00, run_after=2024-09-12 14:06:00+00:00
[2024-09-12T14:06:32.779+0000] {processor.py:208} INFO - Processing /home/airflow/.local/lib/python3.12/site-packages/airflow/example_dags/example_sla_dag.py took 0.107 seconds
[2024-09-12T14:07:02.949+0000] {processor.py:186} INFO - Started process (PID=844) to work on /home/airflow/.local/lib/python3.12/site-packages/airflow/example_dags/example_sla_dag.py
[2024-09-12T14:07:02.950+0000] {processor.py:914} INFO - Processing file /home/airflow/.local/lib/python3.12/site-packages/airflow/example_dags/example_sla_dag.py for tasks to queue
[2024-09-12T14:07:02.952+0000] {logging_mixin.py:190} INFO - [2024-09-12T14:07:02.952+0000] {dagbag.py:587} INFO - Filling up the DagBag from /home/airflow/.local/lib/python3.12/site-packages/airflow/example_dags/example_sla_dag.py
[2024-09-12T14:07:02.964+0000] {processor.py:925} INFO - DAG(s) 'example_sla_dag' retrieved from /home/airflow/.local/lib/python3.12/site-packages/airflow/example_dags/example_sla_dag.py
[2024-09-12T14:07:02.989+0000] {logging_mixin.py:190} INFO - [2024-09-12T14:07:02.988+0000] {dag.py:3229} INFO - Sync 1 DAGs
[2024-09-12T14:07:03.022+0000] {logging_mixin.py:190} INFO - [2024-09-12T14:07:03.021+0000] {dag.py:4156} INFO - Setting next_dagrun for example_sla_dag to 2024-09-12 14:04:00+00:00, run_after=2024-09-12 14:06:00+00:00
[2024-09-12T14:07:03.043+0000] {processor.py:208} INFO - Processing /home/airflow/.local/lib/python3.12/site-packages/airflow/example_dags/example_sla_dag.py took 0.100 seconds
[2024-09-12T14:07:33.499+0000] {processor.py:186} INFO - Started process (PID=912) to work on /home/airflow/.local/lib/python3.12/site-packages/airflow/example_dags/example_sla_dag.py
[2024-09-12T14:07:33.500+0000] {processor.py:914} INFO - Processing file /home/airflow/.local/lib/python3.12/site-packages/airflow/example_dags/example_sla_dag.py for tasks to queue
[2024-09-12T14:07:33.503+0000] {logging_mixin.py:190} INFO - [2024-09-12T14:07:33.502+0000] {dagbag.py:587} INFO - Filling up the DagBag from /home/airflow/.local/lib/python3.12/site-packages/airflow/example_dags/example_sla_dag.py
[2024-09-12T14:07:33.514+0000] {processor.py:925} INFO - DAG(s) 'example_sla_dag' retrieved from /home/airflow/.local/lib/python3.12/site-packages/airflow/example_dags/example_sla_dag.py
[2024-09-12T14:07:33.539+0000] {logging_mixin.py:190} INFO - [2024-09-12T14:07:33.539+0000] {dag.py:3229} INFO - Sync 1 DAGs
[2024-09-12T14:07:33.574+0000] {logging_mixin.py:190} INFO - [2024-09-12T14:07:33.573+0000] {dag.py:4156} INFO - Setting next_dagrun for example_sla_dag to 2024-09-12 14:04:00+00:00, run_after=2024-09-12 14:06:00+00:00
[2024-09-12T14:07:33.590+0000] {processor.py:208} INFO - Processing /home/airflow/.local/lib/python3.12/site-packages/airflow/example_dags/example_sla_dag.py took 0.098 seconds
[2024-09-12T14:08:05.507+0000] {processor.py:186} INFO - Started process (PID=974) to work on /home/airflow/.local/lib/python3.12/site-packages/airflow/example_dags/example_sla_dag.py
[2024-09-12T14:08:05.508+0000] {processor.py:914} INFO - Processing file /home/airflow/.local/lib/python3.12/site-packages/airflow/example_dags/example_sla_dag.py for tasks to queue
[2024-09-12T14:08:05.511+0000] {logging_mixin.py:190} INFO - [2024-09-12T14:08:05.510+0000] {dagbag.py:587} INFO - Filling up the DagBag from /home/airflow/.local/lib/python3.12/site-packages/airflow/example_dags/example_sla_dag.py
[2024-09-12T14:08:05.591+0000] {processor.py:925} INFO - DAG(s) 'example_sla_dag' retrieved from /home/airflow/.local/lib/python3.12/site-packages/airflow/example_dags/example_sla_dag.py
[2024-09-12T14:08:05.689+0000] {logging_mixin.py:190} INFO - [2024-09-12T14:08:05.688+0000] {dag.py:3229} INFO - Sync 1 DAGs
[2024-09-12T14:08:05.787+0000] {logging_mixin.py:190} INFO - [2024-09-12T14:08:05.786+0000] {dag.py:4156} INFO - Setting next_dagrun for example_sla_dag to 2024-09-12 14:06:00+00:00, run_after=2024-09-12 14:08:00+00:00
[2024-09-12T14:08:05.807+0000] {processor.py:208} INFO - Processing /home/airflow/.local/lib/python3.12/site-packages/airflow/example_dags/example_sla_dag.py took 0.307 seconds
[2024-09-12T14:08:35.960+0000] {processor.py:186} INFO - Started process (PID=1036) to work on /home/airflow/.local/lib/python3.12/site-packages/airflow/example_dags/example_sla_dag.py
[2024-09-12T14:08:35.961+0000] {processor.py:914} INFO - Processing file /home/airflow/.local/lib/python3.12/site-packages/airflow/example_dags/example_sla_dag.py for tasks to queue
[2024-09-12T14:08:35.964+0000] {logging_mixin.py:190} INFO - [2024-09-12T14:08:35.963+0000] {dagbag.py:587} INFO - Filling up the DagBag from /home/airflow/.local/lib/python3.12/site-packages/airflow/example_dags/example_sla_dag.py
[2024-09-12T14:08:35.991+0000] {processor.py:925} INFO - DAG(s) 'example_sla_dag' retrieved from /home/airflow/.local/lib/python3.12/site-packages/airflow/example_dags/example_sla_dag.py
[2024-09-12T14:08:36.010+0000] {logging_mixin.py:190} INFO - [2024-09-12T14:08:36.010+0000] {dag.py:3229} INFO - Sync 1 DAGs
[2024-09-12T14:08:36.034+0000] {logging_mixin.py:190} INFO - [2024-09-12T14:08:36.034+0000] {dag.py:4156} INFO - Setting next_dagrun for example_sla_dag to 2024-09-12 14:06:00+00:00, run_after=2024-09-12 14:08:00+00:00
[2024-09-12T14:08:36.053+0000] {processor.py:208} INFO - Processing /home/airflow/.local/lib/python3.12/site-packages/airflow/example_dags/example_sla_dag.py took 0.099 seconds
[2024-09-12T14:09:06.998+0000] {processor.py:186} INFO - Started process (PID=1098) to work on /home/airflow/.local/lib/python3.12/site-packages/airflow/example_dags/example_sla_dag.py
[2024-09-12T14:09:06.999+0000] {processor.py:914} INFO - Processing file /home/airflow/.local/lib/python3.12/site-packages/airflow/example_dags/example_sla_dag.py for tasks to queue
[2024-09-12T14:09:07.002+0000] {logging_mixin.py:190} INFO - [2024-09-12T14:09:07.001+0000] {dagbag.py:587} INFO - Filling up the DagBag from /home/airflow/.local/lib/python3.12/site-packages/airflow/example_dags/example_sla_dag.py
[2024-09-12T14:09:07.012+0000] {processor.py:925} INFO - DAG(s) 'example_sla_dag' retrieved from /home/airflow/.local/lib/python3.12/site-packages/airflow/example_dags/example_sla_dag.py
[2024-09-12T14:09:07.032+0000] {logging_mixin.py:190} INFO - [2024-09-12T14:09:07.032+0000] {dag.py:3229} INFO - Sync 1 DAGs
[2024-09-12T14:09:07.061+0000] {logging_mixin.py:190} INFO - [2024-09-12T14:09:07.061+0000] {dag.py:4156} INFO - Setting next_dagrun for example_sla_dag to 2024-09-12 14:06:00+00:00, run_after=2024-09-12 14:08:00+00:00
[2024-09-12T14:09:07.090+0000] {processor.py:208} INFO - Processing /home/airflow/.local/lib/python3.12/site-packages/airflow/example_dags/example_sla_dag.py took 0.098 seconds
[2024-09-12T14:09:37.422+0000] {processor.py:186} INFO - Started process (PID=1160) to work on /home/airflow/.local/lib/python3.12/site-packages/airflow/example_dags/example_sla_dag.py
[2024-09-12T14:09:37.423+0000] {processor.py:914} INFO - Processing file /home/airflow/.local/lib/python3.12/site-packages/airflow/example_dags/example_sla_dag.py for tasks to queue
[2024-09-12T14:09:37.425+0000] {logging_mixin.py:190} INFO - [2024-09-12T14:09:37.425+0000] {dagbag.py:587} INFO - Filling up the DagBag from /home/airflow/.local/lib/python3.12/site-packages/airflow/example_dags/example_sla_dag.py
[2024-09-12T14:09:37.437+0000] {processor.py:925} INFO - DAG(s) 'example_sla_dag' retrieved from /home/airflow/.local/lib/python3.12/site-packages/airflow/example_dags/example_sla_dag.py
[2024-09-12T14:09:37.496+0000] {logging_mixin.py:190} INFO - [2024-09-12T14:09:37.496+0000] {dag.py:3229} INFO - Sync 1 DAGs
[2024-09-12T14:09:37.524+0000] {logging_mixin.py:190} INFO - [2024-09-12T14:09:37.523+0000] {dag.py:4156} INFO - Setting next_dagrun for example_sla_dag to 2024-09-12 14:06:00+00:00, run_after=2024-09-12 14:08:00+00:00
[2024-09-12T14:09:37.542+0000] {processor.py:208} INFO - Processing /home/airflow/.local/lib/python3.12/site-packages/airflow/example_dags/example_sla_dag.py took 0.127 seconds
[2024-09-12T14:10:08.075+0000] {processor.py:186} INFO - Started process (PID=1222) to work on /home/airflow/.local/lib/python3.12/site-packages/airflow/example_dags/example_sla_dag.py
[2024-09-12T14:10:08.082+0000] {processor.py:914} INFO - Processing file /home/airflow/.local/lib/python3.12/site-packages/airflow/example_dags/example_sla_dag.py for tasks to queue
[2024-09-12T14:10:08.084+0000] {logging_mixin.py:190} INFO - [2024-09-12T14:10:08.084+0000] {dagbag.py:587} INFO - Filling up the DagBag from /home/airflow/.local/lib/python3.12/site-packages/airflow/example_dags/example_sla_dag.py
[2024-09-12T14:10:08.095+0000] {processor.py:925} INFO - DAG(s) 'example_sla_dag' retrieved from /home/airflow/.local/lib/python3.12/site-packages/airflow/example_dags/example_sla_dag.py
[2024-09-12T14:10:08.116+0000] {logging_mixin.py:190} INFO - [2024-09-12T14:10:08.116+0000] {dag.py:3229} INFO - Sync 1 DAGs
[2024-09-12T14:10:08.141+0000] {logging_mixin.py:190} INFO - [2024-09-12T14:10:08.141+0000] {dag.py:4156} INFO - Setting next_dagrun for example_sla_dag to 2024-09-12 14:08:00+00:00, run_after=2024-09-12 14:10:00+00:00
[2024-09-12T14:10:08.160+0000] {processor.py:208} INFO - Processing /home/airflow/.local/lib/python3.12/site-packages/airflow/example_dags/example_sla_dag.py took 0.093 seconds
[2024-09-12T14:10:38.330+0000] {processor.py:186} INFO - Started process (PID=1284) to work on /home/airflow/.local/lib/python3.12/site-packages/airflow/example_dags/example_sla_dag.py
[2024-09-12T14:10:38.331+0000] {processor.py:914} INFO - Processing file /home/airflow/.local/lib/python3.12/site-packages/airflow/example_dags/example_sla_dag.py for tasks to queue
[2024-09-12T14:10:38.335+0000] {logging_mixin.py:190} INFO - [2024-09-12T14:10:38.335+0000] {dagbag.py:587} INFO - Filling up the DagBag from /home/airflow/.local/lib/python3.12/site-packages/airflow/example_dags/example_sla_dag.py
[2024-09-12T14:10:38.347+0000] {processor.py:925} INFO - DAG(s) 'example_sla_dag' retrieved from /home/airflow/.local/lib/python3.12/site-packages/airflow/example_dags/example_sla_dag.py
[2024-09-12T14:10:38.371+0000] {logging_mixin.py:190} INFO - [2024-09-12T14:10:38.371+0000] {dag.py:3229} INFO - Sync 1 DAGs
[2024-09-12T14:10:38.402+0000] {logging_mixin.py:190} INFO - [2024-09-12T14:10:38.401+0000] {dag.py:4156} INFO - Setting next_dagrun for example_sla_dag to 2024-09-12 14:08:00+00:00, run_after=2024-09-12 14:10:00+00:00
[2024-09-12T14:10:38.419+0000] {processor.py:208} INFO - Processing /home/airflow/.local/lib/python3.12/site-packages/airflow/example_dags/example_sla_dag.py took 0.095 seconds
[2024-09-12T14:11:09.768+0000] {processor.py:186} INFO - Started process (PID=1346) to work on /home/airflow/.local/lib/python3.12/site-packages/airflow/example_dags/example_sla_dag.py
[2024-09-12T14:11:09.770+0000] {processor.py:914} INFO - Processing file /home/airflow/.local/lib/python3.12/site-packages/airflow/example_dags/example_sla_dag.py for tasks to queue
[2024-09-12T14:11:09.772+0000] {logging_mixin.py:190} INFO - [2024-09-12T14:11:09.771+0000] {dagbag.py:587} INFO - Filling up the DagBag from /home/airflow/.local/lib/python3.12/site-packages/airflow/example_dags/example_sla_dag.py
[2024-09-12T14:11:09.783+0000] {processor.py:925} INFO - DAG(s) 'example_sla_dag' retrieved from /home/airflow/.local/lib/python3.12/site-packages/airflow/example_dags/example_sla_dag.py
[2024-09-12T14:11:09.805+0000] {logging_mixin.py:190} INFO - [2024-09-12T14:11:09.805+0000] {dag.py:3229} INFO - Sync 1 DAGs
[2024-09-12T14:11:09.832+0000] {logging_mixin.py:190} INFO - [2024-09-12T14:11:09.831+0000] {dag.py:4156} INFO - Setting next_dagrun for example_sla_dag to 2024-09-12 14:08:00+00:00, run_after=2024-09-12 14:10:00+00:00
[2024-09-12T14:11:09.852+0000] {processor.py:208} INFO - Processing /home/airflow/.local/lib/python3.12/site-packages/airflow/example_dags/example_sla_dag.py took 0.089 seconds
[2024-09-12T14:11:40.396+0000] {processor.py:186} INFO - Started process (PID=1408) to work on /home/airflow/.local/lib/python3.12/site-packages/airflow/example_dags/example_sla_dag.py
[2024-09-12T14:11:40.397+0000] {processor.py:914} INFO - Processing file /home/airflow/.local/lib/python3.12/site-packages/airflow/example_dags/example_sla_dag.py for tasks to queue
[2024-09-12T14:11:40.400+0000] {logging_mixin.py:190} INFO - [2024-09-12T14:11:40.399+0000] {dagbag.py:587} INFO - Filling up the DagBag from /home/airflow/.local/lib/python3.12/site-packages/airflow/example_dags/example_sla_dag.py
[2024-09-12T14:11:40.413+0000] {processor.py:925} INFO - DAG(s) 'example_sla_dag' retrieved from /home/airflow/.local/lib/python3.12/site-packages/airflow/example_dags/example_sla_dag.py
[2024-09-12T14:11:40.435+0000] {logging_mixin.py:190} INFO - [2024-09-12T14:11:40.435+0000] {dag.py:3229} INFO - Sync 1 DAGs
[2024-09-12T14:11:40.462+0000] {logging_mixin.py:190} INFO - [2024-09-12T14:11:40.461+0000] {dag.py:4156} INFO - Setting next_dagrun for example_sla_dag to 2024-09-12 14:08:00+00:00, run_after=2024-09-12 14:10:00+00:00
[2024-09-12T14:11:40.477+0000] {processor.py:208} INFO - Processing /home/airflow/.local/lib/python3.12/site-packages/airflow/example_dags/example_sla_dag.py took 0.089 seconds
[2024-09-12T14:12:10.735+0000] {processor.py:186} INFO - Started process (PID=1470) to work on /home/airflow/.local/lib/python3.12/site-packages/airflow/example_dags/example_sla_dag.py
[2024-09-12T14:12:10.736+0000] {processor.py:914} INFO - Processing file /home/airflow/.local/lib/python3.12/site-packages/airflow/example_dags/example_sla_dag.py for tasks to queue
[2024-09-12T14:12:10.739+0000] {logging_mixin.py:190} INFO - [2024-09-12T14:12:10.739+0000] {dagbag.py:587} INFO - Filling up the DagBag from /home/airflow/.local/lib/python3.12/site-packages/airflow/example_dags/example_sla_dag.py
[2024-09-12T14:12:10.751+0000] {processor.py:925} INFO - DAG(s) 'example_sla_dag' retrieved from /home/airflow/.local/lib/python3.12/site-packages/airflow/example_dags/example_sla_dag.py
[2024-09-12T14:12:10.781+0000] {logging_mixin.py:190} INFO - [2024-09-12T14:12:10.781+0000] {dag.py:3229} INFO - Sync 1 DAGs
[2024-09-12T14:12:10.813+0000] {logging_mixin.py:190} INFO - [2024-09-12T14:12:10.812+0000] {dag.py:4156} INFO - Setting next_dagrun for example_sla_dag to 2024-09-12 14:10:00+00:00, run_after=2024-09-12 14:12:00+00:00
[2024-09-12T14:12:10.833+0000] {processor.py:208} INFO - Processing /home/airflow/.local/lib/python3.12/site-packages/airflow/example_dags/example_sla_dag.py took 0.105 seconds
[2024-09-12T14:12:42.107+0000] {processor.py:186} INFO - Started process (PID=1532) to work on /home/airflow/.local/lib/python3.12/site-packages/airflow/example_dags/example_sla_dag.py
[2024-09-12T14:12:42.108+0000] {processor.py:914} INFO - Processing file /home/airflow/.local/lib/python3.12/site-packages/airflow/example_dags/example_sla_dag.py for tasks to queue
[2024-09-12T14:12:42.110+0000] {logging_mixin.py:190} INFO - [2024-09-12T14:12:42.110+0000] {dagbag.py:587} INFO - Filling up the DagBag from /home/airflow/.local/lib/python3.12/site-packages/airflow/example_dags/example_sla_dag.py
[2024-09-12T14:12:42.120+0000] {processor.py:925} INFO - DAG(s) 'example_sla_dag' retrieved from /home/airflow/.local/lib/python3.12/site-packages/airflow/example_dags/example_sla_dag.py
[2024-09-12T14:12:42.186+0000] {logging_mixin.py:190} INFO - [2024-09-12T14:12:42.186+0000] {dag.py:3229} INFO - Sync 1 DAGs
[2024-09-12T14:12:42.213+0000] {logging_mixin.py:190} INFO - [2024-09-12T14:12:42.213+0000] {dag.py:4156} INFO - Setting next_dagrun for example_sla_dag to 2024-09-12 14:10:00+00:00, run_after=2024-09-12 14:12:00+00:00
[2024-09-12T14:12:42.235+0000] {processor.py:208} INFO - Processing /home/airflow/.local/lib/python3.12/site-packages/airflow/example_dags/example_sla_dag.py took 0.135 seconds
[2024-09-12T14:13:13.285+0000] {processor.py:186} INFO - Started process (PID=1594) to work on /home/airflow/.local/lib/python3.12/site-packages/airflow/example_dags/example_sla_dag.py
[2024-09-12T14:13:13.287+0000] {processor.py:914} INFO - Processing file /home/airflow/.local/lib/python3.12/site-packages/airflow/example_dags/example_sla_dag.py for tasks to queue
[2024-09-12T14:13:13.290+0000] {logging_mixin.py:190} INFO - [2024-09-12T14:13:13.289+0000] {dagbag.py:587} INFO - Filling up the DagBag from /home/airflow/.local/lib/python3.12/site-packages/airflow/example_dags/example_sla_dag.py
[2024-09-12T14:13:13.304+0000] {processor.py:925} INFO - DAG(s) 'example_sla_dag' retrieved from /home/airflow/.local/lib/python3.12/site-packages/airflow/example_dags/example_sla_dag.py
[2024-09-12T14:13:13.405+0000] {logging_mixin.py:190} INFO - [2024-09-12T14:13:13.404+0000] {dag.py:3229} INFO - Sync 1 DAGs
[2024-09-12T14:13:13.498+0000] {logging_mixin.py:190} INFO - [2024-09-12T14:13:13.497+0000] {dag.py:4156} INFO - Setting next_dagrun for example_sla_dag to 2024-09-12 14:10:00+00:00, run_after=2024-09-12 14:12:00+00:00
[2024-09-12T14:13:13.521+0000] {processor.py:208} INFO - Processing /home/airflow/.local/lib/python3.12/site-packages/airflow/example_dags/example_sla_dag.py took 0.301 seconds
[2024-09-12T14:13:44.411+0000] {processor.py:186} INFO - Started process (PID=1656) to work on /home/airflow/.local/lib/python3.12/site-packages/airflow/example_dags/example_sla_dag.py
[2024-09-12T14:13:44.412+0000] {processor.py:914} INFO - Processing file /home/airflow/.local/lib/python3.12/site-packages/airflow/example_dags/example_sla_dag.py for tasks to queue
[2024-09-12T14:13:44.415+0000] {logging_mixin.py:190} INFO - [2024-09-12T14:13:44.414+0000] {dagbag.py:587} INFO - Filling up the DagBag from /home/airflow/.local/lib/python3.12/site-packages/airflow/example_dags/example_sla_dag.py
[2024-09-12T14:13:44.426+0000] {processor.py:925} INFO - DAG(s) 'example_sla_dag' retrieved from /home/airflow/.local/lib/python3.12/site-packages/airflow/example_dags/example_sla_dag.py
[2024-09-12T14:13:44.450+0000] {logging_mixin.py:190} INFO - [2024-09-12T14:13:44.449+0000] {dag.py:3229} INFO - Sync 1 DAGs
[2024-09-12T14:13:44.490+0000] {logging_mixin.py:190} INFO - [2024-09-12T14:13:44.484+0000] {dag.py:4156} INFO - Setting next_dagrun for example_sla_dag to 2024-09-12 14:10:00+00:00, run_after=2024-09-12 14:12:00+00:00
[2024-09-12T14:13:44.520+0000] {processor.py:208} INFO - Processing /home/airflow/.local/lib/python3.12/site-packages/airflow/example_dags/example_sla_dag.py took 0.126 seconds
[2024-09-12T14:14:14.855+0000] {processor.py:186} INFO - Started process (PID=1718) to work on /home/airflow/.local/lib/python3.12/site-packages/airflow/example_dags/example_sla_dag.py
[2024-09-12T14:14:14.856+0000] {processor.py:914} INFO - Processing file /home/airflow/.local/lib/python3.12/site-packages/airflow/example_dags/example_sla_dag.py for tasks to queue
[2024-09-12T14:14:14.858+0000] {logging_mixin.py:190} INFO - [2024-09-12T14:14:14.858+0000] {dagbag.py:587} INFO - Filling up the DagBag from /home/airflow/.local/lib/python3.12/site-packages/airflow/example_dags/example_sla_dag.py
[2024-09-12T14:14:14.869+0000] {processor.py:925} INFO - DAG(s) 'example_sla_dag' retrieved from /home/airflow/.local/lib/python3.12/site-packages/airflow/example_dags/example_sla_dag.py
[2024-09-12T14:14:14.893+0000] {logging_mixin.py:190} INFO - [2024-09-12T14:14:14.892+0000] {dag.py:3229} INFO - Sync 1 DAGs
[2024-09-12T14:14:14.921+0000] {logging_mixin.py:190} INFO - [2024-09-12T14:14:14.921+0000] {dag.py:4156} INFO - Setting next_dagrun for example_sla_dag to 2024-09-12 14:12:00+00:00, run_after=2024-09-12 14:14:00+00:00
[2024-09-12T14:14:14.940+0000] {processor.py:208} INFO - Processing /home/airflow/.local/lib/python3.12/site-packages/airflow/example_dags/example_sla_dag.py took 0.092 seconds
[2024-09-12T14:14:45.492+0000] {processor.py:186} INFO - Started process (PID=1780) to work on /home/airflow/.local/lib/python3.12/site-packages/airflow/example_dags/example_sla_dag.py
[2024-09-12T14:14:45.493+0000] {processor.py:914} INFO - Processing file /home/airflow/.local/lib/python3.12/site-packages/airflow/example_dags/example_sla_dag.py for tasks to queue
[2024-09-12T14:14:45.496+0000] {logging_mixin.py:190} INFO - [2024-09-12T14:14:45.495+0000] {dagbag.py:587} INFO - Filling up the DagBag from /home/airflow/.local/lib/python3.12/site-packages/airflow/example_dags/example_sla_dag.py
[2024-09-12T14:14:45.506+0000] {processor.py:925} INFO - DAG(s) 'example_sla_dag' retrieved from /home/airflow/.local/lib/python3.12/site-packages/airflow/example_dags/example_sla_dag.py
[2024-09-12T14:14:45.527+0000] {logging_mixin.py:190} INFO - [2024-09-12T14:14:45.527+0000] {dag.py:3229} INFO - Sync 1 DAGs
[2024-09-12T14:14:45.556+0000] {logging_mixin.py:190} INFO - [2024-09-12T14:14:45.555+0000] {dag.py:4156} INFO - Setting next_dagrun for example_sla_dag to 2024-09-12 14:12:00+00:00, run_after=2024-09-12 14:14:00+00:00
[2024-09-12T14:14:45.578+0000] {processor.py:208} INFO - Processing /home/airflow/.local/lib/python3.12/site-packages/airflow/example_dags/example_sla_dag.py took 0.091 seconds
[2024-09-12T14:15:15.889+0000] {processor.py:186} INFO - Started process (PID=1842) to work on /home/airflow/.local/lib/python3.12/site-packages/airflow/example_dags/example_sla_dag.py
[2024-09-12T14:15:15.890+0000] {processor.py:914} INFO - Processing file /home/airflow/.local/lib/python3.12/site-packages/airflow/example_dags/example_sla_dag.py for tasks to queue
[2024-09-12T14:15:15.893+0000] {logging_mixin.py:190} INFO - [2024-09-12T14:15:15.893+0000] {dagbag.py:587} INFO - Filling up the DagBag from /home/airflow/.local/lib/python3.12/site-packages/airflow/example_dags/example_sla_dag.py
[2024-09-12T14:15:15.905+0000] {processor.py:925} INFO - DAG(s) 'example_sla_dag' retrieved from /home/airflow/.local/lib/python3.12/site-packages/airflow/example_dags/example_sla_dag.py
[2024-09-12T14:15:15.928+0000] {logging_mixin.py:190} INFO - [2024-09-12T14:15:15.928+0000] {dag.py:3229} INFO - Sync 1 DAGs
[2024-09-12T14:15:15.955+0000] {logging_mixin.py:190} INFO - [2024-09-12T14:15:15.954+0000] {dag.py:4156} INFO - Setting next_dagrun for example_sla_dag to 2024-09-12 14:12:00+00:00, run_after=2024-09-12 14:14:00+00:00
[2024-09-12T14:15:15.971+0000] {processor.py:208} INFO - Processing /home/airflow/.local/lib/python3.12/site-packages/airflow/example_dags/example_sla_dag.py took 0.088 seconds
[2024-09-12T14:18:16.252+0000] {processor.py:186} INFO - Started process (PID=93) to work on /home/airflow/.local/lib/python3.12/site-packages/airflow/example_dags/example_sla_dag.py
[2024-09-12T14:18:16.253+0000] {processor.py:914} INFO - Processing file /home/airflow/.local/lib/python3.12/site-packages/airflow/example_dags/example_sla_dag.py for tasks to queue
[2024-09-12T14:18:16.256+0000] {logging_mixin.py:190} INFO - [2024-09-12T14:18:16.255+0000] {dagbag.py:587} INFO - Filling up the DagBag from /home/airflow/.local/lib/python3.12/site-packages/airflow/example_dags/example_sla_dag.py
[2024-09-12T14:18:16.267+0000] {processor.py:925} INFO - DAG(s) 'example_sla_dag' retrieved from /home/airflow/.local/lib/python3.12/site-packages/airflow/example_dags/example_sla_dag.py
[2024-09-12T14:18:16.293+0000] {logging_mixin.py:190} INFO - [2024-09-12T14:18:16.293+0000] {dag.py:3229} INFO - Sync 1 DAGs
[2024-09-12T14:18:16.324+0000] {logging_mixin.py:190} INFO - [2024-09-12T14:18:16.324+0000] {dag.py:4156} INFO - Setting next_dagrun for example_sla_dag to 2024-09-12 14:16:00+00:00, run_after=2024-09-12 14:18:00+00:00
[2024-09-12T14:18:16.342+0000] {processor.py:208} INFO - Processing /home/airflow/.local/lib/python3.12/site-packages/airflow/example_dags/example_sla_dag.py took 0.098 seconds
[2024-09-12T14:18:48.832+0000] {processor.py:186} INFO - Started process (PID=155) to work on /home/airflow/.local/lib/python3.12/site-packages/airflow/example_dags/example_sla_dag.py
[2024-09-12T14:18:48.833+0000] {processor.py:914} INFO - Processing file /home/airflow/.local/lib/python3.12/site-packages/airflow/example_dags/example_sla_dag.py for tasks to queue
[2024-09-12T14:18:48.836+0000] {logging_mixin.py:190} INFO - [2024-09-12T14:18:48.836+0000] {dagbag.py:587} INFO - Filling up the DagBag from /home/airflow/.local/lib/python3.12/site-packages/airflow/example_dags/example_sla_dag.py
[2024-09-12T14:18:48.849+0000] {processor.py:925} INFO - DAG(s) 'example_sla_dag' retrieved from /home/airflow/.local/lib/python3.12/site-packages/airflow/example_dags/example_sla_dag.py
[2024-09-12T14:18:48.921+0000] {logging_mixin.py:190} INFO - [2024-09-12T14:18:48.920+0000] {dag.py:3229} INFO - Sync 1 DAGs
[2024-09-12T14:18:48.955+0000] {logging_mixin.py:190} INFO - [2024-09-12T14:18:48.955+0000] {dag.py:4156} INFO - Setting next_dagrun for example_sla_dag to 2024-09-12 14:16:00+00:00, run_after=2024-09-12 14:18:00+00:00
[2024-09-12T14:18:49.029+0000] {processor.py:208} INFO - Processing /home/airflow/.local/lib/python3.12/site-packages/airflow/example_dags/example_sla_dag.py took 0.204 seconds
[2024-09-12T14:19:19.398+0000] {processor.py:186} INFO - Started process (PID=218) to work on /home/airflow/.local/lib/python3.12/site-packages/airflow/example_dags/example_sla_dag.py
[2024-09-12T14:19:19.405+0000] {processor.py:914} INFO - Processing file /home/airflow/.local/lib/python3.12/site-packages/airflow/example_dags/example_sla_dag.py for tasks to queue
[2024-09-12T14:19:19.412+0000] {logging_mixin.py:190} INFO - [2024-09-12T14:19:19.411+0000] {dagbag.py:587} INFO - Filling up the DagBag from /home/airflow/.local/lib/python3.12/site-packages/airflow/example_dags/example_sla_dag.py
[2024-09-12T14:19:19.440+0000] {processor.py:925} INFO - DAG(s) 'example_sla_dag' retrieved from /home/airflow/.local/lib/python3.12/site-packages/airflow/example_dags/example_sla_dag.py
[2024-09-12T14:19:19.485+0000] {logging_mixin.py:190} INFO - [2024-09-12T14:19:19.485+0000] {dag.py:3229} INFO - Sync 1 DAGs
[2024-09-12T14:19:19.539+0000] {logging_mixin.py:190} INFO - [2024-09-12T14:19:19.538+0000] {dag.py:4156} INFO - Setting next_dagrun for example_sla_dag to 2024-09-12 14:16:00+00:00, run_after=2024-09-12 14:18:00+00:00
[2024-09-12T14:19:19.561+0000] {processor.py:208} INFO - Processing /home/airflow/.local/lib/python3.12/site-packages/airflow/example_dags/example_sla_dag.py took 0.198 seconds
[2024-09-12T14:19:49.693+0000] {processor.py:186} INFO - Started process (PID=280) to work on /home/airflow/.local/lib/python3.12/site-packages/airflow/example_dags/example_sla_dag.py
[2024-09-12T14:19:49.696+0000] {processor.py:914} INFO - Processing file /home/airflow/.local/lib/python3.12/site-packages/airflow/example_dags/example_sla_dag.py for tasks to queue
[2024-09-12T14:19:49.699+0000] {logging_mixin.py:190} INFO - [2024-09-12T14:19:49.699+0000] {dagbag.py:587} INFO - Filling up the DagBag from /home/airflow/.local/lib/python3.12/site-packages/airflow/example_dags/example_sla_dag.py
[2024-09-12T14:19:49.715+0000] {processor.py:925} INFO - DAG(s) 'example_sla_dag' retrieved from /home/airflow/.local/lib/python3.12/site-packages/airflow/example_dags/example_sla_dag.py
[2024-09-12T14:19:49.741+0000] {logging_mixin.py:190} INFO - [2024-09-12T14:19:49.741+0000] {dag.py:3229} INFO - Sync 1 DAGs
[2024-09-12T14:19:49.780+0000] {logging_mixin.py:190} INFO - [2024-09-12T14:19:49.780+0000] {dag.py:4156} INFO - Setting next_dagrun for example_sla_dag to 2024-09-12 14:16:00+00:00, run_after=2024-09-12 14:18:00+00:00
[2024-09-12T14:19:49.810+0000] {processor.py:208} INFO - Processing /home/airflow/.local/lib/python3.12/site-packages/airflow/example_dags/example_sla_dag.py took 0.127 seconds
[2024-09-12T14:20:20.343+0000] {processor.py:186} INFO - Started process (PID=342) to work on /home/airflow/.local/lib/python3.12/site-packages/airflow/example_dags/example_sla_dag.py
[2024-09-12T14:20:20.344+0000] {processor.py:914} INFO - Processing file /home/airflow/.local/lib/python3.12/site-packages/airflow/example_dags/example_sla_dag.py for tasks to queue
[2024-09-12T14:20:20.346+0000] {logging_mixin.py:190} INFO - [2024-09-12T14:20:20.346+0000] {dagbag.py:587} INFO - Filling up the DagBag from /home/airflow/.local/lib/python3.12/site-packages/airflow/example_dags/example_sla_dag.py
[2024-09-12T14:20:20.358+0000] {processor.py:925} INFO - DAG(s) 'example_sla_dag' retrieved from /home/airflow/.local/lib/python3.12/site-packages/airflow/example_dags/example_sla_dag.py
[2024-09-12T14:20:20.382+0000] {logging_mixin.py:190} INFO - [2024-09-12T14:20:20.381+0000] {dag.py:3229} INFO - Sync 1 DAGs
[2024-09-12T14:20:20.420+0000] {logging_mixin.py:190} INFO - [2024-09-12T14:20:20.419+0000] {dag.py:4156} INFO - Setting next_dagrun for example_sla_dag to 2024-09-12 14:18:00+00:00, run_after=2024-09-12 14:20:00+00:00
[2024-09-12T14:20:20.439+0000] {processor.py:208} INFO - Processing /home/airflow/.local/lib/python3.12/site-packages/airflow/example_dags/example_sla_dag.py took 0.103 seconds
[2024-09-12T14:20:51.176+0000] {processor.py:186} INFO - Started process (PID=404) to work on /home/airflow/.local/lib/python3.12/site-packages/airflow/example_dags/example_sla_dag.py
[2024-09-12T14:20:51.177+0000] {processor.py:914} INFO - Processing file /home/airflow/.local/lib/python3.12/site-packages/airflow/example_dags/example_sla_dag.py for tasks to queue
[2024-09-12T14:20:51.180+0000] {logging_mixin.py:190} INFO - [2024-09-12T14:20:51.179+0000] {dagbag.py:587} INFO - Filling up the DagBag from /home/airflow/.local/lib/python3.12/site-packages/airflow/example_dags/example_sla_dag.py
[2024-09-12T14:20:51.192+0000] {processor.py:925} INFO - DAG(s) 'example_sla_dag' retrieved from /home/airflow/.local/lib/python3.12/site-packages/airflow/example_dags/example_sla_dag.py
[2024-09-12T14:20:51.216+0000] {logging_mixin.py:190} INFO - [2024-09-12T14:20:51.216+0000] {dag.py:3229} INFO - Sync 1 DAGs
[2024-09-12T14:20:51.244+0000] {logging_mixin.py:190} INFO - [2024-09-12T14:20:51.244+0000] {dag.py:4156} INFO - Setting next_dagrun for example_sla_dag to 2024-09-12 14:18:00+00:00, run_after=2024-09-12 14:20:00+00:00
[2024-09-12T14:20:51.264+0000] {processor.py:208} INFO - Processing /home/airflow/.local/lib/python3.12/site-packages/airflow/example_dags/example_sla_dag.py took 0.095 seconds
[2024-09-12T14:21:24.931+0000] {processor.py:186} INFO - Started process (PID=472) to work on /home/airflow/.local/lib/python3.12/site-packages/airflow/example_dags/example_sla_dag.py
[2024-09-12T14:21:24.932+0000] {processor.py:914} INFO - Processing file /home/airflow/.local/lib/python3.12/site-packages/airflow/example_dags/example_sla_dag.py for tasks to queue
[2024-09-12T14:21:24.935+0000] {logging_mixin.py:190} INFO - [2024-09-12T14:21:24.935+0000] {dagbag.py:587} INFO - Filling up the DagBag from /home/airflow/.local/lib/python3.12/site-packages/airflow/example_dags/example_sla_dag.py
[2024-09-12T14:21:24.994+0000] {processor.py:925} INFO - DAG(s) 'example_sla_dag' retrieved from /home/airflow/.local/lib/python3.12/site-packages/airflow/example_dags/example_sla_dag.py
[2024-09-12T14:21:25.019+0000] {logging_mixin.py:190} INFO - [2024-09-12T14:21:25.019+0000] {dag.py:3229} INFO - Sync 1 DAGs
[2024-09-12T14:21:25.093+0000] {logging_mixin.py:190} INFO - [2024-09-12T14:21:25.093+0000] {dag.py:4156} INFO - Setting next_dagrun for example_sla_dag to 2024-09-12 14:18:00+00:00, run_after=2024-09-12 14:20:00+00:00
[2024-09-12T14:21:25.113+0000] {processor.py:208} INFO - Processing /home/airflow/.local/lib/python3.12/site-packages/airflow/example_dags/example_sla_dag.py took 0.188 seconds
[2024-09-12T14:21:56.097+0000] {processor.py:186} INFO - Started process (PID=534) to work on /home/airflow/.local/lib/python3.12/site-packages/airflow/example_dags/example_sla_dag.py
[2024-09-12T14:21:56.099+0000] {processor.py:914} INFO - Processing file /home/airflow/.local/lib/python3.12/site-packages/airflow/example_dags/example_sla_dag.py for tasks to queue
[2024-09-12T14:21:56.102+0000] {logging_mixin.py:190} INFO - [2024-09-12T14:21:56.102+0000] {dagbag.py:587} INFO - Filling up the DagBag from /home/airflow/.local/lib/python3.12/site-packages/airflow/example_dags/example_sla_dag.py
[2024-09-12T14:21:56.114+0000] {processor.py:925} INFO - DAG(s) 'example_sla_dag' retrieved from /home/airflow/.local/lib/python3.12/site-packages/airflow/example_dags/example_sla_dag.py
[2024-09-12T14:21:56.197+0000] {logging_mixin.py:190} INFO - [2024-09-12T14:21:56.197+0000] {dag.py:3229} INFO - Sync 1 DAGs
[2024-09-12T14:21:56.283+0000] {logging_mixin.py:190} INFO - [2024-09-12T14:21:56.282+0000] {dag.py:4156} INFO - Setting next_dagrun for example_sla_dag to 2024-09-12 14:18:00+00:00, run_after=2024-09-12 14:20:00+00:00
[2024-09-12T14:21:56.307+0000] {processor.py:208} INFO - Processing /home/airflow/.local/lib/python3.12/site-packages/airflow/example_dags/example_sla_dag.py took 0.218 seconds
[2024-09-12T14:22:26.990+0000] {processor.py:186} INFO - Started process (PID=596) to work on /home/airflow/.local/lib/python3.12/site-packages/airflow/example_dags/example_sla_dag.py
[2024-09-12T14:22:26.991+0000] {processor.py:914} INFO - Processing file /home/airflow/.local/lib/python3.12/site-packages/airflow/example_dags/example_sla_dag.py for tasks to queue
[2024-09-12T14:22:26.994+0000] {logging_mixin.py:190} INFO - [2024-09-12T14:22:26.993+0000] {dagbag.py:587} INFO - Filling up the DagBag from /home/airflow/.local/lib/python3.12/site-packages/airflow/example_dags/example_sla_dag.py
[2024-09-12T14:22:27.006+0000] {processor.py:925} INFO - DAG(s) 'example_sla_dag' retrieved from /home/airflow/.local/lib/python3.12/site-packages/airflow/example_dags/example_sla_dag.py
[2024-09-12T14:22:27.033+0000] {logging_mixin.py:190} INFO - [2024-09-12T14:22:27.032+0000] {dag.py:3229} INFO - Sync 1 DAGs
[2024-09-12T14:22:27.066+0000] {logging_mixin.py:190} INFO - [2024-09-12T14:22:27.065+0000] {dag.py:4156} INFO - Setting next_dagrun for example_sla_dag to 2024-09-12 14:20:00+00:00, run_after=2024-09-12 14:22:00+00:00
[2024-09-12T14:22:27.087+0000] {processor.py:208} INFO - Processing /home/airflow/.local/lib/python3.12/site-packages/airflow/example_dags/example_sla_dag.py took 0.104 seconds
[2024-09-12T14:22:57.645+0000] {processor.py:186} INFO - Started process (PID=658) to work on /home/airflow/.local/lib/python3.12/site-packages/airflow/example_dags/example_sla_dag.py
[2024-09-12T14:22:57.646+0000] {processor.py:914} INFO - Processing file /home/airflow/.local/lib/python3.12/site-packages/airflow/example_dags/example_sla_dag.py for tasks to queue
[2024-09-12T14:22:57.650+0000] {logging_mixin.py:190} INFO - [2024-09-12T14:22:57.649+0000] {dagbag.py:587} INFO - Filling up the DagBag from /home/airflow/.local/lib/python3.12/site-packages/airflow/example_dags/example_sla_dag.py
[2024-09-12T14:22:57.663+0000] {processor.py:925} INFO - DAG(s) 'example_sla_dag' retrieved from /home/airflow/.local/lib/python3.12/site-packages/airflow/example_dags/example_sla_dag.py
[2024-09-12T14:22:57.688+0000] {logging_mixin.py:190} INFO - [2024-09-12T14:22:57.687+0000] {dag.py:3229} INFO - Sync 1 DAGs
[2024-09-12T14:22:57.719+0000] {logging_mixin.py:190} INFO - [2024-09-12T14:22:57.719+0000] {dag.py:4156} INFO - Setting next_dagrun for example_sla_dag to 2024-09-12 14:20:00+00:00, run_after=2024-09-12 14:22:00+00:00
[2024-09-12T14:22:57.737+0000] {processor.py:208} INFO - Processing /home/airflow/.local/lib/python3.12/site-packages/airflow/example_dags/example_sla_dag.py took 0.100 seconds
[2024-09-12T14:23:28.398+0000] {processor.py:186} INFO - Started process (PID=720) to work on /home/airflow/.local/lib/python3.12/site-packages/airflow/example_dags/example_sla_dag.py
[2024-09-12T14:23:28.400+0000] {processor.py:914} INFO - Processing file /home/airflow/.local/lib/python3.12/site-packages/airflow/example_dags/example_sla_dag.py for tasks to queue
[2024-09-12T14:23:28.403+0000] {logging_mixin.py:190} INFO - [2024-09-12T14:23:28.403+0000] {dagbag.py:587} INFO - Filling up the DagBag from /home/airflow/.local/lib/python3.12/site-packages/airflow/example_dags/example_sla_dag.py
[2024-09-12T14:23:28.415+0000] {processor.py:925} INFO - DAG(s) 'example_sla_dag' retrieved from /home/airflow/.local/lib/python3.12/site-packages/airflow/example_dags/example_sla_dag.py
[2024-09-12T14:23:28.442+0000] {logging_mixin.py:190} INFO - [2024-09-12T14:23:28.442+0000] {dag.py:3229} INFO - Sync 1 DAGs
[2024-09-12T14:23:28.474+0000] {logging_mixin.py:190} INFO - [2024-09-12T14:23:28.474+0000] {dag.py:4156} INFO - Setting next_dagrun for example_sla_dag to 2024-09-12 14:20:00+00:00, run_after=2024-09-12 14:22:00+00:00
[2024-09-12T14:23:28.496+0000] {processor.py:208} INFO - Processing /home/airflow/.local/lib/python3.12/site-packages/airflow/example_dags/example_sla_dag.py took 0.105 seconds
[2024-09-12T14:23:59.168+0000] {processor.py:186} INFO - Started process (PID=782) to work on /home/airflow/.local/lib/python3.12/site-packages/airflow/example_dags/example_sla_dag.py
[2024-09-12T14:23:59.170+0000] {processor.py:914} INFO - Processing file /home/airflow/.local/lib/python3.12/site-packages/airflow/example_dags/example_sla_dag.py for tasks to queue
[2024-09-12T14:23:59.173+0000] {logging_mixin.py:190} INFO - [2024-09-12T14:23:59.172+0000] {dagbag.py:587} INFO - Filling up the DagBag from /home/airflow/.local/lib/python3.12/site-packages/airflow/example_dags/example_sla_dag.py
[2024-09-12T14:23:59.190+0000] {processor.py:925} INFO - DAG(s) 'example_sla_dag' retrieved from /home/airflow/.local/lib/python3.12/site-packages/airflow/example_dags/example_sla_dag.py
[2024-09-12T14:23:59.215+0000] {logging_mixin.py:190} INFO - [2024-09-12T14:23:59.214+0000] {dag.py:3229} INFO - Sync 1 DAGs
[2024-09-12T14:23:59.280+0000] {logging_mixin.py:190} INFO - [2024-09-12T14:23:59.244+0000] {dag.py:4156} INFO - Setting next_dagrun for example_sla_dag to 2024-09-12 14:20:00+00:00, run_after=2024-09-12 14:22:00+00:00
[2024-09-12T14:23:59.304+0000] {processor.py:208} INFO - Processing /home/airflow/.local/lib/python3.12/site-packages/airflow/example_dags/example_sla_dag.py took 0.142 seconds
[2024-09-12T14:24:29.700+0000] {processor.py:186} INFO - Started process (PID=844) to work on /home/airflow/.local/lib/python3.12/site-packages/airflow/example_dags/example_sla_dag.py
[2024-09-12T14:24:29.701+0000] {processor.py:914} INFO - Processing file /home/airflow/.local/lib/python3.12/site-packages/airflow/example_dags/example_sla_dag.py for tasks to queue
[2024-09-12T14:24:29.704+0000] {logging_mixin.py:190} INFO - [2024-09-12T14:24:29.704+0000] {dagbag.py:587} INFO - Filling up the DagBag from /home/airflow/.local/lib/python3.12/site-packages/airflow/example_dags/example_sla_dag.py
[2024-09-12T14:24:29.716+0000] {processor.py:925} INFO - DAG(s) 'example_sla_dag' retrieved from /home/airflow/.local/lib/python3.12/site-packages/airflow/example_dags/example_sla_dag.py
[2024-09-12T14:24:29.742+0000] {logging_mixin.py:190} INFO - [2024-09-12T14:24:29.742+0000] {dag.py:3229} INFO - Sync 1 DAGs
[2024-09-12T14:24:29.773+0000] {logging_mixin.py:190} INFO - [2024-09-12T14:24:29.773+0000] {dag.py:4156} INFO - Setting next_dagrun for example_sla_dag to 2024-09-12 14:22:00+00:00, run_after=2024-09-12 14:24:00+00:00
[2024-09-12T14:24:29.796+0000] {processor.py:208} INFO - Processing /home/airflow/.local/lib/python3.12/site-packages/airflow/example_dags/example_sla_dag.py took 0.102 seconds
[2024-09-12T14:24:59.964+0000] {processor.py:186} INFO - Started process (PID=906) to work on /home/airflow/.local/lib/python3.12/site-packages/airflow/example_dags/example_sla_dag.py
[2024-09-12T14:24:59.965+0000] {processor.py:914} INFO - Processing file /home/airflow/.local/lib/python3.12/site-packages/airflow/example_dags/example_sla_dag.py for tasks to queue
[2024-09-12T14:24:59.968+0000] {logging_mixin.py:190} INFO - [2024-09-12T14:24:59.968+0000] {dagbag.py:587} INFO - Filling up the DagBag from /home/airflow/.local/lib/python3.12/site-packages/airflow/example_dags/example_sla_dag.py
[2024-09-12T14:24:59.983+0000] {processor.py:925} INFO - DAG(s) 'example_sla_dag' retrieved from /home/airflow/.local/lib/python3.12/site-packages/airflow/example_dags/example_sla_dag.py
[2024-09-12T14:25:00.011+0000] {logging_mixin.py:190} INFO - [2024-09-12T14:25:00.011+0000] {dag.py:3229} INFO - Sync 1 DAGs
[2024-09-12T14:25:00.036+0000] {logging_mixin.py:190} INFO - [2024-09-12T14:25:00.036+0000] {dag.py:4156} INFO - Setting next_dagrun for example_sla_dag to 2024-09-12 14:22:00+00:00, run_after=2024-09-12 14:24:00+00:00
[2024-09-12T14:25:00.107+0000] {processor.py:208} INFO - Processing /home/airflow/.local/lib/python3.12/site-packages/airflow/example_dags/example_sla_dag.py took 0.149 seconds
[2024-09-12T14:25:30.340+0000] {processor.py:186} INFO - Started process (PID=968) to work on /home/airflow/.local/lib/python3.12/site-packages/airflow/example_dags/example_sla_dag.py
[2024-09-12T14:25:30.342+0000] {processor.py:914} INFO - Processing file /home/airflow/.local/lib/python3.12/site-packages/airflow/example_dags/example_sla_dag.py for tasks to queue
[2024-09-12T14:25:30.345+0000] {logging_mixin.py:190} INFO - [2024-09-12T14:25:30.344+0000] {dagbag.py:587} INFO - Filling up the DagBag from /home/airflow/.local/lib/python3.12/site-packages/airflow/example_dags/example_sla_dag.py
[2024-09-12T14:25:30.357+0000] {processor.py:925} INFO - DAG(s) 'example_sla_dag' retrieved from /home/airflow/.local/lib/python3.12/site-packages/airflow/example_dags/example_sla_dag.py
[2024-09-12T14:25:30.380+0000] {logging_mixin.py:190} INFO - [2024-09-12T14:25:30.379+0000] {dag.py:3229} INFO - Sync 1 DAGs
[2024-09-12T14:25:30.411+0000] {logging_mixin.py:190} INFO - [2024-09-12T14:25:30.410+0000] {dag.py:4156} INFO - Setting next_dagrun for example_sla_dag to 2024-09-12 14:22:00+00:00, run_after=2024-09-12 14:24:00+00:00
[2024-09-12T14:25:30.434+0000] {processor.py:208} INFO - Processing /home/airflow/.local/lib/python3.12/site-packages/airflow/example_dags/example_sla_dag.py took 0.100 seconds
[2024-09-12T14:26:00.701+0000] {processor.py:186} INFO - Started process (PID=1030) to work on /home/airflow/.local/lib/python3.12/site-packages/airflow/example_dags/example_sla_dag.py
[2024-09-12T14:26:00.702+0000] {processor.py:914} INFO - Processing file /home/airflow/.local/lib/python3.12/site-packages/airflow/example_dags/example_sla_dag.py for tasks to queue
[2024-09-12T14:26:00.704+0000] {logging_mixin.py:190} INFO - [2024-09-12T14:26:00.704+0000] {dagbag.py:587} INFO - Filling up the DagBag from /home/airflow/.local/lib/python3.12/site-packages/airflow/example_dags/example_sla_dag.py
[2024-09-12T14:26:00.715+0000] {processor.py:925} INFO - DAG(s) 'example_sla_dag' retrieved from /home/airflow/.local/lib/python3.12/site-packages/airflow/example_dags/example_sla_dag.py
[2024-09-12T14:26:00.736+0000] {logging_mixin.py:190} INFO - [2024-09-12T14:26:00.736+0000] {dag.py:3229} INFO - Sync 1 DAGs
[2024-09-12T14:26:00.762+0000] {logging_mixin.py:190} INFO - [2024-09-12T14:26:00.762+0000] {dag.py:4156} INFO - Setting next_dagrun for example_sla_dag to 2024-09-12 14:24:00+00:00, run_after=2024-09-12 14:26:00+00:00
[2024-09-12T14:26:00.779+0000] {processor.py:208} INFO - Processing /home/airflow/.local/lib/python3.12/site-packages/airflow/example_dags/example_sla_dag.py took 0.085 seconds
[2024-09-12T14:26:31.289+0000] {processor.py:186} INFO - Started process (PID=1092) to work on /home/airflow/.local/lib/python3.12/site-packages/airflow/example_dags/example_sla_dag.py
[2024-09-12T14:26:31.290+0000] {processor.py:914} INFO - Processing file /home/airflow/.local/lib/python3.12/site-packages/airflow/example_dags/example_sla_dag.py for tasks to queue
[2024-09-12T14:26:31.293+0000] {logging_mixin.py:190} INFO - [2024-09-12T14:26:31.292+0000] {dagbag.py:587} INFO - Filling up the DagBag from /home/airflow/.local/lib/python3.12/site-packages/airflow/example_dags/example_sla_dag.py
[2024-09-12T14:26:31.304+0000] {processor.py:925} INFO - DAG(s) 'example_sla_dag' retrieved from /home/airflow/.local/lib/python3.12/site-packages/airflow/example_dags/example_sla_dag.py
[2024-09-12T14:26:31.328+0000] {logging_mixin.py:190} INFO - [2024-09-12T14:26:31.328+0000] {dag.py:3229} INFO - Sync 1 DAGs
[2024-09-12T14:26:31.354+0000] {logging_mixin.py:190} INFO - [2024-09-12T14:26:31.354+0000] {dag.py:4156} INFO - Setting next_dagrun for example_sla_dag to 2024-09-12 14:24:00+00:00, run_after=2024-09-12 14:26:00+00:00
[2024-09-12T14:26:31.372+0000] {processor.py:208} INFO - Processing /home/airflow/.local/lib/python3.12/site-packages/airflow/example_dags/example_sla_dag.py took 0.090 seconds
[2024-09-12T14:27:01.432+0000] {processor.py:186} INFO - Started process (PID=1154) to work on /home/airflow/.local/lib/python3.12/site-packages/airflow/example_dags/example_sla_dag.py
[2024-09-12T14:27:01.433+0000] {processor.py:914} INFO - Processing file /home/airflow/.local/lib/python3.12/site-packages/airflow/example_dags/example_sla_dag.py for tasks to queue
[2024-09-12T14:27:01.435+0000] {logging_mixin.py:190} INFO - [2024-09-12T14:27:01.434+0000] {dagbag.py:587} INFO - Filling up the DagBag from /home/airflow/.local/lib/python3.12/site-packages/airflow/example_dags/example_sla_dag.py
[2024-09-12T14:27:01.445+0000] {processor.py:925} INFO - DAG(s) 'example_sla_dag' retrieved from /home/airflow/.local/lib/python3.12/site-packages/airflow/example_dags/example_sla_dag.py
[2024-09-12T14:27:01.463+0000] {logging_mixin.py:190} INFO - [2024-09-12T14:27:01.463+0000] {dag.py:3229} INFO - Sync 1 DAGs
[2024-09-12T14:27:01.497+0000] {logging_mixin.py:190} INFO - [2024-09-12T14:27:01.497+0000] {dag.py:4156} INFO - Setting next_dagrun for example_sla_dag to 2024-09-12 14:24:00+00:00, run_after=2024-09-12 14:26:00+00:00
[2024-09-12T14:27:01.512+0000] {processor.py:208} INFO - Processing /home/airflow/.local/lib/python3.12/site-packages/airflow/example_dags/example_sla_dag.py took 0.087 seconds
[2024-09-12T14:27:33.331+0000] {processor.py:186} INFO - Started process (PID=1216) to work on /home/airflow/.local/lib/python3.12/site-packages/airflow/example_dags/example_sla_dag.py
[2024-09-12T14:27:33.333+0000] {processor.py:914} INFO - Processing file /home/airflow/.local/lib/python3.12/site-packages/airflow/example_dags/example_sla_dag.py for tasks to queue
[2024-09-12T14:27:33.336+0000] {logging_mixin.py:190} INFO - [2024-09-12T14:27:33.335+0000] {dagbag.py:587} INFO - Filling up the DagBag from /home/airflow/.local/lib/python3.12/site-packages/airflow/example_dags/example_sla_dag.py
[2024-09-12T14:27:33.395+0000] {processor.py:925} INFO - DAG(s) 'example_sla_dag' retrieved from /home/airflow/.local/lib/python3.12/site-packages/airflow/example_dags/example_sla_dag.py
[2024-09-12T14:27:33.485+0000] {logging_mixin.py:190} INFO - [2024-09-12T14:27:33.484+0000] {dag.py:3229} INFO - Sync 1 DAGs
[2024-09-12T14:27:33.536+0000] {logging_mixin.py:190} INFO - [2024-09-12T14:27:33.535+0000] {dag.py:4156} INFO - Setting next_dagrun for example_sla_dag to 2024-09-12 14:24:00+00:00, run_after=2024-09-12 14:26:00+00:00
[2024-09-12T14:27:33.599+0000] {processor.py:208} INFO - Processing /home/airflow/.local/lib/python3.12/site-packages/airflow/example_dags/example_sla_dag.py took 0.276 seconds
[2024-09-12T14:28:07.288+0000] {processor.py:186} INFO - Started process (PID=1278) to work on /home/airflow/.local/lib/python3.12/site-packages/airflow/example_dags/example_sla_dag.py
[2024-09-12T14:28:07.290+0000] {processor.py:914} INFO - Processing file /home/airflow/.local/lib/python3.12/site-packages/airflow/example_dags/example_sla_dag.py for tasks to queue
[2024-09-12T14:28:07.293+0000] {logging_mixin.py:190} INFO - [2024-09-12T14:28:07.292+0000] {dagbag.py:587} INFO - Filling up the DagBag from /home/airflow/.local/lib/python3.12/site-packages/airflow/example_dags/example_sla_dag.py
[2024-09-12T14:28:07.305+0000] {processor.py:925} INFO - DAG(s) 'example_sla_dag' retrieved from /home/airflow/.local/lib/python3.12/site-packages/airflow/example_dags/example_sla_dag.py
[2024-09-12T14:28:07.401+0000] {logging_mixin.py:190} INFO - [2024-09-12T14:28:07.401+0000] {dag.py:3229} INFO - Sync 1 DAGs
[2024-09-12T14:28:07.493+0000] {logging_mixin.py:190} INFO - [2024-09-12T14:28:07.493+0000] {dag.py:4156} INFO - Setting next_dagrun for example_sla_dag to 2024-09-12 14:26:00+00:00, run_after=2024-09-12 14:28:00+00:00
[2024-09-12T14:28:07.589+0000] {processor.py:208} INFO - Processing /home/airflow/.local/lib/python3.12/site-packages/airflow/example_dags/example_sla_dag.py took 0.307 seconds
[2024-09-12T14:28:43.094+0000] {processor.py:186} INFO - Started process (PID=1340) to work on /home/airflow/.local/lib/python3.12/site-packages/airflow/example_dags/example_sla_dag.py
[2024-09-12T14:28:43.096+0000] {processor.py:914} INFO - Processing file /home/airflow/.local/lib/python3.12/site-packages/airflow/example_dags/example_sla_dag.py for tasks to queue
[2024-09-12T14:28:43.180+0000] {logging_mixin.py:190} INFO - [2024-09-12T14:28:43.100+0000] {dagbag.py:587} INFO - Filling up the DagBag from /home/airflow/.local/lib/python3.12/site-packages/airflow/example_dags/example_sla_dag.py
[2024-09-12T14:28:43.199+0000] {processor.py:925} INFO - DAG(s) 'example_sla_dag' retrieved from /home/airflow/.local/lib/python3.12/site-packages/airflow/example_dags/example_sla_dag.py
[2024-09-12T14:28:43.384+0000] {logging_mixin.py:190} INFO - [2024-09-12T14:28:43.384+0000] {dag.py:3229} INFO - Sync 1 DAGs
[2024-09-12T14:28:43.497+0000] {logging_mixin.py:190} INFO - [2024-09-12T14:28:43.497+0000] {dag.py:4156} INFO - Setting next_dagrun for example_sla_dag to 2024-09-12 14:26:00+00:00, run_after=2024-09-12 14:28:00+00:00
[2024-09-12T14:28:43.590+0000] {processor.py:208} INFO - Processing /home/airflow/.local/lib/python3.12/site-packages/airflow/example_dags/example_sla_dag.py took 0.506 seconds
[2024-09-12T14:29:19.090+0000] {processor.py:186} INFO - Started process (PID=1402) to work on /home/airflow/.local/lib/python3.12/site-packages/airflow/example_dags/example_sla_dag.py
[2024-09-12T14:29:19.097+0000] {processor.py:914} INFO - Processing file /home/airflow/.local/lib/python3.12/site-packages/airflow/example_dags/example_sla_dag.py for tasks to queue
[2024-09-12T14:29:19.103+0000] {logging_mixin.py:190} INFO - [2024-09-12T14:29:19.102+0000] {dagbag.py:587} INFO - Filling up the DagBag from /home/airflow/.local/lib/python3.12/site-packages/airflow/example_dags/example_sla_dag.py
[2024-09-12T14:29:19.134+0000] {processor.py:925} INFO - DAG(s) 'example_sla_dag' retrieved from /home/airflow/.local/lib/python3.12/site-packages/airflow/example_dags/example_sla_dag.py
[2024-09-12T14:29:19.207+0000] {logging_mixin.py:190} INFO - [2024-09-12T14:29:19.206+0000] {dag.py:3229} INFO - Sync 1 DAGs
[2024-09-12T14:29:19.393+0000] {logging_mixin.py:190} INFO - [2024-09-12T14:29:19.392+0000] {dag.py:4156} INFO - Setting next_dagrun for example_sla_dag to 2024-09-12 14:26:00+00:00, run_after=2024-09-12 14:28:00+00:00
[2024-09-12T14:29:19.431+0000] {processor.py:208} INFO - Processing /home/airflow/.local/lib/python3.12/site-packages/airflow/example_dags/example_sla_dag.py took 0.400 seconds
[2024-09-12T14:29:51.195+0000] {processor.py:186} INFO - Started process (PID=1464) to work on /home/airflow/.local/lib/python3.12/site-packages/airflow/example_dags/example_sla_dag.py
[2024-09-12T14:29:51.196+0000] {processor.py:914} INFO - Processing file /home/airflow/.local/lib/python3.12/site-packages/airflow/example_dags/example_sla_dag.py for tasks to queue
[2024-09-12T14:29:51.206+0000] {logging_mixin.py:190} INFO - [2024-09-12T14:29:51.205+0000] {dagbag.py:587} INFO - Filling up the DagBag from /home/airflow/.local/lib/python3.12/site-packages/airflow/example_dags/example_sla_dag.py
[2024-09-12T14:29:51.296+0000] {processor.py:925} INFO - DAG(s) 'example_sla_dag' retrieved from /home/airflow/.local/lib/python3.12/site-packages/airflow/example_dags/example_sla_dag.py
[2024-09-12T14:29:51.390+0000] {logging_mixin.py:190} INFO - [2024-09-12T14:29:51.389+0000] {dag.py:3229} INFO - Sync 1 DAGs
[2024-09-12T14:29:51.505+0000] {logging_mixin.py:190} INFO - [2024-09-12T14:29:51.504+0000] {dag.py:4156} INFO - Setting next_dagrun for example_sla_dag to 2024-09-12 14:26:00+00:00, run_after=2024-09-12 14:28:00+00:00
[2024-09-12T14:29:51.589+0000] {processor.py:208} INFO - Processing /home/airflow/.local/lib/python3.12/site-packages/airflow/example_dags/example_sla_dag.py took 0.401 seconds
[2024-09-12T14:30:21.884+0000] {processor.py:186} INFO - Started process (PID=1526) to work on /home/airflow/.local/lib/python3.12/site-packages/airflow/example_dags/example_sla_dag.py
[2024-09-12T14:30:21.886+0000] {processor.py:914} INFO - Processing file /home/airflow/.local/lib/python3.12/site-packages/airflow/example_dags/example_sla_dag.py for tasks to queue
[2024-09-12T14:30:21.889+0000] {logging_mixin.py:190} INFO - [2024-09-12T14:30:21.889+0000] {dagbag.py:587} INFO - Filling up the DagBag from /home/airflow/.local/lib/python3.12/site-packages/airflow/example_dags/example_sla_dag.py
[2024-09-12T14:30:21.912+0000] {processor.py:925} INFO - DAG(s) 'example_sla_dag' retrieved from /home/airflow/.local/lib/python3.12/site-packages/airflow/example_dags/example_sla_dag.py
[2024-09-12T14:30:21.988+0000] {logging_mixin.py:190} INFO - [2024-09-12T14:30:21.987+0000] {dag.py:3229} INFO - Sync 1 DAGs
[2024-09-12T14:30:22.185+0000] {logging_mixin.py:190} INFO - [2024-09-12T14:30:22.185+0000] {dag.py:4156} INFO - Setting next_dagrun for example_sla_dag to 2024-09-12 14:28:00+00:00, run_after=2024-09-12 14:30:00+00:00
[2024-09-12T14:30:22.313+0000] {processor.py:208} INFO - Processing /home/airflow/.local/lib/python3.12/site-packages/airflow/example_dags/example_sla_dag.py took 0.440 seconds
[2024-09-12T14:30:52.745+0000] {processor.py:186} INFO - Started process (PID=1588) to work on /home/airflow/.local/lib/python3.12/site-packages/airflow/example_dags/example_sla_dag.py
[2024-09-12T14:30:52.746+0000] {processor.py:914} INFO - Processing file /home/airflow/.local/lib/python3.12/site-packages/airflow/example_dags/example_sla_dag.py for tasks to queue
[2024-09-12T14:30:52.749+0000] {logging_mixin.py:190} INFO - [2024-09-12T14:30:52.748+0000] {dagbag.py:587} INFO - Filling up the DagBag from /home/airflow/.local/lib/python3.12/site-packages/airflow/example_dags/example_sla_dag.py
[2024-09-12T14:30:52.760+0000] {processor.py:925} INFO - DAG(s) 'example_sla_dag' retrieved from /home/airflow/.local/lib/python3.12/site-packages/airflow/example_dags/example_sla_dag.py
[2024-09-12T14:30:52.786+0000] {logging_mixin.py:190} INFO - [2024-09-12T14:30:52.786+0000] {dag.py:3229} INFO - Sync 1 DAGs
[2024-09-12T14:30:52.822+0000] {logging_mixin.py:190} INFO - [2024-09-12T14:30:52.822+0000] {dag.py:4156} INFO - Setting next_dagrun for example_sla_dag to 2024-09-12 14:28:00+00:00, run_after=2024-09-12 14:30:00+00:00
[2024-09-12T14:30:52.843+0000] {processor.py:208} INFO - Processing /home/airflow/.local/lib/python3.12/site-packages/airflow/example_dags/example_sla_dag.py took 0.105 seconds
[2024-09-12T14:31:23.108+0000] {processor.py:186} INFO - Started process (PID=1650) to work on /home/airflow/.local/lib/python3.12/site-packages/airflow/example_dags/example_sla_dag.py
[2024-09-12T14:31:23.109+0000] {processor.py:914} INFO - Processing file /home/airflow/.local/lib/python3.12/site-packages/airflow/example_dags/example_sla_dag.py for tasks to queue
[2024-09-12T14:31:23.111+0000] {logging_mixin.py:190} INFO - [2024-09-12T14:31:23.111+0000] {dagbag.py:587} INFO - Filling up the DagBag from /home/airflow/.local/lib/python3.12/site-packages/airflow/example_dags/example_sla_dag.py
[2024-09-12T14:31:23.122+0000] {processor.py:925} INFO - DAG(s) 'example_sla_dag' retrieved from /home/airflow/.local/lib/python3.12/site-packages/airflow/example_dags/example_sla_dag.py
[2024-09-12T14:31:23.143+0000] {logging_mixin.py:190} INFO - [2024-09-12T14:31:23.142+0000] {dag.py:3229} INFO - Sync 1 DAGs
[2024-09-12T14:31:23.185+0000] {logging_mixin.py:190} INFO - [2024-09-12T14:31:23.184+0000] {dag.py:4156} INFO - Setting next_dagrun for example_sla_dag to 2024-09-12 14:28:00+00:00, run_after=2024-09-12 14:30:00+00:00
[2024-09-12T14:31:23.205+0000] {processor.py:208} INFO - Processing /home/airflow/.local/lib/python3.12/site-packages/airflow/example_dags/example_sla_dag.py took 0.103 seconds
[2024-09-12T14:31:53.836+0000] {processor.py:186} INFO - Started process (PID=1712) to work on /home/airflow/.local/lib/python3.12/site-packages/airflow/example_dags/example_sla_dag.py
[2024-09-12T14:31:53.837+0000] {processor.py:914} INFO - Processing file /home/airflow/.local/lib/python3.12/site-packages/airflow/example_dags/example_sla_dag.py for tasks to queue
[2024-09-12T14:31:53.841+0000] {logging_mixin.py:190} INFO - [2024-09-12T14:31:53.840+0000] {dagbag.py:587} INFO - Filling up the DagBag from /home/airflow/.local/lib/python3.12/site-packages/airflow/example_dags/example_sla_dag.py
[2024-09-12T14:31:53.854+0000] {processor.py:925} INFO - DAG(s) 'example_sla_dag' retrieved from /home/airflow/.local/lib/python3.12/site-packages/airflow/example_dags/example_sla_dag.py
[2024-09-12T14:31:53.898+0000] {logging_mixin.py:190} INFO - [2024-09-12T14:31:53.898+0000] {dag.py:3229} INFO - Sync 1 DAGs
[2024-09-12T14:31:53.936+0000] {logging_mixin.py:190} INFO - [2024-09-12T14:31:53.935+0000] {dag.py:4156} INFO - Setting next_dagrun for example_sla_dag to 2024-09-12 14:28:00+00:00, run_after=2024-09-12 14:30:00+00:00
[2024-09-12T14:31:53.964+0000] {processor.py:208} INFO - Processing /home/airflow/.local/lib/python3.12/site-packages/airflow/example_dags/example_sla_dag.py took 0.137 seconds
[2024-09-12T14:32:24.286+0000] {processor.py:186} INFO - Started process (PID=1774) to work on /home/airflow/.local/lib/python3.12/site-packages/airflow/example_dags/example_sla_dag.py
[2024-09-12T14:32:24.287+0000] {processor.py:914} INFO - Processing file /home/airflow/.local/lib/python3.12/site-packages/airflow/example_dags/example_sla_dag.py for tasks to queue
[2024-09-12T14:32:24.290+0000] {logging_mixin.py:190} INFO - [2024-09-12T14:32:24.289+0000] {dagbag.py:587} INFO - Filling up the DagBag from /home/airflow/.local/lib/python3.12/site-packages/airflow/example_dags/example_sla_dag.py
[2024-09-12T14:32:24.300+0000] {processor.py:925} INFO - DAG(s) 'example_sla_dag' retrieved from /home/airflow/.local/lib/python3.12/site-packages/airflow/example_dags/example_sla_dag.py
[2024-09-12T14:32:24.321+0000] {logging_mixin.py:190} INFO - [2024-09-12T14:32:24.321+0000] {dag.py:3229} INFO - Sync 1 DAGs
[2024-09-12T14:32:24.350+0000] {logging_mixin.py:190} INFO - [2024-09-12T14:32:24.350+0000] {dag.py:4156} INFO - Setting next_dagrun for example_sla_dag to 2024-09-12 14:30:00+00:00, run_after=2024-09-12 14:32:00+00:00
[2024-09-12T14:32:24.368+0000] {processor.py:208} INFO - Processing /home/airflow/.local/lib/python3.12/site-packages/airflow/example_dags/example_sla_dag.py took 0.087 seconds
[2024-09-12T14:32:55.230+0000] {processor.py:186} INFO - Started process (PID=1836) to work on /home/airflow/.local/lib/python3.12/site-packages/airflow/example_dags/example_sla_dag.py
[2024-09-12T14:32:55.231+0000] {processor.py:914} INFO - Processing file /home/airflow/.local/lib/python3.12/site-packages/airflow/example_dags/example_sla_dag.py for tasks to queue
[2024-09-12T14:32:55.233+0000] {logging_mixin.py:190} INFO - [2024-09-12T14:32:55.233+0000] {dagbag.py:587} INFO - Filling up the DagBag from /home/airflow/.local/lib/python3.12/site-packages/airflow/example_dags/example_sla_dag.py
[2024-09-12T14:32:55.245+0000] {processor.py:925} INFO - DAG(s) 'example_sla_dag' retrieved from /home/airflow/.local/lib/python3.12/site-packages/airflow/example_dags/example_sla_dag.py
[2024-09-12T14:32:55.272+0000] {logging_mixin.py:190} INFO - [2024-09-12T14:32:55.271+0000] {dag.py:3229} INFO - Sync 1 DAGs
[2024-09-12T14:32:55.305+0000] {logging_mixin.py:190} INFO - [2024-09-12T14:32:55.305+0000] {dag.py:4156} INFO - Setting next_dagrun for example_sla_dag to 2024-09-12 14:30:00+00:00, run_after=2024-09-12 14:32:00+00:00
[2024-09-12T14:32:55.327+0000] {processor.py:208} INFO - Processing /home/airflow/.local/lib/python3.12/site-packages/airflow/example_dags/example_sla_dag.py took 0.105 seconds
[2024-09-12T14:33:57.346+0000] {processor.py:186} INFO - Started process (PID=1960) to work on /home/airflow/.local/lib/python3.12/site-packages/airflow/example_dags/example_sla_dag.py
[2024-09-12T14:33:57.347+0000] {processor.py:914} INFO - Processing file /home/airflow/.local/lib/python3.12/site-packages/airflow/example_dags/example_sla_dag.py for tasks to queue
[2024-09-12T14:33:57.350+0000] {logging_mixin.py:190} INFO - [2024-09-12T14:33:57.350+0000] {dagbag.py:587} INFO - Filling up the DagBag from /home/airflow/.local/lib/python3.12/site-packages/airflow/example_dags/example_sla_dag.py
[2024-09-12T14:33:57.364+0000] {processor.py:925} INFO - DAG(s) 'example_sla_dag' retrieved from /home/airflow/.local/lib/python3.12/site-packages/airflow/example_dags/example_sla_dag.py
[2024-09-12T14:33:57.412+0000] {logging_mixin.py:190} INFO - [2024-09-12T14:33:57.411+0000] {dag.py:3229} INFO - Sync 1 DAGs
[2024-09-12T14:33:57.501+0000] {logging_mixin.py:190} INFO - [2024-09-12T14:33:57.501+0000] {dag.py:4156} INFO - Setting next_dagrun for example_sla_dag to 2024-09-12 14:30:00+00:00, run_after=2024-09-12 14:32:00+00:00
[2024-09-12T14:33:57.526+0000] {processor.py:208} INFO - Processing /home/airflow/.local/lib/python3.12/site-packages/airflow/example_dags/example_sla_dag.py took 0.188 seconds
[2024-09-12T14:34:27.954+0000] {processor.py:186} INFO - Started process (PID=2022) to work on /home/airflow/.local/lib/python3.12/site-packages/airflow/example_dags/example_sla_dag.py
[2024-09-12T14:34:27.956+0000] {processor.py:914} INFO - Processing file /home/airflow/.local/lib/python3.12/site-packages/airflow/example_dags/example_sla_dag.py for tasks to queue
[2024-09-12T14:34:27.959+0000] {logging_mixin.py:190} INFO - [2024-09-12T14:34:27.959+0000] {dagbag.py:587} INFO - Filling up the DagBag from /home/airflow/.local/lib/python3.12/site-packages/airflow/example_dags/example_sla_dag.py
[2024-09-12T14:34:27.973+0000] {processor.py:925} INFO - DAG(s) 'example_sla_dag' retrieved from /home/airflow/.local/lib/python3.12/site-packages/airflow/example_dags/example_sla_dag.py
[2024-09-12T14:34:28.002+0000] {logging_mixin.py:190} INFO - [2024-09-12T14:34:28.002+0000] {dag.py:3229} INFO - Sync 1 DAGs
[2024-09-12T14:34:28.041+0000] {logging_mixin.py:190} INFO - [2024-09-12T14:34:28.040+0000] {dag.py:4156} INFO - Setting next_dagrun for example_sla_dag to 2024-09-12 14:32:00+00:00, run_after=2024-09-12 14:34:00+00:00
[2024-09-12T14:34:28.065+0000] {processor.py:208} INFO - Processing /home/airflow/.local/lib/python3.12/site-packages/airflow/example_dags/example_sla_dag.py took 0.119 seconds
[2024-09-12T14:34:59.704+0000] {processor.py:186} INFO - Started process (PID=2084) to work on /home/airflow/.local/lib/python3.12/site-packages/airflow/example_dags/example_sla_dag.py
[2024-09-12T14:34:59.705+0000] {processor.py:914} INFO - Processing file /home/airflow/.local/lib/python3.12/site-packages/airflow/example_dags/example_sla_dag.py for tasks to queue
[2024-09-12T14:34:59.708+0000] {logging_mixin.py:190} INFO - [2024-09-12T14:34:59.707+0000] {dagbag.py:587} INFO - Filling up the DagBag from /home/airflow/.local/lib/python3.12/site-packages/airflow/example_dags/example_sla_dag.py
[2024-09-12T14:34:59.719+0000] {processor.py:925} INFO - DAG(s) 'example_sla_dag' retrieved from /home/airflow/.local/lib/python3.12/site-packages/airflow/example_dags/example_sla_dag.py
[2024-09-12T14:34:59.741+0000] {logging_mixin.py:190} INFO - [2024-09-12T14:34:59.741+0000] {dag.py:3229} INFO - Sync 1 DAGs
[2024-09-12T14:34:59.811+0000] {logging_mixin.py:190} INFO - [2024-09-12T14:34:59.811+0000] {dag.py:4156} INFO - Setting next_dagrun for example_sla_dag to 2024-09-12 14:32:00+00:00, run_after=2024-09-12 14:34:00+00:00
[2024-09-12T14:34:59.829+0000] {processor.py:208} INFO - Processing /home/airflow/.local/lib/python3.12/site-packages/airflow/example_dags/example_sla_dag.py took 0.132 seconds
[2024-09-12T14:35:30.972+0000] {processor.py:186} INFO - Started process (PID=2153) to work on /home/airflow/.local/lib/python3.12/site-packages/airflow/example_dags/example_sla_dag.py
[2024-09-12T14:35:30.973+0000] {processor.py:914} INFO - Processing file /home/airflow/.local/lib/python3.12/site-packages/airflow/example_dags/example_sla_dag.py for tasks to queue
[2024-09-12T14:35:30.976+0000] {logging_mixin.py:190} INFO - [2024-09-12T14:35:30.976+0000] {dagbag.py:587} INFO - Filling up the DagBag from /home/airflow/.local/lib/python3.12/site-packages/airflow/example_dags/example_sla_dag.py
[2024-09-12T14:35:30.990+0000] {processor.py:925} INFO - DAG(s) 'example_sla_dag' retrieved from /home/airflow/.local/lib/python3.12/site-packages/airflow/example_dags/example_sla_dag.py
[2024-09-12T14:35:31.022+0000] {logging_mixin.py:190} INFO - [2024-09-12T14:35:31.022+0000] {dag.py:3229} INFO - Sync 1 DAGs
[2024-09-12T14:35:31.087+0000] {logging_mixin.py:190} INFO - [2024-09-12T14:35:31.086+0000] {dag.py:4156} INFO - Setting next_dagrun for example_sla_dag to 2024-09-12 14:32:00+00:00, run_after=2024-09-12 14:34:00+00:00
[2024-09-12T14:35:31.111+0000] {processor.py:208} INFO - Processing /home/airflow/.local/lib/python3.12/site-packages/airflow/example_dags/example_sla_dag.py took 0.147 seconds
[2024-09-12T14:36:03.617+0000] {processor.py:186} INFO - Started process (PID=2215) to work on /home/airflow/.local/lib/python3.12/site-packages/airflow/example_dags/example_sla_dag.py
[2024-09-12T14:36:03.619+0000] {processor.py:914} INFO - Processing file /home/airflow/.local/lib/python3.12/site-packages/airflow/example_dags/example_sla_dag.py for tasks to queue
[2024-09-12T14:36:03.622+0000] {logging_mixin.py:190} INFO - [2024-09-12T14:36:03.621+0000] {dagbag.py:587} INFO - Filling up the DagBag from /home/airflow/.local/lib/python3.12/site-packages/airflow/example_dags/example_sla_dag.py
[2024-09-12T14:36:03.689+0000] {processor.py:925} INFO - DAG(s) 'example_sla_dag' retrieved from /home/airflow/.local/lib/python3.12/site-packages/airflow/example_dags/example_sla_dag.py
[2024-09-12T14:36:03.721+0000] {logging_mixin.py:190} INFO - [2024-09-12T14:36:03.721+0000] {dag.py:3229} INFO - Sync 1 DAGs
[2024-09-12T14:36:03.889+0000] {logging_mixin.py:190} INFO - [2024-09-12T14:36:03.888+0000] {dag.py:4156} INFO - Setting next_dagrun for example_sla_dag to 2024-09-12 14:34:00+00:00, run_after=2024-09-12 14:36:00+00:00
[2024-09-12T14:36:03.991+0000] {processor.py:208} INFO - Processing /home/airflow/.local/lib/python3.12/site-packages/airflow/example_dags/example_sla_dag.py took 0.382 seconds
[2024-09-12T14:36:34.288+0000] {processor.py:186} INFO - Started process (PID=2277) to work on /home/airflow/.local/lib/python3.12/site-packages/airflow/example_dags/example_sla_dag.py
[2024-09-12T14:36:34.289+0000] {processor.py:914} INFO - Processing file /home/airflow/.local/lib/python3.12/site-packages/airflow/example_dags/example_sla_dag.py for tasks to queue
[2024-09-12T14:36:34.292+0000] {logging_mixin.py:190} INFO - [2024-09-12T14:36:34.292+0000] {dagbag.py:587} INFO - Filling up the DagBag from /home/airflow/.local/lib/python3.12/site-packages/airflow/example_dags/example_sla_dag.py
[2024-09-12T14:36:34.304+0000] {processor.py:925} INFO - DAG(s) 'example_sla_dag' retrieved from /home/airflow/.local/lib/python3.12/site-packages/airflow/example_dags/example_sla_dag.py
[2024-09-12T14:36:34.332+0000] {logging_mixin.py:190} INFO - [2024-09-12T14:36:34.331+0000] {dag.py:3229} INFO - Sync 1 DAGs
[2024-09-12T14:36:34.362+0000] {logging_mixin.py:190} INFO - [2024-09-12T14:36:34.362+0000] {dag.py:4156} INFO - Setting next_dagrun for example_sla_dag to 2024-09-12 14:34:00+00:00, run_after=2024-09-12 14:36:00+00:00
[2024-09-12T14:36:34.385+0000] {processor.py:208} INFO - Processing /home/airflow/.local/lib/python3.12/site-packages/airflow/example_dags/example_sla_dag.py took 0.104 seconds
[2024-09-12T14:37:05.056+0000] {processor.py:186} INFO - Started process (PID=2339) to work on /home/airflow/.local/lib/python3.12/site-packages/airflow/example_dags/example_sla_dag.py
[2024-09-12T14:37:05.057+0000] {processor.py:914} INFO - Processing file /home/airflow/.local/lib/python3.12/site-packages/airflow/example_dags/example_sla_dag.py for tasks to queue
[2024-09-12T14:37:05.060+0000] {logging_mixin.py:190} INFO - [2024-09-12T14:37:05.059+0000] {dagbag.py:587} INFO - Filling up the DagBag from /home/airflow/.local/lib/python3.12/site-packages/airflow/example_dags/example_sla_dag.py
[2024-09-12T14:37:05.084+0000] {processor.py:925} INFO - DAG(s) 'example_sla_dag' retrieved from /home/airflow/.local/lib/python3.12/site-packages/airflow/example_dags/example_sla_dag.py
[2024-09-12T14:37:05.107+0000] {logging_mixin.py:190} INFO - [2024-09-12T14:37:05.107+0000] {dag.py:3229} INFO - Sync 1 DAGs
[2024-09-12T14:37:05.138+0000] {logging_mixin.py:190} INFO - [2024-09-12T14:37:05.138+0000] {dag.py:4156} INFO - Setting next_dagrun for example_sla_dag to 2024-09-12 14:34:00+00:00, run_after=2024-09-12 14:36:00+00:00
[2024-09-12T14:37:05.156+0000] {processor.py:208} INFO - Processing /home/airflow/.local/lib/python3.12/site-packages/airflow/example_dags/example_sla_dag.py took 0.107 seconds
[2024-09-12T14:37:35.845+0000] {processor.py:186} INFO - Started process (PID=2401) to work on /home/airflow/.local/lib/python3.12/site-packages/airflow/example_dags/example_sla_dag.py
[2024-09-12T14:37:35.846+0000] {processor.py:914} INFO - Processing file /home/airflow/.local/lib/python3.12/site-packages/airflow/example_dags/example_sla_dag.py for tasks to queue
[2024-09-12T14:37:35.849+0000] {logging_mixin.py:190} INFO - [2024-09-12T14:37:35.849+0000] {dagbag.py:587} INFO - Filling up the DagBag from /home/airflow/.local/lib/python3.12/site-packages/airflow/example_dags/example_sla_dag.py
[2024-09-12T14:37:35.861+0000] {processor.py:925} INFO - DAG(s) 'example_sla_dag' retrieved from /home/airflow/.local/lib/python3.12/site-packages/airflow/example_dags/example_sla_dag.py
[2024-09-12T14:37:35.905+0000] {logging_mixin.py:190} INFO - [2024-09-12T14:37:35.905+0000] {dag.py:3229} INFO - Sync 1 DAGs
[2024-09-12T14:37:35.939+0000] {logging_mixin.py:190} INFO - [2024-09-12T14:37:35.938+0000] {dag.py:4156} INFO - Setting next_dagrun for example_sla_dag to 2024-09-12 14:34:00+00:00, run_after=2024-09-12 14:36:00+00:00
[2024-09-12T14:37:35.962+0000] {processor.py:208} INFO - Processing /home/airflow/.local/lib/python3.12/site-packages/airflow/example_dags/example_sla_dag.py took 0.124 seconds
[2024-09-12T14:38:06.015+0000] {processor.py:186} INFO - Started process (PID=2463) to work on /home/airflow/.local/lib/python3.12/site-packages/airflow/example_dags/example_sla_dag.py
[2024-09-12T14:38:06.016+0000] {processor.py:914} INFO - Processing file /home/airflow/.local/lib/python3.12/site-packages/airflow/example_dags/example_sla_dag.py for tasks to queue
[2024-09-12T14:38:06.019+0000] {logging_mixin.py:190} INFO - [2024-09-12T14:38:06.018+0000] {dagbag.py:587} INFO - Filling up the DagBag from /home/airflow/.local/lib/python3.12/site-packages/airflow/example_dags/example_sla_dag.py
[2024-09-12T14:38:06.031+0000] {processor.py:925} INFO - DAG(s) 'example_sla_dag' retrieved from /home/airflow/.local/lib/python3.12/site-packages/airflow/example_dags/example_sla_dag.py
[2024-09-12T14:38:06.054+0000] {logging_mixin.py:190} INFO - [2024-09-12T14:38:06.054+0000] {dag.py:3229} INFO - Sync 1 DAGs
[2024-09-12T14:38:06.084+0000] {logging_mixin.py:190} INFO - [2024-09-12T14:38:06.084+0000] {dag.py:4156} INFO - Setting next_dagrun for example_sla_dag to 2024-09-12 14:36:00+00:00, run_after=2024-09-12 14:38:00+00:00
[2024-09-12T14:38:06.106+0000] {processor.py:208} INFO - Processing /home/airflow/.local/lib/python3.12/site-packages/airflow/example_dags/example_sla_dag.py took 0.099 seconds
[2024-09-12T14:38:38.781+0000] {processor.py:186} INFO - Started process (PID=2525) to work on /home/airflow/.local/lib/python3.12/site-packages/airflow/example_dags/example_sla_dag.py
[2024-09-12T14:38:38.782+0000] {processor.py:914} INFO - Processing file /home/airflow/.local/lib/python3.12/site-packages/airflow/example_dags/example_sla_dag.py for tasks to queue
[2024-09-12T14:38:38.785+0000] {logging_mixin.py:190} INFO - [2024-09-12T14:38:38.784+0000] {dagbag.py:587} INFO - Filling up the DagBag from /home/airflow/.local/lib/python3.12/site-packages/airflow/example_dags/example_sla_dag.py
[2024-09-12T14:38:38.797+0000] {processor.py:925} INFO - DAG(s) 'example_sla_dag' retrieved from /home/airflow/.local/lib/python3.12/site-packages/airflow/example_dags/example_sla_dag.py
[2024-09-12T14:38:38.821+0000] {logging_mixin.py:190} INFO - [2024-09-12T14:38:38.820+0000] {dag.py:3229} INFO - Sync 1 DAGs
[2024-09-12T14:38:38.894+0000] {logging_mixin.py:190} INFO - [2024-09-12T14:38:38.894+0000] {dag.py:4156} INFO - Setting next_dagrun for example_sla_dag to 2024-09-12 14:36:00+00:00, run_after=2024-09-12 14:38:00+00:00
[2024-09-12T14:38:38.916+0000] {processor.py:208} INFO - Processing /home/airflow/.local/lib/python3.12/site-packages/airflow/example_dags/example_sla_dag.py took 0.174 seconds
