[2024-09-12T14:00:50.744+0000] {processor.py:186} INFO - Started process (PID=80) to work on /home/airflow/.local/lib/python3.12/site-packages/airflow/example_dags/example_external_task_marker_dag.py
[2024-09-12T14:00:50.781+0000] {processor.py:914} INFO - Processing file /home/airflow/.local/lib/python3.12/site-packages/airflow/example_dags/example_external_task_marker_dag.py for tasks to queue
[2024-09-12T14:00:50.784+0000] {logging_mixin.py:190} INFO - [2024-09-12T14:00:50.783+0000] {dagbag.py:587} INFO - Filling up the DagBag from /home/airflow/.local/lib/python3.12/site-packages/airflow/example_dags/example_external_task_marker_dag.py
[2024-09-12T14:00:50.794+0000] {processor.py:925} INFO - DAG(s) 'example_external_task_marker_child', 'example_external_task_marker_parent' retrieved from /home/airflow/.local/lib/python3.12/site-packages/airflow/example_dags/example_external_task_marker_dag.py
[2024-09-12T14:00:51.019+0000] {logging_mixin.py:190} INFO - [2024-09-12T14:00:51.018+0000] {override.py:1900} INFO - Created Permission View: can read on DAG:example_external_task_marker_child
[2024-09-12T14:00:51.031+0000] {logging_mixin.py:190} INFO - [2024-09-12T14:00:51.030+0000] {override.py:1900} INFO - Created Permission View: can delete on DAG:example_external_task_marker_child
[2024-09-12T14:00:51.039+0000] {logging_mixin.py:190} INFO - [2024-09-12T14:00:51.038+0000] {override.py:1900} INFO - Created Permission View: can edit on DAG:example_external_task_marker_child
[2024-09-12T14:00:51.086+0000] {logging_mixin.py:190} INFO - [2024-09-12T14:00:51.085+0000] {override.py:1900} INFO - Created Permission View: can read on DAG Run:example_external_task_marker_child
[2024-09-12T14:00:51.093+0000] {logging_mixin.py:190} INFO - [2024-09-12T14:00:51.092+0000] {override.py:1900} INFO - Created Permission View: can create on DAG Run:example_external_task_marker_child
[2024-09-12T14:00:51.100+0000] {logging_mixin.py:190} INFO - [2024-09-12T14:00:51.100+0000] {override.py:1900} INFO - Created Permission View: can delete on DAG Run:example_external_task_marker_child
[2024-09-12T14:00:51.108+0000] {logging_mixin.py:190} INFO - [2024-09-12T14:00:51.108+0000] {override.py:1900} INFO - Created Permission View: menu access on DAG Run:example_external_task_marker_child
[2024-09-12T14:00:51.124+0000] {logging_mixin.py:190} INFO - [2024-09-12T14:00:51.123+0000] {override.py:1900} INFO - Created Permission View: can read on DAG:example_external_task_marker_parent
[2024-09-12T14:00:51.182+0000] {logging_mixin.py:190} INFO - [2024-09-12T14:00:51.181+0000] {override.py:1900} INFO - Created Permission View: can delete on DAG:example_external_task_marker_parent
[2024-09-12T14:00:51.190+0000] {logging_mixin.py:190} INFO - [2024-09-12T14:00:51.189+0000] {override.py:1900} INFO - Created Permission View: can edit on DAG:example_external_task_marker_parent
[2024-09-12T14:00:51.198+0000] {logging_mixin.py:190} INFO - [2024-09-12T14:00:51.197+0000] {override.py:1900} INFO - Created Permission View: can read on DAG Run:example_external_task_marker_parent
[2024-09-12T14:00:51.210+0000] {logging_mixin.py:190} INFO - [2024-09-12T14:00:51.209+0000] {override.py:1900} INFO - Created Permission View: can create on DAG Run:example_external_task_marker_parent
[2024-09-12T14:00:51.218+0000] {logging_mixin.py:190} INFO - [2024-09-12T14:00:51.218+0000] {override.py:1900} INFO - Created Permission View: can delete on DAG Run:example_external_task_marker_parent
[2024-09-12T14:00:51.227+0000] {logging_mixin.py:190} INFO - [2024-09-12T14:00:51.227+0000] {override.py:1900} INFO - Created Permission View: menu access on DAG Run:example_external_task_marker_parent
[2024-09-12T14:00:51.228+0000] {logging_mixin.py:190} INFO - [2024-09-12T14:00:51.227+0000] {dag.py:3229} INFO - Sync 2 DAGs
[2024-09-12T14:00:51.281+0000] {logging_mixin.py:190} INFO - [2024-09-12T14:00:51.281+0000] {dag.py:3252} INFO - Creating ORM DAG for example_external_task_marker_parent
[2024-09-12T14:00:51.282+0000] {logging_mixin.py:190} INFO - [2024-09-12T14:00:51.282+0000] {dag.py:3252} INFO - Creating ORM DAG for example_external_task_marker_child
[2024-09-12T14:00:51.283+0000] {logging_mixin.py:190} INFO - [2024-09-12T14:00:51.283+0000] {dag.py:4156} INFO - Setting next_dagrun for example_external_task_marker_child to None, run_after=None
[2024-09-12T14:00:51.284+0000] {logging_mixin.py:190} INFO - [2024-09-12T14:00:51.283+0000] {dag.py:4156} INFO - Setting next_dagrun for example_external_task_marker_parent to None, run_after=None
[2024-09-12T14:00:51.305+0000] {processor.py:208} INFO - Processing /home/airflow/.local/lib/python3.12/site-packages/airflow/example_dags/example_external_task_marker_dag.py took 0.568 seconds
