[2024-09-12T14:00:51.921+0000] {processor.py:186} INFO - Started process (PID=83) to work on /home/airflow/.local/lib/python3.12/site-packages/airflow/example_dags/example_latest_only.py
[2024-09-12T14:00:51.922+0000] {processor.py:914} INFO - Processing file /home/airflow/.local/lib/python3.12/site-packages/airflow/example_dags/example_latest_only.py for tasks to queue
[2024-09-12T14:00:51.925+0000] {logging_mixin.py:190} INFO - [2024-09-12T14:00:51.924+0000] {dagbag.py:587} INFO - Filling up the DagBag from /home/airflow/.local/lib/python3.12/site-packages/airflow/example_dags/example_latest_only.py
[2024-09-12T14:00:51.936+0000] {processor.py:925} INFO - DAG(s) 'latest_only' retrieved from /home/airflow/.local/lib/python3.12/site-packages/airflow/example_dags/example_latest_only.py
[2024-09-12T14:00:52.282+0000] {logging_mixin.py:190} INFO - [2024-09-12T14:00:52.281+0000] {override.py:1900} INFO - Created Permission View: can read on DAG:latest_only
[2024-09-12T14:00:52.296+0000] {logging_mixin.py:190} INFO - [2024-09-12T14:00:52.295+0000] {override.py:1900} INFO - Created Permission View: can delete on DAG:latest_only
[2024-09-12T14:00:52.304+0000] {logging_mixin.py:190} INFO - [2024-09-12T14:00:52.304+0000] {override.py:1900} INFO - Created Permission View: can edit on DAG:latest_only
[2024-09-12T14:00:52.314+0000] {logging_mixin.py:190} INFO - [2024-09-12T14:00:52.314+0000] {override.py:1900} INFO - Created Permission View: can read on DAG Run:latest_only
[2024-09-12T14:00:52.323+0000] {logging_mixin.py:190} INFO - [2024-09-12T14:00:52.322+0000] {override.py:1900} INFO - Created Permission View: can create on DAG Run:latest_only
[2024-09-12T14:00:52.385+0000] {logging_mixin.py:190} INFO - [2024-09-12T14:00:52.384+0000] {override.py:1900} INFO - Created Permission View: can delete on DAG Run:latest_only
[2024-09-12T14:00:52.394+0000] {logging_mixin.py:190} INFO - [2024-09-12T14:00:52.394+0000] {override.py:1900} INFO - Created Permission View: menu access on DAG Run:latest_only
[2024-09-12T14:00:52.395+0000] {logging_mixin.py:190} INFO - [2024-09-12T14:00:52.395+0000] {dag.py:3229} INFO - Sync 1 DAGs
[2024-09-12T14:00:52.498+0000] {logging_mixin.py:190} INFO - [2024-09-12T14:00:52.498+0000] {dag.py:3252} INFO - Creating ORM DAG for latest_only
[2024-09-12T14:00:52.583+0000] {logging_mixin.py:190} INFO - [2024-09-12T14:00:52.582+0000] {dag.py:4156} INFO - Setting next_dagrun for latest_only to 2024-09-12 08:00:00+00:00, run_after=2024-09-12 12:00:00+00:00
[2024-09-12T14:00:52.603+0000] {processor.py:208} INFO - Processing /home/airflow/.local/lib/python3.12/site-packages/airflow/example_dags/example_latest_only.py took 0.689 seconds
[2024-09-12T14:01:23.438+0000] {processor.py:186} INFO - Started process (PID=145) to work on /home/airflow/.local/lib/python3.12/site-packages/airflow/example_dags/example_latest_only.py
[2024-09-12T14:01:23.439+0000] {processor.py:914} INFO - Processing file /home/airflow/.local/lib/python3.12/site-packages/airflow/example_dags/example_latest_only.py for tasks to queue
[2024-09-12T14:01:23.442+0000] {logging_mixin.py:190} INFO - [2024-09-12T14:01:23.441+0000] {dagbag.py:587} INFO - Filling up the DagBag from /home/airflow/.local/lib/python3.12/site-packages/airflow/example_dags/example_latest_only.py
[2024-09-12T14:01:23.450+0000] {processor.py:925} INFO - DAG(s) 'latest_only' retrieved from /home/airflow/.local/lib/python3.12/site-packages/airflow/example_dags/example_latest_only.py
[2024-09-12T14:01:23.478+0000] {logging_mixin.py:190} INFO - [2024-09-12T14:01:23.477+0000] {dag.py:3229} INFO - Sync 1 DAGs
[2024-09-12T14:01:23.510+0000] {logging_mixin.py:190} INFO - [2024-09-12T14:01:23.509+0000] {dag.py:4156} INFO - Setting next_dagrun for latest_only to 2024-09-12 08:00:00+00:00, run_after=2024-09-12 12:00:00+00:00
[2024-09-12T14:01:23.534+0000] {processor.py:208} INFO - Processing /home/airflow/.local/lib/python3.12/site-packages/airflow/example_dags/example_latest_only.py took 0.103 seconds
[2024-09-12T14:01:53.626+0000] {processor.py:186} INFO - Started process (PID=207) to work on /home/airflow/.local/lib/python3.12/site-packages/airflow/example_dags/example_latest_only.py
[2024-09-12T14:01:53.627+0000] {processor.py:914} INFO - Processing file /home/airflow/.local/lib/python3.12/site-packages/airflow/example_dags/example_latest_only.py for tasks to queue
[2024-09-12T14:01:53.630+0000] {logging_mixin.py:190} INFO - [2024-09-12T14:01:53.630+0000] {dagbag.py:587} INFO - Filling up the DagBag from /home/airflow/.local/lib/python3.12/site-packages/airflow/example_dags/example_latest_only.py
[2024-09-12T14:01:53.639+0000] {processor.py:925} INFO - DAG(s) 'latest_only' retrieved from /home/airflow/.local/lib/python3.12/site-packages/airflow/example_dags/example_latest_only.py
[2024-09-12T14:01:53.665+0000] {logging_mixin.py:190} INFO - [2024-09-12T14:01:53.665+0000] {dag.py:3229} INFO - Sync 1 DAGs
[2024-09-12T14:01:53.698+0000] {logging_mixin.py:190} INFO - [2024-09-12T14:01:53.698+0000] {dag.py:4156} INFO - Setting next_dagrun for latest_only to 2024-09-12 08:00:00+00:00, run_after=2024-09-12 12:00:00+00:00
[2024-09-12T14:01:53.721+0000] {processor.py:208} INFO - Processing /home/airflow/.local/lib/python3.12/site-packages/airflow/example_dags/example_latest_only.py took 0.102 seconds
[2024-09-12T14:02:24.244+0000] {processor.py:186} INFO - Started process (PID=269) to work on /home/airflow/.local/lib/python3.12/site-packages/airflow/example_dags/example_latest_only.py
[2024-09-12T14:02:24.245+0000] {processor.py:914} INFO - Processing file /home/airflow/.local/lib/python3.12/site-packages/airflow/example_dags/example_latest_only.py for tasks to queue
[2024-09-12T14:02:24.248+0000] {logging_mixin.py:190} INFO - [2024-09-12T14:02:24.248+0000] {dagbag.py:587} INFO - Filling up the DagBag from /home/airflow/.local/lib/python3.12/site-packages/airflow/example_dags/example_latest_only.py
[2024-09-12T14:02:24.258+0000] {processor.py:925} INFO - DAG(s) 'latest_only' retrieved from /home/airflow/.local/lib/python3.12/site-packages/airflow/example_dags/example_latest_only.py
[2024-09-12T14:02:24.283+0000] {logging_mixin.py:190} INFO - [2024-09-12T14:02:24.282+0000] {dag.py:3229} INFO - Sync 1 DAGs
[2024-09-12T14:02:24.311+0000] {logging_mixin.py:190} INFO - [2024-09-12T14:02:24.311+0000] {dag.py:4156} INFO - Setting next_dagrun for latest_only to 2024-09-12 08:00:00+00:00, run_after=2024-09-12 12:00:00+00:00
[2024-09-12T14:02:24.353+0000] {processor.py:208} INFO - Processing /home/airflow/.local/lib/python3.12/site-packages/airflow/example_dags/example_latest_only.py took 0.116 seconds
[2024-09-12T14:02:54.720+0000] {processor.py:186} INFO - Started process (PID=331) to work on /home/airflow/.local/lib/python3.12/site-packages/airflow/example_dags/example_latest_only.py
[2024-09-12T14:02:54.721+0000] {processor.py:914} INFO - Processing file /home/airflow/.local/lib/python3.12/site-packages/airflow/example_dags/example_latest_only.py for tasks to queue
[2024-09-12T14:02:54.723+0000] {logging_mixin.py:190} INFO - [2024-09-12T14:02:54.723+0000] {dagbag.py:587} INFO - Filling up the DagBag from /home/airflow/.local/lib/python3.12/site-packages/airflow/example_dags/example_latest_only.py
[2024-09-12T14:02:54.789+0000] {processor.py:925} INFO - DAG(s) 'latest_only' retrieved from /home/airflow/.local/lib/python3.12/site-packages/airflow/example_dags/example_latest_only.py
[2024-09-12T14:02:54.812+0000] {logging_mixin.py:190} INFO - [2024-09-12T14:02:54.811+0000] {dag.py:3229} INFO - Sync 1 DAGs
[2024-09-12T14:02:54.898+0000] {logging_mixin.py:190} INFO - [2024-09-12T14:02:54.898+0000] {dag.py:4156} INFO - Setting next_dagrun for latest_only to 2024-09-12 08:00:00+00:00, run_after=2024-09-12 12:00:00+00:00
[2024-09-12T14:02:54.984+0000] {processor.py:208} INFO - Processing /home/airflow/.local/lib/python3.12/site-packages/airflow/example_dags/example_latest_only.py took 0.271 seconds
[2024-09-12T14:03:25.104+0000] {processor.py:186} INFO - Started process (PID=393) to work on /home/airflow/.local/lib/python3.12/site-packages/airflow/example_dags/example_latest_only.py
[2024-09-12T14:03:25.105+0000] {processor.py:914} INFO - Processing file /home/airflow/.local/lib/python3.12/site-packages/airflow/example_dags/example_latest_only.py for tasks to queue
[2024-09-12T14:03:25.108+0000] {logging_mixin.py:190} INFO - [2024-09-12T14:03:25.108+0000] {dagbag.py:587} INFO - Filling up the DagBag from /home/airflow/.local/lib/python3.12/site-packages/airflow/example_dags/example_latest_only.py
[2024-09-12T14:03:25.117+0000] {processor.py:925} INFO - DAG(s) 'latest_only' retrieved from /home/airflow/.local/lib/python3.12/site-packages/airflow/example_dags/example_latest_only.py
[2024-09-12T14:03:25.145+0000] {logging_mixin.py:190} INFO - [2024-09-12T14:03:25.144+0000] {dag.py:3229} INFO - Sync 1 DAGs
[2024-09-12T14:03:25.176+0000] {logging_mixin.py:190} INFO - [2024-09-12T14:03:25.175+0000] {dag.py:4156} INFO - Setting next_dagrun for latest_only to 2024-09-12 08:00:00+00:00, run_after=2024-09-12 12:00:00+00:00
[2024-09-12T14:03:25.198+0000] {processor.py:208} INFO - Processing /home/airflow/.local/lib/python3.12/site-packages/airflow/example_dags/example_latest_only.py took 0.101 seconds
[2024-09-12T14:03:55.668+0000] {processor.py:186} INFO - Started process (PID=455) to work on /home/airflow/.local/lib/python3.12/site-packages/airflow/example_dags/example_latest_only.py
[2024-09-12T14:03:55.669+0000] {processor.py:914} INFO - Processing file /home/airflow/.local/lib/python3.12/site-packages/airflow/example_dags/example_latest_only.py for tasks to queue
[2024-09-12T14:03:55.671+0000] {logging_mixin.py:190} INFO - [2024-09-12T14:03:55.671+0000] {dagbag.py:587} INFO - Filling up the DagBag from /home/airflow/.local/lib/python3.12/site-packages/airflow/example_dags/example_latest_only.py
[2024-09-12T14:03:55.678+0000] {processor.py:925} INFO - DAG(s) 'latest_only' retrieved from /home/airflow/.local/lib/python3.12/site-packages/airflow/example_dags/example_latest_only.py
[2024-09-12T14:03:55.699+0000] {logging_mixin.py:190} INFO - [2024-09-12T14:03:55.699+0000] {dag.py:3229} INFO - Sync 1 DAGs
[2024-09-12T14:03:55.724+0000] {logging_mixin.py:190} INFO - [2024-09-12T14:03:55.723+0000] {dag.py:4156} INFO - Setting next_dagrun for latest_only to 2024-09-12 08:00:00+00:00, run_after=2024-09-12 12:00:00+00:00
[2024-09-12T14:03:55.744+0000] {processor.py:208} INFO - Processing /home/airflow/.local/lib/python3.12/site-packages/airflow/example_dags/example_latest_only.py took 0.082 seconds
[2024-09-12T14:04:26.127+0000] {processor.py:186} INFO - Started process (PID=517) to work on /home/airflow/.local/lib/python3.12/site-packages/airflow/example_dags/example_latest_only.py
[2024-09-12T14:04:26.129+0000] {processor.py:914} INFO - Processing file /home/airflow/.local/lib/python3.12/site-packages/airflow/example_dags/example_latest_only.py for tasks to queue
[2024-09-12T14:04:26.131+0000] {logging_mixin.py:190} INFO - [2024-09-12T14:04:26.131+0000] {dagbag.py:587} INFO - Filling up the DagBag from /home/airflow/.local/lib/python3.12/site-packages/airflow/example_dags/example_latest_only.py
[2024-09-12T14:04:26.138+0000] {processor.py:925} INFO - DAG(s) 'latest_only' retrieved from /home/airflow/.local/lib/python3.12/site-packages/airflow/example_dags/example_latest_only.py
[2024-09-12T14:04:26.159+0000] {logging_mixin.py:190} INFO - [2024-09-12T14:04:26.159+0000] {dag.py:3229} INFO - Sync 1 DAGs
[2024-09-12T14:04:26.183+0000] {logging_mixin.py:190} INFO - [2024-09-12T14:04:26.183+0000] {dag.py:4156} INFO - Setting next_dagrun for latest_only to 2024-09-12 08:00:00+00:00, run_after=2024-09-12 12:00:00+00:00
[2024-09-12T14:04:26.200+0000] {processor.py:208} INFO - Processing /home/airflow/.local/lib/python3.12/site-packages/airflow/example_dags/example_latest_only.py took 0.079 seconds
[2024-09-12T14:04:56.886+0000] {processor.py:186} INFO - Started process (PID=579) to work on /home/airflow/.local/lib/python3.12/site-packages/airflow/example_dags/example_latest_only.py
[2024-09-12T14:04:56.887+0000] {processor.py:914} INFO - Processing file /home/airflow/.local/lib/python3.12/site-packages/airflow/example_dags/example_latest_only.py for tasks to queue
[2024-09-12T14:04:56.890+0000] {logging_mixin.py:190} INFO - [2024-09-12T14:04:56.889+0000] {dagbag.py:587} INFO - Filling up the DagBag from /home/airflow/.local/lib/python3.12/site-packages/airflow/example_dags/example_latest_only.py
[2024-09-12T14:04:56.897+0000] {processor.py:925} INFO - DAG(s) 'latest_only' retrieved from /home/airflow/.local/lib/python3.12/site-packages/airflow/example_dags/example_latest_only.py
[2024-09-12T14:04:56.918+0000] {logging_mixin.py:190} INFO - [2024-09-12T14:04:56.918+0000] {dag.py:3229} INFO - Sync 1 DAGs
[2024-09-12T14:04:56.944+0000] {logging_mixin.py:190} INFO - [2024-09-12T14:04:56.944+0000] {dag.py:4156} INFO - Setting next_dagrun for latest_only to 2024-09-12 08:00:00+00:00, run_after=2024-09-12 12:00:00+00:00
[2024-09-12T14:04:56.964+0000] {processor.py:208} INFO - Processing /home/airflow/.local/lib/python3.12/site-packages/airflow/example_dags/example_latest_only.py took 0.083 seconds
[2024-09-12T14:05:27.630+0000] {processor.py:186} INFO - Started process (PID=641) to work on /home/airflow/.local/lib/python3.12/site-packages/airflow/example_dags/example_latest_only.py
[2024-09-12T14:05:27.631+0000] {processor.py:914} INFO - Processing file /home/airflow/.local/lib/python3.12/site-packages/airflow/example_dags/example_latest_only.py for tasks to queue
[2024-09-12T14:05:27.634+0000] {logging_mixin.py:190} INFO - [2024-09-12T14:05:27.633+0000] {dagbag.py:587} INFO - Filling up the DagBag from /home/airflow/.local/lib/python3.12/site-packages/airflow/example_dags/example_latest_only.py
[2024-09-12T14:05:27.642+0000] {processor.py:925} INFO - DAG(s) 'latest_only' retrieved from /home/airflow/.local/lib/python3.12/site-packages/airflow/example_dags/example_latest_only.py
[2024-09-12T14:05:27.666+0000] {logging_mixin.py:190} INFO - [2024-09-12T14:05:27.666+0000] {dag.py:3229} INFO - Sync 1 DAGs
[2024-09-12T14:05:27.698+0000] {logging_mixin.py:190} INFO - [2024-09-12T14:05:27.698+0000] {dag.py:4156} INFO - Setting next_dagrun for latest_only to 2024-09-12 08:00:00+00:00, run_after=2024-09-12 12:00:00+00:00
[2024-09-12T14:05:27.722+0000] {processor.py:208} INFO - Processing /home/airflow/.local/lib/python3.12/site-packages/airflow/example_dags/example_latest_only.py took 0.098 seconds
[2024-09-12T14:05:58.086+0000] {processor.py:186} INFO - Started process (PID=703) to work on /home/airflow/.local/lib/python3.12/site-packages/airflow/example_dags/example_latest_only.py
[2024-09-12T14:05:58.087+0000] {processor.py:914} INFO - Processing file /home/airflow/.local/lib/python3.12/site-packages/airflow/example_dags/example_latest_only.py for tasks to queue
[2024-09-12T14:05:58.091+0000] {logging_mixin.py:190} INFO - [2024-09-12T14:05:58.090+0000] {dagbag.py:587} INFO - Filling up the DagBag from /home/airflow/.local/lib/python3.12/site-packages/airflow/example_dags/example_latest_only.py
[2024-09-12T14:05:58.099+0000] {processor.py:925} INFO - DAG(s) 'latest_only' retrieved from /home/airflow/.local/lib/python3.12/site-packages/airflow/example_dags/example_latest_only.py
[2024-09-12T14:05:58.125+0000] {logging_mixin.py:190} INFO - [2024-09-12T14:05:58.125+0000] {dag.py:3229} INFO - Sync 1 DAGs
[2024-09-12T14:05:58.153+0000] {logging_mixin.py:190} INFO - [2024-09-12T14:05:58.153+0000] {dag.py:4156} INFO - Setting next_dagrun for latest_only to 2024-09-12 08:00:00+00:00, run_after=2024-09-12 12:00:00+00:00
[2024-09-12T14:05:58.175+0000] {processor.py:208} INFO - Processing /home/airflow/.local/lib/python3.12/site-packages/airflow/example_dags/example_latest_only.py took 0.096 seconds
[2024-09-12T14:06:28.415+0000] {processor.py:186} INFO - Started process (PID=765) to work on /home/airflow/.local/lib/python3.12/site-packages/airflow/example_dags/example_latest_only.py
[2024-09-12T14:06:28.416+0000] {processor.py:914} INFO - Processing file /home/airflow/.local/lib/python3.12/site-packages/airflow/example_dags/example_latest_only.py for tasks to queue
[2024-09-12T14:06:28.419+0000] {logging_mixin.py:190} INFO - [2024-09-12T14:06:28.418+0000] {dagbag.py:587} INFO - Filling up the DagBag from /home/airflow/.local/lib/python3.12/site-packages/airflow/example_dags/example_latest_only.py
[2024-09-12T14:06:28.427+0000] {processor.py:925} INFO - DAG(s) 'latest_only' retrieved from /home/airflow/.local/lib/python3.12/site-packages/airflow/example_dags/example_latest_only.py
[2024-09-12T14:06:28.487+0000] {logging_mixin.py:190} INFO - [2024-09-12T14:06:28.487+0000] {dag.py:3229} INFO - Sync 1 DAGs
[2024-09-12T14:06:28.513+0000] {logging_mixin.py:190} INFO - [2024-09-12T14:06:28.512+0000] {dag.py:4156} INFO - Setting next_dagrun for latest_only to 2024-09-12 08:00:00+00:00, run_after=2024-09-12 12:00:00+00:00
[2024-09-12T14:06:28.533+0000] {processor.py:208} INFO - Processing /home/airflow/.local/lib/python3.12/site-packages/airflow/example_dags/example_latest_only.py took 0.125 seconds
[2024-09-12T14:06:58.746+0000] {processor.py:186} INFO - Started process (PID=827) to work on /home/airflow/.local/lib/python3.12/site-packages/airflow/example_dags/example_latest_only.py
[2024-09-12T14:06:58.747+0000] {processor.py:914} INFO - Processing file /home/airflow/.local/lib/python3.12/site-packages/airflow/example_dags/example_latest_only.py for tasks to queue
[2024-09-12T14:06:58.750+0000] {logging_mixin.py:190} INFO - [2024-09-12T14:06:58.750+0000] {dagbag.py:587} INFO - Filling up the DagBag from /home/airflow/.local/lib/python3.12/site-packages/airflow/example_dags/example_latest_only.py
[2024-09-12T14:06:58.787+0000] {processor.py:925} INFO - DAG(s) 'latest_only' retrieved from /home/airflow/.local/lib/python3.12/site-packages/airflow/example_dags/example_latest_only.py
[2024-09-12T14:06:58.810+0000] {logging_mixin.py:190} INFO - [2024-09-12T14:06:58.809+0000] {dag.py:3229} INFO - Sync 1 DAGs
[2024-09-12T14:06:58.833+0000] {logging_mixin.py:190} INFO - [2024-09-12T14:06:58.832+0000] {dag.py:4156} INFO - Setting next_dagrun for latest_only to 2024-09-12 08:00:00+00:00, run_after=2024-09-12 12:00:00+00:00
[2024-09-12T14:06:58.849+0000] {processor.py:208} INFO - Processing /home/airflow/.local/lib/python3.12/site-packages/airflow/example_dags/example_latest_only.py took 0.109 seconds
[2024-09-12T14:07:29.702+0000] {processor.py:186} INFO - Started process (PID=889) to work on /home/airflow/.local/lib/python3.12/site-packages/airflow/example_dags/example_latest_only.py
[2024-09-12T14:07:29.703+0000] {processor.py:914} INFO - Processing file /home/airflow/.local/lib/python3.12/site-packages/airflow/example_dags/example_latest_only.py for tasks to queue
[2024-09-12T14:07:29.706+0000] {logging_mixin.py:190} INFO - [2024-09-12T14:07:29.706+0000] {dagbag.py:587} INFO - Filling up the DagBag from /home/airflow/.local/lib/python3.12/site-packages/airflow/example_dags/example_latest_only.py
[2024-09-12T14:07:29.714+0000] {processor.py:925} INFO - DAG(s) 'latest_only' retrieved from /home/airflow/.local/lib/python3.12/site-packages/airflow/example_dags/example_latest_only.py
[2024-09-12T14:07:29.797+0000] {logging_mixin.py:190} INFO - [2024-09-12T14:07:29.796+0000] {dag.py:3229} INFO - Sync 1 DAGs
[2024-09-12T14:07:29.822+0000] {logging_mixin.py:190} INFO - [2024-09-12T14:07:29.822+0000] {dag.py:4156} INFO - Setting next_dagrun for latest_only to 2024-09-12 08:00:00+00:00, run_after=2024-09-12 12:00:00+00:00
[2024-09-12T14:07:29.899+0000] {processor.py:208} INFO - Processing /home/airflow/.local/lib/python3.12/site-packages/airflow/example_dags/example_latest_only.py took 0.204 seconds
[2024-09-12T14:08:00.007+0000] {processor.py:186} INFO - Started process (PID=950) to work on /home/airflow/.local/lib/python3.12/site-packages/airflow/example_dags/example_latest_only.py
[2024-09-12T14:08:00.008+0000] {processor.py:914} INFO - Processing file /home/airflow/.local/lib/python3.12/site-packages/airflow/example_dags/example_latest_only.py for tasks to queue
[2024-09-12T14:08:00.011+0000] {logging_mixin.py:190} INFO - [2024-09-12T14:08:00.011+0000] {dagbag.py:587} INFO - Filling up the DagBag from /home/airflow/.local/lib/python3.12/site-packages/airflow/example_dags/example_latest_only.py
[2024-09-12T14:08:00.020+0000] {processor.py:925} INFO - DAG(s) 'latest_only' retrieved from /home/airflow/.local/lib/python3.12/site-packages/airflow/example_dags/example_latest_only.py
[2024-09-12T14:08:00.045+0000] {logging_mixin.py:190} INFO - [2024-09-12T14:08:00.045+0000] {dag.py:3229} INFO - Sync 1 DAGs
[2024-09-12T14:08:00.082+0000] {logging_mixin.py:190} INFO - [2024-09-12T14:08:00.082+0000] {dag.py:4156} INFO - Setting next_dagrun for latest_only to 2024-09-12 08:00:00+00:00, run_after=2024-09-12 12:00:00+00:00
[2024-09-12T14:08:00.104+0000] {processor.py:208} INFO - Processing /home/airflow/.local/lib/python3.12/site-packages/airflow/example_dags/example_latest_only.py took 0.105 seconds
[2024-09-12T14:08:30.354+0000] {processor.py:186} INFO - Started process (PID=1012) to work on /home/airflow/.local/lib/python3.12/site-packages/airflow/example_dags/example_latest_only.py
[2024-09-12T14:08:30.355+0000] {processor.py:914} INFO - Processing file /home/airflow/.local/lib/python3.12/site-packages/airflow/example_dags/example_latest_only.py for tasks to queue
[2024-09-12T14:08:30.358+0000] {logging_mixin.py:190} INFO - [2024-09-12T14:08:30.358+0000] {dagbag.py:587} INFO - Filling up the DagBag from /home/airflow/.local/lib/python3.12/site-packages/airflow/example_dags/example_latest_only.py
[2024-09-12T14:08:30.367+0000] {processor.py:925} INFO - DAG(s) 'latest_only' retrieved from /home/airflow/.local/lib/python3.12/site-packages/airflow/example_dags/example_latest_only.py
[2024-09-12T14:08:30.392+0000] {logging_mixin.py:190} INFO - [2024-09-12T14:08:30.391+0000] {dag.py:3229} INFO - Sync 1 DAGs
[2024-09-12T14:08:30.424+0000] {logging_mixin.py:190} INFO - [2024-09-12T14:08:30.424+0000] {dag.py:4156} INFO - Setting next_dagrun for latest_only to 2024-09-12 08:00:00+00:00, run_after=2024-09-12 12:00:00+00:00
[2024-09-12T14:08:30.444+0000] {processor.py:208} INFO - Processing /home/airflow/.local/lib/python3.12/site-packages/airflow/example_dags/example_latest_only.py took 0.097 seconds
[2024-09-12T14:09:01.479+0000] {processor.py:186} INFO - Started process (PID=1074) to work on /home/airflow/.local/lib/python3.12/site-packages/airflow/example_dags/example_latest_only.py
[2024-09-12T14:09:01.480+0000] {processor.py:914} INFO - Processing file /home/airflow/.local/lib/python3.12/site-packages/airflow/example_dags/example_latest_only.py for tasks to queue
[2024-09-12T14:09:01.483+0000] {logging_mixin.py:190} INFO - [2024-09-12T14:09:01.482+0000] {dagbag.py:587} INFO - Filling up the DagBag from /home/airflow/.local/lib/python3.12/site-packages/airflow/example_dags/example_latest_only.py
[2024-09-12T14:09:01.490+0000] {processor.py:925} INFO - DAG(s) 'latest_only' retrieved from /home/airflow/.local/lib/python3.12/site-packages/airflow/example_dags/example_latest_only.py
[2024-09-12T14:09:01.516+0000] {logging_mixin.py:190} INFO - [2024-09-12T14:09:01.515+0000] {dag.py:3229} INFO - Sync 1 DAGs
[2024-09-12T14:09:01.546+0000] {logging_mixin.py:190} INFO - [2024-09-12T14:09:01.545+0000] {dag.py:4156} INFO - Setting next_dagrun for latest_only to 2024-09-12 08:00:00+00:00, run_after=2024-09-12 12:00:00+00:00
[2024-09-12T14:09:01.563+0000] {processor.py:208} INFO - Processing /home/airflow/.local/lib/python3.12/site-packages/airflow/example_dags/example_latest_only.py took 0.090 seconds
[2024-09-12T14:09:31.888+0000] {processor.py:186} INFO - Started process (PID=1136) to work on /home/airflow/.local/lib/python3.12/site-packages/airflow/example_dags/example_latest_only.py
[2024-09-12T14:09:31.890+0000] {processor.py:914} INFO - Processing file /home/airflow/.local/lib/python3.12/site-packages/airflow/example_dags/example_latest_only.py for tasks to queue
[2024-09-12T14:09:31.892+0000] {logging_mixin.py:190} INFO - [2024-09-12T14:09:31.892+0000] {dagbag.py:587} INFO - Filling up the DagBag from /home/airflow/.local/lib/python3.12/site-packages/airflow/example_dags/example_latest_only.py
[2024-09-12T14:09:31.900+0000] {processor.py:925} INFO - DAG(s) 'latest_only' retrieved from /home/airflow/.local/lib/python3.12/site-packages/airflow/example_dags/example_latest_only.py
[2024-09-12T14:09:31.921+0000] {logging_mixin.py:190} INFO - [2024-09-12T14:09:31.921+0000] {dag.py:3229} INFO - Sync 1 DAGs
[2024-09-12T14:09:31.986+0000] {logging_mixin.py:190} INFO - [2024-09-12T14:09:31.985+0000] {dag.py:4156} INFO - Setting next_dagrun for latest_only to 2024-09-12 08:00:00+00:00, run_after=2024-09-12 12:00:00+00:00
[2024-09-12T14:09:32.014+0000] {processor.py:208} INFO - Processing /home/airflow/.local/lib/python3.12/site-packages/airflow/example_dags/example_latest_only.py took 0.133 seconds
[2024-09-12T14:10:02.366+0000] {processor.py:186} INFO - Started process (PID=1198) to work on /home/airflow/.local/lib/python3.12/site-packages/airflow/example_dags/example_latest_only.py
[2024-09-12T14:10:02.367+0000] {processor.py:914} INFO - Processing file /home/airflow/.local/lib/python3.12/site-packages/airflow/example_dags/example_latest_only.py for tasks to queue
[2024-09-12T14:10:02.370+0000] {logging_mixin.py:190} INFO - [2024-09-12T14:10:02.369+0000] {dagbag.py:587} INFO - Filling up the DagBag from /home/airflow/.local/lib/python3.12/site-packages/airflow/example_dags/example_latest_only.py
[2024-09-12T14:10:02.386+0000] {processor.py:925} INFO - DAG(s) 'latest_only' retrieved from /home/airflow/.local/lib/python3.12/site-packages/airflow/example_dags/example_latest_only.py
[2024-09-12T14:10:02.409+0000] {logging_mixin.py:190} INFO - [2024-09-12T14:10:02.409+0000] {dag.py:3229} INFO - Sync 1 DAGs
[2024-09-12T14:10:02.433+0000] {logging_mixin.py:190} INFO - [2024-09-12T14:10:02.433+0000] {dag.py:4156} INFO - Setting next_dagrun for latest_only to 2024-09-12 08:00:00+00:00, run_after=2024-09-12 12:00:00+00:00
[2024-09-12T14:10:02.452+0000] {processor.py:208} INFO - Processing /home/airflow/.local/lib/python3.12/site-packages/airflow/example_dags/example_latest_only.py took 0.093 seconds
[2024-09-12T14:10:32.995+0000] {processor.py:186} INFO - Started process (PID=1260) to work on /home/airflow/.local/lib/python3.12/site-packages/airflow/example_dags/example_latest_only.py
[2024-09-12T14:10:32.996+0000] {processor.py:914} INFO - Processing file /home/airflow/.local/lib/python3.12/site-packages/airflow/example_dags/example_latest_only.py for tasks to queue
[2024-09-12T14:10:32.998+0000] {logging_mixin.py:190} INFO - [2024-09-12T14:10:32.998+0000] {dagbag.py:587} INFO - Filling up the DagBag from /home/airflow/.local/lib/python3.12/site-packages/airflow/example_dags/example_latest_only.py
[2024-09-12T14:10:33.006+0000] {processor.py:925} INFO - DAG(s) 'latest_only' retrieved from /home/airflow/.local/lib/python3.12/site-packages/airflow/example_dags/example_latest_only.py
[2024-09-12T14:10:33.029+0000] {logging_mixin.py:190} INFO - [2024-09-12T14:10:33.029+0000] {dag.py:3229} INFO - Sync 1 DAGs
[2024-09-12T14:10:33.052+0000] {logging_mixin.py:190} INFO - [2024-09-12T14:10:33.052+0000] {dag.py:4156} INFO - Setting next_dagrun for latest_only to 2024-09-12 08:00:00+00:00, run_after=2024-09-12 12:00:00+00:00
[2024-09-12T14:10:33.070+0000] {processor.py:208} INFO - Processing /home/airflow/.local/lib/python3.12/site-packages/airflow/example_dags/example_latest_only.py took 0.081 seconds
[2024-09-12T14:11:03.290+0000] {processor.py:186} INFO - Started process (PID=1322) to work on /home/airflow/.local/lib/python3.12/site-packages/airflow/example_dags/example_latest_only.py
[2024-09-12T14:11:03.291+0000] {processor.py:914} INFO - Processing file /home/airflow/.local/lib/python3.12/site-packages/airflow/example_dags/example_latest_only.py for tasks to queue
[2024-09-12T14:11:03.294+0000] {logging_mixin.py:190} INFO - [2024-09-12T14:11:03.293+0000] {dagbag.py:587} INFO - Filling up the DagBag from /home/airflow/.local/lib/python3.12/site-packages/airflow/example_dags/example_latest_only.py
[2024-09-12T14:11:03.301+0000] {processor.py:925} INFO - DAG(s) 'latest_only' retrieved from /home/airflow/.local/lib/python3.12/site-packages/airflow/example_dags/example_latest_only.py
[2024-09-12T14:11:03.328+0000] {logging_mixin.py:190} INFO - [2024-09-12T14:11:03.327+0000] {dag.py:3229} INFO - Sync 1 DAGs
[2024-09-12T14:11:03.358+0000] {logging_mixin.py:190} INFO - [2024-09-12T14:11:03.357+0000] {dag.py:4156} INFO - Setting next_dagrun for latest_only to 2024-09-12 08:00:00+00:00, run_after=2024-09-12 12:00:00+00:00
[2024-09-12T14:11:03.377+0000] {processor.py:208} INFO - Processing /home/airflow/.local/lib/python3.12/site-packages/airflow/example_dags/example_latest_only.py took 0.093 seconds
[2024-09-12T14:11:33.977+0000] {processor.py:186} INFO - Started process (PID=1384) to work on /home/airflow/.local/lib/python3.12/site-packages/airflow/example_dags/example_latest_only.py
[2024-09-12T14:11:33.979+0000] {processor.py:914} INFO - Processing file /home/airflow/.local/lib/python3.12/site-packages/airflow/example_dags/example_latest_only.py for tasks to queue
[2024-09-12T14:11:33.981+0000] {logging_mixin.py:190} INFO - [2024-09-12T14:11:33.981+0000] {dagbag.py:587} INFO - Filling up the DagBag from /home/airflow/.local/lib/python3.12/site-packages/airflow/example_dags/example_latest_only.py
[2024-09-12T14:11:33.992+0000] {processor.py:925} INFO - DAG(s) 'latest_only' retrieved from /home/airflow/.local/lib/python3.12/site-packages/airflow/example_dags/example_latest_only.py
[2024-09-12T14:11:34.017+0000] {logging_mixin.py:190} INFO - [2024-09-12T14:11:34.017+0000] {dag.py:3229} INFO - Sync 1 DAGs
[2024-09-12T14:11:34.041+0000] {logging_mixin.py:190} INFO - [2024-09-12T14:11:34.041+0000] {dag.py:4156} INFO - Setting next_dagrun for latest_only to 2024-09-12 08:00:00+00:00, run_after=2024-09-12 12:00:00+00:00
[2024-09-12T14:11:34.058+0000] {processor.py:208} INFO - Processing /home/airflow/.local/lib/python3.12/site-packages/airflow/example_dags/example_latest_only.py took 0.087 seconds
[2024-09-12T14:12:05.211+0000] {processor.py:186} INFO - Started process (PID=1452) to work on /home/airflow/.local/lib/python3.12/site-packages/airflow/example_dags/example_latest_only.py
[2024-09-12T14:12:05.212+0000] {processor.py:914} INFO - Processing file /home/airflow/.local/lib/python3.12/site-packages/airflow/example_dags/example_latest_only.py for tasks to queue
[2024-09-12T14:12:05.215+0000] {logging_mixin.py:190} INFO - [2024-09-12T14:12:05.214+0000] {dagbag.py:587} INFO - Filling up the DagBag from /home/airflow/.local/lib/python3.12/site-packages/airflow/example_dags/example_latest_only.py
[2024-09-12T14:12:05.223+0000] {processor.py:925} INFO - DAG(s) 'latest_only' retrieved from /home/airflow/.local/lib/python3.12/site-packages/airflow/example_dags/example_latest_only.py
[2024-09-12T14:12:05.308+0000] {logging_mixin.py:190} INFO - [2024-09-12T14:12:05.307+0000] {dag.py:3229} INFO - Sync 1 DAGs
[2024-09-12T14:12:05.406+0000] {logging_mixin.py:190} INFO - [2024-09-12T14:12:05.406+0000] {dag.py:4156} INFO - Setting next_dagrun for latest_only to 2024-09-12 08:00:00+00:00, run_after=2024-09-12 12:00:00+00:00
[2024-09-12T14:12:05.506+0000] {processor.py:208} INFO - Processing /home/airflow/.local/lib/python3.12/site-packages/airflow/example_dags/example_latest_only.py took 0.303 seconds
[2024-09-12T14:12:35.673+0000] {processor.py:186} INFO - Started process (PID=1514) to work on /home/airflow/.local/lib/python3.12/site-packages/airflow/example_dags/example_latest_only.py
[2024-09-12T14:12:35.675+0000] {processor.py:914} INFO - Processing file /home/airflow/.local/lib/python3.12/site-packages/airflow/example_dags/example_latest_only.py for tasks to queue
[2024-09-12T14:12:35.677+0000] {logging_mixin.py:190} INFO - [2024-09-12T14:12:35.677+0000] {dagbag.py:587} INFO - Filling up the DagBag from /home/airflow/.local/lib/python3.12/site-packages/airflow/example_dags/example_latest_only.py
[2024-09-12T14:12:35.685+0000] {processor.py:925} INFO - DAG(s) 'latest_only' retrieved from /home/airflow/.local/lib/python3.12/site-packages/airflow/example_dags/example_latest_only.py
[2024-09-12T14:12:35.708+0000] {logging_mixin.py:190} INFO - [2024-09-12T14:12:35.708+0000] {dag.py:3229} INFO - Sync 1 DAGs
[2024-09-12T14:12:35.734+0000] {logging_mixin.py:190} INFO - [2024-09-12T14:12:35.733+0000] {dag.py:4156} INFO - Setting next_dagrun for latest_only to 2024-09-12 08:00:00+00:00, run_after=2024-09-12 12:00:00+00:00
[2024-09-12T14:12:35.752+0000] {processor.py:208} INFO - Processing /home/airflow/.local/lib/python3.12/site-packages/airflow/example_dags/example_latest_only.py took 0.086 seconds
[2024-09-12T14:13:06.230+0000] {processor.py:186} INFO - Started process (PID=1576) to work on /home/airflow/.local/lib/python3.12/site-packages/airflow/example_dags/example_latest_only.py
[2024-09-12T14:13:06.231+0000] {processor.py:914} INFO - Processing file /home/airflow/.local/lib/python3.12/site-packages/airflow/example_dags/example_latest_only.py for tasks to queue
[2024-09-12T14:13:06.233+0000] {logging_mixin.py:190} INFO - [2024-09-12T14:13:06.233+0000] {dagbag.py:587} INFO - Filling up the DagBag from /home/airflow/.local/lib/python3.12/site-packages/airflow/example_dags/example_latest_only.py
[2024-09-12T14:13:06.282+0000] {processor.py:925} INFO - DAG(s) 'latest_only' retrieved from /home/airflow/.local/lib/python3.12/site-packages/airflow/example_dags/example_latest_only.py
[2024-09-12T14:13:06.305+0000] {logging_mixin.py:190} INFO - [2024-09-12T14:13:06.304+0000] {dag.py:3229} INFO - Sync 1 DAGs
[2024-09-12T14:13:06.333+0000] {logging_mixin.py:190} INFO - [2024-09-12T14:13:06.332+0000] {dag.py:4156} INFO - Setting next_dagrun for latest_only to 2024-09-12 08:00:00+00:00, run_after=2024-09-12 12:00:00+00:00
[2024-09-12T14:13:06.393+0000] {processor.py:208} INFO - Processing /home/airflow/.local/lib/python3.12/site-packages/airflow/example_dags/example_latest_only.py took 0.169 seconds
[2024-09-12T14:13:37.753+0000] {processor.py:186} INFO - Started process (PID=1638) to work on /home/airflow/.local/lib/python3.12/site-packages/airflow/example_dags/example_latest_only.py
[2024-09-12T14:13:37.754+0000] {processor.py:914} INFO - Processing file /home/airflow/.local/lib/python3.12/site-packages/airflow/example_dags/example_latest_only.py for tasks to queue
[2024-09-12T14:13:37.758+0000] {logging_mixin.py:190} INFO - [2024-09-12T14:13:37.757+0000] {dagbag.py:587} INFO - Filling up the DagBag from /home/airflow/.local/lib/python3.12/site-packages/airflow/example_dags/example_latest_only.py
[2024-09-12T14:13:37.768+0000] {processor.py:925} INFO - DAG(s) 'latest_only' retrieved from /home/airflow/.local/lib/python3.12/site-packages/airflow/example_dags/example_latest_only.py
[2024-09-12T14:13:37.795+0000] {logging_mixin.py:190} INFO - [2024-09-12T14:13:37.795+0000] {dag.py:3229} INFO - Sync 1 DAGs
[2024-09-12T14:13:37.827+0000] {logging_mixin.py:190} INFO - [2024-09-12T14:13:37.827+0000] {dag.py:4156} INFO - Setting next_dagrun for latest_only to 2024-09-12 08:00:00+00:00, run_after=2024-09-12 12:00:00+00:00
[2024-09-12T14:13:37.849+0000] {processor.py:208} INFO - Processing /home/airflow/.local/lib/python3.12/site-packages/airflow/example_dags/example_latest_only.py took 0.104 seconds
[2024-09-12T14:14:08.294+0000] {processor.py:186} INFO - Started process (PID=1700) to work on /home/airflow/.local/lib/python3.12/site-packages/airflow/example_dags/example_latest_only.py
[2024-09-12T14:14:08.295+0000] {processor.py:914} INFO - Processing file /home/airflow/.local/lib/python3.12/site-packages/airflow/example_dags/example_latest_only.py for tasks to queue
[2024-09-12T14:14:08.297+0000] {logging_mixin.py:190} INFO - [2024-09-12T14:14:08.297+0000] {dagbag.py:587} INFO - Filling up the DagBag from /home/airflow/.local/lib/python3.12/site-packages/airflow/example_dags/example_latest_only.py
[2024-09-12T14:14:08.306+0000] {processor.py:925} INFO - DAG(s) 'latest_only' retrieved from /home/airflow/.local/lib/python3.12/site-packages/airflow/example_dags/example_latest_only.py
[2024-09-12T14:14:08.332+0000] {logging_mixin.py:190} INFO - [2024-09-12T14:14:08.331+0000] {dag.py:3229} INFO - Sync 1 DAGs
[2024-09-12T14:14:08.358+0000] {logging_mixin.py:190} INFO - [2024-09-12T14:14:08.358+0000] {dag.py:4156} INFO - Setting next_dagrun for latest_only to 2024-09-12 08:00:00+00:00, run_after=2024-09-12 12:00:00+00:00
[2024-09-12T14:14:08.383+0000] {processor.py:208} INFO - Processing /home/airflow/.local/lib/python3.12/site-packages/airflow/example_dags/example_latest_only.py took 0.096 seconds
[2024-09-12T14:14:38.913+0000] {processor.py:186} INFO - Started process (PID=1762) to work on /home/airflow/.local/lib/python3.12/site-packages/airflow/example_dags/example_latest_only.py
[2024-09-12T14:14:38.914+0000] {processor.py:914} INFO - Processing file /home/airflow/.local/lib/python3.12/site-packages/airflow/example_dags/example_latest_only.py for tasks to queue
[2024-09-12T14:14:38.916+0000] {logging_mixin.py:190} INFO - [2024-09-12T14:14:38.916+0000] {dagbag.py:587} INFO - Filling up the DagBag from /home/airflow/.local/lib/python3.12/site-packages/airflow/example_dags/example_latest_only.py
[2024-09-12T14:14:38.924+0000] {processor.py:925} INFO - DAG(s) 'latest_only' retrieved from /home/airflow/.local/lib/python3.12/site-packages/airflow/example_dags/example_latest_only.py
[2024-09-12T14:14:38.946+0000] {logging_mixin.py:190} INFO - [2024-09-12T14:14:38.946+0000] {dag.py:3229} INFO - Sync 1 DAGs
[2024-09-12T14:14:38.973+0000] {logging_mixin.py:190} INFO - [2024-09-12T14:14:38.973+0000] {dag.py:4156} INFO - Setting next_dagrun for latest_only to 2024-09-12 08:00:00+00:00, run_after=2024-09-12 12:00:00+00:00
[2024-09-12T14:14:38.991+0000] {processor.py:208} INFO - Processing /home/airflow/.local/lib/python3.12/site-packages/airflow/example_dags/example_latest_only.py took 0.085 seconds
[2024-09-12T14:15:09.403+0000] {processor.py:186} INFO - Started process (PID=1824) to work on /home/airflow/.local/lib/python3.12/site-packages/airflow/example_dags/example_latest_only.py
[2024-09-12T14:15:09.404+0000] {processor.py:914} INFO - Processing file /home/airflow/.local/lib/python3.12/site-packages/airflow/example_dags/example_latest_only.py for tasks to queue
[2024-09-12T14:15:09.406+0000] {logging_mixin.py:190} INFO - [2024-09-12T14:15:09.406+0000] {dagbag.py:587} INFO - Filling up the DagBag from /home/airflow/.local/lib/python3.12/site-packages/airflow/example_dags/example_latest_only.py
[2024-09-12T14:15:09.414+0000] {processor.py:925} INFO - DAG(s) 'latest_only' retrieved from /home/airflow/.local/lib/python3.12/site-packages/airflow/example_dags/example_latest_only.py
[2024-09-12T14:15:09.438+0000] {logging_mixin.py:190} INFO - [2024-09-12T14:15:09.438+0000] {dag.py:3229} INFO - Sync 1 DAGs
[2024-09-12T14:15:09.465+0000] {logging_mixin.py:190} INFO - [2024-09-12T14:15:09.464+0000] {dag.py:4156} INFO - Setting next_dagrun for latest_only to 2024-09-12 08:00:00+00:00, run_after=2024-09-12 12:00:00+00:00
[2024-09-12T14:15:09.484+0000] {processor.py:208} INFO - Processing /home/airflow/.local/lib/python3.12/site-packages/airflow/example_dags/example_latest_only.py took 0.088 seconds
[2024-09-12T14:18:14.983+0000] {processor.py:186} INFO - Started process (PID=76) to work on /home/airflow/.local/lib/python3.12/site-packages/airflow/example_dags/example_latest_only.py
[2024-09-12T14:18:14.984+0000] {processor.py:914} INFO - Processing file /home/airflow/.local/lib/python3.12/site-packages/airflow/example_dags/example_latest_only.py for tasks to queue
[2024-09-12T14:18:14.986+0000] {logging_mixin.py:190} INFO - [2024-09-12T14:18:14.986+0000] {dagbag.py:587} INFO - Filling up the DagBag from /home/airflow/.local/lib/python3.12/site-packages/airflow/example_dags/example_latest_only.py
[2024-09-12T14:18:14.994+0000] {processor.py:925} INFO - DAG(s) 'latest_only' retrieved from /home/airflow/.local/lib/python3.12/site-packages/airflow/example_dags/example_latest_only.py
[2024-09-12T14:18:15.016+0000] {logging_mixin.py:190} INFO - [2024-09-12T14:18:15.016+0000] {dag.py:3229} INFO - Sync 1 DAGs
[2024-09-12T14:18:15.040+0000] {logging_mixin.py:190} INFO - [2024-09-12T14:18:15.040+0000] {dag.py:4156} INFO - Setting next_dagrun for latest_only to 2024-09-12 08:00:00+00:00, run_after=2024-09-12 12:00:00+00:00
[2024-09-12T14:18:15.060+0000] {processor.py:208} INFO - Processing /home/airflow/.local/lib/python3.12/site-packages/airflow/example_dags/example_latest_only.py took 0.082 seconds
[2024-09-12T14:18:46.054+0000] {processor.py:186} INFO - Started process (PID=138) to work on /home/airflow/.local/lib/python3.12/site-packages/airflow/example_dags/example_latest_only.py
[2024-09-12T14:18:46.055+0000] {processor.py:914} INFO - Processing file /home/airflow/.local/lib/python3.12/site-packages/airflow/example_dags/example_latest_only.py for tasks to queue
[2024-09-12T14:18:46.058+0000] {logging_mixin.py:190} INFO - [2024-09-12T14:18:46.058+0000] {dagbag.py:587} INFO - Filling up the DagBag from /home/airflow/.local/lib/python3.12/site-packages/airflow/example_dags/example_latest_only.py
[2024-09-12T14:18:46.087+0000] {processor.py:925} INFO - DAG(s) 'latest_only' retrieved from /home/airflow/.local/lib/python3.12/site-packages/airflow/example_dags/example_latest_only.py
[2024-09-12T14:18:46.141+0000] {logging_mixin.py:190} INFO - [2024-09-12T14:18:46.140+0000] {dag.py:3229} INFO - Sync 1 DAGs
[2024-09-12T14:18:46.203+0000] {logging_mixin.py:190} INFO - [2024-09-12T14:18:46.203+0000] {dag.py:4156} INFO - Setting next_dagrun for latest_only to 2024-09-12 08:00:00+00:00, run_after=2024-09-12 12:00:00+00:00
[2024-09-12T14:18:46.240+0000] {processor.py:208} INFO - Processing /home/airflow/.local/lib/python3.12/site-packages/airflow/example_dags/example_latest_only.py took 0.192 seconds
[2024-09-12T14:19:17.068+0000] {processor.py:186} INFO - Started process (PID=200) to work on /home/airflow/.local/lib/python3.12/site-packages/airflow/example_dags/example_latest_only.py
[2024-09-12T14:19:17.069+0000] {processor.py:914} INFO - Processing file /home/airflow/.local/lib/python3.12/site-packages/airflow/example_dags/example_latest_only.py for tasks to queue
[2024-09-12T14:19:17.080+0000] {logging_mixin.py:190} INFO - [2024-09-12T14:19:17.072+0000] {dagbag.py:587} INFO - Filling up the DagBag from /home/airflow/.local/lib/python3.12/site-packages/airflow/example_dags/example_latest_only.py
[2024-09-12T14:19:17.091+0000] {processor.py:925} INFO - DAG(s) 'latest_only' retrieved from /home/airflow/.local/lib/python3.12/site-packages/airflow/example_dags/example_latest_only.py
[2024-09-12T14:19:17.132+0000] {logging_mixin.py:190} INFO - [2024-09-12T14:19:17.131+0000] {dag.py:3229} INFO - Sync 1 DAGs
[2024-09-12T14:19:17.201+0000] {logging_mixin.py:190} INFO - [2024-09-12T14:19:17.200+0000] {dag.py:4156} INFO - Setting next_dagrun for latest_only to 2024-09-12 08:00:00+00:00, run_after=2024-09-12 12:00:00+00:00
[2024-09-12T14:19:17.233+0000] {processor.py:208} INFO - Processing /home/airflow/.local/lib/python3.12/site-packages/airflow/example_dags/example_latest_only.py took 0.173 seconds
[2024-09-12T14:19:47.616+0000] {processor.py:186} INFO - Started process (PID=262) to work on /home/airflow/.local/lib/python3.12/site-packages/airflow/example_dags/example_latest_only.py
[2024-09-12T14:19:47.617+0000] {processor.py:914} INFO - Processing file /home/airflow/.local/lib/python3.12/site-packages/airflow/example_dags/example_latest_only.py for tasks to queue
[2024-09-12T14:19:47.619+0000] {logging_mixin.py:190} INFO - [2024-09-12T14:19:47.619+0000] {dagbag.py:587} INFO - Filling up the DagBag from /home/airflow/.local/lib/python3.12/site-packages/airflow/example_dags/example_latest_only.py
[2024-09-12T14:19:47.627+0000] {processor.py:925} INFO - DAG(s) 'latest_only' retrieved from /home/airflow/.local/lib/python3.12/site-packages/airflow/example_dags/example_latest_only.py
[2024-09-12T14:19:47.648+0000] {logging_mixin.py:190} INFO - [2024-09-12T14:19:47.648+0000] {dag.py:3229} INFO - Sync 1 DAGs
[2024-09-12T14:19:47.671+0000] {logging_mixin.py:190} INFO - [2024-09-12T14:19:47.671+0000] {dag.py:4156} INFO - Setting next_dagrun for latest_only to 2024-09-12 08:00:00+00:00, run_after=2024-09-12 12:00:00+00:00
[2024-09-12T14:19:47.709+0000] {processor.py:208} INFO - Processing /home/airflow/.local/lib/python3.12/site-packages/airflow/example_dags/example_latest_only.py took 0.104 seconds
[2024-09-12T14:20:18.475+0000] {processor.py:186} INFO - Started process (PID=325) to work on /home/airflow/.local/lib/python3.12/site-packages/airflow/example_dags/example_latest_only.py
[2024-09-12T14:20:18.477+0000] {processor.py:914} INFO - Processing file /home/airflow/.local/lib/python3.12/site-packages/airflow/example_dags/example_latest_only.py for tasks to queue
[2024-09-12T14:20:18.479+0000] {logging_mixin.py:190} INFO - [2024-09-12T14:20:18.479+0000] {dagbag.py:587} INFO - Filling up the DagBag from /home/airflow/.local/lib/python3.12/site-packages/airflow/example_dags/example_latest_only.py
[2024-09-12T14:20:18.489+0000] {processor.py:925} INFO - DAG(s) 'latest_only' retrieved from /home/airflow/.local/lib/python3.12/site-packages/airflow/example_dags/example_latest_only.py
[2024-09-12T14:20:18.515+0000] {logging_mixin.py:190} INFO - [2024-09-12T14:20:18.515+0000] {dag.py:3229} INFO - Sync 1 DAGs
[2024-09-12T14:20:18.542+0000] {logging_mixin.py:190} INFO - [2024-09-12T14:20:18.541+0000] {dag.py:4156} INFO - Setting next_dagrun for latest_only to 2024-09-12 08:00:00+00:00, run_after=2024-09-12 12:00:00+00:00
[2024-09-12T14:20:18.560+0000] {processor.py:208} INFO - Processing /home/airflow/.local/lib/python3.12/site-packages/airflow/example_dags/example_latest_only.py took 0.092 seconds
[2024-09-12T14:20:49.212+0000] {processor.py:186} INFO - Started process (PID=387) to work on /home/airflow/.local/lib/python3.12/site-packages/airflow/example_dags/example_latest_only.py
[2024-09-12T14:20:49.213+0000] {processor.py:914} INFO - Processing file /home/airflow/.local/lib/python3.12/site-packages/airflow/example_dags/example_latest_only.py for tasks to queue
[2024-09-12T14:20:49.217+0000] {logging_mixin.py:190} INFO - [2024-09-12T14:20:49.216+0000] {dagbag.py:587} INFO - Filling up the DagBag from /home/airflow/.local/lib/python3.12/site-packages/airflow/example_dags/example_latest_only.py
[2024-09-12T14:20:49.284+0000] {processor.py:925} INFO - DAG(s) 'latest_only' retrieved from /home/airflow/.local/lib/python3.12/site-packages/airflow/example_dags/example_latest_only.py
[2024-09-12T14:20:49.316+0000] {logging_mixin.py:190} INFO - [2024-09-12T14:20:49.315+0000] {dag.py:3229} INFO - Sync 1 DAGs
[2024-09-12T14:20:49.398+0000] {logging_mixin.py:190} INFO - [2024-09-12T14:20:49.398+0000] {dag.py:4156} INFO - Setting next_dagrun for latest_only to 2024-09-12 08:00:00+00:00, run_after=2024-09-12 12:00:00+00:00
[2024-09-12T14:20:49.420+0000] {processor.py:208} INFO - Processing /home/airflow/.local/lib/python3.12/site-packages/airflow/example_dags/example_latest_only.py took 0.217 seconds
[2024-09-12T14:21:20.992+0000] {processor.py:186} INFO - Started process (PID=449) to work on /home/airflow/.local/lib/python3.12/site-packages/airflow/example_dags/example_latest_only.py
[2024-09-12T14:21:20.993+0000] {processor.py:914} INFO - Processing file /home/airflow/.local/lib/python3.12/site-packages/airflow/example_dags/example_latest_only.py for tasks to queue
[2024-09-12T14:21:20.996+0000] {logging_mixin.py:190} INFO - [2024-09-12T14:21:20.995+0000] {dagbag.py:587} INFO - Filling up the DagBag from /home/airflow/.local/lib/python3.12/site-packages/airflow/example_dags/example_latest_only.py
[2024-09-12T14:21:21.004+0000] {processor.py:925} INFO - DAG(s) 'latest_only' retrieved from /home/airflow/.local/lib/python3.12/site-packages/airflow/example_dags/example_latest_only.py
[2024-09-12T14:21:21.082+0000] {logging_mixin.py:190} INFO - [2024-09-12T14:21:21.081+0000] {dag.py:3229} INFO - Sync 1 DAGs
[2024-09-12T14:21:21.113+0000] {logging_mixin.py:190} INFO - [2024-09-12T14:21:21.113+0000] {dag.py:4156} INFO - Setting next_dagrun for latest_only to 2024-09-12 08:00:00+00:00, run_after=2024-09-12 12:00:00+00:00
[2024-09-12T14:21:21.197+0000] {processor.py:208} INFO - Processing /home/airflow/.local/lib/python3.12/site-packages/airflow/example_dags/example_latest_only.py took 0.213 seconds
[2024-09-12T14:21:51.794+0000] {processor.py:186} INFO - Started process (PID=511) to work on /home/airflow/.local/lib/python3.12/site-packages/airflow/example_dags/example_latest_only.py
[2024-09-12T14:21:51.796+0000] {processor.py:914} INFO - Processing file /home/airflow/.local/lib/python3.12/site-packages/airflow/example_dags/example_latest_only.py for tasks to queue
[2024-09-12T14:21:51.798+0000] {logging_mixin.py:190} INFO - [2024-09-12T14:21:51.798+0000] {dagbag.py:587} INFO - Filling up the DagBag from /home/airflow/.local/lib/python3.12/site-packages/airflow/example_dags/example_latest_only.py
[2024-09-12T14:21:51.806+0000] {processor.py:925} INFO - DAG(s) 'latest_only' retrieved from /home/airflow/.local/lib/python3.12/site-packages/airflow/example_dags/example_latest_only.py
[2024-09-12T14:21:51.829+0000] {logging_mixin.py:190} INFO - [2024-09-12T14:21:51.829+0000] {dag.py:3229} INFO - Sync 1 DAGs
[2024-09-12T14:21:51.856+0000] {logging_mixin.py:190} INFO - [2024-09-12T14:21:51.855+0000] {dag.py:4156} INFO - Setting next_dagrun for latest_only to 2024-09-12 08:00:00+00:00, run_after=2024-09-12 12:00:00+00:00
[2024-09-12T14:21:51.875+0000] {processor.py:208} INFO - Processing /home/airflow/.local/lib/python3.12/site-packages/airflow/example_dags/example_latest_only.py took 0.089 seconds
[2024-09-12T14:22:22.624+0000] {processor.py:186} INFO - Started process (PID=573) to work on /home/airflow/.local/lib/python3.12/site-packages/airflow/example_dags/example_latest_only.py
[2024-09-12T14:22:22.625+0000] {processor.py:914} INFO - Processing file /home/airflow/.local/lib/python3.12/site-packages/airflow/example_dags/example_latest_only.py for tasks to queue
[2024-09-12T14:22:22.627+0000] {logging_mixin.py:190} INFO - [2024-09-12T14:22:22.627+0000] {dagbag.py:587} INFO - Filling up the DagBag from /home/airflow/.local/lib/python3.12/site-packages/airflow/example_dags/example_latest_only.py
[2024-09-12T14:22:22.635+0000] {processor.py:925} INFO - DAG(s) 'latest_only' retrieved from /home/airflow/.local/lib/python3.12/site-packages/airflow/example_dags/example_latest_only.py
[2024-09-12T14:22:22.659+0000] {logging_mixin.py:190} INFO - [2024-09-12T14:22:22.659+0000] {dag.py:3229} INFO - Sync 1 DAGs
[2024-09-12T14:22:22.690+0000] {logging_mixin.py:190} INFO - [2024-09-12T14:22:22.690+0000] {dag.py:4156} INFO - Setting next_dagrun for latest_only to 2024-09-12 08:00:00+00:00, run_after=2024-09-12 12:00:00+00:00
[2024-09-12T14:22:22.709+0000] {processor.py:208} INFO - Processing /home/airflow/.local/lib/python3.12/site-packages/airflow/example_dags/example_latest_only.py took 0.092 seconds
[2024-09-12T14:22:53.422+0000] {processor.py:186} INFO - Started process (PID=635) to work on /home/airflow/.local/lib/python3.12/site-packages/airflow/example_dags/example_latest_only.py
[2024-09-12T14:22:53.424+0000] {processor.py:914} INFO - Processing file /home/airflow/.local/lib/python3.12/site-packages/airflow/example_dags/example_latest_only.py for tasks to queue
[2024-09-12T14:22:53.426+0000] {logging_mixin.py:190} INFO - [2024-09-12T14:22:53.426+0000] {dagbag.py:587} INFO - Filling up the DagBag from /home/airflow/.local/lib/python3.12/site-packages/airflow/example_dags/example_latest_only.py
[2024-09-12T14:22:53.435+0000] {processor.py:925} INFO - DAG(s) 'latest_only' retrieved from /home/airflow/.local/lib/python3.12/site-packages/airflow/example_dags/example_latest_only.py
[2024-09-12T14:22:53.461+0000] {logging_mixin.py:190} INFO - [2024-09-12T14:22:53.460+0000] {dag.py:3229} INFO - Sync 1 DAGs
[2024-09-12T14:22:53.493+0000] {logging_mixin.py:190} INFO - [2024-09-12T14:22:53.493+0000] {dag.py:4156} INFO - Setting next_dagrun for latest_only to 2024-09-12 08:00:00+00:00, run_after=2024-09-12 12:00:00+00:00
[2024-09-12T14:22:53.514+0000] {processor.py:208} INFO - Processing /home/airflow/.local/lib/python3.12/site-packages/airflow/example_dags/example_latest_only.py took 0.098 seconds
[2024-09-12T14:23:23.696+0000] {processor.py:186} INFO - Started process (PID=697) to work on /home/airflow/.local/lib/python3.12/site-packages/airflow/example_dags/example_latest_only.py
[2024-09-12T14:23:23.698+0000] {processor.py:914} INFO - Processing file /home/airflow/.local/lib/python3.12/site-packages/airflow/example_dags/example_latest_only.py for tasks to queue
[2024-09-12T14:23:23.701+0000] {logging_mixin.py:190} INFO - [2024-09-12T14:23:23.701+0000] {dagbag.py:587} INFO - Filling up the DagBag from /home/airflow/.local/lib/python3.12/site-packages/airflow/example_dags/example_latest_only.py
[2024-09-12T14:23:23.712+0000] {processor.py:925} INFO - DAG(s) 'latest_only' retrieved from /home/airflow/.local/lib/python3.12/site-packages/airflow/example_dags/example_latest_only.py
[2024-09-12T14:23:23.740+0000] {logging_mixin.py:190} INFO - [2024-09-12T14:23:23.740+0000] {dag.py:3229} INFO - Sync 1 DAGs
[2024-09-12T14:23:23.769+0000] {logging_mixin.py:190} INFO - [2024-09-12T14:23:23.768+0000] {dag.py:4156} INFO - Setting next_dagrun for latest_only to 2024-09-12 08:00:00+00:00, run_after=2024-09-12 12:00:00+00:00
[2024-09-12T14:23:23.791+0000] {processor.py:208} INFO - Processing /home/airflow/.local/lib/python3.12/site-packages/airflow/example_dags/example_latest_only.py took 0.104 seconds
[2024-09-12T14:23:54.669+0000] {processor.py:186} INFO - Started process (PID=759) to work on /home/airflow/.local/lib/python3.12/site-packages/airflow/example_dags/example_latest_only.py
[2024-09-12T14:23:54.671+0000] {processor.py:914} INFO - Processing file /home/airflow/.local/lib/python3.12/site-packages/airflow/example_dags/example_latest_only.py for tasks to queue
[2024-09-12T14:23:54.673+0000] {logging_mixin.py:190} INFO - [2024-09-12T14:23:54.673+0000] {dagbag.py:587} INFO - Filling up the DagBag from /home/airflow/.local/lib/python3.12/site-packages/airflow/example_dags/example_latest_only.py
[2024-09-12T14:23:54.682+0000] {processor.py:925} INFO - DAG(s) 'latest_only' retrieved from /home/airflow/.local/lib/python3.12/site-packages/airflow/example_dags/example_latest_only.py
[2024-09-12T14:23:54.710+0000] {logging_mixin.py:190} INFO - [2024-09-12T14:23:54.709+0000] {dag.py:3229} INFO - Sync 1 DAGs
[2024-09-12T14:23:54.742+0000] {logging_mixin.py:190} INFO - [2024-09-12T14:23:54.742+0000] {dag.py:4156} INFO - Setting next_dagrun for latest_only to 2024-09-12 08:00:00+00:00, run_after=2024-09-12 12:00:00+00:00
[2024-09-12T14:23:54.767+0000] {processor.py:208} INFO - Processing /home/airflow/.local/lib/python3.12/site-packages/airflow/example_dags/example_latest_only.py took 0.104 seconds
[2024-09-12T14:24:25.057+0000] {processor.py:186} INFO - Started process (PID=827) to work on /home/airflow/.local/lib/python3.12/site-packages/airflow/example_dags/example_latest_only.py
[2024-09-12T14:24:25.058+0000] {processor.py:914} INFO - Processing file /home/airflow/.local/lib/python3.12/site-packages/airflow/example_dags/example_latest_only.py for tasks to queue
[2024-09-12T14:24:25.061+0000] {logging_mixin.py:190} INFO - [2024-09-12T14:24:25.060+0000] {dagbag.py:587} INFO - Filling up the DagBag from /home/airflow/.local/lib/python3.12/site-packages/airflow/example_dags/example_latest_only.py
[2024-09-12T14:24:25.070+0000] {processor.py:925} INFO - DAG(s) 'latest_only' retrieved from /home/airflow/.local/lib/python3.12/site-packages/airflow/example_dags/example_latest_only.py
[2024-09-12T14:24:25.096+0000] {logging_mixin.py:190} INFO - [2024-09-12T14:24:25.096+0000] {dag.py:3229} INFO - Sync 1 DAGs
[2024-09-12T14:24:25.126+0000] {logging_mixin.py:190} INFO - [2024-09-12T14:24:25.126+0000] {dag.py:4156} INFO - Setting next_dagrun for latest_only to 2024-09-12 08:00:00+00:00, run_after=2024-09-12 12:00:00+00:00
[2024-09-12T14:24:25.155+0000] {processor.py:208} INFO - Processing /home/airflow/.local/lib/python3.12/site-packages/airflow/example_dags/example_latest_only.py took 0.106 seconds
[2024-09-12T14:24:55.614+0000] {processor.py:186} INFO - Started process (PID=889) to work on /home/airflow/.local/lib/python3.12/site-packages/airflow/example_dags/example_latest_only.py
[2024-09-12T14:24:55.616+0000] {processor.py:914} INFO - Processing file /home/airflow/.local/lib/python3.12/site-packages/airflow/example_dags/example_latest_only.py for tasks to queue
[2024-09-12T14:24:55.619+0000] {logging_mixin.py:190} INFO - [2024-09-12T14:24:55.619+0000] {dagbag.py:587} INFO - Filling up the DagBag from /home/airflow/.local/lib/python3.12/site-packages/airflow/example_dags/example_latest_only.py
[2024-09-12T14:24:55.630+0000] {processor.py:925} INFO - DAG(s) 'latest_only' retrieved from /home/airflow/.local/lib/python3.12/site-packages/airflow/example_dags/example_latest_only.py
[2024-09-12T14:24:55.700+0000] {logging_mixin.py:190} INFO - [2024-09-12T14:24:55.700+0000] {dag.py:3229} INFO - Sync 1 DAGs
[2024-09-12T14:24:55.731+0000] {logging_mixin.py:190} INFO - [2024-09-12T14:24:55.731+0000] {dag.py:4156} INFO - Setting next_dagrun for latest_only to 2024-09-12 08:00:00+00:00, run_after=2024-09-12 12:00:00+00:00
[2024-09-12T14:24:55.794+0000] {processor.py:208} INFO - Processing /home/airflow/.local/lib/python3.12/site-packages/airflow/example_dags/example_latest_only.py took 0.187 seconds
[2024-09-12T14:25:26.419+0000] {processor.py:186} INFO - Started process (PID=951) to work on /home/airflow/.local/lib/python3.12/site-packages/airflow/example_dags/example_latest_only.py
[2024-09-12T14:25:26.421+0000] {processor.py:914} INFO - Processing file /home/airflow/.local/lib/python3.12/site-packages/airflow/example_dags/example_latest_only.py for tasks to queue
[2024-09-12T14:25:26.424+0000] {logging_mixin.py:190} INFO - [2024-09-12T14:25:26.423+0000] {dagbag.py:587} INFO - Filling up the DagBag from /home/airflow/.local/lib/python3.12/site-packages/airflow/example_dags/example_latest_only.py
[2024-09-12T14:25:26.490+0000] {processor.py:925} INFO - DAG(s) 'latest_only' retrieved from /home/airflow/.local/lib/python3.12/site-packages/airflow/example_dags/example_latest_only.py
[2024-09-12T14:25:26.515+0000] {logging_mixin.py:190} INFO - [2024-09-12T14:25:26.514+0000] {dag.py:3229} INFO - Sync 1 DAGs
[2024-09-12T14:25:26.602+0000] {logging_mixin.py:190} INFO - [2024-09-12T14:25:26.601+0000] {dag.py:4156} INFO - Setting next_dagrun for latest_only to 2024-09-12 08:00:00+00:00, run_after=2024-09-12 12:00:00+00:00
[2024-09-12T14:25:26.623+0000] {processor.py:208} INFO - Processing /home/airflow/.local/lib/python3.12/site-packages/airflow/example_dags/example_latest_only.py took 0.210 seconds
[2024-09-12T14:25:57.007+0000] {processor.py:186} INFO - Started process (PID=1013) to work on /home/airflow/.local/lib/python3.12/site-packages/airflow/example_dags/example_latest_only.py
[2024-09-12T14:25:57.008+0000] {processor.py:914} INFO - Processing file /home/airflow/.local/lib/python3.12/site-packages/airflow/example_dags/example_latest_only.py for tasks to queue
[2024-09-12T14:25:57.010+0000] {logging_mixin.py:190} INFO - [2024-09-12T14:25:57.010+0000] {dagbag.py:587} INFO - Filling up the DagBag from /home/airflow/.local/lib/python3.12/site-packages/airflow/example_dags/example_latest_only.py
[2024-09-12T14:25:57.017+0000] {processor.py:925} INFO - DAG(s) 'latest_only' retrieved from /home/airflow/.local/lib/python3.12/site-packages/airflow/example_dags/example_latest_only.py
[2024-09-12T14:25:57.037+0000] {logging_mixin.py:190} INFO - [2024-09-12T14:25:57.036+0000] {dag.py:3229} INFO - Sync 1 DAGs
[2024-09-12T14:25:57.094+0000] {logging_mixin.py:190} INFO - [2024-09-12T14:25:57.094+0000] {dag.py:4156} INFO - Setting next_dagrun for latest_only to 2024-09-12 08:00:00+00:00, run_after=2024-09-12 12:00:00+00:00
[2024-09-12T14:25:57.110+0000] {processor.py:208} INFO - Processing /home/airflow/.local/lib/python3.12/site-packages/airflow/example_dags/example_latest_only.py took 0.109 seconds
[2024-09-12T14:26:27.250+0000] {processor.py:186} INFO - Started process (PID=1074) to work on /home/airflow/.local/lib/python3.12/site-packages/airflow/example_dags/example_latest_only.py
[2024-09-12T14:26:27.251+0000] {processor.py:914} INFO - Processing file /home/airflow/.local/lib/python3.12/site-packages/airflow/example_dags/example_latest_only.py for tasks to queue
[2024-09-12T14:26:27.254+0000] {logging_mixin.py:190} INFO - [2024-09-12T14:26:27.254+0000] {dagbag.py:587} INFO - Filling up the DagBag from /home/airflow/.local/lib/python3.12/site-packages/airflow/example_dags/example_latest_only.py
[2024-09-12T14:26:27.263+0000] {processor.py:925} INFO - DAG(s) 'latest_only' retrieved from /home/airflow/.local/lib/python3.12/site-packages/airflow/example_dags/example_latest_only.py
[2024-09-12T14:26:27.303+0000] {logging_mixin.py:190} INFO - [2024-09-12T14:26:27.303+0000] {dag.py:3229} INFO - Sync 1 DAGs
[2024-09-12T14:26:27.336+0000] {logging_mixin.py:190} INFO - [2024-09-12T14:26:27.336+0000] {dag.py:4156} INFO - Setting next_dagrun for latest_only to 2024-09-12 08:00:00+00:00, run_after=2024-09-12 12:00:00+00:00
[2024-09-12T14:26:27.357+0000] {processor.py:208} INFO - Processing /home/airflow/.local/lib/python3.12/site-packages/airflow/example_dags/example_latest_only.py took 0.113 seconds
[2024-09-12T14:26:57.685+0000] {processor.py:186} INFO - Started process (PID=1136) to work on /home/airflow/.local/lib/python3.12/site-packages/airflow/example_dags/example_latest_only.py
[2024-09-12T14:26:57.686+0000] {processor.py:914} INFO - Processing file /home/airflow/.local/lib/python3.12/site-packages/airflow/example_dags/example_latest_only.py for tasks to queue
[2024-09-12T14:26:57.689+0000] {logging_mixin.py:190} INFO - [2024-09-12T14:26:57.689+0000] {dagbag.py:587} INFO - Filling up the DagBag from /home/airflow/.local/lib/python3.12/site-packages/airflow/example_dags/example_latest_only.py
[2024-09-12T14:26:57.698+0000] {processor.py:925} INFO - DAG(s) 'latest_only' retrieved from /home/airflow/.local/lib/python3.12/site-packages/airflow/example_dags/example_latest_only.py
[2024-09-12T14:26:57.723+0000] {logging_mixin.py:190} INFO - [2024-09-12T14:26:57.723+0000] {dag.py:3229} INFO - Sync 1 DAGs
[2024-09-12T14:26:57.753+0000] {logging_mixin.py:190} INFO - [2024-09-12T14:26:57.753+0000] {dag.py:4156} INFO - Setting next_dagrun for latest_only to 2024-09-12 08:00:00+00:00, run_after=2024-09-12 12:00:00+00:00
[2024-09-12T14:26:57.788+0000] {processor.py:208} INFO - Processing /home/airflow/.local/lib/python3.12/site-packages/airflow/example_dags/example_latest_only.py took 0.122 seconds
[2024-09-12T14:27:29.290+0000] {processor.py:186} INFO - Started process (PID=1199) to work on /home/airflow/.local/lib/python3.12/site-packages/airflow/example_dags/example_latest_only.py
[2024-09-12T14:27:29.291+0000] {processor.py:914} INFO - Processing file /home/airflow/.local/lib/python3.12/site-packages/airflow/example_dags/example_latest_only.py for tasks to queue
[2024-09-12T14:27:29.294+0000] {logging_mixin.py:190} INFO - [2024-09-12T14:27:29.293+0000] {dagbag.py:587} INFO - Filling up the DagBag from /home/airflow/.local/lib/python3.12/site-packages/airflow/example_dags/example_latest_only.py
[2024-09-12T14:27:29.303+0000] {processor.py:925} INFO - DAG(s) 'latest_only' retrieved from /home/airflow/.local/lib/python3.12/site-packages/airflow/example_dags/example_latest_only.py
[2024-09-12T14:27:29.404+0000] {logging_mixin.py:190} INFO - [2024-09-12T14:27:29.403+0000] {dag.py:3229} INFO - Sync 1 DAGs
[2024-09-12T14:27:29.501+0000] {logging_mixin.py:190} INFO - [2024-09-12T14:27:29.501+0000] {dag.py:4156} INFO - Setting next_dagrun for latest_only to 2024-09-12 08:00:00+00:00, run_after=2024-09-12 12:00:00+00:00
[2024-09-12T14:27:29.596+0000] {processor.py:208} INFO - Processing /home/airflow/.local/lib/python3.12/site-packages/airflow/example_dags/example_latest_only.py took 0.313 seconds
[2024-09-12T14:28:01.296+0000] {processor.py:186} INFO - Started process (PID=1260) to work on /home/airflow/.local/lib/python3.12/site-packages/airflow/example_dags/example_latest_only.py
[2024-09-12T14:28:01.297+0000] {processor.py:914} INFO - Processing file /home/airflow/.local/lib/python3.12/site-packages/airflow/example_dags/example_latest_only.py for tasks to queue
[2024-09-12T14:28:01.301+0000] {logging_mixin.py:190} INFO - [2024-09-12T14:28:01.300+0000] {dagbag.py:587} INFO - Filling up the DagBag from /home/airflow/.local/lib/python3.12/site-packages/airflow/example_dags/example_latest_only.py
[2024-09-12T14:28:01.384+0000] {processor.py:925} INFO - DAG(s) 'latest_only' retrieved from /home/airflow/.local/lib/python3.12/site-packages/airflow/example_dags/example_latest_only.py
[2024-09-12T14:28:01.493+0000] {logging_mixin.py:190} INFO - [2024-09-12T14:28:01.493+0000] {dag.py:3229} INFO - Sync 1 DAGs
[2024-09-12T14:28:01.682+0000] {logging_mixin.py:190} INFO - [2024-09-12T14:28:01.681+0000] {dag.py:4156} INFO - Setting next_dagrun for latest_only to 2024-09-12 08:00:00+00:00, run_after=2024-09-12 12:00:00+00:00
[2024-09-12T14:28:01.788+0000] {processor.py:208} INFO - Processing /home/airflow/.local/lib/python3.12/site-packages/airflow/example_dags/example_latest_only.py took 0.500 seconds
[2024-09-12T14:28:37.283+0000] {processor.py:186} INFO - Started process (PID=1322) to work on /home/airflow/.local/lib/python3.12/site-packages/airflow/example_dags/example_latest_only.py
[2024-09-12T14:28:37.285+0000] {processor.py:914} INFO - Processing file /home/airflow/.local/lib/python3.12/site-packages/airflow/example_dags/example_latest_only.py for tasks to queue
[2024-09-12T14:28:37.288+0000] {logging_mixin.py:190} INFO - [2024-09-12T14:28:37.288+0000] {dagbag.py:587} INFO - Filling up the DagBag from /home/airflow/.local/lib/python3.12/site-packages/airflow/example_dags/example_latest_only.py
[2024-09-12T14:28:37.299+0000] {processor.py:925} INFO - DAG(s) 'latest_only' retrieved from /home/airflow/.local/lib/python3.12/site-packages/airflow/example_dags/example_latest_only.py
[2024-09-12T14:28:37.399+0000] {logging_mixin.py:190} INFO - [2024-09-12T14:28:37.399+0000] {dag.py:3229} INFO - Sync 1 DAGs
[2024-09-12T14:28:37.503+0000] {logging_mixin.py:190} INFO - [2024-09-12T14:28:37.503+0000] {dag.py:4156} INFO - Setting next_dagrun for latest_only to 2024-09-12 08:00:00+00:00, run_after=2024-09-12 12:00:00+00:00
[2024-09-12T14:28:37.593+0000] {processor.py:208} INFO - Processing /home/airflow/.local/lib/python3.12/site-packages/airflow/example_dags/example_latest_only.py took 0.387 seconds
[2024-09-12T14:29:14.894+0000] {processor.py:186} INFO - Started process (PID=1385) to work on /home/airflow/.local/lib/python3.12/site-packages/airflow/example_dags/example_latest_only.py
[2024-09-12T14:29:15.181+0000] {processor.py:914} INFO - Processing file /home/airflow/.local/lib/python3.12/site-packages/airflow/example_dags/example_latest_only.py for tasks to queue
[2024-09-12T14:29:15.184+0000] {logging_mixin.py:190} INFO - [2024-09-12T14:29:15.183+0000] {dagbag.py:587} INFO - Filling up the DagBag from /home/airflow/.local/lib/python3.12/site-packages/airflow/example_dags/example_latest_only.py
[2024-09-12T14:29:15.288+0000] {processor.py:925} INFO - DAG(s) 'latest_only' retrieved from /home/airflow/.local/lib/python3.12/site-packages/airflow/example_dags/example_latest_only.py
[2024-09-12T14:29:15.387+0000] {logging_mixin.py:190} INFO - [2024-09-12T14:29:15.387+0000] {dag.py:3229} INFO - Sync 1 DAGs
[2024-09-12T14:29:15.490+0000] {logging_mixin.py:190} INFO - [2024-09-12T14:29:15.489+0000] {dag.py:4156} INFO - Setting next_dagrun for latest_only to 2024-09-12 08:00:00+00:00, run_after=2024-09-12 12:00:00+00:00
[2024-09-12T14:29:15.621+0000] {processor.py:208} INFO - Processing /home/airflow/.local/lib/python3.12/site-packages/airflow/example_dags/example_latest_only.py took 0.736 seconds
[2024-09-12T14:29:46.882+0000] {processor.py:186} INFO - Started process (PID=1447) to work on /home/airflow/.local/lib/python3.12/site-packages/airflow/example_dags/example_latest_only.py
[2024-09-12T14:29:46.883+0000] {processor.py:914} INFO - Processing file /home/airflow/.local/lib/python3.12/site-packages/airflow/example_dags/example_latest_only.py for tasks to queue
[2024-09-12T14:29:46.887+0000] {logging_mixin.py:190} INFO - [2024-09-12T14:29:46.886+0000] {dagbag.py:587} INFO - Filling up the DagBag from /home/airflow/.local/lib/python3.12/site-packages/airflow/example_dags/example_latest_only.py
[2024-09-12T14:29:46.901+0000] {processor.py:925} INFO - DAG(s) 'latest_only' retrieved from /home/airflow/.local/lib/python3.12/site-packages/airflow/example_dags/example_latest_only.py
[2024-09-12T14:29:47.028+0000] {logging_mixin.py:190} INFO - [2024-09-12T14:29:47.027+0000] {dag.py:3229} INFO - Sync 1 DAGs
[2024-09-12T14:29:47.126+0000] {logging_mixin.py:190} INFO - [2024-09-12T14:29:47.126+0000] {dag.py:4156} INFO - Setting next_dagrun for latest_only to 2024-09-12 08:00:00+00:00, run_after=2024-09-12 12:00:00+00:00
[2024-09-12T14:29:47.194+0000] {processor.py:208} INFO - Processing /home/airflow/.local/lib/python3.12/site-packages/airflow/example_dags/example_latest_only.py took 0.368 seconds
[2024-09-12T14:30:18.972+0000] {processor.py:186} INFO - Started process (PID=1509) to work on /home/airflow/.local/lib/python3.12/site-packages/airflow/example_dags/example_latest_only.py
[2024-09-12T14:30:18.974+0000] {processor.py:914} INFO - Processing file /home/airflow/.local/lib/python3.12/site-packages/airflow/example_dags/example_latest_only.py for tasks to queue
[2024-09-12T14:30:18.981+0000] {logging_mixin.py:190} INFO - [2024-09-12T14:30:18.980+0000] {dagbag.py:587} INFO - Filling up the DagBag from /home/airflow/.local/lib/python3.12/site-packages/airflow/example_dags/example_latest_only.py
[2024-09-12T14:30:18.992+0000] {processor.py:925} INFO - DAG(s) 'latest_only' retrieved from /home/airflow/.local/lib/python3.12/site-packages/airflow/example_dags/example_latest_only.py
[2024-09-12T14:30:19.032+0000] {logging_mixin.py:190} INFO - [2024-09-12T14:30:19.032+0000] {dag.py:3229} INFO - Sync 1 DAGs
[2024-09-12T14:30:19.120+0000] {logging_mixin.py:190} INFO - [2024-09-12T14:30:19.120+0000] {dag.py:4156} INFO - Setting next_dagrun for latest_only to 2024-09-12 08:00:00+00:00, run_after=2024-09-12 12:00:00+00:00
[2024-09-12T14:30:19.143+0000] {processor.py:208} INFO - Processing /home/airflow/.local/lib/python3.12/site-packages/airflow/example_dags/example_latest_only.py took 0.180 seconds
[2024-09-12T14:30:50.021+0000] {processor.py:186} INFO - Started process (PID=1571) to work on /home/airflow/.local/lib/python3.12/site-packages/airflow/example_dags/example_latest_only.py
[2024-09-12T14:30:50.023+0000] {processor.py:914} INFO - Processing file /home/airflow/.local/lib/python3.12/site-packages/airflow/example_dags/example_latest_only.py for tasks to queue
[2024-09-12T14:30:50.025+0000] {logging_mixin.py:190} INFO - [2024-09-12T14:30:50.025+0000] {dagbag.py:587} INFO - Filling up the DagBag from /home/airflow/.local/lib/python3.12/site-packages/airflow/example_dags/example_latest_only.py
[2024-09-12T14:30:50.033+0000] {processor.py:925} INFO - DAG(s) 'latest_only' retrieved from /home/airflow/.local/lib/python3.12/site-packages/airflow/example_dags/example_latest_only.py
[2024-09-12T14:30:50.058+0000] {logging_mixin.py:190} INFO - [2024-09-12T14:30:50.058+0000] {dag.py:3229} INFO - Sync 1 DAGs
[2024-09-12T14:30:50.100+0000] {logging_mixin.py:190} INFO - [2024-09-12T14:30:50.100+0000] {dag.py:4156} INFO - Setting next_dagrun for latest_only to 2024-09-12 08:00:00+00:00, run_after=2024-09-12 12:00:00+00:00
[2024-09-12T14:30:50.122+0000] {processor.py:208} INFO - Processing /home/airflow/.local/lib/python3.12/site-packages/airflow/example_dags/example_latest_only.py took 0.108 seconds
[2024-09-12T14:31:20.424+0000] {processor.py:186} INFO - Started process (PID=1633) to work on /home/airflow/.local/lib/python3.12/site-packages/airflow/example_dags/example_latest_only.py
[2024-09-12T14:31:20.426+0000] {processor.py:914} INFO - Processing file /home/airflow/.local/lib/python3.12/site-packages/airflow/example_dags/example_latest_only.py for tasks to queue
[2024-09-12T14:31:20.429+0000] {logging_mixin.py:190} INFO - [2024-09-12T14:31:20.428+0000] {dagbag.py:587} INFO - Filling up the DagBag from /home/airflow/.local/lib/python3.12/site-packages/airflow/example_dags/example_latest_only.py
[2024-09-12T14:31:20.438+0000] {processor.py:925} INFO - DAG(s) 'latest_only' retrieved from /home/airflow/.local/lib/python3.12/site-packages/airflow/example_dags/example_latest_only.py
[2024-09-12T14:31:20.465+0000] {logging_mixin.py:190} INFO - [2024-09-12T14:31:20.464+0000] {dag.py:3229} INFO - Sync 1 DAGs
[2024-09-12T14:31:20.511+0000] {logging_mixin.py:190} INFO - [2024-09-12T14:31:20.511+0000] {dag.py:4156} INFO - Setting next_dagrun for latest_only to 2024-09-12 08:00:00+00:00, run_after=2024-09-12 12:00:00+00:00
[2024-09-12T14:31:20.531+0000] {processor.py:208} INFO - Processing /home/airflow/.local/lib/python3.12/site-packages/airflow/example_dags/example_latest_only.py took 0.114 seconds
[2024-09-12T14:31:51.759+0000] {processor.py:186} INFO - Started process (PID=1695) to work on /home/airflow/.local/lib/python3.12/site-packages/airflow/example_dags/example_latest_only.py
[2024-09-12T14:31:51.761+0000] {processor.py:914} INFO - Processing file /home/airflow/.local/lib/python3.12/site-packages/airflow/example_dags/example_latest_only.py for tasks to queue
[2024-09-12T14:31:51.763+0000] {logging_mixin.py:190} INFO - [2024-09-12T14:31:51.763+0000] {dagbag.py:587} INFO - Filling up the DagBag from /home/airflow/.local/lib/python3.12/site-packages/airflow/example_dags/example_latest_only.py
[2024-09-12T14:31:51.781+0000] {processor.py:925} INFO - DAG(s) 'latest_only' retrieved from /home/airflow/.local/lib/python3.12/site-packages/airflow/example_dags/example_latest_only.py
[2024-09-12T14:31:51.809+0000] {logging_mixin.py:190} INFO - [2024-09-12T14:31:51.808+0000] {dag.py:3229} INFO - Sync 1 DAGs
[2024-09-12T14:31:51.842+0000] {logging_mixin.py:190} INFO - [2024-09-12T14:31:51.841+0000] {dag.py:4156} INFO - Setting next_dagrun for latest_only to 2024-09-12 08:00:00+00:00, run_after=2024-09-12 12:00:00+00:00
[2024-09-12T14:31:51.863+0000] {processor.py:208} INFO - Processing /home/airflow/.local/lib/python3.12/site-packages/airflow/example_dags/example_latest_only.py took 0.111 seconds
[2024-09-12T14:32:22.880+0000] {processor.py:186} INFO - Started process (PID=1757) to work on /home/airflow/.local/lib/python3.12/site-packages/airflow/example_dags/example_latest_only.py
[2024-09-12T14:32:22.882+0000] {processor.py:914} INFO - Processing file /home/airflow/.local/lib/python3.12/site-packages/airflow/example_dags/example_latest_only.py for tasks to queue
[2024-09-12T14:32:22.885+0000] {logging_mixin.py:190} INFO - [2024-09-12T14:32:22.884+0000] {dagbag.py:587} INFO - Filling up the DagBag from /home/airflow/.local/lib/python3.12/site-packages/airflow/example_dags/example_latest_only.py
[2024-09-12T14:32:22.893+0000] {processor.py:925} INFO - DAG(s) 'latest_only' retrieved from /home/airflow/.local/lib/python3.12/site-packages/airflow/example_dags/example_latest_only.py
[2024-09-12T14:32:22.917+0000] {logging_mixin.py:190} INFO - [2024-09-12T14:32:22.917+0000] {dag.py:3229} INFO - Sync 1 DAGs
[2024-09-12T14:32:22.949+0000] {logging_mixin.py:190} INFO - [2024-09-12T14:32:22.948+0000] {dag.py:4156} INFO - Setting next_dagrun for latest_only to 2024-09-12 08:00:00+00:00, run_after=2024-09-12 12:00:00+00:00
[2024-09-12T14:32:22.972+0000] {processor.py:208} INFO - Processing /home/airflow/.local/lib/python3.12/site-packages/airflow/example_dags/example_latest_only.py took 0.098 seconds
[2024-09-12T14:32:53.691+0000] {processor.py:186} INFO - Started process (PID=1819) to work on /home/airflow/.local/lib/python3.12/site-packages/airflow/example_dags/example_latest_only.py
[2024-09-12T14:32:53.692+0000] {processor.py:914} INFO - Processing file /home/airflow/.local/lib/python3.12/site-packages/airflow/example_dags/example_latest_only.py for tasks to queue
[2024-09-12T14:32:53.695+0000] {logging_mixin.py:190} INFO - [2024-09-12T14:32:53.694+0000] {dagbag.py:587} INFO - Filling up the DagBag from /home/airflow/.local/lib/python3.12/site-packages/airflow/example_dags/example_latest_only.py
[2024-09-12T14:32:53.704+0000] {processor.py:925} INFO - DAG(s) 'latest_only' retrieved from /home/airflow/.local/lib/python3.12/site-packages/airflow/example_dags/example_latest_only.py
[2024-09-12T14:32:53.729+0000] {logging_mixin.py:190} INFO - [2024-09-12T14:32:53.728+0000] {dag.py:3229} INFO - Sync 1 DAGs
[2024-09-12T14:32:53.762+0000] {logging_mixin.py:190} INFO - [2024-09-12T14:32:53.761+0000] {dag.py:4156} INFO - Setting next_dagrun for latest_only to 2024-09-12 08:00:00+00:00, run_after=2024-09-12 12:00:00+00:00
[2024-09-12T14:32:53.785+0000] {processor.py:208} INFO - Processing /home/airflow/.local/lib/python3.12/site-packages/airflow/example_dags/example_latest_only.py took 0.102 seconds
[2024-09-12T14:33:55.801+0000] {processor.py:186} INFO - Started process (PID=1943) to work on /home/airflow/.local/lib/python3.12/site-packages/airflow/example_dags/example_latest_only.py
[2024-09-12T14:33:55.802+0000] {processor.py:914} INFO - Processing file /home/airflow/.local/lib/python3.12/site-packages/airflow/example_dags/example_latest_only.py for tasks to queue
[2024-09-12T14:33:55.805+0000] {logging_mixin.py:190} INFO - [2024-09-12T14:33:55.804+0000] {dagbag.py:587} INFO - Filling up the DagBag from /home/airflow/.local/lib/python3.12/site-packages/airflow/example_dags/example_latest_only.py
[2024-09-12T14:33:55.813+0000] {processor.py:925} INFO - DAG(s) 'latest_only' retrieved from /home/airflow/.local/lib/python3.12/site-packages/airflow/example_dags/example_latest_only.py
[2024-09-12T14:33:55.840+0000] {logging_mixin.py:190} INFO - [2024-09-12T14:33:55.840+0000] {dag.py:3229} INFO - Sync 1 DAGs
[2024-09-12T14:33:55.871+0000] {logging_mixin.py:190} INFO - [2024-09-12T14:33:55.871+0000] {dag.py:4156} INFO - Setting next_dagrun for latest_only to 2024-09-12 08:00:00+00:00, run_after=2024-09-12 12:00:00+00:00
[2024-09-12T14:33:55.893+0000] {processor.py:208} INFO - Processing /home/airflow/.local/lib/python3.12/site-packages/airflow/example_dags/example_latest_only.py took 0.099 seconds
[2024-09-12T14:34:26.346+0000] {processor.py:186} INFO - Started process (PID=2005) to work on /home/airflow/.local/lib/python3.12/site-packages/airflow/example_dags/example_latest_only.py
[2024-09-12T14:34:26.347+0000] {processor.py:914} INFO - Processing file /home/airflow/.local/lib/python3.12/site-packages/airflow/example_dags/example_latest_only.py for tasks to queue
[2024-09-12T14:34:26.350+0000] {logging_mixin.py:190} INFO - [2024-09-12T14:34:26.349+0000] {dagbag.py:587} INFO - Filling up the DagBag from /home/airflow/.local/lib/python3.12/site-packages/airflow/example_dags/example_latest_only.py
[2024-09-12T14:34:26.360+0000] {processor.py:925} INFO - DAG(s) 'latest_only' retrieved from /home/airflow/.local/lib/python3.12/site-packages/airflow/example_dags/example_latest_only.py
[2024-09-12T14:34:26.386+0000] {logging_mixin.py:190} INFO - [2024-09-12T14:34:26.386+0000] {dag.py:3229} INFO - Sync 1 DAGs
[2024-09-12T14:34:26.413+0000] {logging_mixin.py:190} INFO - [2024-09-12T14:34:26.412+0000] {dag.py:4156} INFO - Setting next_dagrun for latest_only to 2024-09-12 08:00:00+00:00, run_after=2024-09-12 12:00:00+00:00
[2024-09-12T14:34:26.431+0000] {processor.py:208} INFO - Processing /home/airflow/.local/lib/python3.12/site-packages/airflow/example_dags/example_latest_only.py took 0.093 seconds
[2024-09-12T14:34:57.181+0000] {processor.py:186} INFO - Started process (PID=2067) to work on /home/airflow/.local/lib/python3.12/site-packages/airflow/example_dags/example_latest_only.py
[2024-09-12T14:34:57.183+0000] {processor.py:914} INFO - Processing file /home/airflow/.local/lib/python3.12/site-packages/airflow/example_dags/example_latest_only.py for tasks to queue
[2024-09-12T14:34:57.186+0000] {logging_mixin.py:190} INFO - [2024-09-12T14:34:57.185+0000] {dagbag.py:587} INFO - Filling up the DagBag from /home/airflow/.local/lib/python3.12/site-packages/airflow/example_dags/example_latest_only.py
[2024-09-12T14:34:57.195+0000] {processor.py:925} INFO - DAG(s) 'latest_only' retrieved from /home/airflow/.local/lib/python3.12/site-packages/airflow/example_dags/example_latest_only.py
[2024-09-12T14:34:57.223+0000] {logging_mixin.py:190} INFO - [2024-09-12T14:34:57.222+0000] {dag.py:3229} INFO - Sync 1 DAGs
[2024-09-12T14:34:57.310+0000] {logging_mixin.py:190} INFO - [2024-09-12T14:34:57.309+0000] {dag.py:4156} INFO - Setting next_dagrun for latest_only to 2024-09-12 08:00:00+00:00, run_after=2024-09-12 12:00:00+00:00
[2024-09-12T14:34:57.338+0000] {processor.py:208} INFO - Processing /home/airflow/.local/lib/python3.12/site-packages/airflow/example_dags/example_latest_only.py took 0.176 seconds
[2024-09-12T14:35:28.382+0000] {processor.py:186} INFO - Started process (PID=2129) to work on /home/airflow/.local/lib/python3.12/site-packages/airflow/example_dags/example_latest_only.py
[2024-09-12T14:35:28.383+0000] {processor.py:914} INFO - Processing file /home/airflow/.local/lib/python3.12/site-packages/airflow/example_dags/example_latest_only.py for tasks to queue
[2024-09-12T14:35:28.386+0000] {logging_mixin.py:190} INFO - [2024-09-12T14:35:28.386+0000] {dagbag.py:587} INFO - Filling up the DagBag from /home/airflow/.local/lib/python3.12/site-packages/airflow/example_dags/example_latest_only.py
[2024-09-12T14:35:28.397+0000] {processor.py:925} INFO - DAG(s) 'latest_only' retrieved from /home/airflow/.local/lib/python3.12/site-packages/airflow/example_dags/example_latest_only.py
[2024-09-12T14:35:28.427+0000] {logging_mixin.py:190} INFO - [2024-09-12T14:35:28.426+0000] {dag.py:3229} INFO - Sync 1 DAGs
[2024-09-12T14:35:28.461+0000] {logging_mixin.py:190} INFO - [2024-09-12T14:35:28.461+0000] {dag.py:4156} INFO - Setting next_dagrun for latest_only to 2024-09-12 08:00:00+00:00, run_after=2024-09-12 12:00:00+00:00
[2024-09-12T14:35:28.505+0000] {processor.py:208} INFO - Processing /home/airflow/.local/lib/python3.12/site-packages/airflow/example_dags/example_latest_only.py took 0.135 seconds
[2024-09-12T14:36:00.414+0000] {processor.py:186} INFO - Started process (PID=2192) to work on /home/airflow/.local/lib/python3.12/site-packages/airflow/example_dags/example_latest_only.py
[2024-09-12T14:36:00.416+0000] {processor.py:914} INFO - Processing file /home/airflow/.local/lib/python3.12/site-packages/airflow/example_dags/example_latest_only.py for tasks to queue
[2024-09-12T14:36:00.419+0000] {logging_mixin.py:190} INFO - [2024-09-12T14:36:00.418+0000] {dagbag.py:587} INFO - Filling up the DagBag from /home/airflow/.local/lib/python3.12/site-packages/airflow/example_dags/example_latest_only.py
[2024-09-12T14:36:00.428+0000] {processor.py:925} INFO - DAG(s) 'latest_only' retrieved from /home/airflow/.local/lib/python3.12/site-packages/airflow/example_dags/example_latest_only.py
[2024-09-12T14:36:00.488+0000] {logging_mixin.py:190} INFO - [2024-09-12T14:36:00.488+0000] {dag.py:3229} INFO - Sync 1 DAGs
[2024-09-12T14:36:00.522+0000] {logging_mixin.py:190} INFO - [2024-09-12T14:36:00.522+0000] {dag.py:4156} INFO - Setting next_dagrun for latest_only to 2024-09-12 08:00:00+00:00, run_after=2024-09-12 12:00:00+00:00
[2024-09-12T14:36:00.546+0000] {processor.py:208} INFO - Processing /home/airflow/.local/lib/python3.12/site-packages/airflow/example_dags/example_latest_only.py took 0.139 seconds
[2024-09-12T14:36:30.983+0000] {processor.py:186} INFO - Started process (PID=2254) to work on /home/airflow/.local/lib/python3.12/site-packages/airflow/example_dags/example_latest_only.py
[2024-09-12T14:36:30.984+0000] {processor.py:914} INFO - Processing file /home/airflow/.local/lib/python3.12/site-packages/airflow/example_dags/example_latest_only.py for tasks to queue
[2024-09-12T14:36:30.988+0000] {logging_mixin.py:190} INFO - [2024-09-12T14:36:30.987+0000] {dagbag.py:587} INFO - Filling up the DagBag from /home/airflow/.local/lib/python3.12/site-packages/airflow/example_dags/example_latest_only.py
[2024-09-12T14:36:30.997+0000] {processor.py:925} INFO - DAG(s) 'latest_only' retrieved from /home/airflow/.local/lib/python3.12/site-packages/airflow/example_dags/example_latest_only.py
[2024-09-12T14:36:31.096+0000] {logging_mixin.py:190} INFO - [2024-09-12T14:36:31.096+0000] {dag.py:3229} INFO - Sync 1 DAGs
[2024-09-12T14:36:31.199+0000] {logging_mixin.py:190} INFO - [2024-09-12T14:36:31.199+0000] {dag.py:4156} INFO - Setting next_dagrun for latest_only to 2024-09-12 08:00:00+00:00, run_after=2024-09-12 12:00:00+00:00
[2024-09-12T14:36:31.221+0000] {processor.py:208} INFO - Processing /home/airflow/.local/lib/python3.12/site-packages/airflow/example_dags/example_latest_only.py took 0.319 seconds
[2024-09-12T14:37:01.448+0000] {processor.py:186} INFO - Started process (PID=2322) to work on /home/airflow/.local/lib/python3.12/site-packages/airflow/example_dags/example_latest_only.py
[2024-09-12T14:37:01.449+0000] {processor.py:914} INFO - Processing file /home/airflow/.local/lib/python3.12/site-packages/airflow/example_dags/example_latest_only.py for tasks to queue
[2024-09-12T14:37:01.451+0000] {logging_mixin.py:190} INFO - [2024-09-12T14:37:01.451+0000] {dagbag.py:587} INFO - Filling up the DagBag from /home/airflow/.local/lib/python3.12/site-packages/airflow/example_dags/example_latest_only.py
[2024-09-12T14:37:01.484+0000] {processor.py:925} INFO - DAG(s) 'latest_only' retrieved from /home/airflow/.local/lib/python3.12/site-packages/airflow/example_dags/example_latest_only.py
[2024-09-12T14:37:01.511+0000] {logging_mixin.py:190} INFO - [2024-09-12T14:37:01.511+0000] {dag.py:3229} INFO - Sync 1 DAGs
[2024-09-12T14:37:01.544+0000] {logging_mixin.py:190} INFO - [2024-09-12T14:37:01.543+0000] {dag.py:4156} INFO - Setting next_dagrun for latest_only to 2024-09-12 08:00:00+00:00, run_after=2024-09-12 12:00:00+00:00
[2024-09-12T14:37:01.589+0000] {processor.py:208} INFO - Processing /home/airflow/.local/lib/python3.12/site-packages/airflow/example_dags/example_latest_only.py took 0.148 seconds
[2024-09-12T14:37:32.599+0000] {processor.py:186} INFO - Started process (PID=2384) to work on /home/airflow/.local/lib/python3.12/site-packages/airflow/example_dags/example_latest_only.py
[2024-09-12T14:37:32.600+0000] {processor.py:914} INFO - Processing file /home/airflow/.local/lib/python3.12/site-packages/airflow/example_dags/example_latest_only.py for tasks to queue
[2024-09-12T14:37:32.604+0000] {logging_mixin.py:190} INFO - [2024-09-12T14:37:32.603+0000] {dagbag.py:587} INFO - Filling up the DagBag from /home/airflow/.local/lib/python3.12/site-packages/airflow/example_dags/example_latest_only.py
[2024-09-12T14:37:32.615+0000] {processor.py:925} INFO - DAG(s) 'latest_only' retrieved from /home/airflow/.local/lib/python3.12/site-packages/airflow/example_dags/example_latest_only.py
[2024-09-12T14:37:32.704+0000] {logging_mixin.py:190} INFO - [2024-09-12T14:37:32.703+0000] {dag.py:3229} INFO - Sync 1 DAGs
[2024-09-12T14:37:32.786+0000] {logging_mixin.py:190} INFO - [2024-09-12T14:37:32.785+0000] {dag.py:4156} INFO - Setting next_dagrun for latest_only to 2024-09-12 08:00:00+00:00, run_after=2024-09-12 12:00:00+00:00
[2024-09-12T14:37:32.819+0000] {processor.py:208} INFO - Processing /home/airflow/.local/lib/python3.12/site-packages/airflow/example_dags/example_latest_only.py took 0.229 seconds
[2024-09-12T14:38:03.236+0000] {processor.py:186} INFO - Started process (PID=2446) to work on /home/airflow/.local/lib/python3.12/site-packages/airflow/example_dags/example_latest_only.py
[2024-09-12T14:38:03.237+0000] {processor.py:914} INFO - Processing file /home/airflow/.local/lib/python3.12/site-packages/airflow/example_dags/example_latest_only.py for tasks to queue
[2024-09-12T14:38:03.240+0000] {logging_mixin.py:190} INFO - [2024-09-12T14:38:03.240+0000] {dagbag.py:587} INFO - Filling up the DagBag from /home/airflow/.local/lib/python3.12/site-packages/airflow/example_dags/example_latest_only.py
[2024-09-12T14:38:03.248+0000] {processor.py:925} INFO - DAG(s) 'latest_only' retrieved from /home/airflow/.local/lib/python3.12/site-packages/airflow/example_dags/example_latest_only.py
[2024-09-12T14:38:03.274+0000] {logging_mixin.py:190} INFO - [2024-09-12T14:38:03.274+0000] {dag.py:3229} INFO - Sync 1 DAGs
[2024-09-12T14:38:03.305+0000] {logging_mixin.py:190} INFO - [2024-09-12T14:38:03.305+0000] {dag.py:4156} INFO - Setting next_dagrun for latest_only to 2024-09-12 08:00:00+00:00, run_after=2024-09-12 12:00:00+00:00
[2024-09-12T14:38:03.331+0000] {processor.py:208} INFO - Processing /home/airflow/.local/lib/python3.12/site-packages/airflow/example_dags/example_latest_only.py took 0.101 seconds
[2024-09-12T14:38:36.692+0000] {processor.py:186} INFO - Started process (PID=2508) to work on /home/airflow/.local/lib/python3.12/site-packages/airflow/example_dags/example_latest_only.py
[2024-09-12T14:38:36.693+0000] {processor.py:914} INFO - Processing file /home/airflow/.local/lib/python3.12/site-packages/airflow/example_dags/example_latest_only.py for tasks to queue
[2024-09-12T14:38:36.696+0000] {logging_mixin.py:190} INFO - [2024-09-12T14:38:36.696+0000] {dagbag.py:587} INFO - Filling up the DagBag from /home/airflow/.local/lib/python3.12/site-packages/airflow/example_dags/example_latest_only.py
[2024-09-12T14:38:36.707+0000] {processor.py:925} INFO - DAG(s) 'latest_only' retrieved from /home/airflow/.local/lib/python3.12/site-packages/airflow/example_dags/example_latest_only.py
[2024-09-12T14:38:36.738+0000] {logging_mixin.py:190} INFO - [2024-09-12T14:38:36.738+0000] {dag.py:3229} INFO - Sync 1 DAGs
[2024-09-12T14:38:36.813+0000] {logging_mixin.py:190} INFO - [2024-09-12T14:38:36.813+0000] {dag.py:4156} INFO - Setting next_dagrun for latest_only to 2024-09-12 08:00:00+00:00, run_after=2024-09-12 12:00:00+00:00
[2024-09-12T14:38:36.895+0000] {processor.py:208} INFO - Processing /home/airflow/.local/lib/python3.12/site-packages/airflow/example_dags/example_latest_only.py took 0.211 seconds
[2024-09-12T14:39:07.135+0000] {processor.py:186} INFO - Started process (PID=2569) to work on /home/airflow/.local/lib/python3.12/site-packages/airflow/example_dags/example_latest_only.py
[2024-09-12T14:39:07.136+0000] {processor.py:914} INFO - Processing file /home/airflow/.local/lib/python3.12/site-packages/airflow/example_dags/example_latest_only.py for tasks to queue
[2024-09-12T14:39:07.139+0000] {logging_mixin.py:190} INFO - [2024-09-12T14:39:07.139+0000] {dagbag.py:587} INFO - Filling up the DagBag from /home/airflow/.local/lib/python3.12/site-packages/airflow/example_dags/example_latest_only.py
[2024-09-12T14:39:07.148+0000] {processor.py:925} INFO - DAG(s) 'latest_only' retrieved from /home/airflow/.local/lib/python3.12/site-packages/airflow/example_dags/example_latest_only.py
[2024-09-12T14:39:07.172+0000] {logging_mixin.py:190} INFO - [2024-09-12T14:39:07.172+0000] {dag.py:3229} INFO - Sync 1 DAGs
[2024-09-12T14:39:07.201+0000] {logging_mixin.py:190} INFO - [2024-09-12T14:39:07.201+0000] {dag.py:4156} INFO - Setting next_dagrun for latest_only to 2024-09-12 08:00:00+00:00, run_after=2024-09-12 12:00:00+00:00
[2024-09-12T14:39:07.221+0000] {processor.py:208} INFO - Processing /home/airflow/.local/lib/python3.12/site-packages/airflow/example_dags/example_latest_only.py took 0.092 seconds
