[2024-09-12T14:00:43.598+0000] {processor.py:186} INFO - Started process (PID=69) to work on /home/airflow/.local/lib/python3.12/site-packages/airflow/example_dags/example_branch_operator.py
[2024-09-12T14:00:43.599+0000] {processor.py:914} INFO - Processing file /home/airflow/.local/lib/python3.12/site-packages/airflow/example_dags/example_branch_operator.py for tasks to queue
[2024-09-12T14:00:43.602+0000] {logging_mixin.py:190} INFO - [2024-09-12T14:00:43.602+0000] {dagbag.py:587} INFO - Filling up the DagBag from /home/airflow/.local/lib/python3.12/site-packages/airflow/example_dags/example_branch_operator.py
[2024-09-12T14:00:43.645+0000] {processor.py:925} INFO - DAG(s) 'example_branch_operator' retrieved from /home/airflow/.local/lib/python3.12/site-packages/airflow/example_dags/example_branch_operator.py
[2024-09-12T14:00:43.986+0000] {logging_mixin.py:190} INFO - [2024-09-12T14:00:43.985+0000] {override.py:1900} INFO - Created Permission View: can read on DAG:example_branch_operator
[2024-09-12T14:00:43.998+0000] {logging_mixin.py:190} INFO - [2024-09-12T14:00:43.998+0000] {override.py:1900} INFO - Created Permission View: can delete on DAG:example_branch_operator
[2024-09-12T14:00:44.006+0000] {logging_mixin.py:190} INFO - [2024-09-12T14:00:44.006+0000] {override.py:1900} INFO - Created Permission View: can edit on DAG:example_branch_operator
[2024-09-12T14:00:44.015+0000] {logging_mixin.py:190} INFO - [2024-09-12T14:00:44.015+0000] {override.py:1900} INFO - Created Permission View: can read on DAG Run:example_branch_operator
[2024-09-12T14:00:44.025+0000] {logging_mixin.py:190} INFO - [2024-09-12T14:00:44.025+0000] {override.py:1900} INFO - Created Permission View: can create on DAG Run:example_branch_operator
[2024-09-12T14:00:44.033+0000] {logging_mixin.py:190} INFO - [2024-09-12T14:00:44.033+0000] {override.py:1900} INFO - Created Permission View: can delete on DAG Run:example_branch_operator
[2024-09-12T14:00:44.042+0000] {logging_mixin.py:190} INFO - [2024-09-12T14:00:44.041+0000] {override.py:1900} INFO - Created Permission View: menu access on DAG Run:example_branch_operator
[2024-09-12T14:00:44.042+0000] {logging_mixin.py:190} INFO - [2024-09-12T14:00:44.042+0000] {dag.py:3229} INFO - Sync 1 DAGs
[2024-09-12T14:00:44.100+0000] {logging_mixin.py:190} INFO - [2024-09-12T14:00:44.099+0000] {dag.py:3252} INFO - Creating ORM DAG for example_branch_operator
[2024-09-12T14:00:44.118+0000] {logging_mixin.py:190} INFO - [2024-09-12T14:00:44.118+0000] {dag.py:4156} INFO - Setting next_dagrun for example_branch_operator to 2024-09-11 00:00:00+00:00, run_after=2024-09-12 00:00:00+00:00
[2024-09-12T14:00:44.141+0000] {processor.py:208} INFO - Processing /home/airflow/.local/lib/python3.12/site-packages/airflow/example_dags/example_branch_operator.py took 0.551 seconds
[2024-09-12T14:01:14.488+0000] {processor.py:186} INFO - Started process (PID=131) to work on /home/airflow/.local/lib/python3.12/site-packages/airflow/example_dags/example_branch_operator.py
[2024-09-12T14:01:14.490+0000] {processor.py:914} INFO - Processing file /home/airflow/.local/lib/python3.12/site-packages/airflow/example_dags/example_branch_operator.py for tasks to queue
[2024-09-12T14:01:14.492+0000] {logging_mixin.py:190} INFO - [2024-09-12T14:01:14.492+0000] {dagbag.py:587} INFO - Filling up the DagBag from /home/airflow/.local/lib/python3.12/site-packages/airflow/example_dags/example_branch_operator.py
[2024-09-12T14:01:14.517+0000] {processor.py:925} INFO - DAG(s) 'example_branch_operator' retrieved from /home/airflow/.local/lib/python3.12/site-packages/airflow/example_dags/example_branch_operator.py
[2024-09-12T14:01:14.600+0000] {logging_mixin.py:190} INFO - [2024-09-12T14:01:14.599+0000] {dag.py:3229} INFO - Sync 1 DAGs
[2024-09-12T14:01:14.634+0000] {logging_mixin.py:190} INFO - [2024-09-12T14:01:14.633+0000] {dag.py:4156} INFO - Setting next_dagrun for example_branch_operator to 2024-09-11 00:00:00+00:00, run_after=2024-09-12 00:00:00+00:00
[2024-09-12T14:01:14.657+0000] {processor.py:208} INFO - Processing /home/airflow/.local/lib/python3.12/site-packages/airflow/example_dags/example_branch_operator.py took 0.177 seconds
[2024-09-12T14:01:44.827+0000] {processor.py:186} INFO - Started process (PID=193) to work on /home/airflow/.local/lib/python3.12/site-packages/airflow/example_dags/example_branch_operator.py
[2024-09-12T14:01:44.828+0000] {processor.py:914} INFO - Processing file /home/airflow/.local/lib/python3.12/site-packages/airflow/example_dags/example_branch_operator.py for tasks to queue
[2024-09-12T14:01:44.831+0000] {logging_mixin.py:190} INFO - [2024-09-12T14:01:44.831+0000] {dagbag.py:587} INFO - Filling up the DagBag from /home/airflow/.local/lib/python3.12/site-packages/airflow/example_dags/example_branch_operator.py
[2024-09-12T14:01:44.891+0000] {processor.py:925} INFO - DAG(s) 'example_branch_operator' retrieved from /home/airflow/.local/lib/python3.12/site-packages/airflow/example_dags/example_branch_operator.py
[2024-09-12T14:01:44.922+0000] {logging_mixin.py:190} INFO - [2024-09-12T14:01:44.922+0000] {dag.py:3229} INFO - Sync 1 DAGs
[2024-09-12T14:01:45.007+0000] {logging_mixin.py:190} INFO - [2024-09-12T14:01:45.007+0000] {dag.py:4156} INFO - Setting next_dagrun for example_branch_operator to 2024-09-11 00:00:00+00:00, run_after=2024-09-12 00:00:00+00:00
[2024-09-12T14:01:45.088+0000] {processor.py:208} INFO - Processing /home/airflow/.local/lib/python3.12/site-packages/airflow/example_dags/example_branch_operator.py took 0.267 seconds
[2024-09-12T14:02:15.831+0000] {processor.py:186} INFO - Started process (PID=255) to work on /home/airflow/.local/lib/python3.12/site-packages/airflow/example_dags/example_branch_operator.py
[2024-09-12T14:02:15.833+0000] {processor.py:914} INFO - Processing file /home/airflow/.local/lib/python3.12/site-packages/airflow/example_dags/example_branch_operator.py for tasks to queue
[2024-09-12T14:02:15.835+0000] {logging_mixin.py:190} INFO - [2024-09-12T14:02:15.835+0000] {dagbag.py:587} INFO - Filling up the DagBag from /home/airflow/.local/lib/python3.12/site-packages/airflow/example_dags/example_branch_operator.py
[2024-09-12T14:02:15.859+0000] {processor.py:925} INFO - DAG(s) 'example_branch_operator' retrieved from /home/airflow/.local/lib/python3.12/site-packages/airflow/example_dags/example_branch_operator.py
[2024-09-12T14:02:15.895+0000] {logging_mixin.py:190} INFO - [2024-09-12T14:02:15.895+0000] {dag.py:3229} INFO - Sync 1 DAGs
[2024-09-12T14:02:15.926+0000] {logging_mixin.py:190} INFO - [2024-09-12T14:02:15.926+0000] {dag.py:4156} INFO - Setting next_dagrun for example_branch_operator to 2024-09-11 00:00:00+00:00, run_after=2024-09-12 00:00:00+00:00
[2024-09-12T14:02:15.945+0000] {processor.py:208} INFO - Processing /home/airflow/.local/lib/python3.12/site-packages/airflow/example_dags/example_branch_operator.py took 0.120 seconds
[2024-09-12T14:02:46.019+0000] {processor.py:186} INFO - Started process (PID=317) to work on /home/airflow/.local/lib/python3.12/site-packages/airflow/example_dags/example_branch_operator.py
[2024-09-12T14:02:46.020+0000] {processor.py:914} INFO - Processing file /home/airflow/.local/lib/python3.12/site-packages/airflow/example_dags/example_branch_operator.py for tasks to queue
[2024-09-12T14:02:46.022+0000] {logging_mixin.py:190} INFO - [2024-09-12T14:02:46.022+0000] {dagbag.py:587} INFO - Filling up the DagBag from /home/airflow/.local/lib/python3.12/site-packages/airflow/example_dags/example_branch_operator.py
[2024-09-12T14:02:46.042+0000] {processor.py:925} INFO - DAG(s) 'example_branch_operator' retrieved from /home/airflow/.local/lib/python3.12/site-packages/airflow/example_dags/example_branch_operator.py
[2024-09-12T14:02:46.074+0000] {logging_mixin.py:190} INFO - [2024-09-12T14:02:46.073+0000] {dag.py:3229} INFO - Sync 1 DAGs
[2024-09-12T14:02:46.104+0000] {logging_mixin.py:190} INFO - [2024-09-12T14:02:46.104+0000] {dag.py:4156} INFO - Setting next_dagrun for example_branch_operator to 2024-09-11 00:00:00+00:00, run_after=2024-09-12 00:00:00+00:00
[2024-09-12T14:02:46.129+0000] {processor.py:208} INFO - Processing /home/airflow/.local/lib/python3.12/site-packages/airflow/example_dags/example_branch_operator.py took 0.117 seconds
[2024-09-12T14:03:16.574+0000] {processor.py:186} INFO - Started process (PID=379) to work on /home/airflow/.local/lib/python3.12/site-packages/airflow/example_dags/example_branch_operator.py
[2024-09-12T14:03:16.575+0000] {processor.py:914} INFO - Processing file /home/airflow/.local/lib/python3.12/site-packages/airflow/example_dags/example_branch_operator.py for tasks to queue
[2024-09-12T14:03:16.578+0000] {logging_mixin.py:190} INFO - [2024-09-12T14:03:16.578+0000] {dagbag.py:587} INFO - Filling up the DagBag from /home/airflow/.local/lib/python3.12/site-packages/airflow/example_dags/example_branch_operator.py
[2024-09-12T14:03:16.607+0000] {processor.py:925} INFO - DAG(s) 'example_branch_operator' retrieved from /home/airflow/.local/lib/python3.12/site-packages/airflow/example_dags/example_branch_operator.py
[2024-09-12T14:03:16.649+0000] {logging_mixin.py:190} INFO - [2024-09-12T14:03:16.648+0000] {dag.py:3229} INFO - Sync 1 DAGs
[2024-09-12T14:03:16.686+0000] {logging_mixin.py:190} INFO - [2024-09-12T14:03:16.686+0000] {dag.py:4156} INFO - Setting next_dagrun for example_branch_operator to 2024-09-11 00:00:00+00:00, run_after=2024-09-12 00:00:00+00:00
[2024-09-12T14:03:16.714+0000] {processor.py:208} INFO - Processing /home/airflow/.local/lib/python3.12/site-packages/airflow/example_dags/example_branch_operator.py took 0.148 seconds
[2024-09-12T14:03:47.594+0000] {processor.py:186} INFO - Started process (PID=441) to work on /home/airflow/.local/lib/python3.12/site-packages/airflow/example_dags/example_branch_operator.py
[2024-09-12T14:03:47.595+0000] {processor.py:914} INFO - Processing file /home/airflow/.local/lib/python3.12/site-packages/airflow/example_dags/example_branch_operator.py for tasks to queue
[2024-09-12T14:03:47.598+0000] {logging_mixin.py:190} INFO - [2024-09-12T14:03:47.598+0000] {dagbag.py:587} INFO - Filling up the DagBag from /home/airflow/.local/lib/python3.12/site-packages/airflow/example_dags/example_branch_operator.py
[2024-09-12T14:03:47.619+0000] {processor.py:925} INFO - DAG(s) 'example_branch_operator' retrieved from /home/airflow/.local/lib/python3.12/site-packages/airflow/example_dags/example_branch_operator.py
[2024-09-12T14:03:47.653+0000] {logging_mixin.py:190} INFO - [2024-09-12T14:03:47.653+0000] {dag.py:3229} INFO - Sync 1 DAGs
[2024-09-12T14:03:47.682+0000] {logging_mixin.py:190} INFO - [2024-09-12T14:03:47.682+0000] {dag.py:4156} INFO - Setting next_dagrun for example_branch_operator to 2024-09-11 00:00:00+00:00, run_after=2024-09-12 00:00:00+00:00
[2024-09-12T14:03:47.701+0000] {processor.py:208} INFO - Processing /home/airflow/.local/lib/python3.12/site-packages/airflow/example_dags/example_branch_operator.py took 0.114 seconds
[2024-09-12T14:04:17.771+0000] {processor.py:186} INFO - Started process (PID=503) to work on /home/airflow/.local/lib/python3.12/site-packages/airflow/example_dags/example_branch_operator.py
[2024-09-12T14:04:17.772+0000] {processor.py:914} INFO - Processing file /home/airflow/.local/lib/python3.12/site-packages/airflow/example_dags/example_branch_operator.py for tasks to queue
[2024-09-12T14:04:17.775+0000] {logging_mixin.py:190} INFO - [2024-09-12T14:04:17.774+0000] {dagbag.py:587} INFO - Filling up the DagBag from /home/airflow/.local/lib/python3.12/site-packages/airflow/example_dags/example_branch_operator.py
[2024-09-12T14:04:17.793+0000] {processor.py:925} INFO - DAG(s) 'example_branch_operator' retrieved from /home/airflow/.local/lib/python3.12/site-packages/airflow/example_dags/example_branch_operator.py
[2024-09-12T14:04:17.824+0000] {logging_mixin.py:190} INFO - [2024-09-12T14:04:17.824+0000] {dag.py:3229} INFO - Sync 1 DAGs
[2024-09-12T14:04:17.855+0000] {logging_mixin.py:190} INFO - [2024-09-12T14:04:17.855+0000] {dag.py:4156} INFO - Setting next_dagrun for example_branch_operator to 2024-09-11 00:00:00+00:00, run_after=2024-09-12 00:00:00+00:00
[2024-09-12T14:04:17.876+0000] {processor.py:208} INFO - Processing /home/airflow/.local/lib/python3.12/site-packages/airflow/example_dags/example_branch_operator.py took 0.111 seconds
[2024-09-12T14:04:48.702+0000] {processor.py:186} INFO - Started process (PID=565) to work on /home/airflow/.local/lib/python3.12/site-packages/airflow/example_dags/example_branch_operator.py
[2024-09-12T14:04:48.703+0000] {processor.py:914} INFO - Processing file /home/airflow/.local/lib/python3.12/site-packages/airflow/example_dags/example_branch_operator.py for tasks to queue
[2024-09-12T14:04:48.705+0000] {logging_mixin.py:190} INFO - [2024-09-12T14:04:48.705+0000] {dagbag.py:587} INFO - Filling up the DagBag from /home/airflow/.local/lib/python3.12/site-packages/airflow/example_dags/example_branch_operator.py
[2024-09-12T14:04:48.723+0000] {processor.py:925} INFO - DAG(s) 'example_branch_operator' retrieved from /home/airflow/.local/lib/python3.12/site-packages/airflow/example_dags/example_branch_operator.py
[2024-09-12T14:04:48.751+0000] {logging_mixin.py:190} INFO - [2024-09-12T14:04:48.751+0000] {dag.py:3229} INFO - Sync 1 DAGs
[2024-09-12T14:04:48.779+0000] {logging_mixin.py:190} INFO - [2024-09-12T14:04:48.779+0000] {dag.py:4156} INFO - Setting next_dagrun for example_branch_operator to 2024-09-11 00:00:00+00:00, run_after=2024-09-12 00:00:00+00:00
[2024-09-12T14:04:48.799+0000] {processor.py:208} INFO - Processing /home/airflow/.local/lib/python3.12/site-packages/airflow/example_dags/example_branch_operator.py took 0.103 seconds
[2024-09-12T14:05:19.428+0000] {processor.py:186} INFO - Started process (PID=627) to work on /home/airflow/.local/lib/python3.12/site-packages/airflow/example_dags/example_branch_operator.py
[2024-09-12T14:05:19.429+0000] {processor.py:914} INFO - Processing file /home/airflow/.local/lib/python3.12/site-packages/airflow/example_dags/example_branch_operator.py for tasks to queue
[2024-09-12T14:05:19.433+0000] {logging_mixin.py:190} INFO - [2024-09-12T14:05:19.432+0000] {dagbag.py:587} INFO - Filling up the DagBag from /home/airflow/.local/lib/python3.12/site-packages/airflow/example_dags/example_branch_operator.py
[2024-09-12T14:05:19.452+0000] {processor.py:925} INFO - DAG(s) 'example_branch_operator' retrieved from /home/airflow/.local/lib/python3.12/site-packages/airflow/example_dags/example_branch_operator.py
[2024-09-12T14:05:19.486+0000] {logging_mixin.py:190} INFO - [2024-09-12T14:05:19.485+0000] {dag.py:3229} INFO - Sync 1 DAGs
[2024-09-12T14:05:19.515+0000] {logging_mixin.py:190} INFO - [2024-09-12T14:05:19.514+0000] {dag.py:4156} INFO - Setting next_dagrun for example_branch_operator to 2024-09-11 00:00:00+00:00, run_after=2024-09-12 00:00:00+00:00
[2024-09-12T14:05:19.534+0000] {processor.py:208} INFO - Processing /home/airflow/.local/lib/python3.12/site-packages/airflow/example_dags/example_branch_operator.py took 0.114 seconds
[2024-09-12T14:05:49.699+0000] {processor.py:186} INFO - Started process (PID=689) to work on /home/airflow/.local/lib/python3.12/site-packages/airflow/example_dags/example_branch_operator.py
[2024-09-12T14:05:49.701+0000] {processor.py:914} INFO - Processing file /home/airflow/.local/lib/python3.12/site-packages/airflow/example_dags/example_branch_operator.py for tasks to queue
[2024-09-12T14:05:49.703+0000] {logging_mixin.py:190} INFO - [2024-09-12T14:05:49.703+0000] {dagbag.py:587} INFO - Filling up the DagBag from /home/airflow/.local/lib/python3.12/site-packages/airflow/example_dags/example_branch_operator.py
[2024-09-12T14:05:49.723+0000] {processor.py:925} INFO - DAG(s) 'example_branch_operator' retrieved from /home/airflow/.local/lib/python3.12/site-packages/airflow/example_dags/example_branch_operator.py
[2024-09-12T14:05:49.755+0000] {logging_mixin.py:190} INFO - [2024-09-12T14:05:49.755+0000] {dag.py:3229} INFO - Sync 1 DAGs
[2024-09-12T14:05:49.783+0000] {logging_mixin.py:190} INFO - [2024-09-12T14:05:49.782+0000] {dag.py:4156} INFO - Setting next_dagrun for example_branch_operator to 2024-09-11 00:00:00+00:00, run_after=2024-09-12 00:00:00+00:00
[2024-09-12T14:05:49.801+0000] {processor.py:208} INFO - Processing /home/airflow/.local/lib/python3.12/site-packages/airflow/example_dags/example_branch_operator.py took 0.109 seconds
[2024-09-12T14:06:19.887+0000] {processor.py:186} INFO - Started process (PID=751) to work on /home/airflow/.local/lib/python3.12/site-packages/airflow/example_dags/example_branch_operator.py
[2024-09-12T14:06:19.888+0000] {processor.py:914} INFO - Processing file /home/airflow/.local/lib/python3.12/site-packages/airflow/example_dags/example_branch_operator.py for tasks to queue
[2024-09-12T14:06:19.891+0000] {logging_mixin.py:190} INFO - [2024-09-12T14:06:19.890+0000] {dagbag.py:587} INFO - Filling up the DagBag from /home/airflow/.local/lib/python3.12/site-packages/airflow/example_dags/example_branch_operator.py
[2024-09-12T14:06:19.908+0000] {processor.py:925} INFO - DAG(s) 'example_branch_operator' retrieved from /home/airflow/.local/lib/python3.12/site-packages/airflow/example_dags/example_branch_operator.py
[2024-09-12T14:06:19.936+0000] {logging_mixin.py:190} INFO - [2024-09-12T14:06:19.936+0000] {dag.py:3229} INFO - Sync 1 DAGs
[2024-09-12T14:06:19.995+0000] {logging_mixin.py:190} INFO - [2024-09-12T14:06:19.995+0000] {dag.py:4156} INFO - Setting next_dagrun for example_branch_operator to 2024-09-11 00:00:00+00:00, run_after=2024-09-12 00:00:00+00:00
[2024-09-12T14:06:20.013+0000] {processor.py:208} INFO - Processing /home/airflow/.local/lib/python3.12/site-packages/airflow/example_dags/example_branch_operator.py took 0.132 seconds
[2024-09-12T14:06:50.171+0000] {processor.py:186} INFO - Started process (PID=813) to work on /home/airflow/.local/lib/python3.12/site-packages/airflow/example_dags/example_branch_operator.py
[2024-09-12T14:06:50.172+0000] {processor.py:914} INFO - Processing file /home/airflow/.local/lib/python3.12/site-packages/airflow/example_dags/example_branch_operator.py for tasks to queue
[2024-09-12T14:06:50.174+0000] {logging_mixin.py:190} INFO - [2024-09-12T14:06:50.174+0000] {dagbag.py:587} INFO - Filling up the DagBag from /home/airflow/.local/lib/python3.12/site-packages/airflow/example_dags/example_branch_operator.py
[2024-09-12T14:06:50.192+0000] {processor.py:925} INFO - DAG(s) 'example_branch_operator' retrieved from /home/airflow/.local/lib/python3.12/site-packages/airflow/example_dags/example_branch_operator.py
[2024-09-12T14:06:50.226+0000] {logging_mixin.py:190} INFO - [2024-09-12T14:06:50.225+0000] {dag.py:3229} INFO - Sync 1 DAGs
[2024-09-12T14:06:50.254+0000] {logging_mixin.py:190} INFO - [2024-09-12T14:06:50.253+0000] {dag.py:4156} INFO - Setting next_dagrun for example_branch_operator to 2024-09-11 00:00:00+00:00, run_after=2024-09-12 00:00:00+00:00
[2024-09-12T14:06:50.275+0000] {processor.py:208} INFO - Processing /home/airflow/.local/lib/python3.12/site-packages/airflow/example_dags/example_branch_operator.py took 0.111 seconds
[2024-09-12T14:07:20.501+0000] {processor.py:186} INFO - Started process (PID=875) to work on /home/airflow/.local/lib/python3.12/site-packages/airflow/example_dags/example_branch_operator.py
[2024-09-12T14:07:20.502+0000] {processor.py:914} INFO - Processing file /home/airflow/.local/lib/python3.12/site-packages/airflow/example_dags/example_branch_operator.py for tasks to queue
[2024-09-12T14:07:20.504+0000] {logging_mixin.py:190} INFO - [2024-09-12T14:07:20.504+0000] {dagbag.py:587} INFO - Filling up the DagBag from /home/airflow/.local/lib/python3.12/site-packages/airflow/example_dags/example_branch_operator.py
[2024-09-12T14:07:20.524+0000] {processor.py:925} INFO - DAG(s) 'example_branch_operator' retrieved from /home/airflow/.local/lib/python3.12/site-packages/airflow/example_dags/example_branch_operator.py
[2024-09-12T14:07:20.556+0000] {logging_mixin.py:190} INFO - [2024-09-12T14:07:20.556+0000] {dag.py:3229} INFO - Sync 1 DAGs
[2024-09-12T14:07:20.585+0000] {logging_mixin.py:190} INFO - [2024-09-12T14:07:20.584+0000] {dag.py:4156} INFO - Setting next_dagrun for example_branch_operator to 2024-09-11 00:00:00+00:00, run_after=2024-09-12 00:00:00+00:00
[2024-09-12T14:07:20.605+0000] {processor.py:208} INFO - Processing /home/airflow/.local/lib/python3.12/site-packages/airflow/example_dags/example_branch_operator.py took 0.111 seconds
[2024-09-12T14:07:51.002+0000] {processor.py:186} INFO - Started process (PID=937) to work on /home/airflow/.local/lib/python3.12/site-packages/airflow/example_dags/example_branch_operator.py
[2024-09-12T14:07:51.003+0000] {processor.py:914} INFO - Processing file /home/airflow/.local/lib/python3.12/site-packages/airflow/example_dags/example_branch_operator.py for tasks to queue
[2024-09-12T14:07:51.005+0000] {logging_mixin.py:190} INFO - [2024-09-12T14:07:51.004+0000] {dagbag.py:587} INFO - Filling up the DagBag from /home/airflow/.local/lib/python3.12/site-packages/airflow/example_dags/example_branch_operator.py
[2024-09-12T14:07:51.022+0000] {processor.py:925} INFO - DAG(s) 'example_branch_operator' retrieved from /home/airflow/.local/lib/python3.12/site-packages/airflow/example_dags/example_branch_operator.py
[2024-09-12T14:07:51.049+0000] {logging_mixin.py:190} INFO - [2024-09-12T14:07:51.049+0000] {dag.py:3229} INFO - Sync 1 DAGs
[2024-09-12T14:07:51.072+0000] {logging_mixin.py:190} INFO - [2024-09-12T14:07:51.072+0000] {dag.py:4156} INFO - Setting next_dagrun for example_branch_operator to 2024-09-11 00:00:00+00:00, run_after=2024-09-12 00:00:00+00:00
[2024-09-12T14:07:51.087+0000] {processor.py:208} INFO - Processing /home/airflow/.local/lib/python3.12/site-packages/airflow/example_dags/example_branch_operator.py took 0.092 seconds
[2024-09-12T14:08:21.224+0000] {processor.py:186} INFO - Started process (PID=999) to work on /home/airflow/.local/lib/python3.12/site-packages/airflow/example_dags/example_branch_operator.py
[2024-09-12T14:08:21.225+0000] {processor.py:914} INFO - Processing file /home/airflow/.local/lib/python3.12/site-packages/airflow/example_dags/example_branch_operator.py for tasks to queue
[2024-09-12T14:08:21.228+0000] {logging_mixin.py:190} INFO - [2024-09-12T14:08:21.227+0000] {dagbag.py:587} INFO - Filling up the DagBag from /home/airflow/.local/lib/python3.12/site-packages/airflow/example_dags/example_branch_operator.py
[2024-09-12T14:08:21.251+0000] {processor.py:925} INFO - DAG(s) 'example_branch_operator' retrieved from /home/airflow/.local/lib/python3.12/site-packages/airflow/example_dags/example_branch_operator.py
[2024-09-12T14:08:21.293+0000] {logging_mixin.py:190} INFO - [2024-09-12T14:08:21.293+0000] {dag.py:3229} INFO - Sync 1 DAGs
[2024-09-12T14:08:21.333+0000] {logging_mixin.py:190} INFO - [2024-09-12T14:08:21.333+0000] {dag.py:4156} INFO - Setting next_dagrun for example_branch_operator to 2024-09-11 00:00:00+00:00, run_after=2024-09-12 00:00:00+00:00
[2024-09-12T14:08:21.362+0000] {processor.py:208} INFO - Processing /home/airflow/.local/lib/python3.12/site-packages/airflow/example_dags/example_branch_operator.py took 0.146 seconds
[2024-09-12T14:08:51.460+0000] {processor.py:186} INFO - Started process (PID=1061) to work on /home/airflow/.local/lib/python3.12/site-packages/airflow/example_dags/example_branch_operator.py
[2024-09-12T14:08:51.462+0000] {processor.py:914} INFO - Processing file /home/airflow/.local/lib/python3.12/site-packages/airflow/example_dags/example_branch_operator.py for tasks to queue
[2024-09-12T14:08:51.464+0000] {logging_mixin.py:190} INFO - [2024-09-12T14:08:51.464+0000] {dagbag.py:587} INFO - Filling up the DagBag from /home/airflow/.local/lib/python3.12/site-packages/airflow/example_dags/example_branch_operator.py
[2024-09-12T14:08:51.486+0000] {processor.py:925} INFO - DAG(s) 'example_branch_operator' retrieved from /home/airflow/.local/lib/python3.12/site-packages/airflow/example_dags/example_branch_operator.py
[2024-09-12T14:08:51.520+0000] {logging_mixin.py:190} INFO - [2024-09-12T14:08:51.520+0000] {dag.py:3229} INFO - Sync 1 DAGs
[2024-09-12T14:08:51.545+0000] {logging_mixin.py:190} INFO - [2024-09-12T14:08:51.545+0000] {dag.py:4156} INFO - Setting next_dagrun for example_branch_operator to 2024-09-11 00:00:00+00:00, run_after=2024-09-12 00:00:00+00:00
[2024-09-12T14:08:51.565+0000] {processor.py:208} INFO - Processing /home/airflow/.local/lib/python3.12/site-packages/airflow/example_dags/example_branch_operator.py took 0.112 seconds
[2024-09-12T14:09:21.662+0000] {processor.py:186} INFO - Started process (PID=1123) to work on /home/airflow/.local/lib/python3.12/site-packages/airflow/example_dags/example_branch_operator.py
[2024-09-12T14:09:21.663+0000] {processor.py:914} INFO - Processing file /home/airflow/.local/lib/python3.12/site-packages/airflow/example_dags/example_branch_operator.py for tasks to queue
[2024-09-12T14:09:21.666+0000] {logging_mixin.py:190} INFO - [2024-09-12T14:09:21.666+0000] {dagbag.py:587} INFO - Filling up the DagBag from /home/airflow/.local/lib/python3.12/site-packages/airflow/example_dags/example_branch_operator.py
[2024-09-12T14:09:21.688+0000] {processor.py:925} INFO - DAG(s) 'example_branch_operator' retrieved from /home/airflow/.local/lib/python3.12/site-packages/airflow/example_dags/example_branch_operator.py
[2024-09-12T14:09:21.721+0000] {logging_mixin.py:190} INFO - [2024-09-12T14:09:21.720+0000] {dag.py:3229} INFO - Sync 1 DAGs
[2024-09-12T14:09:21.749+0000] {logging_mixin.py:190} INFO - [2024-09-12T14:09:21.748+0000] {dag.py:4156} INFO - Setting next_dagrun for example_branch_operator to 2024-09-11 00:00:00+00:00, run_after=2024-09-12 00:00:00+00:00
[2024-09-12T14:09:21.768+0000] {processor.py:208} INFO - Processing /home/airflow/.local/lib/python3.12/site-packages/airflow/example_dags/example_branch_operator.py took 0.112 seconds
[2024-09-12T14:09:52.192+0000] {processor.py:186} INFO - Started process (PID=1185) to work on /home/airflow/.local/lib/python3.12/site-packages/airflow/example_dags/example_branch_operator.py
[2024-09-12T14:09:52.193+0000] {processor.py:914} INFO - Processing file /home/airflow/.local/lib/python3.12/site-packages/airflow/example_dags/example_branch_operator.py for tasks to queue
[2024-09-12T14:09:52.195+0000] {logging_mixin.py:190} INFO - [2024-09-12T14:09:52.195+0000] {dagbag.py:587} INFO - Filling up the DagBag from /home/airflow/.local/lib/python3.12/site-packages/airflow/example_dags/example_branch_operator.py
[2024-09-12T14:09:52.215+0000] {processor.py:925} INFO - DAG(s) 'example_branch_operator' retrieved from /home/airflow/.local/lib/python3.12/site-packages/airflow/example_dags/example_branch_operator.py
[2024-09-12T14:09:52.247+0000] {logging_mixin.py:190} INFO - [2024-09-12T14:09:52.247+0000] {dag.py:3229} INFO - Sync 1 DAGs
[2024-09-12T14:09:52.273+0000] {logging_mixin.py:190} INFO - [2024-09-12T14:09:52.273+0000] {dag.py:4156} INFO - Setting next_dagrun for example_branch_operator to 2024-09-11 00:00:00+00:00, run_after=2024-09-12 00:00:00+00:00
[2024-09-12T14:09:52.290+0000] {processor.py:208} INFO - Processing /home/airflow/.local/lib/python3.12/site-packages/airflow/example_dags/example_branch_operator.py took 0.106 seconds
[2024-09-12T14:10:22.888+0000] {processor.py:186} INFO - Started process (PID=1247) to work on /home/airflow/.local/lib/python3.12/site-packages/airflow/example_dags/example_branch_operator.py
[2024-09-12T14:10:22.890+0000] {processor.py:914} INFO - Processing file /home/airflow/.local/lib/python3.12/site-packages/airflow/example_dags/example_branch_operator.py for tasks to queue
[2024-09-12T14:10:22.892+0000] {logging_mixin.py:190} INFO - [2024-09-12T14:10:22.892+0000] {dagbag.py:587} INFO - Filling up the DagBag from /home/airflow/.local/lib/python3.12/site-packages/airflow/example_dags/example_branch_operator.py
[2024-09-12T14:10:22.914+0000] {processor.py:925} INFO - DAG(s) 'example_branch_operator' retrieved from /home/airflow/.local/lib/python3.12/site-packages/airflow/example_dags/example_branch_operator.py
[2024-09-12T14:10:22.946+0000] {logging_mixin.py:190} INFO - [2024-09-12T14:10:22.946+0000] {dag.py:3229} INFO - Sync 1 DAGs
[2024-09-12T14:10:22.974+0000] {logging_mixin.py:190} INFO - [2024-09-12T14:10:22.974+0000] {dag.py:4156} INFO - Setting next_dagrun for example_branch_operator to 2024-09-11 00:00:00+00:00, run_after=2024-09-12 00:00:00+00:00
[2024-09-12T14:10:22.994+0000] {processor.py:208} INFO - Processing /home/airflow/.local/lib/python3.12/site-packages/airflow/example_dags/example_branch_operator.py took 0.113 seconds
[2024-09-12T14:10:53.890+0000] {processor.py:186} INFO - Started process (PID=1309) to work on /home/airflow/.local/lib/python3.12/site-packages/airflow/example_dags/example_branch_operator.py
[2024-09-12T14:10:53.891+0000] {processor.py:914} INFO - Processing file /home/airflow/.local/lib/python3.12/site-packages/airflow/example_dags/example_branch_operator.py for tasks to queue
[2024-09-12T14:10:53.894+0000] {logging_mixin.py:190} INFO - [2024-09-12T14:10:53.893+0000] {dagbag.py:587} INFO - Filling up the DagBag from /home/airflow/.local/lib/python3.12/site-packages/airflow/example_dags/example_branch_operator.py
[2024-09-12T14:10:53.912+0000] {processor.py:925} INFO - DAG(s) 'example_branch_operator' retrieved from /home/airflow/.local/lib/python3.12/site-packages/airflow/example_dags/example_branch_operator.py
[2024-09-12T14:10:53.944+0000] {logging_mixin.py:190} INFO - [2024-09-12T14:10:53.944+0000] {dag.py:3229} INFO - Sync 1 DAGs
[2024-09-12T14:10:53.983+0000] {logging_mixin.py:190} INFO - [2024-09-12T14:10:53.982+0000] {dag.py:4156} INFO - Setting next_dagrun for example_branch_operator to 2024-09-11 00:00:00+00:00, run_after=2024-09-12 00:00:00+00:00
[2024-09-12T14:10:54.002+0000] {processor.py:208} INFO - Processing /home/airflow/.local/lib/python3.12/site-packages/airflow/example_dags/example_branch_operator.py took 0.118 seconds
[2024-09-12T14:11:24.289+0000] {processor.py:186} INFO - Started process (PID=1371) to work on /home/airflow/.local/lib/python3.12/site-packages/airflow/example_dags/example_branch_operator.py
[2024-09-12T14:11:24.291+0000] {processor.py:914} INFO - Processing file /home/airflow/.local/lib/python3.12/site-packages/airflow/example_dags/example_branch_operator.py for tasks to queue
[2024-09-12T14:11:24.293+0000] {logging_mixin.py:190} INFO - [2024-09-12T14:11:24.293+0000] {dagbag.py:587} INFO - Filling up the DagBag from /home/airflow/.local/lib/python3.12/site-packages/airflow/example_dags/example_branch_operator.py
[2024-09-12T14:11:24.315+0000] {processor.py:925} INFO - DAG(s) 'example_branch_operator' retrieved from /home/airflow/.local/lib/python3.12/site-packages/airflow/example_dags/example_branch_operator.py
[2024-09-12T14:11:24.385+0000] {logging_mixin.py:190} INFO - [2024-09-12T14:11:24.385+0000] {dag.py:3229} INFO - Sync 1 DAGs
[2024-09-12T14:11:24.414+0000] {logging_mixin.py:190} INFO - [2024-09-12T14:11:24.414+0000] {dag.py:4156} INFO - Setting next_dagrun for example_branch_operator to 2024-09-11 00:00:00+00:00, run_after=2024-09-12 00:00:00+00:00
[2024-09-12T14:11:24.433+0000] {processor.py:208} INFO - Processing /home/airflow/.local/lib/python3.12/site-packages/airflow/example_dags/example_branch_operator.py took 0.152 seconds
[2024-09-12T14:11:54.920+0000] {processor.py:186} INFO - Started process (PID=1433) to work on /home/airflow/.local/lib/python3.12/site-packages/airflow/example_dags/example_branch_operator.py
[2024-09-12T14:11:54.921+0000] {processor.py:914} INFO - Processing file /home/airflow/.local/lib/python3.12/site-packages/airflow/example_dags/example_branch_operator.py for tasks to queue
[2024-09-12T14:11:54.923+0000] {logging_mixin.py:190} INFO - [2024-09-12T14:11:54.923+0000] {dagbag.py:587} INFO - Filling up the DagBag from /home/airflow/.local/lib/python3.12/site-packages/airflow/example_dags/example_branch_operator.py
[2024-09-12T14:11:54.942+0000] {processor.py:925} INFO - DAG(s) 'example_branch_operator' retrieved from /home/airflow/.local/lib/python3.12/site-packages/airflow/example_dags/example_branch_operator.py
[2024-09-12T14:11:54.977+0000] {logging_mixin.py:190} INFO - [2024-09-12T14:11:54.977+0000] {dag.py:3229} INFO - Sync 1 DAGs
[2024-09-12T14:11:55.003+0000] {logging_mixin.py:190} INFO - [2024-09-12T14:11:55.003+0000] {dag.py:4156} INFO - Setting next_dagrun for example_branch_operator to 2024-09-11 00:00:00+00:00, run_after=2024-09-12 00:00:00+00:00
[2024-09-12T14:11:55.020+0000] {processor.py:208} INFO - Processing /home/airflow/.local/lib/python3.12/site-packages/airflow/example_dags/example_branch_operator.py took 0.106 seconds
[2024-09-12T14:12:25.385+0000] {processor.py:186} INFO - Started process (PID=1495) to work on /home/airflow/.local/lib/python3.12/site-packages/airflow/example_dags/example_branch_operator.py
[2024-09-12T14:12:25.386+0000] {processor.py:914} INFO - Processing file /home/airflow/.local/lib/python3.12/site-packages/airflow/example_dags/example_branch_operator.py for tasks to queue
[2024-09-12T14:12:25.389+0000] {logging_mixin.py:190} INFO - [2024-09-12T14:12:25.389+0000] {dagbag.py:587} INFO - Filling up the DagBag from /home/airflow/.local/lib/python3.12/site-packages/airflow/example_dags/example_branch_operator.py
[2024-09-12T14:12:25.410+0000] {processor.py:925} INFO - DAG(s) 'example_branch_operator' retrieved from /home/airflow/.local/lib/python3.12/site-packages/airflow/example_dags/example_branch_operator.py
[2024-09-12T14:12:25.443+0000] {logging_mixin.py:190} INFO - [2024-09-12T14:12:25.443+0000] {dag.py:3229} INFO - Sync 1 DAGs
[2024-09-12T14:12:25.469+0000] {logging_mixin.py:190} INFO - [2024-09-12T14:12:25.468+0000] {dag.py:4156} INFO - Setting next_dagrun for example_branch_operator to 2024-09-11 00:00:00+00:00, run_after=2024-09-12 00:00:00+00:00
[2024-09-12T14:12:25.489+0000] {processor.py:208} INFO - Processing /home/airflow/.local/lib/python3.12/site-packages/airflow/example_dags/example_branch_operator.py took 0.110 seconds
[2024-09-12T14:12:56.114+0000] {processor.py:186} INFO - Started process (PID=1557) to work on /home/airflow/.local/lib/python3.12/site-packages/airflow/example_dags/example_branch_operator.py
[2024-09-12T14:12:56.116+0000] {processor.py:914} INFO - Processing file /home/airflow/.local/lib/python3.12/site-packages/airflow/example_dags/example_branch_operator.py for tasks to queue
[2024-09-12T14:12:56.118+0000] {logging_mixin.py:190} INFO - [2024-09-12T14:12:56.118+0000] {dagbag.py:587} INFO - Filling up the DagBag from /home/airflow/.local/lib/python3.12/site-packages/airflow/example_dags/example_branch_operator.py
[2024-09-12T14:12:56.137+0000] {processor.py:925} INFO - DAG(s) 'example_branch_operator' retrieved from /home/airflow/.local/lib/python3.12/site-packages/airflow/example_dags/example_branch_operator.py
[2024-09-12T14:12:56.170+0000] {logging_mixin.py:190} INFO - [2024-09-12T14:12:56.170+0000] {dag.py:3229} INFO - Sync 1 DAGs
[2024-09-12T14:12:56.200+0000] {logging_mixin.py:190} INFO - [2024-09-12T14:12:56.199+0000] {dag.py:4156} INFO - Setting next_dagrun for example_branch_operator to 2024-09-11 00:00:00+00:00, run_after=2024-09-12 00:00:00+00:00
[2024-09-12T14:12:56.222+0000] {processor.py:208} INFO - Processing /home/airflow/.local/lib/python3.12/site-packages/airflow/example_dags/example_branch_operator.py took 0.114 seconds
[2024-09-12T14:13:26.711+0000] {processor.py:186} INFO - Started process (PID=1619) to work on /home/airflow/.local/lib/python3.12/site-packages/airflow/example_dags/example_branch_operator.py
[2024-09-12T14:13:26.712+0000] {processor.py:914} INFO - Processing file /home/airflow/.local/lib/python3.12/site-packages/airflow/example_dags/example_branch_operator.py for tasks to queue
[2024-09-12T14:13:26.715+0000] {logging_mixin.py:190} INFO - [2024-09-12T14:13:26.714+0000] {dagbag.py:587} INFO - Filling up the DagBag from /home/airflow/.local/lib/python3.12/site-packages/airflow/example_dags/example_branch_operator.py
[2024-09-12T14:13:26.735+0000] {processor.py:925} INFO - DAG(s) 'example_branch_operator' retrieved from /home/airflow/.local/lib/python3.12/site-packages/airflow/example_dags/example_branch_operator.py
[2024-09-12T14:13:26.770+0000] {logging_mixin.py:190} INFO - [2024-09-12T14:13:26.770+0000] {dag.py:3229} INFO - Sync 1 DAGs
[2024-09-12T14:13:26.800+0000] {logging_mixin.py:190} INFO - [2024-09-12T14:13:26.800+0000] {dag.py:4156} INFO - Setting next_dagrun for example_branch_operator to 2024-09-11 00:00:00+00:00, run_after=2024-09-12 00:00:00+00:00
[2024-09-12T14:13:26.819+0000] {processor.py:208} INFO - Processing /home/airflow/.local/lib/python3.12/site-packages/airflow/example_dags/example_branch_operator.py took 0.116 seconds
[2024-09-12T14:13:57.025+0000] {processor.py:186} INFO - Started process (PID=1681) to work on /home/airflow/.local/lib/python3.12/site-packages/airflow/example_dags/example_branch_operator.py
[2024-09-12T14:13:57.027+0000] {processor.py:914} INFO - Processing file /home/airflow/.local/lib/python3.12/site-packages/airflow/example_dags/example_branch_operator.py for tasks to queue
[2024-09-12T14:13:57.029+0000] {logging_mixin.py:190} INFO - [2024-09-12T14:13:57.028+0000] {dagbag.py:587} INFO - Filling up the DagBag from /home/airflow/.local/lib/python3.12/site-packages/airflow/example_dags/example_branch_operator.py
[2024-09-12T14:13:57.048+0000] {processor.py:925} INFO - DAG(s) 'example_branch_operator' retrieved from /home/airflow/.local/lib/python3.12/site-packages/airflow/example_dags/example_branch_operator.py
[2024-09-12T14:13:57.089+0000] {logging_mixin.py:190} INFO - [2024-09-12T14:13:57.089+0000] {dag.py:3229} INFO - Sync 1 DAGs
[2024-09-12T14:13:57.117+0000] {logging_mixin.py:190} INFO - [2024-09-12T14:13:57.116+0000] {dag.py:4156} INFO - Setting next_dagrun for example_branch_operator to 2024-09-11 00:00:00+00:00, run_after=2024-09-12 00:00:00+00:00
[2024-09-12T14:13:57.134+0000] {processor.py:208} INFO - Processing /home/airflow/.local/lib/python3.12/site-packages/airflow/example_dags/example_branch_operator.py took 0.115 seconds
[2024-09-12T14:14:27.531+0000] {processor.py:186} INFO - Started process (PID=1743) to work on /home/airflow/.local/lib/python3.12/site-packages/airflow/example_dags/example_branch_operator.py
[2024-09-12T14:14:27.532+0000] {processor.py:914} INFO - Processing file /home/airflow/.local/lib/python3.12/site-packages/airflow/example_dags/example_branch_operator.py for tasks to queue
[2024-09-12T14:14:27.535+0000] {logging_mixin.py:190} INFO - [2024-09-12T14:14:27.534+0000] {dagbag.py:587} INFO - Filling up the DagBag from /home/airflow/.local/lib/python3.12/site-packages/airflow/example_dags/example_branch_operator.py
[2024-09-12T14:14:27.556+0000] {processor.py:925} INFO - DAG(s) 'example_branch_operator' retrieved from /home/airflow/.local/lib/python3.12/site-packages/airflow/example_dags/example_branch_operator.py
[2024-09-12T14:14:27.588+0000] {logging_mixin.py:190} INFO - [2024-09-12T14:14:27.588+0000] {dag.py:3229} INFO - Sync 1 DAGs
[2024-09-12T14:14:27.619+0000] {logging_mixin.py:190} INFO - [2024-09-12T14:14:27.619+0000] {dag.py:4156} INFO - Setting next_dagrun for example_branch_operator to 2024-09-11 00:00:00+00:00, run_after=2024-09-12 00:00:00+00:00
[2024-09-12T14:14:27.639+0000] {processor.py:208} INFO - Processing /home/airflow/.local/lib/python3.12/site-packages/airflow/example_dags/example_branch_operator.py took 0.115 seconds
[2024-09-12T14:14:58.054+0000] {processor.py:186} INFO - Started process (PID=1805) to work on /home/airflow/.local/lib/python3.12/site-packages/airflow/example_dags/example_branch_operator.py
[2024-09-12T14:14:58.056+0000] {processor.py:914} INFO - Processing file /home/airflow/.local/lib/python3.12/site-packages/airflow/example_dags/example_branch_operator.py for tasks to queue
[2024-09-12T14:14:58.059+0000] {logging_mixin.py:190} INFO - [2024-09-12T14:14:58.058+0000] {dagbag.py:587} INFO - Filling up the DagBag from /home/airflow/.local/lib/python3.12/site-packages/airflow/example_dags/example_branch_operator.py
[2024-09-12T14:14:58.081+0000] {processor.py:925} INFO - DAG(s) 'example_branch_operator' retrieved from /home/airflow/.local/lib/python3.12/site-packages/airflow/example_dags/example_branch_operator.py
[2024-09-12T14:14:58.121+0000] {logging_mixin.py:190} INFO - [2024-09-12T14:14:58.121+0000] {dag.py:3229} INFO - Sync 1 DAGs
[2024-09-12T14:14:58.155+0000] {logging_mixin.py:190} INFO - [2024-09-12T14:14:58.155+0000] {dag.py:4156} INFO - Setting next_dagrun for example_branch_operator to 2024-09-11 00:00:00+00:00, run_after=2024-09-12 00:00:00+00:00
[2024-09-12T14:14:58.179+0000] {processor.py:208} INFO - Processing /home/airflow/.local/lib/python3.12/site-packages/airflow/example_dags/example_branch_operator.py took 0.132 seconds
[2024-09-12T14:18:13.199+0000] {processor.py:186} INFO - Started process (PID=62) to work on /home/airflow/.local/lib/python3.12/site-packages/airflow/example_dags/example_branch_operator.py
[2024-09-12T14:18:13.200+0000] {processor.py:914} INFO - Processing file /home/airflow/.local/lib/python3.12/site-packages/airflow/example_dags/example_branch_operator.py for tasks to queue
[2024-09-12T14:18:13.202+0000] {logging_mixin.py:190} INFO - [2024-09-12T14:18:13.202+0000] {dagbag.py:587} INFO - Filling up the DagBag from /home/airflow/.local/lib/python3.12/site-packages/airflow/example_dags/example_branch_operator.py
[2024-09-12T14:18:13.227+0000] {processor.py:925} INFO - DAG(s) 'example_branch_operator' retrieved from /home/airflow/.local/lib/python3.12/site-packages/airflow/example_dags/example_branch_operator.py
[2024-09-12T14:18:13.409+0000] {logging_mixin.py:190} INFO - [2024-09-12T14:18:13.409+0000] {dag.py:3229} INFO - Sync 1 DAGs
[2024-09-12T14:18:13.440+0000] {logging_mixin.py:190} INFO - [2024-09-12T14:18:13.439+0000] {dag.py:4156} INFO - Setting next_dagrun for example_branch_operator to 2024-09-11 00:00:00+00:00, run_after=2024-09-12 00:00:00+00:00
[2024-09-12T14:18:13.465+0000] {processor.py:208} INFO - Processing /home/airflow/.local/lib/python3.12/site-packages/airflow/example_dags/example_branch_operator.py took 0.273 seconds
