[2024-09-12T14:00:43.495+0000] {processor.py:186} INFO - Started process (PID=68) to work on /home/airflow/.local/lib/python3.12/site-packages/airflow/example_dags/example_branch_labels.py
[2024-09-12T14:00:43.496+0000] {processor.py:914} INFO - Processing file /home/airflow/.local/lib/python3.12/site-packages/airflow/example_dags/example_branch_labels.py for tasks to queue
[2024-09-12T14:00:43.498+0000] {logging_mixin.py:190} INFO - [2024-09-12T14:00:43.498+0000] {dagbag.py:587} INFO - Filling up the DagBag from /home/airflow/.local/lib/python3.12/site-packages/airflow/example_dags/example_branch_labels.py
[2024-09-12T14:00:43.512+0000] {processor.py:925} INFO - DAG(s) 'example_branch_labels' retrieved from /home/airflow/.local/lib/python3.12/site-packages/airflow/example_dags/example_branch_labels.py
[2024-09-12T14:00:43.736+0000] {logging_mixin.py:190} INFO - [2024-09-12T14:00:43.735+0000] {override.py:1900} INFO - Created Permission View: can read on DAG:example_branch_labels
[2024-09-12T14:00:43.751+0000] {logging_mixin.py:190} INFO - [2024-09-12T14:00:43.750+0000] {override.py:1900} INFO - Created Permission View: can delete on DAG:example_branch_labels
[2024-09-12T14:00:43.788+0000] {logging_mixin.py:190} INFO - [2024-09-12T14:00:43.788+0000] {override.py:1900} INFO - Created Permission View: can edit on DAG:example_branch_labels
[2024-09-12T14:00:43.797+0000] {logging_mixin.py:190} INFO - [2024-09-12T14:00:43.796+0000] {override.py:1900} INFO - Created Permission View: can read on DAG Run:example_branch_labels
[2024-09-12T14:00:43.805+0000] {logging_mixin.py:190} INFO - [2024-09-12T14:00:43.805+0000] {override.py:1900} INFO - Created Permission View: can create on DAG Run:example_branch_labels
[2024-09-12T14:00:43.812+0000] {logging_mixin.py:190} INFO - [2024-09-12T14:00:43.811+0000] {override.py:1900} INFO - Created Permission View: can delete on DAG Run:example_branch_labels
[2024-09-12T14:00:43.820+0000] {logging_mixin.py:190} INFO - [2024-09-12T14:00:43.820+0000] {override.py:1900} INFO - Created Permission View: menu access on DAG Run:example_branch_labels
[2024-09-12T14:00:43.821+0000] {logging_mixin.py:190} INFO - [2024-09-12T14:00:43.821+0000] {dag.py:3229} INFO - Sync 1 DAGs
[2024-09-12T14:00:43.843+0000] {logging_mixin.py:190} INFO - [2024-09-12T14:00:43.842+0000] {dag.py:3252} INFO - Creating ORM DAG for example_branch_labels
[2024-09-12T14:00:43.887+0000] {logging_mixin.py:190} INFO - [2024-09-12T14:00:43.886+0000] {dag.py:4156} INFO - Setting next_dagrun for example_branch_labels to 2024-09-11 00:00:00+00:00, run_after=2024-09-12 00:00:00+00:00
[2024-09-12T14:00:43.908+0000] {processor.py:208} INFO - Processing /home/airflow/.local/lib/python3.12/site-packages/airflow/example_dags/example_branch_labels.py took 0.421 seconds
[2024-09-12T14:01:14.454+0000] {processor.py:186} INFO - Started process (PID=130) to work on /home/airflow/.local/lib/python3.12/site-packages/airflow/example_dags/example_branch_labels.py
[2024-09-12T14:01:14.455+0000] {processor.py:914} INFO - Processing file /home/airflow/.local/lib/python3.12/site-packages/airflow/example_dags/example_branch_labels.py for tasks to queue
[2024-09-12T14:01:14.458+0000] {logging_mixin.py:190} INFO - [2024-09-12T14:01:14.458+0000] {dagbag.py:587} INFO - Filling up the DagBag from /home/airflow/.local/lib/python3.12/site-packages/airflow/example_dags/example_branch_labels.py
[2024-09-12T14:01:14.469+0000] {processor.py:925} INFO - DAG(s) 'example_branch_labels' retrieved from /home/airflow/.local/lib/python3.12/site-packages/airflow/example_dags/example_branch_labels.py
[2024-09-12T14:01:14.501+0000] {logging_mixin.py:190} INFO - [2024-09-12T14:01:14.501+0000] {dag.py:3229} INFO - Sync 1 DAGs
[2024-09-12T14:01:14.536+0000] {logging_mixin.py:190} INFO - [2024-09-12T14:01:14.535+0000] {dag.py:4156} INFO - Setting next_dagrun for example_branch_labels to 2024-09-11 00:00:00+00:00, run_after=2024-09-12 00:00:00+00:00
[2024-09-12T14:01:14.601+0000] {processor.py:208} INFO - Processing /home/airflow/.local/lib/python3.12/site-packages/airflow/example_dags/example_branch_labels.py took 0.153 seconds
[2024-09-12T14:01:44.803+0000] {processor.py:186} INFO - Started process (PID=192) to work on /home/airflow/.local/lib/python3.12/site-packages/airflow/example_dags/example_branch_labels.py
[2024-09-12T14:01:44.804+0000] {processor.py:914} INFO - Processing file /home/airflow/.local/lib/python3.12/site-packages/airflow/example_dags/example_branch_labels.py for tasks to queue
[2024-09-12T14:01:44.806+0000] {logging_mixin.py:190} INFO - [2024-09-12T14:01:44.806+0000] {dagbag.py:587} INFO - Filling up the DagBag from /home/airflow/.local/lib/python3.12/site-packages/airflow/example_dags/example_branch_labels.py
[2024-09-12T14:01:44.818+0000] {processor.py:925} INFO - DAG(s) 'example_branch_labels' retrieved from /home/airflow/.local/lib/python3.12/site-packages/airflow/example_dags/example_branch_labels.py
[2024-09-12T14:01:44.841+0000] {logging_mixin.py:190} INFO - [2024-09-12T14:01:44.840+0000] {dag.py:3229} INFO - Sync 1 DAGs
[2024-09-12T14:01:44.906+0000] {logging_mixin.py:190} INFO - [2024-09-12T14:01:44.905+0000] {dag.py:4156} INFO - Setting next_dagrun for example_branch_labels to 2024-09-11 00:00:00+00:00, run_after=2024-09-12 00:00:00+00:00
[2024-09-12T14:01:44.984+0000] {processor.py:208} INFO - Processing /home/airflow/.local/lib/python3.12/site-packages/airflow/example_dags/example_branch_labels.py took 0.188 seconds
[2024-09-12T14:02:15.701+0000] {processor.py:186} INFO - Started process (PID=254) to work on /home/airflow/.local/lib/python3.12/site-packages/airflow/example_dags/example_branch_labels.py
[2024-09-12T14:02:15.702+0000] {processor.py:914} INFO - Processing file /home/airflow/.local/lib/python3.12/site-packages/airflow/example_dags/example_branch_labels.py for tasks to queue
[2024-09-12T14:02:15.705+0000] {logging_mixin.py:190} INFO - [2024-09-12T14:02:15.704+0000] {dagbag.py:587} INFO - Filling up the DagBag from /home/airflow/.local/lib/python3.12/site-packages/airflow/example_dags/example_branch_labels.py
[2024-09-12T14:02:15.715+0000] {processor.py:925} INFO - DAG(s) 'example_branch_labels' retrieved from /home/airflow/.local/lib/python3.12/site-packages/airflow/example_dags/example_branch_labels.py
[2024-09-12T14:02:15.741+0000] {logging_mixin.py:190} INFO - [2024-09-12T14:02:15.741+0000] {dag.py:3229} INFO - Sync 1 DAGs
[2024-09-12T14:02:15.769+0000] {logging_mixin.py:190} INFO - [2024-09-12T14:02:15.769+0000] {dag.py:4156} INFO - Setting next_dagrun for example_branch_labels to 2024-09-11 00:00:00+00:00, run_after=2024-09-12 00:00:00+00:00
[2024-09-12T14:02:15.789+0000] {processor.py:208} INFO - Processing /home/airflow/.local/lib/python3.12/site-packages/airflow/example_dags/example_branch_labels.py took 0.095 seconds
[2024-09-12T14:02:45.882+0000] {processor.py:186} INFO - Started process (PID=316) to work on /home/airflow/.local/lib/python3.12/site-packages/airflow/example_dags/example_branch_labels.py
[2024-09-12T14:02:45.884+0000] {processor.py:914} INFO - Processing file /home/airflow/.local/lib/python3.12/site-packages/airflow/example_dags/example_branch_labels.py for tasks to queue
[2024-09-12T14:02:45.886+0000] {logging_mixin.py:190} INFO - [2024-09-12T14:02:45.886+0000] {dagbag.py:587} INFO - Filling up the DagBag from /home/airflow/.local/lib/python3.12/site-packages/airflow/example_dags/example_branch_labels.py
[2024-09-12T14:02:45.897+0000] {processor.py:925} INFO - DAG(s) 'example_branch_labels' retrieved from /home/airflow/.local/lib/python3.12/site-packages/airflow/example_dags/example_branch_labels.py
[2024-09-12T14:02:45.924+0000] {logging_mixin.py:190} INFO - [2024-09-12T14:02:45.923+0000] {dag.py:3229} INFO - Sync 1 DAGs
[2024-09-12T14:02:45.955+0000] {logging_mixin.py:190} INFO - [2024-09-12T14:02:45.954+0000] {dag.py:4156} INFO - Setting next_dagrun for example_branch_labels to 2024-09-11 00:00:00+00:00, run_after=2024-09-12 00:00:00+00:00
[2024-09-12T14:02:45.976+0000] {processor.py:208} INFO - Processing /home/airflow/.local/lib/python3.12/site-packages/airflow/example_dags/example_branch_labels.py took 0.101 seconds
[2024-09-12T14:03:16.393+0000] {processor.py:186} INFO - Started process (PID=378) to work on /home/airflow/.local/lib/python3.12/site-packages/airflow/example_dags/example_branch_labels.py
[2024-09-12T14:03:16.395+0000] {processor.py:914} INFO - Processing file /home/airflow/.local/lib/python3.12/site-packages/airflow/example_dags/example_branch_labels.py for tasks to queue
[2024-09-12T14:03:16.398+0000] {logging_mixin.py:190} INFO - [2024-09-12T14:03:16.398+0000] {dagbag.py:587} INFO - Filling up the DagBag from /home/airflow/.local/lib/python3.12/site-packages/airflow/example_dags/example_branch_labels.py
[2024-09-12T14:03:16.412+0000] {processor.py:925} INFO - DAG(s) 'example_branch_labels' retrieved from /home/airflow/.local/lib/python3.12/site-packages/airflow/example_dags/example_branch_labels.py
[2024-09-12T14:03:16.447+0000] {logging_mixin.py:190} INFO - [2024-09-12T14:03:16.447+0000] {dag.py:3229} INFO - Sync 1 DAGs
[2024-09-12T14:03:16.488+0000] {logging_mixin.py:190} INFO - [2024-09-12T14:03:16.487+0000] {dag.py:4156} INFO - Setting next_dagrun for example_branch_labels to 2024-09-11 00:00:00+00:00, run_after=2024-09-12 00:00:00+00:00
[2024-09-12T14:03:16.517+0000] {processor.py:208} INFO - Processing /home/airflow/.local/lib/python3.12/site-packages/airflow/example_dags/example_branch_labels.py took 0.133 seconds
[2024-09-12T14:03:46.577+0000] {processor.py:186} INFO - Started process (PID=440) to work on /home/airflow/.local/lib/python3.12/site-packages/airflow/example_dags/example_branch_labels.py
[2024-09-12T14:03:46.578+0000] {processor.py:914} INFO - Processing file /home/airflow/.local/lib/python3.12/site-packages/airflow/example_dags/example_branch_labels.py for tasks to queue
[2024-09-12T14:03:46.581+0000] {logging_mixin.py:190} INFO - [2024-09-12T14:03:46.580+0000] {dagbag.py:587} INFO - Filling up the DagBag from /home/airflow/.local/lib/python3.12/site-packages/airflow/example_dags/example_branch_labels.py
[2024-09-12T14:03:46.591+0000] {processor.py:925} INFO - DAG(s) 'example_branch_labels' retrieved from /home/airflow/.local/lib/python3.12/site-packages/airflow/example_dags/example_branch_labels.py
[2024-09-12T14:03:46.617+0000] {logging_mixin.py:190} INFO - [2024-09-12T14:03:46.617+0000] {dag.py:3229} INFO - Sync 1 DAGs
[2024-09-12T14:03:46.643+0000] {logging_mixin.py:190} INFO - [2024-09-12T14:03:46.643+0000] {dag.py:4156} INFO - Setting next_dagrun for example_branch_labels to 2024-09-11 00:00:00+00:00, run_after=2024-09-12 00:00:00+00:00
[2024-09-12T14:03:46.663+0000] {processor.py:208} INFO - Processing /home/airflow/.local/lib/python3.12/site-packages/airflow/example_dags/example_branch_labels.py took 0.092 seconds
[2024-09-12T14:04:16.714+0000] {processor.py:186} INFO - Started process (PID=502) to work on /home/airflow/.local/lib/python3.12/site-packages/airflow/example_dags/example_branch_labels.py
[2024-09-12T14:04:16.715+0000] {processor.py:914} INFO - Processing file /home/airflow/.local/lib/python3.12/site-packages/airflow/example_dags/example_branch_labels.py for tasks to queue
[2024-09-12T14:04:16.717+0000] {logging_mixin.py:190} INFO - [2024-09-12T14:04:16.717+0000] {dagbag.py:587} INFO - Filling up the DagBag from /home/airflow/.local/lib/python3.12/site-packages/airflow/example_dags/example_branch_labels.py
[2024-09-12T14:04:16.728+0000] {processor.py:925} INFO - DAG(s) 'example_branch_labels' retrieved from /home/airflow/.local/lib/python3.12/site-packages/airflow/example_dags/example_branch_labels.py
[2024-09-12T14:04:16.751+0000] {logging_mixin.py:190} INFO - [2024-09-12T14:04:16.751+0000] {dag.py:3229} INFO - Sync 1 DAGs
[2024-09-12T14:04:16.778+0000] {logging_mixin.py:190} INFO - [2024-09-12T14:04:16.778+0000] {dag.py:4156} INFO - Setting next_dagrun for example_branch_labels to 2024-09-11 00:00:00+00:00, run_after=2024-09-12 00:00:00+00:00
[2024-09-12T14:04:16.797+0000] {processor.py:208} INFO - Processing /home/airflow/.local/lib/python3.12/site-packages/airflow/example_dags/example_branch_labels.py took 0.090 seconds
[2024-09-12T14:04:47.674+0000] {processor.py:186} INFO - Started process (PID=564) to work on /home/airflow/.local/lib/python3.12/site-packages/airflow/example_dags/example_branch_labels.py
[2024-09-12T14:04:47.681+0000] {processor.py:914} INFO - Processing file /home/airflow/.local/lib/python3.12/site-packages/airflow/example_dags/example_branch_labels.py for tasks to queue
[2024-09-12T14:04:47.683+0000] {logging_mixin.py:190} INFO - [2024-09-12T14:04:47.683+0000] {dagbag.py:587} INFO - Filling up the DagBag from /home/airflow/.local/lib/python3.12/site-packages/airflow/example_dags/example_branch_labels.py
[2024-09-12T14:04:47.693+0000] {processor.py:925} INFO - DAG(s) 'example_branch_labels' retrieved from /home/airflow/.local/lib/python3.12/site-packages/airflow/example_dags/example_branch_labels.py
[2024-09-12T14:04:47.714+0000] {logging_mixin.py:190} INFO - [2024-09-12T14:04:47.714+0000] {dag.py:3229} INFO - Sync 1 DAGs
[2024-09-12T14:04:47.742+0000] {logging_mixin.py:190} INFO - [2024-09-12T14:04:47.741+0000] {dag.py:4156} INFO - Setting next_dagrun for example_branch_labels to 2024-09-11 00:00:00+00:00, run_after=2024-09-12 00:00:00+00:00
[2024-09-12T14:04:47.758+0000] {processor.py:208} INFO - Processing /home/airflow/.local/lib/python3.12/site-packages/airflow/example_dags/example_branch_labels.py took 0.090 seconds
[2024-09-12T14:05:18.409+0000] {processor.py:186} INFO - Started process (PID=626) to work on /home/airflow/.local/lib/python3.12/site-packages/airflow/example_dags/example_branch_labels.py
[2024-09-12T14:05:18.410+0000] {processor.py:914} INFO - Processing file /home/airflow/.local/lib/python3.12/site-packages/airflow/example_dags/example_branch_labels.py for tasks to queue
[2024-09-12T14:05:18.412+0000] {logging_mixin.py:190} INFO - [2024-09-12T14:05:18.412+0000] {dagbag.py:587} INFO - Filling up the DagBag from /home/airflow/.local/lib/python3.12/site-packages/airflow/example_dags/example_branch_labels.py
[2024-09-12T14:05:18.422+0000] {processor.py:925} INFO - DAG(s) 'example_branch_labels' retrieved from /home/airflow/.local/lib/python3.12/site-packages/airflow/example_dags/example_branch_labels.py
[2024-09-12T14:05:18.444+0000] {logging_mixin.py:190} INFO - [2024-09-12T14:05:18.444+0000] {dag.py:3229} INFO - Sync 1 DAGs
[2024-09-12T14:05:18.469+0000] {logging_mixin.py:190} INFO - [2024-09-12T14:05:18.469+0000] {dag.py:4156} INFO - Setting next_dagrun for example_branch_labels to 2024-09-11 00:00:00+00:00, run_after=2024-09-12 00:00:00+00:00
[2024-09-12T14:05:18.487+0000] {processor.py:208} INFO - Processing /home/airflow/.local/lib/python3.12/site-packages/airflow/example_dags/example_branch_labels.py took 0.084 seconds
[2024-09-12T14:05:48.631+0000] {processor.py:186} INFO - Started process (PID=688) to work on /home/airflow/.local/lib/python3.12/site-packages/airflow/example_dags/example_branch_labels.py
[2024-09-12T14:05:48.632+0000] {processor.py:914} INFO - Processing file /home/airflow/.local/lib/python3.12/site-packages/airflow/example_dags/example_branch_labels.py for tasks to queue
[2024-09-12T14:05:48.635+0000] {logging_mixin.py:190} INFO - [2024-09-12T14:05:48.634+0000] {dagbag.py:587} INFO - Filling up the DagBag from /home/airflow/.local/lib/python3.12/site-packages/airflow/example_dags/example_branch_labels.py
[2024-09-12T14:05:48.645+0000] {processor.py:925} INFO - DAG(s) 'example_branch_labels' retrieved from /home/airflow/.local/lib/python3.12/site-packages/airflow/example_dags/example_branch_labels.py
[2024-09-12T14:05:48.667+0000] {logging_mixin.py:190} INFO - [2024-09-12T14:05:48.667+0000] {dag.py:3229} INFO - Sync 1 DAGs
[2024-09-12T14:05:48.696+0000] {logging_mixin.py:190} INFO - [2024-09-12T14:05:48.696+0000] {dag.py:4156} INFO - Setting next_dagrun for example_branch_labels to 2024-09-11 00:00:00+00:00, run_after=2024-09-12 00:00:00+00:00
[2024-09-12T14:05:48.712+0000] {processor.py:208} INFO - Processing /home/airflow/.local/lib/python3.12/site-packages/airflow/example_dags/example_branch_labels.py took 0.087 seconds
[2024-09-12T14:06:19.610+0000] {processor.py:186} INFO - Started process (PID=750) to work on /home/airflow/.local/lib/python3.12/site-packages/airflow/example_dags/example_branch_labels.py
[2024-09-12T14:06:19.612+0000] {processor.py:914} INFO - Processing file /home/airflow/.local/lib/python3.12/site-packages/airflow/example_dags/example_branch_labels.py for tasks to queue
[2024-09-12T14:06:19.615+0000] {logging_mixin.py:190} INFO - [2024-09-12T14:06:19.614+0000] {dagbag.py:587} INFO - Filling up the DagBag from /home/airflow/.local/lib/python3.12/site-packages/airflow/example_dags/example_branch_labels.py
[2024-09-12T14:06:19.688+0000] {processor.py:925} INFO - DAG(s) 'example_branch_labels' retrieved from /home/airflow/.local/lib/python3.12/site-packages/airflow/example_dags/example_branch_labels.py
[2024-09-12T14:06:19.714+0000] {logging_mixin.py:190} INFO - [2024-09-12T14:06:19.714+0000] {dag.py:3229} INFO - Sync 1 DAGs
[2024-09-12T14:06:19.796+0000] {logging_mixin.py:190} INFO - [2024-09-12T14:06:19.796+0000] {dag.py:4156} INFO - Setting next_dagrun for example_branch_labels to 2024-09-11 00:00:00+00:00, run_after=2024-09-12 00:00:00+00:00
[2024-09-12T14:06:19.817+0000] {processor.py:208} INFO - Processing /home/airflow/.local/lib/python3.12/site-packages/airflow/example_dags/example_branch_labels.py took 0.215 seconds
[2024-09-12T14:06:50.058+0000] {processor.py:186} INFO - Started process (PID=812) to work on /home/airflow/.local/lib/python3.12/site-packages/airflow/example_dags/example_branch_labels.py
[2024-09-12T14:06:50.059+0000] {processor.py:914} INFO - Processing file /home/airflow/.local/lib/python3.12/site-packages/airflow/example_dags/example_branch_labels.py for tasks to queue
[2024-09-12T14:06:50.061+0000] {logging_mixin.py:190} INFO - [2024-09-12T14:06:50.061+0000] {dagbag.py:587} INFO - Filling up the DagBag from /home/airflow/.local/lib/python3.12/site-packages/airflow/example_dags/example_branch_labels.py
[2024-09-12T14:06:50.072+0000] {processor.py:925} INFO - DAG(s) 'example_branch_labels' retrieved from /home/airflow/.local/lib/python3.12/site-packages/airflow/example_dags/example_branch_labels.py
[2024-09-12T14:06:50.093+0000] {logging_mixin.py:190} INFO - [2024-09-12T14:06:50.093+0000] {dag.py:3229} INFO - Sync 1 DAGs
[2024-09-12T14:06:50.117+0000] {logging_mixin.py:190} INFO - [2024-09-12T14:06:50.116+0000] {dag.py:4156} INFO - Setting next_dagrun for example_branch_labels to 2024-09-11 00:00:00+00:00, run_after=2024-09-12 00:00:00+00:00
[2024-09-12T14:06:50.132+0000] {processor.py:208} INFO - Processing /home/airflow/.local/lib/python3.12/site-packages/airflow/example_dags/example_branch_labels.py took 0.080 seconds
[2024-09-12T14:07:20.377+0000] {processor.py:186} INFO - Started process (PID=874) to work on /home/airflow/.local/lib/python3.12/site-packages/airflow/example_dags/example_branch_labels.py
[2024-09-12T14:07:20.380+0000] {processor.py:914} INFO - Processing file /home/airflow/.local/lib/python3.12/site-packages/airflow/example_dags/example_branch_labels.py for tasks to queue
[2024-09-12T14:07:20.383+0000] {logging_mixin.py:190} INFO - [2024-09-12T14:07:20.382+0000] {dagbag.py:587} INFO - Filling up the DagBag from /home/airflow/.local/lib/python3.12/site-packages/airflow/example_dags/example_branch_labels.py
[2024-09-12T14:07:20.393+0000] {processor.py:925} INFO - DAG(s) 'example_branch_labels' retrieved from /home/airflow/.local/lib/python3.12/site-packages/airflow/example_dags/example_branch_labels.py
[2024-09-12T14:07:20.416+0000] {logging_mixin.py:190} INFO - [2024-09-12T14:07:20.416+0000] {dag.py:3229} INFO - Sync 1 DAGs
[2024-09-12T14:07:20.442+0000] {logging_mixin.py:190} INFO - [2024-09-12T14:07:20.442+0000] {dag.py:4156} INFO - Setting next_dagrun for example_branch_labels to 2024-09-11 00:00:00+00:00, run_after=2024-09-12 00:00:00+00:00
[2024-09-12T14:07:20.459+0000] {processor.py:208} INFO - Processing /home/airflow/.local/lib/python3.12/site-packages/airflow/example_dags/example_branch_labels.py took 0.089 seconds
[2024-09-12T14:07:50.873+0000] {processor.py:186} INFO - Started process (PID=936) to work on /home/airflow/.local/lib/python3.12/site-packages/airflow/example_dags/example_branch_labels.py
[2024-09-12T14:07:50.875+0000] {processor.py:914} INFO - Processing file /home/airflow/.local/lib/python3.12/site-packages/airflow/example_dags/example_branch_labels.py for tasks to queue
[2024-09-12T14:07:50.878+0000] {logging_mixin.py:190} INFO - [2024-09-12T14:07:50.878+0000] {dagbag.py:587} INFO - Filling up the DagBag from /home/airflow/.local/lib/python3.12/site-packages/airflow/example_dags/example_branch_labels.py
[2024-09-12T14:07:50.891+0000] {processor.py:925} INFO - DAG(s) 'example_branch_labels' retrieved from /home/airflow/.local/lib/python3.12/site-packages/airflow/example_dags/example_branch_labels.py
[2024-09-12T14:07:50.916+0000] {logging_mixin.py:190} INFO - [2024-09-12T14:07:50.916+0000] {dag.py:3229} INFO - Sync 1 DAGs
[2024-09-12T14:07:50.943+0000] {logging_mixin.py:190} INFO - [2024-09-12T14:07:50.943+0000] {dag.py:4156} INFO - Setting next_dagrun for example_branch_labels to 2024-09-11 00:00:00+00:00, run_after=2024-09-12 00:00:00+00:00
[2024-09-12T14:07:50.962+0000] {processor.py:208} INFO - Processing /home/airflow/.local/lib/python3.12/site-packages/airflow/example_dags/example_branch_labels.py took 0.096 seconds
[2024-09-12T14:08:21.071+0000] {processor.py:186} INFO - Started process (PID=998) to work on /home/airflow/.local/lib/python3.12/site-packages/airflow/example_dags/example_branch_labels.py
[2024-09-12T14:08:21.072+0000] {processor.py:914} INFO - Processing file /home/airflow/.local/lib/python3.12/site-packages/airflow/example_dags/example_branch_labels.py for tasks to queue
[2024-09-12T14:08:21.075+0000] {logging_mixin.py:190} INFO - [2024-09-12T14:08:21.075+0000] {dagbag.py:587} INFO - Filling up the DagBag from /home/airflow/.local/lib/python3.12/site-packages/airflow/example_dags/example_branch_labels.py
[2024-09-12T14:08:21.089+0000] {processor.py:925} INFO - DAG(s) 'example_branch_labels' retrieved from /home/airflow/.local/lib/python3.12/site-packages/airflow/example_dags/example_branch_labels.py
[2024-09-12T14:08:21.120+0000] {logging_mixin.py:190} INFO - [2024-09-12T14:08:21.119+0000] {dag.py:3229} INFO - Sync 1 DAGs
[2024-09-12T14:08:21.154+0000] {logging_mixin.py:190} INFO - [2024-09-12T14:08:21.154+0000] {dag.py:4156} INFO - Setting next_dagrun for example_branch_labels to 2024-09-11 00:00:00+00:00, run_after=2024-09-12 00:00:00+00:00
[2024-09-12T14:08:21.177+0000] {processor.py:208} INFO - Processing /home/airflow/.local/lib/python3.12/site-packages/airflow/example_dags/example_branch_labels.py took 0.114 seconds
[2024-09-12T14:08:51.343+0000] {processor.py:186} INFO - Started process (PID=1060) to work on /home/airflow/.local/lib/python3.12/site-packages/airflow/example_dags/example_branch_labels.py
[2024-09-12T14:08:51.344+0000] {processor.py:914} INFO - Processing file /home/airflow/.local/lib/python3.12/site-packages/airflow/example_dags/example_branch_labels.py for tasks to queue
[2024-09-12T14:08:51.346+0000] {logging_mixin.py:190} INFO - [2024-09-12T14:08:51.346+0000] {dagbag.py:587} INFO - Filling up the DagBag from /home/airflow/.local/lib/python3.12/site-packages/airflow/example_dags/example_branch_labels.py
[2024-09-12T14:08:51.357+0000] {processor.py:925} INFO - DAG(s) 'example_branch_labels' retrieved from /home/airflow/.local/lib/python3.12/site-packages/airflow/example_dags/example_branch_labels.py
[2024-09-12T14:08:51.377+0000] {logging_mixin.py:190} INFO - [2024-09-12T14:08:51.377+0000] {dag.py:3229} INFO - Sync 1 DAGs
[2024-09-12T14:08:51.402+0000] {logging_mixin.py:190} INFO - [2024-09-12T14:08:51.401+0000] {dag.py:4156} INFO - Setting next_dagrun for example_branch_labels to 2024-09-11 00:00:00+00:00, run_after=2024-09-12 00:00:00+00:00
[2024-09-12T14:08:51.419+0000] {processor.py:208} INFO - Processing /home/airflow/.local/lib/python3.12/site-packages/airflow/example_dags/example_branch_labels.py took 0.083 seconds
[2024-09-12T14:09:21.639+0000] {processor.py:186} INFO - Started process (PID=1122) to work on /home/airflow/.local/lib/python3.12/site-packages/airflow/example_dags/example_branch_labels.py
[2024-09-12T14:09:21.640+0000] {processor.py:914} INFO - Processing file /home/airflow/.local/lib/python3.12/site-packages/airflow/example_dags/example_branch_labels.py for tasks to queue
[2024-09-12T14:09:21.642+0000] {logging_mixin.py:190} INFO - [2024-09-12T14:09:21.642+0000] {dagbag.py:587} INFO - Filling up the DagBag from /home/airflow/.local/lib/python3.12/site-packages/airflow/example_dags/example_branch_labels.py
[2024-09-12T14:09:21.652+0000] {processor.py:925} INFO - DAG(s) 'example_branch_labels' retrieved from /home/airflow/.local/lib/python3.12/site-packages/airflow/example_dags/example_branch_labels.py
[2024-09-12T14:09:21.673+0000] {logging_mixin.py:190} INFO - [2024-09-12T14:09:21.672+0000] {dag.py:3229} INFO - Sync 1 DAGs
[2024-09-12T14:09:21.701+0000] {logging_mixin.py:190} INFO - [2024-09-12T14:09:21.701+0000] {dag.py:4156} INFO - Setting next_dagrun for example_branch_labels to 2024-09-11 00:00:00+00:00, run_after=2024-09-12 00:00:00+00:00
[2024-09-12T14:09:21.724+0000] {processor.py:208} INFO - Processing /home/airflow/.local/lib/python3.12/site-packages/airflow/example_dags/example_branch_labels.py took 0.092 seconds
[2024-09-12T14:09:52.065+0000] {processor.py:186} INFO - Started process (PID=1184) to work on /home/airflow/.local/lib/python3.12/site-packages/airflow/example_dags/example_branch_labels.py
[2024-09-12T14:09:52.066+0000] {processor.py:914} INFO - Processing file /home/airflow/.local/lib/python3.12/site-packages/airflow/example_dags/example_branch_labels.py for tasks to queue
[2024-09-12T14:09:52.068+0000] {logging_mixin.py:190} INFO - [2024-09-12T14:09:52.068+0000] {dagbag.py:587} INFO - Filling up the DagBag from /home/airflow/.local/lib/python3.12/site-packages/airflow/example_dags/example_branch_labels.py
[2024-09-12T14:09:52.079+0000] {processor.py:925} INFO - DAG(s) 'example_branch_labels' retrieved from /home/airflow/.local/lib/python3.12/site-packages/airflow/example_dags/example_branch_labels.py
[2024-09-12T14:09:52.104+0000] {logging_mixin.py:190} INFO - [2024-09-12T14:09:52.103+0000] {dag.py:3229} INFO - Sync 1 DAGs
[2024-09-12T14:09:52.131+0000] {logging_mixin.py:190} INFO - [2024-09-12T14:09:52.130+0000] {dag.py:4156} INFO - Setting next_dagrun for example_branch_labels to 2024-09-11 00:00:00+00:00, run_after=2024-09-12 00:00:00+00:00
[2024-09-12T14:09:52.148+0000] {processor.py:208} INFO - Processing /home/airflow/.local/lib/python3.12/site-packages/airflow/example_dags/example_branch_labels.py took 0.090 seconds
[2024-09-12T14:10:22.700+0000] {processor.py:186} INFO - Started process (PID=1246) to work on /home/airflow/.local/lib/python3.12/site-packages/airflow/example_dags/example_branch_labels.py
[2024-09-12T14:10:22.702+0000] {processor.py:914} INFO - Processing file /home/airflow/.local/lib/python3.12/site-packages/airflow/example_dags/example_branch_labels.py for tasks to queue
[2024-09-12T14:10:22.705+0000] {logging_mixin.py:190} INFO - [2024-09-12T14:10:22.704+0000] {dagbag.py:587} INFO - Filling up the DagBag from /home/airflow/.local/lib/python3.12/site-packages/airflow/example_dags/example_branch_labels.py
[2024-09-12T14:10:22.718+0000] {processor.py:925} INFO - DAG(s) 'example_branch_labels' retrieved from /home/airflow/.local/lib/python3.12/site-packages/airflow/example_dags/example_branch_labels.py
[2024-09-12T14:10:22.749+0000] {logging_mixin.py:190} INFO - [2024-09-12T14:10:22.748+0000] {dag.py:3229} INFO - Sync 1 DAGs
[2024-09-12T14:10:22.803+0000] {logging_mixin.py:190} INFO - [2024-09-12T14:10:22.802+0000] {dag.py:4156} INFO - Setting next_dagrun for example_branch_labels to 2024-09-11 00:00:00+00:00, run_after=2024-09-12 00:00:00+00:00
[2024-09-12T14:10:22.828+0000] {processor.py:208} INFO - Processing /home/airflow/.local/lib/python3.12/site-packages/airflow/example_dags/example_branch_labels.py took 0.136 seconds
[2024-09-12T14:10:52.873+0000] {processor.py:186} INFO - Started process (PID=1308) to work on /home/airflow/.local/lib/python3.12/site-packages/airflow/example_dags/example_branch_labels.py
[2024-09-12T14:10:52.874+0000] {processor.py:914} INFO - Processing file /home/airflow/.local/lib/python3.12/site-packages/airflow/example_dags/example_branch_labels.py for tasks to queue
[2024-09-12T14:10:52.877+0000] {logging_mixin.py:190} INFO - [2024-09-12T14:10:52.876+0000] {dagbag.py:587} INFO - Filling up the DagBag from /home/airflow/.local/lib/python3.12/site-packages/airflow/example_dags/example_branch_labels.py
[2024-09-12T14:10:52.889+0000] {processor.py:925} INFO - DAG(s) 'example_branch_labels' retrieved from /home/airflow/.local/lib/python3.12/site-packages/airflow/example_dags/example_branch_labels.py
[2024-09-12T14:10:52.916+0000] {logging_mixin.py:190} INFO - [2024-09-12T14:10:52.915+0000] {dag.py:3229} INFO - Sync 1 DAGs
[2024-09-12T14:10:52.945+0000] {logging_mixin.py:190} INFO - [2024-09-12T14:10:52.945+0000] {dag.py:4156} INFO - Setting next_dagrun for example_branch_labels to 2024-09-11 00:00:00+00:00, run_after=2024-09-12 00:00:00+00:00
[2024-09-12T14:10:52.967+0000] {processor.py:208} INFO - Processing /home/airflow/.local/lib/python3.12/site-packages/airflow/example_dags/example_branch_labels.py took 0.101 seconds
[2024-09-12T14:11:23.244+0000] {processor.py:186} INFO - Started process (PID=1370) to work on /home/airflow/.local/lib/python3.12/site-packages/airflow/example_dags/example_branch_labels.py
[2024-09-12T14:11:23.245+0000] {processor.py:914} INFO - Processing file /home/airflow/.local/lib/python3.12/site-packages/airflow/example_dags/example_branch_labels.py for tasks to queue
[2024-09-12T14:11:23.248+0000] {logging_mixin.py:190} INFO - [2024-09-12T14:11:23.248+0000] {dagbag.py:587} INFO - Filling up the DagBag from /home/airflow/.local/lib/python3.12/site-packages/airflow/example_dags/example_branch_labels.py
[2024-09-12T14:11:23.262+0000] {processor.py:925} INFO - DAG(s) 'example_branch_labels' retrieved from /home/airflow/.local/lib/python3.12/site-packages/airflow/example_dags/example_branch_labels.py
[2024-09-12T14:11:23.293+0000] {logging_mixin.py:190} INFO - [2024-09-12T14:11:23.292+0000] {dag.py:3229} INFO - Sync 1 DAGs
[2024-09-12T14:11:23.320+0000] {logging_mixin.py:190} INFO - [2024-09-12T14:11:23.319+0000] {dag.py:4156} INFO - Setting next_dagrun for example_branch_labels to 2024-09-11 00:00:00+00:00, run_after=2024-09-12 00:00:00+00:00
[2024-09-12T14:11:23.340+0000] {processor.py:208} INFO - Processing /home/airflow/.local/lib/python3.12/site-packages/airflow/example_dags/example_branch_labels.py took 0.104 seconds
[2024-09-12T14:11:53.890+0000] {processor.py:186} INFO - Started process (PID=1432) to work on /home/airflow/.local/lib/python3.12/site-packages/airflow/example_dags/example_branch_labels.py
[2024-09-12T14:11:53.891+0000] {processor.py:914} INFO - Processing file /home/airflow/.local/lib/python3.12/site-packages/airflow/example_dags/example_branch_labels.py for tasks to queue
[2024-09-12T14:11:53.893+0000] {logging_mixin.py:190} INFO - [2024-09-12T14:11:53.893+0000] {dagbag.py:587} INFO - Filling up the DagBag from /home/airflow/.local/lib/python3.12/site-packages/airflow/example_dags/example_branch_labels.py
[2024-09-12T14:11:53.904+0000] {processor.py:925} INFO - DAG(s) 'example_branch_labels' retrieved from /home/airflow/.local/lib/python3.12/site-packages/airflow/example_dags/example_branch_labels.py
[2024-09-12T14:11:53.928+0000] {logging_mixin.py:190} INFO - [2024-09-12T14:11:53.928+0000] {dag.py:3229} INFO - Sync 1 DAGs
[2024-09-12T14:11:53.959+0000] {logging_mixin.py:190} INFO - [2024-09-12T14:11:53.959+0000] {dag.py:4156} INFO - Setting next_dagrun for example_branch_labels to 2024-09-11 00:00:00+00:00, run_after=2024-09-12 00:00:00+00:00
[2024-09-12T14:11:53.981+0000] {processor.py:208} INFO - Processing /home/airflow/.local/lib/python3.12/site-packages/airflow/example_dags/example_branch_labels.py took 0.098 seconds
[2024-09-12T14:12:24.352+0000] {processor.py:186} INFO - Started process (PID=1494) to work on /home/airflow/.local/lib/python3.12/site-packages/airflow/example_dags/example_branch_labels.py
[2024-09-12T14:12:24.353+0000] {processor.py:914} INFO - Processing file /home/airflow/.local/lib/python3.12/site-packages/airflow/example_dags/example_branch_labels.py for tasks to queue
[2024-09-12T14:12:24.356+0000] {logging_mixin.py:190} INFO - [2024-09-12T14:12:24.355+0000] {dagbag.py:587} INFO - Filling up the DagBag from /home/airflow/.local/lib/python3.12/site-packages/airflow/example_dags/example_branch_labels.py
[2024-09-12T14:12:24.366+0000] {processor.py:925} INFO - DAG(s) 'example_branch_labels' retrieved from /home/airflow/.local/lib/python3.12/site-packages/airflow/example_dags/example_branch_labels.py
[2024-09-12T14:12:24.390+0000] {logging_mixin.py:190} INFO - [2024-09-12T14:12:24.390+0000] {dag.py:3229} INFO - Sync 1 DAGs
[2024-09-12T14:12:24.415+0000] {logging_mixin.py:190} INFO - [2024-09-12T14:12:24.415+0000] {dag.py:4156} INFO - Setting next_dagrun for example_branch_labels to 2024-09-11 00:00:00+00:00, run_after=2024-09-12 00:00:00+00:00
[2024-09-12T14:12:24.432+0000] {processor.py:208} INFO - Processing /home/airflow/.local/lib/python3.12/site-packages/airflow/example_dags/example_branch_labels.py took 0.086 seconds
[2024-09-12T14:12:55.098+0000] {processor.py:186} INFO - Started process (PID=1556) to work on /home/airflow/.local/lib/python3.12/site-packages/airflow/example_dags/example_branch_labels.py
[2024-09-12T14:12:55.099+0000] {processor.py:914} INFO - Processing file /home/airflow/.local/lib/python3.12/site-packages/airflow/example_dags/example_branch_labels.py for tasks to queue
[2024-09-12T14:12:55.102+0000] {logging_mixin.py:190} INFO - [2024-09-12T14:12:55.101+0000] {dagbag.py:587} INFO - Filling up the DagBag from /home/airflow/.local/lib/python3.12/site-packages/airflow/example_dags/example_branch_labels.py
[2024-09-12T14:12:55.113+0000] {processor.py:925} INFO - DAG(s) 'example_branch_labels' retrieved from /home/airflow/.local/lib/python3.12/site-packages/airflow/example_dags/example_branch_labels.py
[2024-09-12T14:12:55.138+0000] {logging_mixin.py:190} INFO - [2024-09-12T14:12:55.137+0000] {dag.py:3229} INFO - Sync 1 DAGs
[2024-09-12T14:12:55.165+0000] {logging_mixin.py:190} INFO - [2024-09-12T14:12:55.165+0000] {dag.py:4156} INFO - Setting next_dagrun for example_branch_labels to 2024-09-11 00:00:00+00:00, run_after=2024-09-12 00:00:00+00:00
[2024-09-12T14:12:55.188+0000] {processor.py:208} INFO - Processing /home/airflow/.local/lib/python3.12/site-packages/airflow/example_dags/example_branch_labels.py took 0.097 seconds
[2024-09-12T14:13:25.683+0000] {processor.py:186} INFO - Started process (PID=1618) to work on /home/airflow/.local/lib/python3.12/site-packages/airflow/example_dags/example_branch_labels.py
[2024-09-12T14:13:25.684+0000] {processor.py:914} INFO - Processing file /home/airflow/.local/lib/python3.12/site-packages/airflow/example_dags/example_branch_labels.py for tasks to queue
[2024-09-12T14:13:25.687+0000] {logging_mixin.py:190} INFO - [2024-09-12T14:13:25.686+0000] {dagbag.py:587} INFO - Filling up the DagBag from /home/airflow/.local/lib/python3.12/site-packages/airflow/example_dags/example_branch_labels.py
[2024-09-12T14:13:25.698+0000] {processor.py:925} INFO - DAG(s) 'example_branch_labels' retrieved from /home/airflow/.local/lib/python3.12/site-packages/airflow/example_dags/example_branch_labels.py
[2024-09-12T14:13:25.722+0000] {logging_mixin.py:190} INFO - [2024-09-12T14:13:25.722+0000] {dag.py:3229} INFO - Sync 1 DAGs
[2024-09-12T14:13:25.758+0000] {logging_mixin.py:190} INFO - [2024-09-12T14:13:25.757+0000] {dag.py:4156} INFO - Setting next_dagrun for example_branch_labels to 2024-09-11 00:00:00+00:00, run_after=2024-09-12 00:00:00+00:00
[2024-09-12T14:13:25.781+0000] {processor.py:208} INFO - Processing /home/airflow/.local/lib/python3.12/site-packages/airflow/example_dags/example_branch_labels.py took 0.106 seconds
[2024-09-12T14:13:56.008+0000] {processor.py:186} INFO - Started process (PID=1680) to work on /home/airflow/.local/lib/python3.12/site-packages/airflow/example_dags/example_branch_labels.py
[2024-09-12T14:13:56.009+0000] {processor.py:914} INFO - Processing file /home/airflow/.local/lib/python3.12/site-packages/airflow/example_dags/example_branch_labels.py for tasks to queue
[2024-09-12T14:13:56.012+0000] {logging_mixin.py:190} INFO - [2024-09-12T14:13:56.011+0000] {dagbag.py:587} INFO - Filling up the DagBag from /home/airflow/.local/lib/python3.12/site-packages/airflow/example_dags/example_branch_labels.py
[2024-09-12T14:13:56.023+0000] {processor.py:925} INFO - DAG(s) 'example_branch_labels' retrieved from /home/airflow/.local/lib/python3.12/site-packages/airflow/example_dags/example_branch_labels.py
[2024-09-12T14:13:56.090+0000] {logging_mixin.py:190} INFO - [2024-09-12T14:13:56.090+0000] {dag.py:3229} INFO - Sync 1 DAGs
[2024-09-12T14:13:56.120+0000] {logging_mixin.py:190} INFO - [2024-09-12T14:13:56.119+0000] {dag.py:4156} INFO - Setting next_dagrun for example_branch_labels to 2024-09-11 00:00:00+00:00, run_after=2024-09-12 00:00:00+00:00
[2024-09-12T14:13:56.140+0000] {processor.py:208} INFO - Processing /home/airflow/.local/lib/python3.12/site-packages/airflow/example_dags/example_branch_labels.py took 0.139 seconds
[2024-09-12T14:14:26.512+0000] {processor.py:186} INFO - Started process (PID=1742) to work on /home/airflow/.local/lib/python3.12/site-packages/airflow/example_dags/example_branch_labels.py
[2024-09-12T14:14:26.513+0000] {processor.py:914} INFO - Processing file /home/airflow/.local/lib/python3.12/site-packages/airflow/example_dags/example_branch_labels.py for tasks to queue
[2024-09-12T14:14:26.515+0000] {logging_mixin.py:190} INFO - [2024-09-12T14:14:26.515+0000] {dagbag.py:587} INFO - Filling up the DagBag from /home/airflow/.local/lib/python3.12/site-packages/airflow/example_dags/example_branch_labels.py
[2024-09-12T14:14:26.582+0000] {processor.py:925} INFO - DAG(s) 'example_branch_labels' retrieved from /home/airflow/.local/lib/python3.12/site-packages/airflow/example_dags/example_branch_labels.py
[2024-09-12T14:14:26.604+0000] {logging_mixin.py:190} INFO - [2024-09-12T14:14:26.604+0000] {dag.py:3229} INFO - Sync 1 DAGs
[2024-09-12T14:14:26.629+0000] {logging_mixin.py:190} INFO - [2024-09-12T14:14:26.629+0000] {dag.py:4156} INFO - Setting next_dagrun for example_branch_labels to 2024-09-11 00:00:00+00:00, run_after=2024-09-12 00:00:00+00:00
[2024-09-12T14:14:26.688+0000] {processor.py:208} INFO - Processing /home/airflow/.local/lib/python3.12/site-packages/airflow/example_dags/example_branch_labels.py took 0.182 seconds
[2024-09-12T14:14:57.034+0000] {processor.py:186} INFO - Started process (PID=1804) to work on /home/airflow/.local/lib/python3.12/site-packages/airflow/example_dags/example_branch_labels.py
[2024-09-12T14:14:57.036+0000] {processor.py:914} INFO - Processing file /home/airflow/.local/lib/python3.12/site-packages/airflow/example_dags/example_branch_labels.py for tasks to queue
[2024-09-12T14:14:57.039+0000] {logging_mixin.py:190} INFO - [2024-09-12T14:14:57.038+0000] {dagbag.py:587} INFO - Filling up the DagBag from /home/airflow/.local/lib/python3.12/site-packages/airflow/example_dags/example_branch_labels.py
[2024-09-12T14:14:57.051+0000] {processor.py:925} INFO - DAG(s) 'example_branch_labels' retrieved from /home/airflow/.local/lib/python3.12/site-packages/airflow/example_dags/example_branch_labels.py
[2024-09-12T14:14:57.082+0000] {logging_mixin.py:190} INFO - [2024-09-12T14:14:57.082+0000] {dag.py:3229} INFO - Sync 1 DAGs
[2024-09-12T14:14:57.118+0000] {logging_mixin.py:190} INFO - [2024-09-12T14:14:57.117+0000] {dag.py:4156} INFO - Setting next_dagrun for example_branch_labels to 2024-09-11 00:00:00+00:00, run_after=2024-09-12 00:00:00+00:00
[2024-09-12T14:14:57.194+0000] {processor.py:208} INFO - Processing /home/airflow/.local/lib/python3.12/site-packages/airflow/example_dags/example_branch_labels.py took 0.167 seconds
[2024-09-12T14:18:13.139+0000] {processor.py:186} INFO - Started process (PID=61) to work on /home/airflow/.local/lib/python3.12/site-packages/airflow/example_dags/example_branch_labels.py
[2024-09-12T14:18:13.140+0000] {processor.py:914} INFO - Processing file /home/airflow/.local/lib/python3.12/site-packages/airflow/example_dags/example_branch_labels.py for tasks to queue
[2024-09-12T14:18:13.143+0000] {logging_mixin.py:190} INFO - [2024-09-12T14:18:13.143+0000] {dagbag.py:587} INFO - Filling up the DagBag from /home/airflow/.local/lib/python3.12/site-packages/airflow/example_dags/example_branch_labels.py
[2024-09-12T14:18:13.154+0000] {processor.py:925} INFO - DAG(s) 'example_branch_labels' retrieved from /home/airflow/.local/lib/python3.12/site-packages/airflow/example_dags/example_branch_labels.py
[2024-09-12T14:18:13.193+0000] {logging_mixin.py:190} INFO - [2024-09-12T14:18:13.192+0000] {dag.py:3229} INFO - Sync 1 DAGs
[2024-09-12T14:18:13.221+0000] {logging_mixin.py:190} INFO - [2024-09-12T14:18:13.221+0000] {dag.py:4156} INFO - Setting next_dagrun for example_branch_labels to 2024-09-11 00:00:00+00:00, run_after=2024-09-12 00:00:00+00:00
[2024-09-12T14:18:13.249+0000] {processor.py:208} INFO - Processing /home/airflow/.local/lib/python3.12/site-packages/airflow/example_dags/example_branch_labels.py took 0.117 seconds
[2024-09-12T14:18:43.967+0000] {processor.py:186} INFO - Started process (PID=123) to work on /home/airflow/.local/lib/python3.12/site-packages/airflow/example_dags/example_branch_labels.py
[2024-09-12T14:18:43.968+0000] {processor.py:914} INFO - Processing file /home/airflow/.local/lib/python3.12/site-packages/airflow/example_dags/example_branch_labels.py for tasks to queue
[2024-09-12T14:18:43.971+0000] {logging_mixin.py:190} INFO - [2024-09-12T14:18:43.971+0000] {dagbag.py:587} INFO - Filling up the DagBag from /home/airflow/.local/lib/python3.12/site-packages/airflow/example_dags/example_branch_labels.py
[2024-09-12T14:18:43.984+0000] {processor.py:925} INFO - DAG(s) 'example_branch_labels' retrieved from /home/airflow/.local/lib/python3.12/site-packages/airflow/example_dags/example_branch_labels.py
[2024-09-12T14:18:44.015+0000] {logging_mixin.py:190} INFO - [2024-09-12T14:18:44.014+0000] {dag.py:3229} INFO - Sync 1 DAGs
[2024-09-12T14:18:44.040+0000] {logging_mixin.py:190} INFO - [2024-09-12T14:18:44.039+0000] {dag.py:4156} INFO - Setting next_dagrun for example_branch_labels to 2024-09-11 00:00:00+00:00, run_after=2024-09-12 00:00:00+00:00
[2024-09-12T14:18:44.056+0000] {processor.py:208} INFO - Processing /home/airflow/.local/lib/python3.12/site-packages/airflow/example_dags/example_branch_labels.py took 0.096 seconds
[2024-09-12T14:19:14.837+0000] {processor.py:186} INFO - Started process (PID=186) to work on /home/airflow/.local/lib/python3.12/site-packages/airflow/example_dags/example_branch_labels.py
[2024-09-12T14:19:14.838+0000] {processor.py:914} INFO - Processing file /home/airflow/.local/lib/python3.12/site-packages/airflow/example_dags/example_branch_labels.py for tasks to queue
[2024-09-12T14:19:14.841+0000] {logging_mixin.py:190} INFO - [2024-09-12T14:19:14.840+0000] {dagbag.py:587} INFO - Filling up the DagBag from /home/airflow/.local/lib/python3.12/site-packages/airflow/example_dags/example_branch_labels.py
[2024-09-12T14:19:14.851+0000] {processor.py:925} INFO - DAG(s) 'example_branch_labels' retrieved from /home/airflow/.local/lib/python3.12/site-packages/airflow/example_dags/example_branch_labels.py
[2024-09-12T14:19:14.877+0000] {logging_mixin.py:190} INFO - [2024-09-12T14:19:14.877+0000] {dag.py:3229} INFO - Sync 1 DAGs
[2024-09-12T14:19:14.917+0000] {logging_mixin.py:190} INFO - [2024-09-12T14:19:14.916+0000] {dag.py:4156} INFO - Setting next_dagrun for example_branch_labels to 2024-09-11 00:00:00+00:00, run_after=2024-09-12 00:00:00+00:00
[2024-09-12T14:19:14.939+0000] {processor.py:208} INFO - Processing /home/airflow/.local/lib/python3.12/site-packages/airflow/example_dags/example_branch_labels.py took 0.108 seconds
[2024-09-12T14:19:45.643+0000] {processor.py:186} INFO - Started process (PID=248) to work on /home/airflow/.local/lib/python3.12/site-packages/airflow/example_dags/example_branch_labels.py
[2024-09-12T14:19:45.644+0000] {processor.py:914} INFO - Processing file /home/airflow/.local/lib/python3.12/site-packages/airflow/example_dags/example_branch_labels.py for tasks to queue
[2024-09-12T14:19:45.647+0000] {logging_mixin.py:190} INFO - [2024-09-12T14:19:45.647+0000] {dagbag.py:587} INFO - Filling up the DagBag from /home/airflow/.local/lib/python3.12/site-packages/airflow/example_dags/example_branch_labels.py
[2024-09-12T14:19:45.660+0000] {processor.py:925} INFO - DAG(s) 'example_branch_labels' retrieved from /home/airflow/.local/lib/python3.12/site-packages/airflow/example_dags/example_branch_labels.py
[2024-09-12T14:19:45.688+0000] {logging_mixin.py:190} INFO - [2024-09-12T14:19:45.687+0000] {dag.py:3229} INFO - Sync 1 DAGs
[2024-09-12T14:19:45.727+0000] {logging_mixin.py:190} INFO - [2024-09-12T14:19:45.727+0000] {dag.py:4156} INFO - Setting next_dagrun for example_branch_labels to 2024-09-11 00:00:00+00:00, run_after=2024-09-12 00:00:00+00:00
[2024-09-12T14:19:45.746+0000] {processor.py:208} INFO - Processing /home/airflow/.local/lib/python3.12/site-packages/airflow/example_dags/example_branch_labels.py took 0.110 seconds
[2024-09-12T14:20:15.982+0000] {processor.py:186} INFO - Started process (PID=310) to work on /home/airflow/.local/lib/python3.12/site-packages/airflow/example_dags/example_branch_labels.py
[2024-09-12T14:20:15.984+0000] {processor.py:914} INFO - Processing file /home/airflow/.local/lib/python3.12/site-packages/airflow/example_dags/example_branch_labels.py for tasks to queue
[2024-09-12T14:20:15.987+0000] {logging_mixin.py:190} INFO - [2024-09-12T14:20:15.986+0000] {dagbag.py:587} INFO - Filling up the DagBag from /home/airflow/.local/lib/python3.12/site-packages/airflow/example_dags/example_branch_labels.py
[2024-09-12T14:20:15.998+0000] {processor.py:925} INFO - DAG(s) 'example_branch_labels' retrieved from /home/airflow/.local/lib/python3.12/site-packages/airflow/example_dags/example_branch_labels.py
[2024-09-12T14:20:16.021+0000] {logging_mixin.py:190} INFO - [2024-09-12T14:20:16.021+0000] {dag.py:3229} INFO - Sync 1 DAGs
[2024-09-12T14:20:16.046+0000] {logging_mixin.py:190} INFO - [2024-09-12T14:20:16.046+0000] {dag.py:4156} INFO - Setting next_dagrun for example_branch_labels to 2024-09-11 00:00:00+00:00, run_after=2024-09-12 00:00:00+00:00
[2024-09-12T14:20:16.063+0000] {processor.py:208} INFO - Processing /home/airflow/.local/lib/python3.12/site-packages/airflow/example_dags/example_branch_labels.py took 0.087 seconds
[2024-09-12T14:20:46.236+0000] {processor.py:186} INFO - Started process (PID=372) to work on /home/airflow/.local/lib/python3.12/site-packages/airflow/example_dags/example_branch_labels.py
[2024-09-12T14:20:46.237+0000] {processor.py:914} INFO - Processing file /home/airflow/.local/lib/python3.12/site-packages/airflow/example_dags/example_branch_labels.py for tasks to queue
[2024-09-12T14:20:46.240+0000] {logging_mixin.py:190} INFO - [2024-09-12T14:20:46.239+0000] {dagbag.py:587} INFO - Filling up the DagBag from /home/airflow/.local/lib/python3.12/site-packages/airflow/example_dags/example_branch_labels.py
[2024-09-12T14:20:46.250+0000] {processor.py:925} INFO - DAG(s) 'example_branch_labels' retrieved from /home/airflow/.local/lib/python3.12/site-packages/airflow/example_dags/example_branch_labels.py
[2024-09-12T14:20:46.285+0000] {logging_mixin.py:190} INFO - [2024-09-12T14:20:46.284+0000] {dag.py:3229} INFO - Sync 1 DAGs
[2024-09-12T14:20:46.313+0000] {logging_mixin.py:190} INFO - [2024-09-12T14:20:46.313+0000] {dag.py:4156} INFO - Setting next_dagrun for example_branch_labels to 2024-09-11 00:00:00+00:00, run_after=2024-09-12 00:00:00+00:00
[2024-09-12T14:20:46.335+0000] {processor.py:208} INFO - Processing /home/airflow/.local/lib/python3.12/site-packages/airflow/example_dags/example_branch_labels.py took 0.106 seconds
[2024-09-12T14:21:16.900+0000] {processor.py:186} INFO - Started process (PID=434) to work on /home/airflow/.local/lib/python3.12/site-packages/airflow/example_dags/example_branch_labels.py
[2024-09-12T14:21:16.903+0000] {processor.py:914} INFO - Processing file /home/airflow/.local/lib/python3.12/site-packages/airflow/example_dags/example_branch_labels.py for tasks to queue
[2024-09-12T14:21:16.906+0000] {logging_mixin.py:190} INFO - [2024-09-12T14:21:16.906+0000] {dagbag.py:587} INFO - Filling up the DagBag from /home/airflow/.local/lib/python3.12/site-packages/airflow/example_dags/example_branch_labels.py
[2024-09-12T14:21:16.918+0000] {processor.py:925} INFO - DAG(s) 'example_branch_labels' retrieved from /home/airflow/.local/lib/python3.12/site-packages/airflow/example_dags/example_branch_labels.py
[2024-09-12T14:21:17.002+0000] {logging_mixin.py:190} INFO - [2024-09-12T14:21:17.001+0000] {dag.py:3229} INFO - Sync 1 DAGs
[2024-09-12T14:21:17.092+0000] {logging_mixin.py:190} INFO - [2024-09-12T14:21:17.092+0000] {dag.py:4156} INFO - Setting next_dagrun for example_branch_labels to 2024-09-11 00:00:00+00:00, run_after=2024-09-12 00:00:00+00:00
[2024-09-12T14:21:17.119+0000] {processor.py:208} INFO - Processing /home/airflow/.local/lib/python3.12/site-packages/airflow/example_dags/example_branch_labels.py took 0.233 seconds
[2024-09-12T14:21:48.029+0000] {processor.py:186} INFO - Started process (PID=496) to work on /home/airflow/.local/lib/python3.12/site-packages/airflow/example_dags/example_branch_labels.py
[2024-09-12T14:21:48.030+0000] {processor.py:914} INFO - Processing file /home/airflow/.local/lib/python3.12/site-packages/airflow/example_dags/example_branch_labels.py for tasks to queue
[2024-09-12T14:21:48.033+0000] {logging_mixin.py:190} INFO - [2024-09-12T14:21:48.032+0000] {dagbag.py:587} INFO - Filling up the DagBag from /home/airflow/.local/lib/python3.12/site-packages/airflow/example_dags/example_branch_labels.py
[2024-09-12T14:21:48.044+0000] {processor.py:925} INFO - DAG(s) 'example_branch_labels' retrieved from /home/airflow/.local/lib/python3.12/site-packages/airflow/example_dags/example_branch_labels.py
[2024-09-12T14:21:48.096+0000] {logging_mixin.py:190} INFO - [2024-09-12T14:21:48.096+0000] {dag.py:3229} INFO - Sync 1 DAGs
[2024-09-12T14:21:48.132+0000] {logging_mixin.py:190} INFO - [2024-09-12T14:21:48.132+0000] {dag.py:4156} INFO - Setting next_dagrun for example_branch_labels to 2024-09-11 00:00:00+00:00, run_after=2024-09-12 00:00:00+00:00
[2024-09-12T14:21:48.200+0000] {processor.py:208} INFO - Processing /home/airflow/.local/lib/python3.12/site-packages/airflow/example_dags/example_branch_labels.py took 0.178 seconds
[2024-09-12T14:22:18.298+0000] {processor.py:186} INFO - Started process (PID=558) to work on /home/airflow/.local/lib/python3.12/site-packages/airflow/example_dags/example_branch_labels.py
[2024-09-12T14:22:18.299+0000] {processor.py:914} INFO - Processing file /home/airflow/.local/lib/python3.12/site-packages/airflow/example_dags/example_branch_labels.py for tasks to queue
[2024-09-12T14:22:18.301+0000] {logging_mixin.py:190} INFO - [2024-09-12T14:22:18.301+0000] {dagbag.py:587} INFO - Filling up the DagBag from /home/airflow/.local/lib/python3.12/site-packages/airflow/example_dags/example_branch_labels.py
[2024-09-12T14:22:18.313+0000] {processor.py:925} INFO - DAG(s) 'example_branch_labels' retrieved from /home/airflow/.local/lib/python3.12/site-packages/airflow/example_dags/example_branch_labels.py
[2024-09-12T14:22:18.335+0000] {logging_mixin.py:190} INFO - [2024-09-12T14:22:18.335+0000] {dag.py:3229} INFO - Sync 1 DAGs
[2024-09-12T14:22:18.363+0000] {logging_mixin.py:190} INFO - [2024-09-12T14:22:18.362+0000] {dag.py:4156} INFO - Setting next_dagrun for example_branch_labels to 2024-09-11 00:00:00+00:00, run_after=2024-09-12 00:00:00+00:00
[2024-09-12T14:22:18.383+0000] {processor.py:208} INFO - Processing /home/airflow/.local/lib/python3.12/site-packages/airflow/example_dags/example_branch_labels.py took 0.092 seconds
[2024-09-12T14:22:48.585+0000] {processor.py:186} INFO - Started process (PID=620) to work on /home/airflow/.local/lib/python3.12/site-packages/airflow/example_dags/example_branch_labels.py
[2024-09-12T14:22:48.587+0000] {processor.py:914} INFO - Processing file /home/airflow/.local/lib/python3.12/site-packages/airflow/example_dags/example_branch_labels.py for tasks to queue
[2024-09-12T14:22:48.590+0000] {logging_mixin.py:190} INFO - [2024-09-12T14:22:48.590+0000] {dagbag.py:587} INFO - Filling up the DagBag from /home/airflow/.local/lib/python3.12/site-packages/airflow/example_dags/example_branch_labels.py
[2024-09-12T14:22:48.604+0000] {processor.py:925} INFO - DAG(s) 'example_branch_labels' retrieved from /home/airflow/.local/lib/python3.12/site-packages/airflow/example_dags/example_branch_labels.py
[2024-09-12T14:22:48.633+0000] {logging_mixin.py:190} INFO - [2024-09-12T14:22:48.633+0000] {dag.py:3229} INFO - Sync 1 DAGs
[2024-09-12T14:22:48.663+0000] {logging_mixin.py:190} INFO - [2024-09-12T14:22:48.662+0000] {dag.py:4156} INFO - Setting next_dagrun for example_branch_labels to 2024-09-11 00:00:00+00:00, run_after=2024-09-12 00:00:00+00:00
[2024-09-12T14:22:48.683+0000] {processor.py:208} INFO - Processing /home/airflow/.local/lib/python3.12/site-packages/airflow/example_dags/example_branch_labels.py took 0.106 seconds
[2024-09-12T14:23:19.287+0000] {processor.py:186} INFO - Started process (PID=682) to work on /home/airflow/.local/lib/python3.12/site-packages/airflow/example_dags/example_branch_labels.py
[2024-09-12T14:23:19.288+0000] {processor.py:914} INFO - Processing file /home/airflow/.local/lib/python3.12/site-packages/airflow/example_dags/example_branch_labels.py for tasks to queue
[2024-09-12T14:23:19.292+0000] {logging_mixin.py:190} INFO - [2024-09-12T14:23:19.291+0000] {dagbag.py:587} INFO - Filling up the DagBag from /home/airflow/.local/lib/python3.12/site-packages/airflow/example_dags/example_branch_labels.py
[2024-09-12T14:23:19.306+0000] {processor.py:925} INFO - DAG(s) 'example_branch_labels' retrieved from /home/airflow/.local/lib/python3.12/site-packages/airflow/example_dags/example_branch_labels.py
[2024-09-12T14:23:19.339+0000] {logging_mixin.py:190} INFO - [2024-09-12T14:23:19.338+0000] {dag.py:3229} INFO - Sync 1 DAGs
[2024-09-12T14:23:19.375+0000] {logging_mixin.py:190} INFO - [2024-09-12T14:23:19.375+0000] {dag.py:4156} INFO - Setting next_dagrun for example_branch_labels to 2024-09-11 00:00:00+00:00, run_after=2024-09-12 00:00:00+00:00
[2024-09-12T14:23:19.403+0000] {processor.py:208} INFO - Processing /home/airflow/.local/lib/python3.12/site-packages/airflow/example_dags/example_branch_labels.py took 0.123 seconds
[2024-09-12T14:23:49.950+0000] {processor.py:186} INFO - Started process (PID=744) to work on /home/airflow/.local/lib/python3.12/site-packages/airflow/example_dags/example_branch_labels.py
[2024-09-12T14:23:49.951+0000] {processor.py:914} INFO - Processing file /home/airflow/.local/lib/python3.12/site-packages/airflow/example_dags/example_branch_labels.py for tasks to queue
[2024-09-12T14:23:49.953+0000] {logging_mixin.py:190} INFO - [2024-09-12T14:23:49.953+0000] {dagbag.py:587} INFO - Filling up the DagBag from /home/airflow/.local/lib/python3.12/site-packages/airflow/example_dags/example_branch_labels.py
[2024-09-12T14:23:49.964+0000] {processor.py:925} INFO - DAG(s) 'example_branch_labels' retrieved from /home/airflow/.local/lib/python3.12/site-packages/airflow/example_dags/example_branch_labels.py
[2024-09-12T14:23:49.990+0000] {logging_mixin.py:190} INFO - [2024-09-12T14:23:49.990+0000] {dag.py:3229} INFO - Sync 1 DAGs
[2024-09-12T14:23:50.019+0000] {logging_mixin.py:190} INFO - [2024-09-12T14:23:50.019+0000] {dag.py:4156} INFO - Setting next_dagrun for example_branch_labels to 2024-09-11 00:00:00+00:00, run_after=2024-09-12 00:00:00+00:00
[2024-09-12T14:23:50.038+0000] {processor.py:208} INFO - Processing /home/airflow/.local/lib/python3.12/site-packages/airflow/example_dags/example_branch_labels.py took 0.094 seconds
[2024-09-12T14:24:20.798+0000] {processor.py:186} INFO - Started process (PID=806) to work on /home/airflow/.local/lib/python3.12/site-packages/airflow/example_dags/example_branch_labels.py
[2024-09-12T14:24:20.800+0000] {processor.py:914} INFO - Processing file /home/airflow/.local/lib/python3.12/site-packages/airflow/example_dags/example_branch_labels.py for tasks to queue
[2024-09-12T14:24:20.802+0000] {logging_mixin.py:190} INFO - [2024-09-12T14:24:20.802+0000] {dagbag.py:587} INFO - Filling up the DagBag from /home/airflow/.local/lib/python3.12/site-packages/airflow/example_dags/example_branch_labels.py
[2024-09-12T14:24:20.814+0000] {processor.py:925} INFO - DAG(s) 'example_branch_labels' retrieved from /home/airflow/.local/lib/python3.12/site-packages/airflow/example_dags/example_branch_labels.py
[2024-09-12T14:24:20.840+0000] {logging_mixin.py:190} INFO - [2024-09-12T14:24:20.839+0000] {dag.py:3229} INFO - Sync 1 DAGs
[2024-09-12T14:24:20.868+0000] {logging_mixin.py:190} INFO - [2024-09-12T14:24:20.868+0000] {dag.py:4156} INFO - Setting next_dagrun for example_branch_labels to 2024-09-11 00:00:00+00:00, run_after=2024-09-12 00:00:00+00:00
[2024-09-12T14:24:20.885+0000] {processor.py:208} INFO - Processing /home/airflow/.local/lib/python3.12/site-packages/airflow/example_dags/example_branch_labels.py took 0.095 seconds
[2024-09-12T14:24:51.721+0000] {processor.py:186} INFO - Started process (PID=868) to work on /home/airflow/.local/lib/python3.12/site-packages/airflow/example_dags/example_branch_labels.py
[2024-09-12T14:24:51.722+0000] {processor.py:914} INFO - Processing file /home/airflow/.local/lib/python3.12/site-packages/airflow/example_dags/example_branch_labels.py for tasks to queue
[2024-09-12T14:24:51.725+0000] {logging_mixin.py:190} INFO - [2024-09-12T14:24:51.724+0000] {dagbag.py:587} INFO - Filling up the DagBag from /home/airflow/.local/lib/python3.12/site-packages/airflow/example_dags/example_branch_labels.py
[2024-09-12T14:24:51.736+0000] {processor.py:925} INFO - DAG(s) 'example_branch_labels' retrieved from /home/airflow/.local/lib/python3.12/site-packages/airflow/example_dags/example_branch_labels.py
[2024-09-12T14:24:51.781+0000] {logging_mixin.py:190} INFO - [2024-09-12T14:24:51.781+0000] {dag.py:3229} INFO - Sync 1 DAGs
[2024-09-12T14:24:51.808+0000] {logging_mixin.py:190} INFO - [2024-09-12T14:24:51.807+0000] {dag.py:4156} INFO - Setting next_dagrun for example_branch_labels to 2024-09-11 00:00:00+00:00, run_after=2024-09-12 00:00:00+00:00
[2024-09-12T14:24:51.826+0000] {processor.py:208} INFO - Processing /home/airflow/.local/lib/python3.12/site-packages/airflow/example_dags/example_branch_labels.py took 0.111 seconds
[2024-09-12T14:25:22.063+0000] {processor.py:186} INFO - Started process (PID=930) to work on /home/airflow/.local/lib/python3.12/site-packages/airflow/example_dags/example_branch_labels.py
[2024-09-12T14:25:22.085+0000] {processor.py:914} INFO - Processing file /home/airflow/.local/lib/python3.12/site-packages/airflow/example_dags/example_branch_labels.py for tasks to queue
[2024-09-12T14:25:22.088+0000] {logging_mixin.py:190} INFO - [2024-09-12T14:25:22.087+0000] {dagbag.py:587} INFO - Filling up the DagBag from /home/airflow/.local/lib/python3.12/site-packages/airflow/example_dags/example_branch_labels.py
[2024-09-12T14:25:22.101+0000] {processor.py:925} INFO - DAG(s) 'example_branch_labels' retrieved from /home/airflow/.local/lib/python3.12/site-packages/airflow/example_dags/example_branch_labels.py
[2024-09-12T14:25:22.190+0000] {logging_mixin.py:190} INFO - [2024-09-12T14:25:22.190+0000] {dag.py:3229} INFO - Sync 1 DAGs
[2024-09-12T14:25:22.220+0000] {logging_mixin.py:190} INFO - [2024-09-12T14:25:22.220+0000] {dag.py:4156} INFO - Setting next_dagrun for example_branch_labels to 2024-09-11 00:00:00+00:00, run_after=2024-09-12 00:00:00+00:00
[2024-09-12T14:25:22.299+0000] {processor.py:208} INFO - Processing /home/airflow/.local/lib/python3.12/site-packages/airflow/example_dags/example_branch_labels.py took 0.243 seconds
[2024-09-12T14:25:53.288+0000] {processor.py:186} INFO - Started process (PID=992) to work on /home/airflow/.local/lib/python3.12/site-packages/airflow/example_dags/example_branch_labels.py
[2024-09-12T14:25:53.289+0000] {processor.py:914} INFO - Processing file /home/airflow/.local/lib/python3.12/site-packages/airflow/example_dags/example_branch_labels.py for tasks to queue
[2024-09-12T14:25:53.292+0000] {logging_mixin.py:190} INFO - [2024-09-12T14:25:53.292+0000] {dagbag.py:587} INFO - Filling up the DagBag from /home/airflow/.local/lib/python3.12/site-packages/airflow/example_dags/example_branch_labels.py
[2024-09-12T14:25:53.306+0000] {processor.py:925} INFO - DAG(s) 'example_branch_labels' retrieved from /home/airflow/.local/lib/python3.12/site-packages/airflow/example_dags/example_branch_labels.py
[2024-09-12T14:25:53.331+0000] {logging_mixin.py:190} INFO - [2024-09-12T14:25:53.330+0000] {dag.py:3229} INFO - Sync 1 DAGs
[2024-09-12T14:25:53.355+0000] {logging_mixin.py:190} INFO - [2024-09-12T14:25:53.355+0000] {dag.py:4156} INFO - Setting next_dagrun for example_branch_labels to 2024-09-11 00:00:00+00:00, run_after=2024-09-12 00:00:00+00:00
[2024-09-12T14:25:53.381+0000] {processor.py:208} INFO - Processing /home/airflow/.local/lib/python3.12/site-packages/airflow/example_dags/example_branch_labels.py took 0.099 seconds
[2024-09-12T14:26:24.346+0000] {processor.py:186} INFO - Started process (PID=1054) to work on /home/airflow/.local/lib/python3.12/site-packages/airflow/example_dags/example_branch_labels.py
[2024-09-12T14:26:24.347+0000] {processor.py:914} INFO - Processing file /home/airflow/.local/lib/python3.12/site-packages/airflow/example_dags/example_branch_labels.py for tasks to queue
[2024-09-12T14:26:24.350+0000] {logging_mixin.py:190} INFO - [2024-09-12T14:26:24.349+0000] {dagbag.py:587} INFO - Filling up the DagBag from /home/airflow/.local/lib/python3.12/site-packages/airflow/example_dags/example_branch_labels.py
[2024-09-12T14:26:24.361+0000] {processor.py:925} INFO - DAG(s) 'example_branch_labels' retrieved from /home/airflow/.local/lib/python3.12/site-packages/airflow/example_dags/example_branch_labels.py
[2024-09-12T14:26:24.387+0000] {logging_mixin.py:190} INFO - [2024-09-12T14:26:24.387+0000] {dag.py:3229} INFO - Sync 1 DAGs
[2024-09-12T14:26:24.416+0000] {logging_mixin.py:190} INFO - [2024-09-12T14:26:24.415+0000] {dag.py:4156} INFO - Setting next_dagrun for example_branch_labels to 2024-09-11 00:00:00+00:00, run_after=2024-09-12 00:00:00+00:00
[2024-09-12T14:26:24.439+0000] {processor.py:208} INFO - Processing /home/airflow/.local/lib/python3.12/site-packages/airflow/example_dags/example_branch_labels.py took 0.099 seconds
[2024-09-12T14:26:54.940+0000] {processor.py:186} INFO - Started process (PID=1116) to work on /home/airflow/.local/lib/python3.12/site-packages/airflow/example_dags/example_branch_labels.py
[2024-09-12T14:26:54.942+0000] {processor.py:914} INFO - Processing file /home/airflow/.local/lib/python3.12/site-packages/airflow/example_dags/example_branch_labels.py for tasks to queue
[2024-09-12T14:26:54.944+0000] {logging_mixin.py:190} INFO - [2024-09-12T14:26:54.943+0000] {dagbag.py:587} INFO - Filling up the DagBag from /home/airflow/.local/lib/python3.12/site-packages/airflow/example_dags/example_branch_labels.py
[2024-09-12T14:26:54.954+0000] {processor.py:925} INFO - DAG(s) 'example_branch_labels' retrieved from /home/airflow/.local/lib/python3.12/site-packages/airflow/example_dags/example_branch_labels.py
[2024-09-12T14:26:54.979+0000] {logging_mixin.py:190} INFO - [2024-09-12T14:26:54.979+0000] {dag.py:3229} INFO - Sync 1 DAGs
[2024-09-12T14:26:55.007+0000] {logging_mixin.py:190} INFO - [2024-09-12T14:26:55.007+0000] {dag.py:4156} INFO - Setting next_dagrun for example_branch_labels to 2024-09-11 00:00:00+00:00, run_after=2024-09-12 00:00:00+00:00
[2024-09-12T14:26:55.027+0000] {processor.py:208} INFO - Processing /home/airflow/.local/lib/python3.12/site-packages/airflow/example_dags/example_branch_labels.py took 0.092 seconds
[2024-09-12T14:27:25.113+0000] {processor.py:186} INFO - Started process (PID=1178) to work on /home/airflow/.local/lib/python3.12/site-packages/airflow/example_dags/example_branch_labels.py
[2024-09-12T14:27:25.114+0000] {processor.py:914} INFO - Processing file /home/airflow/.local/lib/python3.12/site-packages/airflow/example_dags/example_branch_labels.py for tasks to queue
[2024-09-12T14:27:25.117+0000] {logging_mixin.py:190} INFO - [2024-09-12T14:27:25.117+0000] {dagbag.py:587} INFO - Filling up the DagBag from /home/airflow/.local/lib/python3.12/site-packages/airflow/example_dags/example_branch_labels.py
[2024-09-12T14:27:25.129+0000] {processor.py:925} INFO - DAG(s) 'example_branch_labels' retrieved from /home/airflow/.local/lib/python3.12/site-packages/airflow/example_dags/example_branch_labels.py
[2024-09-12T14:27:25.203+0000] {logging_mixin.py:190} INFO - [2024-09-12T14:27:25.202+0000] {dag.py:3229} INFO - Sync 1 DAGs
[2024-09-12T14:27:25.286+0000] {logging_mixin.py:190} INFO - [2024-09-12T14:27:25.286+0000] {dag.py:4156} INFO - Setting next_dagrun for example_branch_labels to 2024-09-11 00:00:00+00:00, run_after=2024-09-12 00:00:00+00:00
[2024-09-12T14:27:25.309+0000] {processor.py:208} INFO - Processing /home/airflow/.local/lib/python3.12/site-packages/airflow/example_dags/example_branch_labels.py took 0.203 seconds
[2024-09-12T14:27:55.788+0000] {processor.py:186} INFO - Started process (PID=1240) to work on /home/airflow/.local/lib/python3.12/site-packages/airflow/example_dags/example_branch_labels.py
[2024-09-12T14:27:55.789+0000] {processor.py:914} INFO - Processing file /home/airflow/.local/lib/python3.12/site-packages/airflow/example_dags/example_branch_labels.py for tasks to queue
[2024-09-12T14:27:55.792+0000] {logging_mixin.py:190} INFO - [2024-09-12T14:27:55.792+0000] {dagbag.py:587} INFO - Filling up the DagBag from /home/airflow/.local/lib/python3.12/site-packages/airflow/example_dags/example_branch_labels.py
[2024-09-12T14:27:55.805+0000] {processor.py:925} INFO - DAG(s) 'example_branch_labels' retrieved from /home/airflow/.local/lib/python3.12/site-packages/airflow/example_dags/example_branch_labels.py
[2024-09-12T14:27:55.909+0000] {logging_mixin.py:190} INFO - [2024-09-12T14:27:55.908+0000] {dag.py:3229} INFO - Sync 1 DAGs
[2024-09-12T14:27:56.088+0000] {logging_mixin.py:190} INFO - [2024-09-12T14:27:56.087+0000] {dag.py:4156} INFO - Setting next_dagrun for example_branch_labels to 2024-09-11 00:00:00+00:00, run_after=2024-09-12 00:00:00+00:00
[2024-09-12T14:27:56.195+0000] {processor.py:208} INFO - Processing /home/airflow/.local/lib/python3.12/site-packages/airflow/example_dags/example_branch_labels.py took 0.487 seconds
[2024-09-12T14:28:27.592+0000] {processor.py:186} INFO - Started process (PID=1308) to work on /home/airflow/.local/lib/python3.12/site-packages/airflow/example_dags/example_branch_labels.py
[2024-09-12T14:28:27.595+0000] {processor.py:914} INFO - Processing file /home/airflow/.local/lib/python3.12/site-packages/airflow/example_dags/example_branch_labels.py for tasks to queue
[2024-09-12T14:28:27.613+0000] {logging_mixin.py:190} INFO - [2024-09-12T14:28:27.612+0000] {dagbag.py:587} INFO - Filling up the DagBag from /home/airflow/.local/lib/python3.12/site-packages/airflow/example_dags/example_branch_labels.py
[2024-09-12T14:28:27.794+0000] {processor.py:925} INFO - DAG(s) 'example_branch_labels' retrieved from /home/airflow/.local/lib/python3.12/site-packages/airflow/example_dags/example_branch_labels.py
[2024-09-12T14:28:27.906+0000] {logging_mixin.py:190} INFO - [2024-09-12T14:28:27.906+0000] {dag.py:3229} INFO - Sync 1 DAGs
[2024-09-12T14:28:28.004+0000] {logging_mixin.py:190} INFO - [2024-09-12T14:28:28.003+0000] {dag.py:4156} INFO - Setting next_dagrun for example_branch_labels to 2024-09-11 00:00:00+00:00, run_after=2024-09-12 00:00:00+00:00
[2024-09-12T14:28:28.183+0000] {processor.py:208} INFO - Processing /home/airflow/.local/lib/python3.12/site-packages/airflow/example_dags/example_branch_labels.py took 0.599 seconds
[2024-09-12T14:28:59.889+0000] {processor.py:186} INFO - Started process (PID=1370) to work on /home/airflow/.local/lib/python3.12/site-packages/airflow/example_dags/example_branch_labels.py
[2024-09-12T14:28:59.891+0000] {processor.py:914} INFO - Processing file /home/airflow/.local/lib/python3.12/site-packages/airflow/example_dags/example_branch_labels.py for tasks to queue
[2024-09-12T14:28:59.910+0000] {logging_mixin.py:190} INFO - [2024-09-12T14:28:59.909+0000] {dagbag.py:587} INFO - Filling up the DagBag from /home/airflow/.local/lib/python3.12/site-packages/airflow/example_dags/example_branch_labels.py
[2024-09-12T14:28:59.995+0000] {processor.py:925} INFO - DAG(s) 'example_branch_labels' retrieved from /home/airflow/.local/lib/python3.12/site-packages/airflow/example_dags/example_branch_labels.py
[2024-09-12T14:29:00.102+0000] {logging_mixin.py:190} INFO - [2024-09-12T14:29:00.102+0000] {dag.py:3229} INFO - Sync 1 DAGs
[2024-09-12T14:29:00.287+0000] {logging_mixin.py:190} INFO - [2024-09-12T14:29:00.286+0000] {dag.py:4156} INFO - Setting next_dagrun for example_branch_labels to 2024-09-11 00:00:00+00:00, run_after=2024-09-12 00:00:00+00:00
[2024-09-12T14:29:00.389+0000] {processor.py:208} INFO - Processing /home/airflow/.local/lib/python3.12/site-packages/airflow/example_dags/example_branch_labels.py took 0.508 seconds
[2024-09-12T14:29:31.494+0000] {processor.py:186} INFO - Started process (PID=1432) to work on /home/airflow/.local/lib/python3.12/site-packages/airflow/example_dags/example_branch_labels.py
[2024-09-12T14:29:31.501+0000] {processor.py:914} INFO - Processing file /home/airflow/.local/lib/python3.12/site-packages/airflow/example_dags/example_branch_labels.py for tasks to queue
[2024-09-12T14:29:31.513+0000] {logging_mixin.py:190} INFO - [2024-09-12T14:29:31.512+0000] {dagbag.py:587} INFO - Filling up the DagBag from /home/airflow/.local/lib/python3.12/site-packages/airflow/example_dags/example_branch_labels.py
[2024-09-12T14:29:31.691+0000] {processor.py:925} INFO - DAG(s) 'example_branch_labels' retrieved from /home/airflow/.local/lib/python3.12/site-packages/airflow/example_dags/example_branch_labels.py
[2024-09-12T14:29:31.911+0000] {logging_mixin.py:190} INFO - [2024-09-12T14:29:31.910+0000] {dag.py:3229} INFO - Sync 1 DAGs
[2024-09-12T14:29:32.092+0000] {logging_mixin.py:190} INFO - [2024-09-12T14:29:32.092+0000] {dag.py:4156} INFO - Setting next_dagrun for example_branch_labels to 2024-09-11 00:00:00+00:00, run_after=2024-09-12 00:00:00+00:00
[2024-09-12T14:29:32.195+0000] {processor.py:208} INFO - Processing /home/airflow/.local/lib/python3.12/site-packages/airflow/example_dags/example_branch_labels.py took 0.713 seconds
[2024-09-12T14:30:02.800+0000] {processor.py:186} INFO - Started process (PID=1494) to work on /home/airflow/.local/lib/python3.12/site-packages/airflow/example_dags/example_branch_labels.py
[2024-09-12T14:30:02.801+0000] {processor.py:914} INFO - Processing file /home/airflow/.local/lib/python3.12/site-packages/airflow/example_dags/example_branch_labels.py for tasks to queue
[2024-09-12T14:30:02.805+0000] {logging_mixin.py:190} INFO - [2024-09-12T14:30:02.805+0000] {dagbag.py:587} INFO - Filling up the DagBag from /home/airflow/.local/lib/python3.12/site-packages/airflow/example_dags/example_branch_labels.py
[2024-09-12T14:30:02.820+0000] {processor.py:925} INFO - DAG(s) 'example_branch_labels' retrieved from /home/airflow/.local/lib/python3.12/site-packages/airflow/example_dags/example_branch_labels.py
[2024-09-12T14:30:02.853+0000] {logging_mixin.py:190} INFO - [2024-09-12T14:30:02.852+0000] {dag.py:3229} INFO - Sync 1 DAGs
[2024-09-12T14:30:02.906+0000] {logging_mixin.py:190} INFO - [2024-09-12T14:30:02.905+0000] {dag.py:4156} INFO - Setting next_dagrun for example_branch_labels to 2024-09-11 00:00:00+00:00, run_after=2024-09-12 00:00:00+00:00
[2024-09-12T14:30:02.940+0000] {processor.py:208} INFO - Processing /home/airflow/.local/lib/python3.12/site-packages/airflow/example_dags/example_branch_labels.py took 0.150 seconds
[2024-09-12T14:30:33.032+0000] {processor.py:186} INFO - Started process (PID=1556) to work on /home/airflow/.local/lib/python3.12/site-packages/airflow/example_dags/example_branch_labels.py
[2024-09-12T14:30:33.033+0000] {processor.py:914} INFO - Processing file /home/airflow/.local/lib/python3.12/site-packages/airflow/example_dags/example_branch_labels.py for tasks to queue
[2024-09-12T14:30:33.035+0000] {logging_mixin.py:190} INFO - [2024-09-12T14:30:33.035+0000] {dagbag.py:587} INFO - Filling up the DagBag from /home/airflow/.local/lib/python3.12/site-packages/airflow/example_dags/example_branch_labels.py
[2024-09-12T14:30:33.046+0000] {processor.py:925} INFO - DAG(s) 'example_branch_labels' retrieved from /home/airflow/.local/lib/python3.12/site-packages/airflow/example_dags/example_branch_labels.py
[2024-09-12T14:30:33.107+0000] {logging_mixin.py:190} INFO - [2024-09-12T14:30:33.106+0000] {dag.py:3229} INFO - Sync 1 DAGs
[2024-09-12T14:30:33.148+0000] {logging_mixin.py:190} INFO - [2024-09-12T14:30:33.147+0000] {dag.py:4156} INFO - Setting next_dagrun for example_branch_labels to 2024-09-11 00:00:00+00:00, run_after=2024-09-12 00:00:00+00:00
[2024-09-12T14:30:33.198+0000] {processor.py:208} INFO - Processing /home/airflow/.local/lib/python3.12/site-packages/airflow/example_dags/example_branch_labels.py took 0.172 seconds
[2024-09-12T14:31:03.342+0000] {processor.py:186} INFO - Started process (PID=1618) to work on /home/airflow/.local/lib/python3.12/site-packages/airflow/example_dags/example_branch_labels.py
[2024-09-12T14:31:03.343+0000] {processor.py:914} INFO - Processing file /home/airflow/.local/lib/python3.12/site-packages/airflow/example_dags/example_branch_labels.py for tasks to queue
[2024-09-12T14:31:03.345+0000] {logging_mixin.py:190} INFO - [2024-09-12T14:31:03.345+0000] {dagbag.py:587} INFO - Filling up the DagBag from /home/airflow/.local/lib/python3.12/site-packages/airflow/example_dags/example_branch_labels.py
[2024-09-12T14:31:03.357+0000] {processor.py:925} INFO - DAG(s) 'example_branch_labels' retrieved from /home/airflow/.local/lib/python3.12/site-packages/airflow/example_dags/example_branch_labels.py
[2024-09-12T14:31:03.384+0000] {logging_mixin.py:190} INFO - [2024-09-12T14:31:03.384+0000] {dag.py:3229} INFO - Sync 1 DAGs
[2024-09-12T14:31:03.419+0000] {logging_mixin.py:190} INFO - [2024-09-12T14:31:03.419+0000] {dag.py:4156} INFO - Setting next_dagrun for example_branch_labels to 2024-09-11 00:00:00+00:00, run_after=2024-09-12 00:00:00+00:00
[2024-09-12T14:31:03.442+0000] {processor.py:208} INFO - Processing /home/airflow/.local/lib/python3.12/site-packages/airflow/example_dags/example_branch_labels.py took 0.107 seconds
[2024-09-12T14:31:33.580+0000] {processor.py:186} INFO - Started process (PID=1680) to work on /home/airflow/.local/lib/python3.12/site-packages/airflow/example_dags/example_branch_labels.py
[2024-09-12T14:31:33.581+0000] {processor.py:914} INFO - Processing file /home/airflow/.local/lib/python3.12/site-packages/airflow/example_dags/example_branch_labels.py for tasks to queue
[2024-09-12T14:31:33.585+0000] {logging_mixin.py:190} INFO - [2024-09-12T14:31:33.584+0000] {dagbag.py:587} INFO - Filling up the DagBag from /home/airflow/.local/lib/python3.12/site-packages/airflow/example_dags/example_branch_labels.py
[2024-09-12T14:31:33.599+0000] {processor.py:925} INFO - DAG(s) 'example_branch_labels' retrieved from /home/airflow/.local/lib/python3.12/site-packages/airflow/example_dags/example_branch_labels.py
[2024-09-12T14:31:33.629+0000] {logging_mixin.py:190} INFO - [2024-09-12T14:31:33.628+0000] {dag.py:3229} INFO - Sync 1 DAGs
[2024-09-12T14:31:33.661+0000] {logging_mixin.py:190} INFO - [2024-09-12T14:31:33.661+0000] {dag.py:4156} INFO - Setting next_dagrun for example_branch_labels to 2024-09-11 00:00:00+00:00, run_after=2024-09-12 00:00:00+00:00
[2024-09-12T14:31:33.685+0000] {processor.py:208} INFO - Processing /home/airflow/.local/lib/python3.12/site-packages/airflow/example_dags/example_branch_labels.py took 0.113 seconds
[2024-09-12T14:32:03.925+0000] {processor.py:186} INFO - Started process (PID=1742) to work on /home/airflow/.local/lib/python3.12/site-packages/airflow/example_dags/example_branch_labels.py
[2024-09-12T14:32:03.926+0000] {processor.py:914} INFO - Processing file /home/airflow/.local/lib/python3.12/site-packages/airflow/example_dags/example_branch_labels.py for tasks to queue
[2024-09-12T14:32:03.930+0000] {logging_mixin.py:190} INFO - [2024-09-12T14:32:03.929+0000] {dagbag.py:587} INFO - Filling up the DagBag from /home/airflow/.local/lib/python3.12/site-packages/airflow/example_dags/example_branch_labels.py
[2024-09-12T14:32:03.943+0000] {processor.py:925} INFO - DAG(s) 'example_branch_labels' retrieved from /home/airflow/.local/lib/python3.12/site-packages/airflow/example_dags/example_branch_labels.py
[2024-09-12T14:32:03.976+0000] {logging_mixin.py:190} INFO - [2024-09-12T14:32:03.976+0000] {dag.py:3229} INFO - Sync 1 DAGs
[2024-09-12T14:32:04.008+0000] {logging_mixin.py:190} INFO - [2024-09-12T14:32:04.008+0000] {dag.py:4156} INFO - Setting next_dagrun for example_branch_labels to 2024-09-11 00:00:00+00:00, run_after=2024-09-12 00:00:00+00:00
[2024-09-12T14:32:04.032+0000] {processor.py:208} INFO - Processing /home/airflow/.local/lib/python3.12/site-packages/airflow/example_dags/example_branch_labels.py took 0.115 seconds
[2024-09-12T14:32:34.671+0000] {processor.py:186} INFO - Started process (PID=1804) to work on /home/airflow/.local/lib/python3.12/site-packages/airflow/example_dags/example_branch_labels.py
[2024-09-12T14:32:34.673+0000] {processor.py:914} INFO - Processing file /home/airflow/.local/lib/python3.12/site-packages/airflow/example_dags/example_branch_labels.py for tasks to queue
[2024-09-12T14:32:34.675+0000] {logging_mixin.py:190} INFO - [2024-09-12T14:32:34.675+0000] {dagbag.py:587} INFO - Filling up the DagBag from /home/airflow/.local/lib/python3.12/site-packages/airflow/example_dags/example_branch_labels.py
[2024-09-12T14:32:34.685+0000] {processor.py:925} INFO - DAG(s) 'example_branch_labels' retrieved from /home/airflow/.local/lib/python3.12/site-packages/airflow/example_dags/example_branch_labels.py
[2024-09-12T14:32:34.713+0000] {logging_mixin.py:190} INFO - [2024-09-12T14:32:34.712+0000] {dag.py:3229} INFO - Sync 1 DAGs
[2024-09-12T14:32:34.741+0000] {logging_mixin.py:190} INFO - [2024-09-12T14:32:34.741+0000] {dag.py:4156} INFO - Setting next_dagrun for example_branch_labels to 2024-09-11 00:00:00+00:00, run_after=2024-09-12 00:00:00+00:00
[2024-09-12T14:32:34.757+0000] {processor.py:208} INFO - Processing /home/airflow/.local/lib/python3.12/site-packages/airflow/example_dags/example_branch_labels.py took 0.092 seconds
