[2024-09-12T14:00:44.616+0000] {processor.py:186} INFO - Started process (PID=72) to work on /home/airflow/.local/lib/python3.12/site-packages/airflow/example_dags/example_complex.py
[2024-09-12T14:00:44.618+0000] {processor.py:914} INFO - Processing file /home/airflow/.local/lib/python3.12/site-packages/airflow/example_dags/example_complex.py for tasks to queue
[2024-09-12T14:00:44.624+0000] {logging_mixin.py:190} INFO - [2024-09-12T14:00:44.624+0000] {dagbag.py:587} INFO - Filling up the DagBag from /home/airflow/.local/lib/python3.12/site-packages/airflow/example_dags/example_complex.py
[2024-09-12T14:00:44.697+0000] {processor.py:925} INFO - DAG(s) 'example_complex' retrieved from /home/airflow/.local/lib/python3.12/site-packages/airflow/example_dags/example_complex.py
[2024-09-12T14:00:44.991+0000] {logging_mixin.py:190} INFO - [2024-09-12T14:00:44.989+0000] {override.py:1900} INFO - Created Permission View: can read on DAG:example_complex
[2024-09-12T14:00:45.006+0000] {logging_mixin.py:190} INFO - [2024-09-12T14:00:45.006+0000] {override.py:1900} INFO - Created Permission View: can delete on DAG:example_complex
[2024-09-12T14:00:45.015+0000] {logging_mixin.py:190} INFO - [2024-09-12T14:00:45.014+0000] {override.py:1900} INFO - Created Permission View: can edit on DAG:example_complex
[2024-09-12T14:00:45.023+0000] {logging_mixin.py:190} INFO - [2024-09-12T14:00:45.023+0000] {override.py:1900} INFO - Created Permission View: can read on DAG Run:example_complex
[2024-09-12T14:00:45.032+0000] {logging_mixin.py:190} INFO - [2024-09-12T14:00:45.032+0000] {override.py:1900} INFO - Created Permission View: can create on DAG Run:example_complex
[2024-09-12T14:00:45.039+0000] {logging_mixin.py:190} INFO - [2024-09-12T14:00:45.039+0000] {override.py:1900} INFO - Created Permission View: can delete on DAG Run:example_complex
[2024-09-12T14:00:45.091+0000] {logging_mixin.py:190} INFO - [2024-09-12T14:00:45.091+0000] {override.py:1900} INFO - Created Permission View: menu access on DAG Run:example_complex
[2024-09-12T14:00:45.094+0000] {logging_mixin.py:190} INFO - [2024-09-12T14:00:45.093+0000] {dag.py:3229} INFO - Sync 1 DAGs
[2024-09-12T14:00:45.117+0000] {logging_mixin.py:190} INFO - [2024-09-12T14:00:45.117+0000] {dag.py:3252} INFO - Creating ORM DAG for example_complex
[2024-09-12T14:00:45.119+0000] {logging_mixin.py:190} INFO - [2024-09-12T14:00:45.118+0000] {dag.py:4156} INFO - Setting next_dagrun for example_complex to None, run_after=None
[2024-09-12T14:00:45.191+0000] {processor.py:208} INFO - Processing /home/airflow/.local/lib/python3.12/site-packages/airflow/example_dags/example_complex.py took 0.595 seconds
[2024-09-12T14:01:15.835+0000] {processor.py:186} INFO - Started process (PID=134) to work on /home/airflow/.local/lib/python3.12/site-packages/airflow/example_dags/example_complex.py
[2024-09-12T14:01:15.836+0000] {processor.py:914} INFO - Processing file /home/airflow/.local/lib/python3.12/site-packages/airflow/example_dags/example_complex.py for tasks to queue
[2024-09-12T14:01:15.839+0000] {logging_mixin.py:190} INFO - [2024-09-12T14:01:15.838+0000] {dagbag.py:587} INFO - Filling up the DagBag from /home/airflow/.local/lib/python3.12/site-packages/airflow/example_dags/example_complex.py
[2024-09-12T14:01:15.852+0000] {processor.py:925} INFO - DAG(s) 'example_complex' retrieved from /home/airflow/.local/lib/python3.12/site-packages/airflow/example_dags/example_complex.py
[2024-09-12T14:01:15.895+0000] {logging_mixin.py:190} INFO - [2024-09-12T14:01:15.895+0000] {dag.py:3229} INFO - Sync 1 DAGs
[2024-09-12T14:01:15.914+0000] {logging_mixin.py:190} INFO - [2024-09-12T14:01:15.914+0000] {dag.py:4156} INFO - Setting next_dagrun for example_complex to None, run_after=None
[2024-09-12T14:01:15.937+0000] {processor.py:208} INFO - Processing /home/airflow/.local/lib/python3.12/site-packages/airflow/example_dags/example_complex.py took 0.108 seconds
[2024-09-12T14:01:46.333+0000] {processor.py:186} INFO - Started process (PID=196) to work on /home/airflow/.local/lib/python3.12/site-packages/airflow/example_dags/example_complex.py
[2024-09-12T14:01:46.335+0000] {processor.py:914} INFO - Processing file /home/airflow/.local/lib/python3.12/site-packages/airflow/example_dags/example_complex.py for tasks to queue
[2024-09-12T14:01:46.338+0000] {logging_mixin.py:190} INFO - [2024-09-12T14:01:46.337+0000] {dagbag.py:587} INFO - Filling up the DagBag from /home/airflow/.local/lib/python3.12/site-packages/airflow/example_dags/example_complex.py
[2024-09-12T14:01:46.353+0000] {processor.py:925} INFO - DAG(s) 'example_complex' retrieved from /home/airflow/.local/lib/python3.12/site-packages/airflow/example_dags/example_complex.py
[2024-09-12T14:01:46.389+0000] {logging_mixin.py:190} INFO - [2024-09-12T14:01:46.389+0000] {dag.py:3229} INFO - Sync 1 DAGs
[2024-09-12T14:01:46.407+0000] {logging_mixin.py:190} INFO - [2024-09-12T14:01:46.407+0000] {dag.py:4156} INFO - Setting next_dagrun for example_complex to None, run_after=None
[2024-09-12T14:01:46.429+0000] {processor.py:208} INFO - Processing /home/airflow/.local/lib/python3.12/site-packages/airflow/example_dags/example_complex.py took 0.103 seconds
[2024-09-12T14:02:17.010+0000] {processor.py:186} INFO - Started process (PID=258) to work on /home/airflow/.local/lib/python3.12/site-packages/airflow/example_dags/example_complex.py
[2024-09-12T14:02:17.011+0000] {processor.py:914} INFO - Processing file /home/airflow/.local/lib/python3.12/site-packages/airflow/example_dags/example_complex.py for tasks to queue
[2024-09-12T14:02:17.014+0000] {logging_mixin.py:190} INFO - [2024-09-12T14:02:17.014+0000] {dagbag.py:587} INFO - Filling up the DagBag from /home/airflow/.local/lib/python3.12/site-packages/airflow/example_dags/example_complex.py
[2024-09-12T14:02:17.031+0000] {processor.py:925} INFO - DAG(s) 'example_complex' retrieved from /home/airflow/.local/lib/python3.12/site-packages/airflow/example_dags/example_complex.py
[2024-09-12T14:02:17.071+0000] {logging_mixin.py:190} INFO - [2024-09-12T14:02:17.070+0000] {dag.py:3229} INFO - Sync 1 DAGs
[2024-09-12T14:02:17.088+0000] {logging_mixin.py:190} INFO - [2024-09-12T14:02:17.088+0000] {dag.py:4156} INFO - Setting next_dagrun for example_complex to None, run_after=None
[2024-09-12T14:02:17.109+0000] {processor.py:208} INFO - Processing /home/airflow/.local/lib/python3.12/site-packages/airflow/example_dags/example_complex.py took 0.106 seconds
[2024-09-12T14:02:47.216+0000] {processor.py:186} INFO - Started process (PID=320) to work on /home/airflow/.local/lib/python3.12/site-packages/airflow/example_dags/example_complex.py
[2024-09-12T14:02:47.217+0000] {processor.py:914} INFO - Processing file /home/airflow/.local/lib/python3.12/site-packages/airflow/example_dags/example_complex.py for tasks to queue
[2024-09-12T14:02:47.219+0000] {logging_mixin.py:190} INFO - [2024-09-12T14:02:47.219+0000] {dagbag.py:587} INFO - Filling up the DagBag from /home/airflow/.local/lib/python3.12/site-packages/airflow/example_dags/example_complex.py
[2024-09-12T14:02:47.233+0000] {processor.py:925} INFO - DAG(s) 'example_complex' retrieved from /home/airflow/.local/lib/python3.12/site-packages/airflow/example_dags/example_complex.py
[2024-09-12T14:02:47.270+0000] {logging_mixin.py:190} INFO - [2024-09-12T14:02:47.270+0000] {dag.py:3229} INFO - Sync 1 DAGs
[2024-09-12T14:02:47.288+0000] {logging_mixin.py:190} INFO - [2024-09-12T14:02:47.287+0000] {dag.py:4156} INFO - Setting next_dagrun for example_complex to None, run_after=None
[2024-09-12T14:02:47.310+0000] {processor.py:208} INFO - Processing /home/airflow/.local/lib/python3.12/site-packages/airflow/example_dags/example_complex.py took 0.101 seconds
[2024-09-12T14:03:17.824+0000] {processor.py:186} INFO - Started process (PID=382) to work on /home/airflow/.local/lib/python3.12/site-packages/airflow/example_dags/example_complex.py
[2024-09-12T14:03:17.825+0000] {processor.py:914} INFO - Processing file /home/airflow/.local/lib/python3.12/site-packages/airflow/example_dags/example_complex.py for tasks to queue
[2024-09-12T14:03:17.828+0000] {logging_mixin.py:190} INFO - [2024-09-12T14:03:17.827+0000] {dagbag.py:587} INFO - Filling up the DagBag from /home/airflow/.local/lib/python3.12/site-packages/airflow/example_dags/example_complex.py
[2024-09-12T14:03:17.844+0000] {processor.py:925} INFO - DAG(s) 'example_complex' retrieved from /home/airflow/.local/lib/python3.12/site-packages/airflow/example_dags/example_complex.py
[2024-09-12T14:03:17.890+0000] {logging_mixin.py:190} INFO - [2024-09-12T14:03:17.889+0000] {dag.py:3229} INFO - Sync 1 DAGs
[2024-09-12T14:03:17.909+0000] {logging_mixin.py:190} INFO - [2024-09-12T14:03:17.909+0000] {dag.py:4156} INFO - Setting next_dagrun for example_complex to None, run_after=None
[2024-09-12T14:03:17.935+0000] {processor.py:208} INFO - Processing /home/airflow/.local/lib/python3.12/site-packages/airflow/example_dags/example_complex.py took 0.119 seconds
[2024-09-12T14:03:48.772+0000] {processor.py:186} INFO - Started process (PID=444) to work on /home/airflow/.local/lib/python3.12/site-packages/airflow/example_dags/example_complex.py
[2024-09-12T14:03:48.773+0000] {processor.py:914} INFO - Processing file /home/airflow/.local/lib/python3.12/site-packages/airflow/example_dags/example_complex.py for tasks to queue
[2024-09-12T14:03:48.776+0000] {logging_mixin.py:190} INFO - [2024-09-12T14:03:48.775+0000] {dagbag.py:587} INFO - Filling up the DagBag from /home/airflow/.local/lib/python3.12/site-packages/airflow/example_dags/example_complex.py
[2024-09-12T14:03:48.789+0000] {processor.py:925} INFO - DAG(s) 'example_complex' retrieved from /home/airflow/.local/lib/python3.12/site-packages/airflow/example_dags/example_complex.py
[2024-09-12T14:03:48.823+0000] {logging_mixin.py:190} INFO - [2024-09-12T14:03:48.823+0000] {dag.py:3229} INFO - Sync 1 DAGs
[2024-09-12T14:03:48.839+0000] {logging_mixin.py:190} INFO - [2024-09-12T14:03:48.838+0000] {dag.py:4156} INFO - Setting next_dagrun for example_complex to None, run_after=None
[2024-09-12T14:03:48.858+0000] {processor.py:208} INFO - Processing /home/airflow/.local/lib/python3.12/site-packages/airflow/example_dags/example_complex.py took 0.092 seconds
[2024-09-12T14:04:18.940+0000] {processor.py:186} INFO - Started process (PID=506) to work on /home/airflow/.local/lib/python3.12/site-packages/airflow/example_dags/example_complex.py
[2024-09-12T14:04:18.941+0000] {processor.py:914} INFO - Processing file /home/airflow/.local/lib/python3.12/site-packages/airflow/example_dags/example_complex.py for tasks to queue
[2024-09-12T14:04:18.943+0000] {logging_mixin.py:190} INFO - [2024-09-12T14:04:18.943+0000] {dagbag.py:587} INFO - Filling up the DagBag from /home/airflow/.local/lib/python3.12/site-packages/airflow/example_dags/example_complex.py
[2024-09-12T14:04:18.956+0000] {processor.py:925} INFO - DAG(s) 'example_complex' retrieved from /home/airflow/.local/lib/python3.12/site-packages/airflow/example_dags/example_complex.py
[2024-09-12T14:04:18.991+0000] {logging_mixin.py:190} INFO - [2024-09-12T14:04:18.991+0000] {dag.py:3229} INFO - Sync 1 DAGs
[2024-09-12T14:04:19.009+0000] {logging_mixin.py:190} INFO - [2024-09-12T14:04:19.008+0000] {dag.py:4156} INFO - Setting next_dagrun for example_complex to None, run_after=None
[2024-09-12T14:04:19.028+0000] {processor.py:208} INFO - Processing /home/airflow/.local/lib/python3.12/site-packages/airflow/example_dags/example_complex.py took 0.094 seconds
[2024-09-12T14:04:49.860+0000] {processor.py:186} INFO - Started process (PID=568) to work on /home/airflow/.local/lib/python3.12/site-packages/airflow/example_dags/example_complex.py
[2024-09-12T14:04:49.861+0000] {processor.py:914} INFO - Processing file /home/airflow/.local/lib/python3.12/site-packages/airflow/example_dags/example_complex.py for tasks to queue
[2024-09-12T14:04:49.864+0000] {logging_mixin.py:190} INFO - [2024-09-12T14:04:49.863+0000] {dagbag.py:587} INFO - Filling up the DagBag from /home/airflow/.local/lib/python3.12/site-packages/airflow/example_dags/example_complex.py
[2024-09-12T14:04:49.877+0000] {processor.py:925} INFO - DAG(s) 'example_complex' retrieved from /home/airflow/.local/lib/python3.12/site-packages/airflow/example_dags/example_complex.py
[2024-09-12T14:04:49.910+0000] {logging_mixin.py:190} INFO - [2024-09-12T14:04:49.910+0000] {dag.py:3229} INFO - Sync 1 DAGs
[2024-09-12T14:04:49.925+0000] {logging_mixin.py:190} INFO - [2024-09-12T14:04:49.925+0000] {dag.py:4156} INFO - Setting next_dagrun for example_complex to None, run_after=None
[2024-09-12T14:04:49.943+0000] {processor.py:208} INFO - Processing /home/airflow/.local/lib/python3.12/site-packages/airflow/example_dags/example_complex.py took 0.089 seconds
[2024-09-12T14:05:20.588+0000] {processor.py:186} INFO - Started process (PID=630) to work on /home/airflow/.local/lib/python3.12/site-packages/airflow/example_dags/example_complex.py
[2024-09-12T14:05:20.590+0000] {processor.py:914} INFO - Processing file /home/airflow/.local/lib/python3.12/site-packages/airflow/example_dags/example_complex.py for tasks to queue
[2024-09-12T14:05:20.592+0000] {logging_mixin.py:190} INFO - [2024-09-12T14:05:20.591+0000] {dagbag.py:587} INFO - Filling up the DagBag from /home/airflow/.local/lib/python3.12/site-packages/airflow/example_dags/example_complex.py
[2024-09-12T14:05:20.604+0000] {processor.py:925} INFO - DAG(s) 'example_complex' retrieved from /home/airflow/.local/lib/python3.12/site-packages/airflow/example_dags/example_complex.py
[2024-09-12T14:05:20.635+0000] {logging_mixin.py:190} INFO - [2024-09-12T14:05:20.635+0000] {dag.py:3229} INFO - Sync 1 DAGs
[2024-09-12T14:05:20.650+0000] {logging_mixin.py:190} INFO - [2024-09-12T14:05:20.650+0000] {dag.py:4156} INFO - Setting next_dagrun for example_complex to None, run_after=None
[2024-09-12T14:05:20.666+0000] {processor.py:208} INFO - Processing /home/airflow/.local/lib/python3.12/site-packages/airflow/example_dags/example_complex.py took 0.084 seconds
[2024-09-12T14:05:50.860+0000] {processor.py:186} INFO - Started process (PID=692) to work on /home/airflow/.local/lib/python3.12/site-packages/airflow/example_dags/example_complex.py
[2024-09-12T14:05:50.861+0000] {processor.py:914} INFO - Processing file /home/airflow/.local/lib/python3.12/site-packages/airflow/example_dags/example_complex.py for tasks to queue
[2024-09-12T14:05:50.864+0000] {logging_mixin.py:190} INFO - [2024-09-12T14:05:50.863+0000] {dagbag.py:587} INFO - Filling up the DagBag from /home/airflow/.local/lib/python3.12/site-packages/airflow/example_dags/example_complex.py
[2024-09-12T14:05:50.876+0000] {processor.py:925} INFO - DAG(s) 'example_complex' retrieved from /home/airflow/.local/lib/python3.12/site-packages/airflow/example_dags/example_complex.py
[2024-09-12T14:05:50.911+0000] {logging_mixin.py:190} INFO - [2024-09-12T14:05:50.910+0000] {dag.py:3229} INFO - Sync 1 DAGs
[2024-09-12T14:05:50.928+0000] {logging_mixin.py:190} INFO - [2024-09-12T14:05:50.928+0000] {dag.py:4156} INFO - Setting next_dagrun for example_complex to None, run_after=None
[2024-09-12T14:05:50.949+0000] {processor.py:208} INFO - Processing /home/airflow/.local/lib/python3.12/site-packages/airflow/example_dags/example_complex.py took 0.095 seconds
[2024-09-12T14:06:21.116+0000] {processor.py:186} INFO - Started process (PID=754) to work on /home/airflow/.local/lib/python3.12/site-packages/airflow/example_dags/example_complex.py
[2024-09-12T14:06:21.118+0000] {processor.py:914} INFO - Processing file /home/airflow/.local/lib/python3.12/site-packages/airflow/example_dags/example_complex.py for tasks to queue
[2024-09-12T14:06:21.121+0000] {logging_mixin.py:190} INFO - [2024-09-12T14:06:21.120+0000] {dagbag.py:587} INFO - Filling up the DagBag from /home/airflow/.local/lib/python3.12/site-packages/airflow/example_dags/example_complex.py
[2024-09-12T14:06:21.182+0000] {processor.py:925} INFO - DAG(s) 'example_complex' retrieved from /home/airflow/.local/lib/python3.12/site-packages/airflow/example_dags/example_complex.py
[2024-09-12T14:06:21.225+0000] {logging_mixin.py:190} INFO - [2024-09-12T14:06:21.225+0000] {dag.py:3229} INFO - Sync 1 DAGs
[2024-09-12T14:06:21.294+0000] {logging_mixin.py:190} INFO - [2024-09-12T14:06:21.294+0000] {dag.py:4156} INFO - Setting next_dagrun for example_complex to None, run_after=None
[2024-09-12T14:06:21.318+0000] {processor.py:208} INFO - Processing /home/airflow/.local/lib/python3.12/site-packages/airflow/example_dags/example_complex.py took 0.209 seconds
[2024-09-12T14:06:52.350+0000] {processor.py:186} INFO - Started process (PID=816) to work on /home/airflow/.local/lib/python3.12/site-packages/airflow/example_dags/example_complex.py
[2024-09-12T14:06:52.352+0000] {processor.py:914} INFO - Processing file /home/airflow/.local/lib/python3.12/site-packages/airflow/example_dags/example_complex.py for tasks to queue
[2024-09-12T14:06:52.354+0000] {logging_mixin.py:190} INFO - [2024-09-12T14:06:52.354+0000] {dagbag.py:587} INFO - Filling up the DagBag from /home/airflow/.local/lib/python3.12/site-packages/airflow/example_dags/example_complex.py
[2024-09-12T14:06:52.369+0000] {processor.py:925} INFO - DAG(s) 'example_complex' retrieved from /home/airflow/.local/lib/python3.12/site-packages/airflow/example_dags/example_complex.py
[2024-09-12T14:06:52.412+0000] {logging_mixin.py:190} INFO - [2024-09-12T14:06:52.412+0000] {dag.py:3229} INFO - Sync 1 DAGs
[2024-09-12T14:06:52.433+0000] {logging_mixin.py:190} INFO - [2024-09-12T14:06:52.432+0000] {dag.py:4156} INFO - Setting next_dagrun for example_complex to None, run_after=None
[2024-09-12T14:06:52.457+0000] {processor.py:208} INFO - Processing /home/airflow/.local/lib/python3.12/site-packages/airflow/example_dags/example_complex.py took 0.112 seconds
[2024-09-12T14:07:22.545+0000] {processor.py:186} INFO - Started process (PID=878) to work on /home/airflow/.local/lib/python3.12/site-packages/airflow/example_dags/example_complex.py
[2024-09-12T14:07:22.546+0000] {processor.py:914} INFO - Processing file /home/airflow/.local/lib/python3.12/site-packages/airflow/example_dags/example_complex.py for tasks to queue
[2024-09-12T14:07:22.548+0000] {logging_mixin.py:190} INFO - [2024-09-12T14:07:22.548+0000] {dagbag.py:587} INFO - Filling up the DagBag from /home/airflow/.local/lib/python3.12/site-packages/airflow/example_dags/example_complex.py
[2024-09-12T14:07:22.560+0000] {processor.py:925} INFO - DAG(s) 'example_complex' retrieved from /home/airflow/.local/lib/python3.12/site-packages/airflow/example_dags/example_complex.py
[2024-09-12T14:07:22.595+0000] {logging_mixin.py:190} INFO - [2024-09-12T14:07:22.595+0000] {dag.py:3229} INFO - Sync 1 DAGs
[2024-09-12T14:07:22.614+0000] {logging_mixin.py:190} INFO - [2024-09-12T14:07:22.613+0000] {dag.py:4156} INFO - Setting next_dagrun for example_complex to None, run_after=None
[2024-09-12T14:07:22.634+0000] {processor.py:208} INFO - Processing /home/airflow/.local/lib/python3.12/site-packages/airflow/example_dags/example_complex.py took 0.096 seconds
[2024-09-12T14:07:53.160+0000] {processor.py:186} INFO - Started process (PID=940) to work on /home/airflow/.local/lib/python3.12/site-packages/airflow/example_dags/example_complex.py
[2024-09-12T14:07:53.161+0000] {processor.py:914} INFO - Processing file /home/airflow/.local/lib/python3.12/site-packages/airflow/example_dags/example_complex.py for tasks to queue
[2024-09-12T14:07:53.163+0000] {logging_mixin.py:190} INFO - [2024-09-12T14:07:53.163+0000] {dagbag.py:587} INFO - Filling up the DagBag from /home/airflow/.local/lib/python3.12/site-packages/airflow/example_dags/example_complex.py
[2024-09-12T14:07:53.177+0000] {processor.py:925} INFO - DAG(s) 'example_complex' retrieved from /home/airflow/.local/lib/python3.12/site-packages/airflow/example_dags/example_complex.py
[2024-09-12T14:07:53.214+0000] {logging_mixin.py:190} INFO - [2024-09-12T14:07:53.214+0000] {dag.py:3229} INFO - Sync 1 DAGs
[2024-09-12T14:07:53.232+0000] {logging_mixin.py:190} INFO - [2024-09-12T14:07:53.231+0000] {dag.py:4156} INFO - Setting next_dagrun for example_complex to None, run_after=None
[2024-09-12T14:07:53.253+0000] {processor.py:208} INFO - Processing /home/airflow/.local/lib/python3.12/site-packages/airflow/example_dags/example_complex.py took 0.100 seconds
[2024-09-12T14:08:23.437+0000] {processor.py:186} INFO - Started process (PID=1002) to work on /home/airflow/.local/lib/python3.12/site-packages/airflow/example_dags/example_complex.py
[2024-09-12T14:08:23.439+0000] {processor.py:914} INFO - Processing file /home/airflow/.local/lib/python3.12/site-packages/airflow/example_dags/example_complex.py for tasks to queue
[2024-09-12T14:08:23.442+0000] {logging_mixin.py:190} INFO - [2024-09-12T14:08:23.441+0000] {dagbag.py:587} INFO - Filling up the DagBag from /home/airflow/.local/lib/python3.12/site-packages/airflow/example_dags/example_complex.py
[2024-09-12T14:08:23.457+0000] {processor.py:925} INFO - DAG(s) 'example_complex' retrieved from /home/airflow/.local/lib/python3.12/site-packages/airflow/example_dags/example_complex.py
[2024-09-12T14:08:23.508+0000] {logging_mixin.py:190} INFO - [2024-09-12T14:08:23.508+0000] {dag.py:3229} INFO - Sync 1 DAGs
[2024-09-12T14:08:23.534+0000] {logging_mixin.py:190} INFO - [2024-09-12T14:08:23.533+0000] {dag.py:4156} INFO - Setting next_dagrun for example_complex to None, run_after=None
[2024-09-12T14:08:23.558+0000] {processor.py:208} INFO - Processing /home/airflow/.local/lib/python3.12/site-packages/airflow/example_dags/example_complex.py took 0.128 seconds
[2024-09-12T14:08:53.617+0000] {processor.py:186} INFO - Started process (PID=1064) to work on /home/airflow/.local/lib/python3.12/site-packages/airflow/example_dags/example_complex.py
[2024-09-12T14:08:53.618+0000] {processor.py:914} INFO - Processing file /home/airflow/.local/lib/python3.12/site-packages/airflow/example_dags/example_complex.py for tasks to queue
[2024-09-12T14:08:53.620+0000] {logging_mixin.py:190} INFO - [2024-09-12T14:08:53.620+0000] {dagbag.py:587} INFO - Filling up the DagBag from /home/airflow/.local/lib/python3.12/site-packages/airflow/example_dags/example_complex.py
[2024-09-12T14:08:53.632+0000] {processor.py:925} INFO - DAG(s) 'example_complex' retrieved from /home/airflow/.local/lib/python3.12/site-packages/airflow/example_dags/example_complex.py
[2024-09-12T14:08:53.672+0000] {logging_mixin.py:190} INFO - [2024-09-12T14:08:53.671+0000] {dag.py:3229} INFO - Sync 1 DAGs
[2024-09-12T14:08:53.689+0000] {logging_mixin.py:190} INFO - [2024-09-12T14:08:53.689+0000] {dag.py:4156} INFO - Setting next_dagrun for example_complex to None, run_after=None
[2024-09-12T14:08:53.709+0000] {processor.py:208} INFO - Processing /home/airflow/.local/lib/python3.12/site-packages/airflow/example_dags/example_complex.py took 0.098 seconds
[2024-09-12T14:09:23.824+0000] {processor.py:186} INFO - Started process (PID=1126) to work on /home/airflow/.local/lib/python3.12/site-packages/airflow/example_dags/example_complex.py
[2024-09-12T14:09:23.825+0000] {processor.py:914} INFO - Processing file /home/airflow/.local/lib/python3.12/site-packages/airflow/example_dags/example_complex.py for tasks to queue
[2024-09-12T14:09:23.827+0000] {logging_mixin.py:190} INFO - [2024-09-12T14:09:23.827+0000] {dagbag.py:587} INFO - Filling up the DagBag from /home/airflow/.local/lib/python3.12/site-packages/airflow/example_dags/example_complex.py
[2024-09-12T14:09:23.839+0000] {processor.py:925} INFO - DAG(s) 'example_complex' retrieved from /home/airflow/.local/lib/python3.12/site-packages/airflow/example_dags/example_complex.py
[2024-09-12T14:09:23.876+0000] {logging_mixin.py:190} INFO - [2024-09-12T14:09:23.876+0000] {dag.py:3229} INFO - Sync 1 DAGs
[2024-09-12T14:09:23.892+0000] {logging_mixin.py:190} INFO - [2024-09-12T14:09:23.892+0000] {dag.py:4156} INFO - Setting next_dagrun for example_complex to None, run_after=None
[2024-09-12T14:09:23.914+0000] {processor.py:208} INFO - Processing /home/airflow/.local/lib/python3.12/site-packages/airflow/example_dags/example_complex.py took 0.097 seconds
[2024-09-12T14:09:54.366+0000] {processor.py:186} INFO - Started process (PID=1188) to work on /home/airflow/.local/lib/python3.12/site-packages/airflow/example_dags/example_complex.py
[2024-09-12T14:09:54.367+0000] {processor.py:914} INFO - Processing file /home/airflow/.local/lib/python3.12/site-packages/airflow/example_dags/example_complex.py for tasks to queue
[2024-09-12T14:09:54.370+0000] {logging_mixin.py:190} INFO - [2024-09-12T14:09:54.370+0000] {dagbag.py:587} INFO - Filling up the DagBag from /home/airflow/.local/lib/python3.12/site-packages/airflow/example_dags/example_complex.py
[2024-09-12T14:09:54.385+0000] {processor.py:925} INFO - DAG(s) 'example_complex' retrieved from /home/airflow/.local/lib/python3.12/site-packages/airflow/example_dags/example_complex.py
[2024-09-12T14:09:54.419+0000] {logging_mixin.py:190} INFO - [2024-09-12T14:09:54.419+0000] {dag.py:3229} INFO - Sync 1 DAGs
[2024-09-12T14:09:54.435+0000] {logging_mixin.py:190} INFO - [2024-09-12T14:09:54.435+0000] {dag.py:4156} INFO - Setting next_dagrun for example_complex to None, run_after=None
[2024-09-12T14:09:54.452+0000] {processor.py:208} INFO - Processing /home/airflow/.local/lib/python3.12/site-packages/airflow/example_dags/example_complex.py took 0.093 seconds
[2024-09-12T14:10:25.065+0000] {processor.py:186} INFO - Started process (PID=1250) to work on /home/airflow/.local/lib/python3.12/site-packages/airflow/example_dags/example_complex.py
[2024-09-12T14:10:25.066+0000] {processor.py:914} INFO - Processing file /home/airflow/.local/lib/python3.12/site-packages/airflow/example_dags/example_complex.py for tasks to queue
[2024-09-12T14:10:25.069+0000] {logging_mixin.py:190} INFO - [2024-09-12T14:10:25.068+0000] {dagbag.py:587} INFO - Filling up the DagBag from /home/airflow/.local/lib/python3.12/site-packages/airflow/example_dags/example_complex.py
[2024-09-12T14:10:25.083+0000] {processor.py:925} INFO - DAG(s) 'example_complex' retrieved from /home/airflow/.local/lib/python3.12/site-packages/airflow/example_dags/example_complex.py
[2024-09-12T14:10:25.120+0000] {logging_mixin.py:190} INFO - [2024-09-12T14:10:25.120+0000] {dag.py:3229} INFO - Sync 1 DAGs
[2024-09-12T14:10:25.139+0000] {logging_mixin.py:190} INFO - [2024-09-12T14:10:25.138+0000] {dag.py:4156} INFO - Setting next_dagrun for example_complex to None, run_after=None
[2024-09-12T14:10:25.162+0000] {processor.py:208} INFO - Processing /home/airflow/.local/lib/python3.12/site-packages/airflow/example_dags/example_complex.py took 0.105 seconds
[2024-09-12T14:10:55.399+0000] {processor.py:186} INFO - Started process (PID=1312) to work on /home/airflow/.local/lib/python3.12/site-packages/airflow/example_dags/example_complex.py
[2024-09-12T14:10:55.400+0000] {processor.py:914} INFO - Processing file /home/airflow/.local/lib/python3.12/site-packages/airflow/example_dags/example_complex.py for tasks to queue
[2024-09-12T14:10:55.402+0000] {logging_mixin.py:190} INFO - [2024-09-12T14:10:55.402+0000] {dagbag.py:587} INFO - Filling up the DagBag from /home/airflow/.local/lib/python3.12/site-packages/airflow/example_dags/example_complex.py
[2024-09-12T14:10:55.415+0000] {processor.py:925} INFO - DAG(s) 'example_complex' retrieved from /home/airflow/.local/lib/python3.12/site-packages/airflow/example_dags/example_complex.py
[2024-09-12T14:10:55.502+0000] {logging_mixin.py:190} INFO - [2024-09-12T14:10:55.502+0000] {dag.py:3229} INFO - Sync 1 DAGs
[2024-09-12T14:10:55.517+0000] {logging_mixin.py:190} INFO - [2024-09-12T14:10:55.517+0000] {dag.py:4156} INFO - Setting next_dagrun for example_complex to None, run_after=None
[2024-09-12T14:10:55.589+0000] {processor.py:208} INFO - Processing /home/airflow/.local/lib/python3.12/site-packages/airflow/example_dags/example_complex.py took 0.196 seconds
[2024-09-12T14:11:25.674+0000] {processor.py:186} INFO - Started process (PID=1374) to work on /home/airflow/.local/lib/python3.12/site-packages/airflow/example_dags/example_complex.py
[2024-09-12T14:11:25.675+0000] {processor.py:914} INFO - Processing file /home/airflow/.local/lib/python3.12/site-packages/airflow/example_dags/example_complex.py for tasks to queue
[2024-09-12T14:11:25.678+0000] {logging_mixin.py:190} INFO - [2024-09-12T14:11:25.677+0000] {dagbag.py:587} INFO - Filling up the DagBag from /home/airflow/.local/lib/python3.12/site-packages/airflow/example_dags/example_complex.py
[2024-09-12T14:11:25.692+0000] {processor.py:925} INFO - DAG(s) 'example_complex' retrieved from /home/airflow/.local/lib/python3.12/site-packages/airflow/example_dags/example_complex.py
[2024-09-12T14:11:25.731+0000] {logging_mixin.py:190} INFO - [2024-09-12T14:11:25.731+0000] {dag.py:3229} INFO - Sync 1 DAGs
[2024-09-12T14:11:25.750+0000] {logging_mixin.py:190} INFO - [2024-09-12T14:11:25.749+0000] {dag.py:4156} INFO - Setting next_dagrun for example_complex to None, run_after=None
[2024-09-12T14:11:25.769+0000] {processor.py:208} INFO - Processing /home/airflow/.local/lib/python3.12/site-packages/airflow/example_dags/example_complex.py took 0.103 seconds
[2024-09-12T14:11:56.167+0000] {processor.py:186} INFO - Started process (PID=1436) to work on /home/airflow/.local/lib/python3.12/site-packages/airflow/example_dags/example_complex.py
[2024-09-12T14:11:56.168+0000] {processor.py:914} INFO - Processing file /home/airflow/.local/lib/python3.12/site-packages/airflow/example_dags/example_complex.py for tasks to queue
[2024-09-12T14:11:56.170+0000] {logging_mixin.py:190} INFO - [2024-09-12T14:11:56.170+0000] {dagbag.py:587} INFO - Filling up the DagBag from /home/airflow/.local/lib/python3.12/site-packages/airflow/example_dags/example_complex.py
[2024-09-12T14:11:56.182+0000] {processor.py:925} INFO - DAG(s) 'example_complex' retrieved from /home/airflow/.local/lib/python3.12/site-packages/airflow/example_dags/example_complex.py
[2024-09-12T14:11:56.217+0000] {logging_mixin.py:190} INFO - [2024-09-12T14:11:56.216+0000] {dag.py:3229} INFO - Sync 1 DAGs
[2024-09-12T14:11:56.235+0000] {logging_mixin.py:190} INFO - [2024-09-12T14:11:56.234+0000] {dag.py:4156} INFO - Setting next_dagrun for example_complex to None, run_after=None
[2024-09-12T14:11:56.254+0000] {processor.py:208} INFO - Processing /home/airflow/.local/lib/python3.12/site-packages/airflow/example_dags/example_complex.py took 0.094 seconds
[2024-09-12T14:12:26.629+0000] {processor.py:186} INFO - Started process (PID=1498) to work on /home/airflow/.local/lib/python3.12/site-packages/airflow/example_dags/example_complex.py
[2024-09-12T14:12:26.630+0000] {processor.py:914} INFO - Processing file /home/airflow/.local/lib/python3.12/site-packages/airflow/example_dags/example_complex.py for tasks to queue
[2024-09-12T14:12:26.632+0000] {logging_mixin.py:190} INFO - [2024-09-12T14:12:26.632+0000] {dagbag.py:587} INFO - Filling up the DagBag from /home/airflow/.local/lib/python3.12/site-packages/airflow/example_dags/example_complex.py
[2024-09-12T14:12:26.646+0000] {processor.py:925} INFO - DAG(s) 'example_complex' retrieved from /home/airflow/.local/lib/python3.12/site-packages/airflow/example_dags/example_complex.py
[2024-09-12T14:12:26.681+0000] {logging_mixin.py:190} INFO - [2024-09-12T14:12:26.680+0000] {dag.py:3229} INFO - Sync 1 DAGs
[2024-09-12T14:12:26.697+0000] {logging_mixin.py:190} INFO - [2024-09-12T14:12:26.696+0000] {dag.py:4156} INFO - Setting next_dagrun for example_complex to None, run_after=None
[2024-09-12T14:12:26.717+0000] {processor.py:208} INFO - Processing /home/airflow/.local/lib/python3.12/site-packages/airflow/example_dags/example_complex.py took 0.095 seconds
[2024-09-12T14:12:57.381+0000] {processor.py:186} INFO - Started process (PID=1560) to work on /home/airflow/.local/lib/python3.12/site-packages/airflow/example_dags/example_complex.py
[2024-09-12T14:12:57.382+0000] {processor.py:914} INFO - Processing file /home/airflow/.local/lib/python3.12/site-packages/airflow/example_dags/example_complex.py for tasks to queue
[2024-09-12T14:12:57.384+0000] {logging_mixin.py:190} INFO - [2024-09-12T14:12:57.384+0000] {dagbag.py:587} INFO - Filling up the DagBag from /home/airflow/.local/lib/python3.12/site-packages/airflow/example_dags/example_complex.py
[2024-09-12T14:12:57.397+0000] {processor.py:925} INFO - DAG(s) 'example_complex' retrieved from /home/airflow/.local/lib/python3.12/site-packages/airflow/example_dags/example_complex.py
[2024-09-12T14:12:57.432+0000] {logging_mixin.py:190} INFO - [2024-09-12T14:12:57.431+0000] {dag.py:3229} INFO - Sync 1 DAGs
[2024-09-12T14:12:57.447+0000] {logging_mixin.py:190} INFO - [2024-09-12T14:12:57.447+0000] {dag.py:4156} INFO - Setting next_dagrun for example_complex to None, run_after=None
[2024-09-12T14:12:57.465+0000] {processor.py:208} INFO - Processing /home/airflow/.local/lib/python3.12/site-packages/airflow/example_dags/example_complex.py took 0.091 seconds
[2024-09-12T14:13:27.980+0000] {processor.py:186} INFO - Started process (PID=1622) to work on /home/airflow/.local/lib/python3.12/site-packages/airflow/example_dags/example_complex.py
[2024-09-12T14:13:27.981+0000] {processor.py:914} INFO - Processing file /home/airflow/.local/lib/python3.12/site-packages/airflow/example_dags/example_complex.py for tasks to queue
[2024-09-12T14:13:27.983+0000] {logging_mixin.py:190} INFO - [2024-09-12T14:13:27.983+0000] {dagbag.py:587} INFO - Filling up the DagBag from /home/airflow/.local/lib/python3.12/site-packages/airflow/example_dags/example_complex.py
[2024-09-12T14:13:27.996+0000] {processor.py:925} INFO - DAG(s) 'example_complex' retrieved from /home/airflow/.local/lib/python3.12/site-packages/airflow/example_dags/example_complex.py
[2024-09-12T14:13:28.033+0000] {logging_mixin.py:190} INFO - [2024-09-12T14:13:28.033+0000] {dag.py:3229} INFO - Sync 1 DAGs
[2024-09-12T14:13:28.049+0000] {logging_mixin.py:190} INFO - [2024-09-12T14:13:28.049+0000] {dag.py:4156} INFO - Setting next_dagrun for example_complex to None, run_after=None
[2024-09-12T14:13:28.068+0000] {processor.py:208} INFO - Processing /home/airflow/.local/lib/python3.12/site-packages/airflow/example_dags/example_complex.py took 0.095 seconds
[2024-09-12T14:13:58.190+0000] {processor.py:186} INFO - Started process (PID=1684) to work on /home/airflow/.local/lib/python3.12/site-packages/airflow/example_dags/example_complex.py
[2024-09-12T14:13:58.192+0000] {processor.py:914} INFO - Processing file /home/airflow/.local/lib/python3.12/site-packages/airflow/example_dags/example_complex.py for tasks to queue
[2024-09-12T14:13:58.194+0000] {logging_mixin.py:190} INFO - [2024-09-12T14:13:58.194+0000] {dagbag.py:587} INFO - Filling up the DagBag from /home/airflow/.local/lib/python3.12/site-packages/airflow/example_dags/example_complex.py
[2024-09-12T14:13:58.207+0000] {processor.py:925} INFO - DAG(s) 'example_complex' retrieved from /home/airflow/.local/lib/python3.12/site-packages/airflow/example_dags/example_complex.py
[2024-09-12T14:13:58.240+0000] {logging_mixin.py:190} INFO - [2024-09-12T14:13:58.239+0000] {dag.py:3229} INFO - Sync 1 DAGs
[2024-09-12T14:13:58.254+0000] {logging_mixin.py:190} INFO - [2024-09-12T14:13:58.254+0000] {dag.py:4156} INFO - Setting next_dagrun for example_complex to None, run_after=None
[2024-09-12T14:13:58.273+0000] {processor.py:208} INFO - Processing /home/airflow/.local/lib/python3.12/site-packages/airflow/example_dags/example_complex.py took 0.090 seconds
[2024-09-12T14:14:28.727+0000] {processor.py:186} INFO - Started process (PID=1746) to work on /home/airflow/.local/lib/python3.12/site-packages/airflow/example_dags/example_complex.py
[2024-09-12T14:14:28.728+0000] {processor.py:914} INFO - Processing file /home/airflow/.local/lib/python3.12/site-packages/airflow/example_dags/example_complex.py for tasks to queue
[2024-09-12T14:14:28.730+0000] {logging_mixin.py:190} INFO - [2024-09-12T14:14:28.730+0000] {dagbag.py:587} INFO - Filling up the DagBag from /home/airflow/.local/lib/python3.12/site-packages/airflow/example_dags/example_complex.py
[2024-09-12T14:14:28.743+0000] {processor.py:925} INFO - DAG(s) 'example_complex' retrieved from /home/airflow/.local/lib/python3.12/site-packages/airflow/example_dags/example_complex.py
[2024-09-12T14:14:28.775+0000] {logging_mixin.py:190} INFO - [2024-09-12T14:14:28.774+0000] {dag.py:3229} INFO - Sync 1 DAGs
[2024-09-12T14:14:28.790+0000] {logging_mixin.py:190} INFO - [2024-09-12T14:14:28.789+0000] {dag.py:4156} INFO - Setting next_dagrun for example_complex to None, run_after=None
[2024-09-12T14:14:28.807+0000] {processor.py:208} INFO - Processing /home/airflow/.local/lib/python3.12/site-packages/airflow/example_dags/example_complex.py took 0.087 seconds
