[2024-09-12T14:00:52.013+0000] {processor.py:186} INFO - Started process (PID=84) to work on /home/airflow/.local/lib/python3.12/site-packages/airflow/example_dags/example_latest_only_with_trigger.py
[2024-09-12T14:00:52.014+0000] {processor.py:914} INFO - Processing file /home/airflow/.local/lib/python3.12/site-packages/airflow/example_dags/example_latest_only_with_trigger.py for tasks to queue
[2024-09-12T14:00:52.016+0000] {logging_mixin.py:190} INFO - [2024-09-12T14:00:52.016+0000] {dagbag.py:587} INFO - Filling up the DagBag from /home/airflow/.local/lib/python3.12/site-packages/airflow/example_dags/example_latest_only_with_trigger.py
[2024-09-12T14:00:52.026+0000] {processor.py:925} INFO - DAG(s) 'latest_only_with_trigger' retrieved from /home/airflow/.local/lib/python3.12/site-packages/airflow/example_dags/example_latest_only_with_trigger.py
[2024-09-12T14:00:52.383+0000] {logging_mixin.py:190} INFO - [2024-09-12T14:00:52.382+0000] {override.py:1900} INFO - Created Permission View: can read on DAG:latest_only_with_trigger
[2024-09-12T14:00:52.396+0000] {logging_mixin.py:190} INFO - [2024-09-12T14:00:52.396+0000] {override.py:1900} INFO - Created Permission View: can delete on DAG:latest_only_with_trigger
[2024-09-12T14:00:52.484+0000] {logging_mixin.py:190} INFO - [2024-09-12T14:00:52.483+0000] {override.py:1900} INFO - Created Permission View: can edit on DAG:latest_only_with_trigger
[2024-09-12T14:00:52.498+0000] {logging_mixin.py:190} INFO - [2024-09-12T14:00:52.498+0000] {override.py:1900} INFO - Created Permission View: can read on DAG Run:latest_only_with_trigger
[2024-09-12T14:00:52.506+0000] {logging_mixin.py:190} INFO - [2024-09-12T14:00:52.505+0000] {override.py:1900} INFO - Created Permission View: can create on DAG Run:latest_only_with_trigger
[2024-09-12T14:00:52.588+0000] {logging_mixin.py:190} INFO - [2024-09-12T14:00:52.587+0000] {override.py:1900} INFO - Created Permission View: can delete on DAG Run:latest_only_with_trigger
[2024-09-12T14:00:52.594+0000] {logging_mixin.py:190} INFO - [2024-09-12T14:00:52.594+0000] {override.py:1900} INFO - Created Permission View: menu access on DAG Run:latest_only_with_trigger
[2024-09-12T14:00:52.595+0000] {logging_mixin.py:190} INFO - [2024-09-12T14:00:52.595+0000] {dag.py:3229} INFO - Sync 1 DAGs
[2024-09-12T14:00:52.612+0000] {logging_mixin.py:190} INFO - [2024-09-12T14:00:52.611+0000] {dag.py:3252} INFO - Creating ORM DAG for latest_only_with_trigger
[2024-09-12T14:00:52.624+0000] {logging_mixin.py:190} INFO - [2024-09-12T14:00:52.624+0000] {dag.py:4156} INFO - Setting next_dagrun for latest_only_with_trigger to 2024-09-12 08:00:00+00:00, run_after=2024-09-12 12:00:00+00:00
[2024-09-12T14:00:52.686+0000] {processor.py:208} INFO - Processing /home/airflow/.local/lib/python3.12/site-packages/airflow/example_dags/example_latest_only_with_trigger.py took 0.680 seconds
[2024-09-12T14:01:23.452+0000] {processor.py:186} INFO - Started process (PID=146) to work on /home/airflow/.local/lib/python3.12/site-packages/airflow/example_dags/example_latest_only_with_trigger.py
[2024-09-12T14:01:23.453+0000] {processor.py:914} INFO - Processing file /home/airflow/.local/lib/python3.12/site-packages/airflow/example_dags/example_latest_only_with_trigger.py for tasks to queue
[2024-09-12T14:01:23.455+0000] {logging_mixin.py:190} INFO - [2024-09-12T14:01:23.455+0000] {dagbag.py:587} INFO - Filling up the DagBag from /home/airflow/.local/lib/python3.12/site-packages/airflow/example_dags/example_latest_only_with_trigger.py
[2024-09-12T14:01:23.465+0000] {processor.py:925} INFO - DAG(s) 'latest_only_with_trigger' retrieved from /home/airflow/.local/lib/python3.12/site-packages/airflow/example_dags/example_latest_only_with_trigger.py
[2024-09-12T14:01:23.493+0000] {logging_mixin.py:190} INFO - [2024-09-12T14:01:23.493+0000] {dag.py:3229} INFO - Sync 1 DAGs
[2024-09-12T14:01:23.525+0000] {logging_mixin.py:190} INFO - [2024-09-12T14:01:23.525+0000] {dag.py:4156} INFO - Setting next_dagrun for latest_only_with_trigger to 2024-09-12 08:00:00+00:00, run_after=2024-09-12 12:00:00+00:00
[2024-09-12T14:01:23.547+0000] {processor.py:208} INFO - Processing /home/airflow/.local/lib/python3.12/site-packages/airflow/example_dags/example_latest_only_with_trigger.py took 0.103 seconds
[2024-09-12T14:01:53.638+0000] {processor.py:186} INFO - Started process (PID=208) to work on /home/airflow/.local/lib/python3.12/site-packages/airflow/example_dags/example_latest_only_with_trigger.py
[2024-09-12T14:01:53.639+0000] {processor.py:914} INFO - Processing file /home/airflow/.local/lib/python3.12/site-packages/airflow/example_dags/example_latest_only_with_trigger.py for tasks to queue
[2024-09-12T14:01:53.642+0000] {logging_mixin.py:190} INFO - [2024-09-12T14:01:53.641+0000] {dagbag.py:587} INFO - Filling up the DagBag from /home/airflow/.local/lib/python3.12/site-packages/airflow/example_dags/example_latest_only_with_trigger.py
[2024-09-12T14:01:53.650+0000] {processor.py:925} INFO - DAG(s) 'latest_only_with_trigger' retrieved from /home/airflow/.local/lib/python3.12/site-packages/airflow/example_dags/example_latest_only_with_trigger.py
[2024-09-12T14:01:53.676+0000] {logging_mixin.py:190} INFO - [2024-09-12T14:01:53.676+0000] {dag.py:3229} INFO - Sync 1 DAGs
[2024-09-12T14:01:53.709+0000] {logging_mixin.py:190} INFO - [2024-09-12T14:01:53.709+0000] {dag.py:4156} INFO - Setting next_dagrun for latest_only_with_trigger to 2024-09-12 08:00:00+00:00, run_after=2024-09-12 12:00:00+00:00
[2024-09-12T14:01:53.730+0000] {processor.py:208} INFO - Processing /home/airflow/.local/lib/python3.12/site-packages/airflow/example_dags/example_latest_only_with_trigger.py took 0.099 seconds
[2024-09-12T14:02:24.256+0000] {processor.py:186} INFO - Started process (PID=270) to work on /home/airflow/.local/lib/python3.12/site-packages/airflow/example_dags/example_latest_only_with_trigger.py
[2024-09-12T14:02:24.258+0000] {processor.py:914} INFO - Processing file /home/airflow/.local/lib/python3.12/site-packages/airflow/example_dags/example_latest_only_with_trigger.py for tasks to queue
[2024-09-12T14:02:24.260+0000] {logging_mixin.py:190} INFO - [2024-09-12T14:02:24.259+0000] {dagbag.py:587} INFO - Filling up the DagBag from /home/airflow/.local/lib/python3.12/site-packages/airflow/example_dags/example_latest_only_with_trigger.py
[2024-09-12T14:02:24.268+0000] {processor.py:925} INFO - DAG(s) 'latest_only_with_trigger' retrieved from /home/airflow/.local/lib/python3.12/site-packages/airflow/example_dags/example_latest_only_with_trigger.py
[2024-09-12T14:02:24.295+0000] {logging_mixin.py:190} INFO - [2024-09-12T14:02:24.295+0000] {dag.py:3229} INFO - Sync 1 DAGs
[2024-09-12T14:02:24.324+0000] {logging_mixin.py:190} INFO - [2024-09-12T14:02:24.324+0000] {dag.py:4156} INFO - Setting next_dagrun for latest_only_with_trigger to 2024-09-12 08:00:00+00:00, run_after=2024-09-12 12:00:00+00:00
[2024-09-12T14:02:24.436+0000] {processor.py:208} INFO - Processing /home/airflow/.local/lib/python3.12/site-packages/airflow/example_dags/example_latest_only_with_trigger.py took 0.187 seconds
[2024-09-12T14:02:54.817+0000] {processor.py:186} INFO - Started process (PID=332) to work on /home/airflow/.local/lib/python3.12/site-packages/airflow/example_dags/example_latest_only_with_trigger.py
[2024-09-12T14:02:54.818+0000] {processor.py:914} INFO - Processing file /home/airflow/.local/lib/python3.12/site-packages/airflow/example_dags/example_latest_only_with_trigger.py for tasks to queue
[2024-09-12T14:02:54.820+0000] {logging_mixin.py:190} INFO - [2024-09-12T14:02:54.820+0000] {dagbag.py:587} INFO - Filling up the DagBag from /home/airflow/.local/lib/python3.12/site-packages/airflow/example_dags/example_latest_only_with_trigger.py
[2024-09-12T14:02:54.881+0000] {processor.py:925} INFO - DAG(s) 'latest_only_with_trigger' retrieved from /home/airflow/.local/lib/python3.12/site-packages/airflow/example_dags/example_latest_only_with_trigger.py
[2024-09-12T14:02:54.909+0000] {logging_mixin.py:190} INFO - [2024-09-12T14:02:54.908+0000] {dag.py:3229} INFO - Sync 1 DAGs
[2024-09-12T14:02:54.997+0000] {logging_mixin.py:190} INFO - [2024-09-12T14:02:54.996+0000] {dag.py:4156} INFO - Setting next_dagrun for latest_only_with_trigger to 2024-09-12 08:00:00+00:00, run_after=2024-09-12 12:00:00+00:00
[2024-09-12T14:02:55.019+0000] {processor.py:208} INFO - Processing /home/airflow/.local/lib/python3.12/site-packages/airflow/example_dags/example_latest_only_with_trigger.py took 0.209 seconds
[2024-09-12T14:03:25.190+0000] {processor.py:186} INFO - Started process (PID=394) to work on /home/airflow/.local/lib/python3.12/site-packages/airflow/example_dags/example_latest_only_with_trigger.py
[2024-09-12T14:03:25.191+0000] {processor.py:914} INFO - Processing file /home/airflow/.local/lib/python3.12/site-packages/airflow/example_dags/example_latest_only_with_trigger.py for tasks to queue
[2024-09-12T14:03:25.194+0000] {logging_mixin.py:190} INFO - [2024-09-12T14:03:25.193+0000] {dagbag.py:587} INFO - Filling up the DagBag from /home/airflow/.local/lib/python3.12/site-packages/airflow/example_dags/example_latest_only_with_trigger.py
[2024-09-12T14:03:25.204+0000] {processor.py:925} INFO - DAG(s) 'latest_only_with_trigger' retrieved from /home/airflow/.local/lib/python3.12/site-packages/airflow/example_dags/example_latest_only_with_trigger.py
[2024-09-12T14:03:25.230+0000] {logging_mixin.py:190} INFO - [2024-09-12T14:03:25.229+0000] {dag.py:3229} INFO - Sync 1 DAGs
[2024-09-12T14:03:25.257+0000] {logging_mixin.py:190} INFO - [2024-09-12T14:03:25.257+0000] {dag.py:4156} INFO - Setting next_dagrun for latest_only_with_trigger to 2024-09-12 08:00:00+00:00, run_after=2024-09-12 12:00:00+00:00
[2024-09-12T14:03:25.278+0000] {processor.py:208} INFO - Processing /home/airflow/.local/lib/python3.12/site-packages/airflow/example_dags/example_latest_only_with_trigger.py took 0.095 seconds
[2024-09-12T14:03:55.765+0000] {processor.py:186} INFO - Started process (PID=456) to work on /home/airflow/.local/lib/python3.12/site-packages/airflow/example_dags/example_latest_only_with_trigger.py
[2024-09-12T14:03:55.766+0000] {processor.py:914} INFO - Processing file /home/airflow/.local/lib/python3.12/site-packages/airflow/example_dags/example_latest_only_with_trigger.py for tasks to queue
[2024-09-12T14:03:55.769+0000] {logging_mixin.py:190} INFO - [2024-09-12T14:03:55.769+0000] {dagbag.py:587} INFO - Filling up the DagBag from /home/airflow/.local/lib/python3.12/site-packages/airflow/example_dags/example_latest_only_with_trigger.py
[2024-09-12T14:03:55.778+0000] {processor.py:925} INFO - DAG(s) 'latest_only_with_trigger' retrieved from /home/airflow/.local/lib/python3.12/site-packages/airflow/example_dags/example_latest_only_with_trigger.py
[2024-09-12T14:03:55.800+0000] {logging_mixin.py:190} INFO - [2024-09-12T14:03:55.800+0000] {dag.py:3229} INFO - Sync 1 DAGs
[2024-09-12T14:03:55.826+0000] {logging_mixin.py:190} INFO - [2024-09-12T14:03:55.826+0000] {dag.py:4156} INFO - Setting next_dagrun for latest_only_with_trigger to 2024-09-12 08:00:00+00:00, run_after=2024-09-12 12:00:00+00:00
[2024-09-12T14:03:55.844+0000] {processor.py:208} INFO - Processing /home/airflow/.local/lib/python3.12/site-packages/airflow/example_dags/example_latest_only_with_trigger.py took 0.086 seconds
[2024-09-12T14:04:26.237+0000] {processor.py:186} INFO - Started process (PID=518) to work on /home/airflow/.local/lib/python3.12/site-packages/airflow/example_dags/example_latest_only_with_trigger.py
[2024-09-12T14:04:26.238+0000] {processor.py:914} INFO - Processing file /home/airflow/.local/lib/python3.12/site-packages/airflow/example_dags/example_latest_only_with_trigger.py for tasks to queue
[2024-09-12T14:04:26.241+0000] {logging_mixin.py:190} INFO - [2024-09-12T14:04:26.240+0000] {dagbag.py:587} INFO - Filling up the DagBag from /home/airflow/.local/lib/python3.12/site-packages/airflow/example_dags/example_latest_only_with_trigger.py
[2024-09-12T14:04:26.248+0000] {processor.py:925} INFO - DAG(s) 'latest_only_with_trigger' retrieved from /home/airflow/.local/lib/python3.12/site-packages/airflow/example_dags/example_latest_only_with_trigger.py
[2024-09-12T14:04:26.271+0000] {logging_mixin.py:190} INFO - [2024-09-12T14:04:26.271+0000] {dag.py:3229} INFO - Sync 1 DAGs
[2024-09-12T14:04:26.295+0000] {logging_mixin.py:190} INFO - [2024-09-12T14:04:26.295+0000] {dag.py:4156} INFO - Setting next_dagrun for latest_only_with_trigger to 2024-09-12 08:00:00+00:00, run_after=2024-09-12 12:00:00+00:00
[2024-09-12T14:04:26.314+0000] {processor.py:208} INFO - Processing /home/airflow/.local/lib/python3.12/site-packages/airflow/example_dags/example_latest_only_with_trigger.py took 0.083 seconds
[2024-09-12T14:04:56.961+0000] {processor.py:186} INFO - Started process (PID=580) to work on /home/airflow/.local/lib/python3.12/site-packages/airflow/example_dags/example_latest_only_with_trigger.py
[2024-09-12T14:04:56.963+0000] {processor.py:914} INFO - Processing file /home/airflow/.local/lib/python3.12/site-packages/airflow/example_dags/example_latest_only_with_trigger.py for tasks to queue
[2024-09-12T14:04:56.966+0000] {logging_mixin.py:190} INFO - [2024-09-12T14:04:56.965+0000] {dagbag.py:587} INFO - Filling up the DagBag from /home/airflow/.local/lib/python3.12/site-packages/airflow/example_dags/example_latest_only_with_trigger.py
[2024-09-12T14:04:56.983+0000] {processor.py:925} INFO - DAG(s) 'latest_only_with_trigger' retrieved from /home/airflow/.local/lib/python3.12/site-packages/airflow/example_dags/example_latest_only_with_trigger.py
[2024-09-12T14:04:57.007+0000] {logging_mixin.py:190} INFO - [2024-09-12T14:04:57.007+0000] {dag.py:3229} INFO - Sync 1 DAGs
[2024-09-12T14:04:57.034+0000] {logging_mixin.py:190} INFO - [2024-09-12T14:04:57.033+0000] {dag.py:4156} INFO - Setting next_dagrun for latest_only_with_trigger to 2024-09-12 08:00:00+00:00, run_after=2024-09-12 12:00:00+00:00
[2024-09-12T14:04:57.051+0000] {processor.py:208} INFO - Processing /home/airflow/.local/lib/python3.12/site-packages/airflow/example_dags/example_latest_only_with_trigger.py took 0.096 seconds
[2024-09-12T14:05:27.707+0000] {processor.py:186} INFO - Started process (PID=642) to work on /home/airflow/.local/lib/python3.12/site-packages/airflow/example_dags/example_latest_only_with_trigger.py
[2024-09-12T14:05:27.709+0000] {processor.py:914} INFO - Processing file /home/airflow/.local/lib/python3.12/site-packages/airflow/example_dags/example_latest_only_with_trigger.py for tasks to queue
[2024-09-12T14:05:27.711+0000] {logging_mixin.py:190} INFO - [2024-09-12T14:05:27.711+0000] {dagbag.py:587} INFO - Filling up the DagBag from /home/airflow/.local/lib/python3.12/site-packages/airflow/example_dags/example_latest_only_with_trigger.py
[2024-09-12T14:05:27.720+0000] {processor.py:925} INFO - DAG(s) 'latest_only_with_trigger' retrieved from /home/airflow/.local/lib/python3.12/site-packages/airflow/example_dags/example_latest_only_with_trigger.py
[2024-09-12T14:05:27.747+0000] {logging_mixin.py:190} INFO - [2024-09-12T14:05:27.747+0000] {dag.py:3229} INFO - Sync 1 DAGs
[2024-09-12T14:05:27.775+0000] {logging_mixin.py:190} INFO - [2024-09-12T14:05:27.775+0000] {dag.py:4156} INFO - Setting next_dagrun for latest_only_with_trigger to 2024-09-12 08:00:00+00:00, run_after=2024-09-12 12:00:00+00:00
[2024-09-12T14:05:27.796+0000] {processor.py:208} INFO - Processing /home/airflow/.local/lib/python3.12/site-packages/airflow/example_dags/example_latest_only_with_trigger.py took 0.095 seconds
[2024-09-12T14:05:58.096+0000] {processor.py:186} INFO - Started process (PID=704) to work on /home/airflow/.local/lib/python3.12/site-packages/airflow/example_dags/example_latest_only_with_trigger.py
[2024-09-12T14:05:58.098+0000] {processor.py:914} INFO - Processing file /home/airflow/.local/lib/python3.12/site-packages/airflow/example_dags/example_latest_only_with_trigger.py for tasks to queue
[2024-09-12T14:05:58.101+0000] {logging_mixin.py:190} INFO - [2024-09-12T14:05:58.100+0000] {dagbag.py:587} INFO - Filling up the DagBag from /home/airflow/.local/lib/python3.12/site-packages/airflow/example_dags/example_latest_only_with_trigger.py
[2024-09-12T14:05:58.110+0000] {processor.py:925} INFO - DAG(s) 'latest_only_with_trigger' retrieved from /home/airflow/.local/lib/python3.12/site-packages/airflow/example_dags/example_latest_only_with_trigger.py
[2024-09-12T14:05:58.132+0000] {logging_mixin.py:190} INFO - [2024-09-12T14:05:58.132+0000] {dag.py:3229} INFO - Sync 1 DAGs
[2024-09-12T14:05:58.156+0000] {logging_mixin.py:190} INFO - [2024-09-12T14:05:58.156+0000] {dag.py:4156} INFO - Setting next_dagrun for latest_only_with_trigger to 2024-09-12 08:00:00+00:00, run_after=2024-09-12 12:00:00+00:00
[2024-09-12T14:05:58.174+0000] {processor.py:208} INFO - Processing /home/airflow/.local/lib/python3.12/site-packages/airflow/example_dags/example_latest_only_with_trigger.py took 0.085 seconds
[2024-09-12T14:06:28.609+0000] {processor.py:186} INFO - Started process (PID=766) to work on /home/airflow/.local/lib/python3.12/site-packages/airflow/example_dags/example_latest_only_with_trigger.py
[2024-09-12T14:06:28.611+0000] {processor.py:914} INFO - Processing file /home/airflow/.local/lib/python3.12/site-packages/airflow/example_dags/example_latest_only_with_trigger.py for tasks to queue
[2024-09-12T14:06:28.613+0000] {logging_mixin.py:190} INFO - [2024-09-12T14:06:28.612+0000] {dagbag.py:587} INFO - Filling up the DagBag from /home/airflow/.local/lib/python3.12/site-packages/airflow/example_dags/example_latest_only_with_trigger.py
[2024-09-12T14:06:28.620+0000] {processor.py:925} INFO - DAG(s) 'latest_only_with_trigger' retrieved from /home/airflow/.local/lib/python3.12/site-packages/airflow/example_dags/example_latest_only_with_trigger.py
[2024-09-12T14:06:28.644+0000] {logging_mixin.py:190} INFO - [2024-09-12T14:06:28.643+0000] {dag.py:3229} INFO - Sync 1 DAGs
[2024-09-12T14:06:28.689+0000] {logging_mixin.py:190} INFO - [2024-09-12T14:06:28.689+0000] {dag.py:4156} INFO - Setting next_dagrun for latest_only_with_trigger to 2024-09-12 08:00:00+00:00, run_after=2024-09-12 12:00:00+00:00
[2024-09-12T14:06:28.706+0000] {processor.py:208} INFO - Processing /home/airflow/.local/lib/python3.12/site-packages/airflow/example_dags/example_latest_only_with_trigger.py took 0.103 seconds
[2024-09-12T14:06:58.919+0000] {processor.py:186} INFO - Started process (PID=828) to work on /home/airflow/.local/lib/python3.12/site-packages/airflow/example_dags/example_latest_only_with_trigger.py
[2024-09-12T14:06:58.920+0000] {processor.py:914} INFO - Processing file /home/airflow/.local/lib/python3.12/site-packages/airflow/example_dags/example_latest_only_with_trigger.py for tasks to queue
[2024-09-12T14:06:58.923+0000] {logging_mixin.py:190} INFO - [2024-09-12T14:06:58.922+0000] {dagbag.py:587} INFO - Filling up the DagBag from /home/airflow/.local/lib/python3.12/site-packages/airflow/example_dags/example_latest_only_with_trigger.py
[2024-09-12T14:06:58.930+0000] {processor.py:925} INFO - DAG(s) 'latest_only_with_trigger' retrieved from /home/airflow/.local/lib/python3.12/site-packages/airflow/example_dags/example_latest_only_with_trigger.py
[2024-09-12T14:06:58.953+0000] {logging_mixin.py:190} INFO - [2024-09-12T14:06:58.953+0000] {dag.py:3229} INFO - Sync 1 DAGs
[2024-09-12T14:06:58.982+0000] {logging_mixin.py:190} INFO - [2024-09-12T14:06:58.982+0000] {dag.py:4156} INFO - Setting next_dagrun for latest_only_with_trigger to 2024-09-12 08:00:00+00:00, run_after=2024-09-12 12:00:00+00:00
[2024-09-12T14:06:58.999+0000] {processor.py:208} INFO - Processing /home/airflow/.local/lib/python3.12/site-packages/airflow/example_dags/example_latest_only_with_trigger.py took 0.087 seconds
[2024-09-12T14:07:29.989+0000] {processor.py:186} INFO - Started process (PID=890) to work on /home/airflow/.local/lib/python3.12/site-packages/airflow/example_dags/example_latest_only_with_trigger.py
[2024-09-12T14:07:29.990+0000] {processor.py:914} INFO - Processing file /home/airflow/.local/lib/python3.12/site-packages/airflow/example_dags/example_latest_only_with_trigger.py for tasks to queue
[2024-09-12T14:07:29.993+0000] {logging_mixin.py:190} INFO - [2024-09-12T14:07:29.993+0000] {dagbag.py:587} INFO - Filling up the DagBag from /home/airflow/.local/lib/python3.12/site-packages/airflow/example_dags/example_latest_only_with_trigger.py
[2024-09-12T14:07:30.002+0000] {processor.py:925} INFO - DAG(s) 'latest_only_with_trigger' retrieved from /home/airflow/.local/lib/python3.12/site-packages/airflow/example_dags/example_latest_only_with_trigger.py
[2024-09-12T14:07:30.025+0000] {logging_mixin.py:190} INFO - [2024-09-12T14:07:30.025+0000] {dag.py:3229} INFO - Sync 1 DAGs
[2024-09-12T14:07:30.104+0000] {logging_mixin.py:190} INFO - [2024-09-12T14:07:30.104+0000] {dag.py:4156} INFO - Setting next_dagrun for latest_only_with_trigger to 2024-09-12 08:00:00+00:00, run_after=2024-09-12 12:00:00+00:00
[2024-09-12T14:07:30.124+0000] {processor.py:208} INFO - Processing /home/airflow/.local/lib/python3.12/site-packages/airflow/example_dags/example_latest_only_with_trigger.py took 0.142 seconds
[2024-09-12T14:08:00.511+0000] {processor.py:186} INFO - Started process (PID=952) to work on /home/airflow/.local/lib/python3.12/site-packages/airflow/example_dags/example_latest_only_with_trigger.py
[2024-09-12T14:08:00.512+0000] {processor.py:914} INFO - Processing file /home/airflow/.local/lib/python3.12/site-packages/airflow/example_dags/example_latest_only_with_trigger.py for tasks to queue
[2024-09-12T14:08:00.515+0000] {logging_mixin.py:190} INFO - [2024-09-12T14:08:00.514+0000] {dagbag.py:587} INFO - Filling up the DagBag from /home/airflow/.local/lib/python3.12/site-packages/airflow/example_dags/example_latest_only_with_trigger.py
[2024-09-12T14:08:00.524+0000] {processor.py:925} INFO - DAG(s) 'latest_only_with_trigger' retrieved from /home/airflow/.local/lib/python3.12/site-packages/airflow/example_dags/example_latest_only_with_trigger.py
[2024-09-12T14:08:00.549+0000] {logging_mixin.py:190} INFO - [2024-09-12T14:08:00.548+0000] {dag.py:3229} INFO - Sync 1 DAGs
[2024-09-12T14:08:00.595+0000] {logging_mixin.py:190} INFO - [2024-09-12T14:08:00.594+0000] {dag.py:4156} INFO - Setting next_dagrun for latest_only_with_trigger to 2024-09-12 08:00:00+00:00, run_after=2024-09-12 12:00:00+00:00
[2024-09-12T14:08:00.613+0000] {processor.py:208} INFO - Processing /home/airflow/.local/lib/python3.12/site-packages/airflow/example_dags/example_latest_only_with_trigger.py took 0.109 seconds
[2024-09-12T14:08:31.499+0000] {processor.py:186} INFO - Started process (PID=1014) to work on /home/airflow/.local/lib/python3.12/site-packages/airflow/example_dags/example_latest_only_with_trigger.py
[2024-09-12T14:08:31.500+0000] {processor.py:914} INFO - Processing file /home/airflow/.local/lib/python3.12/site-packages/airflow/example_dags/example_latest_only_with_trigger.py for tasks to queue
[2024-09-12T14:08:31.503+0000] {logging_mixin.py:190} INFO - [2024-09-12T14:08:31.502+0000] {dagbag.py:587} INFO - Filling up the DagBag from /home/airflow/.local/lib/python3.12/site-packages/airflow/example_dags/example_latest_only_with_trigger.py
[2024-09-12T14:08:31.511+0000] {processor.py:925} INFO - DAG(s) 'latest_only_with_trigger' retrieved from /home/airflow/.local/lib/python3.12/site-packages/airflow/example_dags/example_latest_only_with_trigger.py
[2024-09-12T14:08:31.531+0000] {logging_mixin.py:190} INFO - [2024-09-12T14:08:31.531+0000] {dag.py:3229} INFO - Sync 1 DAGs
[2024-09-12T14:08:31.584+0000] {logging_mixin.py:190} INFO - [2024-09-12T14:08:31.584+0000] {dag.py:4156} INFO - Setting next_dagrun for latest_only_with_trigger to 2024-09-12 08:00:00+00:00, run_after=2024-09-12 12:00:00+00:00
[2024-09-12T14:08:31.603+0000] {processor.py:208} INFO - Processing /home/airflow/.local/lib/python3.12/site-packages/airflow/example_dags/example_latest_only_with_trigger.py took 0.110 seconds
[2024-09-12T14:09:02.627+0000] {processor.py:186} INFO - Started process (PID=1076) to work on /home/airflow/.local/lib/python3.12/site-packages/airflow/example_dags/example_latest_only_with_trigger.py
[2024-09-12T14:09:02.628+0000] {processor.py:914} INFO - Processing file /home/airflow/.local/lib/python3.12/site-packages/airflow/example_dags/example_latest_only_with_trigger.py for tasks to queue
[2024-09-12T14:09:02.630+0000] {logging_mixin.py:190} INFO - [2024-09-12T14:09:02.630+0000] {dagbag.py:587} INFO - Filling up the DagBag from /home/airflow/.local/lib/python3.12/site-packages/airflow/example_dags/example_latest_only_with_trigger.py
[2024-09-12T14:09:02.638+0000] {processor.py:925} INFO - DAG(s) 'latest_only_with_trigger' retrieved from /home/airflow/.local/lib/python3.12/site-packages/airflow/example_dags/example_latest_only_with_trigger.py
[2024-09-12T14:09:02.662+0000] {logging_mixin.py:190} INFO - [2024-09-12T14:09:02.661+0000] {dag.py:3229} INFO - Sync 1 DAGs
[2024-09-12T14:09:02.688+0000] {logging_mixin.py:190} INFO - [2024-09-12T14:09:02.688+0000] {dag.py:4156} INFO - Setting next_dagrun for latest_only_with_trigger to 2024-09-12 08:00:00+00:00, run_after=2024-09-12 12:00:00+00:00
[2024-09-12T14:09:02.707+0000] {processor.py:208} INFO - Processing /home/airflow/.local/lib/python3.12/site-packages/airflow/example_dags/example_latest_only_with_trigger.py took 0.086 seconds
[2024-09-12T14:09:33.061+0000] {processor.py:186} INFO - Started process (PID=1138) to work on /home/airflow/.local/lib/python3.12/site-packages/airflow/example_dags/example_latest_only_with_trigger.py
[2024-09-12T14:09:33.062+0000] {processor.py:914} INFO - Processing file /home/airflow/.local/lib/python3.12/site-packages/airflow/example_dags/example_latest_only_with_trigger.py for tasks to queue
[2024-09-12T14:09:33.065+0000] {logging_mixin.py:190} INFO - [2024-09-12T14:09:33.064+0000] {dagbag.py:587} INFO - Filling up the DagBag from /home/airflow/.local/lib/python3.12/site-packages/airflow/example_dags/example_latest_only_with_trigger.py
[2024-09-12T14:09:33.072+0000] {processor.py:925} INFO - DAG(s) 'latest_only_with_trigger' retrieved from /home/airflow/.local/lib/python3.12/site-packages/airflow/example_dags/example_latest_only_with_trigger.py
[2024-09-12T14:09:33.095+0000] {logging_mixin.py:190} INFO - [2024-09-12T14:09:33.095+0000] {dag.py:3229} INFO - Sync 1 DAGs
[2024-09-12T14:09:33.120+0000] {logging_mixin.py:190} INFO - [2024-09-12T14:09:33.119+0000] {dag.py:4156} INFO - Setting next_dagrun for latest_only_with_trigger to 2024-09-12 08:00:00+00:00, run_after=2024-09-12 12:00:00+00:00
[2024-09-12T14:09:33.137+0000] {processor.py:208} INFO - Processing /home/airflow/.local/lib/python3.12/site-packages/airflow/example_dags/example_latest_only_with_trigger.py took 0.081 seconds
[2024-09-12T14:10:03.533+0000] {processor.py:186} INFO - Started process (PID=1200) to work on /home/airflow/.local/lib/python3.12/site-packages/airflow/example_dags/example_latest_only_with_trigger.py
[2024-09-12T14:10:03.534+0000] {processor.py:914} INFO - Processing file /home/airflow/.local/lib/python3.12/site-packages/airflow/example_dags/example_latest_only_with_trigger.py for tasks to queue
[2024-09-12T14:10:03.536+0000] {logging_mixin.py:190} INFO - [2024-09-12T14:10:03.536+0000] {dagbag.py:587} INFO - Filling up the DagBag from /home/airflow/.local/lib/python3.12/site-packages/airflow/example_dags/example_latest_only_with_trigger.py
[2024-09-12T14:10:03.544+0000] {processor.py:925} INFO - DAG(s) 'latest_only_with_trigger' retrieved from /home/airflow/.local/lib/python3.12/site-packages/airflow/example_dags/example_latest_only_with_trigger.py
[2024-09-12T14:10:03.569+0000] {logging_mixin.py:190} INFO - [2024-09-12T14:10:03.569+0000] {dag.py:3229} INFO - Sync 1 DAGs
[2024-09-12T14:10:03.601+0000] {logging_mixin.py:190} INFO - [2024-09-12T14:10:03.600+0000] {dag.py:4156} INFO - Setting next_dagrun for latest_only_with_trigger to 2024-09-12 08:00:00+00:00, run_after=2024-09-12 12:00:00+00:00
[2024-09-12T14:10:03.624+0000] {processor.py:208} INFO - Processing /home/airflow/.local/lib/python3.12/site-packages/airflow/example_dags/example_latest_only_with_trigger.py took 0.097 seconds
[2024-09-12T14:10:34.024+0000] {processor.py:186} INFO - Started process (PID=1268) to work on /home/airflow/.local/lib/python3.12/site-packages/airflow/example_dags/example_latest_only_with_trigger.py
[2024-09-12T14:10:34.025+0000] {processor.py:914} INFO - Processing file /home/airflow/.local/lib/python3.12/site-packages/airflow/example_dags/example_latest_only_with_trigger.py for tasks to queue
[2024-09-12T14:10:34.027+0000] {logging_mixin.py:190} INFO - [2024-09-12T14:10:34.027+0000] {dagbag.py:587} INFO - Filling up the DagBag from /home/airflow/.local/lib/python3.12/site-packages/airflow/example_dags/example_latest_only_with_trigger.py
[2024-09-12T14:10:34.034+0000] {processor.py:925} INFO - DAG(s) 'latest_only_with_trigger' retrieved from /home/airflow/.local/lib/python3.12/site-packages/airflow/example_dags/example_latest_only_with_trigger.py
[2024-09-12T14:10:34.056+0000] {logging_mixin.py:190} INFO - [2024-09-12T14:10:34.056+0000] {dag.py:3229} INFO - Sync 1 DAGs
[2024-09-12T14:10:34.079+0000] {logging_mixin.py:190} INFO - [2024-09-12T14:10:34.079+0000] {dag.py:4156} INFO - Setting next_dagrun for latest_only_with_trigger to 2024-09-12 08:00:00+00:00, run_after=2024-09-12 12:00:00+00:00
[2024-09-12T14:10:34.096+0000] {processor.py:208} INFO - Processing /home/airflow/.local/lib/python3.12/site-packages/airflow/example_dags/example_latest_only_with_trigger.py took 0.078 seconds
[2024-09-12T14:11:04.442+0000] {processor.py:186} INFO - Started process (PID=1330) to work on /home/airflow/.local/lib/python3.12/site-packages/airflow/example_dags/example_latest_only_with_trigger.py
[2024-09-12T14:11:04.444+0000] {processor.py:914} INFO - Processing file /home/airflow/.local/lib/python3.12/site-packages/airflow/example_dags/example_latest_only_with_trigger.py for tasks to queue
[2024-09-12T14:11:04.446+0000] {logging_mixin.py:190} INFO - [2024-09-12T14:11:04.446+0000] {dagbag.py:587} INFO - Filling up the DagBag from /home/airflow/.local/lib/python3.12/site-packages/airflow/example_dags/example_latest_only_with_trigger.py
[2024-09-12T14:11:04.454+0000] {processor.py:925} INFO - DAG(s) 'latest_only_with_trigger' retrieved from /home/airflow/.local/lib/python3.12/site-packages/airflow/example_dags/example_latest_only_with_trigger.py
[2024-09-12T14:11:04.483+0000] {logging_mixin.py:190} INFO - [2024-09-12T14:11:04.483+0000] {dag.py:3229} INFO - Sync 1 DAGs
[2024-09-12T14:11:04.513+0000] {logging_mixin.py:190} INFO - [2024-09-12T14:11:04.513+0000] {dag.py:4156} INFO - Setting next_dagrun for latest_only_with_trigger to 2024-09-12 08:00:00+00:00, run_after=2024-09-12 12:00:00+00:00
[2024-09-12T14:11:04.530+0000] {processor.py:208} INFO - Processing /home/airflow/.local/lib/python3.12/site-packages/airflow/example_dags/example_latest_only_with_trigger.py took 0.094 seconds
[2024-09-12T14:11:35.127+0000] {processor.py:186} INFO - Started process (PID=1392) to work on /home/airflow/.local/lib/python3.12/site-packages/airflow/example_dags/example_latest_only_with_trigger.py
[2024-09-12T14:11:35.128+0000] {processor.py:914} INFO - Processing file /home/airflow/.local/lib/python3.12/site-packages/airflow/example_dags/example_latest_only_with_trigger.py for tasks to queue
[2024-09-12T14:11:35.130+0000] {logging_mixin.py:190} INFO - [2024-09-12T14:11:35.130+0000] {dagbag.py:587} INFO - Filling up the DagBag from /home/airflow/.local/lib/python3.12/site-packages/airflow/example_dags/example_latest_only_with_trigger.py
[2024-09-12T14:11:35.138+0000] {processor.py:925} INFO - DAG(s) 'latest_only_with_trigger' retrieved from /home/airflow/.local/lib/python3.12/site-packages/airflow/example_dags/example_latest_only_with_trigger.py
[2024-09-12T14:11:35.161+0000] {logging_mixin.py:190} INFO - [2024-09-12T14:11:35.161+0000] {dag.py:3229} INFO - Sync 1 DAGs
[2024-09-12T14:11:35.187+0000] {logging_mixin.py:190} INFO - [2024-09-12T14:11:35.187+0000] {dag.py:4156} INFO - Setting next_dagrun for latest_only_with_trigger to 2024-09-12 08:00:00+00:00, run_after=2024-09-12 12:00:00+00:00
[2024-09-12T14:11:35.210+0000] {processor.py:208} INFO - Processing /home/airflow/.local/lib/python3.12/site-packages/airflow/example_dags/example_latest_only_with_trigger.py took 0.090 seconds
[2024-09-12T14:12:05.388+0000] {processor.py:186} INFO - Started process (PID=1453) to work on /home/airflow/.local/lib/python3.12/site-packages/airflow/example_dags/example_latest_only_with_trigger.py
[2024-09-12T14:12:05.390+0000] {processor.py:914} INFO - Processing file /home/airflow/.local/lib/python3.12/site-packages/airflow/example_dags/example_latest_only_with_trigger.py for tasks to queue
[2024-09-12T14:12:05.392+0000] {logging_mixin.py:190} INFO - [2024-09-12T14:12:05.392+0000] {dagbag.py:587} INFO - Filling up the DagBag from /home/airflow/.local/lib/python3.12/site-packages/airflow/example_dags/example_latest_only_with_trigger.py
[2024-09-12T14:12:05.403+0000] {processor.py:925} INFO - DAG(s) 'latest_only_with_trigger' retrieved from /home/airflow/.local/lib/python3.12/site-packages/airflow/example_dags/example_latest_only_with_trigger.py
[2024-09-12T14:12:05.504+0000] {logging_mixin.py:190} INFO - [2024-09-12T14:12:05.504+0000] {dag.py:3229} INFO - Sync 1 DAGs
[2024-09-12T14:12:05.600+0000] {logging_mixin.py:190} INFO - [2024-09-12T14:12:05.600+0000] {dag.py:4156} INFO - Setting next_dagrun for latest_only_with_trigger to 2024-09-12 08:00:00+00:00, run_after=2024-09-12 12:00:00+00:00
[2024-09-12T14:12:05.688+0000] {processor.py:208} INFO - Processing /home/airflow/.local/lib/python3.12/site-packages/airflow/example_dags/example_latest_only_with_trigger.py took 0.307 seconds
[2024-09-12T14:12:35.804+0000] {processor.py:186} INFO - Started process (PID=1515) to work on /home/airflow/.local/lib/python3.12/site-packages/airflow/example_dags/example_latest_only_with_trigger.py
[2024-09-12T14:12:35.806+0000] {processor.py:914} INFO - Processing file /home/airflow/.local/lib/python3.12/site-packages/airflow/example_dags/example_latest_only_with_trigger.py for tasks to queue
[2024-09-12T14:12:35.809+0000] {logging_mixin.py:190} INFO - [2024-09-12T14:12:35.808+0000] {dagbag.py:587} INFO - Filling up the DagBag from /home/airflow/.local/lib/python3.12/site-packages/airflow/example_dags/example_latest_only_with_trigger.py
[2024-09-12T14:12:35.819+0000] {processor.py:925} INFO - DAG(s) 'latest_only_with_trigger' retrieved from /home/airflow/.local/lib/python3.12/site-packages/airflow/example_dags/example_latest_only_with_trigger.py
[2024-09-12T14:12:35.852+0000] {logging_mixin.py:190} INFO - [2024-09-12T14:12:35.852+0000] {dag.py:3229} INFO - Sync 1 DAGs
[2024-09-12T14:12:35.906+0000] {logging_mixin.py:190} INFO - [2024-09-12T14:12:35.906+0000] {dag.py:4156} INFO - Setting next_dagrun for latest_only_with_trigger to 2024-09-12 08:00:00+00:00, run_after=2024-09-12 12:00:00+00:00
[2024-09-12T14:12:35.935+0000] {processor.py:208} INFO - Processing /home/airflow/.local/lib/python3.12/site-packages/airflow/example_dags/example_latest_only_with_trigger.py took 0.139 seconds
[2024-09-12T14:13:06.432+0000] {processor.py:186} INFO - Started process (PID=1577) to work on /home/airflow/.local/lib/python3.12/site-packages/airflow/example_dags/example_latest_only_with_trigger.py
[2024-09-12T14:13:06.433+0000] {processor.py:914} INFO - Processing file /home/airflow/.local/lib/python3.12/site-packages/airflow/example_dags/example_latest_only_with_trigger.py for tasks to queue
[2024-09-12T14:13:06.435+0000] {logging_mixin.py:190} INFO - [2024-09-12T14:13:06.435+0000] {dagbag.py:587} INFO - Filling up the DagBag from /home/airflow/.local/lib/python3.12/site-packages/airflow/example_dags/example_latest_only_with_trigger.py
[2024-09-12T14:13:06.444+0000] {processor.py:925} INFO - DAG(s) 'latest_only_with_trigger' retrieved from /home/airflow/.local/lib/python3.12/site-packages/airflow/example_dags/example_latest_only_with_trigger.py
[2024-09-12T14:13:06.465+0000] {logging_mixin.py:190} INFO - [2024-09-12T14:13:06.464+0000] {dag.py:3229} INFO - Sync 1 DAGs
[2024-09-12T14:13:06.491+0000] {logging_mixin.py:190} INFO - [2024-09-12T14:13:06.491+0000] {dag.py:4156} INFO - Setting next_dagrun for latest_only_with_trigger to 2024-09-12 08:00:00+00:00, run_after=2024-09-12 12:00:00+00:00
[2024-09-12T14:13:06.511+0000] {processor.py:208} INFO - Processing /home/airflow/.local/lib/python3.12/site-packages/airflow/example_dags/example_latest_only_with_trigger.py took 0.085 seconds
[2024-09-12T14:13:37.894+0000] {processor.py:186} INFO - Started process (PID=1639) to work on /home/airflow/.local/lib/python3.12/site-packages/airflow/example_dags/example_latest_only_with_trigger.py
[2024-09-12T14:13:37.896+0000] {processor.py:914} INFO - Processing file /home/airflow/.local/lib/python3.12/site-packages/airflow/example_dags/example_latest_only_with_trigger.py for tasks to queue
[2024-09-12T14:13:37.899+0000] {logging_mixin.py:190} INFO - [2024-09-12T14:13:37.898+0000] {dagbag.py:587} INFO - Filling up the DagBag from /home/airflow/.local/lib/python3.12/site-packages/airflow/example_dags/example_latest_only_with_trigger.py
[2024-09-12T14:13:37.910+0000] {processor.py:925} INFO - DAG(s) 'latest_only_with_trigger' retrieved from /home/airflow/.local/lib/python3.12/site-packages/airflow/example_dags/example_latest_only_with_trigger.py
[2024-09-12T14:13:37.939+0000] {logging_mixin.py:190} INFO - [2024-09-12T14:13:37.938+0000] {dag.py:3229} INFO - Sync 1 DAGs
[2024-09-12T14:13:37.968+0000] {logging_mixin.py:190} INFO - [2024-09-12T14:13:37.967+0000] {dag.py:4156} INFO - Setting next_dagrun for latest_only_with_trigger to 2024-09-12 08:00:00+00:00, run_after=2024-09-12 12:00:00+00:00
[2024-09-12T14:13:37.989+0000] {processor.py:208} INFO - Processing /home/airflow/.local/lib/python3.12/site-packages/airflow/example_dags/example_latest_only_with_trigger.py took 0.102 seconds
[2024-09-12T14:14:08.425+0000] {processor.py:186} INFO - Started process (PID=1701) to work on /home/airflow/.local/lib/python3.12/site-packages/airflow/example_dags/example_latest_only_with_trigger.py
[2024-09-12T14:14:08.426+0000] {processor.py:914} INFO - Processing file /home/airflow/.local/lib/python3.12/site-packages/airflow/example_dags/example_latest_only_with_trigger.py for tasks to queue
[2024-09-12T14:14:08.429+0000] {logging_mixin.py:190} INFO - [2024-09-12T14:14:08.428+0000] {dagbag.py:587} INFO - Filling up the DagBag from /home/airflow/.local/lib/python3.12/site-packages/airflow/example_dags/example_latest_only_with_trigger.py
[2024-09-12T14:14:08.437+0000] {processor.py:925} INFO - DAG(s) 'latest_only_with_trigger' retrieved from /home/airflow/.local/lib/python3.12/site-packages/airflow/example_dags/example_latest_only_with_trigger.py
[2024-09-12T14:14:08.460+0000] {logging_mixin.py:190} INFO - [2024-09-12T14:14:08.459+0000] {dag.py:3229} INFO - Sync 1 DAGs
[2024-09-12T14:14:08.484+0000] {logging_mixin.py:190} INFO - [2024-09-12T14:14:08.483+0000] {dag.py:4156} INFO - Setting next_dagrun for latest_only_with_trigger to 2024-09-12 08:00:00+00:00, run_after=2024-09-12 12:00:00+00:00
[2024-09-12T14:14:08.502+0000] {processor.py:208} INFO - Processing /home/airflow/.local/lib/python3.12/site-packages/airflow/example_dags/example_latest_only_with_trigger.py took 0.083 seconds
[2024-09-12T14:14:39.018+0000] {processor.py:186} INFO - Started process (PID=1763) to work on /home/airflow/.local/lib/python3.12/site-packages/airflow/example_dags/example_latest_only_with_trigger.py
[2024-09-12T14:14:39.019+0000] {processor.py:914} INFO - Processing file /home/airflow/.local/lib/python3.12/site-packages/airflow/example_dags/example_latest_only_with_trigger.py for tasks to queue
[2024-09-12T14:14:39.021+0000] {logging_mixin.py:190} INFO - [2024-09-12T14:14:39.021+0000] {dagbag.py:587} INFO - Filling up the DagBag from /home/airflow/.local/lib/python3.12/site-packages/airflow/example_dags/example_latest_only_with_trigger.py
[2024-09-12T14:14:39.029+0000] {processor.py:925} INFO - DAG(s) 'latest_only_with_trigger' retrieved from /home/airflow/.local/lib/python3.12/site-packages/airflow/example_dags/example_latest_only_with_trigger.py
[2024-09-12T14:14:39.052+0000] {logging_mixin.py:190} INFO - [2024-09-12T14:14:39.052+0000] {dag.py:3229} INFO - Sync 1 DAGs
[2024-09-12T14:14:39.078+0000] {logging_mixin.py:190} INFO - [2024-09-12T14:14:39.078+0000] {dag.py:4156} INFO - Setting next_dagrun for latest_only_with_trigger to 2024-09-12 08:00:00+00:00, run_after=2024-09-12 12:00:00+00:00
[2024-09-12T14:14:39.096+0000] {processor.py:208} INFO - Processing /home/airflow/.local/lib/python3.12/site-packages/airflow/example_dags/example_latest_only_with_trigger.py took 0.084 seconds
[2024-09-12T14:15:09.486+0000] {processor.py:186} INFO - Started process (PID=1825) to work on /home/airflow/.local/lib/python3.12/site-packages/airflow/example_dags/example_latest_only_with_trigger.py
[2024-09-12T14:15:09.487+0000] {processor.py:914} INFO - Processing file /home/airflow/.local/lib/python3.12/site-packages/airflow/example_dags/example_latest_only_with_trigger.py for tasks to queue
[2024-09-12T14:15:09.490+0000] {logging_mixin.py:190} INFO - [2024-09-12T14:15:09.490+0000] {dagbag.py:587} INFO - Filling up the DagBag from /home/airflow/.local/lib/python3.12/site-packages/airflow/example_dags/example_latest_only_with_trigger.py
[2024-09-12T14:15:09.499+0000] {processor.py:925} INFO - DAG(s) 'latest_only_with_trigger' retrieved from /home/airflow/.local/lib/python3.12/site-packages/airflow/example_dags/example_latest_only_with_trigger.py
[2024-09-12T14:15:09.525+0000] {logging_mixin.py:190} INFO - [2024-09-12T14:15:09.524+0000] {dag.py:3229} INFO - Sync 1 DAGs
[2024-09-12T14:15:09.552+0000] {logging_mixin.py:190} INFO - [2024-09-12T14:15:09.552+0000] {dag.py:4156} INFO - Setting next_dagrun for latest_only_with_trigger to 2024-09-12 08:00:00+00:00, run_after=2024-09-12 12:00:00+00:00
[2024-09-12T14:15:09.574+0000] {processor.py:208} INFO - Processing /home/airflow/.local/lib/python3.12/site-packages/airflow/example_dags/example_latest_only_with_trigger.py took 0.095 seconds
[2024-09-12T14:18:15.081+0000] {processor.py:186} INFO - Started process (PID=77) to work on /home/airflow/.local/lib/python3.12/site-packages/airflow/example_dags/example_latest_only_with_trigger.py
[2024-09-12T14:18:15.082+0000] {processor.py:914} INFO - Processing file /home/airflow/.local/lib/python3.12/site-packages/airflow/example_dags/example_latest_only_with_trigger.py for tasks to queue
[2024-09-12T14:18:15.084+0000] {logging_mixin.py:190} INFO - [2024-09-12T14:18:15.084+0000] {dagbag.py:587} INFO - Filling up the DagBag from /home/airflow/.local/lib/python3.12/site-packages/airflow/example_dags/example_latest_only_with_trigger.py
[2024-09-12T14:18:15.093+0000] {processor.py:925} INFO - DAG(s) 'latest_only_with_trigger' retrieved from /home/airflow/.local/lib/python3.12/site-packages/airflow/example_dags/example_latest_only_with_trigger.py
[2024-09-12T14:18:15.117+0000] {logging_mixin.py:190} INFO - [2024-09-12T14:18:15.117+0000] {dag.py:3229} INFO - Sync 1 DAGs
[2024-09-12T14:18:15.142+0000] {logging_mixin.py:190} INFO - [2024-09-12T14:18:15.142+0000] {dag.py:4156} INFO - Setting next_dagrun for latest_only_with_trigger to 2024-09-12 08:00:00+00:00, run_after=2024-09-12 12:00:00+00:00
[2024-09-12T14:18:15.163+0000] {processor.py:208} INFO - Processing /home/airflow/.local/lib/python3.12/site-packages/airflow/example_dags/example_latest_only_with_trigger.py took 0.097 seconds
[2024-09-12T14:18:46.332+0000] {processor.py:186} INFO - Started process (PID=139) to work on /home/airflow/.local/lib/python3.12/site-packages/airflow/example_dags/example_latest_only_with_trigger.py
[2024-09-12T14:18:46.333+0000] {processor.py:914} INFO - Processing file /home/airflow/.local/lib/python3.12/site-packages/airflow/example_dags/example_latest_only_with_trigger.py for tasks to queue
[2024-09-12T14:18:46.338+0000] {logging_mixin.py:190} INFO - [2024-09-12T14:18:46.337+0000] {dagbag.py:587} INFO - Filling up the DagBag from /home/airflow/.local/lib/python3.12/site-packages/airflow/example_dags/example_latest_only_with_trigger.py
[2024-09-12T14:18:46.348+0000] {processor.py:925} INFO - DAG(s) 'latest_only_with_trigger' retrieved from /home/airflow/.local/lib/python3.12/site-packages/airflow/example_dags/example_latest_only_with_trigger.py
[2024-09-12T14:18:46.388+0000] {logging_mixin.py:190} INFO - [2024-09-12T14:18:46.388+0000] {dag.py:3229} INFO - Sync 1 DAGs
[2024-09-12T14:18:46.440+0000] {logging_mixin.py:190} INFO - [2024-09-12T14:18:46.440+0000] {dag.py:4156} INFO - Setting next_dagrun for latest_only_with_trigger to 2024-09-12 08:00:00+00:00, run_after=2024-09-12 12:00:00+00:00
[2024-09-12T14:18:46.466+0000] {processor.py:208} INFO - Processing /home/airflow/.local/lib/python3.12/site-packages/airflow/example_dags/example_latest_only_with_trigger.py took 0.154 seconds
[2024-09-12T14:19:17.648+0000] {processor.py:186} INFO - Started process (PID=202) to work on /home/airflow/.local/lib/python3.12/site-packages/airflow/example_dags/example_latest_only_with_trigger.py
[2024-09-12T14:19:17.650+0000] {processor.py:914} INFO - Processing file /home/airflow/.local/lib/python3.12/site-packages/airflow/example_dags/example_latest_only_with_trigger.py for tasks to queue
[2024-09-12T14:19:17.652+0000] {logging_mixin.py:190} INFO - [2024-09-12T14:19:17.652+0000] {dagbag.py:587} INFO - Filling up the DagBag from /home/airflow/.local/lib/python3.12/site-packages/airflow/example_dags/example_latest_only_with_trigger.py
[2024-09-12T14:19:17.661+0000] {processor.py:925} INFO - DAG(s) 'latest_only_with_trigger' retrieved from /home/airflow/.local/lib/python3.12/site-packages/airflow/example_dags/example_latest_only_with_trigger.py
[2024-09-12T14:19:17.701+0000] {logging_mixin.py:190} INFO - [2024-09-12T14:19:17.701+0000] {dag.py:3229} INFO - Sync 1 DAGs
[2024-09-12T14:19:17.731+0000] {logging_mixin.py:190} INFO - [2024-09-12T14:19:17.731+0000] {dag.py:4156} INFO - Setting next_dagrun for latest_only_with_trigger to 2024-09-12 08:00:00+00:00, run_after=2024-09-12 12:00:00+00:00
[2024-09-12T14:19:17.785+0000] {processor.py:208} INFO - Processing /home/airflow/.local/lib/python3.12/site-packages/airflow/example_dags/example_latest_only_with_trigger.py took 0.143 seconds
[2024-09-12T14:19:47.975+0000] {processor.py:186} INFO - Started process (PID=264) to work on /home/airflow/.local/lib/python3.12/site-packages/airflow/example_dags/example_latest_only_with_trigger.py
[2024-09-12T14:19:47.977+0000] {processor.py:914} INFO - Processing file /home/airflow/.local/lib/python3.12/site-packages/airflow/example_dags/example_latest_only_with_trigger.py for tasks to queue
[2024-09-12T14:19:47.979+0000] {logging_mixin.py:190} INFO - [2024-09-12T14:19:47.979+0000] {dagbag.py:587} INFO - Filling up the DagBag from /home/airflow/.local/lib/python3.12/site-packages/airflow/example_dags/example_latest_only_with_trigger.py
[2024-09-12T14:19:47.990+0000] {processor.py:925} INFO - DAG(s) 'latest_only_with_trigger' retrieved from /home/airflow/.local/lib/python3.12/site-packages/airflow/example_dags/example_latest_only_with_trigger.py
[2024-09-12T14:19:48.024+0000] {logging_mixin.py:190} INFO - [2024-09-12T14:19:48.023+0000] {dag.py:3229} INFO - Sync 1 DAGs
[2024-09-12T14:19:48.048+0000] {logging_mixin.py:190} INFO - [2024-09-12T14:19:48.048+0000] {dag.py:4156} INFO - Setting next_dagrun for latest_only_with_trigger to 2024-09-12 08:00:00+00:00, run_after=2024-09-12 12:00:00+00:00
[2024-09-12T14:19:48.065+0000] {processor.py:208} INFO - Processing /home/airflow/.local/lib/python3.12/site-packages/airflow/example_dags/example_latest_only_with_trigger.py took 0.096 seconds
[2024-09-12T14:20:18.559+0000] {processor.py:186} INFO - Started process (PID=326) to work on /home/airflow/.local/lib/python3.12/site-packages/airflow/example_dags/example_latest_only_with_trigger.py
[2024-09-12T14:20:18.560+0000] {processor.py:914} INFO - Processing file /home/airflow/.local/lib/python3.12/site-packages/airflow/example_dags/example_latest_only_with_trigger.py for tasks to queue
[2024-09-12T14:20:18.562+0000] {logging_mixin.py:190} INFO - [2024-09-12T14:20:18.562+0000] {dagbag.py:587} INFO - Filling up the DagBag from /home/airflow/.local/lib/python3.12/site-packages/airflow/example_dags/example_latest_only_with_trigger.py
[2024-09-12T14:20:18.570+0000] {processor.py:925} INFO - DAG(s) 'latest_only_with_trigger' retrieved from /home/airflow/.local/lib/python3.12/site-packages/airflow/example_dags/example_latest_only_with_trigger.py
[2024-09-12T14:20:18.605+0000] {logging_mixin.py:190} INFO - [2024-09-12T14:20:18.605+0000] {dag.py:3229} INFO - Sync 1 DAGs
[2024-09-12T14:20:18.629+0000] {logging_mixin.py:190} INFO - [2024-09-12T14:20:18.629+0000] {dag.py:4156} INFO - Setting next_dagrun for latest_only_with_trigger to 2024-09-12 08:00:00+00:00, run_after=2024-09-12 12:00:00+00:00
[2024-09-12T14:20:18.646+0000] {processor.py:208} INFO - Processing /home/airflow/.local/lib/python3.12/site-packages/airflow/example_dags/example_latest_only_with_trigger.py took 0.093 seconds
[2024-09-12T14:20:49.508+0000] {processor.py:186} INFO - Started process (PID=388) to work on /home/airflow/.local/lib/python3.12/site-packages/airflow/example_dags/example_latest_only_with_trigger.py
[2024-09-12T14:20:49.509+0000] {processor.py:914} INFO - Processing file /home/airflow/.local/lib/python3.12/site-packages/airflow/example_dags/example_latest_only_with_trigger.py for tasks to queue
[2024-09-12T14:20:49.512+0000] {logging_mixin.py:190} INFO - [2024-09-12T14:20:49.511+0000] {dagbag.py:587} INFO - Filling up the DagBag from /home/airflow/.local/lib/python3.12/site-packages/airflow/example_dags/example_latest_only_with_trigger.py
[2024-09-12T14:20:49.522+0000] {processor.py:925} INFO - DAG(s) 'latest_only_with_trigger' retrieved from /home/airflow/.local/lib/python3.12/site-packages/airflow/example_dags/example_latest_only_with_trigger.py
[2024-09-12T14:20:49.550+0000] {logging_mixin.py:190} INFO - [2024-09-12T14:20:49.549+0000] {dag.py:3229} INFO - Sync 1 DAGs
[2024-09-12T14:20:49.579+0000] {logging_mixin.py:190} INFO - [2024-09-12T14:20:49.579+0000] {dag.py:4156} INFO - Setting next_dagrun for latest_only_with_trigger to 2024-09-12 08:00:00+00:00, run_after=2024-09-12 12:00:00+00:00
[2024-09-12T14:20:49.603+0000] {processor.py:208} INFO - Processing /home/airflow/.local/lib/python3.12/site-packages/airflow/example_dags/example_latest_only_with_trigger.py took 0.102 seconds
[2024-09-12T14:21:21.296+0000] {processor.py:186} INFO - Started process (PID=450) to work on /home/airflow/.local/lib/python3.12/site-packages/airflow/example_dags/example_latest_only_with_trigger.py
[2024-09-12T14:21:21.297+0000] {processor.py:914} INFO - Processing file /home/airflow/.local/lib/python3.12/site-packages/airflow/example_dags/example_latest_only_with_trigger.py for tasks to queue
[2024-09-12T14:21:21.300+0000] {logging_mixin.py:190} INFO - [2024-09-12T14:21:21.300+0000] {dagbag.py:587} INFO - Filling up the DagBag from /home/airflow/.local/lib/python3.12/site-packages/airflow/example_dags/example_latest_only_with_trigger.py
[2024-09-12T14:21:21.386+0000] {processor.py:925} INFO - DAG(s) 'latest_only_with_trigger' retrieved from /home/airflow/.local/lib/python3.12/site-packages/airflow/example_dags/example_latest_only_with_trigger.py
[2024-09-12T14:21:21.482+0000] {logging_mixin.py:190} INFO - [2024-09-12T14:21:21.481+0000] {dag.py:3229} INFO - Sync 1 DAGs
[2024-09-12T14:21:21.594+0000] {logging_mixin.py:190} INFO - [2024-09-12T14:21:21.594+0000] {dag.py:4156} INFO - Setting next_dagrun for latest_only_with_trigger to 2024-09-12 08:00:00+00:00, run_after=2024-09-12 12:00:00+00:00
[2024-09-12T14:21:21.694+0000] {processor.py:208} INFO - Processing /home/airflow/.local/lib/python3.12/site-packages/airflow/example_dags/example_latest_only_with_trigger.py took 0.406 seconds
[2024-09-12T14:21:51.924+0000] {processor.py:186} INFO - Started process (PID=512) to work on /home/airflow/.local/lib/python3.12/site-packages/airflow/example_dags/example_latest_only_with_trigger.py
[2024-09-12T14:21:51.926+0000] {processor.py:914} INFO - Processing file /home/airflow/.local/lib/python3.12/site-packages/airflow/example_dags/example_latest_only_with_trigger.py for tasks to queue
[2024-09-12T14:21:51.929+0000] {logging_mixin.py:190} INFO - [2024-09-12T14:21:51.928+0000] {dagbag.py:587} INFO - Filling up the DagBag from /home/airflow/.local/lib/python3.12/site-packages/airflow/example_dags/example_latest_only_with_trigger.py
[2024-09-12T14:21:51.939+0000] {processor.py:925} INFO - DAG(s) 'latest_only_with_trigger' retrieved from /home/airflow/.local/lib/python3.12/site-packages/airflow/example_dags/example_latest_only_with_trigger.py
[2024-09-12T14:21:51.966+0000] {logging_mixin.py:190} INFO - [2024-09-12T14:21:51.966+0000] {dag.py:3229} INFO - Sync 1 DAGs
[2024-09-12T14:21:51.992+0000] {logging_mixin.py:190} INFO - [2024-09-12T14:21:51.992+0000] {dag.py:4156} INFO - Setting next_dagrun for latest_only_with_trigger to 2024-09-12 08:00:00+00:00, run_after=2024-09-12 12:00:00+00:00
[2024-09-12T14:21:52.015+0000] {processor.py:208} INFO - Processing /home/airflow/.local/lib/python3.12/site-packages/airflow/example_dags/example_latest_only_with_trigger.py took 0.098 seconds
[2024-09-12T14:22:22.751+0000] {processor.py:186} INFO - Started process (PID=574) to work on /home/airflow/.local/lib/python3.12/site-packages/airflow/example_dags/example_latest_only_with_trigger.py
[2024-09-12T14:22:22.752+0000] {processor.py:914} INFO - Processing file /home/airflow/.local/lib/python3.12/site-packages/airflow/example_dags/example_latest_only_with_trigger.py for tasks to queue
[2024-09-12T14:22:22.755+0000] {logging_mixin.py:190} INFO - [2024-09-12T14:22:22.754+0000] {dagbag.py:587} INFO - Filling up the DagBag from /home/airflow/.local/lib/python3.12/site-packages/airflow/example_dags/example_latest_only_with_trigger.py
[2024-09-12T14:22:22.763+0000] {processor.py:925} INFO - DAG(s) 'latest_only_with_trigger' retrieved from /home/airflow/.local/lib/python3.12/site-packages/airflow/example_dags/example_latest_only_with_trigger.py
[2024-09-12T14:22:22.789+0000] {logging_mixin.py:190} INFO - [2024-09-12T14:22:22.788+0000] {dag.py:3229} INFO - Sync 1 DAGs
[2024-09-12T14:22:22.817+0000] {logging_mixin.py:190} INFO - [2024-09-12T14:22:22.817+0000] {dag.py:4156} INFO - Setting next_dagrun for latest_only_with_trigger to 2024-09-12 08:00:00+00:00, run_after=2024-09-12 12:00:00+00:00
[2024-09-12T14:22:22.838+0000] {processor.py:208} INFO - Processing /home/airflow/.local/lib/python3.12/site-packages/airflow/example_dags/example_latest_only_with_trigger.py took 0.094 seconds
[2024-09-12T14:22:53.554+0000] {processor.py:186} INFO - Started process (PID=636) to work on /home/airflow/.local/lib/python3.12/site-packages/airflow/example_dags/example_latest_only_with_trigger.py
[2024-09-12T14:22:53.555+0000] {processor.py:914} INFO - Processing file /home/airflow/.local/lib/python3.12/site-packages/airflow/example_dags/example_latest_only_with_trigger.py for tasks to queue
[2024-09-12T14:22:53.559+0000] {logging_mixin.py:190} INFO - [2024-09-12T14:22:53.558+0000] {dagbag.py:587} INFO - Filling up the DagBag from /home/airflow/.local/lib/python3.12/site-packages/airflow/example_dags/example_latest_only_with_trigger.py
[2024-09-12T14:22:53.568+0000] {processor.py:925} INFO - DAG(s) 'latest_only_with_trigger' retrieved from /home/airflow/.local/lib/python3.12/site-packages/airflow/example_dags/example_latest_only_with_trigger.py
[2024-09-12T14:22:53.595+0000] {logging_mixin.py:190} INFO - [2024-09-12T14:22:53.595+0000] {dag.py:3229} INFO - Sync 1 DAGs
[2024-09-12T14:22:53.623+0000] {logging_mixin.py:190} INFO - [2024-09-12T14:22:53.623+0000] {dag.py:4156} INFO - Setting next_dagrun for latest_only_with_trigger to 2024-09-12 08:00:00+00:00, run_after=2024-09-12 12:00:00+00:00
[2024-09-12T14:22:53.645+0000] {processor.py:208} INFO - Processing /home/airflow/.local/lib/python3.12/site-packages/airflow/example_dags/example_latest_only_with_trigger.py took 0.098 seconds
[2024-09-12T14:23:23.838+0000] {processor.py:186} INFO - Started process (PID=698) to work on /home/airflow/.local/lib/python3.12/site-packages/airflow/example_dags/example_latest_only_with_trigger.py
[2024-09-12T14:23:23.839+0000] {processor.py:914} INFO - Processing file /home/airflow/.local/lib/python3.12/site-packages/airflow/example_dags/example_latest_only_with_trigger.py for tasks to queue
[2024-09-12T14:23:23.841+0000] {logging_mixin.py:190} INFO - [2024-09-12T14:23:23.841+0000] {dagbag.py:587} INFO - Filling up the DagBag from /home/airflow/.local/lib/python3.12/site-packages/airflow/example_dags/example_latest_only_with_trigger.py
[2024-09-12T14:23:23.850+0000] {processor.py:925} INFO - DAG(s) 'latest_only_with_trigger' retrieved from /home/airflow/.local/lib/python3.12/site-packages/airflow/example_dags/example_latest_only_with_trigger.py
[2024-09-12T14:23:23.879+0000] {logging_mixin.py:190} INFO - [2024-09-12T14:23:23.879+0000] {dag.py:3229} INFO - Sync 1 DAGs
[2024-09-12T14:23:23.913+0000] {logging_mixin.py:190} INFO - [2024-09-12T14:23:23.913+0000] {dag.py:4156} INFO - Setting next_dagrun for latest_only_with_trigger to 2024-09-12 08:00:00+00:00, run_after=2024-09-12 12:00:00+00:00
[2024-09-12T14:23:23.934+0000] {processor.py:208} INFO - Processing /home/airflow/.local/lib/python3.12/site-packages/airflow/example_dags/example_latest_only_with_trigger.py took 0.105 seconds
[2024-09-12T14:23:54.881+0000] {processor.py:186} INFO - Started process (PID=766) to work on /home/airflow/.local/lib/python3.12/site-packages/airflow/example_dags/example_latest_only_with_trigger.py
[2024-09-12T14:23:54.883+0000] {processor.py:914} INFO - Processing file /home/airflow/.local/lib/python3.12/site-packages/airflow/example_dags/example_latest_only_with_trigger.py for tasks to queue
[2024-09-12T14:23:54.885+0000] {logging_mixin.py:190} INFO - [2024-09-12T14:23:54.885+0000] {dagbag.py:587} INFO - Filling up the DagBag from /home/airflow/.local/lib/python3.12/site-packages/airflow/example_dags/example_latest_only_with_trigger.py
[2024-09-12T14:23:54.895+0000] {processor.py:925} INFO - DAG(s) 'latest_only_with_trigger' retrieved from /home/airflow/.local/lib/python3.12/site-packages/airflow/example_dags/example_latest_only_with_trigger.py
[2024-09-12T14:23:54.919+0000] {logging_mixin.py:190} INFO - [2024-09-12T14:23:54.919+0000] {dag.py:3229} INFO - Sync 1 DAGs
[2024-09-12T14:23:54.946+0000] {logging_mixin.py:190} INFO - [2024-09-12T14:23:54.946+0000] {dag.py:4156} INFO - Setting next_dagrun for latest_only_with_trigger to 2024-09-12 08:00:00+00:00, run_after=2024-09-12 12:00:00+00:00
[2024-09-12T14:23:54.970+0000] {processor.py:208} INFO - Processing /home/airflow/.local/lib/python3.12/site-packages/airflow/example_dags/example_latest_only_with_trigger.py took 0.149 seconds
[2024-09-12T14:24:25.208+0000] {processor.py:186} INFO - Started process (PID=828) to work on /home/airflow/.local/lib/python3.12/site-packages/airflow/example_dags/example_latest_only_with_trigger.py
[2024-09-12T14:24:25.209+0000] {processor.py:914} INFO - Processing file /home/airflow/.local/lib/python3.12/site-packages/airflow/example_dags/example_latest_only_with_trigger.py for tasks to queue
[2024-09-12T14:24:25.212+0000] {logging_mixin.py:190} INFO - [2024-09-12T14:24:25.212+0000] {dagbag.py:587} INFO - Filling up the DagBag from /home/airflow/.local/lib/python3.12/site-packages/airflow/example_dags/example_latest_only_with_trigger.py
[2024-09-12T14:24:25.221+0000] {processor.py:925} INFO - DAG(s) 'latest_only_with_trigger' retrieved from /home/airflow/.local/lib/python3.12/site-packages/airflow/example_dags/example_latest_only_with_trigger.py
[2024-09-12T14:24:25.251+0000] {logging_mixin.py:190} INFO - [2024-09-12T14:24:25.250+0000] {dag.py:3229} INFO - Sync 1 DAGs
[2024-09-12T14:24:25.281+0000] {logging_mixin.py:190} INFO - [2024-09-12T14:24:25.281+0000] {dag.py:4156} INFO - Setting next_dagrun for latest_only_with_trigger to 2024-09-12 08:00:00+00:00, run_after=2024-09-12 12:00:00+00:00
[2024-09-12T14:24:25.311+0000] {processor.py:208} INFO - Processing /home/airflow/.local/lib/python3.12/site-packages/airflow/example_dags/example_latest_only_with_trigger.py took 0.110 seconds
[2024-09-12T14:24:55.836+0000] {processor.py:186} INFO - Started process (PID=890) to work on /home/airflow/.local/lib/python3.12/site-packages/airflow/example_dags/example_latest_only_with_trigger.py
[2024-09-12T14:24:55.838+0000] {processor.py:914} INFO - Processing file /home/airflow/.local/lib/python3.12/site-packages/airflow/example_dags/example_latest_only_with_trigger.py for tasks to queue
[2024-09-12T14:24:55.840+0000] {logging_mixin.py:190} INFO - [2024-09-12T14:24:55.840+0000] {dagbag.py:587} INFO - Filling up the DagBag from /home/airflow/.local/lib/python3.12/site-packages/airflow/example_dags/example_latest_only_with_trigger.py
[2024-09-12T14:24:55.851+0000] {processor.py:925} INFO - DAG(s) 'latest_only_with_trigger' retrieved from /home/airflow/.local/lib/python3.12/site-packages/airflow/example_dags/example_latest_only_with_trigger.py
[2024-09-12T14:24:55.893+0000] {logging_mixin.py:190} INFO - [2024-09-12T14:24:55.893+0000] {dag.py:3229} INFO - Sync 1 DAGs
[2024-09-12T14:24:55.924+0000] {logging_mixin.py:190} INFO - [2024-09-12T14:24:55.924+0000] {dag.py:4156} INFO - Setting next_dagrun for latest_only_with_trigger to 2024-09-12 08:00:00+00:00, run_after=2024-09-12 12:00:00+00:00
[2024-09-12T14:24:55.943+0000] {processor.py:208} INFO - Processing /home/airflow/.local/lib/python3.12/site-packages/airflow/example_dags/example_latest_only_with_trigger.py took 0.114 seconds
[2024-09-12T14:25:26.595+0000] {processor.py:186} INFO - Started process (PID=952) to work on /home/airflow/.local/lib/python3.12/site-packages/airflow/example_dags/example_latest_only_with_trigger.py
[2024-09-12T14:25:26.597+0000] {processor.py:914} INFO - Processing file /home/airflow/.local/lib/python3.12/site-packages/airflow/example_dags/example_latest_only_with_trigger.py for tasks to queue
[2024-09-12T14:25:26.600+0000] {logging_mixin.py:190} INFO - [2024-09-12T14:25:26.599+0000] {dagbag.py:587} INFO - Filling up the DagBag from /home/airflow/.local/lib/python3.12/site-packages/airflow/example_dags/example_latest_only_with_trigger.py
[2024-09-12T14:25:26.610+0000] {processor.py:925} INFO - DAG(s) 'latest_only_with_trigger' retrieved from /home/airflow/.local/lib/python3.12/site-packages/airflow/example_dags/example_latest_only_with_trigger.py
[2024-09-12T14:25:26.681+0000] {logging_mixin.py:190} INFO - [2024-09-12T14:25:26.681+0000] {dag.py:3229} INFO - Sync 1 DAGs
[2024-09-12T14:25:26.708+0000] {logging_mixin.py:190} INFO - [2024-09-12T14:25:26.707+0000] {dag.py:4156} INFO - Setting next_dagrun for latest_only_with_trigger to 2024-09-12 08:00:00+00:00, run_after=2024-09-12 12:00:00+00:00
[2024-09-12T14:25:26.723+0000] {processor.py:208} INFO - Processing /home/airflow/.local/lib/python3.12/site-packages/airflow/example_dags/example_latest_only_with_trigger.py took 0.135 seconds
[2024-09-12T14:25:57.180+0000] {processor.py:186} INFO - Started process (PID=1014) to work on /home/airflow/.local/lib/python3.12/site-packages/airflow/example_dags/example_latest_only_with_trigger.py
[2024-09-12T14:25:57.182+0000] {processor.py:914} INFO - Processing file /home/airflow/.local/lib/python3.12/site-packages/airflow/example_dags/example_latest_only_with_trigger.py for tasks to queue
[2024-09-12T14:25:57.184+0000] {logging_mixin.py:190} INFO - [2024-09-12T14:25:57.184+0000] {dagbag.py:587} INFO - Filling up the DagBag from /home/airflow/.local/lib/python3.12/site-packages/airflow/example_dags/example_latest_only_with_trigger.py
[2024-09-12T14:25:57.193+0000] {processor.py:925} INFO - DAG(s) 'latest_only_with_trigger' retrieved from /home/airflow/.local/lib/python3.12/site-packages/airflow/example_dags/example_latest_only_with_trigger.py
[2024-09-12T14:25:57.216+0000] {logging_mixin.py:190} INFO - [2024-09-12T14:25:57.216+0000] {dag.py:3229} INFO - Sync 1 DAGs
[2024-09-12T14:25:57.283+0000] {logging_mixin.py:190} INFO - [2024-09-12T14:25:57.282+0000] {dag.py:4156} INFO - Setting next_dagrun for latest_only_with_trigger to 2024-09-12 08:00:00+00:00, run_after=2024-09-12 12:00:00+00:00
[2024-09-12T14:25:57.303+0000] {processor.py:208} INFO - Processing /home/airflow/.local/lib/python3.12/site-packages/airflow/example_dags/example_latest_only_with_trigger.py took 0.165 seconds
[2024-09-12T14:26:27.411+0000] {processor.py:186} INFO - Started process (PID=1076) to work on /home/airflow/.local/lib/python3.12/site-packages/airflow/example_dags/example_latest_only_with_trigger.py
[2024-09-12T14:26:27.412+0000] {processor.py:914} INFO - Processing file /home/airflow/.local/lib/python3.12/site-packages/airflow/example_dags/example_latest_only_with_trigger.py for tasks to queue
[2024-09-12T14:26:27.415+0000] {logging_mixin.py:190} INFO - [2024-09-12T14:26:27.415+0000] {dagbag.py:587} INFO - Filling up the DagBag from /home/airflow/.local/lib/python3.12/site-packages/airflow/example_dags/example_latest_only_with_trigger.py
[2024-09-12T14:26:27.425+0000] {processor.py:925} INFO - DAG(s) 'latest_only_with_trigger' retrieved from /home/airflow/.local/lib/python3.12/site-packages/airflow/example_dags/example_latest_only_with_trigger.py
[2024-09-12T14:26:27.450+0000] {logging_mixin.py:190} INFO - [2024-09-12T14:26:27.450+0000] {dag.py:3229} INFO - Sync 1 DAGs
[2024-09-12T14:26:27.474+0000] {logging_mixin.py:190} INFO - [2024-09-12T14:26:27.474+0000] {dag.py:4156} INFO - Setting next_dagrun for latest_only_with_trigger to 2024-09-12 08:00:00+00:00, run_after=2024-09-12 12:00:00+00:00
[2024-09-12T14:26:27.505+0000] {processor.py:208} INFO - Processing /home/airflow/.local/lib/python3.12/site-packages/airflow/example_dags/example_latest_only_with_trigger.py took 0.102 seconds
[2024-09-12T14:26:57.803+0000] {processor.py:186} INFO - Started process (PID=1137) to work on /home/airflow/.local/lib/python3.12/site-packages/airflow/example_dags/example_latest_only_with_trigger.py
[2024-09-12T14:26:57.804+0000] {processor.py:914} INFO - Processing file /home/airflow/.local/lib/python3.12/site-packages/airflow/example_dags/example_latest_only_with_trigger.py for tasks to queue
[2024-09-12T14:26:57.807+0000] {logging_mixin.py:190} INFO - [2024-09-12T14:26:57.806+0000] {dagbag.py:587} INFO - Filling up the DagBag from /home/airflow/.local/lib/python3.12/site-packages/airflow/example_dags/example_latest_only_with_trigger.py
[2024-09-12T14:26:57.816+0000] {processor.py:925} INFO - DAG(s) 'latest_only_with_trigger' retrieved from /home/airflow/.local/lib/python3.12/site-packages/airflow/example_dags/example_latest_only_with_trigger.py
[2024-09-12T14:26:57.842+0000] {logging_mixin.py:190} INFO - [2024-09-12T14:26:57.841+0000] {dag.py:3229} INFO - Sync 1 DAGs
[2024-09-12T14:26:57.867+0000] {logging_mixin.py:190} INFO - [2024-09-12T14:26:57.866+0000] {dag.py:4156} INFO - Setting next_dagrun for latest_only_with_trigger to 2024-09-12 08:00:00+00:00, run_after=2024-09-12 12:00:00+00:00
[2024-09-12T14:26:57.888+0000] {processor.py:208} INFO - Processing /home/airflow/.local/lib/python3.12/site-packages/airflow/example_dags/example_latest_only_with_trigger.py took 0.093 seconds
[2024-09-12T14:27:29.715+0000] {processor.py:186} INFO - Started process (PID=1200) to work on /home/airflow/.local/lib/python3.12/site-packages/airflow/example_dags/example_latest_only_with_trigger.py
[2024-09-12T14:27:29.716+0000] {processor.py:914} INFO - Processing file /home/airflow/.local/lib/python3.12/site-packages/airflow/example_dags/example_latest_only_with_trigger.py for tasks to queue
[2024-09-12T14:27:29.719+0000] {logging_mixin.py:190} INFO - [2024-09-12T14:27:29.719+0000] {dagbag.py:587} INFO - Filling up the DagBag from /home/airflow/.local/lib/python3.12/site-packages/airflow/example_dags/example_latest_only_with_trigger.py
[2024-09-12T14:27:29.728+0000] {processor.py:925} INFO - DAG(s) 'latest_only_with_trigger' retrieved from /home/airflow/.local/lib/python3.12/site-packages/airflow/example_dags/example_latest_only_with_trigger.py
[2024-09-12T14:27:29.805+0000] {logging_mixin.py:190} INFO - [2024-09-12T14:27:29.804+0000] {dag.py:3229} INFO - Sync 1 DAGs
[2024-09-12T14:27:29.888+0000] {logging_mixin.py:190} INFO - [2024-09-12T14:27:29.888+0000] {dag.py:4156} INFO - Setting next_dagrun for latest_only_with_trigger to 2024-09-12 08:00:00+00:00, run_after=2024-09-12 12:00:00+00:00
[2024-09-12T14:27:29.924+0000] {processor.py:208} INFO - Processing /home/airflow/.local/lib/python3.12/site-packages/airflow/example_dags/example_latest_only_with_trigger.py took 0.217 seconds
[2024-09-12T14:28:01.592+0000] {processor.py:186} INFO - Started process (PID=1261) to work on /home/airflow/.local/lib/python3.12/site-packages/airflow/example_dags/example_latest_only_with_trigger.py
[2024-09-12T14:28:01.594+0000] {processor.py:914} INFO - Processing file /home/airflow/.local/lib/python3.12/site-packages/airflow/example_dags/example_latest_only_with_trigger.py for tasks to queue
[2024-09-12T14:28:01.597+0000] {logging_mixin.py:190} INFO - [2024-09-12T14:28:01.596+0000] {dagbag.py:587} INFO - Filling up the DagBag from /home/airflow/.local/lib/python3.12/site-packages/airflow/example_dags/example_latest_only_with_trigger.py
[2024-09-12T14:28:01.685+0000] {processor.py:925} INFO - DAG(s) 'latest_only_with_trigger' retrieved from /home/airflow/.local/lib/python3.12/site-packages/airflow/example_dags/example_latest_only_with_trigger.py
[2024-09-12T14:28:01.788+0000] {logging_mixin.py:190} INFO - [2024-09-12T14:28:01.788+0000] {dag.py:3229} INFO - Sync 1 DAGs
[2024-09-12T14:28:01.901+0000] {logging_mixin.py:190} INFO - [2024-09-12T14:28:01.901+0000] {dag.py:4156} INFO - Setting next_dagrun for latest_only_with_trigger to 2024-09-12 08:00:00+00:00, run_after=2024-09-12 12:00:00+00:00
[2024-09-12T14:28:02.002+0000] {processor.py:208} INFO - Processing /home/airflow/.local/lib/python3.12/site-packages/airflow/example_dags/example_latest_only_with_trigger.py took 0.418 seconds
[2024-09-12T14:28:37.614+0000] {processor.py:186} INFO - Started process (PID=1323) to work on /home/airflow/.local/lib/python3.12/site-packages/airflow/example_dags/example_latest_only_with_trigger.py
[2024-09-12T14:28:37.616+0000] {processor.py:914} INFO - Processing file /home/airflow/.local/lib/python3.12/site-packages/airflow/example_dags/example_latest_only_with_trigger.py for tasks to queue
[2024-09-12T14:28:37.618+0000] {logging_mixin.py:190} INFO - [2024-09-12T14:28:37.618+0000] {dagbag.py:587} INFO - Filling up the DagBag from /home/airflow/.local/lib/python3.12/site-packages/airflow/example_dags/example_latest_only_with_trigger.py
[2024-09-12T14:28:37.689+0000] {processor.py:925} INFO - DAG(s) 'latest_only_with_trigger' retrieved from /home/airflow/.local/lib/python3.12/site-packages/airflow/example_dags/example_latest_only_with_trigger.py
[2024-09-12T14:28:37.791+0000] {logging_mixin.py:190} INFO - [2024-09-12T14:28:37.791+0000] {dag.py:3229} INFO - Sync 1 DAGs
[2024-09-12T14:28:37.900+0000] {logging_mixin.py:190} INFO - [2024-09-12T14:28:37.899+0000] {dag.py:4156} INFO - Setting next_dagrun for latest_only_with_trigger to 2024-09-12 08:00:00+00:00, run_after=2024-09-12 12:00:00+00:00
[2024-09-12T14:28:37.994+0000] {processor.py:208} INFO - Processing /home/airflow/.local/lib/python3.12/site-packages/airflow/example_dags/example_latest_only_with_trigger.py took 0.389 seconds
[2024-09-12T14:29:14.995+0000] {processor.py:186} INFO - Started process (PID=1386) to work on /home/airflow/.local/lib/python3.12/site-packages/airflow/example_dags/example_latest_only_with_trigger.py
[2024-09-12T14:29:14.996+0000] {processor.py:914} INFO - Processing file /home/airflow/.local/lib/python3.12/site-packages/airflow/example_dags/example_latest_only_with_trigger.py for tasks to queue
[2024-09-12T14:29:15.000+0000] {logging_mixin.py:190} INFO - [2024-09-12T14:29:14.999+0000] {dagbag.py:587} INFO - Filling up the DagBag from /home/airflow/.local/lib/python3.12/site-packages/airflow/example_dags/example_latest_only_with_trigger.py
[2024-09-12T14:29:15.012+0000] {processor.py:925} INFO - DAG(s) 'latest_only_with_trigger' retrieved from /home/airflow/.local/lib/python3.12/site-packages/airflow/example_dags/example_latest_only_with_trigger.py
[2024-09-12T14:29:15.102+0000] {logging_mixin.py:190} INFO - [2024-09-12T14:29:15.102+0000] {dag.py:3229} INFO - Sync 1 DAGs
[2024-09-12T14:29:15.285+0000] {logging_mixin.py:190} INFO - [2024-09-12T14:29:15.285+0000] {dag.py:4156} INFO - Setting next_dagrun for latest_only_with_trigger to 2024-09-12 08:00:00+00:00, run_after=2024-09-12 12:00:00+00:00
[2024-09-12T14:29:15.313+0000] {processor.py:208} INFO - Processing /home/airflow/.local/lib/python3.12/site-packages/airflow/example_dags/example_latest_only_with_trigger.py took 0.327 seconds
[2024-09-12T14:29:47.219+0000] {processor.py:186} INFO - Started process (PID=1448) to work on /home/airflow/.local/lib/python3.12/site-packages/airflow/example_dags/example_latest_only_with_trigger.py
[2024-09-12T14:29:47.240+0000] {processor.py:914} INFO - Processing file /home/airflow/.local/lib/python3.12/site-packages/airflow/example_dags/example_latest_only_with_trigger.py for tasks to queue
[2024-09-12T14:29:47.243+0000] {logging_mixin.py:190} INFO - [2024-09-12T14:29:47.242+0000] {dagbag.py:587} INFO - Filling up the DagBag from /home/airflow/.local/lib/python3.12/site-packages/airflow/example_dags/example_latest_only_with_trigger.py
[2024-09-12T14:29:47.289+0000] {processor.py:925} INFO - DAG(s) 'latest_only_with_trigger' retrieved from /home/airflow/.local/lib/python3.12/site-packages/airflow/example_dags/example_latest_only_with_trigger.py
[2024-09-12T14:29:47.318+0000] {logging_mixin.py:190} INFO - [2024-09-12T14:29:47.318+0000] {dag.py:3229} INFO - Sync 1 DAGs
[2024-09-12T14:29:47.400+0000] {logging_mixin.py:190} INFO - [2024-09-12T14:29:47.399+0000] {dag.py:4156} INFO - Setting next_dagrun for latest_only_with_trigger to 2024-09-12 08:00:00+00:00, run_after=2024-09-12 12:00:00+00:00
[2024-09-12T14:29:47.485+0000] {processor.py:208} INFO - Processing /home/airflow/.local/lib/python3.12/site-packages/airflow/example_dags/example_latest_only_with_trigger.py took 0.272 seconds
[2024-09-12T14:30:19.146+0000] {processor.py:186} INFO - Started process (PID=1510) to work on /home/airflow/.local/lib/python3.12/site-packages/airflow/example_dags/example_latest_only_with_trigger.py
[2024-09-12T14:30:19.147+0000] {processor.py:914} INFO - Processing file /home/airflow/.local/lib/python3.12/site-packages/airflow/example_dags/example_latest_only_with_trigger.py for tasks to queue
[2024-09-12T14:30:19.151+0000] {logging_mixin.py:190} INFO - [2024-09-12T14:30:19.151+0000] {dagbag.py:587} INFO - Filling up the DagBag from /home/airflow/.local/lib/python3.12/site-packages/airflow/example_dags/example_latest_only_with_trigger.py
[2024-09-12T14:30:19.163+0000] {processor.py:925} INFO - DAG(s) 'latest_only_with_trigger' retrieved from /home/airflow/.local/lib/python3.12/site-packages/airflow/example_dags/example_latest_only_with_trigger.py
[2024-09-12T14:30:19.211+0000] {logging_mixin.py:190} INFO - [2024-09-12T14:30:19.211+0000] {dag.py:3229} INFO - Sync 1 DAGs
[2024-09-12T14:30:19.298+0000] {logging_mixin.py:190} INFO - [2024-09-12T14:30:19.297+0000] {dag.py:4156} INFO - Setting next_dagrun for latest_only_with_trigger to 2024-09-12 08:00:00+00:00, run_after=2024-09-12 12:00:00+00:00
[2024-09-12T14:30:19.330+0000] {processor.py:208} INFO - Processing /home/airflow/.local/lib/python3.12/site-packages/airflow/example_dags/example_latest_only_with_trigger.py took 0.195 seconds
[2024-09-12T14:30:50.054+0000] {processor.py:186} INFO - Started process (PID=1572) to work on /home/airflow/.local/lib/python3.12/site-packages/airflow/example_dags/example_latest_only_with_trigger.py
[2024-09-12T14:30:50.055+0000] {processor.py:914} INFO - Processing file /home/airflow/.local/lib/python3.12/site-packages/airflow/example_dags/example_latest_only_with_trigger.py for tasks to queue
[2024-09-12T14:30:50.058+0000] {logging_mixin.py:190} INFO - [2024-09-12T14:30:50.058+0000] {dagbag.py:587} INFO - Filling up the DagBag from /home/airflow/.local/lib/python3.12/site-packages/airflow/example_dags/example_latest_only_with_trigger.py
[2024-09-12T14:30:50.068+0000] {processor.py:925} INFO - DAG(s) 'latest_only_with_trigger' retrieved from /home/airflow/.local/lib/python3.12/site-packages/airflow/example_dags/example_latest_only_with_trigger.py
[2024-09-12T14:30:50.106+0000] {logging_mixin.py:190} INFO - [2024-09-12T14:30:50.105+0000] {dag.py:3229} INFO - Sync 1 DAGs
[2024-09-12T14:30:50.140+0000] {logging_mixin.py:190} INFO - [2024-09-12T14:30:50.140+0000] {dag.py:4156} INFO - Setting next_dagrun for latest_only_with_trigger to 2024-09-12 08:00:00+00:00, run_after=2024-09-12 12:00:00+00:00
[2024-09-12T14:30:50.165+0000] {processor.py:208} INFO - Processing /home/airflow/.local/lib/python3.12/site-packages/airflow/example_dags/example_latest_only_with_trigger.py took 0.117 seconds
[2024-09-12T14:31:20.567+0000] {processor.py:186} INFO - Started process (PID=1634) to work on /home/airflow/.local/lib/python3.12/site-packages/airflow/example_dags/example_latest_only_with_trigger.py
[2024-09-12T14:31:20.568+0000] {processor.py:914} INFO - Processing file /home/airflow/.local/lib/python3.12/site-packages/airflow/example_dags/example_latest_only_with_trigger.py for tasks to queue
[2024-09-12T14:31:20.570+0000] {logging_mixin.py:190} INFO - [2024-09-12T14:31:20.570+0000] {dagbag.py:587} INFO - Filling up the DagBag from /home/airflow/.local/lib/python3.12/site-packages/airflow/example_dags/example_latest_only_with_trigger.py
[2024-09-12T14:31:20.588+0000] {processor.py:925} INFO - DAG(s) 'latest_only_with_trigger' retrieved from /home/airflow/.local/lib/python3.12/site-packages/airflow/example_dags/example_latest_only_with_trigger.py
[2024-09-12T14:31:20.613+0000] {logging_mixin.py:190} INFO - [2024-09-12T14:31:20.612+0000] {dag.py:3229} INFO - Sync 1 DAGs
[2024-09-12T14:31:20.640+0000] {logging_mixin.py:190} INFO - [2024-09-12T14:31:20.640+0000] {dag.py:4156} INFO - Setting next_dagrun for latest_only_with_trigger to 2024-09-12 08:00:00+00:00, run_after=2024-09-12 12:00:00+00:00
[2024-09-12T14:31:20.694+0000] {processor.py:208} INFO - Processing /home/airflow/.local/lib/python3.12/site-packages/airflow/example_dags/example_latest_only_with_trigger.py took 0.134 seconds
[2024-09-12T14:31:51.922+0000] {processor.py:186} INFO - Started process (PID=1696) to work on /home/airflow/.local/lib/python3.12/site-packages/airflow/example_dags/example_latest_only_with_trigger.py
[2024-09-12T14:31:51.923+0000] {processor.py:914} INFO - Processing file /home/airflow/.local/lib/python3.12/site-packages/airflow/example_dags/example_latest_only_with_trigger.py for tasks to queue
[2024-09-12T14:31:51.926+0000] {logging_mixin.py:190} INFO - [2024-09-12T14:31:51.926+0000] {dagbag.py:587} INFO - Filling up the DagBag from /home/airflow/.local/lib/python3.12/site-packages/airflow/example_dags/example_latest_only_with_trigger.py
[2024-09-12T14:31:51.935+0000] {processor.py:925} INFO - DAG(s) 'latest_only_with_trigger' retrieved from /home/airflow/.local/lib/python3.12/site-packages/airflow/example_dags/example_latest_only_with_trigger.py
[2024-09-12T14:31:51.967+0000] {logging_mixin.py:190} INFO - [2024-09-12T14:31:51.966+0000] {dag.py:3229} INFO - Sync 1 DAGs
[2024-09-12T14:31:52.006+0000] {logging_mixin.py:190} INFO - [2024-09-12T14:31:52.005+0000] {dag.py:4156} INFO - Setting next_dagrun for latest_only_with_trigger to 2024-09-12 08:00:00+00:00, run_after=2024-09-12 12:00:00+00:00
[2024-09-12T14:31:52.034+0000] {processor.py:208} INFO - Processing /home/airflow/.local/lib/python3.12/site-packages/airflow/example_dags/example_latest_only_with_trigger.py took 0.121 seconds
[2024-09-12T14:32:22.914+0000] {processor.py:186} INFO - Started process (PID=1758) to work on /home/airflow/.local/lib/python3.12/site-packages/airflow/example_dags/example_latest_only_with_trigger.py
[2024-09-12T14:32:22.916+0000] {processor.py:914} INFO - Processing file /home/airflow/.local/lib/python3.12/site-packages/airflow/example_dags/example_latest_only_with_trigger.py for tasks to queue
[2024-09-12T14:32:22.918+0000] {logging_mixin.py:190} INFO - [2024-09-12T14:32:22.918+0000] {dagbag.py:587} INFO - Filling up the DagBag from /home/airflow/.local/lib/python3.12/site-packages/airflow/example_dags/example_latest_only_with_trigger.py
[2024-09-12T14:32:22.929+0000] {processor.py:925} INFO - DAG(s) 'latest_only_with_trigger' retrieved from /home/airflow/.local/lib/python3.12/site-packages/airflow/example_dags/example_latest_only_with_trigger.py
[2024-09-12T14:32:22.956+0000] {logging_mixin.py:190} INFO - [2024-09-12T14:32:22.955+0000] {dag.py:3229} INFO - Sync 1 DAGs
[2024-09-12T14:32:22.985+0000] {logging_mixin.py:190} INFO - [2024-09-12T14:32:22.985+0000] {dag.py:4156} INFO - Setting next_dagrun for latest_only_with_trigger to 2024-09-12 08:00:00+00:00, run_after=2024-09-12 12:00:00+00:00
[2024-09-12T14:32:23.005+0000] {processor.py:208} INFO - Processing /home/airflow/.local/lib/python3.12/site-packages/airflow/example_dags/example_latest_only_with_trigger.py took 0.098 seconds
[2024-09-12T14:32:53.731+0000] {processor.py:186} INFO - Started process (PID=1820) to work on /home/airflow/.local/lib/python3.12/site-packages/airflow/example_dags/example_latest_only_with_trigger.py
[2024-09-12T14:32:53.733+0000] {processor.py:914} INFO - Processing file /home/airflow/.local/lib/python3.12/site-packages/airflow/example_dags/example_latest_only_with_trigger.py for tasks to queue
[2024-09-12T14:32:53.736+0000] {logging_mixin.py:190} INFO - [2024-09-12T14:32:53.735+0000] {dagbag.py:587} INFO - Filling up the DagBag from /home/airflow/.local/lib/python3.12/site-packages/airflow/example_dags/example_latest_only_with_trigger.py
[2024-09-12T14:32:53.746+0000] {processor.py:925} INFO - DAG(s) 'latest_only_with_trigger' retrieved from /home/airflow/.local/lib/python3.12/site-packages/airflow/example_dags/example_latest_only_with_trigger.py
[2024-09-12T14:32:53.775+0000] {logging_mixin.py:190} INFO - [2024-09-12T14:32:53.775+0000] {dag.py:3229} INFO - Sync 1 DAGs
[2024-09-12T14:32:53.806+0000] {logging_mixin.py:190} INFO - [2024-09-12T14:32:53.805+0000] {dag.py:4156} INFO - Setting next_dagrun for latest_only_with_trigger to 2024-09-12 08:00:00+00:00, run_after=2024-09-12 12:00:00+00:00
[2024-09-12T14:32:53.830+0000] {processor.py:208} INFO - Processing /home/airflow/.local/lib/python3.12/site-packages/airflow/example_dags/example_latest_only_with_trigger.py took 0.105 seconds
[2024-09-12T14:33:55.938+0000] {processor.py:186} INFO - Started process (PID=1944) to work on /home/airflow/.local/lib/python3.12/site-packages/airflow/example_dags/example_latest_only_with_trigger.py
[2024-09-12T14:33:55.939+0000] {processor.py:914} INFO - Processing file /home/airflow/.local/lib/python3.12/site-packages/airflow/example_dags/example_latest_only_with_trigger.py for tasks to queue
[2024-09-12T14:33:55.942+0000] {logging_mixin.py:190} INFO - [2024-09-12T14:33:55.942+0000] {dagbag.py:587} INFO - Filling up the DagBag from /home/airflow/.local/lib/python3.12/site-packages/airflow/example_dags/example_latest_only_with_trigger.py
[2024-09-12T14:33:55.952+0000] {processor.py:925} INFO - DAG(s) 'latest_only_with_trigger' retrieved from /home/airflow/.local/lib/python3.12/site-packages/airflow/example_dags/example_latest_only_with_trigger.py
[2024-09-12T14:33:55.979+0000] {logging_mixin.py:190} INFO - [2024-09-12T14:33:55.978+0000] {dag.py:3229} INFO - Sync 1 DAGs
[2024-09-12T14:33:56.013+0000] {logging_mixin.py:190} INFO - [2024-09-12T14:33:56.013+0000] {dag.py:4156} INFO - Setting next_dagrun for latest_only_with_trigger to 2024-09-12 08:00:00+00:00, run_after=2024-09-12 12:00:00+00:00
[2024-09-12T14:33:56.034+0000] {processor.py:208} INFO - Processing /home/airflow/.local/lib/python3.12/site-packages/airflow/example_dags/example_latest_only_with_trigger.py took 0.104 seconds
[2024-09-12T14:34:26.477+0000] {processor.py:186} INFO - Started process (PID=2006) to work on /home/airflow/.local/lib/python3.12/site-packages/airflow/example_dags/example_latest_only_with_trigger.py
[2024-09-12T14:34:26.478+0000] {processor.py:914} INFO - Processing file /home/airflow/.local/lib/python3.12/site-packages/airflow/example_dags/example_latest_only_with_trigger.py for tasks to queue
[2024-09-12T14:34:26.481+0000] {logging_mixin.py:190} INFO - [2024-09-12T14:34:26.481+0000] {dagbag.py:587} INFO - Filling up the DagBag from /home/airflow/.local/lib/python3.12/site-packages/airflow/example_dags/example_latest_only_with_trigger.py
[2024-09-12T14:34:26.490+0000] {processor.py:925} INFO - DAG(s) 'latest_only_with_trigger' retrieved from /home/airflow/.local/lib/python3.12/site-packages/airflow/example_dags/example_latest_only_with_trigger.py
[2024-09-12T14:34:26.518+0000] {logging_mixin.py:190} INFO - [2024-09-12T14:34:26.518+0000] {dag.py:3229} INFO - Sync 1 DAGs
[2024-09-12T14:34:26.549+0000] {logging_mixin.py:190} INFO - [2024-09-12T14:34:26.549+0000] {dag.py:4156} INFO - Setting next_dagrun for latest_only_with_trigger to 2024-09-12 08:00:00+00:00, run_after=2024-09-12 12:00:00+00:00
[2024-09-12T14:34:26.574+0000] {processor.py:208} INFO - Processing /home/airflow/.local/lib/python3.12/site-packages/airflow/example_dags/example_latest_only_with_trigger.py took 0.104 seconds
