[2024-09-12T14:00:55.689+0000] {processor.py:186} INFO - Started process (PID=94) to work on /home/airflow/.local/lib/python3.12/site-packages/airflow/example_dags/example_sensors.py
[2024-09-12T14:00:55.690+0000] {processor.py:914} INFO - Processing file /home/airflow/.local/lib/python3.12/site-packages/airflow/example_dags/example_sensors.py for tasks to queue
[2024-09-12T14:00:55.692+0000] {logging_mixin.py:190} INFO - [2024-09-12T14:00:55.692+0000] {dagbag.py:587} INFO - Filling up the DagBag from /home/airflow/.local/lib/python3.12/site-packages/airflow/example_dags/example_sensors.py
[2024-09-12T14:00:55.706+0000] {processor.py:925} INFO - DAG(s) 'example_sensors' retrieved from /home/airflow/.local/lib/python3.12/site-packages/airflow/example_dags/example_sensors.py
[2024-09-12T14:00:55.841+0000] {logging_mixin.py:190} INFO - [2024-09-12T14:00:55.840+0000] {override.py:1900} INFO - Created Permission View: can read on DAG:example_sensors
[2024-09-12T14:00:55.852+0000] {logging_mixin.py:190} INFO - [2024-09-12T14:00:55.852+0000] {override.py:1900} INFO - Created Permission View: can delete on DAG:example_sensors
[2024-09-12T14:00:55.860+0000] {logging_mixin.py:190} INFO - [2024-09-12T14:00:55.860+0000] {override.py:1900} INFO - Created Permission View: can edit on DAG:example_sensors
[2024-09-12T14:00:55.869+0000] {logging_mixin.py:190} INFO - [2024-09-12T14:00:55.868+0000] {override.py:1900} INFO - Created Permission View: can read on DAG Run:example_sensors
[2024-09-12T14:00:55.881+0000] {logging_mixin.py:190} INFO - [2024-09-12T14:00:55.880+0000] {override.py:1900} INFO - Created Permission View: can create on DAG Run:example_sensors
[2024-09-12T14:00:55.888+0000] {logging_mixin.py:190} INFO - [2024-09-12T14:00:55.887+0000] {override.py:1900} INFO - Created Permission View: can delete on DAG Run:example_sensors
[2024-09-12T14:00:55.894+0000] {logging_mixin.py:190} INFO - [2024-09-12T14:00:55.894+0000] {override.py:1900} INFO - Created Permission View: menu access on DAG Run:example_sensors
[2024-09-12T14:00:55.895+0000] {logging_mixin.py:190} INFO - [2024-09-12T14:00:55.894+0000] {dag.py:3229} INFO - Sync 1 DAGs
[2024-09-12T14:00:55.912+0000] {logging_mixin.py:190} INFO - [2024-09-12T14:00:55.911+0000] {dag.py:3252} INFO - Creating ORM DAG for example_sensors
[2024-09-12T14:00:55.913+0000] {logging_mixin.py:190} INFO - [2024-09-12T14:00:55.913+0000] {dag.py:4156} INFO - Setting next_dagrun for example_sensors to None, run_after=None
[2024-09-12T14:00:55.934+0000] {processor.py:208} INFO - Processing /home/airflow/.local/lib/python3.12/site-packages/airflow/example_dags/example_sensors.py took 0.252 seconds
[2024-09-12T14:01:26.388+0000] {processor.py:186} INFO - Started process (PID=156) to work on /home/airflow/.local/lib/python3.12/site-packages/airflow/example_dags/example_sensors.py
[2024-09-12T14:01:26.389+0000] {processor.py:914} INFO - Processing file /home/airflow/.local/lib/python3.12/site-packages/airflow/example_dags/example_sensors.py for tasks to queue
[2024-09-12T14:01:26.392+0000] {logging_mixin.py:190} INFO - [2024-09-12T14:01:26.391+0000] {dagbag.py:587} INFO - Filling up the DagBag from /home/airflow/.local/lib/python3.12/site-packages/airflow/example_dags/example_sensors.py
[2024-09-12T14:01:26.405+0000] {processor.py:925} INFO - DAG(s) 'example_sensors' retrieved from /home/airflow/.local/lib/python3.12/site-packages/airflow/example_dags/example_sensors.py
[2024-09-12T14:01:26.439+0000] {logging_mixin.py:190} INFO - [2024-09-12T14:01:26.438+0000] {dag.py:3229} INFO - Sync 1 DAGs
[2024-09-12T14:01:26.456+0000] {logging_mixin.py:190} INFO - [2024-09-12T14:01:26.456+0000] {dag.py:4156} INFO - Setting next_dagrun for example_sensors to None, run_after=None
[2024-09-12T14:01:26.481+0000] {processor.py:208} INFO - Processing /home/airflow/.local/lib/python3.12/site-packages/airflow/example_dags/example_sensors.py took 0.100 seconds
[2024-09-12T14:01:56.563+0000] {processor.py:186} INFO - Started process (PID=218) to work on /home/airflow/.local/lib/python3.12/site-packages/airflow/example_dags/example_sensors.py
[2024-09-12T14:01:56.564+0000] {processor.py:914} INFO - Processing file /home/airflow/.local/lib/python3.12/site-packages/airflow/example_dags/example_sensors.py for tasks to queue
[2024-09-12T14:01:56.566+0000] {logging_mixin.py:190} INFO - [2024-09-12T14:01:56.566+0000] {dagbag.py:587} INFO - Filling up the DagBag from /home/airflow/.local/lib/python3.12/site-packages/airflow/example_dags/example_sensors.py
[2024-09-12T14:01:56.578+0000] {processor.py:925} INFO - DAG(s) 'example_sensors' retrieved from /home/airflow/.local/lib/python3.12/site-packages/airflow/example_dags/example_sensors.py
[2024-09-12T14:01:56.606+0000] {logging_mixin.py:190} INFO - [2024-09-12T14:01:56.606+0000] {dag.py:3229} INFO - Sync 1 DAGs
[2024-09-12T14:01:56.621+0000] {logging_mixin.py:190} INFO - [2024-09-12T14:01:56.621+0000] {dag.py:4156} INFO - Setting next_dagrun for example_sensors to None, run_after=None
[2024-09-12T14:01:56.639+0000] {processor.py:208} INFO - Processing /home/airflow/.local/lib/python3.12/site-packages/airflow/example_dags/example_sensors.py took 0.083 seconds
[2024-09-12T14:02:27.123+0000] {processor.py:186} INFO - Started process (PID=280) to work on /home/airflow/.local/lib/python3.12/site-packages/airflow/example_dags/example_sensors.py
[2024-09-12T14:02:27.125+0000] {processor.py:914} INFO - Processing file /home/airflow/.local/lib/python3.12/site-packages/airflow/example_dags/example_sensors.py for tasks to queue
[2024-09-12T14:02:27.127+0000] {logging_mixin.py:190} INFO - [2024-09-12T14:02:27.127+0000] {dagbag.py:587} INFO - Filling up the DagBag from /home/airflow/.local/lib/python3.12/site-packages/airflow/example_dags/example_sensors.py
[2024-09-12T14:02:27.138+0000] {processor.py:925} INFO - DAG(s) 'example_sensors' retrieved from /home/airflow/.local/lib/python3.12/site-packages/airflow/example_dags/example_sensors.py
[2024-09-12T14:02:27.169+0000] {logging_mixin.py:190} INFO - [2024-09-12T14:02:27.169+0000] {dag.py:3229} INFO - Sync 1 DAGs
[2024-09-12T14:02:27.183+0000] {logging_mixin.py:190} INFO - [2024-09-12T14:02:27.183+0000] {dag.py:4156} INFO - Setting next_dagrun for example_sensors to None, run_after=None
[2024-09-12T14:02:27.203+0000] {processor.py:208} INFO - Processing /home/airflow/.local/lib/python3.12/site-packages/airflow/example_dags/example_sensors.py took 0.086 seconds
[2024-09-12T14:02:58.314+0000] {processor.py:186} INFO - Started process (PID=342) to work on /home/airflow/.local/lib/python3.12/site-packages/airflow/example_dags/example_sensors.py
[2024-09-12T14:02:58.315+0000] {processor.py:914} INFO - Processing file /home/airflow/.local/lib/python3.12/site-packages/airflow/example_dags/example_sensors.py for tasks to queue
[2024-09-12T14:02:58.318+0000] {logging_mixin.py:190} INFO - [2024-09-12T14:02:58.318+0000] {dagbag.py:587} INFO - Filling up the DagBag from /home/airflow/.local/lib/python3.12/site-packages/airflow/example_dags/example_sensors.py
[2024-09-12T14:02:58.385+0000] {processor.py:925} INFO - DAG(s) 'example_sensors' retrieved from /home/airflow/.local/lib/python3.12/site-packages/airflow/example_dags/example_sensors.py
[2024-09-12T14:02:58.417+0000] {logging_mixin.py:190} INFO - [2024-09-12T14:02:58.417+0000] {dag.py:3229} INFO - Sync 1 DAGs
[2024-09-12T14:02:58.496+0000] {logging_mixin.py:190} INFO - [2024-09-12T14:02:58.496+0000] {dag.py:4156} INFO - Setting next_dagrun for example_sensors to None, run_after=None
[2024-09-12T14:02:58.519+0000] {processor.py:208} INFO - Processing /home/airflow/.local/lib/python3.12/site-packages/airflow/example_dags/example_sensors.py took 0.213 seconds
[2024-09-12T14:03:28.916+0000] {processor.py:186} INFO - Started process (PID=404) to work on /home/airflow/.local/lib/python3.12/site-packages/airflow/example_dags/example_sensors.py
[2024-09-12T14:03:28.917+0000] {processor.py:914} INFO - Processing file /home/airflow/.local/lib/python3.12/site-packages/airflow/example_dags/example_sensors.py for tasks to queue
[2024-09-12T14:03:28.920+0000] {logging_mixin.py:190} INFO - [2024-09-12T14:03:28.920+0000] {dagbag.py:587} INFO - Filling up the DagBag from /home/airflow/.local/lib/python3.12/site-packages/airflow/example_dags/example_sensors.py
[2024-09-12T14:03:28.936+0000] {processor.py:925} INFO - DAG(s) 'example_sensors' retrieved from /home/airflow/.local/lib/python3.12/site-packages/airflow/example_dags/example_sensors.py
[2024-09-12T14:03:28.977+0000] {logging_mixin.py:190} INFO - [2024-09-12T14:03:28.976+0000] {dag.py:3229} INFO - Sync 1 DAGs
[2024-09-12T14:03:28.999+0000] {logging_mixin.py:190} INFO - [2024-09-12T14:03:28.998+0000] {dag.py:4156} INFO - Setting next_dagrun for example_sensors to None, run_after=None
[2024-09-12T14:03:29.026+0000] {processor.py:208} INFO - Processing /home/airflow/.local/lib/python3.12/site-packages/airflow/example_dags/example_sensors.py took 0.119 seconds
[2024-09-12T14:03:59.374+0000] {processor.py:186} INFO - Started process (PID=466) to work on /home/airflow/.local/lib/python3.12/site-packages/airflow/example_dags/example_sensors.py
[2024-09-12T14:03:59.376+0000] {processor.py:914} INFO - Processing file /home/airflow/.local/lib/python3.12/site-packages/airflow/example_dags/example_sensors.py for tasks to queue
[2024-09-12T14:03:59.378+0000] {logging_mixin.py:190} INFO - [2024-09-12T14:03:59.378+0000] {dagbag.py:587} INFO - Filling up the DagBag from /home/airflow/.local/lib/python3.12/site-packages/airflow/example_dags/example_sensors.py
[2024-09-12T14:03:59.390+0000] {processor.py:925} INFO - DAG(s) 'example_sensors' retrieved from /home/airflow/.local/lib/python3.12/site-packages/airflow/example_dags/example_sensors.py
[2024-09-12T14:03:59.420+0000] {logging_mixin.py:190} INFO - [2024-09-12T14:03:59.420+0000] {dag.py:3229} INFO - Sync 1 DAGs
[2024-09-12T14:03:59.435+0000] {logging_mixin.py:190} INFO - [2024-09-12T14:03:59.435+0000] {dag.py:4156} INFO - Setting next_dagrun for example_sensors to None, run_after=None
[2024-09-12T14:03:59.451+0000] {processor.py:208} INFO - Processing /home/airflow/.local/lib/python3.12/site-packages/airflow/example_dags/example_sensors.py took 0.084 seconds
[2024-09-12T14:04:29.861+0000] {processor.py:186} INFO - Started process (PID=528) to work on /home/airflow/.local/lib/python3.12/site-packages/airflow/example_dags/example_sensors.py
[2024-09-12T14:04:29.863+0000] {processor.py:914} INFO - Processing file /home/airflow/.local/lib/python3.12/site-packages/airflow/example_dags/example_sensors.py for tasks to queue
[2024-09-12T14:04:29.866+0000] {logging_mixin.py:190} INFO - [2024-09-12T14:04:29.866+0000] {dagbag.py:587} INFO - Filling up the DagBag from /home/airflow/.local/lib/python3.12/site-packages/airflow/example_dags/example_sensors.py
[2024-09-12T14:04:29.879+0000] {processor.py:925} INFO - DAG(s) 'example_sensors' retrieved from /home/airflow/.local/lib/python3.12/site-packages/airflow/example_dags/example_sensors.py
[2024-09-12T14:04:29.916+0000] {logging_mixin.py:190} INFO - [2024-09-12T14:04:29.916+0000] {dag.py:3229} INFO - Sync 1 DAGs
[2024-09-12T14:04:29.935+0000] {logging_mixin.py:190} INFO - [2024-09-12T14:04:29.935+0000] {dag.py:4156} INFO - Setting next_dagrun for example_sensors to None, run_after=None
[2024-09-12T14:04:29.959+0000] {processor.py:208} INFO - Processing /home/airflow/.local/lib/python3.12/site-packages/airflow/example_dags/example_sensors.py took 0.105 seconds
[2024-09-12T14:05:00.642+0000] {processor.py:186} INFO - Started process (PID=590) to work on /home/airflow/.local/lib/python3.12/site-packages/airflow/example_dags/example_sensors.py
[2024-09-12T14:05:00.643+0000] {processor.py:914} INFO - Processing file /home/airflow/.local/lib/python3.12/site-packages/airflow/example_dags/example_sensors.py for tasks to queue
[2024-09-12T14:05:00.645+0000] {logging_mixin.py:190} INFO - [2024-09-12T14:05:00.645+0000] {dagbag.py:587} INFO - Filling up the DagBag from /home/airflow/.local/lib/python3.12/site-packages/airflow/example_dags/example_sensors.py
[2024-09-12T14:05:00.657+0000] {processor.py:925} INFO - DAG(s) 'example_sensors' retrieved from /home/airflow/.local/lib/python3.12/site-packages/airflow/example_dags/example_sensors.py
[2024-09-12T14:05:00.688+0000] {logging_mixin.py:190} INFO - [2024-09-12T14:05:00.687+0000] {dag.py:3229} INFO - Sync 1 DAGs
[2024-09-12T14:05:00.709+0000] {logging_mixin.py:190} INFO - [2024-09-12T14:05:00.709+0000] {dag.py:4156} INFO - Setting next_dagrun for example_sensors to None, run_after=None
[2024-09-12T14:05:00.734+0000] {processor.py:208} INFO - Processing /home/airflow/.local/lib/python3.12/site-packages/airflow/example_dags/example_sensors.py took 0.099 seconds
[2024-09-12T14:05:31.404+0000] {processor.py:186} INFO - Started process (PID=652) to work on /home/airflow/.local/lib/python3.12/site-packages/airflow/example_dags/example_sensors.py
[2024-09-12T14:05:31.405+0000] {processor.py:914} INFO - Processing file /home/airflow/.local/lib/python3.12/site-packages/airflow/example_dags/example_sensors.py for tasks to queue
[2024-09-12T14:05:31.407+0000] {logging_mixin.py:190} INFO - [2024-09-12T14:05:31.407+0000] {dagbag.py:587} INFO - Filling up the DagBag from /home/airflow/.local/lib/python3.12/site-packages/airflow/example_dags/example_sensors.py
[2024-09-12T14:05:31.419+0000] {processor.py:925} INFO - DAG(s) 'example_sensors' retrieved from /home/airflow/.local/lib/python3.12/site-packages/airflow/example_dags/example_sensors.py
[2024-09-12T14:05:31.447+0000] {logging_mixin.py:190} INFO - [2024-09-12T14:05:31.447+0000] {dag.py:3229} INFO - Sync 1 DAGs
[2024-09-12T14:05:31.461+0000] {logging_mixin.py:190} INFO - [2024-09-12T14:05:31.460+0000] {dag.py:4156} INFO - Setting next_dagrun for example_sensors to None, run_after=None
[2024-09-12T14:05:31.481+0000] {processor.py:208} INFO - Processing /home/airflow/.local/lib/python3.12/site-packages/airflow/example_dags/example_sensors.py took 0.083 seconds
[2024-09-12T14:06:01.705+0000] {processor.py:186} INFO - Started process (PID=714) to work on /home/airflow/.local/lib/python3.12/site-packages/airflow/example_dags/example_sensors.py
[2024-09-12T14:06:01.706+0000] {processor.py:914} INFO - Processing file /home/airflow/.local/lib/python3.12/site-packages/airflow/example_dags/example_sensors.py for tasks to queue
[2024-09-12T14:06:01.709+0000] {logging_mixin.py:190} INFO - [2024-09-12T14:06:01.708+0000] {dagbag.py:587} INFO - Filling up the DagBag from /home/airflow/.local/lib/python3.12/site-packages/airflow/example_dags/example_sensors.py
[2024-09-12T14:06:01.721+0000] {processor.py:925} INFO - DAG(s) 'example_sensors' retrieved from /home/airflow/.local/lib/python3.12/site-packages/airflow/example_dags/example_sensors.py
[2024-09-12T14:06:01.751+0000] {logging_mixin.py:190} INFO - [2024-09-12T14:06:01.751+0000] {dag.py:3229} INFO - Sync 1 DAGs
[2024-09-12T14:06:01.768+0000] {logging_mixin.py:190} INFO - [2024-09-12T14:06:01.767+0000] {dag.py:4156} INFO - Setting next_dagrun for example_sensors to None, run_after=None
[2024-09-12T14:06:01.789+0000] {processor.py:208} INFO - Processing /home/airflow/.local/lib/python3.12/site-packages/airflow/example_dags/example_sensors.py took 0.091 seconds
[2024-09-12T14:06:32.294+0000] {processor.py:186} INFO - Started process (PID=776) to work on /home/airflow/.local/lib/python3.12/site-packages/airflow/example_dags/example_sensors.py
[2024-09-12T14:06:32.295+0000] {processor.py:914} INFO - Processing file /home/airflow/.local/lib/python3.12/site-packages/airflow/example_dags/example_sensors.py for tasks to queue
[2024-09-12T14:06:32.298+0000] {logging_mixin.py:190} INFO - [2024-09-12T14:06:32.297+0000] {dagbag.py:587} INFO - Filling up the DagBag from /home/airflow/.local/lib/python3.12/site-packages/airflow/example_dags/example_sensors.py
[2024-09-12T14:06:32.310+0000] {processor.py:925} INFO - DAG(s) 'example_sensors' retrieved from /home/airflow/.local/lib/python3.12/site-packages/airflow/example_dags/example_sensors.py
[2024-09-12T14:06:32.344+0000] {logging_mixin.py:190} INFO - [2024-09-12T14:06:32.344+0000] {dag.py:3229} INFO - Sync 1 DAGs
[2024-09-12T14:06:32.363+0000] {logging_mixin.py:190} INFO - [2024-09-12T14:06:32.362+0000] {dag.py:4156} INFO - Setting next_dagrun for example_sensors to None, run_after=None
[2024-09-12T14:06:32.385+0000] {processor.py:208} INFO - Processing /home/airflow/.local/lib/python3.12/site-packages/airflow/example_dags/example_sensors.py took 0.098 seconds
[2024-09-12T14:07:02.602+0000] {processor.py:186} INFO - Started process (PID=838) to work on /home/airflow/.local/lib/python3.12/site-packages/airflow/example_dags/example_sensors.py
[2024-09-12T14:07:02.603+0000] {processor.py:914} INFO - Processing file /home/airflow/.local/lib/python3.12/site-packages/airflow/example_dags/example_sensors.py for tasks to queue
[2024-09-12T14:07:02.605+0000] {logging_mixin.py:190} INFO - [2024-09-12T14:07:02.605+0000] {dagbag.py:587} INFO - Filling up the DagBag from /home/airflow/.local/lib/python3.12/site-packages/airflow/example_dags/example_sensors.py
[2024-09-12T14:07:02.616+0000] {processor.py:925} INFO - DAG(s) 'example_sensors' retrieved from /home/airflow/.local/lib/python3.12/site-packages/airflow/example_dags/example_sensors.py
[2024-09-12T14:07:02.643+0000] {logging_mixin.py:190} INFO - [2024-09-12T14:07:02.643+0000] {dag.py:3229} INFO - Sync 1 DAGs
[2024-09-12T14:07:02.658+0000] {logging_mixin.py:190} INFO - [2024-09-12T14:07:02.658+0000] {dag.py:4156} INFO - Setting next_dagrun for example_sensors to None, run_after=None
[2024-09-12T14:07:02.679+0000] {processor.py:208} INFO - Processing /home/airflow/.local/lib/python3.12/site-packages/airflow/example_dags/example_sensors.py took 0.083 seconds
[2024-09-12T14:07:33.088+0000] {processor.py:186} INFO - Started process (PID=900) to work on /home/airflow/.local/lib/python3.12/site-packages/airflow/example_dags/example_sensors.py
[2024-09-12T14:07:33.089+0000] {processor.py:914} INFO - Processing file /home/airflow/.local/lib/python3.12/site-packages/airflow/example_dags/example_sensors.py for tasks to queue
[2024-09-12T14:07:33.092+0000] {logging_mixin.py:190} INFO - [2024-09-12T14:07:33.092+0000] {dagbag.py:587} INFO - Filling up the DagBag from /home/airflow/.local/lib/python3.12/site-packages/airflow/example_dags/example_sensors.py
[2024-09-12T14:07:33.105+0000] {processor.py:925} INFO - DAG(s) 'example_sensors' retrieved from /home/airflow/.local/lib/python3.12/site-packages/airflow/example_dags/example_sensors.py
[2024-09-12T14:07:33.135+0000] {logging_mixin.py:190} INFO - [2024-09-12T14:07:33.135+0000] {dag.py:3229} INFO - Sync 1 DAGs
[2024-09-12T14:07:33.151+0000] {logging_mixin.py:190} INFO - [2024-09-12T14:07:33.151+0000] {dag.py:4156} INFO - Setting next_dagrun for example_sensors to None, run_after=None
[2024-09-12T14:07:33.171+0000] {processor.py:208} INFO - Processing /home/airflow/.local/lib/python3.12/site-packages/airflow/example_dags/example_sensors.py took 0.091 seconds
[2024-09-12T14:08:04.506+0000] {processor.py:186} INFO - Started process (PID=968) to work on /home/airflow/.local/lib/python3.12/site-packages/airflow/example_dags/example_sensors.py
[2024-09-12T14:08:04.507+0000] {processor.py:914} INFO - Processing file /home/airflow/.local/lib/python3.12/site-packages/airflow/example_dags/example_sensors.py for tasks to queue
[2024-09-12T14:08:04.582+0000] {logging_mixin.py:190} INFO - [2024-09-12T14:08:04.582+0000] {dagbag.py:587} INFO - Filling up the DagBag from /home/airflow/.local/lib/python3.12/site-packages/airflow/example_dags/example_sensors.py
[2024-09-12T14:08:04.596+0000] {processor.py:925} INFO - DAG(s) 'example_sensors' retrieved from /home/airflow/.local/lib/python3.12/site-packages/airflow/example_dags/example_sensors.py
[2024-09-12T14:08:04.699+0000] {logging_mixin.py:190} INFO - [2024-09-12T14:08:04.698+0000] {dag.py:3229} INFO - Sync 1 DAGs
[2024-09-12T14:08:04.717+0000] {logging_mixin.py:190} INFO - [2024-09-12T14:08:04.717+0000] {dag.py:4156} INFO - Setting next_dagrun for example_sensors to None, run_after=None
[2024-09-12T14:08:04.798+0000] {processor.py:208} INFO - Processing /home/airflow/.local/lib/python3.12/site-packages/airflow/example_dags/example_sensors.py took 0.299 seconds
[2024-09-12T14:08:35.517+0000] {processor.py:186} INFO - Started process (PID=1030) to work on /home/airflow/.local/lib/python3.12/site-packages/airflow/example_dags/example_sensors.py
[2024-09-12T14:08:35.518+0000] {processor.py:914} INFO - Processing file /home/airflow/.local/lib/python3.12/site-packages/airflow/example_dags/example_sensors.py for tasks to queue
[2024-09-12T14:08:35.521+0000] {logging_mixin.py:190} INFO - [2024-09-12T14:08:35.520+0000] {dagbag.py:587} INFO - Filling up the DagBag from /home/airflow/.local/lib/python3.12/site-packages/airflow/example_dags/example_sensors.py
[2024-09-12T14:08:35.534+0000] {processor.py:925} INFO - DAG(s) 'example_sensors' retrieved from /home/airflow/.local/lib/python3.12/site-packages/airflow/example_dags/example_sensors.py
[2024-09-12T14:08:35.581+0000] {logging_mixin.py:190} INFO - [2024-09-12T14:08:35.581+0000] {dag.py:3229} INFO - Sync 1 DAGs
[2024-09-12T14:08:35.596+0000] {logging_mixin.py:190} INFO - [2024-09-12T14:08:35.596+0000] {dag.py:4156} INFO - Setting next_dagrun for example_sensors to None, run_after=None
[2024-09-12T14:08:35.613+0000] {processor.py:208} INFO - Processing /home/airflow/.local/lib/python3.12/site-packages/airflow/example_dags/example_sensors.py took 0.103 seconds
[2024-09-12T14:09:06.448+0000] {processor.py:186} INFO - Started process (PID=1092) to work on /home/airflow/.local/lib/python3.12/site-packages/airflow/example_dags/example_sensors.py
[2024-09-12T14:09:06.481+0000] {processor.py:914} INFO - Processing file /home/airflow/.local/lib/python3.12/site-packages/airflow/example_dags/example_sensors.py for tasks to queue
[2024-09-12T14:09:06.484+0000] {logging_mixin.py:190} INFO - [2024-09-12T14:09:06.484+0000] {dagbag.py:587} INFO - Filling up the DagBag from /home/airflow/.local/lib/python3.12/site-packages/airflow/example_dags/example_sensors.py
[2024-09-12T14:09:06.496+0000] {processor.py:925} INFO - DAG(s) 'example_sensors' retrieved from /home/airflow/.local/lib/python3.12/site-packages/airflow/example_dags/example_sensors.py
[2024-09-12T14:09:06.525+0000] {logging_mixin.py:190} INFO - [2024-09-12T14:09:06.524+0000] {dag.py:3229} INFO - Sync 1 DAGs
[2024-09-12T14:09:06.585+0000] {logging_mixin.py:190} INFO - [2024-09-12T14:09:06.584+0000] {dag.py:4156} INFO - Setting next_dagrun for example_sensors to None, run_after=None
[2024-09-12T14:09:06.608+0000] {processor.py:208} INFO - Processing /home/airflow/.local/lib/python3.12/site-packages/airflow/example_dags/example_sensors.py took 0.166 seconds
[2024-09-12T14:09:36.946+0000] {processor.py:186} INFO - Started process (PID=1154) to work on /home/airflow/.local/lib/python3.12/site-packages/airflow/example_dags/example_sensors.py
[2024-09-12T14:09:36.947+0000] {processor.py:914} INFO - Processing file /home/airflow/.local/lib/python3.12/site-packages/airflow/example_dags/example_sensors.py for tasks to queue
[2024-09-12T14:09:36.949+0000] {logging_mixin.py:190} INFO - [2024-09-12T14:09:36.949+0000] {dagbag.py:587} INFO - Filling up the DagBag from /home/airflow/.local/lib/python3.12/site-packages/airflow/example_dags/example_sensors.py
[2024-09-12T14:09:36.961+0000] {processor.py:925} INFO - DAG(s) 'example_sensors' retrieved from /home/airflow/.local/lib/python3.12/site-packages/airflow/example_dags/example_sensors.py
[2024-09-12T14:09:37.006+0000] {logging_mixin.py:190} INFO - [2024-09-12T14:09:37.006+0000] {dag.py:3229} INFO - Sync 1 DAGs
[2024-09-12T14:09:37.021+0000] {logging_mixin.py:190} INFO - [2024-09-12T14:09:37.021+0000] {dag.py:4156} INFO - Setting next_dagrun for example_sensors to None, run_after=None
[2024-09-12T14:09:37.039+0000] {processor.py:208} INFO - Processing /home/airflow/.local/lib/python3.12/site-packages/airflow/example_dags/example_sensors.py took 0.099 seconds
[2024-09-12T14:10:07.625+0000] {processor.py:186} INFO - Started process (PID=1216) to work on /home/airflow/.local/lib/python3.12/site-packages/airflow/example_dags/example_sensors.py
[2024-09-12T14:10:07.627+0000] {processor.py:914} INFO - Processing file /home/airflow/.local/lib/python3.12/site-packages/airflow/example_dags/example_sensors.py for tasks to queue
[2024-09-12T14:10:07.630+0000] {logging_mixin.py:190} INFO - [2024-09-12T14:10:07.629+0000] {dagbag.py:587} INFO - Filling up the DagBag from /home/airflow/.local/lib/python3.12/site-packages/airflow/example_dags/example_sensors.py
[2024-09-12T14:10:07.641+0000] {processor.py:925} INFO - DAG(s) 'example_sensors' retrieved from /home/airflow/.local/lib/python3.12/site-packages/airflow/example_dags/example_sensors.py
[2024-09-12T14:10:07.687+0000] {logging_mixin.py:190} INFO - [2024-09-12T14:10:07.687+0000] {dag.py:3229} INFO - Sync 1 DAGs
[2024-09-12T14:10:07.703+0000] {logging_mixin.py:190} INFO - [2024-09-12T14:10:07.703+0000] {dag.py:4156} INFO - Setting next_dagrun for example_sensors to None, run_after=None
[2024-09-12T14:10:07.724+0000] {processor.py:208} INFO - Processing /home/airflow/.local/lib/python3.12/site-packages/airflow/example_dags/example_sensors.py took 0.105 seconds
[2024-09-12T14:10:37.770+0000] {processor.py:186} INFO - Started process (PID=1277) to work on /home/airflow/.local/lib/python3.12/site-packages/airflow/example_dags/example_sensors.py
[2024-09-12T14:10:37.771+0000] {processor.py:914} INFO - Processing file /home/airflow/.local/lib/python3.12/site-packages/airflow/example_dags/example_sensors.py for tasks to queue
[2024-09-12T14:10:37.774+0000] {logging_mixin.py:190} INFO - [2024-09-12T14:10:37.773+0000] {dagbag.py:587} INFO - Filling up the DagBag from /home/airflow/.local/lib/python3.12/site-packages/airflow/example_dags/example_sensors.py
[2024-09-12T14:10:37.786+0000] {processor.py:925} INFO - DAG(s) 'example_sensors' retrieved from /home/airflow/.local/lib/python3.12/site-packages/airflow/example_dags/example_sensors.py
[2024-09-12T14:10:37.817+0000] {logging_mixin.py:190} INFO - [2024-09-12T14:10:37.817+0000] {dag.py:3229} INFO - Sync 1 DAGs
[2024-09-12T14:10:37.833+0000] {logging_mixin.py:190} INFO - [2024-09-12T14:10:37.832+0000] {dag.py:4156} INFO - Setting next_dagrun for example_sensors to None, run_after=None
[2024-09-12T14:10:37.852+0000] {processor.py:208} INFO - Processing /home/airflow/.local/lib/python3.12/site-packages/airflow/example_dags/example_sensors.py took 0.089 seconds
[2024-09-12T14:11:08.190+0000] {processor.py:186} INFO - Started process (PID=1339) to work on /home/airflow/.local/lib/python3.12/site-packages/airflow/example_dags/example_sensors.py
[2024-09-12T14:11:08.192+0000] {processor.py:914} INFO - Processing file /home/airflow/.local/lib/python3.12/site-packages/airflow/example_dags/example_sensors.py for tasks to queue
[2024-09-12T14:11:08.194+0000] {logging_mixin.py:190} INFO - [2024-09-12T14:11:08.194+0000] {dagbag.py:587} INFO - Filling up the DagBag from /home/airflow/.local/lib/python3.12/site-packages/airflow/example_dags/example_sensors.py
[2024-09-12T14:11:08.206+0000] {processor.py:925} INFO - DAG(s) 'example_sensors' retrieved from /home/airflow/.local/lib/python3.12/site-packages/airflow/example_dags/example_sensors.py
[2024-09-12T14:11:08.237+0000] {logging_mixin.py:190} INFO - [2024-09-12T14:11:08.236+0000] {dag.py:3229} INFO - Sync 1 DAGs
[2024-09-12T14:11:08.254+0000] {logging_mixin.py:190} INFO - [2024-09-12T14:11:08.254+0000] {dag.py:4156} INFO - Setting next_dagrun for example_sensors to None, run_after=None
[2024-09-12T14:11:09.214+0000] {processor.py:208} INFO - Processing /home/airflow/.local/lib/python3.12/site-packages/airflow/example_dags/example_sensors.py took 1.030 seconds
[2024-09-12T14:11:39.947+0000] {processor.py:186} INFO - Started process (PID=1402) to work on /home/airflow/.local/lib/python3.12/site-packages/airflow/example_dags/example_sensors.py
[2024-09-12T14:11:39.948+0000] {processor.py:914} INFO - Processing file /home/airflow/.local/lib/python3.12/site-packages/airflow/example_dags/example_sensors.py for tasks to queue
[2024-09-12T14:11:39.951+0000] {logging_mixin.py:190} INFO - [2024-09-12T14:11:39.950+0000] {dagbag.py:587} INFO - Filling up the DagBag from /home/airflow/.local/lib/python3.12/site-packages/airflow/example_dags/example_sensors.py
[2024-09-12T14:11:39.962+0000] {processor.py:925} INFO - DAG(s) 'example_sensors' retrieved from /home/airflow/.local/lib/python3.12/site-packages/airflow/example_dags/example_sensors.py
[2024-09-12T14:11:39.990+0000] {logging_mixin.py:190} INFO - [2024-09-12T14:11:39.990+0000] {dag.py:3229} INFO - Sync 1 DAGs
[2024-09-12T14:11:40.006+0000] {logging_mixin.py:190} INFO - [2024-09-12T14:11:40.006+0000] {dag.py:4156} INFO - Setting next_dagrun for example_sensors to None, run_after=None
[2024-09-12T14:11:40.025+0000] {processor.py:208} INFO - Processing /home/airflow/.local/lib/python3.12/site-packages/airflow/example_dags/example_sensors.py took 0.084 seconds
[2024-09-12T14:12:10.159+0000] {processor.py:186} INFO - Started process (PID=1464) to work on /home/airflow/.local/lib/python3.12/site-packages/airflow/example_dags/example_sensors.py
[2024-09-12T14:12:10.161+0000] {processor.py:914} INFO - Processing file /home/airflow/.local/lib/python3.12/site-packages/airflow/example_dags/example_sensors.py for tasks to queue
[2024-09-12T14:12:10.164+0000] {logging_mixin.py:190} INFO - [2024-09-12T14:12:10.163+0000] {dagbag.py:587} INFO - Filling up the DagBag from /home/airflow/.local/lib/python3.12/site-packages/airflow/example_dags/example_sensors.py
[2024-09-12T14:12:10.178+0000] {processor.py:925} INFO - DAG(s) 'example_sensors' retrieved from /home/airflow/.local/lib/python3.12/site-packages/airflow/example_dags/example_sensors.py
[2024-09-12T14:12:10.212+0000] {logging_mixin.py:190} INFO - [2024-09-12T14:12:10.211+0000] {dag.py:3229} INFO - Sync 1 DAGs
[2024-09-12T14:12:10.229+0000] {logging_mixin.py:190} INFO - [2024-09-12T14:12:10.228+0000] {dag.py:4156} INFO - Setting next_dagrun for example_sensors to None, run_after=None
[2024-09-12T14:12:10.250+0000] {processor.py:208} INFO - Processing /home/airflow/.local/lib/python3.12/site-packages/airflow/example_dags/example_sensors.py took 0.099 seconds
[2024-09-12T14:12:41.205+0000] {processor.py:186} INFO - Started process (PID=1526) to work on /home/airflow/.local/lib/python3.12/site-packages/airflow/example_dags/example_sensors.py
[2024-09-12T14:12:41.206+0000] {processor.py:914} INFO - Processing file /home/airflow/.local/lib/python3.12/site-packages/airflow/example_dags/example_sensors.py for tasks to queue
[2024-09-12T14:12:41.209+0000] {logging_mixin.py:190} INFO - [2024-09-12T14:12:41.208+0000] {dagbag.py:587} INFO - Filling up the DagBag from /home/airflow/.local/lib/python3.12/site-packages/airflow/example_dags/example_sensors.py
[2024-09-12T14:12:41.221+0000] {processor.py:925} INFO - DAG(s) 'example_sensors' retrieved from /home/airflow/.local/lib/python3.12/site-packages/airflow/example_dags/example_sensors.py
[2024-09-12T14:12:41.293+0000] {logging_mixin.py:190} INFO - [2024-09-12T14:12:41.292+0000] {dag.py:3229} INFO - Sync 1 DAGs
[2024-09-12T14:12:41.309+0000] {logging_mixin.py:190} INFO - [2024-09-12T14:12:41.309+0000] {dag.py:4156} INFO - Setting next_dagrun for example_sensors to None, run_after=None
[2024-09-12T14:12:41.333+0000] {processor.py:208} INFO - Processing /home/airflow/.local/lib/python3.12/site-packages/airflow/example_dags/example_sensors.py took 0.135 seconds
[2024-09-12T14:13:12.282+0000] {processor.py:186} INFO - Started process (PID=1588) to work on /home/airflow/.local/lib/python3.12/site-packages/airflow/example_dags/example_sensors.py
[2024-09-12T14:13:12.283+0000] {processor.py:914} INFO - Processing file /home/airflow/.local/lib/python3.12/site-packages/airflow/example_dags/example_sensors.py for tasks to queue
[2024-09-12T14:13:12.286+0000] {logging_mixin.py:190} INFO - [2024-09-12T14:13:12.285+0000] {dagbag.py:587} INFO - Filling up the DagBag from /home/airflow/.local/lib/python3.12/site-packages/airflow/example_dags/example_sensors.py
[2024-09-12T14:13:12.297+0000] {processor.py:925} INFO - DAG(s) 'example_sensors' retrieved from /home/airflow/.local/lib/python3.12/site-packages/airflow/example_dags/example_sensors.py
[2024-09-12T14:13:12.327+0000] {logging_mixin.py:190} INFO - [2024-09-12T14:13:12.327+0000] {dag.py:3229} INFO - Sync 1 DAGs
[2024-09-12T14:13:12.343+0000] {logging_mixin.py:190} INFO - [2024-09-12T14:13:12.343+0000] {dag.py:4156} INFO - Setting next_dagrun for example_sensors to None, run_after=None
[2024-09-12T14:13:12.403+0000] {processor.py:208} INFO - Processing /home/airflow/.local/lib/python3.12/site-packages/airflow/example_dags/example_sensors.py took 0.127 seconds
[2024-09-12T14:13:42.905+0000] {processor.py:186} INFO - Started process (PID=1650) to work on /home/airflow/.local/lib/python3.12/site-packages/airflow/example_dags/example_sensors.py
[2024-09-12T14:13:42.908+0000] {processor.py:914} INFO - Processing file /home/airflow/.local/lib/python3.12/site-packages/airflow/example_dags/example_sensors.py for tasks to queue
[2024-09-12T14:13:42.912+0000] {logging_mixin.py:190} INFO - [2024-09-12T14:13:42.911+0000] {dagbag.py:587} INFO - Filling up the DagBag from /home/airflow/.local/lib/python3.12/site-packages/airflow/example_dags/example_sensors.py
[2024-09-12T14:13:42.925+0000] {processor.py:925} INFO - DAG(s) 'example_sensors' retrieved from /home/airflow/.local/lib/python3.12/site-packages/airflow/example_dags/example_sensors.py
[2024-09-12T14:13:42.955+0000] {logging_mixin.py:190} INFO - [2024-09-12T14:13:42.955+0000] {dag.py:3229} INFO - Sync 1 DAGs
[2024-09-12T14:13:42.973+0000] {logging_mixin.py:190} INFO - [2024-09-12T14:13:42.972+0000] {dag.py:4156} INFO - Setting next_dagrun for example_sensors to None, run_after=None
[2024-09-12T14:13:42.997+0000] {processor.py:208} INFO - Processing /home/airflow/.local/lib/python3.12/site-packages/airflow/example_dags/example_sensors.py took 0.106 seconds
[2024-09-12T14:14:13.289+0000] {processor.py:186} INFO - Started process (PID=1712) to work on /home/airflow/.local/lib/python3.12/site-packages/airflow/example_dags/example_sensors.py
[2024-09-12T14:14:13.290+0000] {processor.py:914} INFO - Processing file /home/airflow/.local/lib/python3.12/site-packages/airflow/example_dags/example_sensors.py for tasks to queue
[2024-09-12T14:14:13.293+0000] {logging_mixin.py:190} INFO - [2024-09-12T14:14:13.292+0000] {dagbag.py:587} INFO - Filling up the DagBag from /home/airflow/.local/lib/python3.12/site-packages/airflow/example_dags/example_sensors.py
[2024-09-12T14:14:13.306+0000] {processor.py:925} INFO - DAG(s) 'example_sensors' retrieved from /home/airflow/.local/lib/python3.12/site-packages/airflow/example_dags/example_sensors.py
[2024-09-12T14:14:13.339+0000] {logging_mixin.py:190} INFO - [2024-09-12T14:14:13.339+0000] {dag.py:3229} INFO - Sync 1 DAGs
[2024-09-12T14:14:13.356+0000] {logging_mixin.py:190} INFO - [2024-09-12T14:14:13.356+0000] {dag.py:4156} INFO - Setting next_dagrun for example_sensors to None, run_after=None
[2024-09-12T14:14:13.379+0000] {processor.py:208} INFO - Processing /home/airflow/.local/lib/python3.12/site-packages/airflow/example_dags/example_sensors.py took 0.097 seconds
[2024-09-12T14:14:43.938+0000] {processor.py:186} INFO - Started process (PID=1774) to work on /home/airflow/.local/lib/python3.12/site-packages/airflow/example_dags/example_sensors.py
[2024-09-12T14:14:43.939+0000] {processor.py:914} INFO - Processing file /home/airflow/.local/lib/python3.12/site-packages/airflow/example_dags/example_sensors.py for tasks to queue
[2024-09-12T14:14:43.943+0000] {logging_mixin.py:190} INFO - [2024-09-12T14:14:43.942+0000] {dagbag.py:587} INFO - Filling up the DagBag from /home/airflow/.local/lib/python3.12/site-packages/airflow/example_dags/example_sensors.py
[2024-09-12T14:14:43.958+0000] {processor.py:925} INFO - DAG(s) 'example_sensors' retrieved from /home/airflow/.local/lib/python3.12/site-packages/airflow/example_dags/example_sensors.py
[2024-09-12T14:14:43.993+0000] {logging_mixin.py:190} INFO - [2024-09-12T14:14:43.992+0000] {dag.py:3229} INFO - Sync 1 DAGs
[2024-09-12T14:14:44.010+0000] {logging_mixin.py:190} INFO - [2024-09-12T14:14:44.010+0000] {dag.py:4156} INFO - Setting next_dagrun for example_sensors to None, run_after=None
[2024-09-12T14:14:44.033+0000] {processor.py:208} INFO - Processing /home/airflow/.local/lib/python3.12/site-packages/airflow/example_dags/example_sensors.py took 0.104 seconds
[2024-09-12T14:15:14.373+0000] {processor.py:186} INFO - Started process (PID=1835) to work on /home/airflow/.local/lib/python3.12/site-packages/airflow/example_dags/example_sensors.py
[2024-09-12T14:15:14.374+0000] {processor.py:914} INFO - Processing file /home/airflow/.local/lib/python3.12/site-packages/airflow/example_dags/example_sensors.py for tasks to queue
[2024-09-12T14:15:14.377+0000] {logging_mixin.py:190} INFO - [2024-09-12T14:15:14.377+0000] {dagbag.py:587} INFO - Filling up the DagBag from /home/airflow/.local/lib/python3.12/site-packages/airflow/example_dags/example_sensors.py
[2024-09-12T14:15:14.391+0000] {processor.py:925} INFO - DAG(s) 'example_sensors' retrieved from /home/airflow/.local/lib/python3.12/site-packages/airflow/example_dags/example_sensors.py
[2024-09-12T14:15:14.425+0000] {logging_mixin.py:190} INFO - [2024-09-12T14:15:14.425+0000] {dag.py:3229} INFO - Sync 1 DAGs
[2024-09-12T14:15:14.442+0000] {logging_mixin.py:190} INFO - [2024-09-12T14:15:14.442+0000] {dag.py:4156} INFO - Setting next_dagrun for example_sensors to None, run_after=None
[2024-09-12T14:15:14.462+0000] {processor.py:208} INFO - Processing /home/airflow/.local/lib/python3.12/site-packages/airflow/example_dags/example_sensors.py took 0.097 seconds
[2024-09-12T14:18:15.906+0000] {processor.py:186} INFO - Started process (PID=87) to work on /home/airflow/.local/lib/python3.12/site-packages/airflow/example_dags/example_sensors.py
[2024-09-12T14:18:15.907+0000] {processor.py:914} INFO - Processing file /home/airflow/.local/lib/python3.12/site-packages/airflow/example_dags/example_sensors.py for tasks to queue
[2024-09-12T14:18:15.910+0000] {logging_mixin.py:190} INFO - [2024-09-12T14:18:15.910+0000] {dagbag.py:587} INFO - Filling up the DagBag from /home/airflow/.local/lib/python3.12/site-packages/airflow/example_dags/example_sensors.py
[2024-09-12T14:18:15.924+0000] {processor.py:925} INFO - DAG(s) 'example_sensors' retrieved from /home/airflow/.local/lib/python3.12/site-packages/airflow/example_dags/example_sensors.py
[2024-09-12T14:18:15.959+0000] {logging_mixin.py:190} INFO - [2024-09-12T14:18:15.959+0000] {dag.py:3229} INFO - Sync 1 DAGs
[2024-09-12T14:18:15.975+0000] {logging_mixin.py:190} INFO - [2024-09-12T14:18:15.975+0000] {dag.py:4156} INFO - Setting next_dagrun for example_sensors to None, run_after=None
[2024-09-12T14:18:15.992+0000] {processor.py:208} INFO - Processing /home/airflow/.local/lib/python3.12/site-packages/airflow/example_dags/example_sensors.py took 0.092 seconds
[2024-09-12T14:18:48.065+0000] {processor.py:186} INFO - Started process (PID=149) to work on /home/airflow/.local/lib/python3.12/site-packages/airflow/example_dags/example_sensors.py
[2024-09-12T14:18:48.066+0000] {processor.py:914} INFO - Processing file /home/airflow/.local/lib/python3.12/site-packages/airflow/example_dags/example_sensors.py for tasks to queue
[2024-09-12T14:18:48.069+0000] {logging_mixin.py:190} INFO - [2024-09-12T14:18:48.069+0000] {dagbag.py:587} INFO - Filling up the DagBag from /home/airflow/.local/lib/python3.12/site-packages/airflow/example_dags/example_sensors.py
[2024-09-12T14:18:48.084+0000] {processor.py:925} INFO - DAG(s) 'example_sensors' retrieved from /home/airflow/.local/lib/python3.12/site-packages/airflow/example_dags/example_sensors.py
[2024-09-12T14:18:48.140+0000] {logging_mixin.py:190} INFO - [2024-09-12T14:18:48.139+0000] {dag.py:3229} INFO - Sync 1 DAGs
[2024-09-12T14:18:48.158+0000] {logging_mixin.py:190} INFO - [2024-09-12T14:18:48.157+0000] {dag.py:4156} INFO - Setting next_dagrun for example_sensors to None, run_after=None
[2024-09-12T14:18:48.183+0000] {processor.py:208} INFO - Processing /home/airflow/.local/lib/python3.12/site-packages/airflow/example_dags/example_sensors.py took 0.125 seconds
