[2024-09-12T14:00:57.088+0000] {processor.py:186} INFO - Started process (PID=99) to work on /home/airflow/.local/lib/python3.12/site-packages/airflow/example_dags/example_skip_dag.py
[2024-09-12T14:00:57.089+0000] {processor.py:914} INFO - Processing file /home/airflow/.local/lib/python3.12/site-packages/airflow/example_dags/example_skip_dag.py for tasks to queue
[2024-09-12T14:00:57.092+0000] {logging_mixin.py:190} INFO - [2024-09-12T14:00:57.091+0000] {dagbag.py:587} INFO - Filling up the DagBag from /home/airflow/.local/lib/python3.12/site-packages/airflow/example_dags/example_skip_dag.py
[2024-09-12T14:00:57.105+0000] {processor.py:925} INFO - DAG(s) 'example_skip_dag' retrieved from /home/airflow/.local/lib/python3.12/site-packages/airflow/example_dags/example_skip_dag.py
[2024-09-12T14:00:57.391+0000] {logging_mixin.py:190} INFO - [2024-09-12T14:00:57.390+0000] {override.py:1900} INFO - Created Permission View: can read on DAG:example_skip_dag
[2024-09-12T14:00:57.403+0000] {logging_mixin.py:190} INFO - [2024-09-12T14:00:57.402+0000] {override.py:1900} INFO - Created Permission View: can delete on DAG:example_skip_dag
[2024-09-12T14:00:57.411+0000] {logging_mixin.py:190} INFO - [2024-09-12T14:00:57.410+0000] {override.py:1900} INFO - Created Permission View: can edit on DAG:example_skip_dag
[2024-09-12T14:00:57.418+0000] {logging_mixin.py:190} INFO - [2024-09-12T14:00:57.418+0000] {override.py:1900} INFO - Created Permission View: can read on DAG Run:example_skip_dag
[2024-09-12T14:00:57.425+0000] {logging_mixin.py:190} INFO - [2024-09-12T14:00:57.424+0000] {override.py:1900} INFO - Created Permission View: can create on DAG Run:example_skip_dag
[2024-09-12T14:00:57.431+0000] {logging_mixin.py:190} INFO - [2024-09-12T14:00:57.431+0000] {override.py:1900} INFO - Created Permission View: can delete on DAG Run:example_skip_dag
[2024-09-12T14:00:57.488+0000] {logging_mixin.py:190} INFO - [2024-09-12T14:00:57.488+0000] {override.py:1900} INFO - Created Permission View: menu access on DAG Run:example_skip_dag
[2024-09-12T14:00:57.489+0000] {logging_mixin.py:190} INFO - [2024-09-12T14:00:57.489+0000] {dag.py:3229} INFO - Sync 1 DAGs
[2024-09-12T14:00:57.509+0000] {logging_mixin.py:190} INFO - [2024-09-12T14:00:57.508+0000] {dag.py:3252} INFO - Creating ORM DAG for example_skip_dag
[2024-09-12T14:00:57.523+0000] {logging_mixin.py:190} INFO - [2024-09-12T14:00:57.523+0000] {dag.py:4156} INFO - Setting next_dagrun for example_skip_dag to 2024-09-11 00:00:00+00:00, run_after=2024-09-12 00:00:00+00:00
[2024-09-12T14:00:57.590+0000] {processor.py:208} INFO - Processing /home/airflow/.local/lib/python3.12/site-packages/airflow/example_dags/example_skip_dag.py took 0.554 seconds
[2024-09-12T14:01:27.797+0000] {processor.py:186} INFO - Started process (PID=161) to work on /home/airflow/.local/lib/python3.12/site-packages/airflow/example_dags/example_skip_dag.py
[2024-09-12T14:01:27.798+0000] {processor.py:914} INFO - Processing file /home/airflow/.local/lib/python3.12/site-packages/airflow/example_dags/example_skip_dag.py for tasks to queue
[2024-09-12T14:01:27.801+0000] {logging_mixin.py:190} INFO - [2024-09-12T14:01:27.800+0000] {dagbag.py:587} INFO - Filling up the DagBag from /home/airflow/.local/lib/python3.12/site-packages/airflow/example_dags/example_skip_dag.py
[2024-09-12T14:01:27.809+0000] {processor.py:925} INFO - DAG(s) 'example_skip_dag' retrieved from /home/airflow/.local/lib/python3.12/site-packages/airflow/example_dags/example_skip_dag.py
[2024-09-12T14:01:27.835+0000] {logging_mixin.py:190} INFO - [2024-09-12T14:01:27.835+0000] {dag.py:3229} INFO - Sync 1 DAGs
[2024-09-12T14:01:27.865+0000] {logging_mixin.py:190} INFO - [2024-09-12T14:01:27.864+0000] {dag.py:4156} INFO - Setting next_dagrun for example_skip_dag to 2024-09-11 00:00:00+00:00, run_after=2024-09-12 00:00:00+00:00
[2024-09-12T14:01:27.890+0000] {processor.py:208} INFO - Processing /home/airflow/.local/lib/python3.12/site-packages/airflow/example_dags/example_skip_dag.py took 0.100 seconds
[2024-09-12T14:01:57.942+0000] {processor.py:186} INFO - Started process (PID=223) to work on /home/airflow/.local/lib/python3.12/site-packages/airflow/example_dags/example_skip_dag.py
[2024-09-12T14:01:57.943+0000] {processor.py:914} INFO - Processing file /home/airflow/.local/lib/python3.12/site-packages/airflow/example_dags/example_skip_dag.py for tasks to queue
[2024-09-12T14:01:57.945+0000] {logging_mixin.py:190} INFO - [2024-09-12T14:01:57.945+0000] {dagbag.py:587} INFO - Filling up the DagBag from /home/airflow/.local/lib/python3.12/site-packages/airflow/example_dags/example_skip_dag.py
[2024-09-12T14:01:57.955+0000] {processor.py:925} INFO - DAG(s) 'example_skip_dag' retrieved from /home/airflow/.local/lib/python3.12/site-packages/airflow/example_dags/example_skip_dag.py
[2024-09-12T14:01:57.981+0000] {logging_mixin.py:190} INFO - [2024-09-12T14:01:57.980+0000] {dag.py:3229} INFO - Sync 1 DAGs
[2024-09-12T14:01:58.010+0000] {logging_mixin.py:190} INFO - [2024-09-12T14:01:58.010+0000] {dag.py:4156} INFO - Setting next_dagrun for example_skip_dag to 2024-09-11 00:00:00+00:00, run_after=2024-09-12 00:00:00+00:00
[2024-09-12T14:01:58.028+0000] {processor.py:208} INFO - Processing /home/airflow/.local/lib/python3.12/site-packages/airflow/example_dags/example_skip_dag.py took 0.094 seconds
[2024-09-12T14:02:28.393+0000] {processor.py:186} INFO - Started process (PID=285) to work on /home/airflow/.local/lib/python3.12/site-packages/airflow/example_dags/example_skip_dag.py
[2024-09-12T14:02:28.394+0000] {processor.py:914} INFO - Processing file /home/airflow/.local/lib/python3.12/site-packages/airflow/example_dags/example_skip_dag.py for tasks to queue
[2024-09-12T14:02:28.396+0000] {logging_mixin.py:190} INFO - [2024-09-12T14:02:28.396+0000] {dagbag.py:587} INFO - Filling up the DagBag from /home/airflow/.local/lib/python3.12/site-packages/airflow/example_dags/example_skip_dag.py
[2024-09-12T14:02:28.405+0000] {processor.py:925} INFO - DAG(s) 'example_skip_dag' retrieved from /home/airflow/.local/lib/python3.12/site-packages/airflow/example_dags/example_skip_dag.py
[2024-09-12T14:02:28.428+0000] {logging_mixin.py:190} INFO - [2024-09-12T14:02:28.427+0000] {dag.py:3229} INFO - Sync 1 DAGs
[2024-09-12T14:02:28.451+0000] {logging_mixin.py:190} INFO - [2024-09-12T14:02:28.451+0000] {dag.py:4156} INFO - Setting next_dagrun for example_skip_dag to 2024-09-11 00:00:00+00:00, run_after=2024-09-12 00:00:00+00:00
[2024-09-12T14:02:28.469+0000] {processor.py:208} INFO - Processing /home/airflow/.local/lib/python3.12/site-packages/airflow/example_dags/example_skip_dag.py took 0.083 seconds
[2024-09-12T14:02:59.302+0000] {processor.py:186} INFO - Started process (PID=347) to work on /home/airflow/.local/lib/python3.12/site-packages/airflow/example_dags/example_skip_dag.py
[2024-09-12T14:02:59.303+0000] {processor.py:914} INFO - Processing file /home/airflow/.local/lib/python3.12/site-packages/airflow/example_dags/example_skip_dag.py for tasks to queue
[2024-09-12T14:02:59.306+0000] {logging_mixin.py:190} INFO - [2024-09-12T14:02:59.305+0000] {dagbag.py:587} INFO - Filling up the DagBag from /home/airflow/.local/lib/python3.12/site-packages/airflow/example_dags/example_skip_dag.py
[2024-09-12T14:02:59.315+0000] {processor.py:925} INFO - DAG(s) 'example_skip_dag' retrieved from /home/airflow/.local/lib/python3.12/site-packages/airflow/example_dags/example_skip_dag.py
[2024-09-12T14:02:59.386+0000] {logging_mixin.py:190} INFO - [2024-09-12T14:02:59.386+0000] {dag.py:3229} INFO - Sync 1 DAGs
[2024-09-12T14:02:59.414+0000] {logging_mixin.py:190} INFO - [2024-09-12T14:02:59.414+0000] {dag.py:4156} INFO - Setting next_dagrun for example_skip_dag to 2024-09-11 00:00:00+00:00, run_after=2024-09-12 00:00:00+00:00
[2024-09-12T14:02:59.436+0000] {processor.py:208} INFO - Processing /home/airflow/.local/lib/python3.12/site-packages/airflow/example_dags/example_skip_dag.py took 0.141 seconds
[2024-09-12T14:03:29.532+0000] {processor.py:186} INFO - Started process (PID=409) to work on /home/airflow/.local/lib/python3.12/site-packages/airflow/example_dags/example_skip_dag.py
[2024-09-12T14:03:29.533+0000] {processor.py:914} INFO - Processing file /home/airflow/.local/lib/python3.12/site-packages/airflow/example_dags/example_skip_dag.py for tasks to queue
[2024-09-12T14:03:29.536+0000] {logging_mixin.py:190} INFO - [2024-09-12T14:03:29.536+0000] {dagbag.py:587} INFO - Filling up the DagBag from /home/airflow/.local/lib/python3.12/site-packages/airflow/example_dags/example_skip_dag.py
[2024-09-12T14:03:29.548+0000] {processor.py:925} INFO - DAG(s) 'example_skip_dag' retrieved from /home/airflow/.local/lib/python3.12/site-packages/airflow/example_dags/example_skip_dag.py
[2024-09-12T14:03:29.579+0000] {logging_mixin.py:190} INFO - [2024-09-12T14:03:29.579+0000] {dag.py:3229} INFO - Sync 1 DAGs
[2024-09-12T14:03:29.611+0000] {logging_mixin.py:190} INFO - [2024-09-12T14:03:29.610+0000] {dag.py:4156} INFO - Setting next_dagrun for example_skip_dag to 2024-09-11 00:00:00+00:00, run_after=2024-09-12 00:00:00+00:00
[2024-09-12T14:03:29.637+0000] {processor.py:208} INFO - Processing /home/airflow/.local/lib/python3.12/site-packages/airflow/example_dags/example_skip_dag.py took 0.113 seconds
[2024-09-12T14:03:59.721+0000] {processor.py:186} INFO - Started process (PID=471) to work on /home/airflow/.local/lib/python3.12/site-packages/airflow/example_dags/example_skip_dag.py
[2024-09-12T14:03:59.722+0000] {processor.py:914} INFO - Processing file /home/airflow/.local/lib/python3.12/site-packages/airflow/example_dags/example_skip_dag.py for tasks to queue
[2024-09-12T14:03:59.725+0000] {logging_mixin.py:190} INFO - [2024-09-12T14:03:59.724+0000] {dagbag.py:587} INFO - Filling up the DagBag from /home/airflow/.local/lib/python3.12/site-packages/airflow/example_dags/example_skip_dag.py
[2024-09-12T14:03:59.733+0000] {processor.py:925} INFO - DAG(s) 'example_skip_dag' retrieved from /home/airflow/.local/lib/python3.12/site-packages/airflow/example_dags/example_skip_dag.py
[2024-09-12T14:03:59.756+0000] {logging_mixin.py:190} INFO - [2024-09-12T14:03:59.756+0000] {dag.py:3229} INFO - Sync 1 DAGs
[2024-09-12T14:03:59.780+0000] {logging_mixin.py:190} INFO - [2024-09-12T14:03:59.779+0000] {dag.py:4156} INFO - Setting next_dagrun for example_skip_dag to 2024-09-11 00:00:00+00:00, run_after=2024-09-12 00:00:00+00:00
[2024-09-12T14:03:59.798+0000] {processor.py:208} INFO - Processing /home/airflow/.local/lib/python3.12/site-packages/airflow/example_dags/example_skip_dag.py took 0.083 seconds
[2024-09-12T14:04:30.182+0000] {processor.py:186} INFO - Started process (PID=533) to work on /home/airflow/.local/lib/python3.12/site-packages/airflow/example_dags/example_skip_dag.py
[2024-09-12T14:04:30.183+0000] {processor.py:914} INFO - Processing file /home/airflow/.local/lib/python3.12/site-packages/airflow/example_dags/example_skip_dag.py for tasks to queue
[2024-09-12T14:04:30.185+0000] {logging_mixin.py:190} INFO - [2024-09-12T14:04:30.185+0000] {dagbag.py:587} INFO - Filling up the DagBag from /home/airflow/.local/lib/python3.12/site-packages/airflow/example_dags/example_skip_dag.py
[2024-09-12T14:04:30.194+0000] {processor.py:925} INFO - DAG(s) 'example_skip_dag' retrieved from /home/airflow/.local/lib/python3.12/site-packages/airflow/example_dags/example_skip_dag.py
[2024-09-12T14:04:30.219+0000] {logging_mixin.py:190} INFO - [2024-09-12T14:04:30.219+0000] {dag.py:3229} INFO - Sync 1 DAGs
[2024-09-12T14:04:30.244+0000] {logging_mixin.py:190} INFO - [2024-09-12T14:04:30.243+0000] {dag.py:4156} INFO - Setting next_dagrun for example_skip_dag to 2024-09-11 00:00:00+00:00, run_after=2024-09-12 00:00:00+00:00
[2024-09-12T14:04:30.263+0000] {processor.py:208} INFO - Processing /home/airflow/.local/lib/python3.12/site-packages/airflow/example_dags/example_skip_dag.py took 0.088 seconds
[2024-09-12T14:05:00.957+0000] {processor.py:186} INFO - Started process (PID=595) to work on /home/airflow/.local/lib/python3.12/site-packages/airflow/example_dags/example_skip_dag.py
[2024-09-12T14:05:00.958+0000] {processor.py:914} INFO - Processing file /home/airflow/.local/lib/python3.12/site-packages/airflow/example_dags/example_skip_dag.py for tasks to queue
[2024-09-12T14:05:00.960+0000] {logging_mixin.py:190} INFO - [2024-09-12T14:05:00.960+0000] {dagbag.py:587} INFO - Filling up the DagBag from /home/airflow/.local/lib/python3.12/site-packages/airflow/example_dags/example_skip_dag.py
[2024-09-12T14:05:00.969+0000] {processor.py:925} INFO - DAG(s) 'example_skip_dag' retrieved from /home/airflow/.local/lib/python3.12/site-packages/airflow/example_dags/example_skip_dag.py
[2024-09-12T14:05:00.996+0000] {logging_mixin.py:190} INFO - [2024-09-12T14:05:00.996+0000] {dag.py:3229} INFO - Sync 1 DAGs
[2024-09-12T14:05:01.032+0000] {logging_mixin.py:190} INFO - [2024-09-12T14:05:01.031+0000] {dag.py:4156} INFO - Setting next_dagrun for example_skip_dag to 2024-09-11 00:00:00+00:00, run_after=2024-09-12 00:00:00+00:00
[2024-09-12T14:05:01.051+0000] {processor.py:208} INFO - Processing /home/airflow/.local/lib/python3.12/site-packages/airflow/example_dags/example_skip_dag.py took 0.101 seconds
[2024-09-12T14:05:31.714+0000] {processor.py:186} INFO - Started process (PID=657) to work on /home/airflow/.local/lib/python3.12/site-packages/airflow/example_dags/example_skip_dag.py
[2024-09-12T14:05:31.715+0000] {processor.py:914} INFO - Processing file /home/airflow/.local/lib/python3.12/site-packages/airflow/example_dags/example_skip_dag.py for tasks to queue
[2024-09-12T14:05:31.717+0000] {logging_mixin.py:190} INFO - [2024-09-12T14:05:31.717+0000] {dagbag.py:587} INFO - Filling up the DagBag from /home/airflow/.local/lib/python3.12/site-packages/airflow/example_dags/example_skip_dag.py
[2024-09-12T14:05:31.726+0000] {processor.py:925} INFO - DAG(s) 'example_skip_dag' retrieved from /home/airflow/.local/lib/python3.12/site-packages/airflow/example_dags/example_skip_dag.py
[2024-09-12T14:05:31.749+0000] {logging_mixin.py:190} INFO - [2024-09-12T14:05:31.749+0000] {dag.py:3229} INFO - Sync 1 DAGs
[2024-09-12T14:05:31.800+0000] {logging_mixin.py:190} INFO - [2024-09-12T14:05:31.800+0000] {dag.py:4156} INFO - Setting next_dagrun for example_skip_dag to 2024-09-11 00:00:00+00:00, run_after=2024-09-12 00:00:00+00:00
[2024-09-12T14:05:31.817+0000] {processor.py:208} INFO - Processing /home/airflow/.local/lib/python3.12/site-packages/airflow/example_dags/example_skip_dag.py took 0.110 seconds
[2024-09-12T14:06:02.015+0000] {processor.py:186} INFO - Started process (PID=719) to work on /home/airflow/.local/lib/python3.12/site-packages/airflow/example_dags/example_skip_dag.py
[2024-09-12T14:06:02.017+0000] {processor.py:914} INFO - Processing file /home/airflow/.local/lib/python3.12/site-packages/airflow/example_dags/example_skip_dag.py for tasks to queue
[2024-09-12T14:06:02.019+0000] {logging_mixin.py:190} INFO - [2024-09-12T14:06:02.019+0000] {dagbag.py:587} INFO - Filling up the DagBag from /home/airflow/.local/lib/python3.12/site-packages/airflow/example_dags/example_skip_dag.py
[2024-09-12T14:06:02.027+0000] {processor.py:925} INFO - DAG(s) 'example_skip_dag' retrieved from /home/airflow/.local/lib/python3.12/site-packages/airflow/example_dags/example_skip_dag.py
[2024-09-12T14:06:02.050+0000] {logging_mixin.py:190} INFO - [2024-09-12T14:06:02.049+0000] {dag.py:3229} INFO - Sync 1 DAGs
[2024-09-12T14:06:02.076+0000] {logging_mixin.py:190} INFO - [2024-09-12T14:06:02.076+0000] {dag.py:4156} INFO - Setting next_dagrun for example_skip_dag to 2024-09-11 00:00:00+00:00, run_after=2024-09-12 00:00:00+00:00
[2024-09-12T14:06:02.092+0000] {processor.py:208} INFO - Processing /home/airflow/.local/lib/python3.12/site-packages/airflow/example_dags/example_skip_dag.py took 0.083 seconds
[2024-09-12T14:06:32.625+0000] {processor.py:186} INFO - Started process (PID=781) to work on /home/airflow/.local/lib/python3.12/site-packages/airflow/example_dags/example_skip_dag.py
[2024-09-12T14:06:32.626+0000] {processor.py:914} INFO - Processing file /home/airflow/.local/lib/python3.12/site-packages/airflow/example_dags/example_skip_dag.py for tasks to queue
[2024-09-12T14:06:32.629+0000] {logging_mixin.py:190} INFO - [2024-09-12T14:06:32.628+0000] {dagbag.py:587} INFO - Filling up the DagBag from /home/airflow/.local/lib/python3.12/site-packages/airflow/example_dags/example_skip_dag.py
[2024-09-12T14:06:32.640+0000] {processor.py:925} INFO - DAG(s) 'example_skip_dag' retrieved from /home/airflow/.local/lib/python3.12/site-packages/airflow/example_dags/example_skip_dag.py
[2024-09-12T14:06:32.668+0000] {logging_mixin.py:190} INFO - [2024-09-12T14:06:32.668+0000] {dag.py:3229} INFO - Sync 1 DAGs
[2024-09-12T14:06:32.696+0000] {logging_mixin.py:190} INFO - [2024-09-12T14:06:32.696+0000] {dag.py:4156} INFO - Setting next_dagrun for example_skip_dag to 2024-09-11 00:00:00+00:00, run_after=2024-09-12 00:00:00+00:00
[2024-09-12T14:06:32.723+0000] {processor.py:208} INFO - Processing /home/airflow/.local/lib/python3.12/site-packages/airflow/example_dags/example_skip_dag.py took 0.105 seconds
[2024-09-12T14:07:02.895+0000] {processor.py:186} INFO - Started process (PID=843) to work on /home/airflow/.local/lib/python3.12/site-packages/airflow/example_dags/example_skip_dag.py
[2024-09-12T14:07:02.896+0000] {processor.py:914} INFO - Processing file /home/airflow/.local/lib/python3.12/site-packages/airflow/example_dags/example_skip_dag.py for tasks to queue
[2024-09-12T14:07:02.899+0000] {logging_mixin.py:190} INFO - [2024-09-12T14:07:02.898+0000] {dagbag.py:587} INFO - Filling up the DagBag from /home/airflow/.local/lib/python3.12/site-packages/airflow/example_dags/example_skip_dag.py
[2024-09-12T14:07:02.907+0000] {processor.py:925} INFO - DAG(s) 'example_skip_dag' retrieved from /home/airflow/.local/lib/python3.12/site-packages/airflow/example_dags/example_skip_dag.py
[2024-09-12T14:07:02.931+0000] {logging_mixin.py:190} INFO - [2024-09-12T14:07:02.931+0000] {dag.py:3229} INFO - Sync 1 DAGs
[2024-09-12T14:07:02.956+0000] {logging_mixin.py:190} INFO - [2024-09-12T14:07:02.955+0000] {dag.py:4156} INFO - Setting next_dagrun for example_skip_dag to 2024-09-11 00:00:00+00:00, run_after=2024-09-12 00:00:00+00:00
[2024-09-12T14:07:02.977+0000] {processor.py:208} INFO - Processing /home/airflow/.local/lib/python3.12/site-packages/airflow/example_dags/example_skip_dag.py took 0.089 seconds
[2024-09-12T14:07:33.472+0000] {processor.py:186} INFO - Started process (PID=911) to work on /home/airflow/.local/lib/python3.12/site-packages/airflow/example_dags/example_skip_dag.py
[2024-09-12T14:07:33.473+0000] {processor.py:914} INFO - Processing file /home/airflow/.local/lib/python3.12/site-packages/airflow/example_dags/example_skip_dag.py for tasks to queue
[2024-09-12T14:07:33.475+0000] {logging_mixin.py:190} INFO - [2024-09-12T14:07:33.475+0000] {dagbag.py:587} INFO - Filling up the DagBag from /home/airflow/.local/lib/python3.12/site-packages/airflow/example_dags/example_skip_dag.py
[2024-09-12T14:07:33.484+0000] {processor.py:925} INFO - DAG(s) 'example_skip_dag' retrieved from /home/airflow/.local/lib/python3.12/site-packages/airflow/example_dags/example_skip_dag.py
[2024-09-12T14:07:33.508+0000] {logging_mixin.py:190} INFO - [2024-09-12T14:07:33.508+0000] {dag.py:3229} INFO - Sync 1 DAGs
[2024-09-12T14:07:33.536+0000] {logging_mixin.py:190} INFO - [2024-09-12T14:07:33.536+0000] {dag.py:4156} INFO - Setting next_dagrun for example_skip_dag to 2024-09-11 00:00:00+00:00, run_after=2024-09-12 00:00:00+00:00
[2024-09-12T14:07:33.554+0000] {processor.py:208} INFO - Processing /home/airflow/.local/lib/python3.12/site-packages/airflow/example_dags/example_skip_dag.py took 0.089 seconds
[2024-09-12T14:08:05.314+0000] {processor.py:186} INFO - Started process (PID=973) to work on /home/airflow/.local/lib/python3.12/site-packages/airflow/example_dags/example_skip_dag.py
[2024-09-12T14:08:05.315+0000] {processor.py:914} INFO - Processing file /home/airflow/.local/lib/python3.12/site-packages/airflow/example_dags/example_skip_dag.py for tasks to queue
[2024-09-12T14:08:05.317+0000] {logging_mixin.py:190} INFO - [2024-09-12T14:08:05.317+0000] {dagbag.py:587} INFO - Filling up the DagBag from /home/airflow/.local/lib/python3.12/site-packages/airflow/example_dags/example_skip_dag.py
[2024-09-12T14:08:05.326+0000] {processor.py:925} INFO - DAG(s) 'example_skip_dag' retrieved from /home/airflow/.local/lib/python3.12/site-packages/airflow/example_dags/example_skip_dag.py
[2024-09-12T14:08:05.405+0000] {logging_mixin.py:190} INFO - [2024-09-12T14:08:05.404+0000] {dag.py:3229} INFO - Sync 1 DAGs
[2024-09-12T14:08:05.495+0000] {logging_mixin.py:190} INFO - [2024-09-12T14:08:05.495+0000] {dag.py:4156} INFO - Setting next_dagrun for example_skip_dag to 2024-09-11 00:00:00+00:00, run_after=2024-09-12 00:00:00+00:00
[2024-09-12T14:08:05.586+0000] {processor.py:208} INFO - Processing /home/airflow/.local/lib/python3.12/site-packages/airflow/example_dags/example_skip_dag.py took 0.278 seconds
[2024-09-12T14:08:35.905+0000] {processor.py:186} INFO - Started process (PID=1035) to work on /home/airflow/.local/lib/python3.12/site-packages/airflow/example_dags/example_skip_dag.py
[2024-09-12T14:08:35.906+0000] {processor.py:914} INFO - Processing file /home/airflow/.local/lib/python3.12/site-packages/airflow/example_dags/example_skip_dag.py for tasks to queue
[2024-09-12T14:08:35.909+0000] {logging_mixin.py:190} INFO - [2024-09-12T14:08:35.908+0000] {dagbag.py:587} INFO - Filling up the DagBag from /home/airflow/.local/lib/python3.12/site-packages/airflow/example_dags/example_skip_dag.py
[2024-09-12T14:08:35.917+0000] {processor.py:925} INFO - DAG(s) 'example_skip_dag' retrieved from /home/airflow/.local/lib/python3.12/site-packages/airflow/example_dags/example_skip_dag.py
[2024-09-12T14:08:35.941+0000] {logging_mixin.py:190} INFO - [2024-09-12T14:08:35.941+0000] {dag.py:3229} INFO - Sync 1 DAGs
[2024-09-12T14:08:35.981+0000] {logging_mixin.py:190} INFO - [2024-09-12T14:08:35.981+0000] {dag.py:4156} INFO - Setting next_dagrun for example_skip_dag to 2024-09-11 00:00:00+00:00, run_after=2024-09-12 00:00:00+00:00
[2024-09-12T14:08:36.001+0000] {processor.py:208} INFO - Processing /home/airflow/.local/lib/python3.12/site-packages/airflow/example_dags/example_skip_dag.py took 0.103 seconds
[2024-09-12T14:09:06.931+0000] {processor.py:186} INFO - Started process (PID=1097) to work on /home/airflow/.local/lib/python3.12/site-packages/airflow/example_dags/example_skip_dag.py
[2024-09-12T14:09:06.932+0000] {processor.py:914} INFO - Processing file /home/airflow/.local/lib/python3.12/site-packages/airflow/example_dags/example_skip_dag.py for tasks to queue
[2024-09-12T14:09:06.934+0000] {logging_mixin.py:190} INFO - [2024-09-12T14:09:06.934+0000] {dagbag.py:587} INFO - Filling up the DagBag from /home/airflow/.local/lib/python3.12/site-packages/airflow/example_dags/example_skip_dag.py
[2024-09-12T14:09:06.942+0000] {processor.py:925} INFO - DAG(s) 'example_skip_dag' retrieved from /home/airflow/.local/lib/python3.12/site-packages/airflow/example_dags/example_skip_dag.py
[2024-09-12T14:09:06.966+0000] {logging_mixin.py:190} INFO - [2024-09-12T14:09:06.966+0000] {dag.py:3229} INFO - Sync 1 DAGs
[2024-09-12T14:09:06.993+0000] {logging_mixin.py:190} INFO - [2024-09-12T14:09:06.993+0000] {dag.py:4156} INFO - Setting next_dagrun for example_skip_dag to 2024-09-11 00:00:00+00:00, run_after=2024-09-12 00:00:00+00:00
[2024-09-12T14:09:07.010+0000] {processor.py:208} INFO - Processing /home/airflow/.local/lib/python3.12/site-packages/airflow/example_dags/example_skip_dag.py took 0.085 seconds
[2024-09-12T14:09:37.347+0000] {processor.py:186} INFO - Started process (PID=1159) to work on /home/airflow/.local/lib/python3.12/site-packages/airflow/example_dags/example_skip_dag.py
[2024-09-12T14:09:37.348+0000] {processor.py:914} INFO - Processing file /home/airflow/.local/lib/python3.12/site-packages/airflow/example_dags/example_skip_dag.py for tasks to queue
[2024-09-12T14:09:37.351+0000] {logging_mixin.py:190} INFO - [2024-09-12T14:09:37.350+0000] {dagbag.py:587} INFO - Filling up the DagBag from /home/airflow/.local/lib/python3.12/site-packages/airflow/example_dags/example_skip_dag.py
[2024-09-12T14:09:37.359+0000] {processor.py:925} INFO - DAG(s) 'example_skip_dag' retrieved from /home/airflow/.local/lib/python3.12/site-packages/airflow/example_dags/example_skip_dag.py
[2024-09-12T14:09:37.399+0000] {logging_mixin.py:190} INFO - [2024-09-12T14:09:37.399+0000] {dag.py:3229} INFO - Sync 1 DAGs
[2024-09-12T14:09:37.424+0000] {logging_mixin.py:190} INFO - [2024-09-12T14:09:37.424+0000] {dag.py:4156} INFO - Setting next_dagrun for example_skip_dag to 2024-09-11 00:00:00+00:00, run_after=2024-09-12 00:00:00+00:00
[2024-09-12T14:09:37.481+0000] {processor.py:208} INFO - Processing /home/airflow/.local/lib/python3.12/site-packages/airflow/example_dags/example_skip_dag.py took 0.141 seconds
[2024-09-12T14:10:08.021+0000] {processor.py:186} INFO - Started process (PID=1221) to work on /home/airflow/.local/lib/python3.12/site-packages/airflow/example_dags/example_skip_dag.py
[2024-09-12T14:10:08.022+0000] {processor.py:914} INFO - Processing file /home/airflow/.local/lib/python3.12/site-packages/airflow/example_dags/example_skip_dag.py for tasks to queue
[2024-09-12T14:10:08.025+0000] {logging_mixin.py:190} INFO - [2024-09-12T14:10:08.024+0000] {dagbag.py:587} INFO - Filling up the DagBag from /home/airflow/.local/lib/python3.12/site-packages/airflow/example_dags/example_skip_dag.py
[2024-09-12T14:10:08.034+0000] {processor.py:925} INFO - DAG(s) 'example_skip_dag' retrieved from /home/airflow/.local/lib/python3.12/site-packages/airflow/example_dags/example_skip_dag.py
[2024-09-12T14:10:08.058+0000] {logging_mixin.py:190} INFO - [2024-09-12T14:10:08.057+0000] {dag.py:3229} INFO - Sync 1 DAGs
[2024-09-12T14:10:08.097+0000] {logging_mixin.py:190} INFO - [2024-09-12T14:10:08.097+0000] {dag.py:4156} INFO - Setting next_dagrun for example_skip_dag to 2024-09-11 00:00:00+00:00, run_after=2024-09-12 00:00:00+00:00
[2024-09-12T14:10:08.120+0000] {processor.py:208} INFO - Processing /home/airflow/.local/lib/python3.12/site-packages/airflow/example_dags/example_skip_dag.py took 0.105 seconds
[2024-09-12T14:10:38.272+0000] {processor.py:186} INFO - Started process (PID=1283) to work on /home/airflow/.local/lib/python3.12/site-packages/airflow/example_dags/example_skip_dag.py
[2024-09-12T14:10:38.273+0000] {processor.py:914} INFO - Processing file /home/airflow/.local/lib/python3.12/site-packages/airflow/example_dags/example_skip_dag.py for tasks to queue
[2024-09-12T14:10:38.276+0000] {logging_mixin.py:190} INFO - [2024-09-12T14:10:38.275+0000] {dagbag.py:587} INFO - Filling up the DagBag from /home/airflow/.local/lib/python3.12/site-packages/airflow/example_dags/example_skip_dag.py
[2024-09-12T14:10:38.286+0000] {processor.py:925} INFO - DAG(s) 'example_skip_dag' retrieved from /home/airflow/.local/lib/python3.12/site-packages/airflow/example_dags/example_skip_dag.py
[2024-09-12T14:10:38.312+0000] {logging_mixin.py:190} INFO - [2024-09-12T14:10:38.311+0000] {dag.py:3229} INFO - Sync 1 DAGs
[2024-09-12T14:10:38.338+0000] {logging_mixin.py:190} INFO - [2024-09-12T14:10:38.338+0000] {dag.py:4156} INFO - Setting next_dagrun for example_skip_dag to 2024-09-11 00:00:00+00:00, run_after=2024-09-12 00:00:00+00:00
[2024-09-12T14:10:38.358+0000] {processor.py:208} INFO - Processing /home/airflow/.local/lib/python3.12/site-packages/airflow/example_dags/example_skip_dag.py took 0.092 seconds
[2024-09-12T14:11:09.726+0000] {processor.py:186} INFO - Started process (PID=1345) to work on /home/airflow/.local/lib/python3.12/site-packages/airflow/example_dags/example_skip_dag.py
[2024-09-12T14:11:09.727+0000] {processor.py:914} INFO - Processing file /home/airflow/.local/lib/python3.12/site-packages/airflow/example_dags/example_skip_dag.py for tasks to queue
[2024-09-12T14:11:09.729+0000] {logging_mixin.py:190} INFO - [2024-09-12T14:11:09.729+0000] {dagbag.py:587} INFO - Filling up the DagBag from /home/airflow/.local/lib/python3.12/site-packages/airflow/example_dags/example_skip_dag.py
[2024-09-12T14:11:09.738+0000] {processor.py:925} INFO - DAG(s) 'example_skip_dag' retrieved from /home/airflow/.local/lib/python3.12/site-packages/airflow/example_dags/example_skip_dag.py
[2024-09-12T14:11:09.765+0000] {logging_mixin.py:190} INFO - [2024-09-12T14:11:09.765+0000] {dag.py:3229} INFO - Sync 1 DAGs
[2024-09-12T14:11:09.792+0000] {logging_mixin.py:190} INFO - [2024-09-12T14:11:09.791+0000] {dag.py:4156} INFO - Setting next_dagrun for example_skip_dag to 2024-09-11 00:00:00+00:00, run_after=2024-09-12 00:00:00+00:00
[2024-09-12T14:11:09.812+0000] {processor.py:208} INFO - Processing /home/airflow/.local/lib/python3.12/site-packages/airflow/example_dags/example_skip_dag.py took 0.092 seconds
[2024-09-12T14:11:40.326+0000] {processor.py:186} INFO - Started process (PID=1407) to work on /home/airflow/.local/lib/python3.12/site-packages/airflow/example_dags/example_skip_dag.py
[2024-09-12T14:11:40.327+0000] {processor.py:914} INFO - Processing file /home/airflow/.local/lib/python3.12/site-packages/airflow/example_dags/example_skip_dag.py for tasks to queue
[2024-09-12T14:11:40.329+0000] {logging_mixin.py:190} INFO - [2024-09-12T14:11:40.329+0000] {dagbag.py:587} INFO - Filling up the DagBag from /home/airflow/.local/lib/python3.12/site-packages/airflow/example_dags/example_skip_dag.py
[2024-09-12T14:11:40.338+0000] {processor.py:925} INFO - DAG(s) 'example_skip_dag' retrieved from /home/airflow/.local/lib/python3.12/site-packages/airflow/example_dags/example_skip_dag.py
[2024-09-12T14:11:40.365+0000] {logging_mixin.py:190} INFO - [2024-09-12T14:11:40.364+0000] {dag.py:3229} INFO - Sync 1 DAGs
[2024-09-12T14:11:40.392+0000] {logging_mixin.py:190} INFO - [2024-09-12T14:11:40.392+0000] {dag.py:4156} INFO - Setting next_dagrun for example_skip_dag to 2024-09-11 00:00:00+00:00, run_after=2024-09-12 00:00:00+00:00
[2024-09-12T14:11:40.415+0000] {processor.py:208} INFO - Processing /home/airflow/.local/lib/python3.12/site-packages/airflow/example_dags/example_skip_dag.py took 0.095 seconds
[2024-09-12T14:12:10.634+0000] {processor.py:186} INFO - Started process (PID=1469) to work on /home/airflow/.local/lib/python3.12/site-packages/airflow/example_dags/example_skip_dag.py
[2024-09-12T14:12:10.636+0000] {processor.py:914} INFO - Processing file /home/airflow/.local/lib/python3.12/site-packages/airflow/example_dags/example_skip_dag.py for tasks to queue
[2024-09-12T14:12:10.638+0000] {logging_mixin.py:190} INFO - [2024-09-12T14:12:10.638+0000] {dagbag.py:587} INFO - Filling up the DagBag from /home/airflow/.local/lib/python3.12/site-packages/airflow/example_dags/example_skip_dag.py
[2024-09-12T14:12:10.648+0000] {processor.py:925} INFO - DAG(s) 'example_skip_dag' retrieved from /home/airflow/.local/lib/python3.12/site-packages/airflow/example_dags/example_skip_dag.py
[2024-09-12T14:12:10.693+0000] {logging_mixin.py:190} INFO - [2024-09-12T14:12:10.693+0000] {dag.py:3229} INFO - Sync 1 DAGs
[2024-09-12T14:12:10.719+0000] {logging_mixin.py:190} INFO - [2024-09-12T14:12:10.719+0000] {dag.py:4156} INFO - Setting next_dagrun for example_skip_dag to 2024-09-11 00:00:00+00:00, run_after=2024-09-12 00:00:00+00:00
[2024-09-12T14:12:10.737+0000] {processor.py:208} INFO - Processing /home/airflow/.local/lib/python3.12/site-packages/airflow/example_dags/example_skip_dag.py took 0.110 seconds
[2024-09-12T14:12:42.007+0000] {processor.py:186} INFO - Started process (PID=1531) to work on /home/airflow/.local/lib/python3.12/site-packages/airflow/example_dags/example_skip_dag.py
[2024-09-12T14:12:42.009+0000] {processor.py:914} INFO - Processing file /home/airflow/.local/lib/python3.12/site-packages/airflow/example_dags/example_skip_dag.py for tasks to queue
[2024-09-12T14:12:42.011+0000] {logging_mixin.py:190} INFO - [2024-09-12T14:12:42.010+0000] {dagbag.py:587} INFO - Filling up the DagBag from /home/airflow/.local/lib/python3.12/site-packages/airflow/example_dags/example_skip_dag.py
[2024-09-12T14:12:42.020+0000] {processor.py:925} INFO - DAG(s) 'example_skip_dag' retrieved from /home/airflow/.local/lib/python3.12/site-packages/airflow/example_dags/example_skip_dag.py
[2024-09-12T14:12:42.092+0000] {logging_mixin.py:190} INFO - [2024-09-12T14:12:42.091+0000] {dag.py:3229} INFO - Sync 1 DAGs
[2024-09-12T14:12:42.117+0000] {logging_mixin.py:190} INFO - [2024-09-12T14:12:42.117+0000] {dag.py:4156} INFO - Setting next_dagrun for example_skip_dag to 2024-09-11 00:00:00+00:00, run_after=2024-09-12 00:00:00+00:00
[2024-09-12T14:12:42.136+0000] {processor.py:208} INFO - Processing /home/airflow/.local/lib/python3.12/site-packages/airflow/example_dags/example_skip_dag.py took 0.135 seconds
[2024-09-12T14:13:13.199+0000] {processor.py:186} INFO - Started process (PID=1593) to work on /home/airflow/.local/lib/python3.12/site-packages/airflow/example_dags/example_skip_dag.py
[2024-09-12T14:13:13.200+0000] {processor.py:914} INFO - Processing file /home/airflow/.local/lib/python3.12/site-packages/airflow/example_dags/example_skip_dag.py for tasks to queue
[2024-09-12T14:13:13.203+0000] {logging_mixin.py:190} INFO - [2024-09-12T14:13:13.202+0000] {dagbag.py:587} INFO - Filling up the DagBag from /home/airflow/.local/lib/python3.12/site-packages/airflow/example_dags/example_skip_dag.py
[2024-09-12T14:13:13.212+0000] {processor.py:925} INFO - DAG(s) 'example_skip_dag' retrieved from /home/airflow/.local/lib/python3.12/site-packages/airflow/example_dags/example_skip_dag.py
[2024-09-12T14:13:13.306+0000] {logging_mixin.py:190} INFO - [2024-09-12T14:13:13.305+0000] {dag.py:3229} INFO - Sync 1 DAGs
[2024-09-12T14:13:13.400+0000] {logging_mixin.py:190} INFO - [2024-09-12T14:13:13.399+0000] {dag.py:4156} INFO - Setting next_dagrun for example_skip_dag to 2024-09-11 00:00:00+00:00, run_after=2024-09-12 00:00:00+00:00
[2024-09-12T14:13:13.421+0000] {processor.py:208} INFO - Processing /home/airflow/.local/lib/python3.12/site-packages/airflow/example_dags/example_skip_dag.py took 0.230 seconds
[2024-09-12T14:13:44.381+0000] {processor.py:186} INFO - Started process (PID=1655) to work on /home/airflow/.local/lib/python3.12/site-packages/airflow/example_dags/example_skip_dag.py
[2024-09-12T14:13:44.389+0000] {processor.py:914} INFO - Processing file /home/airflow/.local/lib/python3.12/site-packages/airflow/example_dags/example_skip_dag.py for tasks to queue
[2024-09-12T14:13:44.393+0000] {logging_mixin.py:190} INFO - [2024-09-12T14:13:44.392+0000] {dagbag.py:587} INFO - Filling up the DagBag from /home/airflow/.local/lib/python3.12/site-packages/airflow/example_dags/example_skip_dag.py
[2024-09-12T14:13:44.406+0000] {processor.py:925} INFO - DAG(s) 'example_skip_dag' retrieved from /home/airflow/.local/lib/python3.12/site-packages/airflow/example_dags/example_skip_dag.py
[2024-09-12T14:13:44.433+0000] {logging_mixin.py:190} INFO - [2024-09-12T14:13:44.433+0000] {dag.py:3229} INFO - Sync 1 DAGs
[2024-09-12T14:13:44.464+0000] {logging_mixin.py:190} INFO - [2024-09-12T14:13:44.463+0000] {dag.py:4156} INFO - Setting next_dagrun for example_skip_dag to 2024-09-11 00:00:00+00:00, run_after=2024-09-12 00:00:00+00:00
[2024-09-12T14:13:44.498+0000] {processor.py:208} INFO - Processing /home/airflow/.local/lib/python3.12/site-packages/airflow/example_dags/example_skip_dag.py took 0.125 seconds
[2024-09-12T14:14:14.842+0000] {processor.py:186} INFO - Started process (PID=1717) to work on /home/airflow/.local/lib/python3.12/site-packages/airflow/example_dags/example_skip_dag.py
[2024-09-12T14:14:14.843+0000] {processor.py:914} INFO - Processing file /home/airflow/.local/lib/python3.12/site-packages/airflow/example_dags/example_skip_dag.py for tasks to queue
[2024-09-12T14:14:14.846+0000] {logging_mixin.py:190} INFO - [2024-09-12T14:14:14.845+0000] {dagbag.py:587} INFO - Filling up the DagBag from /home/airflow/.local/lib/python3.12/site-packages/airflow/example_dags/example_skip_dag.py
[2024-09-12T14:14:14.854+0000] {processor.py:925} INFO - DAG(s) 'example_skip_dag' retrieved from /home/airflow/.local/lib/python3.12/site-packages/airflow/example_dags/example_skip_dag.py
[2024-09-12T14:14:14.877+0000] {logging_mixin.py:190} INFO - [2024-09-12T14:14:14.877+0000] {dag.py:3229} INFO - Sync 1 DAGs
[2024-09-12T14:14:14.902+0000] {logging_mixin.py:190} INFO - [2024-09-12T14:14:14.902+0000] {dag.py:4156} INFO - Setting next_dagrun for example_skip_dag to 2024-09-11 00:00:00+00:00, run_after=2024-09-12 00:00:00+00:00
[2024-09-12T14:14:14.920+0000] {processor.py:208} INFO - Processing /home/airflow/.local/lib/python3.12/site-packages/airflow/example_dags/example_skip_dag.py took 0.084 seconds
[2024-09-12T14:14:45.481+0000] {processor.py:186} INFO - Started process (PID=1779) to work on /home/airflow/.local/lib/python3.12/site-packages/airflow/example_dags/example_skip_dag.py
[2024-09-12T14:14:45.482+0000] {processor.py:914} INFO - Processing file /home/airflow/.local/lib/python3.12/site-packages/airflow/example_dags/example_skip_dag.py for tasks to queue
[2024-09-12T14:14:45.485+0000] {logging_mixin.py:190} INFO - [2024-09-12T14:14:45.484+0000] {dagbag.py:587} INFO - Filling up the DagBag from /home/airflow/.local/lib/python3.12/site-packages/airflow/example_dags/example_skip_dag.py
[2024-09-12T14:14:45.493+0000] {processor.py:925} INFO - DAG(s) 'example_skip_dag' retrieved from /home/airflow/.local/lib/python3.12/site-packages/airflow/example_dags/example_skip_dag.py
[2024-09-12T14:14:45.518+0000] {logging_mixin.py:190} INFO - [2024-09-12T14:14:45.518+0000] {dag.py:3229} INFO - Sync 1 DAGs
[2024-09-12T14:14:45.542+0000] {logging_mixin.py:190} INFO - [2024-09-12T14:14:45.541+0000] {dag.py:4156} INFO - Setting next_dagrun for example_skip_dag to 2024-09-11 00:00:00+00:00, run_after=2024-09-12 00:00:00+00:00
[2024-09-12T14:14:45.571+0000] {processor.py:208} INFO - Processing /home/airflow/.local/lib/python3.12/site-packages/airflow/example_dags/example_skip_dag.py took 0.096 seconds
[2024-09-12T14:15:15.877+0000] {processor.py:186} INFO - Started process (PID=1841) to work on /home/airflow/.local/lib/python3.12/site-packages/airflow/example_dags/example_skip_dag.py
[2024-09-12T14:15:15.879+0000] {processor.py:914} INFO - Processing file /home/airflow/.local/lib/python3.12/site-packages/airflow/example_dags/example_skip_dag.py for tasks to queue
[2024-09-12T14:15:15.881+0000] {logging_mixin.py:190} INFO - [2024-09-12T14:15:15.881+0000] {dagbag.py:587} INFO - Filling up the DagBag from /home/airflow/.local/lib/python3.12/site-packages/airflow/example_dags/example_skip_dag.py
[2024-09-12T14:15:15.890+0000] {processor.py:925} INFO - DAG(s) 'example_skip_dag' retrieved from /home/airflow/.local/lib/python3.12/site-packages/airflow/example_dags/example_skip_dag.py
[2024-09-12T14:15:15.914+0000] {logging_mixin.py:190} INFO - [2024-09-12T14:15:15.914+0000] {dag.py:3229} INFO - Sync 1 DAGs
[2024-09-12T14:15:15.939+0000] {logging_mixin.py:190} INFO - [2024-09-12T14:15:15.939+0000] {dag.py:4156} INFO - Setting next_dagrun for example_skip_dag to 2024-09-11 00:00:00+00:00, run_after=2024-09-12 00:00:00+00:00
[2024-09-12T14:15:15.956+0000] {processor.py:208} INFO - Processing /home/airflow/.local/lib/python3.12/site-packages/airflow/example_dags/example_skip_dag.py took 0.086 seconds
[2024-09-12T14:18:16.185+0000] {processor.py:186} INFO - Started process (PID=92) to work on /home/airflow/.local/lib/python3.12/site-packages/airflow/example_dags/example_skip_dag.py
[2024-09-12T14:18:16.186+0000] {processor.py:914} INFO - Processing file /home/airflow/.local/lib/python3.12/site-packages/airflow/example_dags/example_skip_dag.py for tasks to queue
[2024-09-12T14:18:16.189+0000] {logging_mixin.py:190} INFO - [2024-09-12T14:18:16.189+0000] {dagbag.py:587} INFO - Filling up the DagBag from /home/airflow/.local/lib/python3.12/site-packages/airflow/example_dags/example_skip_dag.py
[2024-09-12T14:18:16.198+0000] {processor.py:925} INFO - DAG(s) 'example_skip_dag' retrieved from /home/airflow/.local/lib/python3.12/site-packages/airflow/example_dags/example_skip_dag.py
[2024-09-12T14:18:16.223+0000] {logging_mixin.py:190} INFO - [2024-09-12T14:18:16.223+0000] {dag.py:3229} INFO - Sync 1 DAGs
[2024-09-12T14:18:16.251+0000] {logging_mixin.py:190} INFO - [2024-09-12T14:18:16.251+0000] {dag.py:4156} INFO - Setting next_dagrun for example_skip_dag to 2024-09-11 00:00:00+00:00, run_after=2024-09-12 00:00:00+00:00
[2024-09-12T14:18:16.270+0000] {processor.py:208} INFO - Processing /home/airflow/.local/lib/python3.12/site-packages/airflow/example_dags/example_skip_dag.py took 0.091 seconds
[2024-09-12T14:18:48.790+0000] {processor.py:186} INFO - Started process (PID=154) to work on /home/airflow/.local/lib/python3.12/site-packages/airflow/example_dags/example_skip_dag.py
[2024-09-12T14:18:48.792+0000] {processor.py:914} INFO - Processing file /home/airflow/.local/lib/python3.12/site-packages/airflow/example_dags/example_skip_dag.py for tasks to queue
[2024-09-12T14:18:48.795+0000] {logging_mixin.py:190} INFO - [2024-09-12T14:18:48.795+0000] {dagbag.py:587} INFO - Filling up the DagBag from /home/airflow/.local/lib/python3.12/site-packages/airflow/example_dags/example_skip_dag.py
[2024-09-12T14:18:48.820+0000] {processor.py:925} INFO - DAG(s) 'example_skip_dag' retrieved from /home/airflow/.local/lib/python3.12/site-packages/airflow/example_dags/example_skip_dag.py
[2024-09-12T14:18:48.848+0000] {logging_mixin.py:190} INFO - [2024-09-12T14:18:48.847+0000] {dag.py:3229} INFO - Sync 1 DAGs
[2024-09-12T14:18:48.920+0000] {logging_mixin.py:190} INFO - [2024-09-12T14:18:48.919+0000] {dag.py:4156} INFO - Setting next_dagrun for example_skip_dag to 2024-09-11 00:00:00+00:00, run_after=2024-09-12 00:00:00+00:00
[2024-09-12T14:18:48.947+0000] {processor.py:208} INFO - Processing /home/airflow/.local/lib/python3.12/site-packages/airflow/example_dags/example_skip_dag.py took 0.203 seconds
[2024-09-12T14:19:19.343+0000] {processor.py:186} INFO - Started process (PID=217) to work on /home/airflow/.local/lib/python3.12/site-packages/airflow/example_dags/example_skip_dag.py
[2024-09-12T14:19:19.345+0000] {processor.py:914} INFO - Processing file /home/airflow/.local/lib/python3.12/site-packages/airflow/example_dags/example_skip_dag.py for tasks to queue
[2024-09-12T14:19:19.348+0000] {logging_mixin.py:190} INFO - [2024-09-12T14:19:19.347+0000] {dagbag.py:587} INFO - Filling up the DagBag from /home/airflow/.local/lib/python3.12/site-packages/airflow/example_dags/example_skip_dag.py
[2024-09-12T14:19:19.358+0000] {processor.py:925} INFO - DAG(s) 'example_skip_dag' retrieved from /home/airflow/.local/lib/python3.12/site-packages/airflow/example_dags/example_skip_dag.py
[2024-09-12T14:19:19.437+0000] {logging_mixin.py:190} INFO - [2024-09-12T14:19:19.436+0000] {dag.py:3229} INFO - Sync 1 DAGs
[2024-09-12T14:19:19.466+0000] {logging_mixin.py:190} INFO - [2024-09-12T14:19:19.465+0000] {dag.py:4156} INFO - Setting next_dagrun for example_skip_dag to 2024-09-11 00:00:00+00:00, run_after=2024-09-12 00:00:00+00:00
[2024-09-12T14:19:19.522+0000] {processor.py:208} INFO - Processing /home/airflow/.local/lib/python3.12/site-packages/airflow/example_dags/example_skip_dag.py took 0.188 seconds
[2024-09-12T14:19:49.620+0000] {processor.py:186} INFO - Started process (PID=279) to work on /home/airflow/.local/lib/python3.12/site-packages/airflow/example_dags/example_skip_dag.py
[2024-09-12T14:19:49.622+0000] {processor.py:914} INFO - Processing file /home/airflow/.local/lib/python3.12/site-packages/airflow/example_dags/example_skip_dag.py for tasks to queue
[2024-09-12T14:19:49.624+0000] {logging_mixin.py:190} INFO - [2024-09-12T14:19:49.624+0000] {dagbag.py:587} INFO - Filling up the DagBag from /home/airflow/.local/lib/python3.12/site-packages/airflow/example_dags/example_skip_dag.py
[2024-09-12T14:19:49.634+0000] {processor.py:925} INFO - DAG(s) 'example_skip_dag' retrieved from /home/airflow/.local/lib/python3.12/site-packages/airflow/example_dags/example_skip_dag.py
[2024-09-12T14:19:49.662+0000] {logging_mixin.py:190} INFO - [2024-09-12T14:19:49.662+0000] {dag.py:3229} INFO - Sync 1 DAGs
[2024-09-12T14:19:49.717+0000] {logging_mixin.py:190} INFO - [2024-09-12T14:19:49.716+0000] {dag.py:4156} INFO - Setting next_dagrun for example_skip_dag to 2024-09-11 00:00:00+00:00, run_after=2024-09-12 00:00:00+00:00
[2024-09-12T14:19:49.738+0000] {processor.py:208} INFO - Processing /home/airflow/.local/lib/python3.12/site-packages/airflow/example_dags/example_skip_dag.py took 0.124 seconds
[2024-09-12T14:20:20.208+0000] {processor.py:186} INFO - Started process (PID=341) to work on /home/airflow/.local/lib/python3.12/site-packages/airflow/example_dags/example_skip_dag.py
[2024-09-12T14:20:20.209+0000] {processor.py:914} INFO - Processing file /home/airflow/.local/lib/python3.12/site-packages/airflow/example_dags/example_skip_dag.py for tasks to queue
[2024-09-12T14:20:20.212+0000] {logging_mixin.py:190} INFO - [2024-09-12T14:20:20.211+0000] {dagbag.py:587} INFO - Filling up the DagBag from /home/airflow/.local/lib/python3.12/site-packages/airflow/example_dags/example_skip_dag.py
[2024-09-12T14:20:20.221+0000] {processor.py:925} INFO - DAG(s) 'example_skip_dag' retrieved from /home/airflow/.local/lib/python3.12/site-packages/airflow/example_dags/example_skip_dag.py
[2024-09-12T14:20:20.247+0000] {logging_mixin.py:190} INFO - [2024-09-12T14:20:20.246+0000] {dag.py:3229} INFO - Sync 1 DAGs
[2024-09-12T14:20:20.276+0000] {logging_mixin.py:190} INFO - [2024-09-12T14:20:20.276+0000] {dag.py:4156} INFO - Setting next_dagrun for example_skip_dag to 2024-09-11 00:00:00+00:00, run_after=2024-09-12 00:00:00+00:00
[2024-09-12T14:20:20.301+0000] {processor.py:208} INFO - Processing /home/airflow/.local/lib/python3.12/site-packages/airflow/example_dags/example_skip_dag.py took 0.100 seconds
[2024-09-12T14:20:51.050+0000] {processor.py:186} INFO - Started process (PID=403) to work on /home/airflow/.local/lib/python3.12/site-packages/airflow/example_dags/example_skip_dag.py
[2024-09-12T14:20:51.051+0000] {processor.py:914} INFO - Processing file /home/airflow/.local/lib/python3.12/site-packages/airflow/example_dags/example_skip_dag.py for tasks to queue
[2024-09-12T14:20:51.054+0000] {logging_mixin.py:190} INFO - [2024-09-12T14:20:51.054+0000] {dagbag.py:587} INFO - Filling up the DagBag from /home/airflow/.local/lib/python3.12/site-packages/airflow/example_dags/example_skip_dag.py
[2024-09-12T14:20:51.064+0000] {processor.py:925} INFO - DAG(s) 'example_skip_dag' retrieved from /home/airflow/.local/lib/python3.12/site-packages/airflow/example_dags/example_skip_dag.py
[2024-09-12T14:20:51.092+0000] {logging_mixin.py:190} INFO - [2024-09-12T14:20:51.091+0000] {dag.py:3229} INFO - Sync 1 DAGs
[2024-09-12T14:20:51.115+0000] {logging_mixin.py:190} INFO - [2024-09-12T14:20:51.115+0000] {dag.py:4156} INFO - Setting next_dagrun for example_skip_dag to 2024-09-11 00:00:00+00:00, run_after=2024-09-12 00:00:00+00:00
[2024-09-12T14:20:51.133+0000] {processor.py:208} INFO - Processing /home/airflow/.local/lib/python3.12/site-packages/airflow/example_dags/example_skip_dag.py took 0.090 seconds
[2024-09-12T14:21:24.895+0000] {processor.py:186} INFO - Started process (PID=471) to work on /home/airflow/.local/lib/python3.12/site-packages/airflow/example_dags/example_skip_dag.py
[2024-09-12T14:21:24.896+0000] {processor.py:914} INFO - Processing file /home/airflow/.local/lib/python3.12/site-packages/airflow/example_dags/example_skip_dag.py for tasks to queue
[2024-09-12T14:21:24.899+0000] {logging_mixin.py:190} INFO - [2024-09-12T14:21:24.899+0000] {dagbag.py:587} INFO - Filling up the DagBag from /home/airflow/.local/lib/python3.12/site-packages/airflow/example_dags/example_skip_dag.py
[2024-09-12T14:21:24.909+0000] {processor.py:925} INFO - DAG(s) 'example_skip_dag' retrieved from /home/airflow/.local/lib/python3.12/site-packages/airflow/example_dags/example_skip_dag.py
[2024-09-12T14:21:24.984+0000] {logging_mixin.py:190} INFO - [2024-09-12T14:21:24.984+0000] {dag.py:3229} INFO - Sync 1 DAGs
[2024-09-12T14:21:25.016+0000] {logging_mixin.py:190} INFO - [2024-09-12T14:21:25.016+0000] {dag.py:4156} INFO - Setting next_dagrun for example_skip_dag to 2024-09-11 00:00:00+00:00, run_after=2024-09-12 00:00:00+00:00
[2024-09-12T14:21:25.035+0000] {processor.py:208} INFO - Processing /home/airflow/.local/lib/python3.12/site-packages/airflow/example_dags/example_skip_dag.py took 0.148 seconds
[2024-09-12T14:21:55.798+0000] {processor.py:186} INFO - Started process (PID=533) to work on /home/airflow/.local/lib/python3.12/site-packages/airflow/example_dags/example_skip_dag.py
[2024-09-12T14:21:55.800+0000] {processor.py:914} INFO - Processing file /home/airflow/.local/lib/python3.12/site-packages/airflow/example_dags/example_skip_dag.py for tasks to queue
[2024-09-12T14:21:55.802+0000] {logging_mixin.py:190} INFO - [2024-09-12T14:21:55.802+0000] {dagbag.py:587} INFO - Filling up the DagBag from /home/airflow/.local/lib/python3.12/site-packages/airflow/example_dags/example_skip_dag.py
[2024-09-12T14:21:55.813+0000] {processor.py:925} INFO - DAG(s) 'example_skip_dag' retrieved from /home/airflow/.local/lib/python3.12/site-packages/airflow/example_dags/example_skip_dag.py
[2024-09-12T14:21:55.900+0000] {logging_mixin.py:190} INFO - [2024-09-12T14:21:55.900+0000] {dag.py:3229} INFO - Sync 1 DAGs
[2024-09-12T14:21:55.985+0000] {logging_mixin.py:190} INFO - [2024-09-12T14:21:55.985+0000] {dag.py:4156} INFO - Setting next_dagrun for example_skip_dag to 2024-09-11 00:00:00+00:00, run_after=2024-09-12 00:00:00+00:00
[2024-09-12T14:21:56.010+0000] {processor.py:208} INFO - Processing /home/airflow/.local/lib/python3.12/site-packages/airflow/example_dags/example_skip_dag.py took 0.219 seconds
[2024-09-12T14:22:26.853+0000] {processor.py:186} INFO - Started process (PID=595) to work on /home/airflow/.local/lib/python3.12/site-packages/airflow/example_dags/example_skip_dag.py
[2024-09-12T14:22:26.855+0000] {processor.py:914} INFO - Processing file /home/airflow/.local/lib/python3.12/site-packages/airflow/example_dags/example_skip_dag.py for tasks to queue
[2024-09-12T14:22:26.857+0000] {logging_mixin.py:190} INFO - [2024-09-12T14:22:26.857+0000] {dagbag.py:587} INFO - Filling up the DagBag from /home/airflow/.local/lib/python3.12/site-packages/airflow/example_dags/example_skip_dag.py
[2024-09-12T14:22:26.866+0000] {processor.py:925} INFO - DAG(s) 'example_skip_dag' retrieved from /home/airflow/.local/lib/python3.12/site-packages/airflow/example_dags/example_skip_dag.py
[2024-09-12T14:22:26.894+0000] {logging_mixin.py:190} INFO - [2024-09-12T14:22:26.894+0000] {dag.py:3229} INFO - Sync 1 DAGs
[2024-09-12T14:22:26.925+0000] {logging_mixin.py:190} INFO - [2024-09-12T14:22:26.925+0000] {dag.py:4156} INFO - Setting next_dagrun for example_skip_dag to 2024-09-11 00:00:00+00:00, run_after=2024-09-12 00:00:00+00:00
[2024-09-12T14:22:26.948+0000] {processor.py:208} INFO - Processing /home/airflow/.local/lib/python3.12/site-packages/airflow/example_dags/example_skip_dag.py took 0.101 seconds
[2024-09-12T14:22:57.515+0000] {processor.py:186} INFO - Started process (PID=657) to work on /home/airflow/.local/lib/python3.12/site-packages/airflow/example_dags/example_skip_dag.py
[2024-09-12T14:22:57.517+0000] {processor.py:914} INFO - Processing file /home/airflow/.local/lib/python3.12/site-packages/airflow/example_dags/example_skip_dag.py for tasks to queue
[2024-09-12T14:22:57.519+0000] {logging_mixin.py:190} INFO - [2024-09-12T14:22:57.519+0000] {dagbag.py:587} INFO - Filling up the DagBag from /home/airflow/.local/lib/python3.12/site-packages/airflow/example_dags/example_skip_dag.py
[2024-09-12T14:22:57.528+0000] {processor.py:925} INFO - DAG(s) 'example_skip_dag' retrieved from /home/airflow/.local/lib/python3.12/site-packages/airflow/example_dags/example_skip_dag.py
[2024-09-12T14:22:57.552+0000] {logging_mixin.py:190} INFO - [2024-09-12T14:22:57.552+0000] {dag.py:3229} INFO - Sync 1 DAGs
[2024-09-12T14:22:57.580+0000] {logging_mixin.py:190} INFO - [2024-09-12T14:22:57.580+0000] {dag.py:4156} INFO - Setting next_dagrun for example_skip_dag to 2024-09-11 00:00:00+00:00, run_after=2024-09-12 00:00:00+00:00
[2024-09-12T14:22:57.602+0000] {processor.py:208} INFO - Processing /home/airflow/.local/lib/python3.12/site-packages/airflow/example_dags/example_skip_dag.py took 0.096 seconds
[2024-09-12T14:23:28.237+0000] {processor.py:186} INFO - Started process (PID=719) to work on /home/airflow/.local/lib/python3.12/site-packages/airflow/example_dags/example_skip_dag.py
[2024-09-12T14:23:28.239+0000] {processor.py:914} INFO - Processing file /home/airflow/.local/lib/python3.12/site-packages/airflow/example_dags/example_skip_dag.py for tasks to queue
[2024-09-12T14:23:28.241+0000] {logging_mixin.py:190} INFO - [2024-09-12T14:23:28.241+0000] {dagbag.py:587} INFO - Filling up the DagBag from /home/airflow/.local/lib/python3.12/site-packages/airflow/example_dags/example_skip_dag.py
[2024-09-12T14:23:28.251+0000] {processor.py:925} INFO - DAG(s) 'example_skip_dag' retrieved from /home/airflow/.local/lib/python3.12/site-packages/airflow/example_dags/example_skip_dag.py
[2024-09-12T14:23:28.284+0000] {logging_mixin.py:190} INFO - [2024-09-12T14:23:28.284+0000] {dag.py:3229} INFO - Sync 1 DAGs
[2024-09-12T14:23:28.320+0000] {logging_mixin.py:190} INFO - [2024-09-12T14:23:28.319+0000] {dag.py:4156} INFO - Setting next_dagrun for example_skip_dag to 2024-09-11 00:00:00+00:00, run_after=2024-09-12 00:00:00+00:00
[2024-09-12T14:23:28.345+0000] {processor.py:208} INFO - Processing /home/airflow/.local/lib/python3.12/site-packages/airflow/example_dags/example_skip_dag.py took 0.114 seconds
[2024-09-12T14:23:59.040+0000] {processor.py:186} INFO - Started process (PID=781) to work on /home/airflow/.local/lib/python3.12/site-packages/airflow/example_dags/example_skip_dag.py
[2024-09-12T14:23:59.042+0000] {processor.py:914} INFO - Processing file /home/airflow/.local/lib/python3.12/site-packages/airflow/example_dags/example_skip_dag.py for tasks to queue
[2024-09-12T14:23:59.044+0000] {logging_mixin.py:190} INFO - [2024-09-12T14:23:59.044+0000] {dagbag.py:587} INFO - Filling up the DagBag from /home/airflow/.local/lib/python3.12/site-packages/airflow/example_dags/example_skip_dag.py
[2024-09-12T14:23:59.054+0000] {processor.py:925} INFO - DAG(s) 'example_skip_dag' retrieved from /home/airflow/.local/lib/python3.12/site-packages/airflow/example_dags/example_skip_dag.py
[2024-09-12T14:23:59.081+0000] {logging_mixin.py:190} INFO - [2024-09-12T14:23:59.081+0000] {dag.py:3229} INFO - Sync 1 DAGs
[2024-09-12T14:23:59.109+0000] {logging_mixin.py:190} INFO - [2024-09-12T14:23:59.109+0000] {dag.py:4156} INFO - Setting next_dagrun for example_skip_dag to 2024-09-11 00:00:00+00:00, run_after=2024-09-12 00:00:00+00:00
[2024-09-12T14:23:59.129+0000] {processor.py:208} INFO - Processing /home/airflow/.local/lib/python3.12/site-packages/airflow/example_dags/example_skip_dag.py took 0.095 seconds
[2024-09-12T14:24:29.586+0000] {processor.py:186} INFO - Started process (PID=843) to work on /home/airflow/.local/lib/python3.12/site-packages/airflow/example_dags/example_skip_dag.py
[2024-09-12T14:24:29.587+0000] {processor.py:914} INFO - Processing file /home/airflow/.local/lib/python3.12/site-packages/airflow/example_dags/example_skip_dag.py for tasks to queue
[2024-09-12T14:24:29.589+0000] {logging_mixin.py:190} INFO - [2024-09-12T14:24:29.589+0000] {dagbag.py:587} INFO - Filling up the DagBag from /home/airflow/.local/lib/python3.12/site-packages/airflow/example_dags/example_skip_dag.py
[2024-09-12T14:24:29.598+0000] {processor.py:925} INFO - DAG(s) 'example_skip_dag' retrieved from /home/airflow/.local/lib/python3.12/site-packages/airflow/example_dags/example_skip_dag.py
[2024-09-12T14:24:29.619+0000] {logging_mixin.py:190} INFO - [2024-09-12T14:24:29.619+0000] {dag.py:3229} INFO - Sync 1 DAGs
[2024-09-12T14:24:29.644+0000] {logging_mixin.py:190} INFO - [2024-09-12T14:24:29.644+0000] {dag.py:4156} INFO - Setting next_dagrun for example_skip_dag to 2024-09-11 00:00:00+00:00, run_after=2024-09-12 00:00:00+00:00
[2024-09-12T14:24:29.663+0000] {processor.py:208} INFO - Processing /home/airflow/.local/lib/python3.12/site-packages/airflow/example_dags/example_skip_dag.py took 0.083 seconds
[2024-09-12T14:24:59.947+0000] {processor.py:186} INFO - Started process (PID=905) to work on /home/airflow/.local/lib/python3.12/site-packages/airflow/example_dags/example_skip_dag.py
[2024-09-12T14:24:59.948+0000] {processor.py:914} INFO - Processing file /home/airflow/.local/lib/python3.12/site-packages/airflow/example_dags/example_skip_dag.py for tasks to queue
[2024-09-12T14:24:59.950+0000] {logging_mixin.py:190} INFO - [2024-09-12T14:24:59.950+0000] {dagbag.py:587} INFO - Filling up the DagBag from /home/airflow/.local/lib/python3.12/site-packages/airflow/example_dags/example_skip_dag.py
[2024-09-12T14:24:59.959+0000] {processor.py:925} INFO - DAG(s) 'example_skip_dag' retrieved from /home/airflow/.local/lib/python3.12/site-packages/airflow/example_dags/example_skip_dag.py
[2024-09-12T14:24:59.981+0000] {logging_mixin.py:190} INFO - [2024-09-12T14:24:59.981+0000] {dag.py:3229} INFO - Sync 1 DAGs
[2024-09-12T14:25:00.011+0000] {logging_mixin.py:190} INFO - [2024-09-12T14:25:00.011+0000] {dag.py:4156} INFO - Setting next_dagrun for example_skip_dag to 2024-09-11 00:00:00+00:00, run_after=2024-09-12 00:00:00+00:00
[2024-09-12T14:25:00.028+0000] {processor.py:208} INFO - Processing /home/airflow/.local/lib/python3.12/site-packages/airflow/example_dags/example_skip_dag.py took 0.087 seconds
[2024-09-12T14:25:30.215+0000] {processor.py:186} INFO - Started process (PID=967) to work on /home/airflow/.local/lib/python3.12/site-packages/airflow/example_dags/example_skip_dag.py
[2024-09-12T14:25:30.217+0000] {processor.py:914} INFO - Processing file /home/airflow/.local/lib/python3.12/site-packages/airflow/example_dags/example_skip_dag.py for tasks to queue
[2024-09-12T14:25:30.219+0000] {logging_mixin.py:190} INFO - [2024-09-12T14:25:30.218+0000] {dagbag.py:587} INFO - Filling up the DagBag from /home/airflow/.local/lib/python3.12/site-packages/airflow/example_dags/example_skip_dag.py
[2024-09-12T14:25:30.229+0000] {processor.py:925} INFO - DAG(s) 'example_skip_dag' retrieved from /home/airflow/.local/lib/python3.12/site-packages/airflow/example_dags/example_skip_dag.py
[2024-09-12T14:25:30.253+0000] {logging_mixin.py:190} INFO - [2024-09-12T14:25:30.253+0000] {dag.py:3229} INFO - Sync 1 DAGs
[2024-09-12T14:25:30.275+0000] {logging_mixin.py:190} INFO - [2024-09-12T14:25:30.275+0000] {dag.py:4156} INFO - Setting next_dagrun for example_skip_dag to 2024-09-11 00:00:00+00:00, run_after=2024-09-12 00:00:00+00:00
[2024-09-12T14:25:30.297+0000] {processor.py:208} INFO - Processing /home/airflow/.local/lib/python3.12/site-packages/airflow/example_dags/example_skip_dag.py took 0.087 seconds
[2024-09-12T14:26:00.591+0000] {processor.py:186} INFO - Started process (PID=1029) to work on /home/airflow/.local/lib/python3.12/site-packages/airflow/example_dags/example_skip_dag.py
[2024-09-12T14:26:00.592+0000] {processor.py:914} INFO - Processing file /home/airflow/.local/lib/python3.12/site-packages/airflow/example_dags/example_skip_dag.py for tasks to queue
[2024-09-12T14:26:00.595+0000] {logging_mixin.py:190} INFO - [2024-09-12T14:26:00.594+0000] {dagbag.py:587} INFO - Filling up the DagBag from /home/airflow/.local/lib/python3.12/site-packages/airflow/example_dags/example_skip_dag.py
[2024-09-12T14:26:00.603+0000] {processor.py:925} INFO - DAG(s) 'example_skip_dag' retrieved from /home/airflow/.local/lib/python3.12/site-packages/airflow/example_dags/example_skip_dag.py
[2024-09-12T14:26:00.626+0000] {logging_mixin.py:190} INFO - [2024-09-12T14:26:00.626+0000] {dag.py:3229} INFO - Sync 1 DAGs
[2024-09-12T14:26:00.649+0000] {logging_mixin.py:190} INFO - [2024-09-12T14:26:00.648+0000] {dag.py:4156} INFO - Setting next_dagrun for example_skip_dag to 2024-09-11 00:00:00+00:00, run_after=2024-09-12 00:00:00+00:00
[2024-09-12T14:26:00.664+0000] {processor.py:208} INFO - Processing /home/airflow/.local/lib/python3.12/site-packages/airflow/example_dags/example_skip_dag.py took 0.079 seconds
[2024-09-12T14:26:31.167+0000] {processor.py:186} INFO - Started process (PID=1091) to work on /home/airflow/.local/lib/python3.12/site-packages/airflow/example_dags/example_skip_dag.py
[2024-09-12T14:26:31.169+0000] {processor.py:914} INFO - Processing file /home/airflow/.local/lib/python3.12/site-packages/airflow/example_dags/example_skip_dag.py for tasks to queue
[2024-09-12T14:26:31.171+0000] {logging_mixin.py:190} INFO - [2024-09-12T14:26:31.171+0000] {dagbag.py:587} INFO - Filling up the DagBag from /home/airflow/.local/lib/python3.12/site-packages/airflow/example_dags/example_skip_dag.py
[2024-09-12T14:26:31.181+0000] {processor.py:925} INFO - DAG(s) 'example_skip_dag' retrieved from /home/airflow/.local/lib/python3.12/site-packages/airflow/example_dags/example_skip_dag.py
[2024-09-12T14:26:31.206+0000] {logging_mixin.py:190} INFO - [2024-09-12T14:26:31.206+0000] {dag.py:3229} INFO - Sync 1 DAGs
[2024-09-12T14:26:31.232+0000] {logging_mixin.py:190} INFO - [2024-09-12T14:26:31.232+0000] {dag.py:4156} INFO - Setting next_dagrun for example_skip_dag to 2024-09-11 00:00:00+00:00, run_after=2024-09-12 00:00:00+00:00
[2024-09-12T14:26:31.249+0000] {processor.py:208} INFO - Processing /home/airflow/.local/lib/python3.12/site-packages/airflow/example_dags/example_skip_dag.py took 0.088 seconds
[2024-09-12T14:27:01.404+0000] {processor.py:186} INFO - Started process (PID=1153) to work on /home/airflow/.local/lib/python3.12/site-packages/airflow/example_dags/example_skip_dag.py
[2024-09-12T14:27:01.405+0000] {processor.py:914} INFO - Processing file /home/airflow/.local/lib/python3.12/site-packages/airflow/example_dags/example_skip_dag.py for tasks to queue
[2024-09-12T14:27:01.408+0000] {logging_mixin.py:190} INFO - [2024-09-12T14:27:01.407+0000] {dagbag.py:587} INFO - Filling up the DagBag from /home/airflow/.local/lib/python3.12/site-packages/airflow/example_dags/example_skip_dag.py
[2024-09-12T14:27:01.416+0000] {processor.py:925} INFO - DAG(s) 'example_skip_dag' retrieved from /home/airflow/.local/lib/python3.12/site-packages/airflow/example_dags/example_skip_dag.py
[2024-09-12T14:27:01.438+0000] {logging_mixin.py:190} INFO - [2024-09-12T14:27:01.437+0000] {dag.py:3229} INFO - Sync 1 DAGs
[2024-09-12T14:27:01.460+0000] {logging_mixin.py:190} INFO - [2024-09-12T14:27:01.460+0000] {dag.py:4156} INFO - Setting next_dagrun for example_skip_dag to 2024-09-11 00:00:00+00:00, run_after=2024-09-12 00:00:00+00:00
[2024-09-12T14:27:01.483+0000] {processor.py:208} INFO - Processing /home/airflow/.local/lib/python3.12/site-packages/airflow/example_dags/example_skip_dag.py took 0.085 seconds
[2024-09-12T14:27:33.301+0000] {processor.py:186} INFO - Started process (PID=1215) to work on /home/airflow/.local/lib/python3.12/site-packages/airflow/example_dags/example_skip_dag.py
[2024-09-12T14:27:33.303+0000] {processor.py:914} INFO - Processing file /home/airflow/.local/lib/python3.12/site-packages/airflow/example_dags/example_skip_dag.py for tasks to queue
[2024-09-12T14:27:33.306+0000] {logging_mixin.py:190} INFO - [2024-09-12T14:27:33.306+0000] {dagbag.py:587} INFO - Filling up the DagBag from /home/airflow/.local/lib/python3.12/site-packages/airflow/example_dags/example_skip_dag.py
[2024-09-12T14:27:33.322+0000] {processor.py:925} INFO - DAG(s) 'example_skip_dag' retrieved from /home/airflow/.local/lib/python3.12/site-packages/airflow/example_dags/example_skip_dag.py
[2024-09-12T14:27:33.403+0000] {logging_mixin.py:190} INFO - [2024-09-12T14:27:33.402+0000] {dag.py:3229} INFO - Sync 1 DAGs
[2024-09-12T14:27:33.505+0000] {logging_mixin.py:190} INFO - [2024-09-12T14:27:33.505+0000] {dag.py:4156} INFO - Setting next_dagrun for example_skip_dag to 2024-09-11 00:00:00+00:00, run_after=2024-09-12 00:00:00+00:00
[2024-09-12T14:27:33.535+0000] {processor.py:208} INFO - Processing /home/airflow/.local/lib/python3.12/site-packages/airflow/example_dags/example_skip_dag.py took 0.242 seconds
[2024-09-12T14:28:06.889+0000] {processor.py:186} INFO - Started process (PID=1277) to work on /home/airflow/.local/lib/python3.12/site-packages/airflow/example_dags/example_skip_dag.py
[2024-09-12T14:28:06.899+0000] {processor.py:914} INFO - Processing file /home/airflow/.local/lib/python3.12/site-packages/airflow/example_dags/example_skip_dag.py for tasks to queue
[2024-09-12T14:28:06.907+0000] {logging_mixin.py:190} INFO - [2024-09-12T14:28:06.906+0000] {dagbag.py:587} INFO - Filling up the DagBag from /home/airflow/.local/lib/python3.12/site-packages/airflow/example_dags/example_skip_dag.py
[2024-09-12T14:28:06.996+0000] {processor.py:925} INFO - DAG(s) 'example_skip_dag' retrieved from /home/airflow/.local/lib/python3.12/site-packages/airflow/example_dags/example_skip_dag.py
[2024-09-12T14:28:07.185+0000] {logging_mixin.py:190} INFO - [2024-09-12T14:28:07.184+0000] {dag.py:3229} INFO - Sync 1 DAGs
[2024-09-12T14:28:07.284+0000] {logging_mixin.py:190} INFO - [2024-09-12T14:28:07.283+0000] {dag.py:4156} INFO - Setting next_dagrun for example_skip_dag to 2024-09-11 00:00:00+00:00, run_after=2024-09-12 00:00:00+00:00
[2024-09-12T14:28:07.310+0000] {processor.py:208} INFO - Processing /home/airflow/.local/lib/python3.12/site-packages/airflow/example_dags/example_skip_dag.py took 0.487 seconds
[2024-09-12T14:28:42.806+0000] {processor.py:186} INFO - Started process (PID=1339) to work on /home/airflow/.local/lib/python3.12/site-packages/airflow/example_dags/example_skip_dag.py
[2024-09-12T14:28:42.807+0000] {processor.py:914} INFO - Processing file /home/airflow/.local/lib/python3.12/site-packages/airflow/example_dags/example_skip_dag.py for tasks to queue
[2024-09-12T14:28:42.810+0000] {logging_mixin.py:190} INFO - [2024-09-12T14:28:42.810+0000] {dagbag.py:587} INFO - Filling up the DagBag from /home/airflow/.local/lib/python3.12/site-packages/airflow/example_dags/example_skip_dag.py
[2024-09-12T14:28:42.822+0000] {processor.py:925} INFO - DAG(s) 'example_skip_dag' retrieved from /home/airflow/.local/lib/python3.12/site-packages/airflow/example_dags/example_skip_dag.py
[2024-09-12T14:28:42.982+0000] {logging_mixin.py:190} INFO - [2024-09-12T14:28:42.982+0000] {dag.py:3229} INFO - Sync 1 DAGs
[2024-09-12T14:28:43.185+0000] {logging_mixin.py:190} INFO - [2024-09-12T14:28:43.184+0000] {dag.py:4156} INFO - Setting next_dagrun for example_skip_dag to 2024-09-11 00:00:00+00:00, run_after=2024-09-12 00:00:00+00:00
[2024-09-12T14:28:43.293+0000] {processor.py:208} INFO - Processing /home/airflow/.local/lib/python3.12/site-packages/airflow/example_dags/example_skip_dag.py took 0.495 seconds
[2024-09-12T14:29:18.887+0000] {processor.py:186} INFO - Started process (PID=1401) to work on /home/airflow/.local/lib/python3.12/site-packages/airflow/example_dags/example_skip_dag.py
[2024-09-12T14:29:18.890+0000] {processor.py:914} INFO - Processing file /home/airflow/.local/lib/python3.12/site-packages/airflow/example_dags/example_skip_dag.py for tasks to queue
[2024-09-12T14:29:18.897+0000] {logging_mixin.py:190} INFO - [2024-09-12T14:29:18.896+0000] {dagbag.py:587} INFO - Filling up the DagBag from /home/airflow/.local/lib/python3.12/site-packages/airflow/example_dags/example_skip_dag.py
[2024-09-12T14:29:18.936+0000] {processor.py:925} INFO - DAG(s) 'example_skip_dag' retrieved from /home/airflow/.local/lib/python3.12/site-packages/airflow/example_dags/example_skip_dag.py
[2024-09-12T14:29:18.991+0000] {logging_mixin.py:190} INFO - [2024-09-12T14:29:18.991+0000] {dag.py:3229} INFO - Sync 1 DAGs
[2024-09-12T14:29:19.048+0000] {logging_mixin.py:190} INFO - [2024-09-12T14:29:19.048+0000] {dag.py:4156} INFO - Setting next_dagrun for example_skip_dag to 2024-09-11 00:00:00+00:00, run_after=2024-09-12 00:00:00+00:00
[2024-09-12T14:29:19.129+0000] {processor.py:208} INFO - Processing /home/airflow/.local/lib/python3.12/site-packages/airflow/example_dags/example_skip_dag.py took 0.288 seconds
[2024-09-12T14:29:50.915+0000] {processor.py:186} INFO - Started process (PID=1463) to work on /home/airflow/.local/lib/python3.12/site-packages/airflow/example_dags/example_skip_dag.py
[2024-09-12T14:29:50.918+0000] {processor.py:914} INFO - Processing file /home/airflow/.local/lib/python3.12/site-packages/airflow/example_dags/example_skip_dag.py for tasks to queue
[2024-09-12T14:29:50.986+0000] {logging_mixin.py:190} INFO - [2024-09-12T14:29:50.985+0000] {dagbag.py:587} INFO - Filling up the DagBag from /home/airflow/.local/lib/python3.12/site-packages/airflow/example_dags/example_skip_dag.py
[2024-09-12T14:29:51.017+0000] {processor.py:925} INFO - DAG(s) 'example_skip_dag' retrieved from /home/airflow/.local/lib/python3.12/site-packages/airflow/example_dags/example_skip_dag.py
[2024-09-12T14:29:51.113+0000] {logging_mixin.py:190} INFO - [2024-09-12T14:29:51.112+0000] {dag.py:3229} INFO - Sync 1 DAGs
[2024-09-12T14:29:51.210+0000] {logging_mixin.py:190} INFO - [2024-09-12T14:29:51.210+0000] {dag.py:4156} INFO - Setting next_dagrun for example_skip_dag to 2024-09-11 00:00:00+00:00, run_after=2024-09-12 00:00:00+00:00
[2024-09-12T14:29:51.295+0000] {processor.py:208} INFO - Processing /home/airflow/.local/lib/python3.12/site-packages/airflow/example_dags/example_skip_dag.py took 0.473 seconds
[2024-09-12T14:30:21.862+0000] {processor.py:186} INFO - Started process (PID=1525) to work on /home/airflow/.local/lib/python3.12/site-packages/airflow/example_dags/example_skip_dag.py
[2024-09-12T14:30:21.863+0000] {processor.py:914} INFO - Processing file /home/airflow/.local/lib/python3.12/site-packages/airflow/example_dags/example_skip_dag.py for tasks to queue
[2024-09-12T14:30:21.867+0000] {logging_mixin.py:190} INFO - [2024-09-12T14:30:21.867+0000] {dagbag.py:587} INFO - Filling up the DagBag from /home/airflow/.local/lib/python3.12/site-packages/airflow/example_dags/example_skip_dag.py
[2024-09-12T14:30:21.892+0000] {processor.py:925} INFO - DAG(s) 'example_skip_dag' retrieved from /home/airflow/.local/lib/python3.12/site-packages/airflow/example_dags/example_skip_dag.py
[2024-09-12T14:30:22.018+0000] {logging_mixin.py:190} INFO - [2024-09-12T14:30:22.018+0000] {dag.py:3229} INFO - Sync 1 DAGs
[2024-09-12T14:30:22.295+0000] {logging_mixin.py:190} INFO - [2024-09-12T14:30:22.294+0000] {dag.py:4156} INFO - Setting next_dagrun for example_skip_dag to 2024-09-11 00:00:00+00:00, run_after=2024-09-12 00:00:00+00:00
[2024-09-12T14:30:22.389+0000] {processor.py:208} INFO - Processing /home/airflow/.local/lib/python3.12/site-packages/airflow/example_dags/example_skip_dag.py took 0.539 seconds
[2024-09-12T14:30:52.599+0000] {processor.py:186} INFO - Started process (PID=1587) to work on /home/airflow/.local/lib/python3.12/site-packages/airflow/example_dags/example_skip_dag.py
[2024-09-12T14:30:52.601+0000] {processor.py:914} INFO - Processing file /home/airflow/.local/lib/python3.12/site-packages/airflow/example_dags/example_skip_dag.py for tasks to queue
[2024-09-12T14:30:52.603+0000] {logging_mixin.py:190} INFO - [2024-09-12T14:30:52.603+0000] {dagbag.py:587} INFO - Filling up the DagBag from /home/airflow/.local/lib/python3.12/site-packages/airflow/example_dags/example_skip_dag.py
[2024-09-12T14:30:52.614+0000] {processor.py:925} INFO - DAG(s) 'example_skip_dag' retrieved from /home/airflow/.local/lib/python3.12/site-packages/airflow/example_dags/example_skip_dag.py
[2024-09-12T14:30:52.639+0000] {logging_mixin.py:190} INFO - [2024-09-12T14:30:52.639+0000] {dag.py:3229} INFO - Sync 1 DAGs
[2024-09-12T14:30:52.667+0000] {logging_mixin.py:190} INFO - [2024-09-12T14:30:52.667+0000] {dag.py:4156} INFO - Setting next_dagrun for example_skip_dag to 2024-09-11 00:00:00+00:00, run_after=2024-09-12 00:00:00+00:00
[2024-09-12T14:30:52.702+0000] {processor.py:208} INFO - Processing /home/airflow/.local/lib/python3.12/site-packages/airflow/example_dags/example_skip_dag.py took 0.108 seconds
[2024-09-12T14:31:22.921+0000] {processor.py:186} INFO - Started process (PID=1649) to work on /home/airflow/.local/lib/python3.12/site-packages/airflow/example_dags/example_skip_dag.py
[2024-09-12T14:31:22.922+0000] {processor.py:914} INFO - Processing file /home/airflow/.local/lib/python3.12/site-packages/airflow/example_dags/example_skip_dag.py for tasks to queue
[2024-09-12T14:31:22.981+0000] {logging_mixin.py:190} INFO - [2024-09-12T14:31:22.981+0000] {dagbag.py:587} INFO - Filling up the DagBag from /home/airflow/.local/lib/python3.12/site-packages/airflow/example_dags/example_skip_dag.py
[2024-09-12T14:31:22.992+0000] {processor.py:925} INFO - DAG(s) 'example_skip_dag' retrieved from /home/airflow/.local/lib/python3.12/site-packages/airflow/example_dags/example_skip_dag.py
[2024-09-12T14:31:23.022+0000] {logging_mixin.py:190} INFO - [2024-09-12T14:31:23.022+0000] {dag.py:3229} INFO - Sync 1 DAGs
[2024-09-12T14:31:23.090+0000] {logging_mixin.py:190} INFO - [2024-09-12T14:31:23.090+0000] {dag.py:4156} INFO - Setting next_dagrun for example_skip_dag to 2024-09-11 00:00:00+00:00, run_after=2024-09-12 00:00:00+00:00
[2024-09-12T14:31:23.113+0000] {processor.py:208} INFO - Processing /home/airflow/.local/lib/python3.12/site-packages/airflow/example_dags/example_skip_dag.py took 0.199 seconds
[2024-09-12T14:31:53.730+0000] {processor.py:186} INFO - Started process (PID=1711) to work on /home/airflow/.local/lib/python3.12/site-packages/airflow/example_dags/example_skip_dag.py
[2024-09-12T14:31:53.731+0000] {processor.py:914} INFO - Processing file /home/airflow/.local/lib/python3.12/site-packages/airflow/example_dags/example_skip_dag.py for tasks to queue
[2024-09-12T14:31:53.734+0000] {logging_mixin.py:190} INFO - [2024-09-12T14:31:53.733+0000] {dagbag.py:587} INFO - Filling up the DagBag from /home/airflow/.local/lib/python3.12/site-packages/airflow/example_dags/example_skip_dag.py
[2024-09-12T14:31:53.745+0000] {processor.py:925} INFO - DAG(s) 'example_skip_dag' retrieved from /home/airflow/.local/lib/python3.12/site-packages/airflow/example_dags/example_skip_dag.py
[2024-09-12T14:31:53.811+0000] {logging_mixin.py:190} INFO - [2024-09-12T14:31:53.811+0000] {dag.py:3229} INFO - Sync 1 DAGs
[2024-09-12T14:31:53.849+0000] {logging_mixin.py:190} INFO - [2024-09-12T14:31:53.849+0000] {dag.py:4156} INFO - Setting next_dagrun for example_skip_dag to 2024-09-11 00:00:00+00:00, run_after=2024-09-12 00:00:00+00:00
[2024-09-12T14:31:53.889+0000] {processor.py:208} INFO - Processing /home/airflow/.local/lib/python3.12/site-packages/airflow/example_dags/example_skip_dag.py took 0.167 seconds
[2024-09-12T14:32:24.172+0000] {processor.py:186} INFO - Started process (PID=1773) to work on /home/airflow/.local/lib/python3.12/site-packages/airflow/example_dags/example_skip_dag.py
[2024-09-12T14:32:24.173+0000] {processor.py:914} INFO - Processing file /home/airflow/.local/lib/python3.12/site-packages/airflow/example_dags/example_skip_dag.py for tasks to queue
[2024-09-12T14:32:24.176+0000] {logging_mixin.py:190} INFO - [2024-09-12T14:32:24.175+0000] {dagbag.py:587} INFO - Filling up the DagBag from /home/airflow/.local/lib/python3.12/site-packages/airflow/example_dags/example_skip_dag.py
[2024-09-12T14:32:24.184+0000] {processor.py:925} INFO - DAG(s) 'example_skip_dag' retrieved from /home/airflow/.local/lib/python3.12/site-packages/airflow/example_dags/example_skip_dag.py
[2024-09-12T14:32:24.207+0000] {logging_mixin.py:190} INFO - [2024-09-12T14:32:24.206+0000] {dag.py:3229} INFO - Sync 1 DAGs
[2024-09-12T14:32:24.230+0000] {logging_mixin.py:190} INFO - [2024-09-12T14:32:24.230+0000] {dag.py:4156} INFO - Setting next_dagrun for example_skip_dag to 2024-09-11 00:00:00+00:00, run_after=2024-09-12 00:00:00+00:00
[2024-09-12T14:32:24.247+0000] {processor.py:208} INFO - Processing /home/airflow/.local/lib/python3.12/site-packages/airflow/example_dags/example_skip_dag.py took 0.082 seconds
