[2024-09-12T14:00:56.511+0000] {processor.py:186} INFO - Started process (PID=98) to work on /home/airflow/.local/lib/python3.12/site-packages/airflow/example_dags/example_short_circuit_operator.py
[2024-09-12T14:00:56.512+0000] {processor.py:914} INFO - Processing file /home/airflow/.local/lib/python3.12/site-packages/airflow/example_dags/example_short_circuit_operator.py for tasks to queue
[2024-09-12T14:00:56.515+0000] {logging_mixin.py:190} INFO - [2024-09-12T14:00:56.515+0000] {dagbag.py:587} INFO - Filling up the DagBag from /home/airflow/.local/lib/python3.12/site-packages/airflow/example_dags/example_short_circuit_operator.py
[2024-09-12T14:00:56.529+0000] {processor.py:925} INFO - DAG(s) 'example_short_circuit_operator' retrieved from /home/airflow/.local/lib/python3.12/site-packages/airflow/example_dags/example_short_circuit_operator.py
[2024-09-12T14:00:56.816+0000] {logging_mixin.py:190} INFO - [2024-09-12T14:00:56.816+0000] {override.py:1900} INFO - Created Permission View: can read on DAG:example_short_circuit_operator
[2024-09-12T14:00:56.884+0000] {logging_mixin.py:190} INFO - [2024-09-12T14:00:56.884+0000] {override.py:1900} INFO - Created Permission View: can delete on DAG:example_short_circuit_operator
[2024-09-12T14:00:56.892+0000] {logging_mixin.py:190} INFO - [2024-09-12T14:00:56.891+0000] {override.py:1900} INFO - Created Permission View: can edit on DAG:example_short_circuit_operator
[2024-09-12T14:00:56.900+0000] {logging_mixin.py:190} INFO - [2024-09-12T14:00:56.900+0000] {override.py:1900} INFO - Created Permission View: can read on DAG Run:example_short_circuit_operator
[2024-09-12T14:00:56.908+0000] {logging_mixin.py:190} INFO - [2024-09-12T14:00:56.907+0000] {override.py:1900} INFO - Created Permission View: can create on DAG Run:example_short_circuit_operator
[2024-09-12T14:00:56.916+0000] {logging_mixin.py:190} INFO - [2024-09-12T14:00:56.915+0000] {override.py:1900} INFO - Created Permission View: can delete on DAG Run:example_short_circuit_operator
[2024-09-12T14:00:56.987+0000] {logging_mixin.py:190} INFO - [2024-09-12T14:00:56.987+0000] {override.py:1900} INFO - Created Permission View: menu access on DAG Run:example_short_circuit_operator
[2024-09-12T14:00:56.988+0000] {logging_mixin.py:190} INFO - [2024-09-12T14:00:56.987+0000] {dag.py:3229} INFO - Sync 1 DAGs
[2024-09-12T14:00:57.008+0000] {logging_mixin.py:190} INFO - [2024-09-12T14:00:57.008+0000] {dag.py:3252} INFO - Creating ORM DAG for example_short_circuit_operator
[2024-09-12T14:00:57.009+0000] {logging_mixin.py:190} INFO - [2024-09-12T14:00:57.009+0000] {dag.py:4156} INFO - Setting next_dagrun for example_short_circuit_operator to None, run_after=None
[2024-09-12T14:00:57.031+0000] {processor.py:208} INFO - Processing /home/airflow/.local/lib/python3.12/site-packages/airflow/example_dags/example_short_circuit_operator.py took 0.527 seconds
[2024-09-12T14:01:27.669+0000] {processor.py:186} INFO - Started process (PID=160) to work on /home/airflow/.local/lib/python3.12/site-packages/airflow/example_dags/example_short_circuit_operator.py
[2024-09-12T14:01:27.670+0000] {processor.py:914} INFO - Processing file /home/airflow/.local/lib/python3.12/site-packages/airflow/example_dags/example_short_circuit_operator.py for tasks to queue
[2024-09-12T14:01:27.672+0000] {logging_mixin.py:190} INFO - [2024-09-12T14:01:27.672+0000] {dagbag.py:587} INFO - Filling up the DagBag from /home/airflow/.local/lib/python3.12/site-packages/airflow/example_dags/example_short_circuit_operator.py
[2024-09-12T14:01:27.684+0000] {processor.py:925} INFO - DAG(s) 'example_short_circuit_operator' retrieved from /home/airflow/.local/lib/python3.12/site-packages/airflow/example_dags/example_short_circuit_operator.py
[2024-09-12T14:01:27.716+0000] {logging_mixin.py:190} INFO - [2024-09-12T14:01:27.716+0000] {dag.py:3229} INFO - Sync 1 DAGs
[2024-09-12T14:01:27.737+0000] {logging_mixin.py:190} INFO - [2024-09-12T14:01:27.736+0000] {dag.py:4156} INFO - Setting next_dagrun for example_short_circuit_operator to None, run_after=None
[2024-09-12T14:01:27.762+0000] {processor.py:208} INFO - Processing /home/airflow/.local/lib/python3.12/site-packages/airflow/example_dags/example_short_circuit_operator.py took 0.101 seconds
[2024-09-12T14:01:57.822+0000] {processor.py:186} INFO - Started process (PID=222) to work on /home/airflow/.local/lib/python3.12/site-packages/airflow/example_dags/example_short_circuit_operator.py
[2024-09-12T14:01:57.823+0000] {processor.py:914} INFO - Processing file /home/airflow/.local/lib/python3.12/site-packages/airflow/example_dags/example_short_circuit_operator.py for tasks to queue
[2024-09-12T14:01:57.826+0000] {logging_mixin.py:190} INFO - [2024-09-12T14:01:57.825+0000] {dagbag.py:587} INFO - Filling up the DagBag from /home/airflow/.local/lib/python3.12/site-packages/airflow/example_dags/example_short_circuit_operator.py
[2024-09-12T14:01:57.836+0000] {processor.py:925} INFO - DAG(s) 'example_short_circuit_operator' retrieved from /home/airflow/.local/lib/python3.12/site-packages/airflow/example_dags/example_short_circuit_operator.py
[2024-09-12T14:01:57.863+0000] {logging_mixin.py:190} INFO - [2024-09-12T14:01:57.863+0000] {dag.py:3229} INFO - Sync 1 DAGs
[2024-09-12T14:01:57.881+0000] {logging_mixin.py:190} INFO - [2024-09-12T14:01:57.881+0000] {dag.py:4156} INFO - Setting next_dagrun for example_short_circuit_operator to None, run_after=None
[2024-09-12T14:01:57.903+0000] {processor.py:208} INFO - Processing /home/airflow/.local/lib/python3.12/site-packages/airflow/example_dags/example_short_circuit_operator.py took 0.088 seconds
[2024-09-12T14:02:28.275+0000] {processor.py:186} INFO - Started process (PID=284) to work on /home/airflow/.local/lib/python3.12/site-packages/airflow/example_dags/example_short_circuit_operator.py
[2024-09-12T14:02:28.276+0000] {processor.py:914} INFO - Processing file /home/airflow/.local/lib/python3.12/site-packages/airflow/example_dags/example_short_circuit_operator.py for tasks to queue
[2024-09-12T14:02:28.279+0000] {logging_mixin.py:190} INFO - [2024-09-12T14:02:28.279+0000] {dagbag.py:587} INFO - Filling up the DagBag from /home/airflow/.local/lib/python3.12/site-packages/airflow/example_dags/example_short_circuit_operator.py
[2024-09-12T14:02:28.290+0000] {processor.py:925} INFO - DAG(s) 'example_short_circuit_operator' retrieved from /home/airflow/.local/lib/python3.12/site-packages/airflow/example_dags/example_short_circuit_operator.py
[2024-09-12T14:02:28.319+0000] {logging_mixin.py:190} INFO - [2024-09-12T14:02:28.319+0000] {dag.py:3229} INFO - Sync 1 DAGs
[2024-09-12T14:02:28.336+0000] {logging_mixin.py:190} INFO - [2024-09-12T14:02:28.336+0000] {dag.py:4156} INFO - Setting next_dagrun for example_short_circuit_operator to None, run_after=None
[2024-09-12T14:02:28.357+0000] {processor.py:208} INFO - Processing /home/airflow/.local/lib/python3.12/site-packages/airflow/example_dags/example_short_circuit_operator.py took 0.089 seconds
[2024-09-12T14:02:59.007+0000] {processor.py:186} INFO - Started process (PID=346) to work on /home/airflow/.local/lib/python3.12/site-packages/airflow/example_dags/example_short_circuit_operator.py
[2024-09-12T14:02:59.008+0000] {processor.py:914} INFO - Processing file /home/airflow/.local/lib/python3.12/site-packages/airflow/example_dags/example_short_circuit_operator.py for tasks to queue
[2024-09-12T14:02:59.010+0000] {logging_mixin.py:190} INFO - [2024-09-12T14:02:59.010+0000] {dagbag.py:587} INFO - Filling up the DagBag from /home/airflow/.local/lib/python3.12/site-packages/airflow/example_dags/example_short_circuit_operator.py
[2024-09-12T14:02:59.020+0000] {processor.py:925} INFO - DAG(s) 'example_short_circuit_operator' retrieved from /home/airflow/.local/lib/python3.12/site-packages/airflow/example_dags/example_short_circuit_operator.py
[2024-09-12T14:02:59.106+0000] {logging_mixin.py:190} INFO - [2024-09-12T14:02:59.106+0000] {dag.py:3229} INFO - Sync 1 DAGs
[2024-09-12T14:02:59.125+0000] {logging_mixin.py:190} INFO - [2024-09-12T14:02:59.125+0000] {dag.py:4156} INFO - Setting next_dagrun for example_short_circuit_operator to None, run_after=None
[2024-09-12T14:02:59.194+0000] {processor.py:208} INFO - Processing /home/airflow/.local/lib/python3.12/site-packages/airflow/example_dags/example_short_circuit_operator.py took 0.194 seconds
[2024-09-12T14:03:29.376+0000] {processor.py:186} INFO - Started process (PID=408) to work on /home/airflow/.local/lib/python3.12/site-packages/airflow/example_dags/example_short_circuit_operator.py
[2024-09-12T14:03:29.378+0000] {processor.py:914} INFO - Processing file /home/airflow/.local/lib/python3.12/site-packages/airflow/example_dags/example_short_circuit_operator.py for tasks to queue
[2024-09-12T14:03:29.381+0000] {logging_mixin.py:190} INFO - [2024-09-12T14:03:29.381+0000] {dagbag.py:587} INFO - Filling up the DagBag from /home/airflow/.local/lib/python3.12/site-packages/airflow/example_dags/example_short_circuit_operator.py
[2024-09-12T14:03:29.393+0000] {processor.py:925} INFO - DAG(s) 'example_short_circuit_operator' retrieved from /home/airflow/.local/lib/python3.12/site-packages/airflow/example_dags/example_short_circuit_operator.py
[2024-09-12T14:03:29.432+0000] {logging_mixin.py:190} INFO - [2024-09-12T14:03:29.431+0000] {dag.py:3229} INFO - Sync 1 DAGs
[2024-09-12T14:03:29.453+0000] {logging_mixin.py:190} INFO - [2024-09-12T14:03:29.452+0000] {dag.py:4156} INFO - Setting next_dagrun for example_short_circuit_operator to None, run_after=None
[2024-09-12T14:03:29.480+0000] {processor.py:208} INFO - Processing /home/airflow/.local/lib/python3.12/site-packages/airflow/example_dags/example_short_circuit_operator.py took 0.112 seconds
[2024-09-12T14:03:59.604+0000] {processor.py:186} INFO - Started process (PID=470) to work on /home/airflow/.local/lib/python3.12/site-packages/airflow/example_dags/example_short_circuit_operator.py
[2024-09-12T14:03:59.605+0000] {processor.py:914} INFO - Processing file /home/airflow/.local/lib/python3.12/site-packages/airflow/example_dags/example_short_circuit_operator.py for tasks to queue
[2024-09-12T14:03:59.608+0000] {logging_mixin.py:190} INFO - [2024-09-12T14:03:59.607+0000] {dagbag.py:587} INFO - Filling up the DagBag from /home/airflow/.local/lib/python3.12/site-packages/airflow/example_dags/example_short_circuit_operator.py
[2024-09-12T14:03:59.616+0000] {processor.py:925} INFO - DAG(s) 'example_short_circuit_operator' retrieved from /home/airflow/.local/lib/python3.12/site-packages/airflow/example_dags/example_short_circuit_operator.py
[2024-09-12T14:03:59.642+0000] {logging_mixin.py:190} INFO - [2024-09-12T14:03:59.642+0000] {dag.py:3229} INFO - Sync 1 DAGs
[2024-09-12T14:03:59.659+0000] {logging_mixin.py:190} INFO - [2024-09-12T14:03:59.658+0000] {dag.py:4156} INFO - Setting next_dagrun for example_short_circuit_operator to None, run_after=None
[2024-09-12T14:03:59.678+0000] {processor.py:208} INFO - Processing /home/airflow/.local/lib/python3.12/site-packages/airflow/example_dags/example_short_circuit_operator.py took 0.081 seconds
[2024-09-12T14:04:30.127+0000] {processor.py:186} INFO - Started process (PID=532) to work on /home/airflow/.local/lib/python3.12/site-packages/airflow/example_dags/example_short_circuit_operator.py
[2024-09-12T14:04:30.128+0000] {processor.py:914} INFO - Processing file /home/airflow/.local/lib/python3.12/site-packages/airflow/example_dags/example_short_circuit_operator.py for tasks to queue
[2024-09-12T14:04:30.131+0000] {logging_mixin.py:190} INFO - [2024-09-12T14:04:30.130+0000] {dagbag.py:587} INFO - Filling up the DagBag from /home/airflow/.local/lib/python3.12/site-packages/airflow/example_dags/example_short_circuit_operator.py
[2024-09-12T14:04:30.141+0000] {processor.py:925} INFO - DAG(s) 'example_short_circuit_operator' retrieved from /home/airflow/.local/lib/python3.12/site-packages/airflow/example_dags/example_short_circuit_operator.py
[2024-09-12T14:04:30.167+0000] {logging_mixin.py:190} INFO - [2024-09-12T14:04:30.166+0000] {dag.py:3229} INFO - Sync 1 DAGs
[2024-09-12T14:04:30.183+0000] {logging_mixin.py:190} INFO - [2024-09-12T14:04:30.182+0000] {dag.py:4156} INFO - Setting next_dagrun for example_short_circuit_operator to None, run_after=None
[2024-09-12T14:04:30.204+0000] {processor.py:208} INFO - Processing /home/airflow/.local/lib/python3.12/site-packages/airflow/example_dags/example_short_circuit_operator.py took 0.085 seconds
[2024-09-12T14:05:00.901+0000] {processor.py:186} INFO - Started process (PID=594) to work on /home/airflow/.local/lib/python3.12/site-packages/airflow/example_dags/example_short_circuit_operator.py
[2024-09-12T14:05:00.903+0000] {processor.py:914} INFO - Processing file /home/airflow/.local/lib/python3.12/site-packages/airflow/example_dags/example_short_circuit_operator.py for tasks to queue
[2024-09-12T14:05:00.905+0000] {logging_mixin.py:190} INFO - [2024-09-12T14:05:00.905+0000] {dagbag.py:587} INFO - Filling up the DagBag from /home/airflow/.local/lib/python3.12/site-packages/airflow/example_dags/example_short_circuit_operator.py
[2024-09-12T14:05:00.915+0000] {processor.py:925} INFO - DAG(s) 'example_short_circuit_operator' retrieved from /home/airflow/.local/lib/python3.12/site-packages/airflow/example_dags/example_short_circuit_operator.py
[2024-09-12T14:05:00.941+0000] {logging_mixin.py:190} INFO - [2024-09-12T14:05:00.941+0000] {dag.py:3229} INFO - Sync 1 DAGs
[2024-09-12T14:05:00.955+0000] {logging_mixin.py:190} INFO - [2024-09-12T14:05:00.955+0000] {dag.py:4156} INFO - Setting next_dagrun for example_short_circuit_operator to None, run_after=None
[2024-09-12T14:05:00.971+0000] {processor.py:208} INFO - Processing /home/airflow/.local/lib/python3.12/site-packages/airflow/example_dags/example_short_circuit_operator.py took 0.076 seconds
[2024-09-12T14:05:31.641+0000] {processor.py:186} INFO - Started process (PID=656) to work on /home/airflow/.local/lib/python3.12/site-packages/airflow/example_dags/example_short_circuit_operator.py
[2024-09-12T14:05:31.642+0000] {processor.py:914} INFO - Processing file /home/airflow/.local/lib/python3.12/site-packages/airflow/example_dags/example_short_circuit_operator.py for tasks to queue
[2024-09-12T14:05:31.644+0000] {logging_mixin.py:190} INFO - [2024-09-12T14:05:31.644+0000] {dagbag.py:587} INFO - Filling up the DagBag from /home/airflow/.local/lib/python3.12/site-packages/airflow/example_dags/example_short_circuit_operator.py
[2024-09-12T14:05:31.652+0000] {processor.py:925} INFO - DAG(s) 'example_short_circuit_operator' retrieved from /home/airflow/.local/lib/python3.12/site-packages/airflow/example_dags/example_short_circuit_operator.py
[2024-09-12T14:05:31.681+0000] {logging_mixin.py:190} INFO - [2024-09-12T14:05:31.681+0000] {dag.py:3229} INFO - Sync 1 DAGs
[2024-09-12T14:05:31.696+0000] {logging_mixin.py:190} INFO - [2024-09-12T14:05:31.696+0000] {dag.py:4156} INFO - Setting next_dagrun for example_short_circuit_operator to None, run_after=None
[2024-09-12T14:05:31.712+0000] {processor.py:208} INFO - Processing /home/airflow/.local/lib/python3.12/site-packages/airflow/example_dags/example_short_circuit_operator.py took 0.077 seconds
[2024-09-12T14:06:01.961+0000] {processor.py:186} INFO - Started process (PID=718) to work on /home/airflow/.local/lib/python3.12/site-packages/airflow/example_dags/example_short_circuit_operator.py
[2024-09-12T14:06:01.962+0000] {processor.py:914} INFO - Processing file /home/airflow/.local/lib/python3.12/site-packages/airflow/example_dags/example_short_circuit_operator.py for tasks to queue
[2024-09-12T14:06:01.964+0000] {logging_mixin.py:190} INFO - [2024-09-12T14:06:01.963+0000] {dagbag.py:587} INFO - Filling up the DagBag from /home/airflow/.local/lib/python3.12/site-packages/airflow/example_dags/example_short_circuit_operator.py
[2024-09-12T14:06:01.973+0000] {processor.py:925} INFO - DAG(s) 'example_short_circuit_operator' retrieved from /home/airflow/.local/lib/python3.12/site-packages/airflow/example_dags/example_short_circuit_operator.py
[2024-09-12T14:06:02.001+0000] {logging_mixin.py:190} INFO - [2024-09-12T14:06:02.001+0000] {dag.py:3229} INFO - Sync 1 DAGs
[2024-09-12T14:06:02.018+0000] {logging_mixin.py:190} INFO - [2024-09-12T14:06:02.018+0000] {dag.py:4156} INFO - Setting next_dagrun for example_short_circuit_operator to None, run_after=None
[2024-09-12T14:06:02.036+0000] {processor.py:208} INFO - Processing /home/airflow/.local/lib/python3.12/site-packages/airflow/example_dags/example_short_circuit_operator.py took 0.082 seconds
[2024-09-12T14:06:32.557+0000] {processor.py:186} INFO - Started process (PID=780) to work on /home/airflow/.local/lib/python3.12/site-packages/airflow/example_dags/example_short_circuit_operator.py
[2024-09-12T14:06:32.559+0000] {processor.py:914} INFO - Processing file /home/airflow/.local/lib/python3.12/site-packages/airflow/example_dags/example_short_circuit_operator.py for tasks to queue
[2024-09-12T14:06:32.561+0000] {logging_mixin.py:190} INFO - [2024-09-12T14:06:32.561+0000] {dagbag.py:587} INFO - Filling up the DagBag from /home/airflow/.local/lib/python3.12/site-packages/airflow/example_dags/example_short_circuit_operator.py
[2024-09-12T14:06:32.571+0000] {processor.py:925} INFO - DAG(s) 'example_short_circuit_operator' retrieved from /home/airflow/.local/lib/python3.12/site-packages/airflow/example_dags/example_short_circuit_operator.py
[2024-09-12T14:06:32.598+0000] {logging_mixin.py:190} INFO - [2024-09-12T14:06:32.597+0000] {dag.py:3229} INFO - Sync 1 DAGs
[2024-09-12T14:06:32.615+0000] {logging_mixin.py:190} INFO - [2024-09-12T14:06:32.615+0000] {dag.py:4156} INFO - Setting next_dagrun for example_short_circuit_operator to None, run_after=None
[2024-09-12T14:06:32.636+0000] {processor.py:208} INFO - Processing /home/airflow/.local/lib/python3.12/site-packages/airflow/example_dags/example_short_circuit_operator.py took 0.086 seconds
[2024-09-12T14:07:02.830+0000] {processor.py:186} INFO - Started process (PID=842) to work on /home/airflow/.local/lib/python3.12/site-packages/airflow/example_dags/example_short_circuit_operator.py
[2024-09-12T14:07:02.831+0000] {processor.py:914} INFO - Processing file /home/airflow/.local/lib/python3.12/site-packages/airflow/example_dags/example_short_circuit_operator.py for tasks to queue
[2024-09-12T14:07:02.834+0000] {logging_mixin.py:190} INFO - [2024-09-12T14:07:02.834+0000] {dagbag.py:587} INFO - Filling up the DagBag from /home/airflow/.local/lib/python3.12/site-packages/airflow/example_dags/example_short_circuit_operator.py
[2024-09-12T14:07:02.843+0000] {processor.py:925} INFO - DAG(s) 'example_short_circuit_operator' retrieved from /home/airflow/.local/lib/python3.12/site-packages/airflow/example_dags/example_short_circuit_operator.py
[2024-09-12T14:07:02.870+0000] {logging_mixin.py:190} INFO - [2024-09-12T14:07:02.870+0000] {dag.py:3229} INFO - Sync 1 DAGs
[2024-09-12T14:07:02.886+0000] {logging_mixin.py:190} INFO - [2024-09-12T14:07:02.885+0000] {dag.py:4156} INFO - Setting next_dagrun for example_short_circuit_operator to None, run_after=None
[2024-09-12T14:07:02.905+0000] {processor.py:208} INFO - Processing /home/airflow/.local/lib/python3.12/site-packages/airflow/example_dags/example_short_circuit_operator.py took 0.081 seconds
[2024-09-12T14:07:33.361+0000] {processor.py:186} INFO - Started process (PID=910) to work on /home/airflow/.local/lib/python3.12/site-packages/airflow/example_dags/example_short_circuit_operator.py
[2024-09-12T14:07:33.362+0000] {processor.py:914} INFO - Processing file /home/airflow/.local/lib/python3.12/site-packages/airflow/example_dags/example_short_circuit_operator.py for tasks to queue
[2024-09-12T14:07:33.366+0000] {logging_mixin.py:190} INFO - [2024-09-12T14:07:33.365+0000] {dagbag.py:587} INFO - Filling up the DagBag from /home/airflow/.local/lib/python3.12/site-packages/airflow/example_dags/example_short_circuit_operator.py
[2024-09-12T14:07:33.379+0000] {processor.py:925} INFO - DAG(s) 'example_short_circuit_operator' retrieved from /home/airflow/.local/lib/python3.12/site-packages/airflow/example_dags/example_short_circuit_operator.py
[2024-09-12T14:07:33.410+0000] {logging_mixin.py:190} INFO - [2024-09-12T14:07:33.409+0000] {dag.py:3229} INFO - Sync 1 DAGs
[2024-09-12T14:07:33.426+0000] {logging_mixin.py:190} INFO - [2024-09-12T14:07:33.426+0000] {dag.py:4156} INFO - Setting next_dagrun for example_short_circuit_operator to None, run_after=None
[2024-09-12T14:07:33.449+0000] {processor.py:208} INFO - Processing /home/airflow/.local/lib/python3.12/site-packages/airflow/example_dags/example_short_circuit_operator.py took 0.097 seconds
[2024-09-12T14:08:05.210+0000] {processor.py:186} INFO - Started process (PID=972) to work on /home/airflow/.local/lib/python3.12/site-packages/airflow/example_dags/example_short_circuit_operator.py
[2024-09-12T14:08:05.211+0000] {processor.py:914} INFO - Processing file /home/airflow/.local/lib/python3.12/site-packages/airflow/example_dags/example_short_circuit_operator.py for tasks to queue
[2024-09-12T14:08:05.213+0000] {logging_mixin.py:190} INFO - [2024-09-12T14:08:05.213+0000] {dagbag.py:587} INFO - Filling up the DagBag from /home/airflow/.local/lib/python3.12/site-packages/airflow/example_dags/example_short_circuit_operator.py
[2024-09-12T14:08:05.223+0000] {processor.py:925} INFO - DAG(s) 'example_short_circuit_operator' retrieved from /home/airflow/.local/lib/python3.12/site-packages/airflow/example_dags/example_short_circuit_operator.py
[2024-09-12T14:08:05.304+0000] {logging_mixin.py:190} INFO - [2024-09-12T14:08:05.304+0000] {dag.py:3229} INFO - Sync 1 DAGs
[2024-09-12T14:08:05.321+0000] {logging_mixin.py:190} INFO - [2024-09-12T14:08:05.320+0000] {dag.py:4156} INFO - Setting next_dagrun for example_short_circuit_operator to None, run_after=None
[2024-09-12T14:08:05.395+0000] {processor.py:208} INFO - Processing /home/airflow/.local/lib/python3.12/site-packages/airflow/example_dags/example_short_circuit_operator.py took 0.193 seconds
[2024-09-12T14:08:35.843+0000] {processor.py:186} INFO - Started process (PID=1034) to work on /home/airflow/.local/lib/python3.12/site-packages/airflow/example_dags/example_short_circuit_operator.py
[2024-09-12T14:08:35.844+0000] {processor.py:914} INFO - Processing file /home/airflow/.local/lib/python3.12/site-packages/airflow/example_dags/example_short_circuit_operator.py for tasks to queue
[2024-09-12T14:08:35.846+0000] {logging_mixin.py:190} INFO - [2024-09-12T14:08:35.846+0000] {dagbag.py:587} INFO - Filling up the DagBag from /home/airflow/.local/lib/python3.12/site-packages/airflow/example_dags/example_short_circuit_operator.py
[2024-09-12T14:08:35.855+0000] {processor.py:925} INFO - DAG(s) 'example_short_circuit_operator' retrieved from /home/airflow/.local/lib/python3.12/site-packages/airflow/example_dags/example_short_circuit_operator.py
[2024-09-12T14:08:35.892+0000] {logging_mixin.py:190} INFO - [2024-09-12T14:08:35.892+0000] {dag.py:3229} INFO - Sync 1 DAGs
[2024-09-12T14:08:35.907+0000] {logging_mixin.py:190} INFO - [2024-09-12T14:08:35.906+0000] {dag.py:4156} INFO - Setting next_dagrun for example_short_circuit_operator to None, run_after=None
[2024-09-12T14:08:35.923+0000] {processor.py:208} INFO - Processing /home/airflow/.local/lib/python3.12/site-packages/airflow/example_dags/example_short_circuit_operator.py took 0.086 seconds
[2024-09-12T14:09:06.870+0000] {processor.py:186} INFO - Started process (PID=1096) to work on /home/airflow/.local/lib/python3.12/site-packages/airflow/example_dags/example_short_circuit_operator.py
[2024-09-12T14:09:06.880+0000] {processor.py:914} INFO - Processing file /home/airflow/.local/lib/python3.12/site-packages/airflow/example_dags/example_short_circuit_operator.py for tasks to queue
[2024-09-12T14:09:06.883+0000] {logging_mixin.py:190} INFO - [2024-09-12T14:09:06.883+0000] {dagbag.py:587} INFO - Filling up the DagBag from /home/airflow/.local/lib/python3.12/site-packages/airflow/example_dags/example_short_circuit_operator.py
[2024-09-12T14:09:06.893+0000] {processor.py:925} INFO - DAG(s) 'example_short_circuit_operator' retrieved from /home/airflow/.local/lib/python3.12/site-packages/airflow/example_dags/example_short_circuit_operator.py
[2024-09-12T14:09:06.918+0000] {logging_mixin.py:190} INFO - [2024-09-12T14:09:06.918+0000] {dag.py:3229} INFO - Sync 1 DAGs
[2024-09-12T14:09:06.933+0000] {logging_mixin.py:190} INFO - [2024-09-12T14:09:06.932+0000] {dag.py:4156} INFO - Setting next_dagrun for example_short_circuit_operator to None, run_after=None
[2024-09-12T14:09:06.950+0000] {processor.py:208} INFO - Processing /home/airflow/.local/lib/python3.12/site-packages/airflow/example_dags/example_short_circuit_operator.py took 0.087 seconds
[2024-09-12T14:09:37.289+0000] {processor.py:186} INFO - Started process (PID=1158) to work on /home/airflow/.local/lib/python3.12/site-packages/airflow/example_dags/example_short_circuit_operator.py
[2024-09-12T14:09:37.290+0000] {processor.py:914} INFO - Processing file /home/airflow/.local/lib/python3.12/site-packages/airflow/example_dags/example_short_circuit_operator.py for tasks to queue
[2024-09-12T14:09:37.292+0000] {logging_mixin.py:190} INFO - [2024-09-12T14:09:37.292+0000] {dagbag.py:587} INFO - Filling up the DagBag from /home/airflow/.local/lib/python3.12/site-packages/airflow/example_dags/example_short_circuit_operator.py
[2024-09-12T14:09:37.302+0000] {processor.py:925} INFO - DAG(s) 'example_short_circuit_operator' retrieved from /home/airflow/.local/lib/python3.12/site-packages/airflow/example_dags/example_short_circuit_operator.py
[2024-09-12T14:09:37.330+0000] {logging_mixin.py:190} INFO - [2024-09-12T14:09:37.330+0000] {dag.py:3229} INFO - Sync 1 DAGs
[2024-09-12T14:09:37.346+0000] {logging_mixin.py:190} INFO - [2024-09-12T14:09:37.346+0000] {dag.py:4156} INFO - Setting next_dagrun for example_short_circuit_operator to None, run_after=None
[2024-09-12T14:09:37.363+0000] {processor.py:208} INFO - Processing /home/airflow/.local/lib/python3.12/site-packages/airflow/example_dags/example_short_circuit_operator.py took 0.081 seconds
[2024-09-12T14:10:07.940+0000] {processor.py:186} INFO - Started process (PID=1220) to work on /home/airflow/.local/lib/python3.12/site-packages/airflow/example_dags/example_short_circuit_operator.py
[2024-09-12T14:10:07.941+0000] {processor.py:914} INFO - Processing file /home/airflow/.local/lib/python3.12/site-packages/airflow/example_dags/example_short_circuit_operator.py for tasks to queue
[2024-09-12T14:10:07.944+0000] {logging_mixin.py:190} INFO - [2024-09-12T14:10:07.943+0000] {dagbag.py:587} INFO - Filling up the DagBag from /home/airflow/.local/lib/python3.12/site-packages/airflow/example_dags/example_short_circuit_operator.py
[2024-09-12T14:10:07.953+0000] {processor.py:925} INFO - DAG(s) 'example_short_circuit_operator' retrieved from /home/airflow/.local/lib/python3.12/site-packages/airflow/example_dags/example_short_circuit_operator.py
[2024-09-12T14:10:07.993+0000] {logging_mixin.py:190} INFO - [2024-09-12T14:10:07.992+0000] {dag.py:3229} INFO - Sync 1 DAGs
[2024-09-12T14:10:08.011+0000] {logging_mixin.py:190} INFO - [2024-09-12T14:10:08.011+0000] {dag.py:4156} INFO - Setting next_dagrun for example_short_circuit_operator to None, run_after=None
[2024-09-12T14:10:08.032+0000] {processor.py:208} INFO - Processing /home/airflow/.local/lib/python3.12/site-packages/airflow/example_dags/example_short_circuit_operator.py took 0.099 seconds
[2024-09-12T14:10:38.197+0000] {processor.py:186} INFO - Started process (PID=1282) to work on /home/airflow/.local/lib/python3.12/site-packages/airflow/example_dags/example_short_circuit_operator.py
[2024-09-12T14:10:38.198+0000] {processor.py:914} INFO - Processing file /home/airflow/.local/lib/python3.12/site-packages/airflow/example_dags/example_short_circuit_operator.py for tasks to queue
[2024-09-12T14:10:38.201+0000] {logging_mixin.py:190} INFO - [2024-09-12T14:10:38.201+0000] {dagbag.py:587} INFO - Filling up the DagBag from /home/airflow/.local/lib/python3.12/site-packages/airflow/example_dags/example_short_circuit_operator.py
[2024-09-12T14:10:38.213+0000] {processor.py:925} INFO - DAG(s) 'example_short_circuit_operator' retrieved from /home/airflow/.local/lib/python3.12/site-packages/airflow/example_dags/example_short_circuit_operator.py
[2024-09-12T14:10:38.243+0000] {logging_mixin.py:190} INFO - [2024-09-12T14:10:38.242+0000] {dag.py:3229} INFO - Sync 1 DAGs
[2024-09-12T14:10:38.266+0000] {logging_mixin.py:190} INFO - [2024-09-12T14:10:38.266+0000] {dag.py:4156} INFO - Setting next_dagrun for example_short_circuit_operator to None, run_after=None
[2024-09-12T14:10:38.288+0000] {processor.py:208} INFO - Processing /home/airflow/.local/lib/python3.12/site-packages/airflow/example_dags/example_short_circuit_operator.py took 0.098 seconds
[2024-09-12T14:11:09.611+0000] {processor.py:186} INFO - Started process (PID=1344) to work on /home/airflow/.local/lib/python3.12/site-packages/airflow/example_dags/example_short_circuit_operator.py
[2024-09-12T14:11:09.613+0000] {processor.py:914} INFO - Processing file /home/airflow/.local/lib/python3.12/site-packages/airflow/example_dags/example_short_circuit_operator.py for tasks to queue
[2024-09-12T14:11:09.616+0000] {logging_mixin.py:190} INFO - [2024-09-12T14:11:09.615+0000] {dagbag.py:587} INFO - Filling up the DagBag from /home/airflow/.local/lib/python3.12/site-packages/airflow/example_dags/example_short_circuit_operator.py
[2024-09-12T14:11:09.625+0000] {processor.py:925} INFO - DAG(s) 'example_short_circuit_operator' retrieved from /home/airflow/.local/lib/python3.12/site-packages/airflow/example_dags/example_short_circuit_operator.py
[2024-09-12T14:11:09.650+0000] {logging_mixin.py:190} INFO - [2024-09-12T14:11:09.649+0000] {dag.py:3229} INFO - Sync 1 DAGs
[2024-09-12T14:11:09.667+0000] {logging_mixin.py:190} INFO - [2024-09-12T14:11:09.666+0000] {dag.py:4156} INFO - Setting next_dagrun for example_short_circuit_operator to None, run_after=None
[2024-09-12T14:11:09.685+0000] {processor.py:208} INFO - Processing /home/airflow/.local/lib/python3.12/site-packages/airflow/example_dags/example_short_circuit_operator.py took 0.082 seconds
[2024-09-12T14:11:40.269+0000] {processor.py:186} INFO - Started process (PID=1406) to work on /home/airflow/.local/lib/python3.12/site-packages/airflow/example_dags/example_short_circuit_operator.py
[2024-09-12T14:11:40.270+0000] {processor.py:914} INFO - Processing file /home/airflow/.local/lib/python3.12/site-packages/airflow/example_dags/example_short_circuit_operator.py for tasks to queue
[2024-09-12T14:11:40.272+0000] {logging_mixin.py:190} INFO - [2024-09-12T14:11:40.272+0000] {dagbag.py:587} INFO - Filling up the DagBag from /home/airflow/.local/lib/python3.12/site-packages/airflow/example_dags/example_short_circuit_operator.py
[2024-09-12T14:11:40.283+0000] {processor.py:925} INFO - DAG(s) 'example_short_circuit_operator' retrieved from /home/airflow/.local/lib/python3.12/site-packages/airflow/example_dags/example_short_circuit_operator.py
[2024-09-12T14:11:40.315+0000] {logging_mixin.py:190} INFO - [2024-09-12T14:11:40.314+0000] {dag.py:3229} INFO - Sync 1 DAGs
[2024-09-12T14:11:40.330+0000] {logging_mixin.py:190} INFO - [2024-09-12T14:11:40.330+0000] {dag.py:4156} INFO - Setting next_dagrun for example_short_circuit_operator to None, run_after=None
[2024-09-12T14:11:40.349+0000] {processor.py:208} INFO - Processing /home/airflow/.local/lib/python3.12/site-packages/airflow/example_dags/example_short_circuit_operator.py took 0.087 seconds
[2024-09-12T14:12:10.592+0000] {processor.py:186} INFO - Started process (PID=1468) to work on /home/airflow/.local/lib/python3.12/site-packages/airflow/example_dags/example_short_circuit_operator.py
[2024-09-12T14:12:10.593+0000] {processor.py:914} INFO - Processing file /home/airflow/.local/lib/python3.12/site-packages/airflow/example_dags/example_short_circuit_operator.py for tasks to queue
[2024-09-12T14:12:10.596+0000] {logging_mixin.py:190} INFO - [2024-09-12T14:12:10.595+0000] {dagbag.py:587} INFO - Filling up the DagBag from /home/airflow/.local/lib/python3.12/site-packages/airflow/example_dags/example_short_circuit_operator.py
[2024-09-12T14:12:10.605+0000] {processor.py:925} INFO - DAG(s) 'example_short_circuit_operator' retrieved from /home/airflow/.local/lib/python3.12/site-packages/airflow/example_dags/example_short_circuit_operator.py
[2024-09-12T14:12:10.633+0000] {logging_mixin.py:190} INFO - [2024-09-12T14:12:10.632+0000] {dag.py:3229} INFO - Sync 1 DAGs
[2024-09-12T14:12:10.650+0000] {logging_mixin.py:190} INFO - [2024-09-12T14:12:10.649+0000] {dag.py:4156} INFO - Setting next_dagrun for example_short_circuit_operator to None, run_after=None
[2024-09-12T14:12:10.689+0000] {processor.py:208} INFO - Processing /home/airflow/.local/lib/python3.12/site-packages/airflow/example_dags/example_short_circuit_operator.py took 0.104 seconds
[2024-09-12T14:12:41.814+0000] {processor.py:186} INFO - Started process (PID=1530) to work on /home/airflow/.local/lib/python3.12/site-packages/airflow/example_dags/example_short_circuit_operator.py
[2024-09-12T14:12:41.816+0000] {processor.py:914} INFO - Processing file /home/airflow/.local/lib/python3.12/site-packages/airflow/example_dags/example_short_circuit_operator.py for tasks to queue
[2024-09-12T14:12:41.818+0000] {logging_mixin.py:190} INFO - [2024-09-12T14:12:41.818+0000] {dagbag.py:587} INFO - Filling up the DagBag from /home/airflow/.local/lib/python3.12/site-packages/airflow/example_dags/example_short_circuit_operator.py
[2024-09-12T14:12:41.891+0000] {processor.py:925} INFO - DAG(s) 'example_short_circuit_operator' retrieved from /home/airflow/.local/lib/python3.12/site-packages/airflow/example_dags/example_short_circuit_operator.py
[2024-09-12T14:12:41.919+0000] {logging_mixin.py:190} INFO - [2024-09-12T14:12:41.919+0000] {dag.py:3229} INFO - Sync 1 DAGs
[2024-09-12T14:12:41.999+0000] {logging_mixin.py:190} INFO - [2024-09-12T14:12:41.998+0000] {dag.py:4156} INFO - Setting next_dagrun for example_short_circuit_operator to None, run_after=None
[2024-09-12T14:12:42.019+0000] {processor.py:208} INFO - Processing /home/airflow/.local/lib/python3.12/site-packages/airflow/example_dags/example_short_circuit_operator.py took 0.213 seconds
[2024-09-12T14:13:12.989+0000] {processor.py:186} INFO - Started process (PID=1592) to work on /home/airflow/.local/lib/python3.12/site-packages/airflow/example_dags/example_short_circuit_operator.py
[2024-09-12T14:13:12.990+0000] {processor.py:914} INFO - Processing file /home/airflow/.local/lib/python3.12/site-packages/airflow/example_dags/example_short_circuit_operator.py for tasks to queue
[2024-09-12T14:13:12.992+0000] {logging_mixin.py:190} INFO - [2024-09-12T14:13:12.992+0000] {dagbag.py:587} INFO - Filling up the DagBag from /home/airflow/.local/lib/python3.12/site-packages/airflow/example_dags/example_short_circuit_operator.py
[2024-09-12T14:13:13.001+0000] {processor.py:925} INFO - DAG(s) 'example_short_circuit_operator' retrieved from /home/airflow/.local/lib/python3.12/site-packages/airflow/example_dags/example_short_circuit_operator.py
[2024-09-12T14:13:13.031+0000] {logging_mixin.py:190} INFO - [2024-09-12T14:13:13.031+0000] {dag.py:3229} INFO - Sync 1 DAGs
[2024-09-12T14:13:13.090+0000] {logging_mixin.py:190} INFO - [2024-09-12T14:13:13.089+0000] {dag.py:4156} INFO - Setting next_dagrun for example_short_circuit_operator to None, run_after=None
[2024-09-12T14:13:13.111+0000] {processor.py:208} INFO - Processing /home/airflow/.local/lib/python3.12/site-packages/airflow/example_dags/example_short_circuit_operator.py took 0.129 seconds
[2024-09-12T14:13:43.342+0000] {processor.py:186} INFO - Started process (PID=1654) to work on /home/airflow/.local/lib/python3.12/site-packages/airflow/example_dags/example_short_circuit_operator.py
[2024-09-12T14:13:43.344+0000] {processor.py:914} INFO - Processing file /home/airflow/.local/lib/python3.12/site-packages/airflow/example_dags/example_short_circuit_operator.py for tasks to queue
[2024-09-12T14:13:43.346+0000] {logging_mixin.py:190} INFO - [2024-09-12T14:13:43.346+0000] {dagbag.py:587} INFO - Filling up the DagBag from /home/airflow/.local/lib/python3.12/site-packages/airflow/example_dags/example_short_circuit_operator.py
[2024-09-12T14:13:43.356+0000] {processor.py:925} INFO - DAG(s) 'example_short_circuit_operator' retrieved from /home/airflow/.local/lib/python3.12/site-packages/airflow/example_dags/example_short_circuit_operator.py
[2024-09-12T14:13:43.385+0000] {logging_mixin.py:190} INFO - [2024-09-12T14:13:43.384+0000] {dag.py:3229} INFO - Sync 1 DAGs
[2024-09-12T14:13:43.410+0000] {logging_mixin.py:190} INFO - [2024-09-12T14:13:43.410+0000] {dag.py:4156} INFO - Setting next_dagrun for example_short_circuit_operator to None, run_after=None
[2024-09-12T14:13:43.433+0000] {processor.py:208} INFO - Processing /home/airflow/.local/lib/python3.12/site-packages/airflow/example_dags/example_short_circuit_operator.py took 0.098 seconds
[2024-09-12T14:14:13.791+0000] {processor.py:186} INFO - Started process (PID=1716) to work on /home/airflow/.local/lib/python3.12/site-packages/airflow/example_dags/example_short_circuit_operator.py
[2024-09-12T14:14:13.793+0000] {processor.py:914} INFO - Processing file /home/airflow/.local/lib/python3.12/site-packages/airflow/example_dags/example_short_circuit_operator.py for tasks to queue
[2024-09-12T14:14:13.795+0000] {logging_mixin.py:190} INFO - [2024-09-12T14:14:13.795+0000] {dagbag.py:587} INFO - Filling up the DagBag from /home/airflow/.local/lib/python3.12/site-packages/airflow/example_dags/example_short_circuit_operator.py
[2024-09-12T14:14:13.807+0000] {processor.py:925} INFO - DAG(s) 'example_short_circuit_operator' retrieved from /home/airflow/.local/lib/python3.12/site-packages/airflow/example_dags/example_short_circuit_operator.py
[2024-09-12T14:14:13.832+0000] {logging_mixin.py:190} INFO - [2024-09-12T14:14:13.832+0000] {dag.py:3229} INFO - Sync 1 DAGs
[2024-09-12T14:14:13.848+0000] {logging_mixin.py:190} INFO - [2024-09-12T14:14:13.848+0000] {dag.py:4156} INFO - Setting next_dagrun for example_short_circuit_operator to None, run_after=None
[2024-09-12T14:14:13.867+0000] {processor.py:208} INFO - Processing /home/airflow/.local/lib/python3.12/site-packages/airflow/example_dags/example_short_circuit_operator.py took 0.082 seconds
[2024-09-12T14:14:44.428+0000] {processor.py:186} INFO - Started process (PID=1778) to work on /home/airflow/.local/lib/python3.12/site-packages/airflow/example_dags/example_short_circuit_operator.py
[2024-09-12T14:14:44.429+0000] {processor.py:914} INFO - Processing file /home/airflow/.local/lib/python3.12/site-packages/airflow/example_dags/example_short_circuit_operator.py for tasks to queue
[2024-09-12T14:14:44.432+0000] {logging_mixin.py:190} INFO - [2024-09-12T14:14:44.431+0000] {dagbag.py:587} INFO - Filling up the DagBag from /home/airflow/.local/lib/python3.12/site-packages/airflow/example_dags/example_short_circuit_operator.py
[2024-09-12T14:14:44.442+0000] {processor.py:925} INFO - DAG(s) 'example_short_circuit_operator' retrieved from /home/airflow/.local/lib/python3.12/site-packages/airflow/example_dags/example_short_circuit_operator.py
[2024-09-12T14:14:44.471+0000] {logging_mixin.py:190} INFO - [2024-09-12T14:14:44.470+0000] {dag.py:3229} INFO - Sync 1 DAGs
[2024-09-12T14:14:44.487+0000] {logging_mixin.py:190} INFO - [2024-09-12T14:14:44.487+0000] {dag.py:4156} INFO - Setting next_dagrun for example_short_circuit_operator to None, run_after=None
[2024-09-12T14:14:44.505+0000] {processor.py:208} INFO - Processing /home/airflow/.local/lib/python3.12/site-packages/airflow/example_dags/example_short_circuit_operator.py took 0.083 seconds
[2024-09-12T14:15:14.755+0000] {processor.py:186} INFO - Started process (PID=1840) to work on /home/airflow/.local/lib/python3.12/site-packages/airflow/example_dags/example_short_circuit_operator.py
[2024-09-12T14:15:14.757+0000] {processor.py:914} INFO - Processing file /home/airflow/.local/lib/python3.12/site-packages/airflow/example_dags/example_short_circuit_operator.py for tasks to queue
[2024-09-12T14:15:14.759+0000] {logging_mixin.py:190} INFO - [2024-09-12T14:15:14.759+0000] {dagbag.py:587} INFO - Filling up the DagBag from /home/airflow/.local/lib/python3.12/site-packages/airflow/example_dags/example_short_circuit_operator.py
[2024-09-12T14:15:14.768+0000] {processor.py:925} INFO - DAG(s) 'example_short_circuit_operator' retrieved from /home/airflow/.local/lib/python3.12/site-packages/airflow/example_dags/example_short_circuit_operator.py
[2024-09-12T14:15:14.794+0000] {logging_mixin.py:190} INFO - [2024-09-12T14:15:14.794+0000] {dag.py:3229} INFO - Sync 1 DAGs
[2024-09-12T14:15:14.810+0000] {logging_mixin.py:190} INFO - [2024-09-12T14:15:14.810+0000] {dag.py:4156} INFO - Setting next_dagrun for example_short_circuit_operator to None, run_after=None
[2024-09-12T14:15:14.830+0000] {processor.py:208} INFO - Processing /home/airflow/.local/lib/python3.12/site-packages/airflow/example_dags/example_short_circuit_operator.py took 0.081 seconds
[2024-09-12T14:18:16.137+0000] {processor.py:186} INFO - Started process (PID=91) to work on /home/airflow/.local/lib/python3.12/site-packages/airflow/example_dags/example_short_circuit_operator.py
[2024-09-12T14:18:16.138+0000] {processor.py:914} INFO - Processing file /home/airflow/.local/lib/python3.12/site-packages/airflow/example_dags/example_short_circuit_operator.py for tasks to queue
[2024-09-12T14:18:16.141+0000] {logging_mixin.py:190} INFO - [2024-09-12T14:18:16.140+0000] {dagbag.py:587} INFO - Filling up the DagBag from /home/airflow/.local/lib/python3.12/site-packages/airflow/example_dags/example_short_circuit_operator.py
[2024-09-12T14:18:16.149+0000] {processor.py:925} INFO - DAG(s) 'example_short_circuit_operator' retrieved from /home/airflow/.local/lib/python3.12/site-packages/airflow/example_dags/example_short_circuit_operator.py
[2024-09-12T14:18:16.176+0000] {logging_mixin.py:190} INFO - [2024-09-12T14:18:16.175+0000] {dag.py:3229} INFO - Sync 1 DAGs
[2024-09-12T14:18:16.193+0000] {logging_mixin.py:190} INFO - [2024-09-12T14:18:16.193+0000] {dag.py:4156} INFO - Setting next_dagrun for example_short_circuit_operator to None, run_after=None
[2024-09-12T14:18:16.211+0000] {processor.py:208} INFO - Processing /home/airflow/.local/lib/python3.12/site-packages/airflow/example_dags/example_short_circuit_operator.py took 0.080 seconds
[2024-09-12T14:18:48.424+0000] {processor.py:186} INFO - Started process (PID=153) to work on /home/airflow/.local/lib/python3.12/site-packages/airflow/example_dags/example_short_circuit_operator.py
[2024-09-12T14:18:48.425+0000] {processor.py:914} INFO - Processing file /home/airflow/.local/lib/python3.12/site-packages/airflow/example_dags/example_short_circuit_operator.py for tasks to queue
[2024-09-12T14:18:48.428+0000] {logging_mixin.py:190} INFO - [2024-09-12T14:18:48.427+0000] {dagbag.py:587} INFO - Filling up the DagBag from /home/airflow/.local/lib/python3.12/site-packages/airflow/example_dags/example_short_circuit_operator.py
[2024-09-12T14:18:48.487+0000] {processor.py:925} INFO - DAG(s) 'example_short_circuit_operator' retrieved from /home/airflow/.local/lib/python3.12/site-packages/airflow/example_dags/example_short_circuit_operator.py
[2024-09-12T14:18:48.600+0000] {logging_mixin.py:190} INFO - [2024-09-12T14:18:48.599+0000] {dag.py:3229} INFO - Sync 1 DAGs
[2024-09-12T14:18:48.632+0000] {logging_mixin.py:190} INFO - [2024-09-12T14:18:48.632+0000] {dag.py:4156} INFO - Setting next_dagrun for example_short_circuit_operator to None, run_after=None
[2024-09-12T14:18:48.725+0000] {processor.py:208} INFO - Processing /home/airflow/.local/lib/python3.12/site-packages/airflow/example_dags/example_short_circuit_operator.py took 0.312 seconds
