[2024-09-12T14:00:55.976+0000] {processor.py:186} INFO - Started process (PID=95) to work on /home/airflow/.local/lib/python3.12/site-packages/airflow/example_dags/example_setup_teardown.py
[2024-09-12T14:00:55.981+0000] {processor.py:914} INFO - Processing file /home/airflow/.local/lib/python3.12/site-packages/airflow/example_dags/example_setup_teardown.py for tasks to queue
[2024-09-12T14:00:55.983+0000] {logging_mixin.py:190} INFO - [2024-09-12T14:00:55.983+0000] {dagbag.py:587} INFO - Filling up the DagBag from /home/airflow/.local/lib/python3.12/site-packages/airflow/example_dags/example_setup_teardown.py
[2024-09-12T14:00:55.994+0000] {processor.py:925} INFO - DAG(s) 'example_setup_teardown' retrieved from /home/airflow/.local/lib/python3.12/site-packages/airflow/example_dags/example_setup_teardown.py
[2024-09-12T14:00:56.208+0000] {logging_mixin.py:190} INFO - [2024-09-12T14:00:56.207+0000] {override.py:1900} INFO - Created Permission View: can read on DAG:example_setup_teardown
[2024-09-12T14:00:56.222+0000] {logging_mixin.py:190} INFO - [2024-09-12T14:00:56.221+0000] {override.py:1900} INFO - Created Permission View: can delete on DAG:example_setup_teardown
[2024-09-12T14:00:56.231+0000] {logging_mixin.py:190} INFO - [2024-09-12T14:00:56.231+0000] {override.py:1900} INFO - Created Permission View: can edit on DAG:example_setup_teardown
[2024-09-12T14:00:56.239+0000] {logging_mixin.py:190} INFO - [2024-09-12T14:00:56.239+0000] {override.py:1900} INFO - Created Permission View: can read on DAG Run:example_setup_teardown
[2024-09-12T14:00:56.286+0000] {logging_mixin.py:190} INFO - [2024-09-12T14:00:56.286+0000] {override.py:1900} INFO - Created Permission View: can create on DAG Run:example_setup_teardown
[2024-09-12T14:00:56.296+0000] {logging_mixin.py:190} INFO - [2024-09-12T14:00:56.296+0000] {override.py:1900} INFO - Created Permission View: can delete on DAG Run:example_setup_teardown
[2024-09-12T14:00:56.304+0000] {logging_mixin.py:190} INFO - [2024-09-12T14:00:56.303+0000] {override.py:1900} INFO - Created Permission View: menu access on DAG Run:example_setup_teardown
[2024-09-12T14:00:56.304+0000] {logging_mixin.py:190} INFO - [2024-09-12T14:00:56.304+0000] {dag.py:3229} INFO - Sync 1 DAGs
[2024-09-12T14:00:56.323+0000] {logging_mixin.py:190} INFO - [2024-09-12T14:00:56.323+0000] {dag.py:3252} INFO - Creating ORM DAG for example_setup_teardown
[2024-09-12T14:00:56.324+0000] {logging_mixin.py:190} INFO - [2024-09-12T14:00:56.324+0000] {dag.py:4156} INFO - Setting next_dagrun for example_setup_teardown to None, run_after=None
[2024-09-12T14:00:56.345+0000] {processor.py:208} INFO - Processing /home/airflow/.local/lib/python3.12/site-packages/airflow/example_dags/example_setup_teardown.py took 0.376 seconds
[2024-09-12T14:01:26.528+0000] {processor.py:186} INFO - Started process (PID=157) to work on /home/airflow/.local/lib/python3.12/site-packages/airflow/example_dags/example_setup_teardown.py
[2024-09-12T14:01:26.529+0000] {processor.py:914} INFO - Processing file /home/airflow/.local/lib/python3.12/site-packages/airflow/example_dags/example_setup_teardown.py for tasks to queue
[2024-09-12T14:01:26.532+0000] {logging_mixin.py:190} INFO - [2024-09-12T14:01:26.531+0000] {dagbag.py:587} INFO - Filling up the DagBag from /home/airflow/.local/lib/python3.12/site-packages/airflow/example_dags/example_setup_teardown.py
[2024-09-12T14:01:26.542+0000] {processor.py:925} INFO - DAG(s) 'example_setup_teardown' retrieved from /home/airflow/.local/lib/python3.12/site-packages/airflow/example_dags/example_setup_teardown.py
[2024-09-12T14:01:26.568+0000] {logging_mixin.py:190} INFO - [2024-09-12T14:01:26.568+0000] {dag.py:3229} INFO - Sync 1 DAGs
[2024-09-12T14:01:26.585+0000] {logging_mixin.py:190} INFO - [2024-09-12T14:01:26.585+0000] {dag.py:4156} INFO - Setting next_dagrun for example_setup_teardown to None, run_after=None
[2024-09-12T14:01:26.606+0000] {processor.py:208} INFO - Processing /home/airflow/.local/lib/python3.12/site-packages/airflow/example_dags/example_setup_teardown.py took 0.085 seconds
[2024-09-12T14:01:56.679+0000] {processor.py:186} INFO - Started process (PID=219) to work on /home/airflow/.local/lib/python3.12/site-packages/airflow/example_dags/example_setup_teardown.py
[2024-09-12T14:01:56.680+0000] {processor.py:914} INFO - Processing file /home/airflow/.local/lib/python3.12/site-packages/airflow/example_dags/example_setup_teardown.py for tasks to queue
[2024-09-12T14:01:56.683+0000] {logging_mixin.py:190} INFO - [2024-09-12T14:01:56.682+0000] {dagbag.py:587} INFO - Filling up the DagBag from /home/airflow/.local/lib/python3.12/site-packages/airflow/example_dags/example_setup_teardown.py
[2024-09-12T14:01:56.692+0000] {processor.py:925} INFO - DAG(s) 'example_setup_teardown' retrieved from /home/airflow/.local/lib/python3.12/site-packages/airflow/example_dags/example_setup_teardown.py
[2024-09-12T14:01:56.715+0000] {logging_mixin.py:190} INFO - [2024-09-12T14:01:56.715+0000] {dag.py:3229} INFO - Sync 1 DAGs
[2024-09-12T14:01:56.730+0000] {logging_mixin.py:190} INFO - [2024-09-12T14:01:56.730+0000] {dag.py:4156} INFO - Setting next_dagrun for example_setup_teardown to None, run_after=None
[2024-09-12T14:01:56.750+0000] {processor.py:208} INFO - Processing /home/airflow/.local/lib/python3.12/site-packages/airflow/example_dags/example_setup_teardown.py took 0.077 seconds
[2024-09-12T14:02:27.135+0000] {processor.py:186} INFO - Started process (PID=281) to work on /home/airflow/.local/lib/python3.12/site-packages/airflow/example_dags/example_setup_teardown.py
[2024-09-12T14:02:27.136+0000] {processor.py:914} INFO - Processing file /home/airflow/.local/lib/python3.12/site-packages/airflow/example_dags/example_setup_teardown.py for tasks to queue
[2024-09-12T14:02:27.139+0000] {logging_mixin.py:190} INFO - [2024-09-12T14:02:27.138+0000] {dagbag.py:587} INFO - Filling up the DagBag from /home/airflow/.local/lib/python3.12/site-packages/airflow/example_dags/example_setup_teardown.py
[2024-09-12T14:02:27.147+0000] {processor.py:925} INFO - DAG(s) 'example_setup_teardown' retrieved from /home/airflow/.local/lib/python3.12/site-packages/airflow/example_dags/example_setup_teardown.py
[2024-09-12T14:02:27.170+0000] {logging_mixin.py:190} INFO - [2024-09-12T14:02:27.170+0000] {dag.py:3229} INFO - Sync 1 DAGs
[2024-09-12T14:02:27.185+0000] {logging_mixin.py:190} INFO - [2024-09-12T14:02:27.185+0000] {dag.py:4156} INFO - Setting next_dagrun for example_setup_teardown to None, run_after=None
[2024-09-12T14:02:27.205+0000] {processor.py:208} INFO - Processing /home/airflow/.local/lib/python3.12/site-packages/airflow/example_dags/example_setup_teardown.py took 0.076 seconds
[2024-09-12T14:02:58.390+0000] {processor.py:186} INFO - Started process (PID=343) to work on /home/airflow/.local/lib/python3.12/site-packages/airflow/example_dags/example_setup_teardown.py
[2024-09-12T14:02:58.391+0000] {processor.py:914} INFO - Processing file /home/airflow/.local/lib/python3.12/site-packages/airflow/example_dags/example_setup_teardown.py for tasks to queue
[2024-09-12T14:02:58.393+0000] {logging_mixin.py:190} INFO - [2024-09-12T14:02:58.393+0000] {dagbag.py:587} INFO - Filling up the DagBag from /home/airflow/.local/lib/python3.12/site-packages/airflow/example_dags/example_setup_teardown.py
[2024-09-12T14:02:58.403+0000] {processor.py:925} INFO - DAG(s) 'example_setup_teardown' retrieved from /home/airflow/.local/lib/python3.12/site-packages/airflow/example_dags/example_setup_teardown.py
[2024-09-12T14:02:58.493+0000] {logging_mixin.py:190} INFO - [2024-09-12T14:02:58.492+0000] {dag.py:3229} INFO - Sync 1 DAGs
[2024-09-12T14:02:58.510+0000] {logging_mixin.py:190} INFO - [2024-09-12T14:02:58.510+0000] {dag.py:4156} INFO - Setting next_dagrun for example_setup_teardown to None, run_after=None
[2024-09-12T14:02:58.594+0000] {processor.py:208} INFO - Processing /home/airflow/.local/lib/python3.12/site-packages/airflow/example_dags/example_setup_teardown.py took 0.211 seconds
[2024-09-12T14:03:28.990+0000] {processor.py:186} INFO - Started process (PID=405) to work on /home/airflow/.local/lib/python3.12/site-packages/airflow/example_dags/example_setup_teardown.py
[2024-09-12T14:03:28.991+0000] {processor.py:914} INFO - Processing file /home/airflow/.local/lib/python3.12/site-packages/airflow/example_dags/example_setup_teardown.py for tasks to queue
[2024-09-12T14:03:28.994+0000] {logging_mixin.py:190} INFO - [2024-09-12T14:03:28.993+0000] {dagbag.py:587} INFO - Filling up the DagBag from /home/airflow/.local/lib/python3.12/site-packages/airflow/example_dags/example_setup_teardown.py
[2024-09-12T14:03:29.004+0000] {processor.py:925} INFO - DAG(s) 'example_setup_teardown' retrieved from /home/airflow/.local/lib/python3.12/site-packages/airflow/example_dags/example_setup_teardown.py
[2024-09-12T14:03:29.035+0000] {logging_mixin.py:190} INFO - [2024-09-12T14:03:29.035+0000] {dag.py:3229} INFO - Sync 1 DAGs
[2024-09-12T14:03:29.057+0000] {logging_mixin.py:190} INFO - [2024-09-12T14:03:29.056+0000] {dag.py:4156} INFO - Setting next_dagrun for example_setup_teardown to None, run_after=None
[2024-09-12T14:03:29.082+0000] {processor.py:208} INFO - Processing /home/airflow/.local/lib/python3.12/site-packages/airflow/example_dags/example_setup_teardown.py took 0.100 seconds
[2024-09-12T14:03:59.424+0000] {processor.py:186} INFO - Started process (PID=467) to work on /home/airflow/.local/lib/python3.12/site-packages/airflow/example_dags/example_setup_teardown.py
[2024-09-12T14:03:59.426+0000] {processor.py:914} INFO - Processing file /home/airflow/.local/lib/python3.12/site-packages/airflow/example_dags/example_setup_teardown.py for tasks to queue
[2024-09-12T14:03:59.428+0000] {logging_mixin.py:190} INFO - [2024-09-12T14:03:59.427+0000] {dagbag.py:587} INFO - Filling up the DagBag from /home/airflow/.local/lib/python3.12/site-packages/airflow/example_dags/example_setup_teardown.py
[2024-09-12T14:03:59.436+0000] {processor.py:925} INFO - DAG(s) 'example_setup_teardown' retrieved from /home/airflow/.local/lib/python3.12/site-packages/airflow/example_dags/example_setup_teardown.py
[2024-09-12T14:03:59.457+0000] {logging_mixin.py:190} INFO - [2024-09-12T14:03:59.457+0000] {dag.py:3229} INFO - Sync 1 DAGs
[2024-09-12T14:03:59.473+0000] {logging_mixin.py:190} INFO - [2024-09-12T14:03:59.473+0000] {dag.py:4156} INFO - Setting next_dagrun for example_setup_teardown to None, run_after=None
[2024-09-12T14:03:59.492+0000] {processor.py:208} INFO - Processing /home/airflow/.local/lib/python3.12/site-packages/airflow/example_dags/example_setup_teardown.py took 0.073 seconds
[2024-09-12T14:04:29.941+0000] {processor.py:186} INFO - Started process (PID=529) to work on /home/airflow/.local/lib/python3.12/site-packages/airflow/example_dags/example_setup_teardown.py
[2024-09-12T14:04:29.942+0000] {processor.py:914} INFO - Processing file /home/airflow/.local/lib/python3.12/site-packages/airflow/example_dags/example_setup_teardown.py for tasks to queue
[2024-09-12T14:04:29.944+0000] {logging_mixin.py:190} INFO - [2024-09-12T14:04:29.944+0000] {dagbag.py:587} INFO - Filling up the DagBag from /home/airflow/.local/lib/python3.12/site-packages/airflow/example_dags/example_setup_teardown.py
[2024-09-12T14:04:29.954+0000] {processor.py:925} INFO - DAG(s) 'example_setup_teardown' retrieved from /home/airflow/.local/lib/python3.12/site-packages/airflow/example_dags/example_setup_teardown.py
[2024-09-12T14:04:29.980+0000] {logging_mixin.py:190} INFO - [2024-09-12T14:04:29.980+0000] {dag.py:3229} INFO - Sync 1 DAGs
[2024-09-12T14:04:29.997+0000] {logging_mixin.py:190} INFO - [2024-09-12T14:04:29.997+0000] {dag.py:4156} INFO - Setting next_dagrun for example_setup_teardown to None, run_after=None
[2024-09-12T14:04:30.017+0000] {processor.py:208} INFO - Processing /home/airflow/.local/lib/python3.12/site-packages/airflow/example_dags/example_setup_teardown.py took 0.083 seconds
[2024-09-12T14:05:00.706+0000] {processor.py:186} INFO - Started process (PID=591) to work on /home/airflow/.local/lib/python3.12/site-packages/airflow/example_dags/example_setup_teardown.py
[2024-09-12T14:05:00.708+0000] {processor.py:914} INFO - Processing file /home/airflow/.local/lib/python3.12/site-packages/airflow/example_dags/example_setup_teardown.py for tasks to queue
[2024-09-12T14:05:00.711+0000] {logging_mixin.py:190} INFO - [2024-09-12T14:05:00.710+0000] {dagbag.py:587} INFO - Filling up the DagBag from /home/airflow/.local/lib/python3.12/site-packages/airflow/example_dags/example_setup_teardown.py
[2024-09-12T14:05:00.722+0000] {processor.py:925} INFO - DAG(s) 'example_setup_teardown' retrieved from /home/airflow/.local/lib/python3.12/site-packages/airflow/example_dags/example_setup_teardown.py
[2024-09-12T14:05:00.745+0000] {logging_mixin.py:190} INFO - [2024-09-12T14:05:00.744+0000] {dag.py:3229} INFO - Sync 1 DAGs
[2024-09-12T14:05:00.759+0000] {logging_mixin.py:190} INFO - [2024-09-12T14:05:00.758+0000] {dag.py:4156} INFO - Setting next_dagrun for example_setup_teardown to None, run_after=None
[2024-09-12T14:05:00.776+0000] {processor.py:208} INFO - Processing /home/airflow/.local/lib/python3.12/site-packages/airflow/example_dags/example_setup_teardown.py took 0.078 seconds
[2024-09-12T14:05:31.474+0000] {processor.py:186} INFO - Started process (PID=653) to work on /home/airflow/.local/lib/python3.12/site-packages/airflow/example_dags/example_setup_teardown.py
[2024-09-12T14:05:31.480+0000] {processor.py:914} INFO - Processing file /home/airflow/.local/lib/python3.12/site-packages/airflow/example_dags/example_setup_teardown.py for tasks to queue
[2024-09-12T14:05:31.483+0000] {logging_mixin.py:190} INFO - [2024-09-12T14:05:31.483+0000] {dagbag.py:587} INFO - Filling up the DagBag from /home/airflow/.local/lib/python3.12/site-packages/airflow/example_dags/example_setup_teardown.py
[2024-09-12T14:05:31.492+0000] {processor.py:925} INFO - DAG(s) 'example_setup_teardown' retrieved from /home/airflow/.local/lib/python3.12/site-packages/airflow/example_dags/example_setup_teardown.py
[2024-09-12T14:05:31.513+0000] {logging_mixin.py:190} INFO - [2024-09-12T14:05:31.513+0000] {dag.py:3229} INFO - Sync 1 DAGs
[2024-09-12T14:05:31.526+0000] {logging_mixin.py:190} INFO - [2024-09-12T14:05:31.526+0000] {dag.py:4156} INFO - Setting next_dagrun for example_setup_teardown to None, run_after=None
[2024-09-12T14:05:31.545+0000] {processor.py:208} INFO - Processing /home/airflow/.local/lib/python3.12/site-packages/airflow/example_dags/example_setup_teardown.py took 0.077 seconds
[2024-09-12T14:06:01.776+0000] {processor.py:186} INFO - Started process (PID=715) to work on /home/airflow/.local/lib/python3.12/site-packages/airflow/example_dags/example_setup_teardown.py
[2024-09-12T14:06:01.777+0000] {processor.py:914} INFO - Processing file /home/airflow/.local/lib/python3.12/site-packages/airflow/example_dags/example_setup_teardown.py for tasks to queue
[2024-09-12T14:06:01.779+0000] {logging_mixin.py:190} INFO - [2024-09-12T14:06:01.779+0000] {dagbag.py:587} INFO - Filling up the DagBag from /home/airflow/.local/lib/python3.12/site-packages/airflow/example_dags/example_setup_teardown.py
[2024-09-12T14:06:01.788+0000] {processor.py:925} INFO - DAG(s) 'example_setup_teardown' retrieved from /home/airflow/.local/lib/python3.12/site-packages/airflow/example_dags/example_setup_teardown.py
[2024-09-12T14:06:01.814+0000] {logging_mixin.py:190} INFO - [2024-09-12T14:06:01.813+0000] {dag.py:3229} INFO - Sync 1 DAGs
[2024-09-12T14:06:01.834+0000] {logging_mixin.py:190} INFO - [2024-09-12T14:06:01.833+0000] {dag.py:4156} INFO - Setting next_dagrun for example_setup_teardown to None, run_after=None
[2024-09-12T14:06:01.855+0000] {processor.py:208} INFO - Processing /home/airflow/.local/lib/python3.12/site-packages/airflow/example_dags/example_setup_teardown.py took 0.086 seconds
[2024-09-12T14:06:32.373+0000] {processor.py:186} INFO - Started process (PID=777) to work on /home/airflow/.local/lib/python3.12/site-packages/airflow/example_dags/example_setup_teardown.py
[2024-09-12T14:06:32.374+0000] {processor.py:914} INFO - Processing file /home/airflow/.local/lib/python3.12/site-packages/airflow/example_dags/example_setup_teardown.py for tasks to queue
[2024-09-12T14:06:32.377+0000] {logging_mixin.py:190} INFO - [2024-09-12T14:06:32.377+0000] {dagbag.py:587} INFO - Filling up the DagBag from /home/airflow/.local/lib/python3.12/site-packages/airflow/example_dags/example_setup_teardown.py
[2024-09-12T14:06:32.388+0000] {processor.py:925} INFO - DAG(s) 'example_setup_teardown' retrieved from /home/airflow/.local/lib/python3.12/site-packages/airflow/example_dags/example_setup_teardown.py
[2024-09-12T14:06:32.413+0000] {logging_mixin.py:190} INFO - [2024-09-12T14:06:32.413+0000] {dag.py:3229} INFO - Sync 1 DAGs
[2024-09-12T14:06:32.430+0000] {logging_mixin.py:190} INFO - [2024-09-12T14:06:32.430+0000] {dag.py:4156} INFO - Setting next_dagrun for example_setup_teardown to None, run_after=None
[2024-09-12T14:06:32.452+0000] {processor.py:208} INFO - Processing /home/airflow/.local/lib/python3.12/site-packages/airflow/example_dags/example_setup_teardown.py took 0.087 seconds
[2024-09-12T14:07:02.670+0000] {processor.py:186} INFO - Started process (PID=839) to work on /home/airflow/.local/lib/python3.12/site-packages/airflow/example_dags/example_setup_teardown.py
[2024-09-12T14:07:02.671+0000] {processor.py:914} INFO - Processing file /home/airflow/.local/lib/python3.12/site-packages/airflow/example_dags/example_setup_teardown.py for tasks to queue
[2024-09-12T14:07:02.674+0000] {logging_mixin.py:190} INFO - [2024-09-12T14:07:02.673+0000] {dagbag.py:587} INFO - Filling up the DagBag from /home/airflow/.local/lib/python3.12/site-packages/airflow/example_dags/example_setup_teardown.py
[2024-09-12T14:07:02.684+0000] {processor.py:925} INFO - DAG(s) 'example_setup_teardown' retrieved from /home/airflow/.local/lib/python3.12/site-packages/airflow/example_dags/example_setup_teardown.py
[2024-09-12T14:07:02.706+0000] {logging_mixin.py:190} INFO - [2024-09-12T14:07:02.706+0000] {dag.py:3229} INFO - Sync 1 DAGs
[2024-09-12T14:07:02.721+0000] {logging_mixin.py:190} INFO - [2024-09-12T14:07:02.720+0000] {dag.py:4156} INFO - Setting next_dagrun for example_setup_teardown to None, run_after=None
[2024-09-12T14:07:02.737+0000] {processor.py:208} INFO - Processing /home/airflow/.local/lib/python3.12/site-packages/airflow/example_dags/example_setup_teardown.py took 0.074 seconds
[2024-09-12T14:07:33.098+0000] {processor.py:186} INFO - Started process (PID=901) to work on /home/airflow/.local/lib/python3.12/site-packages/airflow/example_dags/example_setup_teardown.py
[2024-09-12T14:07:33.100+0000] {processor.py:914} INFO - Processing file /home/airflow/.local/lib/python3.12/site-packages/airflow/example_dags/example_setup_teardown.py for tasks to queue
[2024-09-12T14:07:33.102+0000] {logging_mixin.py:190} INFO - [2024-09-12T14:07:33.102+0000] {dagbag.py:587} INFO - Filling up the DagBag from /home/airflow/.local/lib/python3.12/site-packages/airflow/example_dags/example_setup_teardown.py
[2024-09-12T14:07:33.112+0000] {processor.py:925} INFO - DAG(s) 'example_setup_teardown' retrieved from /home/airflow/.local/lib/python3.12/site-packages/airflow/example_dags/example_setup_teardown.py
[2024-09-12T14:07:33.136+0000] {logging_mixin.py:190} INFO - [2024-09-12T14:07:33.136+0000] {dag.py:3229} INFO - Sync 1 DAGs
[2024-09-12T14:07:33.153+0000] {logging_mixin.py:190} INFO - [2024-09-12T14:07:33.153+0000] {dag.py:4156} INFO - Setting next_dagrun for example_setup_teardown to None, run_after=None
[2024-09-12T14:07:33.174+0000] {processor.py:208} INFO - Processing /home/airflow/.local/lib/python3.12/site-packages/airflow/example_dags/example_setup_teardown.py took 0.082 seconds
[2024-09-12T14:08:04.709+0000] {processor.py:186} INFO - Started process (PID=969) to work on /home/airflow/.local/lib/python3.12/site-packages/airflow/example_dags/example_setup_teardown.py
[2024-09-12T14:08:04.710+0000] {processor.py:914} INFO - Processing file /home/airflow/.local/lib/python3.12/site-packages/airflow/example_dags/example_setup_teardown.py for tasks to queue
[2024-09-12T14:08:04.713+0000] {logging_mixin.py:190} INFO - [2024-09-12T14:08:04.713+0000] {dagbag.py:587} INFO - Filling up the DagBag from /home/airflow/.local/lib/python3.12/site-packages/airflow/example_dags/example_setup_teardown.py
[2024-09-12T14:08:04.724+0000] {processor.py:925} INFO - DAG(s) 'example_setup_teardown' retrieved from /home/airflow/.local/lib/python3.12/site-packages/airflow/example_dags/example_setup_teardown.py
[2024-09-12T14:08:04.807+0000] {logging_mixin.py:190} INFO - [2024-09-12T14:08:04.806+0000] {dag.py:3229} INFO - Sync 1 DAGs
[2024-09-12T14:08:04.825+0000] {logging_mixin.py:190} INFO - [2024-09-12T14:08:04.824+0000] {dag.py:4156} INFO - Setting next_dagrun for example_setup_teardown to None, run_after=None
[2024-09-12T14:08:04.903+0000] {processor.py:208} INFO - Processing /home/airflow/.local/lib/python3.12/site-packages/airflow/example_dags/example_setup_teardown.py took 0.201 seconds
[2024-09-12T14:08:35.649+0000] {processor.py:186} INFO - Started process (PID=1031) to work on /home/airflow/.local/lib/python3.12/site-packages/airflow/example_dags/example_setup_teardown.py
[2024-09-12T14:08:35.650+0000] {processor.py:914} INFO - Processing file /home/airflow/.local/lib/python3.12/site-packages/airflow/example_dags/example_setup_teardown.py for tasks to queue
[2024-09-12T14:08:35.653+0000] {logging_mixin.py:190} INFO - [2024-09-12T14:08:35.653+0000] {dagbag.py:587} INFO - Filling up the DagBag from /home/airflow/.local/lib/python3.12/site-packages/airflow/example_dags/example_setup_teardown.py
[2024-09-12T14:08:35.663+0000] {processor.py:925} INFO - DAG(s) 'example_setup_teardown' retrieved from /home/airflow/.local/lib/python3.12/site-packages/airflow/example_dags/example_setup_teardown.py
[2024-09-12T14:08:35.699+0000] {logging_mixin.py:190} INFO - [2024-09-12T14:08:35.699+0000] {dag.py:3229} INFO - Sync 1 DAGs
[2024-09-12T14:08:35.714+0000] {logging_mixin.py:190} INFO - [2024-09-12T14:08:35.714+0000] {dag.py:4156} INFO - Setting next_dagrun for example_setup_teardown to None, run_after=None
[2024-09-12T14:08:35.730+0000] {processor.py:208} INFO - Processing /home/airflow/.local/lib/python3.12/site-packages/airflow/example_dags/example_setup_teardown.py took 0.087 seconds
[2024-09-12T14:09:06.685+0000] {processor.py:186} INFO - Started process (PID=1093) to work on /home/airflow/.local/lib/python3.12/site-packages/airflow/example_dags/example_setup_teardown.py
[2024-09-12T14:09:06.686+0000] {processor.py:914} INFO - Processing file /home/airflow/.local/lib/python3.12/site-packages/airflow/example_dags/example_setup_teardown.py for tasks to queue
[2024-09-12T14:09:06.688+0000] {logging_mixin.py:190} INFO - [2024-09-12T14:09:06.688+0000] {dagbag.py:587} INFO - Filling up the DagBag from /home/airflow/.local/lib/python3.12/site-packages/airflow/example_dags/example_setup_teardown.py
[2024-09-12T14:09:06.697+0000] {processor.py:925} INFO - DAG(s) 'example_setup_teardown' retrieved from /home/airflow/.local/lib/python3.12/site-packages/airflow/example_dags/example_setup_teardown.py
[2024-09-12T14:09:06.723+0000] {logging_mixin.py:190} INFO - [2024-09-12T14:09:06.723+0000] {dag.py:3229} INFO - Sync 1 DAGs
[2024-09-12T14:09:06.741+0000] {logging_mixin.py:190} INFO - [2024-09-12T14:09:06.740+0000] {dag.py:4156} INFO - Setting next_dagrun for example_setup_teardown to None, run_after=None
[2024-09-12T14:09:06.759+0000] {processor.py:208} INFO - Processing /home/airflow/.local/lib/python3.12/site-packages/airflow/example_dags/example_setup_teardown.py took 0.117 seconds
[2024-09-12T14:09:37.095+0000] {processor.py:186} INFO - Started process (PID=1155) to work on /home/airflow/.local/lib/python3.12/site-packages/airflow/example_dags/example_setup_teardown.py
[2024-09-12T14:09:37.096+0000] {processor.py:914} INFO - Processing file /home/airflow/.local/lib/python3.12/site-packages/airflow/example_dags/example_setup_teardown.py for tasks to queue
[2024-09-12T14:09:37.098+0000] {logging_mixin.py:190} INFO - [2024-09-12T14:09:37.098+0000] {dagbag.py:587} INFO - Filling up the DagBag from /home/airflow/.local/lib/python3.12/site-packages/airflow/example_dags/example_setup_teardown.py
[2024-09-12T14:09:37.107+0000] {processor.py:925} INFO - DAG(s) 'example_setup_teardown' retrieved from /home/airflow/.local/lib/python3.12/site-packages/airflow/example_dags/example_setup_teardown.py
[2024-09-12T14:09:37.131+0000] {logging_mixin.py:190} INFO - [2024-09-12T14:09:37.131+0000] {dag.py:3229} INFO - Sync 1 DAGs
[2024-09-12T14:09:37.146+0000] {logging_mixin.py:190} INFO - [2024-09-12T14:09:37.146+0000] {dag.py:4156} INFO - Setting next_dagrun for example_setup_teardown to None, run_after=None
[2024-09-12T14:09:37.164+0000] {processor.py:208} INFO - Processing /home/airflow/.local/lib/python3.12/site-packages/airflow/example_dags/example_setup_teardown.py took 0.075 seconds
[2024-09-12T14:10:07.766+0000] {processor.py:186} INFO - Started process (PID=1217) to work on /home/airflow/.local/lib/python3.12/site-packages/airflow/example_dags/example_setup_teardown.py
[2024-09-12T14:10:07.767+0000] {processor.py:914} INFO - Processing file /home/airflow/.local/lib/python3.12/site-packages/airflow/example_dags/example_setup_teardown.py for tasks to queue
[2024-09-12T14:10:07.770+0000] {logging_mixin.py:190} INFO - [2024-09-12T14:10:07.769+0000] {dagbag.py:587} INFO - Filling up the DagBag from /home/airflow/.local/lib/python3.12/site-packages/airflow/example_dags/example_setup_teardown.py
[2024-09-12T14:10:07.783+0000] {processor.py:925} INFO - DAG(s) 'example_setup_teardown' retrieved from /home/airflow/.local/lib/python3.12/site-packages/airflow/example_dags/example_setup_teardown.py
[2024-09-12T14:10:07.806+0000] {logging_mixin.py:190} INFO - [2024-09-12T14:10:07.805+0000] {dag.py:3229} INFO - Sync 1 DAGs
[2024-09-12T14:10:07.821+0000] {logging_mixin.py:190} INFO - [2024-09-12T14:10:07.820+0000] {dag.py:4156} INFO - Setting next_dagrun for example_setup_teardown to None, run_after=None
[2024-09-12T14:10:07.837+0000] {processor.py:208} INFO - Processing /home/airflow/.local/lib/python3.12/site-packages/airflow/example_dags/example_setup_teardown.py took 0.078 seconds
[2024-09-12T14:10:37.905+0000] {processor.py:186} INFO - Started process (PID=1279) to work on /home/airflow/.local/lib/python3.12/site-packages/airflow/example_dags/example_setup_teardown.py
[2024-09-12T14:10:37.906+0000] {processor.py:914} INFO - Processing file /home/airflow/.local/lib/python3.12/site-packages/airflow/example_dags/example_setup_teardown.py for tasks to queue
[2024-09-12T14:10:37.909+0000] {logging_mixin.py:190} INFO - [2024-09-12T14:10:37.908+0000] {dagbag.py:587} INFO - Filling up the DagBag from /home/airflow/.local/lib/python3.12/site-packages/airflow/example_dags/example_setup_teardown.py
[2024-09-12T14:10:37.918+0000] {processor.py:925} INFO - DAG(s) 'example_setup_teardown' retrieved from /home/airflow/.local/lib/python3.12/site-packages/airflow/example_dags/example_setup_teardown.py
[2024-09-12T14:10:37.943+0000] {logging_mixin.py:190} INFO - [2024-09-12T14:10:37.942+0000] {dag.py:3229} INFO - Sync 1 DAGs
[2024-09-12T14:10:37.958+0000] {logging_mixin.py:190} INFO - [2024-09-12T14:10:37.958+0000] {dag.py:4156} INFO - Setting next_dagrun for example_setup_teardown to None, run_after=None
[2024-09-12T14:10:37.977+0000] {processor.py:208} INFO - Processing /home/airflow/.local/lib/python3.12/site-packages/airflow/example_dags/example_setup_teardown.py took 0.078 seconds
[2024-09-12T14:11:09.254+0000] {processor.py:186} INFO - Started process (PID=1340) to work on /home/airflow/.local/lib/python3.12/site-packages/airflow/example_dags/example_setup_teardown.py
[2024-09-12T14:11:09.255+0000] {processor.py:914} INFO - Processing file /home/airflow/.local/lib/python3.12/site-packages/airflow/example_dags/example_setup_teardown.py for tasks to queue
[2024-09-12T14:11:09.258+0000] {logging_mixin.py:190} INFO - [2024-09-12T14:11:09.257+0000] {dagbag.py:587} INFO - Filling up the DagBag from /home/airflow/.local/lib/python3.12/site-packages/airflow/example_dags/example_setup_teardown.py
[2024-09-12T14:11:09.267+0000] {processor.py:925} INFO - DAG(s) 'example_setup_teardown' retrieved from /home/airflow/.local/lib/python3.12/site-packages/airflow/example_dags/example_setup_teardown.py
[2024-09-12T14:11:09.289+0000] {logging_mixin.py:190} INFO - [2024-09-12T14:11:09.289+0000] {dag.py:3229} INFO - Sync 1 DAGs
[2024-09-12T14:11:09.307+0000] {logging_mixin.py:190} INFO - [2024-09-12T14:11:09.307+0000] {dag.py:4156} INFO - Setting next_dagrun for example_setup_teardown to None, run_after=None
[2024-09-12T14:11:09.325+0000] {processor.py:208} INFO - Processing /home/airflow/.local/lib/python3.12/site-packages/airflow/example_dags/example_setup_teardown.py took 0.077 seconds
[2024-09-12T14:11:40.069+0000] {processor.py:186} INFO - Started process (PID=1403) to work on /home/airflow/.local/lib/python3.12/site-packages/airflow/example_dags/example_setup_teardown.py
[2024-09-12T14:11:40.070+0000] {processor.py:914} INFO - Processing file /home/airflow/.local/lib/python3.12/site-packages/airflow/example_dags/example_setup_teardown.py for tasks to queue
[2024-09-12T14:11:40.073+0000] {logging_mixin.py:190} INFO - [2024-09-12T14:11:40.072+0000] {dagbag.py:587} INFO - Filling up the DagBag from /home/airflow/.local/lib/python3.12/site-packages/airflow/example_dags/example_setup_teardown.py
[2024-09-12T14:11:40.082+0000] {processor.py:925} INFO - DAG(s) 'example_setup_teardown' retrieved from /home/airflow/.local/lib/python3.12/site-packages/airflow/example_dags/example_setup_teardown.py
[2024-09-12T14:11:40.106+0000] {logging_mixin.py:190} INFO - [2024-09-12T14:11:40.106+0000] {dag.py:3229} INFO - Sync 1 DAGs
[2024-09-12T14:11:40.125+0000] {logging_mixin.py:190} INFO - [2024-09-12T14:11:40.124+0000] {dag.py:4156} INFO - Setting next_dagrun for example_setup_teardown to None, run_after=None
[2024-09-12T14:11:40.145+0000] {processor.py:208} INFO - Processing /home/airflow/.local/lib/python3.12/site-packages/airflow/example_dags/example_setup_teardown.py took 0.083 seconds
[2024-09-12T14:12:10.302+0000] {processor.py:186} INFO - Started process (PID=1465) to work on /home/airflow/.local/lib/python3.12/site-packages/airflow/example_dags/example_setup_teardown.py
[2024-09-12T14:12:10.304+0000] {processor.py:914} INFO - Processing file /home/airflow/.local/lib/python3.12/site-packages/airflow/example_dags/example_setup_teardown.py for tasks to queue
[2024-09-12T14:12:10.306+0000] {logging_mixin.py:190} INFO - [2024-09-12T14:12:10.306+0000] {dagbag.py:587} INFO - Filling up the DagBag from /home/airflow/.local/lib/python3.12/site-packages/airflow/example_dags/example_setup_teardown.py
[2024-09-12T14:12:10.315+0000] {processor.py:925} INFO - DAG(s) 'example_setup_teardown' retrieved from /home/airflow/.local/lib/python3.12/site-packages/airflow/example_dags/example_setup_teardown.py
[2024-09-12T14:12:10.339+0000] {logging_mixin.py:190} INFO - [2024-09-12T14:12:10.338+0000] {dag.py:3229} INFO - Sync 1 DAGs
[2024-09-12T14:12:10.354+0000] {logging_mixin.py:190} INFO - [2024-09-12T14:12:10.354+0000] {dag.py:4156} INFO - Setting next_dagrun for example_setup_teardown to None, run_after=None
[2024-09-12T14:12:10.371+0000] {processor.py:208} INFO - Processing /home/airflow/.local/lib/python3.12/site-packages/airflow/example_dags/example_setup_teardown.py took 0.075 seconds
[2024-09-12T14:12:41.412+0000] {processor.py:186} INFO - Started process (PID=1527) to work on /home/airflow/.local/lib/python3.12/site-packages/airflow/example_dags/example_setup_teardown.py
[2024-09-12T14:12:41.413+0000] {processor.py:914} INFO - Processing file /home/airflow/.local/lib/python3.12/site-packages/airflow/example_dags/example_setup_teardown.py for tasks to queue
[2024-09-12T14:12:41.416+0000] {logging_mixin.py:190} INFO - [2024-09-12T14:12:41.416+0000] {dagbag.py:587} INFO - Filling up the DagBag from /home/airflow/.local/lib/python3.12/site-packages/airflow/example_dags/example_setup_teardown.py
[2024-09-12T14:12:41.483+0000] {processor.py:925} INFO - DAG(s) 'example_setup_teardown' retrieved from /home/airflow/.local/lib/python3.12/site-packages/airflow/example_dags/example_setup_teardown.py
[2024-09-12T14:12:41.509+0000] {logging_mixin.py:190} INFO - [2024-09-12T14:12:41.509+0000] {dag.py:3229} INFO - Sync 1 DAGs
[2024-09-12T14:12:41.581+0000] {logging_mixin.py:190} INFO - [2024-09-12T14:12:41.580+0000] {dag.py:4156} INFO - Setting next_dagrun for example_setup_teardown to None, run_after=None
[2024-09-12T14:12:41.602+0000] {processor.py:208} INFO - Processing /home/airflow/.local/lib/python3.12/site-packages/airflow/example_dags/example_setup_teardown.py took 0.197 seconds
[2024-09-12T14:13:12.493+0000] {processor.py:186} INFO - Started process (PID=1589) to work on /home/airflow/.local/lib/python3.12/site-packages/airflow/example_dags/example_setup_teardown.py
[2024-09-12T14:13:12.494+0000] {processor.py:914} INFO - Processing file /home/airflow/.local/lib/python3.12/site-packages/airflow/example_dags/example_setup_teardown.py for tasks to queue
[2024-09-12T14:13:12.497+0000] {logging_mixin.py:190} INFO - [2024-09-12T14:13:12.496+0000] {dagbag.py:587} INFO - Filling up the DagBag from /home/airflow/.local/lib/python3.12/site-packages/airflow/example_dags/example_setup_teardown.py
[2024-09-12T14:13:12.507+0000] {processor.py:925} INFO - DAG(s) 'example_setup_teardown' retrieved from /home/airflow/.local/lib/python3.12/site-packages/airflow/example_dags/example_setup_teardown.py
[2024-09-12T14:13:12.536+0000] {logging_mixin.py:190} INFO - [2024-09-12T14:13:12.535+0000] {dag.py:3229} INFO - Sync 1 DAGs
[2024-09-12T14:13:12.592+0000] {logging_mixin.py:190} INFO - [2024-09-12T14:13:12.592+0000] {dag.py:4156} INFO - Setting next_dagrun for example_setup_teardown to None, run_after=None
[2024-09-12T14:13:12.615+0000] {processor.py:208} INFO - Processing /home/airflow/.local/lib/python3.12/site-packages/airflow/example_dags/example_setup_teardown.py took 0.129 seconds
[2024-09-12T14:13:43.043+0000] {processor.py:186} INFO - Started process (PID=1651) to work on /home/airflow/.local/lib/python3.12/site-packages/airflow/example_dags/example_setup_teardown.py
[2024-09-12T14:13:43.044+0000] {processor.py:914} INFO - Processing file /home/airflow/.local/lib/python3.12/site-packages/airflow/example_dags/example_setup_teardown.py for tasks to queue
[2024-09-12T14:13:43.046+0000] {logging_mixin.py:190} INFO - [2024-09-12T14:13:43.046+0000] {dagbag.py:587} INFO - Filling up the DagBag from /home/airflow/.local/lib/python3.12/site-packages/airflow/example_dags/example_setup_teardown.py
[2024-09-12T14:13:43.056+0000] {processor.py:925} INFO - DAG(s) 'example_setup_teardown' retrieved from /home/airflow/.local/lib/python3.12/site-packages/airflow/example_dags/example_setup_teardown.py
[2024-09-12T14:13:43.084+0000] {logging_mixin.py:190} INFO - [2024-09-12T14:13:43.084+0000] {dag.py:3229} INFO - Sync 1 DAGs
[2024-09-12T14:13:43.121+0000] {logging_mixin.py:190} INFO - [2024-09-12T14:13:43.121+0000] {dag.py:4156} INFO - Setting next_dagrun for example_setup_teardown to None, run_after=None
[2024-09-12T14:13:43.142+0000] {processor.py:208} INFO - Processing /home/airflow/.local/lib/python3.12/site-packages/airflow/example_dags/example_setup_teardown.py took 0.105 seconds
[2024-09-12T14:14:13.425+0000] {processor.py:186} INFO - Started process (PID=1713) to work on /home/airflow/.local/lib/python3.12/site-packages/airflow/example_dags/example_setup_teardown.py
[2024-09-12T14:14:13.426+0000] {processor.py:914} INFO - Processing file /home/airflow/.local/lib/python3.12/site-packages/airflow/example_dags/example_setup_teardown.py for tasks to queue
[2024-09-12T14:14:13.429+0000] {logging_mixin.py:190} INFO - [2024-09-12T14:14:13.429+0000] {dagbag.py:587} INFO - Filling up the DagBag from /home/airflow/.local/lib/python3.12/site-packages/airflow/example_dags/example_setup_teardown.py
[2024-09-12T14:14:13.440+0000] {processor.py:925} INFO - DAG(s) 'example_setup_teardown' retrieved from /home/airflow/.local/lib/python3.12/site-packages/airflow/example_dags/example_setup_teardown.py
[2024-09-12T14:14:13.464+0000] {logging_mixin.py:190} INFO - [2024-09-12T14:14:13.464+0000] {dag.py:3229} INFO - Sync 1 DAGs
[2024-09-12T14:14:13.480+0000] {logging_mixin.py:190} INFO - [2024-09-12T14:14:13.480+0000] {dag.py:4156} INFO - Setting next_dagrun for example_setup_teardown to None, run_after=None
[2024-09-12T14:14:13.500+0000] {processor.py:208} INFO - Processing /home/airflow/.local/lib/python3.12/site-packages/airflow/example_dags/example_setup_teardown.py took 0.082 seconds
[2024-09-12T14:14:44.074+0000] {processor.py:186} INFO - Started process (PID=1775) to work on /home/airflow/.local/lib/python3.12/site-packages/airflow/example_dags/example_setup_teardown.py
[2024-09-12T14:14:44.075+0000] {processor.py:914} INFO - Processing file /home/airflow/.local/lib/python3.12/site-packages/airflow/example_dags/example_setup_teardown.py for tasks to queue
[2024-09-12T14:14:44.078+0000] {logging_mixin.py:190} INFO - [2024-09-12T14:14:44.077+0000] {dagbag.py:587} INFO - Filling up the DagBag from /home/airflow/.local/lib/python3.12/site-packages/airflow/example_dags/example_setup_teardown.py
[2024-09-12T14:14:44.086+0000] {processor.py:925} INFO - DAG(s) 'example_setup_teardown' retrieved from /home/airflow/.local/lib/python3.12/site-packages/airflow/example_dags/example_setup_teardown.py
[2024-09-12T14:14:44.109+0000] {logging_mixin.py:190} INFO - [2024-09-12T14:14:44.109+0000] {dag.py:3229} INFO - Sync 1 DAGs
[2024-09-12T14:14:44.124+0000] {logging_mixin.py:190} INFO - [2024-09-12T14:14:44.123+0000] {dag.py:4156} INFO - Setting next_dagrun for example_setup_teardown to None, run_after=None
[2024-09-12T14:14:44.140+0000] {processor.py:208} INFO - Processing /home/airflow/.local/lib/python3.12/site-packages/airflow/example_dags/example_setup_teardown.py took 0.073 seconds
[2024-09-12T14:15:14.383+0000] {processor.py:186} INFO - Started process (PID=1836) to work on /home/airflow/.local/lib/python3.12/site-packages/airflow/example_dags/example_setup_teardown.py
[2024-09-12T14:15:14.384+0000] {processor.py:914} INFO - Processing file /home/airflow/.local/lib/python3.12/site-packages/airflow/example_dags/example_setup_teardown.py for tasks to queue
[2024-09-12T14:15:14.387+0000] {logging_mixin.py:190} INFO - [2024-09-12T14:15:14.386+0000] {dagbag.py:587} INFO - Filling up the DagBag from /home/airflow/.local/lib/python3.12/site-packages/airflow/example_dags/example_setup_teardown.py
[2024-09-12T14:15:14.396+0000] {processor.py:925} INFO - DAG(s) 'example_setup_teardown' retrieved from /home/airflow/.local/lib/python3.12/site-packages/airflow/example_dags/example_setup_teardown.py
[2024-09-12T14:15:14.422+0000] {logging_mixin.py:190} INFO - [2024-09-12T14:15:14.422+0000] {dag.py:3229} INFO - Sync 1 DAGs
[2024-09-12T14:15:14.437+0000] {logging_mixin.py:190} INFO - [2024-09-12T14:15:14.437+0000] {dag.py:4156} INFO - Setting next_dagrun for example_setup_teardown to None, run_after=None
[2024-09-12T14:15:14.455+0000] {processor.py:208} INFO - Processing /home/airflow/.local/lib/python3.12/site-packages/airflow/example_dags/example_setup_teardown.py took 0.079 seconds
[2024-09-12T14:18:15.963+0000] {processor.py:186} INFO - Started process (PID=88) to work on /home/airflow/.local/lib/python3.12/site-packages/airflow/example_dags/example_setup_teardown.py
[2024-09-12T14:18:15.964+0000] {processor.py:914} INFO - Processing file /home/airflow/.local/lib/python3.12/site-packages/airflow/example_dags/example_setup_teardown.py for tasks to queue
[2024-09-12T14:18:15.966+0000] {logging_mixin.py:190} INFO - [2024-09-12T14:18:15.966+0000] {dagbag.py:587} INFO - Filling up the DagBag from /home/airflow/.local/lib/python3.12/site-packages/airflow/example_dags/example_setup_teardown.py
[2024-09-12T14:18:15.975+0000] {processor.py:925} INFO - DAG(s) 'example_setup_teardown' retrieved from /home/airflow/.local/lib/python3.12/site-packages/airflow/example_dags/example_setup_teardown.py
[2024-09-12T14:18:15.998+0000] {logging_mixin.py:190} INFO - [2024-09-12T14:18:15.998+0000] {dag.py:3229} INFO - Sync 1 DAGs
[2024-09-12T14:18:16.014+0000] {logging_mixin.py:190} INFO - [2024-09-12T14:18:16.014+0000] {dag.py:4156} INFO - Setting next_dagrun for example_setup_teardown to None, run_after=None
[2024-09-12T14:18:16.030+0000] {processor.py:208} INFO - Processing /home/airflow/.local/lib/python3.12/site-packages/airflow/example_dags/example_setup_teardown.py took 0.074 seconds
[2024-09-12T14:18:48.075+0000] {processor.py:186} INFO - Started process (PID=150) to work on /home/airflow/.local/lib/python3.12/site-packages/airflow/example_dags/example_setup_teardown.py
[2024-09-12T14:18:48.077+0000] {processor.py:914} INFO - Processing file /home/airflow/.local/lib/python3.12/site-packages/airflow/example_dags/example_setup_teardown.py for tasks to queue
[2024-09-12T14:18:48.080+0000] {logging_mixin.py:190} INFO - [2024-09-12T14:18:48.079+0000] {dagbag.py:587} INFO - Filling up the DagBag from /home/airflow/.local/lib/python3.12/site-packages/airflow/example_dags/example_setup_teardown.py
[2024-09-12T14:18:48.099+0000] {processor.py:925} INFO - DAG(s) 'example_setup_teardown' retrieved from /home/airflow/.local/lib/python3.12/site-packages/airflow/example_dags/example_setup_teardown.py
[2024-09-12T14:18:48.138+0000] {logging_mixin.py:190} INFO - [2024-09-12T14:18:48.137+0000] {dag.py:3229} INFO - Sync 1 DAGs
[2024-09-12T14:18:48.157+0000] {logging_mixin.py:190} INFO - [2024-09-12T14:18:48.156+0000] {dag.py:4156} INFO - Setting next_dagrun for example_setup_teardown to None, run_after=None
[2024-09-12T14:18:48.177+0000] {processor.py:208} INFO - Processing /home/airflow/.local/lib/python3.12/site-packages/airflow/example_dags/example_setup_teardown.py took 0.108 seconds
[2024-09-12T14:19:18.726+0000] {processor.py:186} INFO - Started process (PID=213) to work on /home/airflow/.local/lib/python3.12/site-packages/airflow/example_dags/example_setup_teardown.py
[2024-09-12T14:19:18.727+0000] {processor.py:914} INFO - Processing file /home/airflow/.local/lib/python3.12/site-packages/airflow/example_dags/example_setup_teardown.py for tasks to queue
[2024-09-12T14:19:18.730+0000] {logging_mixin.py:190} INFO - [2024-09-12T14:19:18.730+0000] {dagbag.py:587} INFO - Filling up the DagBag from /home/airflow/.local/lib/python3.12/site-packages/airflow/example_dags/example_setup_teardown.py
[2024-09-12T14:19:18.741+0000] {processor.py:925} INFO - DAG(s) 'example_setup_teardown' retrieved from /home/airflow/.local/lib/python3.12/site-packages/airflow/example_dags/example_setup_teardown.py
[2024-09-12T14:19:18.827+0000] {logging_mixin.py:190} INFO - [2024-09-12T14:19:18.826+0000] {dag.py:3229} INFO - Sync 1 DAGs
[2024-09-12T14:19:18.902+0000] {logging_mixin.py:190} INFO - [2024-09-12T14:19:18.901+0000] {dag.py:4156} INFO - Setting next_dagrun for example_setup_teardown to None, run_after=None
[2024-09-12T14:19:18.926+0000] {processor.py:208} INFO - Processing /home/airflow/.local/lib/python3.12/site-packages/airflow/example_dags/example_setup_teardown.py took 0.209 seconds
[2024-09-12T14:19:49.181+0000] {processor.py:186} INFO - Started process (PID=275) to work on /home/airflow/.local/lib/python3.12/site-packages/airflow/example_dags/example_setup_teardown.py
[2024-09-12T14:19:49.183+0000] {processor.py:914} INFO - Processing file /home/airflow/.local/lib/python3.12/site-packages/airflow/example_dags/example_setup_teardown.py for tasks to queue
[2024-09-12T14:19:49.186+0000] {logging_mixin.py:190} INFO - [2024-09-12T14:19:49.185+0000] {dagbag.py:587} INFO - Filling up the DagBag from /home/airflow/.local/lib/python3.12/site-packages/airflow/example_dags/example_setup_teardown.py
[2024-09-12T14:19:49.198+0000] {processor.py:925} INFO - DAG(s) 'example_setup_teardown' retrieved from /home/airflow/.local/lib/python3.12/site-packages/airflow/example_dags/example_setup_teardown.py
[2024-09-12T14:19:49.283+0000] {logging_mixin.py:190} INFO - [2024-09-12T14:19:49.283+0000] {dag.py:3229} INFO - Sync 1 DAGs
[2024-09-12T14:19:49.304+0000] {logging_mixin.py:190} INFO - [2024-09-12T14:19:49.304+0000] {dag.py:4156} INFO - Setting next_dagrun for example_setup_teardown to None, run_after=None
[2024-09-12T14:19:49.327+0000] {processor.py:208} INFO - Processing /home/airflow/.local/lib/python3.12/site-packages/airflow/example_dags/example_setup_teardown.py took 0.169 seconds
[2024-09-12T14:20:19.809+0000] {processor.py:186} INFO - Started process (PID=337) to work on /home/airflow/.local/lib/python3.12/site-packages/airflow/example_dags/example_setup_teardown.py
[2024-09-12T14:20:19.810+0000] {processor.py:914} INFO - Processing file /home/airflow/.local/lib/python3.12/site-packages/airflow/example_dags/example_setup_teardown.py for tasks to queue
[2024-09-12T14:20:19.813+0000] {logging_mixin.py:190} INFO - [2024-09-12T14:20:19.812+0000] {dagbag.py:587} INFO - Filling up the DagBag from /home/airflow/.local/lib/python3.12/site-packages/airflow/example_dags/example_setup_teardown.py
[2024-09-12T14:20:19.822+0000] {processor.py:925} INFO - DAG(s) 'example_setup_teardown' retrieved from /home/airflow/.local/lib/python3.12/site-packages/airflow/example_dags/example_setup_teardown.py
[2024-09-12T14:20:19.850+0000] {logging_mixin.py:190} INFO - [2024-09-12T14:20:19.849+0000] {dag.py:3229} INFO - Sync 1 DAGs
[2024-09-12T14:20:19.891+0000] {logging_mixin.py:190} INFO - [2024-09-12T14:20:19.890+0000] {dag.py:4156} INFO - Setting next_dagrun for example_setup_teardown to None, run_after=None
[2024-09-12T14:20:19.913+0000] {processor.py:208} INFO - Processing /home/airflow/.local/lib/python3.12/site-packages/airflow/example_dags/example_setup_teardown.py took 0.112 seconds
[2024-09-12T14:20:50.768+0000] {processor.py:186} INFO - Started process (PID=399) to work on /home/airflow/.local/lib/python3.12/site-packages/airflow/example_dags/example_setup_teardown.py
[2024-09-12T14:20:50.769+0000] {processor.py:914} INFO - Processing file /home/airflow/.local/lib/python3.12/site-packages/airflow/example_dags/example_setup_teardown.py for tasks to queue
[2024-09-12T14:20:50.772+0000] {logging_mixin.py:190} INFO - [2024-09-12T14:20:50.772+0000] {dagbag.py:587} INFO - Filling up the DagBag from /home/airflow/.local/lib/python3.12/site-packages/airflow/example_dags/example_setup_teardown.py
[2024-09-12T14:20:50.781+0000] {processor.py:925} INFO - DAG(s) 'example_setup_teardown' retrieved from /home/airflow/.local/lib/python3.12/site-packages/airflow/example_dags/example_setup_teardown.py
[2024-09-12T14:20:50.806+0000] {logging_mixin.py:190} INFO - [2024-09-12T14:20:50.806+0000] {dag.py:3229} INFO - Sync 1 DAGs
[2024-09-12T14:20:50.823+0000] {logging_mixin.py:190} INFO - [2024-09-12T14:20:50.823+0000] {dag.py:4156} INFO - Setting next_dagrun for example_setup_teardown to None, run_after=None
[2024-09-12T14:20:50.844+0000] {processor.py:208} INFO - Processing /home/airflow/.local/lib/python3.12/site-packages/airflow/example_dags/example_setup_teardown.py took 0.082 seconds
[2024-09-12T14:21:23.902+0000] {processor.py:186} INFO - Started process (PID=461) to work on /home/airflow/.local/lib/python3.12/site-packages/airflow/example_dags/example_setup_teardown.py
[2024-09-12T14:21:23.903+0000] {processor.py:914} INFO - Processing file /home/airflow/.local/lib/python3.12/site-packages/airflow/example_dags/example_setup_teardown.py for tasks to queue
[2024-09-12T14:21:23.906+0000] {logging_mixin.py:190} INFO - [2024-09-12T14:21:23.906+0000] {dagbag.py:587} INFO - Filling up the DagBag from /home/airflow/.local/lib/python3.12/site-packages/airflow/example_dags/example_setup_teardown.py
[2024-09-12T14:21:23.917+0000] {processor.py:925} INFO - DAG(s) 'example_setup_teardown' retrieved from /home/airflow/.local/lib/python3.12/site-packages/airflow/example_dags/example_setup_teardown.py
[2024-09-12T14:21:24.084+0000] {logging_mixin.py:190} INFO - [2024-09-12T14:21:24.084+0000] {dag.py:3229} INFO - Sync 1 DAGs
[2024-09-12T14:21:24.106+0000] {logging_mixin.py:190} INFO - [2024-09-12T14:21:24.105+0000] {dag.py:4156} INFO - Setting next_dagrun for example_setup_teardown to None, run_after=None
[2024-09-12T14:21:24.285+0000] {processor.py:208} INFO - Processing /home/airflow/.local/lib/python3.12/site-packages/airflow/example_dags/example_setup_teardown.py took 0.390 seconds
[2024-09-12T14:21:55.152+0000] {processor.py:186} INFO - Started process (PID=529) to work on /home/airflow/.local/lib/python3.12/site-packages/airflow/example_dags/example_setup_teardown.py
[2024-09-12T14:21:55.153+0000] {processor.py:914} INFO - Processing file /home/airflow/.local/lib/python3.12/site-packages/airflow/example_dags/example_setup_teardown.py for tasks to queue
[2024-09-12T14:21:55.156+0000] {logging_mixin.py:190} INFO - [2024-09-12T14:21:55.156+0000] {dagbag.py:587} INFO - Filling up the DagBag from /home/airflow/.local/lib/python3.12/site-packages/airflow/example_dags/example_setup_teardown.py
[2024-09-12T14:21:55.182+0000] {processor.py:925} INFO - DAG(s) 'example_setup_teardown' retrieved from /home/airflow/.local/lib/python3.12/site-packages/airflow/example_dags/example_setup_teardown.py
[2024-09-12T14:21:55.212+0000] {logging_mixin.py:190} INFO - [2024-09-12T14:21:55.211+0000] {dag.py:3229} INFO - Sync 1 DAGs
[2024-09-12T14:21:55.288+0000] {logging_mixin.py:190} INFO - [2024-09-12T14:21:55.288+0000] {dag.py:4156} INFO - Setting next_dagrun for example_setup_teardown to None, run_after=None
[2024-09-12T14:21:55.314+0000] {processor.py:208} INFO - Processing /home/airflow/.local/lib/python3.12/site-packages/airflow/example_dags/example_setup_teardown.py took 0.168 seconds
[2024-09-12T14:22:25.592+0000] {processor.py:186} INFO - Started process (PID=591) to work on /home/airflow/.local/lib/python3.12/site-packages/airflow/example_dags/example_setup_teardown.py
[2024-09-12T14:22:25.593+0000] {processor.py:914} INFO - Processing file /home/airflow/.local/lib/python3.12/site-packages/airflow/example_dags/example_setup_teardown.py for tasks to queue
[2024-09-12T14:22:25.596+0000] {logging_mixin.py:190} INFO - [2024-09-12T14:22:25.595+0000] {dagbag.py:587} INFO - Filling up the DagBag from /home/airflow/.local/lib/python3.12/site-packages/airflow/example_dags/example_setup_teardown.py
[2024-09-12T14:22:25.607+0000] {processor.py:925} INFO - DAG(s) 'example_setup_teardown' retrieved from /home/airflow/.local/lib/python3.12/site-packages/airflow/example_dags/example_setup_teardown.py
[2024-09-12T14:22:25.635+0000] {logging_mixin.py:190} INFO - [2024-09-12T14:22:25.635+0000] {dag.py:3229} INFO - Sync 1 DAGs
[2024-09-12T14:22:25.654+0000] {logging_mixin.py:190} INFO - [2024-09-12T14:22:25.654+0000] {dag.py:4156} INFO - Setting next_dagrun for example_setup_teardown to None, run_after=None
[2024-09-12T14:22:25.677+0000] {processor.py:208} INFO - Processing /home/airflow/.local/lib/python3.12/site-packages/airflow/example_dags/example_setup_teardown.py took 0.093 seconds
[2024-09-12T14:22:56.273+0000] {processor.py:186} INFO - Started process (PID=653) to work on /home/airflow/.local/lib/python3.12/site-packages/airflow/example_dags/example_setup_teardown.py
[2024-09-12T14:22:56.274+0000] {processor.py:914} INFO - Processing file /home/airflow/.local/lib/python3.12/site-packages/airflow/example_dags/example_setup_teardown.py for tasks to queue
[2024-09-12T14:22:56.276+0000] {logging_mixin.py:190} INFO - [2024-09-12T14:22:56.276+0000] {dagbag.py:587} INFO - Filling up the DagBag from /home/airflow/.local/lib/python3.12/site-packages/airflow/example_dags/example_setup_teardown.py
[2024-09-12T14:22:56.287+0000] {processor.py:925} INFO - DAG(s) 'example_setup_teardown' retrieved from /home/airflow/.local/lib/python3.12/site-packages/airflow/example_dags/example_setup_teardown.py
[2024-09-12T14:22:56.309+0000] {logging_mixin.py:190} INFO - [2024-09-12T14:22:56.309+0000] {dag.py:3229} INFO - Sync 1 DAGs
[2024-09-12T14:22:56.323+0000] {logging_mixin.py:190} INFO - [2024-09-12T14:22:56.323+0000] {dag.py:4156} INFO - Setting next_dagrun for example_setup_teardown to None, run_after=None
[2024-09-12T14:22:56.339+0000] {processor.py:208} INFO - Processing /home/airflow/.local/lib/python3.12/site-packages/airflow/example_dags/example_setup_teardown.py took 0.072 seconds
[2024-09-12T14:23:26.979+0000] {processor.py:186} INFO - Started process (PID=715) to work on /home/airflow/.local/lib/python3.12/site-packages/airflow/example_dags/example_setup_teardown.py
[2024-09-12T14:23:26.980+0000] {processor.py:914} INFO - Processing file /home/airflow/.local/lib/python3.12/site-packages/airflow/example_dags/example_setup_teardown.py for tasks to queue
[2024-09-12T14:23:26.983+0000] {logging_mixin.py:190} INFO - [2024-09-12T14:23:26.982+0000] {dagbag.py:587} INFO - Filling up the DagBag from /home/airflow/.local/lib/python3.12/site-packages/airflow/example_dags/example_setup_teardown.py
[2024-09-12T14:23:26.994+0000] {processor.py:925} INFO - DAG(s) 'example_setup_teardown' retrieved from /home/airflow/.local/lib/python3.12/site-packages/airflow/example_dags/example_setup_teardown.py
[2024-09-12T14:23:27.020+0000] {logging_mixin.py:190} INFO - [2024-09-12T14:23:27.020+0000] {dag.py:3229} INFO - Sync 1 DAGs
[2024-09-12T14:23:27.038+0000] {logging_mixin.py:190} INFO - [2024-09-12T14:23:27.037+0000] {dag.py:4156} INFO - Setting next_dagrun for example_setup_teardown to None, run_after=None
[2024-09-12T14:23:27.059+0000] {processor.py:208} INFO - Processing /home/airflow/.local/lib/python3.12/site-packages/airflow/example_dags/example_setup_teardown.py took 0.086 seconds
[2024-09-12T14:23:57.877+0000] {processor.py:186} INFO - Started process (PID=777) to work on /home/airflow/.local/lib/python3.12/site-packages/airflow/example_dags/example_setup_teardown.py
[2024-09-12T14:23:57.878+0000] {processor.py:914} INFO - Processing file /home/airflow/.local/lib/python3.12/site-packages/airflow/example_dags/example_setup_teardown.py for tasks to queue
[2024-09-12T14:23:57.881+0000] {logging_mixin.py:190} INFO - [2024-09-12T14:23:57.880+0000] {dagbag.py:587} INFO - Filling up the DagBag from /home/airflow/.local/lib/python3.12/site-packages/airflow/example_dags/example_setup_teardown.py
[2024-09-12T14:23:57.891+0000] {processor.py:925} INFO - DAG(s) 'example_setup_teardown' retrieved from /home/airflow/.local/lib/python3.12/site-packages/airflow/example_dags/example_setup_teardown.py
[2024-09-12T14:23:57.914+0000] {logging_mixin.py:190} INFO - [2024-09-12T14:23:57.913+0000] {dag.py:3229} INFO - Sync 1 DAGs
[2024-09-12T14:23:57.929+0000] {logging_mixin.py:190} INFO - [2024-09-12T14:23:57.929+0000] {dag.py:4156} INFO - Setting next_dagrun for example_setup_teardown to None, run_after=None
[2024-09-12T14:23:57.948+0000] {processor.py:208} INFO - Processing /home/airflow/.local/lib/python3.12/site-packages/airflow/example_dags/example_setup_teardown.py took 0.077 seconds
[2024-09-12T14:24:28.345+0000] {processor.py:186} INFO - Started process (PID=839) to work on /home/airflow/.local/lib/python3.12/site-packages/airflow/example_dags/example_setup_teardown.py
[2024-09-12T14:24:28.346+0000] {processor.py:914} INFO - Processing file /home/airflow/.local/lib/python3.12/site-packages/airflow/example_dags/example_setup_teardown.py for tasks to queue
[2024-09-12T14:24:28.349+0000] {logging_mixin.py:190} INFO - [2024-09-12T14:24:28.349+0000] {dagbag.py:587} INFO - Filling up the DagBag from /home/airflow/.local/lib/python3.12/site-packages/airflow/example_dags/example_setup_teardown.py
[2024-09-12T14:24:28.361+0000] {processor.py:925} INFO - DAG(s) 'example_setup_teardown' retrieved from /home/airflow/.local/lib/python3.12/site-packages/airflow/example_dags/example_setup_teardown.py
[2024-09-12T14:24:28.387+0000] {logging_mixin.py:190} INFO - [2024-09-12T14:24:28.387+0000] {dag.py:3229} INFO - Sync 1 DAGs
[2024-09-12T14:24:28.403+0000] {logging_mixin.py:190} INFO - [2024-09-12T14:24:28.402+0000] {dag.py:4156} INFO - Setting next_dagrun for example_setup_teardown to None, run_after=None
[2024-09-12T14:24:28.421+0000] {processor.py:208} INFO - Processing /home/airflow/.local/lib/python3.12/site-packages/airflow/example_dags/example_setup_teardown.py took 0.082 seconds
[2024-09-12T14:24:58.714+0000] {processor.py:186} INFO - Started process (PID=901) to work on /home/airflow/.local/lib/python3.12/site-packages/airflow/example_dags/example_setup_teardown.py
[2024-09-12T14:24:58.716+0000] {processor.py:914} INFO - Processing file /home/airflow/.local/lib/python3.12/site-packages/airflow/example_dags/example_setup_teardown.py for tasks to queue
[2024-09-12T14:24:58.718+0000] {logging_mixin.py:190} INFO - [2024-09-12T14:24:58.718+0000] {dagbag.py:587} INFO - Filling up the DagBag from /home/airflow/.local/lib/python3.12/site-packages/airflow/example_dags/example_setup_teardown.py
[2024-09-12T14:24:58.727+0000] {processor.py:925} INFO - DAG(s) 'example_setup_teardown' retrieved from /home/airflow/.local/lib/python3.12/site-packages/airflow/example_dags/example_setup_teardown.py
[2024-09-12T14:24:58.752+0000] {logging_mixin.py:190} INFO - [2024-09-12T14:24:58.752+0000] {dag.py:3229} INFO - Sync 1 DAGs
[2024-09-12T14:24:58.767+0000] {logging_mixin.py:190} INFO - [2024-09-12T14:24:58.766+0000] {dag.py:4156} INFO - Setting next_dagrun for example_setup_teardown to None, run_after=None
[2024-09-12T14:24:58.787+0000] {processor.py:208} INFO - Processing /home/airflow/.local/lib/python3.12/site-packages/airflow/example_dags/example_setup_teardown.py took 0.079 seconds
[2024-09-12T14:25:28.977+0000] {processor.py:186} INFO - Started process (PID=963) to work on /home/airflow/.local/lib/python3.12/site-packages/airflow/example_dags/example_setup_teardown.py
[2024-09-12T14:25:28.978+0000] {processor.py:914} INFO - Processing file /home/airflow/.local/lib/python3.12/site-packages/airflow/example_dags/example_setup_teardown.py for tasks to queue
[2024-09-12T14:25:28.981+0000] {logging_mixin.py:190} INFO - [2024-09-12T14:25:28.980+0000] {dagbag.py:587} INFO - Filling up the DagBag from /home/airflow/.local/lib/python3.12/site-packages/airflow/example_dags/example_setup_teardown.py
[2024-09-12T14:25:28.991+0000] {processor.py:925} INFO - DAG(s) 'example_setup_teardown' retrieved from /home/airflow/.local/lib/python3.12/site-packages/airflow/example_dags/example_setup_teardown.py
[2024-09-12T14:25:29.014+0000] {logging_mixin.py:190} INFO - [2024-09-12T14:25:29.014+0000] {dag.py:3229} INFO - Sync 1 DAGs
[2024-09-12T14:25:29.030+0000] {logging_mixin.py:190} INFO - [2024-09-12T14:25:29.030+0000] {dag.py:4156} INFO - Setting next_dagrun for example_setup_teardown to None, run_after=None
[2024-09-12T14:25:29.049+0000] {processor.py:208} INFO - Processing /home/airflow/.local/lib/python3.12/site-packages/airflow/example_dags/example_setup_teardown.py took 0.078 seconds
[2024-09-12T14:26:00.110+0000] {processor.py:186} INFO - Started process (PID=1025) to work on /home/airflow/.local/lib/python3.12/site-packages/airflow/example_dags/example_setup_teardown.py
[2024-09-12T14:26:00.111+0000] {processor.py:914} INFO - Processing file /home/airflow/.local/lib/python3.12/site-packages/airflow/example_dags/example_setup_teardown.py for tasks to queue
[2024-09-12T14:26:00.114+0000] {logging_mixin.py:190} INFO - [2024-09-12T14:26:00.113+0000] {dagbag.py:587} INFO - Filling up the DagBag from /home/airflow/.local/lib/python3.12/site-packages/airflow/example_dags/example_setup_teardown.py
[2024-09-12T14:26:00.125+0000] {processor.py:925} INFO - DAG(s) 'example_setup_teardown' retrieved from /home/airflow/.local/lib/python3.12/site-packages/airflow/example_dags/example_setup_teardown.py
[2024-09-12T14:26:00.149+0000] {logging_mixin.py:190} INFO - [2024-09-12T14:26:00.149+0000] {dag.py:3229} INFO - Sync 1 DAGs
[2024-09-12T14:26:00.195+0000] {logging_mixin.py:190} INFO - [2024-09-12T14:26:00.195+0000] {dag.py:4156} INFO - Setting next_dagrun for example_setup_teardown to None, run_after=None
[2024-09-12T14:26:00.215+0000] {processor.py:208} INFO - Processing /home/airflow/.local/lib/python3.12/site-packages/airflow/example_dags/example_setup_teardown.py took 0.112 seconds
[2024-09-12T14:26:30.802+0000] {processor.py:186} INFO - Started process (PID=1087) to work on /home/airflow/.local/lib/python3.12/site-packages/airflow/example_dags/example_setup_teardown.py
[2024-09-12T14:26:30.804+0000] {processor.py:914} INFO - Processing file /home/airflow/.local/lib/python3.12/site-packages/airflow/example_dags/example_setup_teardown.py for tasks to queue
[2024-09-12T14:26:30.806+0000] {logging_mixin.py:190} INFO - [2024-09-12T14:26:30.806+0000] {dagbag.py:587} INFO - Filling up the DagBag from /home/airflow/.local/lib/python3.12/site-packages/airflow/example_dags/example_setup_teardown.py
[2024-09-12T14:26:30.816+0000] {processor.py:925} INFO - DAG(s) 'example_setup_teardown' retrieved from /home/airflow/.local/lib/python3.12/site-packages/airflow/example_dags/example_setup_teardown.py
[2024-09-12T14:26:30.840+0000] {logging_mixin.py:190} INFO - [2024-09-12T14:26:30.839+0000] {dag.py:3229} INFO - Sync 1 DAGs
[2024-09-12T14:26:30.857+0000] {logging_mixin.py:190} INFO - [2024-09-12T14:26:30.856+0000] {dag.py:4156} INFO - Setting next_dagrun for example_setup_teardown to None, run_after=None
[2024-09-12T14:26:30.877+0000] {processor.py:208} INFO - Processing /home/airflow/.local/lib/python3.12/site-packages/airflow/example_dags/example_setup_teardown.py took 0.081 seconds
[2024-09-12T14:27:01.156+0000] {processor.py:186} INFO - Started process (PID=1149) to work on /home/airflow/.local/lib/python3.12/site-packages/airflow/example_dags/example_setup_teardown.py
[2024-09-12T14:27:01.157+0000] {processor.py:914} INFO - Processing file /home/airflow/.local/lib/python3.12/site-packages/airflow/example_dags/example_setup_teardown.py for tasks to queue
[2024-09-12T14:27:01.160+0000] {logging_mixin.py:190} INFO - [2024-09-12T14:27:01.159+0000] {dagbag.py:587} INFO - Filling up the DagBag from /home/airflow/.local/lib/python3.12/site-packages/airflow/example_dags/example_setup_teardown.py
[2024-09-12T14:27:01.189+0000] {processor.py:925} INFO - DAG(s) 'example_setup_teardown' retrieved from /home/airflow/.local/lib/python3.12/site-packages/airflow/example_dags/example_setup_teardown.py
[2024-09-12T14:27:01.210+0000] {logging_mixin.py:190} INFO - [2024-09-12T14:27:01.210+0000] {dag.py:3229} INFO - Sync 1 DAGs
[2024-09-12T14:27:01.226+0000] {logging_mixin.py:190} INFO - [2024-09-12T14:27:01.226+0000] {dag.py:4156} INFO - Setting next_dagrun for example_setup_teardown to None, run_after=None
[2024-09-12T14:27:01.245+0000] {processor.py:208} INFO - Processing /home/airflow/.local/lib/python3.12/site-packages/airflow/example_dags/example_setup_teardown.py took 0.095 seconds
[2024-09-12T14:27:32.682+0000] {processor.py:186} INFO - Started process (PID=1211) to work on /home/airflow/.local/lib/python3.12/site-packages/airflow/example_dags/example_setup_teardown.py
[2024-09-12T14:27:32.683+0000] {processor.py:914} INFO - Processing file /home/airflow/.local/lib/python3.12/site-packages/airflow/example_dags/example_setup_teardown.py for tasks to queue
[2024-09-12T14:27:32.686+0000] {logging_mixin.py:190} INFO - [2024-09-12T14:27:32.686+0000] {dagbag.py:587} INFO - Filling up the DagBag from /home/airflow/.local/lib/python3.12/site-packages/airflow/example_dags/example_setup_teardown.py
[2024-09-12T14:27:32.696+0000] {processor.py:925} INFO - DAG(s) 'example_setup_teardown' retrieved from /home/airflow/.local/lib/python3.12/site-packages/airflow/example_dags/example_setup_teardown.py
[2024-09-12T14:27:32.722+0000] {logging_mixin.py:190} INFO - [2024-09-12T14:27:32.722+0000] {dag.py:3229} INFO - Sync 1 DAGs
[2024-09-12T14:27:32.783+0000] {logging_mixin.py:190} INFO - [2024-09-12T14:27:32.783+0000] {dag.py:4156} INFO - Setting next_dagrun for example_setup_teardown to None, run_after=None
[2024-09-12T14:27:32.806+0000] {processor.py:208} INFO - Processing /home/airflow/.local/lib/python3.12/site-packages/airflow/example_dags/example_setup_teardown.py took 0.172 seconds
[2024-09-12T14:28:06.058+0000] {processor.py:186} INFO - Started process (PID=1273) to work on /home/airflow/.local/lib/python3.12/site-packages/airflow/example_dags/example_setup_teardown.py
[2024-09-12T14:28:06.080+0000] {processor.py:914} INFO - Processing file /home/airflow/.local/lib/python3.12/site-packages/airflow/example_dags/example_setup_teardown.py for tasks to queue
[2024-09-12T14:28:06.083+0000] {logging_mixin.py:190} INFO - [2024-09-12T14:28:06.083+0000] {dagbag.py:587} INFO - Filling up the DagBag from /home/airflow/.local/lib/python3.12/site-packages/airflow/example_dags/example_setup_teardown.py
[2024-09-12T14:28:06.093+0000] {processor.py:925} INFO - DAG(s) 'example_setup_teardown' retrieved from /home/airflow/.local/lib/python3.12/site-packages/airflow/example_dags/example_setup_teardown.py
[2024-09-12T14:28:06.134+0000] {logging_mixin.py:190} INFO - [2024-09-12T14:28:06.133+0000] {dag.py:3229} INFO - Sync 1 DAGs
[2024-09-12T14:28:06.212+0000] {logging_mixin.py:190} INFO - [2024-09-12T14:28:06.212+0000] {dag.py:4156} INFO - Setting next_dagrun for example_setup_teardown to None, run_after=None
[2024-09-12T14:28:06.386+0000] {processor.py:208} INFO - Processing /home/airflow/.local/lib/python3.12/site-packages/airflow/example_dags/example_setup_teardown.py took 0.334 seconds
[2024-09-12T14:28:42.222+0000] {processor.py:186} INFO - Started process (PID=1335) to work on /home/airflow/.local/lib/python3.12/site-packages/airflow/example_dags/example_setup_teardown.py
[2024-09-12T14:28:42.224+0000] {processor.py:914} INFO - Processing file /home/airflow/.local/lib/python3.12/site-packages/airflow/example_dags/example_setup_teardown.py for tasks to queue
[2024-09-12T14:28:42.227+0000] {logging_mixin.py:190} INFO - [2024-09-12T14:28:42.226+0000] {dagbag.py:587} INFO - Filling up the DagBag from /home/airflow/.local/lib/python3.12/site-packages/airflow/example_dags/example_setup_teardown.py
[2024-09-12T14:28:42.291+0000] {processor.py:925} INFO - DAG(s) 'example_setup_teardown' retrieved from /home/airflow/.local/lib/python3.12/site-packages/airflow/example_dags/example_setup_teardown.py
[2024-09-12T14:28:42.317+0000] {logging_mixin.py:190} INFO - [2024-09-12T14:28:42.316+0000] {dag.py:3229} INFO - Sync 1 DAGs
[2024-09-12T14:28:42.389+0000] {logging_mixin.py:190} INFO - [2024-09-12T14:28:42.389+0000] {dag.py:4156} INFO - Setting next_dagrun for example_setup_teardown to None, run_after=None
[2024-09-12T14:28:42.482+0000] {processor.py:208} INFO - Processing /home/airflow/.local/lib/python3.12/site-packages/airflow/example_dags/example_setup_teardown.py took 0.267 seconds
[2024-09-12T14:29:18.024+0000] {processor.py:186} INFO - Started process (PID=1397) to work on /home/airflow/.local/lib/python3.12/site-packages/airflow/example_dags/example_setup_teardown.py
[2024-09-12T14:29:18.035+0000] {processor.py:914} INFO - Processing file /home/airflow/.local/lib/python3.12/site-packages/airflow/example_dags/example_setup_teardown.py for tasks to queue
[2024-09-12T14:29:18.090+0000] {logging_mixin.py:190} INFO - [2024-09-12T14:29:18.089+0000] {dagbag.py:587} INFO - Filling up the DagBag from /home/airflow/.local/lib/python3.12/site-packages/airflow/example_dags/example_setup_teardown.py
[2024-09-12T14:29:18.123+0000] {processor.py:925} INFO - DAG(s) 'example_setup_teardown' retrieved from /home/airflow/.local/lib/python3.12/site-packages/airflow/example_dags/example_setup_teardown.py
[2024-09-12T14:29:18.205+0000] {logging_mixin.py:190} INFO - [2024-09-12T14:29:18.205+0000] {dag.py:3229} INFO - Sync 1 DAGs
[2024-09-12T14:29:18.284+0000] {logging_mixin.py:190} INFO - [2024-09-12T14:29:18.284+0000] {dag.py:4156} INFO - Setting next_dagrun for example_setup_teardown to None, run_after=None
[2024-09-12T14:29:18.319+0000] {processor.py:208} INFO - Processing /home/airflow/.local/lib/python3.12/site-packages/airflow/example_dags/example_setup_teardown.py took 0.326 seconds
[2024-09-12T14:29:49.827+0000] {processor.py:186} INFO - Started process (PID=1459) to work on /home/airflow/.local/lib/python3.12/site-packages/airflow/example_dags/example_setup_teardown.py
[2024-09-12T14:29:49.830+0000] {processor.py:914} INFO - Processing file /home/airflow/.local/lib/python3.12/site-packages/airflow/example_dags/example_setup_teardown.py for tasks to queue
[2024-09-12T14:29:49.833+0000] {logging_mixin.py:190} INFO - [2024-09-12T14:29:49.833+0000] {dagbag.py:587} INFO - Filling up the DagBag from /home/airflow/.local/lib/python3.12/site-packages/airflow/example_dags/example_setup_teardown.py
[2024-09-12T14:29:49.904+0000] {processor.py:925} INFO - DAG(s) 'example_setup_teardown' retrieved from /home/airflow/.local/lib/python3.12/site-packages/airflow/example_dags/example_setup_teardown.py
[2024-09-12T14:29:49.999+0000] {logging_mixin.py:190} INFO - [2024-09-12T14:29:49.998+0000] {dag.py:3229} INFO - Sync 1 DAGs
[2024-09-12T14:29:50.092+0000] {logging_mixin.py:190} INFO - [2024-09-12T14:29:50.092+0000] {dag.py:4156} INFO - Setting next_dagrun for example_setup_teardown to None, run_after=None
[2024-09-12T14:29:50.186+0000] {processor.py:208} INFO - Processing /home/airflow/.local/lib/python3.12/site-packages/airflow/example_dags/example_setup_teardown.py took 0.380 seconds
[2024-09-12T14:30:20.804+0000] {processor.py:186} INFO - Started process (PID=1521) to work on /home/airflow/.local/lib/python3.12/site-packages/airflow/example_dags/example_setup_teardown.py
[2024-09-12T14:30:20.807+0000] {processor.py:914} INFO - Processing file /home/airflow/.local/lib/python3.12/site-packages/airflow/example_dags/example_setup_teardown.py for tasks to queue
[2024-09-12T14:30:20.812+0000] {logging_mixin.py:190} INFO - [2024-09-12T14:30:20.811+0000] {dagbag.py:587} INFO - Filling up the DagBag from /home/airflow/.local/lib/python3.12/site-packages/airflow/example_dags/example_setup_teardown.py
[2024-09-12T14:30:20.827+0000] {processor.py:925} INFO - DAG(s) 'example_setup_teardown' retrieved from /home/airflow/.local/lib/python3.12/site-packages/airflow/example_dags/example_setup_teardown.py
[2024-09-12T14:30:20.900+0000] {logging_mixin.py:190} INFO - [2024-09-12T14:30:20.899+0000] {dag.py:3229} INFO - Sync 1 DAGs
[2024-09-12T14:30:20.984+0000] {logging_mixin.py:190} INFO - [2024-09-12T14:30:20.983+0000] {dag.py:4156} INFO - Setting next_dagrun for example_setup_teardown to None, run_after=None
[2024-09-12T14:30:21.038+0000] {processor.py:208} INFO - Processing /home/airflow/.local/lib/python3.12/site-packages/airflow/example_dags/example_setup_teardown.py took 0.246 seconds
[2024-09-12T14:30:51.302+0000] {processor.py:186} INFO - Started process (PID=1583) to work on /home/airflow/.local/lib/python3.12/site-packages/airflow/example_dags/example_setup_teardown.py
[2024-09-12T14:30:51.304+0000] {processor.py:914} INFO - Processing file /home/airflow/.local/lib/python3.12/site-packages/airflow/example_dags/example_setup_teardown.py for tasks to queue
[2024-09-12T14:30:51.306+0000] {logging_mixin.py:190} INFO - [2024-09-12T14:30:51.306+0000] {dagbag.py:587} INFO - Filling up the DagBag from /home/airflow/.local/lib/python3.12/site-packages/airflow/example_dags/example_setup_teardown.py
[2024-09-12T14:30:51.317+0000] {processor.py:925} INFO - DAG(s) 'example_setup_teardown' retrieved from /home/airflow/.local/lib/python3.12/site-packages/airflow/example_dags/example_setup_teardown.py
[2024-09-12T14:30:51.344+0000] {logging_mixin.py:190} INFO - [2024-09-12T14:30:51.343+0000] {dag.py:3229} INFO - Sync 1 DAGs
[2024-09-12T14:30:51.364+0000] {logging_mixin.py:190} INFO - [2024-09-12T14:30:51.363+0000] {dag.py:4156} INFO - Setting next_dagrun for example_setup_teardown to None, run_after=None
[2024-09-12T14:30:51.386+0000] {processor.py:208} INFO - Processing /home/airflow/.local/lib/python3.12/site-packages/airflow/example_dags/example_setup_teardown.py took 0.090 seconds
[2024-09-12T14:31:21.487+0000] {processor.py:186} INFO - Started process (PID=1645) to work on /home/airflow/.local/lib/python3.12/site-packages/airflow/example_dags/example_setup_teardown.py
[2024-09-12T14:31:21.488+0000] {processor.py:914} INFO - Processing file /home/airflow/.local/lib/python3.12/site-packages/airflow/example_dags/example_setup_teardown.py for tasks to queue
[2024-09-12T14:31:21.491+0000] {logging_mixin.py:190} INFO - [2024-09-12T14:31:21.490+0000] {dagbag.py:587} INFO - Filling up the DagBag from /home/airflow/.local/lib/python3.12/site-packages/airflow/example_dags/example_setup_teardown.py
[2024-09-12T14:31:21.500+0000] {processor.py:925} INFO - DAG(s) 'example_setup_teardown' retrieved from /home/airflow/.local/lib/python3.12/site-packages/airflow/example_dags/example_setup_teardown.py
[2024-09-12T14:31:21.523+0000] {logging_mixin.py:190} INFO - [2024-09-12T14:31:21.522+0000] {dag.py:3229} INFO - Sync 1 DAGs
[2024-09-12T14:31:21.538+0000] {logging_mixin.py:190} INFO - [2024-09-12T14:31:21.538+0000] {dag.py:4156} INFO - Setting next_dagrun for example_setup_teardown to None, run_after=None
[2024-09-12T14:31:21.556+0000] {processor.py:208} INFO - Processing /home/airflow/.local/lib/python3.12/site-packages/airflow/example_dags/example_setup_teardown.py took 0.076 seconds
[2024-09-12T14:31:53.321+0000] {processor.py:186} INFO - Started process (PID=1707) to work on /home/airflow/.local/lib/python3.12/site-packages/airflow/example_dags/example_setup_teardown.py
[2024-09-12T14:31:53.323+0000] {processor.py:914} INFO - Processing file /home/airflow/.local/lib/python3.12/site-packages/airflow/example_dags/example_setup_teardown.py for tasks to queue
[2024-09-12T14:31:53.326+0000] {logging_mixin.py:190} INFO - [2024-09-12T14:31:53.325+0000] {dagbag.py:587} INFO - Filling up the DagBag from /home/airflow/.local/lib/python3.12/site-packages/airflow/example_dags/example_setup_teardown.py
[2024-09-12T14:31:53.336+0000] {processor.py:925} INFO - DAG(s) 'example_setup_teardown' retrieved from /home/airflow/.local/lib/python3.12/site-packages/airflow/example_dags/example_setup_teardown.py
[2024-09-12T14:31:53.407+0000] {logging_mixin.py:190} INFO - [2024-09-12T14:31:53.407+0000] {dag.py:3229} INFO - Sync 1 DAGs
[2024-09-12T14:31:53.429+0000] {logging_mixin.py:190} INFO - [2024-09-12T14:31:53.429+0000] {dag.py:4156} INFO - Setting next_dagrun for example_setup_teardown to None, run_after=None
[2024-09-12T14:31:53.457+0000] {processor.py:208} INFO - Processing /home/airflow/.local/lib/python3.12/site-packages/airflow/example_dags/example_setup_teardown.py took 0.144 seconds
[2024-09-12T14:32:23.820+0000] {processor.py:186} INFO - Started process (PID=1769) to work on /home/airflow/.local/lib/python3.12/site-packages/airflow/example_dags/example_setup_teardown.py
[2024-09-12T14:32:23.822+0000] {processor.py:914} INFO - Processing file /home/airflow/.local/lib/python3.12/site-packages/airflow/example_dags/example_setup_teardown.py for tasks to queue
[2024-09-12T14:32:23.824+0000] {logging_mixin.py:190} INFO - [2024-09-12T14:32:23.824+0000] {dagbag.py:587} INFO - Filling up the DagBag from /home/airflow/.local/lib/python3.12/site-packages/airflow/example_dags/example_setup_teardown.py
[2024-09-12T14:32:23.835+0000] {processor.py:925} INFO - DAG(s) 'example_setup_teardown' retrieved from /home/airflow/.local/lib/python3.12/site-packages/airflow/example_dags/example_setup_teardown.py
[2024-09-12T14:32:23.863+0000] {logging_mixin.py:190} INFO - [2024-09-12T14:32:23.862+0000] {dag.py:3229} INFO - Sync 1 DAGs
[2024-09-12T14:32:23.884+0000] {logging_mixin.py:190} INFO - [2024-09-12T14:32:23.884+0000] {dag.py:4156} INFO - Setting next_dagrun for example_setup_teardown to None, run_after=None
[2024-09-12T14:32:23.908+0000] {processor.py:208} INFO - Processing /home/airflow/.local/lib/python3.12/site-packages/airflow/example_dags/example_setup_teardown.py took 0.095 seconds
[2024-09-12T14:32:54.844+0000] {processor.py:186} INFO - Started process (PID=1831) to work on /home/airflow/.local/lib/python3.12/site-packages/airflow/example_dags/example_setup_teardown.py
[2024-09-12T14:32:54.845+0000] {processor.py:914} INFO - Processing file /home/airflow/.local/lib/python3.12/site-packages/airflow/example_dags/example_setup_teardown.py for tasks to queue
[2024-09-12T14:32:54.848+0000] {logging_mixin.py:190} INFO - [2024-09-12T14:32:54.847+0000] {dagbag.py:587} INFO - Filling up the DagBag from /home/airflow/.local/lib/python3.12/site-packages/airflow/example_dags/example_setup_teardown.py
[2024-09-12T14:32:54.857+0000] {processor.py:925} INFO - DAG(s) 'example_setup_teardown' retrieved from /home/airflow/.local/lib/python3.12/site-packages/airflow/example_dags/example_setup_teardown.py
[2024-09-12T14:32:54.884+0000] {logging_mixin.py:190} INFO - [2024-09-12T14:32:54.884+0000] {dag.py:3229} INFO - Sync 1 DAGs
[2024-09-12T14:32:54.903+0000] {logging_mixin.py:190} INFO - [2024-09-12T14:32:54.903+0000] {dag.py:4156} INFO - Setting next_dagrun for example_setup_teardown to None, run_after=None
[2024-09-12T14:32:54.926+0000] {processor.py:208} INFO - Processing /home/airflow/.local/lib/python3.12/site-packages/airflow/example_dags/example_setup_teardown.py took 0.089 seconds
[2024-09-12T14:33:56.993+0000] {processor.py:186} INFO - Started process (PID=1955) to work on /home/airflow/.local/lib/python3.12/site-packages/airflow/example_dags/example_setup_teardown.py
[2024-09-12T14:33:56.995+0000] {processor.py:914} INFO - Processing file /home/airflow/.local/lib/python3.12/site-packages/airflow/example_dags/example_setup_teardown.py for tasks to queue
[2024-09-12T14:33:56.999+0000] {logging_mixin.py:190} INFO - [2024-09-12T14:33:56.998+0000] {dagbag.py:587} INFO - Filling up the DagBag from /home/airflow/.local/lib/python3.12/site-packages/airflow/example_dags/example_setup_teardown.py
[2024-09-12T14:33:57.010+0000] {processor.py:925} INFO - DAG(s) 'example_setup_teardown' retrieved from /home/airflow/.local/lib/python3.12/site-packages/airflow/example_dags/example_setup_teardown.py
[2024-09-12T14:33:57.037+0000] {logging_mixin.py:190} INFO - [2024-09-12T14:33:57.037+0000] {dag.py:3229} INFO - Sync 1 DAGs
[2024-09-12T14:33:57.057+0000] {logging_mixin.py:190} INFO - [2024-09-12T14:33:57.056+0000] {dag.py:4156} INFO - Setting next_dagrun for example_setup_teardown to None, run_after=None
[2024-09-12T14:33:57.079+0000] {processor.py:208} INFO - Processing /home/airflow/.local/lib/python3.12/site-packages/airflow/example_dags/example_setup_teardown.py took 0.093 seconds
[2024-09-12T14:34:27.620+0000] {processor.py:186} INFO - Started process (PID=2017) to work on /home/airflow/.local/lib/python3.12/site-packages/airflow/example_dags/example_setup_teardown.py
[2024-09-12T14:34:27.622+0000] {processor.py:914} INFO - Processing file /home/airflow/.local/lib/python3.12/site-packages/airflow/example_dags/example_setup_teardown.py for tasks to queue
[2024-09-12T14:34:27.625+0000] {logging_mixin.py:190} INFO - [2024-09-12T14:34:27.624+0000] {dagbag.py:587} INFO - Filling up the DagBag from /home/airflow/.local/lib/python3.12/site-packages/airflow/example_dags/example_setup_teardown.py
[2024-09-12T14:34:27.636+0000] {processor.py:925} INFO - DAG(s) 'example_setup_teardown' retrieved from /home/airflow/.local/lib/python3.12/site-packages/airflow/example_dags/example_setup_teardown.py
[2024-09-12T14:34:27.664+0000] {logging_mixin.py:190} INFO - [2024-09-12T14:34:27.664+0000] {dag.py:3229} INFO - Sync 1 DAGs
[2024-09-12T14:34:27.685+0000] {logging_mixin.py:190} INFO - [2024-09-12T14:34:27.685+0000] {dag.py:4156} INFO - Setting next_dagrun for example_setup_teardown to None, run_after=None
[2024-09-12T14:34:27.710+0000] {processor.py:208} INFO - Processing /home/airflow/.local/lib/python3.12/site-packages/airflow/example_dags/example_setup_teardown.py took 0.097 seconds
[2024-09-12T14:34:59.038+0000] {processor.py:186} INFO - Started process (PID=2079) to work on /home/airflow/.local/lib/python3.12/site-packages/airflow/example_dags/example_setup_teardown.py
[2024-09-12T14:34:59.040+0000] {processor.py:914} INFO - Processing file /home/airflow/.local/lib/python3.12/site-packages/airflow/example_dags/example_setup_teardown.py for tasks to queue
[2024-09-12T14:34:59.042+0000] {logging_mixin.py:190} INFO - [2024-09-12T14:34:59.042+0000] {dagbag.py:587} INFO - Filling up the DagBag from /home/airflow/.local/lib/python3.12/site-packages/airflow/example_dags/example_setup_teardown.py
[2024-09-12T14:34:59.090+0000] {processor.py:925} INFO - DAG(s) 'example_setup_teardown' retrieved from /home/airflow/.local/lib/python3.12/site-packages/airflow/example_dags/example_setup_teardown.py
[2024-09-12T14:34:59.118+0000] {logging_mixin.py:190} INFO - [2024-09-12T14:34:59.118+0000] {dag.py:3229} INFO - Sync 1 DAGs
[2024-09-12T14:34:59.137+0000] {logging_mixin.py:190} INFO - [2024-09-12T14:34:59.137+0000] {dag.py:4156} INFO - Setting next_dagrun for example_setup_teardown to None, run_after=None
[2024-09-12T14:34:59.205+0000] {processor.py:208} INFO - Processing /home/airflow/.local/lib/python3.12/site-packages/airflow/example_dags/example_setup_teardown.py took 0.177 seconds
[2024-09-12T14:35:30.294+0000] {processor.py:186} INFO - Started process (PID=2141) to work on /home/airflow/.local/lib/python3.12/site-packages/airflow/example_dags/example_setup_teardown.py
[2024-09-12T14:35:30.296+0000] {processor.py:914} INFO - Processing file /home/airflow/.local/lib/python3.12/site-packages/airflow/example_dags/example_setup_teardown.py for tasks to queue
[2024-09-12T14:35:30.299+0000] {logging_mixin.py:190} INFO - [2024-09-12T14:35:30.298+0000] {dagbag.py:587} INFO - Filling up the DagBag from /home/airflow/.local/lib/python3.12/site-packages/airflow/example_dags/example_setup_teardown.py
[2024-09-12T14:35:30.310+0000] {processor.py:925} INFO - DAG(s) 'example_setup_teardown' retrieved from /home/airflow/.local/lib/python3.12/site-packages/airflow/example_dags/example_setup_teardown.py
[2024-09-12T14:35:30.339+0000] {logging_mixin.py:190} INFO - [2024-09-12T14:35:30.338+0000] {dag.py:3229} INFO - Sync 1 DAGs
[2024-09-12T14:35:30.360+0000] {logging_mixin.py:190} INFO - [2024-09-12T14:35:30.360+0000] {dag.py:4156} INFO - Setting next_dagrun for example_setup_teardown to None, run_after=None
[2024-09-12T14:35:30.384+0000] {processor.py:208} INFO - Processing /home/airflow/.local/lib/python3.12/site-packages/airflow/example_dags/example_setup_teardown.py took 0.098 seconds
[2024-09-12T14:36:02.892+0000] {processor.py:186} INFO - Started process (PID=2210) to work on /home/airflow/.local/lib/python3.12/site-packages/airflow/example_dags/example_setup_teardown.py
[2024-09-12T14:36:02.893+0000] {processor.py:914} INFO - Processing file /home/airflow/.local/lib/python3.12/site-packages/airflow/example_dags/example_setup_teardown.py for tasks to queue
[2024-09-12T14:36:02.896+0000] {logging_mixin.py:190} INFO - [2024-09-12T14:36:02.895+0000] {dagbag.py:587} INFO - Filling up the DagBag from /home/airflow/.local/lib/python3.12/site-packages/airflow/example_dags/example_setup_teardown.py
[2024-09-12T14:36:02.906+0000] {processor.py:925} INFO - DAG(s) 'example_setup_teardown' retrieved from /home/airflow/.local/lib/python3.12/site-packages/airflow/example_dags/example_setup_teardown.py
[2024-09-12T14:36:02.989+0000] {logging_mixin.py:190} INFO - [2024-09-12T14:36:02.989+0000] {dag.py:3229} INFO - Sync 1 DAGs
[2024-09-12T14:36:03.009+0000] {logging_mixin.py:190} INFO - [2024-09-12T14:36:03.009+0000] {dag.py:4156} INFO - Setting next_dagrun for example_setup_teardown to None, run_after=None
[2024-09-12T14:36:03.087+0000] {processor.py:208} INFO - Processing /home/airflow/.local/lib/python3.12/site-packages/airflow/example_dags/example_setup_teardown.py took 0.201 seconds
[2024-09-12T14:36:33.711+0000] {processor.py:186} INFO - Started process (PID=2272) to work on /home/airflow/.local/lib/python3.12/site-packages/airflow/example_dags/example_setup_teardown.py
[2024-09-12T14:36:33.712+0000] {processor.py:914} INFO - Processing file /home/airflow/.local/lib/python3.12/site-packages/airflow/example_dags/example_setup_teardown.py for tasks to queue
[2024-09-12T14:36:33.715+0000] {logging_mixin.py:190} INFO - [2024-09-12T14:36:33.715+0000] {dagbag.py:587} INFO - Filling up the DagBag from /home/airflow/.local/lib/python3.12/site-packages/airflow/example_dags/example_setup_teardown.py
[2024-09-12T14:36:33.725+0000] {processor.py:925} INFO - DAG(s) 'example_setup_teardown' retrieved from /home/airflow/.local/lib/python3.12/site-packages/airflow/example_dags/example_setup_teardown.py
[2024-09-12T14:36:33.753+0000] {logging_mixin.py:190} INFO - [2024-09-12T14:36:33.752+0000] {dag.py:3229} INFO - Sync 1 DAGs
[2024-09-12T14:36:33.796+0000] {logging_mixin.py:190} INFO - [2024-09-12T14:36:33.796+0000] {dag.py:4156} INFO - Setting next_dagrun for example_setup_teardown to None, run_after=None
[2024-09-12T14:36:33.821+0000] {processor.py:208} INFO - Processing /home/airflow/.local/lib/python3.12/site-packages/airflow/example_dags/example_setup_teardown.py took 0.116 seconds
[2024-09-12T14:37:04.690+0000] {processor.py:186} INFO - Started process (PID=2334) to work on /home/airflow/.local/lib/python3.12/site-packages/airflow/example_dags/example_setup_teardown.py
[2024-09-12T14:37:04.691+0000] {processor.py:914} INFO - Processing file /home/airflow/.local/lib/python3.12/site-packages/airflow/example_dags/example_setup_teardown.py for tasks to queue
[2024-09-12T14:37:04.693+0000] {logging_mixin.py:190} INFO - [2024-09-12T14:37:04.693+0000] {dagbag.py:587} INFO - Filling up the DagBag from /home/airflow/.local/lib/python3.12/site-packages/airflow/example_dags/example_setup_teardown.py
[2024-09-12T14:37:04.703+0000] {processor.py:925} INFO - DAG(s) 'example_setup_teardown' retrieved from /home/airflow/.local/lib/python3.12/site-packages/airflow/example_dags/example_setup_teardown.py
[2024-09-12T14:37:04.727+0000] {logging_mixin.py:190} INFO - [2024-09-12T14:37:04.727+0000] {dag.py:3229} INFO - Sync 1 DAGs
[2024-09-12T14:37:04.744+0000] {logging_mixin.py:190} INFO - [2024-09-12T14:37:04.744+0000] {dag.py:4156} INFO - Setting next_dagrun for example_setup_teardown to None, run_after=None
[2024-09-12T14:37:04.763+0000] {processor.py:208} INFO - Processing /home/airflow/.local/lib/python3.12/site-packages/airflow/example_dags/example_setup_teardown.py took 0.081 seconds
[2024-09-12T14:37:35.297+0000] {processor.py:186} INFO - Started process (PID=2396) to work on /home/airflow/.local/lib/python3.12/site-packages/airflow/example_dags/example_setup_teardown.py
[2024-09-12T14:37:35.298+0000] {processor.py:914} INFO - Processing file /home/airflow/.local/lib/python3.12/site-packages/airflow/example_dags/example_setup_teardown.py for tasks to queue
[2024-09-12T14:37:35.301+0000] {logging_mixin.py:190} INFO - [2024-09-12T14:37:35.301+0000] {dagbag.py:587} INFO - Filling up the DagBag from /home/airflow/.local/lib/python3.12/site-packages/airflow/example_dags/example_setup_teardown.py
[2024-09-12T14:37:35.313+0000] {processor.py:925} INFO - DAG(s) 'example_setup_teardown' retrieved from /home/airflow/.local/lib/python3.12/site-packages/airflow/example_dags/example_setup_teardown.py
[2024-09-12T14:37:35.346+0000] {logging_mixin.py:190} INFO - [2024-09-12T14:37:35.346+0000] {dag.py:3229} INFO - Sync 1 DAGs
[2024-09-12T14:37:35.371+0000] {logging_mixin.py:190} INFO - [2024-09-12T14:37:35.371+0000] {dag.py:4156} INFO - Setting next_dagrun for example_setup_teardown to None, run_after=None
[2024-09-12T14:37:35.410+0000] {processor.py:208} INFO - Processing /home/airflow/.local/lib/python3.12/site-packages/airflow/example_dags/example_setup_teardown.py took 0.121 seconds
[2024-09-12T14:38:05.654+0000] {processor.py:186} INFO - Started process (PID=2458) to work on /home/airflow/.local/lib/python3.12/site-packages/airflow/example_dags/example_setup_teardown.py
[2024-09-12T14:38:05.656+0000] {processor.py:914} INFO - Processing file /home/airflow/.local/lib/python3.12/site-packages/airflow/example_dags/example_setup_teardown.py for tasks to queue
[2024-09-12T14:38:05.658+0000] {logging_mixin.py:190} INFO - [2024-09-12T14:38:05.658+0000] {dagbag.py:587} INFO - Filling up the DagBag from /home/airflow/.local/lib/python3.12/site-packages/airflow/example_dags/example_setup_teardown.py
[2024-09-12T14:38:05.667+0000] {processor.py:925} INFO - DAG(s) 'example_setup_teardown' retrieved from /home/airflow/.local/lib/python3.12/site-packages/airflow/example_dags/example_setup_teardown.py
[2024-09-12T14:38:05.694+0000] {logging_mixin.py:190} INFO - [2024-09-12T14:38:05.693+0000] {dag.py:3229} INFO - Sync 1 DAGs
[2024-09-12T14:38:05.710+0000] {logging_mixin.py:190} INFO - [2024-09-12T14:38:05.710+0000] {dag.py:4156} INFO - Setting next_dagrun for example_setup_teardown to None, run_after=None
[2024-09-12T14:38:05.729+0000] {processor.py:208} INFO - Processing /home/airflow/.local/lib/python3.12/site-packages/airflow/example_dags/example_setup_teardown.py took 0.081 seconds
[2024-09-12T14:38:38.326+0000] {processor.py:186} INFO - Started process (PID=2520) to work on /home/airflow/.local/lib/python3.12/site-packages/airflow/example_dags/example_setup_teardown.py
[2024-09-12T14:38:38.327+0000] {processor.py:914} INFO - Processing file /home/airflow/.local/lib/python3.12/site-packages/airflow/example_dags/example_setup_teardown.py for tasks to queue
[2024-09-12T14:38:38.330+0000] {logging_mixin.py:190} INFO - [2024-09-12T14:38:38.329+0000] {dagbag.py:587} INFO - Filling up the DagBag from /home/airflow/.local/lib/python3.12/site-packages/airflow/example_dags/example_setup_teardown.py
[2024-09-12T14:38:38.340+0000] {processor.py:925} INFO - DAG(s) 'example_setup_teardown' retrieved from /home/airflow/.local/lib/python3.12/site-packages/airflow/example_dags/example_setup_teardown.py
[2024-09-12T14:38:38.368+0000] {logging_mixin.py:190} INFO - [2024-09-12T14:38:38.368+0000] {dag.py:3229} INFO - Sync 1 DAGs
[2024-09-12T14:38:38.397+0000] {logging_mixin.py:190} INFO - [2024-09-12T14:38:38.397+0000] {dag.py:4156} INFO - Setting next_dagrun for example_setup_teardown to None, run_after=None
[2024-09-12T14:38:38.418+0000] {processor.py:208} INFO - Processing /home/airflow/.local/lib/python3.12/site-packages/airflow/example_dags/example_setup_teardown.py took 0.099 seconds
