[2024-09-12T14:00:54.508+0000] {processor.py:186} INFO - Started process (PID=91) to work on /home/airflow/.local/lib/python3.12/site-packages/airflow/example_dags/example_python_decorator.py
[2024-09-12T14:00:54.509+0000] {processor.py:914} INFO - Processing file /home/airflow/.local/lib/python3.12/site-packages/airflow/example_dags/example_python_decorator.py for tasks to queue
[2024-09-12T14:00:54.512+0000] {logging_mixin.py:190} INFO - [2024-09-12T14:00:54.511+0000] {dagbag.py:587} INFO - Filling up the DagBag from /home/airflow/.local/lib/python3.12/site-packages/airflow/example_dags/example_python_decorator.py
[2024-09-12T14:00:54.588+0000] {processor.py:925} INFO - DAG(s) 'example_python_decorator' retrieved from /home/airflow/.local/lib/python3.12/site-packages/airflow/example_dags/example_python_decorator.py
[2024-09-12T14:00:54.828+0000] {logging_mixin.py:190} INFO - [2024-09-12T14:00:54.827+0000] {override.py:1900} INFO - Created Permission View: can read on DAG:example_python_decorator
[2024-09-12T14:00:54.841+0000] {logging_mixin.py:190} INFO - [2024-09-12T14:00:54.841+0000] {override.py:1900} INFO - Created Permission View: can delete on DAG:example_python_decorator
[2024-09-12T14:00:54.885+0000] {logging_mixin.py:190} INFO - [2024-09-12T14:00:54.885+0000] {override.py:1900} INFO - Created Permission View: can edit on DAG:example_python_decorator
[2024-09-12T14:00:54.897+0000] {logging_mixin.py:190} INFO - [2024-09-12T14:00:54.896+0000] {override.py:1900} INFO - Created Permission View: can read on DAG Run:example_python_decorator
[2024-09-12T14:00:54.905+0000] {logging_mixin.py:190} INFO - [2024-09-12T14:00:54.905+0000] {override.py:1900} INFO - Created Permission View: can create on DAG Run:example_python_decorator
[2024-09-12T14:00:54.914+0000] {logging_mixin.py:190} INFO - [2024-09-12T14:00:54.913+0000] {override.py:1900} INFO - Created Permission View: can delete on DAG Run:example_python_decorator
[2024-09-12T14:00:54.922+0000] {logging_mixin.py:190} INFO - [2024-09-12T14:00:54.921+0000] {override.py:1900} INFO - Created Permission View: menu access on DAG Run:example_python_decorator
[2024-09-12T14:00:54.922+0000] {logging_mixin.py:190} INFO - [2024-09-12T14:00:54.922+0000] {dag.py:3229} INFO - Sync 1 DAGs
[2024-09-12T14:00:54.941+0000] {logging_mixin.py:190} INFO - [2024-09-12T14:00:54.940+0000] {dag.py:3252} INFO - Creating ORM DAG for example_python_decorator
[2024-09-12T14:00:54.941+0000] {logging_mixin.py:190} INFO - [2024-09-12T14:00:54.941+0000] {dag.py:4156} INFO - Setting next_dagrun for example_python_decorator to None, run_after=None
[2024-09-12T14:00:54.995+0000] {processor.py:208} INFO - Processing /home/airflow/.local/lib/python3.12/site-packages/airflow/example_dags/example_python_decorator.py took 0.495 seconds
[2024-09-12T14:01:25.223+0000] {processor.py:186} INFO - Started process (PID=153) to work on /home/airflow/.local/lib/python3.12/site-packages/airflow/example_dags/example_python_decorator.py
[2024-09-12T14:01:25.224+0000] {processor.py:914} INFO - Processing file /home/airflow/.local/lib/python3.12/site-packages/airflow/example_dags/example_python_decorator.py for tasks to queue
[2024-09-12T14:01:25.228+0000] {logging_mixin.py:190} INFO - [2024-09-12T14:01:25.227+0000] {dagbag.py:587} INFO - Filling up the DagBag from /home/airflow/.local/lib/python3.12/site-packages/airflow/example_dags/example_python_decorator.py
[2024-09-12T14:01:25.245+0000] {processor.py:925} INFO - DAG(s) 'example_python_decorator' retrieved from /home/airflow/.local/lib/python3.12/site-packages/airflow/example_dags/example_python_decorator.py
[2024-09-12T14:01:25.273+0000] {logging_mixin.py:190} INFO - [2024-09-12T14:01:25.273+0000] {dag.py:3229} INFO - Sync 1 DAGs
[2024-09-12T14:01:25.291+0000] {logging_mixin.py:190} INFO - [2024-09-12T14:01:25.291+0000] {dag.py:4156} INFO - Setting next_dagrun for example_python_decorator to None, run_after=None
[2024-09-12T14:01:25.314+0000] {processor.py:208} INFO - Processing /home/airflow/.local/lib/python3.12/site-packages/airflow/example_dags/example_python_decorator.py took 0.100 seconds
[2024-09-12T14:01:56.318+0000] {processor.py:186} INFO - Started process (PID=215) to work on /home/airflow/.local/lib/python3.12/site-packages/airflow/example_dags/example_python_decorator.py
[2024-09-12T14:01:56.320+0000] {processor.py:914} INFO - Processing file /home/airflow/.local/lib/python3.12/site-packages/airflow/example_dags/example_python_decorator.py for tasks to queue
[2024-09-12T14:01:56.322+0000] {logging_mixin.py:190} INFO - [2024-09-12T14:01:56.322+0000] {dagbag.py:587} INFO - Filling up the DagBag from /home/airflow/.local/lib/python3.12/site-packages/airflow/example_dags/example_python_decorator.py
[2024-09-12T14:01:56.340+0000] {processor.py:925} INFO - DAG(s) 'example_python_decorator' retrieved from /home/airflow/.local/lib/python3.12/site-packages/airflow/example_dags/example_python_decorator.py
[2024-09-12T14:01:56.367+0000] {logging_mixin.py:190} INFO - [2024-09-12T14:01:56.366+0000] {dag.py:3229} INFO - Sync 1 DAGs
[2024-09-12T14:01:56.383+0000] {logging_mixin.py:190} INFO - [2024-09-12T14:01:56.382+0000] {dag.py:4156} INFO - Setting next_dagrun for example_python_decorator to None, run_after=None
[2024-09-12T14:01:56.402+0000] {processor.py:208} INFO - Processing /home/airflow/.local/lib/python3.12/site-packages/airflow/example_dags/example_python_decorator.py took 0.091 seconds
[2024-09-12T14:02:26.887+0000] {processor.py:186} INFO - Started process (PID=277) to work on /home/airflow/.local/lib/python3.12/site-packages/airflow/example_dags/example_python_decorator.py
[2024-09-12T14:02:26.888+0000] {processor.py:914} INFO - Processing file /home/airflow/.local/lib/python3.12/site-packages/airflow/example_dags/example_python_decorator.py for tasks to queue
[2024-09-12T14:02:26.891+0000] {logging_mixin.py:190} INFO - [2024-09-12T14:02:26.890+0000] {dagbag.py:587} INFO - Filling up the DagBag from /home/airflow/.local/lib/python3.12/site-packages/airflow/example_dags/example_python_decorator.py
[2024-09-12T14:02:26.906+0000] {processor.py:925} INFO - DAG(s) 'example_python_decorator' retrieved from /home/airflow/.local/lib/python3.12/site-packages/airflow/example_dags/example_python_decorator.py
[2024-09-12T14:02:26.931+0000] {logging_mixin.py:190} INFO - [2024-09-12T14:02:26.931+0000] {dag.py:3229} INFO - Sync 1 DAGs
[2024-09-12T14:02:26.949+0000] {logging_mixin.py:190} INFO - [2024-09-12T14:02:26.949+0000] {dag.py:4156} INFO - Setting next_dagrun for example_python_decorator to None, run_after=None
[2024-09-12T14:02:26.971+0000] {processor.py:208} INFO - Processing /home/airflow/.local/lib/python3.12/site-packages/airflow/example_dags/example_python_decorator.py took 0.090 seconds
[2024-09-12T14:02:57.505+0000] {processor.py:186} INFO - Started process (PID=339) to work on /home/airflow/.local/lib/python3.12/site-packages/airflow/example_dags/example_python_decorator.py
[2024-09-12T14:02:57.506+0000] {processor.py:914} INFO - Processing file /home/airflow/.local/lib/python3.12/site-packages/airflow/example_dags/example_python_decorator.py for tasks to queue
[2024-09-12T14:02:57.508+0000] {logging_mixin.py:190} INFO - [2024-09-12T14:02:57.508+0000] {dagbag.py:587} INFO - Filling up the DagBag from /home/airflow/.local/lib/python3.12/site-packages/airflow/example_dags/example_python_decorator.py
[2024-09-12T14:02:57.525+0000] {processor.py:925} INFO - DAG(s) 'example_python_decorator' retrieved from /home/airflow/.local/lib/python3.12/site-packages/airflow/example_dags/example_python_decorator.py
[2024-09-12T14:02:57.722+0000] {logging_mixin.py:190} INFO - [2024-09-12T14:02:57.722+0000] {dag.py:3229} INFO - Sync 1 DAGs
[2024-09-12T14:02:57.811+0000] {logging_mixin.py:190} INFO - [2024-09-12T14:02:57.811+0000] {dag.py:4156} INFO - Setting next_dagrun for example_python_decorator to None, run_after=None
[2024-09-12T14:02:57.908+0000] {processor.py:208} INFO - Processing /home/airflow/.local/lib/python3.12/site-packages/airflow/example_dags/example_python_decorator.py took 0.409 seconds
[2024-09-12T14:03:28.589+0000] {processor.py:186} INFO - Started process (PID=401) to work on /home/airflow/.local/lib/python3.12/site-packages/airflow/example_dags/example_python_decorator.py
[2024-09-12T14:03:28.591+0000] {processor.py:914} INFO - Processing file /home/airflow/.local/lib/python3.12/site-packages/airflow/example_dags/example_python_decorator.py for tasks to queue
[2024-09-12T14:03:28.593+0000] {logging_mixin.py:190} INFO - [2024-09-12T14:03:28.593+0000] {dagbag.py:587} INFO - Filling up the DagBag from /home/airflow/.local/lib/python3.12/site-packages/airflow/example_dags/example_python_decorator.py
[2024-09-12T14:03:28.609+0000] {processor.py:925} INFO - DAG(s) 'example_python_decorator' retrieved from /home/airflow/.local/lib/python3.12/site-packages/airflow/example_dags/example_python_decorator.py
[2024-09-12T14:03:28.641+0000] {logging_mixin.py:190} INFO - [2024-09-12T14:03:28.640+0000] {dag.py:3229} INFO - Sync 1 DAGs
[2024-09-12T14:03:28.661+0000] {logging_mixin.py:190} INFO - [2024-09-12T14:03:28.660+0000] {dag.py:4156} INFO - Setting next_dagrun for example_python_decorator to None, run_after=None
[2024-09-12T14:03:28.683+0000] {processor.py:208} INFO - Processing /home/airflow/.local/lib/python3.12/site-packages/airflow/example_dags/example_python_decorator.py took 0.101 seconds
[2024-09-12T14:03:59.090+0000] {processor.py:186} INFO - Started process (PID=463) to work on /home/airflow/.local/lib/python3.12/site-packages/airflow/example_dags/example_python_decorator.py
[2024-09-12T14:03:59.091+0000] {processor.py:914} INFO - Processing file /home/airflow/.local/lib/python3.12/site-packages/airflow/example_dags/example_python_decorator.py for tasks to queue
[2024-09-12T14:03:59.093+0000] {logging_mixin.py:190} INFO - [2024-09-12T14:03:59.093+0000] {dagbag.py:587} INFO - Filling up the DagBag from /home/airflow/.local/lib/python3.12/site-packages/airflow/example_dags/example_python_decorator.py
[2024-09-12T14:03:59.108+0000] {processor.py:925} INFO - DAG(s) 'example_python_decorator' retrieved from /home/airflow/.local/lib/python3.12/site-packages/airflow/example_dags/example_python_decorator.py
[2024-09-12T14:03:59.132+0000] {logging_mixin.py:190} INFO - [2024-09-12T14:03:59.131+0000] {dag.py:3229} INFO - Sync 1 DAGs
[2024-09-12T14:03:59.146+0000] {logging_mixin.py:190} INFO - [2024-09-12T14:03:59.146+0000] {dag.py:4156} INFO - Setting next_dagrun for example_python_decorator to None, run_after=None
[2024-09-12T14:03:59.166+0000] {processor.py:208} INFO - Processing /home/airflow/.local/lib/python3.12/site-packages/airflow/example_dags/example_python_decorator.py took 0.082 seconds
[2024-09-12T14:04:29.573+0000] {processor.py:186} INFO - Started process (PID=525) to work on /home/airflow/.local/lib/python3.12/site-packages/airflow/example_dags/example_python_decorator.py
[2024-09-12T14:04:29.574+0000] {processor.py:914} INFO - Processing file /home/airflow/.local/lib/python3.12/site-packages/airflow/example_dags/example_python_decorator.py for tasks to queue
[2024-09-12T14:04:29.576+0000] {logging_mixin.py:190} INFO - [2024-09-12T14:04:29.576+0000] {dagbag.py:587} INFO - Filling up the DagBag from /home/airflow/.local/lib/python3.12/site-packages/airflow/example_dags/example_python_decorator.py
[2024-09-12T14:04:29.592+0000] {processor.py:925} INFO - DAG(s) 'example_python_decorator' retrieved from /home/airflow/.local/lib/python3.12/site-packages/airflow/example_dags/example_python_decorator.py
[2024-09-12T14:04:29.618+0000] {logging_mixin.py:190} INFO - [2024-09-12T14:04:29.618+0000] {dag.py:3229} INFO - Sync 1 DAGs
[2024-09-12T14:04:29.635+0000] {logging_mixin.py:190} INFO - [2024-09-12T14:04:29.635+0000] {dag.py:4156} INFO - Setting next_dagrun for example_python_decorator to None, run_after=None
[2024-09-12T14:04:29.656+0000] {processor.py:208} INFO - Processing /home/airflow/.local/lib/python3.12/site-packages/airflow/example_dags/example_python_decorator.py took 0.090 seconds
[2024-09-12T14:05:00.349+0000] {processor.py:186} INFO - Started process (PID=587) to work on /home/airflow/.local/lib/python3.12/site-packages/airflow/example_dags/example_python_decorator.py
[2024-09-12T14:05:00.351+0000] {processor.py:914} INFO - Processing file /home/airflow/.local/lib/python3.12/site-packages/airflow/example_dags/example_python_decorator.py for tasks to queue
[2024-09-12T14:05:00.353+0000] {logging_mixin.py:190} INFO - [2024-09-12T14:05:00.352+0000] {dagbag.py:587} INFO - Filling up the DagBag from /home/airflow/.local/lib/python3.12/site-packages/airflow/example_dags/example_python_decorator.py
[2024-09-12T14:05:00.368+0000] {processor.py:925} INFO - DAG(s) 'example_python_decorator' retrieved from /home/airflow/.local/lib/python3.12/site-packages/airflow/example_dags/example_python_decorator.py
[2024-09-12T14:05:00.393+0000] {logging_mixin.py:190} INFO - [2024-09-12T14:05:00.392+0000] {dag.py:3229} INFO - Sync 1 DAGs
[2024-09-12T14:05:00.408+0000] {logging_mixin.py:190} INFO - [2024-09-12T14:05:00.408+0000] {dag.py:4156} INFO - Setting next_dagrun for example_python_decorator to None, run_after=None
[2024-09-12T14:05:00.428+0000] {processor.py:208} INFO - Processing /home/airflow/.local/lib/python3.12/site-packages/airflow/example_dags/example_python_decorator.py took 0.085 seconds
[2024-09-12T14:05:31.074+0000] {processor.py:186} INFO - Started process (PID=649) to work on /home/airflow/.local/lib/python3.12/site-packages/airflow/example_dags/example_python_decorator.py
[2024-09-12T14:05:31.075+0000] {processor.py:914} INFO - Processing file /home/airflow/.local/lib/python3.12/site-packages/airflow/example_dags/example_python_decorator.py for tasks to queue
[2024-09-12T14:05:31.078+0000] {logging_mixin.py:190} INFO - [2024-09-12T14:05:31.078+0000] {dagbag.py:587} INFO - Filling up the DagBag from /home/airflow/.local/lib/python3.12/site-packages/airflow/example_dags/example_python_decorator.py
[2024-09-12T14:05:31.095+0000] {processor.py:925} INFO - DAG(s) 'example_python_decorator' retrieved from /home/airflow/.local/lib/python3.12/site-packages/airflow/example_dags/example_python_decorator.py
[2024-09-12T14:05:31.123+0000] {logging_mixin.py:190} INFO - [2024-09-12T14:05:31.123+0000] {dag.py:3229} INFO - Sync 1 DAGs
[2024-09-12T14:05:31.140+0000] {logging_mixin.py:190} INFO - [2024-09-12T14:05:31.140+0000] {dag.py:4156} INFO - Setting next_dagrun for example_python_decorator to None, run_after=None
[2024-09-12T14:05:31.157+0000] {processor.py:208} INFO - Processing /home/airflow/.local/lib/python3.12/site-packages/airflow/example_dags/example_python_decorator.py took 0.089 seconds
[2024-09-12T14:06:01.412+0000] {processor.py:186} INFO - Started process (PID=711) to work on /home/airflow/.local/lib/python3.12/site-packages/airflow/example_dags/example_python_decorator.py
[2024-09-12T14:06:01.414+0000] {processor.py:914} INFO - Processing file /home/airflow/.local/lib/python3.12/site-packages/airflow/example_dags/example_python_decorator.py for tasks to queue
[2024-09-12T14:06:01.416+0000] {logging_mixin.py:190} INFO - [2024-09-12T14:06:01.415+0000] {dagbag.py:587} INFO - Filling up the DagBag from /home/airflow/.local/lib/python3.12/site-packages/airflow/example_dags/example_python_decorator.py
[2024-09-12T14:06:01.432+0000] {processor.py:925} INFO - DAG(s) 'example_python_decorator' retrieved from /home/airflow/.local/lib/python3.12/site-packages/airflow/example_dags/example_python_decorator.py
[2024-09-12T14:06:01.459+0000] {logging_mixin.py:190} INFO - [2024-09-12T14:06:01.459+0000] {dag.py:3229} INFO - Sync 1 DAGs
[2024-09-12T14:06:01.477+0000] {logging_mixin.py:190} INFO - [2024-09-12T14:06:01.477+0000] {dag.py:4156} INFO - Setting next_dagrun for example_python_decorator to None, run_after=None
[2024-09-12T14:06:01.496+0000] {processor.py:208} INFO - Processing /home/airflow/.local/lib/python3.12/site-packages/airflow/example_dags/example_python_decorator.py took 0.090 seconds
[2024-09-12T14:06:31.986+0000] {processor.py:186} INFO - Started process (PID=773) to work on /home/airflow/.local/lib/python3.12/site-packages/airflow/example_dags/example_python_decorator.py
[2024-09-12T14:06:31.987+0000] {processor.py:914} INFO - Processing file /home/airflow/.local/lib/python3.12/site-packages/airflow/example_dags/example_python_decorator.py for tasks to queue
[2024-09-12T14:06:31.990+0000] {logging_mixin.py:190} INFO - [2024-09-12T14:06:31.989+0000] {dagbag.py:587} INFO - Filling up the DagBag from /home/airflow/.local/lib/python3.12/site-packages/airflow/example_dags/example_python_decorator.py
[2024-09-12T14:06:32.006+0000] {processor.py:925} INFO - DAG(s) 'example_python_decorator' retrieved from /home/airflow/.local/lib/python3.12/site-packages/airflow/example_dags/example_python_decorator.py
[2024-09-12T14:06:32.038+0000] {logging_mixin.py:190} INFO - [2024-09-12T14:06:32.038+0000] {dag.py:3229} INFO - Sync 1 DAGs
[2024-09-12T14:06:32.059+0000] {logging_mixin.py:190} INFO - [2024-09-12T14:06:32.059+0000] {dag.py:4156} INFO - Setting next_dagrun for example_python_decorator to None, run_after=None
[2024-09-12T14:06:32.082+0000] {processor.py:208} INFO - Processing /home/airflow/.local/lib/python3.12/site-packages/airflow/example_dags/example_python_decorator.py took 0.103 seconds
[2024-09-12T14:07:02.337+0000] {processor.py:186} INFO - Started process (PID=835) to work on /home/airflow/.local/lib/python3.12/site-packages/airflow/example_dags/example_python_decorator.py
[2024-09-12T14:07:02.338+0000] {processor.py:914} INFO - Processing file /home/airflow/.local/lib/python3.12/site-packages/airflow/example_dags/example_python_decorator.py for tasks to queue
[2024-09-12T14:07:02.341+0000] {logging_mixin.py:190} INFO - [2024-09-12T14:07:02.340+0000] {dagbag.py:587} INFO - Filling up the DagBag from /home/airflow/.local/lib/python3.12/site-packages/airflow/example_dags/example_python_decorator.py
[2024-09-12T14:07:02.356+0000] {processor.py:925} INFO - DAG(s) 'example_python_decorator' retrieved from /home/airflow/.local/lib/python3.12/site-packages/airflow/example_dags/example_python_decorator.py
[2024-09-12T14:07:02.384+0000] {logging_mixin.py:190} INFO - [2024-09-12T14:07:02.383+0000] {dag.py:3229} INFO - Sync 1 DAGs
[2024-09-12T14:07:02.402+0000] {logging_mixin.py:190} INFO - [2024-09-12T14:07:02.402+0000] {dag.py:4156} INFO - Setting next_dagrun for example_python_decorator to None, run_after=None
[2024-09-12T14:07:02.420+0000] {processor.py:208} INFO - Processing /home/airflow/.local/lib/python3.12/site-packages/airflow/example_dags/example_python_decorator.py took 0.089 seconds
[2024-09-12T14:07:32.558+0000] {processor.py:186} INFO - Started process (PID=896) to work on /home/airflow/.local/lib/python3.12/site-packages/airflow/example_dags/example_python_decorator.py
[2024-09-12T14:07:32.559+0000] {processor.py:914} INFO - Processing file /home/airflow/.local/lib/python3.12/site-packages/airflow/example_dags/example_python_decorator.py for tasks to queue
[2024-09-12T14:07:32.561+0000] {logging_mixin.py:190} INFO - [2024-09-12T14:07:32.561+0000] {dagbag.py:587} INFO - Filling up the DagBag from /home/airflow/.local/lib/python3.12/site-packages/airflow/example_dags/example_python_decorator.py
[2024-09-12T14:07:32.577+0000] {processor.py:925} INFO - DAG(s) 'example_python_decorator' retrieved from /home/airflow/.local/lib/python3.12/site-packages/airflow/example_dags/example_python_decorator.py
[2024-09-12T14:07:32.601+0000] {logging_mixin.py:190} INFO - [2024-09-12T14:07:32.601+0000] {dag.py:3229} INFO - Sync 1 DAGs
[2024-09-12T14:07:32.616+0000] {logging_mixin.py:190} INFO - [2024-09-12T14:07:32.616+0000] {dag.py:4156} INFO - Setting next_dagrun for example_python_decorator to None, run_after=None
[2024-09-12T14:07:32.637+0000] {processor.py:208} INFO - Processing /home/airflow/.local/lib/python3.12/site-packages/airflow/example_dags/example_python_decorator.py took 0.086 seconds
[2024-09-12T14:08:02.822+0000] {processor.py:186} INFO - Started process (PID=958) to work on /home/airflow/.local/lib/python3.12/site-packages/airflow/example_dags/example_python_decorator.py
[2024-09-12T14:08:02.823+0000] {processor.py:914} INFO - Processing file /home/airflow/.local/lib/python3.12/site-packages/airflow/example_dags/example_python_decorator.py for tasks to queue
[2024-09-12T14:08:02.825+0000] {logging_mixin.py:190} INFO - [2024-09-12T14:08:02.825+0000] {dagbag.py:587} INFO - Filling up the DagBag from /home/airflow/.local/lib/python3.12/site-packages/airflow/example_dags/example_python_decorator.py
[2024-09-12T14:08:02.840+0000] {processor.py:925} INFO - DAG(s) 'example_python_decorator' retrieved from /home/airflow/.local/lib/python3.12/site-packages/airflow/example_dags/example_python_decorator.py
[2024-09-12T14:08:02.866+0000] {logging_mixin.py:190} INFO - [2024-09-12T14:08:02.866+0000] {dag.py:3229} INFO - Sync 1 DAGs
[2024-09-12T14:08:02.883+0000] {logging_mixin.py:190} INFO - [2024-09-12T14:08:02.883+0000] {dag.py:4156} INFO - Setting next_dagrun for example_python_decorator to None, run_after=None
[2024-09-12T14:08:02.905+0000] {processor.py:208} INFO - Processing /home/airflow/.local/lib/python3.12/site-packages/airflow/example_dags/example_python_decorator.py took 0.090 seconds
[2024-09-12T14:08:33.263+0000] {processor.py:186} INFO - Started process (PID=1020) to work on /home/airflow/.local/lib/python3.12/site-packages/airflow/example_dags/example_python_decorator.py
[2024-09-12T14:08:33.264+0000] {processor.py:914} INFO - Processing file /home/airflow/.local/lib/python3.12/site-packages/airflow/example_dags/example_python_decorator.py for tasks to queue
[2024-09-12T14:08:33.266+0000] {logging_mixin.py:190} INFO - [2024-09-12T14:08:33.266+0000] {dagbag.py:587} INFO - Filling up the DagBag from /home/airflow/.local/lib/python3.12/site-packages/airflow/example_dags/example_python_decorator.py
[2024-09-12T14:08:33.281+0000] {processor.py:925} INFO - DAG(s) 'example_python_decorator' retrieved from /home/airflow/.local/lib/python3.12/site-packages/airflow/example_dags/example_python_decorator.py
[2024-09-12T14:08:33.305+0000] {logging_mixin.py:190} INFO - [2024-09-12T14:08:33.305+0000] {dag.py:3229} INFO - Sync 1 DAGs
[2024-09-12T14:08:33.323+0000] {logging_mixin.py:190} INFO - [2024-09-12T14:08:33.323+0000] {dag.py:4156} INFO - Setting next_dagrun for example_python_decorator to None, run_after=None
[2024-09-12T14:08:33.342+0000] {processor.py:208} INFO - Processing /home/airflow/.local/lib/python3.12/site-packages/airflow/example_dags/example_python_decorator.py took 0.086 seconds
[2024-09-12T14:09:04.175+0000] {processor.py:186} INFO - Started process (PID=1088) to work on /home/airflow/.local/lib/python3.12/site-packages/airflow/example_dags/example_python_decorator.py
[2024-09-12T14:09:04.176+0000] {processor.py:914} INFO - Processing file /home/airflow/.local/lib/python3.12/site-packages/airflow/example_dags/example_python_decorator.py for tasks to queue
[2024-09-12T14:09:04.178+0000] {logging_mixin.py:190} INFO - [2024-09-12T14:09:04.178+0000] {dagbag.py:587} INFO - Filling up the DagBag from /home/airflow/.local/lib/python3.12/site-packages/airflow/example_dags/example_python_decorator.py
[2024-09-12T14:09:04.194+0000] {processor.py:925} INFO - DAG(s) 'example_python_decorator' retrieved from /home/airflow/.local/lib/python3.12/site-packages/airflow/example_dags/example_python_decorator.py
[2024-09-12T14:09:04.218+0000] {logging_mixin.py:190} INFO - [2024-09-12T14:09:04.217+0000] {dag.py:3229} INFO - Sync 1 DAGs
[2024-09-12T14:09:04.233+0000] {logging_mixin.py:190} INFO - [2024-09-12T14:09:04.232+0000] {dag.py:4156} INFO - Setting next_dagrun for example_python_decorator to None, run_after=None
[2024-09-12T14:09:04.254+0000] {processor.py:208} INFO - Processing /home/airflow/.local/lib/python3.12/site-packages/airflow/example_dags/example_python_decorator.py took 0.088 seconds
[2024-09-12T14:09:34.662+0000] {processor.py:186} INFO - Started process (PID=1150) to work on /home/airflow/.local/lib/python3.12/site-packages/airflow/example_dags/example_python_decorator.py
[2024-09-12T14:09:34.663+0000] {processor.py:914} INFO - Processing file /home/airflow/.local/lib/python3.12/site-packages/airflow/example_dags/example_python_decorator.py for tasks to queue
[2024-09-12T14:09:34.666+0000] {logging_mixin.py:190} INFO - [2024-09-12T14:09:34.665+0000] {dagbag.py:587} INFO - Filling up the DagBag from /home/airflow/.local/lib/python3.12/site-packages/airflow/example_dags/example_python_decorator.py
[2024-09-12T14:09:34.681+0000] {processor.py:925} INFO - DAG(s) 'example_python_decorator' retrieved from /home/airflow/.local/lib/python3.12/site-packages/airflow/example_dags/example_python_decorator.py
[2024-09-12T14:09:34.708+0000] {logging_mixin.py:190} INFO - [2024-09-12T14:09:34.707+0000] {dag.py:3229} INFO - Sync 1 DAGs
[2024-09-12T14:09:34.724+0000] {logging_mixin.py:190} INFO - [2024-09-12T14:09:34.724+0000] {dag.py:4156} INFO - Setting next_dagrun for example_python_decorator to None, run_after=None
[2024-09-12T14:09:34.743+0000] {processor.py:208} INFO - Processing /home/airflow/.local/lib/python3.12/site-packages/airflow/example_dags/example_python_decorator.py took 0.089 seconds
[2024-09-12T14:10:05.338+0000] {processor.py:186} INFO - Started process (PID=1212) to work on /home/airflow/.local/lib/python3.12/site-packages/airflow/example_dags/example_python_decorator.py
[2024-09-12T14:10:05.339+0000] {processor.py:914} INFO - Processing file /home/airflow/.local/lib/python3.12/site-packages/airflow/example_dags/example_python_decorator.py for tasks to queue
[2024-09-12T14:10:05.342+0000] {logging_mixin.py:190} INFO - [2024-09-12T14:10:05.342+0000] {dagbag.py:587} INFO - Filling up the DagBag from /home/airflow/.local/lib/python3.12/site-packages/airflow/example_dags/example_python_decorator.py
[2024-09-12T14:10:05.357+0000] {processor.py:925} INFO - DAG(s) 'example_python_decorator' retrieved from /home/airflow/.local/lib/python3.12/site-packages/airflow/example_dags/example_python_decorator.py
[2024-09-12T14:10:05.382+0000] {logging_mixin.py:190} INFO - [2024-09-12T14:10:05.382+0000] {dag.py:3229} INFO - Sync 1 DAGs
[2024-09-12T14:10:05.400+0000] {logging_mixin.py:190} INFO - [2024-09-12T14:10:05.400+0000] {dag.py:4156} INFO - Setting next_dagrun for example_python_decorator to None, run_after=None
[2024-09-12T14:10:05.421+0000] {processor.py:208} INFO - Processing /home/airflow/.local/lib/python3.12/site-packages/airflow/example_dags/example_python_decorator.py took 0.089 seconds
[2024-09-12T14:10:35.534+0000] {processor.py:186} INFO - Started process (PID=1274) to work on /home/airflow/.local/lib/python3.12/site-packages/airflow/example_dags/example_python_decorator.py
[2024-09-12T14:10:35.536+0000] {processor.py:914} INFO - Processing file /home/airflow/.local/lib/python3.12/site-packages/airflow/example_dags/example_python_decorator.py for tasks to queue
[2024-09-12T14:10:35.538+0000] {logging_mixin.py:190} INFO - [2024-09-12T14:10:35.538+0000] {dagbag.py:587} INFO - Filling up the DagBag from /home/airflow/.local/lib/python3.12/site-packages/airflow/example_dags/example_python_decorator.py
[2024-09-12T14:10:35.555+0000] {processor.py:925} INFO - DAG(s) 'example_python_decorator' retrieved from /home/airflow/.local/lib/python3.12/site-packages/airflow/example_dags/example_python_decorator.py
[2024-09-12T14:10:35.579+0000] {logging_mixin.py:190} INFO - [2024-09-12T14:10:35.579+0000] {dag.py:3229} INFO - Sync 1 DAGs
[2024-09-12T14:10:35.594+0000] {logging_mixin.py:190} INFO - [2024-09-12T14:10:35.594+0000] {dag.py:4156} INFO - Setting next_dagrun for example_python_decorator to None, run_after=None
[2024-09-12T14:10:35.611+0000] {processor.py:208} INFO - Processing /home/airflow/.local/lib/python3.12/site-packages/airflow/example_dags/example_python_decorator.py took 0.083 seconds
[2024-09-12T14:11:06.022+0000] {processor.py:186} INFO - Started process (PID=1336) to work on /home/airflow/.local/lib/python3.12/site-packages/airflow/example_dags/example_python_decorator.py
[2024-09-12T14:11:06.024+0000] {processor.py:914} INFO - Processing file /home/airflow/.local/lib/python3.12/site-packages/airflow/example_dags/example_python_decorator.py for tasks to queue
[2024-09-12T14:11:06.027+0000] {logging_mixin.py:190} INFO - [2024-09-12T14:11:06.027+0000] {dagbag.py:587} INFO - Filling up the DagBag from /home/airflow/.local/lib/python3.12/site-packages/airflow/example_dags/example_python_decorator.py
[2024-09-12T14:11:06.048+0000] {processor.py:925} INFO - DAG(s) 'example_python_decorator' retrieved from /home/airflow/.local/lib/python3.12/site-packages/airflow/example_dags/example_python_decorator.py
[2024-09-12T14:11:06.077+0000] {logging_mixin.py:190} INFO - [2024-09-12T14:11:06.077+0000] {dag.py:3229} INFO - Sync 1 DAGs
[2024-09-12T14:11:06.098+0000] {logging_mixin.py:190} INFO - [2024-09-12T14:11:06.098+0000] {dag.py:4156} INFO - Setting next_dagrun for example_python_decorator to None, run_after=None
[2024-09-12T14:11:06.124+0000] {processor.py:208} INFO - Processing /home/airflow/.local/lib/python3.12/site-packages/airflow/example_dags/example_python_decorator.py took 0.109 seconds
[2024-09-12T14:11:36.681+0000] {processor.py:186} INFO - Started process (PID=1398) to work on /home/airflow/.local/lib/python3.12/site-packages/airflow/example_dags/example_python_decorator.py
[2024-09-12T14:11:36.682+0000] {processor.py:914} INFO - Processing file /home/airflow/.local/lib/python3.12/site-packages/airflow/example_dags/example_python_decorator.py for tasks to queue
[2024-09-12T14:11:36.684+0000] {logging_mixin.py:190} INFO - [2024-09-12T14:11:36.684+0000] {dagbag.py:587} INFO - Filling up the DagBag from /home/airflow/.local/lib/python3.12/site-packages/airflow/example_dags/example_python_decorator.py
[2024-09-12T14:11:36.701+0000] {processor.py:925} INFO - DAG(s) 'example_python_decorator' retrieved from /home/airflow/.local/lib/python3.12/site-packages/airflow/example_dags/example_python_decorator.py
[2024-09-12T14:11:36.725+0000] {logging_mixin.py:190} INFO - [2024-09-12T14:11:36.725+0000] {dag.py:3229} INFO - Sync 1 DAGs
[2024-09-12T14:11:36.740+0000] {logging_mixin.py:190} INFO - [2024-09-12T14:11:36.740+0000] {dag.py:4156} INFO - Setting next_dagrun for example_python_decorator to None, run_after=None
[2024-09-12T14:11:36.757+0000] {processor.py:208} INFO - Processing /home/airflow/.local/lib/python3.12/site-packages/airflow/example_dags/example_python_decorator.py took 0.082 seconds
[2024-09-12T14:12:06.827+0000] {processor.py:186} INFO - Started process (PID=1460) to work on /home/airflow/.local/lib/python3.12/site-packages/airflow/example_dags/example_python_decorator.py
[2024-09-12T14:12:06.828+0000] {processor.py:914} INFO - Processing file /home/airflow/.local/lib/python3.12/site-packages/airflow/example_dags/example_python_decorator.py for tasks to queue
[2024-09-12T14:12:06.830+0000] {logging_mixin.py:190} INFO - [2024-09-12T14:12:06.830+0000] {dagbag.py:587} INFO - Filling up the DagBag from /home/airflow/.local/lib/python3.12/site-packages/airflow/example_dags/example_python_decorator.py
[2024-09-12T14:12:06.845+0000] {processor.py:925} INFO - DAG(s) 'example_python_decorator' retrieved from /home/airflow/.local/lib/python3.12/site-packages/airflow/example_dags/example_python_decorator.py
[2024-09-12T14:12:06.882+0000] {logging_mixin.py:190} INFO - [2024-09-12T14:12:06.882+0000] {dag.py:3229} INFO - Sync 1 DAGs
[2024-09-12T14:12:06.899+0000] {logging_mixin.py:190} INFO - [2024-09-12T14:12:06.898+0000] {dag.py:4156} INFO - Setting next_dagrun for example_python_decorator to None, run_after=None
[2024-09-12T14:12:06.916+0000] {processor.py:208} INFO - Processing /home/airflow/.local/lib/python3.12/site-packages/airflow/example_dags/example_python_decorator.py took 0.095 seconds
[2024-09-12T14:12:37.807+0000] {processor.py:186} INFO - Started process (PID=1522) to work on /home/airflow/.local/lib/python3.12/site-packages/airflow/example_dags/example_python_decorator.py
[2024-09-12T14:12:37.808+0000] {processor.py:914} INFO - Processing file /home/airflow/.local/lib/python3.12/site-packages/airflow/example_dags/example_python_decorator.py for tasks to queue
[2024-09-12T14:12:37.810+0000] {logging_mixin.py:190} INFO - [2024-09-12T14:12:37.810+0000] {dagbag.py:587} INFO - Filling up the DagBag from /home/airflow/.local/lib/python3.12/site-packages/airflow/example_dags/example_python_decorator.py
[2024-09-12T14:12:37.826+0000] {processor.py:925} INFO - DAG(s) 'example_python_decorator' retrieved from /home/airflow/.local/lib/python3.12/site-packages/airflow/example_dags/example_python_decorator.py
[2024-09-12T14:12:37.900+0000] {logging_mixin.py:190} INFO - [2024-09-12T14:12:37.899+0000] {dag.py:3229} INFO - Sync 1 DAGs
[2024-09-12T14:12:37.915+0000] {logging_mixin.py:190} INFO - [2024-09-12T14:12:37.915+0000] {dag.py:4156} INFO - Setting next_dagrun for example_python_decorator to None, run_after=None
[2024-09-12T14:12:37.931+0000] {processor.py:208} INFO - Processing /home/airflow/.local/lib/python3.12/site-packages/airflow/example_dags/example_python_decorator.py took 0.131 seconds
[2024-09-12T14:13:08.107+0000] {processor.py:186} INFO - Started process (PID=1584) to work on /home/airflow/.local/lib/python3.12/site-packages/airflow/example_dags/example_python_decorator.py
[2024-09-12T14:13:08.108+0000] {processor.py:914} INFO - Processing file /home/airflow/.local/lib/python3.12/site-packages/airflow/example_dags/example_python_decorator.py for tasks to queue
[2024-09-12T14:13:08.111+0000] {logging_mixin.py:190} INFO - [2024-09-12T14:13:08.110+0000] {dagbag.py:587} INFO - Filling up the DagBag from /home/airflow/.local/lib/python3.12/site-packages/airflow/example_dags/example_python_decorator.py
[2024-09-12T14:13:08.126+0000] {processor.py:925} INFO - DAG(s) 'example_python_decorator' retrieved from /home/airflow/.local/lib/python3.12/site-packages/airflow/example_dags/example_python_decorator.py
[2024-09-12T14:13:08.153+0000] {logging_mixin.py:190} INFO - [2024-09-12T14:13:08.152+0000] {dag.py:3229} INFO - Sync 1 DAGs
[2024-09-12T14:13:08.168+0000] {logging_mixin.py:190} INFO - [2024-09-12T14:13:08.168+0000] {dag.py:4156} INFO - Setting next_dagrun for example_python_decorator to None, run_after=None
[2024-09-12T14:13:08.186+0000] {processor.py:208} INFO - Processing /home/airflow/.local/lib/python3.12/site-packages/airflow/example_dags/example_python_decorator.py took 0.085 seconds
[2024-09-12T14:13:38.619+0000] {processor.py:186} INFO - Started process (PID=1646) to work on /home/airflow/.local/lib/python3.12/site-packages/airflow/example_dags/example_python_decorator.py
[2024-09-12T14:13:38.620+0000] {processor.py:914} INFO - Processing file /home/airflow/.local/lib/python3.12/site-packages/airflow/example_dags/example_python_decorator.py for tasks to queue
[2024-09-12T14:13:38.624+0000] {logging_mixin.py:190} INFO - [2024-09-12T14:13:38.623+0000] {dagbag.py:587} INFO - Filling up the DagBag from /home/airflow/.local/lib/python3.12/site-packages/airflow/example_dags/example_python_decorator.py
[2024-09-12T14:13:38.645+0000] {processor.py:925} INFO - DAG(s) 'example_python_decorator' retrieved from /home/airflow/.local/lib/python3.12/site-packages/airflow/example_dags/example_python_decorator.py
[2024-09-12T14:13:38.673+0000] {logging_mixin.py:190} INFO - [2024-09-12T14:13:38.673+0000] {dag.py:3229} INFO - Sync 1 DAGs
[2024-09-12T14:13:38.703+0000] {logging_mixin.py:190} INFO - [2024-09-12T14:13:38.703+0000] {dag.py:4156} INFO - Setting next_dagrun for example_python_decorator to None, run_after=None
[2024-09-12T14:13:38.725+0000] {processor.py:208} INFO - Processing /home/airflow/.local/lib/python3.12/site-packages/airflow/example_dags/example_python_decorator.py took 0.116 seconds
[2024-09-12T14:14:09.217+0000] {processor.py:186} INFO - Started process (PID=1708) to work on /home/airflow/.local/lib/python3.12/site-packages/airflow/example_dags/example_python_decorator.py
[2024-09-12T14:14:09.218+0000] {processor.py:914} INFO - Processing file /home/airflow/.local/lib/python3.12/site-packages/airflow/example_dags/example_python_decorator.py for tasks to queue
[2024-09-12T14:14:09.220+0000] {logging_mixin.py:190} INFO - [2024-09-12T14:14:09.220+0000] {dagbag.py:587} INFO - Filling up the DagBag from /home/airflow/.local/lib/python3.12/site-packages/airflow/example_dags/example_python_decorator.py
[2024-09-12T14:14:09.236+0000] {processor.py:925} INFO - DAG(s) 'example_python_decorator' retrieved from /home/airflow/.local/lib/python3.12/site-packages/airflow/example_dags/example_python_decorator.py
[2024-09-12T14:14:09.262+0000] {logging_mixin.py:190} INFO - [2024-09-12T14:14:09.262+0000] {dag.py:3229} INFO - Sync 1 DAGs
[2024-09-12T14:14:09.280+0000] {logging_mixin.py:190} INFO - [2024-09-12T14:14:09.279+0000] {dag.py:4156} INFO - Setting next_dagrun for example_python_decorator to None, run_after=None
[2024-09-12T14:14:09.299+0000] {processor.py:208} INFO - Processing /home/airflow/.local/lib/python3.12/site-packages/airflow/example_dags/example_python_decorator.py took 0.089 seconds
[2024-09-12T14:14:39.742+0000] {processor.py:186} INFO - Started process (PID=1770) to work on /home/airflow/.local/lib/python3.12/site-packages/airflow/example_dags/example_python_decorator.py
[2024-09-12T14:14:39.743+0000] {processor.py:914} INFO - Processing file /home/airflow/.local/lib/python3.12/site-packages/airflow/example_dags/example_python_decorator.py for tasks to queue
[2024-09-12T14:14:39.745+0000] {logging_mixin.py:190} INFO - [2024-09-12T14:14:39.745+0000] {dagbag.py:587} INFO - Filling up the DagBag from /home/airflow/.local/lib/python3.12/site-packages/airflow/example_dags/example_python_decorator.py
[2024-09-12T14:14:39.761+0000] {processor.py:925} INFO - DAG(s) 'example_python_decorator' retrieved from /home/airflow/.local/lib/python3.12/site-packages/airflow/example_dags/example_python_decorator.py
[2024-09-12T14:14:39.793+0000] {logging_mixin.py:190} INFO - [2024-09-12T14:14:39.793+0000] {dag.py:3229} INFO - Sync 1 DAGs
[2024-09-12T14:14:39.811+0000] {logging_mixin.py:190} INFO - [2024-09-12T14:14:39.811+0000] {dag.py:4156} INFO - Setting next_dagrun for example_python_decorator to None, run_after=None
[2024-09-12T14:14:39.832+0000] {processor.py:208} INFO - Processing /home/airflow/.local/lib/python3.12/site-packages/airflow/example_dags/example_python_decorator.py took 0.097 seconds
[2024-09-12T14:15:10.085+0000] {processor.py:186} INFO - Started process (PID=1832) to work on /home/airflow/.local/lib/python3.12/site-packages/airflow/example_dags/example_python_decorator.py
[2024-09-12T14:15:10.087+0000] {processor.py:914} INFO - Processing file /home/airflow/.local/lib/python3.12/site-packages/airflow/example_dags/example_python_decorator.py for tasks to queue
[2024-09-12T14:15:10.090+0000] {logging_mixin.py:190} INFO - [2024-09-12T14:15:10.089+0000] {dagbag.py:587} INFO - Filling up the DagBag from /home/airflow/.local/lib/python3.12/site-packages/airflow/example_dags/example_python_decorator.py
[2024-09-12T14:15:10.110+0000] {processor.py:925} INFO - DAG(s) 'example_python_decorator' retrieved from /home/airflow/.local/lib/python3.12/site-packages/airflow/example_dags/example_python_decorator.py
[2024-09-12T14:15:10.139+0000] {logging_mixin.py:190} INFO - [2024-09-12T14:15:10.139+0000] {dag.py:3229} INFO - Sync 1 DAGs
[2024-09-12T14:15:10.158+0000] {logging_mixin.py:190} INFO - [2024-09-12T14:15:10.158+0000] {dag.py:4156} INFO - Setting next_dagrun for example_python_decorator to None, run_after=None
[2024-09-12T14:15:10.179+0000] {processor.py:208} INFO - Processing /home/airflow/.local/lib/python3.12/site-packages/airflow/example_dags/example_python_decorator.py took 0.102 seconds
[2024-09-12T14:18:15.629+0000] {processor.py:186} INFO - Started process (PID=84) to work on /home/airflow/.local/lib/python3.12/site-packages/airflow/example_dags/example_python_decorator.py
[2024-09-12T14:18:15.631+0000] {processor.py:914} INFO - Processing file /home/airflow/.local/lib/python3.12/site-packages/airflow/example_dags/example_python_decorator.py for tasks to queue
[2024-09-12T14:18:15.633+0000] {logging_mixin.py:190} INFO - [2024-09-12T14:18:15.633+0000] {dagbag.py:587} INFO - Filling up the DagBag from /home/airflow/.local/lib/python3.12/site-packages/airflow/example_dags/example_python_decorator.py
[2024-09-12T14:18:15.648+0000] {processor.py:925} INFO - DAG(s) 'example_python_decorator' retrieved from /home/airflow/.local/lib/python3.12/site-packages/airflow/example_dags/example_python_decorator.py
[2024-09-12T14:18:15.774+0000] {logging_mixin.py:190} INFO - [2024-09-12T14:18:15.773+0000] {dag.py:3229} INFO - Sync 1 DAGs
[2024-09-12T14:18:15.788+0000] {logging_mixin.py:190} INFO - [2024-09-12T14:18:15.788+0000] {dag.py:4156} INFO - Setting next_dagrun for example_python_decorator to None, run_after=None
[2024-09-12T14:18:15.805+0000] {processor.py:208} INFO - Processing /home/airflow/.local/lib/python3.12/site-packages/airflow/example_dags/example_python_decorator.py took 0.182 seconds
[2024-09-12T14:18:47.540+0000] {processor.py:186} INFO - Started process (PID=146) to work on /home/airflow/.local/lib/python3.12/site-packages/airflow/example_dags/example_python_decorator.py
[2024-09-12T14:18:47.542+0000] {processor.py:914} INFO - Processing file /home/airflow/.local/lib/python3.12/site-packages/airflow/example_dags/example_python_decorator.py for tasks to queue
[2024-09-12T14:18:47.545+0000] {logging_mixin.py:190} INFO - [2024-09-12T14:18:47.544+0000] {dagbag.py:587} INFO - Filling up the DagBag from /home/airflow/.local/lib/python3.12/site-packages/airflow/example_dags/example_python_decorator.py
[2024-09-12T14:18:47.564+0000] {processor.py:925} INFO - DAG(s) 'example_python_decorator' retrieved from /home/airflow/.local/lib/python3.12/site-packages/airflow/example_dags/example_python_decorator.py
[2024-09-12T14:18:47.602+0000] {logging_mixin.py:190} INFO - [2024-09-12T14:18:47.601+0000] {dag.py:3229} INFO - Sync 1 DAGs
[2024-09-12T14:18:47.629+0000] {logging_mixin.py:190} INFO - [2024-09-12T14:18:47.629+0000] {dag.py:4156} INFO - Setting next_dagrun for example_python_decorator to None, run_after=None
[2024-09-12T14:18:47.657+0000] {processor.py:208} INFO - Processing /home/airflow/.local/lib/python3.12/site-packages/airflow/example_dags/example_python_decorator.py took 0.127 seconds
[2024-09-12T14:19:18.415+0000] {processor.py:186} INFO - Started process (PID=209) to work on /home/airflow/.local/lib/python3.12/site-packages/airflow/example_dags/example_python_decorator.py
[2024-09-12T14:19:18.417+0000] {processor.py:914} INFO - Processing file /home/airflow/.local/lib/python3.12/site-packages/airflow/example_dags/example_python_decorator.py for tasks to queue
[2024-09-12T14:19:18.419+0000] {logging_mixin.py:190} INFO - [2024-09-12T14:19:18.419+0000] {dagbag.py:587} INFO - Filling up the DagBag from /home/airflow/.local/lib/python3.12/site-packages/airflow/example_dags/example_python_decorator.py
[2024-09-12T14:19:18.437+0000] {processor.py:925} INFO - DAG(s) 'example_python_decorator' retrieved from /home/airflow/.local/lib/python3.12/site-packages/airflow/example_dags/example_python_decorator.py
[2024-09-12T14:19:18.463+0000] {logging_mixin.py:190} INFO - [2024-09-12T14:19:18.462+0000] {dag.py:3229} INFO - Sync 1 DAGs
[2024-09-12T14:19:18.487+0000] {logging_mixin.py:190} INFO - [2024-09-12T14:19:18.487+0000] {dag.py:4156} INFO - Setting next_dagrun for example_python_decorator to None, run_after=None
[2024-09-12T14:19:18.523+0000] {processor.py:208} INFO - Processing /home/airflow/.local/lib/python3.12/site-packages/airflow/example_dags/example_python_decorator.py took 0.116 seconds
[2024-09-12T14:19:48.816+0000] {processor.py:186} INFO - Started process (PID=271) to work on /home/airflow/.local/lib/python3.12/site-packages/airflow/example_dags/example_python_decorator.py
[2024-09-12T14:19:48.817+0000] {processor.py:914} INFO - Processing file /home/airflow/.local/lib/python3.12/site-packages/airflow/example_dags/example_python_decorator.py for tasks to queue
[2024-09-12T14:19:48.819+0000] {logging_mixin.py:190} INFO - [2024-09-12T14:19:48.819+0000] {dagbag.py:587} INFO - Filling up the DagBag from /home/airflow/.local/lib/python3.12/site-packages/airflow/example_dags/example_python_decorator.py
[2024-09-12T14:19:48.836+0000] {processor.py:925} INFO - DAG(s) 'example_python_decorator' retrieved from /home/airflow/.local/lib/python3.12/site-packages/airflow/example_dags/example_python_decorator.py
[2024-09-12T14:19:48.911+0000] {logging_mixin.py:190} INFO - [2024-09-12T14:19:48.910+0000] {dag.py:3229} INFO - Sync 1 DAGs
[2024-09-12T14:19:48.927+0000] {logging_mixin.py:190} INFO - [2024-09-12T14:19:48.926+0000] {dag.py:4156} INFO - Setting next_dagrun for example_python_decorator to None, run_after=None
[2024-09-12T14:19:48.944+0000] {processor.py:208} INFO - Processing /home/airflow/.local/lib/python3.12/site-packages/airflow/example_dags/example_python_decorator.py took 0.138 seconds
[2024-09-12T14:20:19.201+0000] {processor.py:186} INFO - Started process (PID=333) to work on /home/airflow/.local/lib/python3.12/site-packages/airflow/example_dags/example_python_decorator.py
[2024-09-12T14:20:19.202+0000] {processor.py:914} INFO - Processing file /home/airflow/.local/lib/python3.12/site-packages/airflow/example_dags/example_python_decorator.py for tasks to queue
[2024-09-12T14:20:19.206+0000] {logging_mixin.py:190} INFO - [2024-09-12T14:20:19.205+0000] {dagbag.py:587} INFO - Filling up the DagBag from /home/airflow/.local/lib/python3.12/site-packages/airflow/example_dags/example_python_decorator.py
[2024-09-12T14:20:19.223+0000] {processor.py:925} INFO - DAG(s) 'example_python_decorator' retrieved from /home/airflow/.local/lib/python3.12/site-packages/airflow/example_dags/example_python_decorator.py
[2024-09-12T14:20:19.313+0000] {logging_mixin.py:190} INFO - [2024-09-12T14:20:19.313+0000] {dag.py:3229} INFO - Sync 1 DAGs
[2024-09-12T14:20:19.381+0000] {logging_mixin.py:190} INFO - [2024-09-12T14:20:19.328+0000] {dag.py:4156} INFO - Setting next_dagrun for example_python_decorator to None, run_after=None
[2024-09-12T14:20:19.412+0000] {processor.py:208} INFO - Processing /home/airflow/.local/lib/python3.12/site-packages/airflow/example_dags/example_python_decorator.py took 0.221 seconds
[2024-09-12T14:20:50.350+0000] {processor.py:186} INFO - Started process (PID=395) to work on /home/airflow/.local/lib/python3.12/site-packages/airflow/example_dags/example_python_decorator.py
[2024-09-12T14:20:50.351+0000] {processor.py:914} INFO - Processing file /home/airflow/.local/lib/python3.12/site-packages/airflow/example_dags/example_python_decorator.py for tasks to queue
[2024-09-12T14:20:50.354+0000] {logging_mixin.py:190} INFO - [2024-09-12T14:20:50.353+0000] {dagbag.py:587} INFO - Filling up the DagBag from /home/airflow/.local/lib/python3.12/site-packages/airflow/example_dags/example_python_decorator.py
[2024-09-12T14:20:50.384+0000] {processor.py:925} INFO - DAG(s) 'example_python_decorator' retrieved from /home/airflow/.local/lib/python3.12/site-packages/airflow/example_dags/example_python_decorator.py
[2024-09-12T14:20:50.412+0000] {logging_mixin.py:190} INFO - [2024-09-12T14:20:50.412+0000] {dag.py:3229} INFO - Sync 1 DAGs
[2024-09-12T14:20:50.430+0000] {logging_mixin.py:190} INFO - [2024-09-12T14:20:50.430+0000] {dag.py:4156} INFO - Setting next_dagrun for example_python_decorator to None, run_after=None
[2024-09-12T14:20:50.450+0000] {processor.py:208} INFO - Processing /home/airflow/.local/lib/python3.12/site-packages/airflow/example_dags/example_python_decorator.py took 0.107 seconds
[2024-09-12T14:21:23.306+0000] {processor.py:186} INFO - Started process (PID=457) to work on /home/airflow/.local/lib/python3.12/site-packages/airflow/example_dags/example_python_decorator.py
[2024-09-12T14:21:23.308+0000] {processor.py:914} INFO - Processing file /home/airflow/.local/lib/python3.12/site-packages/airflow/example_dags/example_python_decorator.py for tasks to queue
[2024-09-12T14:21:23.311+0000] {logging_mixin.py:190} INFO - [2024-09-12T14:21:23.311+0000] {dagbag.py:587} INFO - Filling up the DagBag from /home/airflow/.local/lib/python3.12/site-packages/airflow/example_dags/example_python_decorator.py
[2024-09-12T14:21:23.332+0000] {processor.py:925} INFO - DAG(s) 'example_python_decorator' retrieved from /home/airflow/.local/lib/python3.12/site-packages/airflow/example_dags/example_python_decorator.py
[2024-09-12T14:21:23.362+0000] {logging_mixin.py:190} INFO - [2024-09-12T14:21:23.361+0000] {dag.py:3229} INFO - Sync 1 DAGs
[2024-09-12T14:21:23.397+0000] {logging_mixin.py:190} INFO - [2024-09-12T14:21:23.396+0000] {dag.py:4156} INFO - Setting next_dagrun for example_python_decorator to None, run_after=None
[2024-09-12T14:21:23.427+0000] {processor.py:208} INFO - Processing /home/airflow/.local/lib/python3.12/site-packages/airflow/example_dags/example_python_decorator.py took 0.128 seconds
[2024-09-12T14:21:53.721+0000] {processor.py:186} INFO - Started process (PID=519) to work on /home/airflow/.local/lib/python3.12/site-packages/airflow/example_dags/example_python_decorator.py
[2024-09-12T14:21:53.722+0000] {processor.py:914} INFO - Processing file /home/airflow/.local/lib/python3.12/site-packages/airflow/example_dags/example_python_decorator.py for tasks to queue
[2024-09-12T14:21:53.725+0000] {logging_mixin.py:190} INFO - [2024-09-12T14:21:53.724+0000] {dagbag.py:587} INFO - Filling up the DagBag from /home/airflow/.local/lib/python3.12/site-packages/airflow/example_dags/example_python_decorator.py
[2024-09-12T14:21:53.791+0000] {processor.py:925} INFO - DAG(s) 'example_python_decorator' retrieved from /home/airflow/.local/lib/python3.12/site-packages/airflow/example_dags/example_python_decorator.py
[2024-09-12T14:21:53.819+0000] {logging_mixin.py:190} INFO - [2024-09-12T14:21:53.818+0000] {dag.py:3229} INFO - Sync 1 DAGs
[2024-09-12T14:21:53.836+0000] {logging_mixin.py:190} INFO - [2024-09-12T14:21:53.835+0000] {dag.py:4156} INFO - Setting next_dagrun for example_python_decorator to None, run_after=None
[2024-09-12T14:21:53.897+0000] {processor.py:208} INFO - Processing /home/airflow/.local/lib/python3.12/site-packages/airflow/example_dags/example_python_decorator.py took 0.184 seconds
[2024-09-12T14:22:24.323+0000] {processor.py:186} INFO - Started process (PID=581) to work on /home/airflow/.local/lib/python3.12/site-packages/airflow/example_dags/example_python_decorator.py
[2024-09-12T14:22:24.324+0000] {processor.py:914} INFO - Processing file /home/airflow/.local/lib/python3.12/site-packages/airflow/example_dags/example_python_decorator.py for tasks to queue
[2024-09-12T14:22:24.326+0000] {logging_mixin.py:190} INFO - [2024-09-12T14:22:24.326+0000] {dagbag.py:587} INFO - Filling up the DagBag from /home/airflow/.local/lib/python3.12/site-packages/airflow/example_dags/example_python_decorator.py
[2024-09-12T14:22:24.342+0000] {processor.py:925} INFO - DAG(s) 'example_python_decorator' retrieved from /home/airflow/.local/lib/python3.12/site-packages/airflow/example_dags/example_python_decorator.py
[2024-09-12T14:22:24.368+0000] {logging_mixin.py:190} INFO - [2024-09-12T14:22:24.368+0000] {dag.py:3229} INFO - Sync 1 DAGs
[2024-09-12T14:22:24.384+0000] {logging_mixin.py:190} INFO - [2024-09-12T14:22:24.383+0000] {dag.py:4156} INFO - Setting next_dagrun for example_python_decorator to None, run_after=None
[2024-09-12T14:22:24.402+0000] {processor.py:208} INFO - Processing /home/airflow/.local/lib/python3.12/site-packages/airflow/example_dags/example_python_decorator.py took 0.087 seconds
[2024-09-12T14:22:55.064+0000] {processor.py:186} INFO - Started process (PID=649) to work on /home/airflow/.local/lib/python3.12/site-packages/airflow/example_dags/example_python_decorator.py
[2024-09-12T14:22:55.065+0000] {processor.py:914} INFO - Processing file /home/airflow/.local/lib/python3.12/site-packages/airflow/example_dags/example_python_decorator.py for tasks to queue
[2024-09-12T14:22:55.067+0000] {logging_mixin.py:190} INFO - [2024-09-12T14:22:55.067+0000] {dagbag.py:587} INFO - Filling up the DagBag from /home/airflow/.local/lib/python3.12/site-packages/airflow/example_dags/example_python_decorator.py
[2024-09-12T14:22:55.081+0000] {processor.py:925} INFO - DAG(s) 'example_python_decorator' retrieved from /home/airflow/.local/lib/python3.12/site-packages/airflow/example_dags/example_python_decorator.py
[2024-09-12T14:22:55.103+0000] {logging_mixin.py:190} INFO - [2024-09-12T14:22:55.103+0000] {dag.py:3229} INFO - Sync 1 DAGs
[2024-09-12T14:22:55.118+0000] {logging_mixin.py:190} INFO - [2024-09-12T14:22:55.117+0000] {dag.py:4156} INFO - Setting next_dagrun for example_python_decorator to None, run_after=None
[2024-09-12T14:22:55.135+0000] {processor.py:208} INFO - Processing /home/airflow/.local/lib/python3.12/site-packages/airflow/example_dags/example_python_decorator.py took 0.076 seconds
[2024-09-12T14:23:25.555+0000] {processor.py:186} INFO - Started process (PID=711) to work on /home/airflow/.local/lib/python3.12/site-packages/airflow/example_dags/example_python_decorator.py
[2024-09-12T14:23:25.556+0000] {processor.py:914} INFO - Processing file /home/airflow/.local/lib/python3.12/site-packages/airflow/example_dags/example_python_decorator.py for tasks to queue
[2024-09-12T14:23:25.559+0000] {logging_mixin.py:190} INFO - [2024-09-12T14:23:25.559+0000] {dagbag.py:587} INFO - Filling up the DagBag from /home/airflow/.local/lib/python3.12/site-packages/airflow/example_dags/example_python_decorator.py
[2024-09-12T14:23:25.577+0000] {processor.py:925} INFO - DAG(s) 'example_python_decorator' retrieved from /home/airflow/.local/lib/python3.12/site-packages/airflow/example_dags/example_python_decorator.py
[2024-09-12T14:23:25.610+0000] {logging_mixin.py:190} INFO - [2024-09-12T14:23:25.610+0000] {dag.py:3229} INFO - Sync 1 DAGs
[2024-09-12T14:23:25.630+0000] {logging_mixin.py:190} INFO - [2024-09-12T14:23:25.629+0000] {dag.py:4156} INFO - Setting next_dagrun for example_python_decorator to None, run_after=None
[2024-09-12T14:23:25.651+0000] {processor.py:208} INFO - Processing /home/airflow/.local/lib/python3.12/site-packages/airflow/example_dags/example_python_decorator.py took 0.103 seconds
[2024-09-12T14:23:56.622+0000] {processor.py:186} INFO - Started process (PID=773) to work on /home/airflow/.local/lib/python3.12/site-packages/airflow/example_dags/example_python_decorator.py
[2024-09-12T14:23:56.623+0000] {processor.py:914} INFO - Processing file /home/airflow/.local/lib/python3.12/site-packages/airflow/example_dags/example_python_decorator.py for tasks to queue
[2024-09-12T14:23:56.625+0000] {logging_mixin.py:190} INFO - [2024-09-12T14:23:56.625+0000] {dagbag.py:587} INFO - Filling up the DagBag from /home/airflow/.local/lib/python3.12/site-packages/airflow/example_dags/example_python_decorator.py
[2024-09-12T14:23:56.643+0000] {processor.py:925} INFO - DAG(s) 'example_python_decorator' retrieved from /home/airflow/.local/lib/python3.12/site-packages/airflow/example_dags/example_python_decorator.py
[2024-09-12T14:23:56.673+0000] {logging_mixin.py:190} INFO - [2024-09-12T14:23:56.673+0000] {dag.py:3229} INFO - Sync 1 DAGs
[2024-09-12T14:23:56.693+0000] {logging_mixin.py:190} INFO - [2024-09-12T14:23:56.692+0000] {dag.py:4156} INFO - Setting next_dagrun for example_python_decorator to None, run_after=None
[2024-09-12T14:23:56.712+0000] {processor.py:208} INFO - Processing /home/airflow/.local/lib/python3.12/site-packages/airflow/example_dags/example_python_decorator.py took 0.098 seconds
[2024-09-12T14:24:27.053+0000] {processor.py:186} INFO - Started process (PID=835) to work on /home/airflow/.local/lib/python3.12/site-packages/airflow/example_dags/example_python_decorator.py
[2024-09-12T14:24:27.054+0000] {processor.py:914} INFO - Processing file /home/airflow/.local/lib/python3.12/site-packages/airflow/example_dags/example_python_decorator.py for tasks to queue
[2024-09-12T14:24:27.058+0000] {logging_mixin.py:190} INFO - [2024-09-12T14:24:27.057+0000] {dagbag.py:587} INFO - Filling up the DagBag from /home/airflow/.local/lib/python3.12/site-packages/airflow/example_dags/example_python_decorator.py
[2024-09-12T14:24:27.079+0000] {processor.py:925} INFO - DAG(s) 'example_python_decorator' retrieved from /home/airflow/.local/lib/python3.12/site-packages/airflow/example_dags/example_python_decorator.py
[2024-09-12T14:24:27.109+0000] {logging_mixin.py:190} INFO - [2024-09-12T14:24:27.109+0000] {dag.py:3229} INFO - Sync 1 DAGs
[2024-09-12T14:24:27.129+0000] {logging_mixin.py:190} INFO - [2024-09-12T14:24:27.129+0000] {dag.py:4156} INFO - Setting next_dagrun for example_python_decorator to None, run_after=None
[2024-09-12T14:24:27.153+0000] {processor.py:208} INFO - Processing /home/airflow/.local/lib/python3.12/site-packages/airflow/example_dags/example_python_decorator.py took 0.108 seconds
[2024-09-12T14:24:57.443+0000] {processor.py:186} INFO - Started process (PID=897) to work on /home/airflow/.local/lib/python3.12/site-packages/airflow/example_dags/example_python_decorator.py
[2024-09-12T14:24:57.444+0000] {processor.py:914} INFO - Processing file /home/airflow/.local/lib/python3.12/site-packages/airflow/example_dags/example_python_decorator.py for tasks to queue
[2024-09-12T14:24:57.446+0000] {logging_mixin.py:190} INFO - [2024-09-12T14:24:57.446+0000] {dagbag.py:587} INFO - Filling up the DagBag from /home/airflow/.local/lib/python3.12/site-packages/airflow/example_dags/example_python_decorator.py
[2024-09-12T14:24:57.461+0000] {processor.py:925} INFO - DAG(s) 'example_python_decorator' retrieved from /home/airflow/.local/lib/python3.12/site-packages/airflow/example_dags/example_python_decorator.py
[2024-09-12T14:24:57.502+0000] {logging_mixin.py:190} INFO - [2024-09-12T14:24:57.501+0000] {dag.py:3229} INFO - Sync 1 DAGs
[2024-09-12T14:24:57.517+0000] {logging_mixin.py:190} INFO - [2024-09-12T14:24:57.516+0000] {dag.py:4156} INFO - Setting next_dagrun for example_python_decorator to None, run_after=None
[2024-09-12T14:24:57.536+0000] {processor.py:208} INFO - Processing /home/airflow/.local/lib/python3.12/site-packages/airflow/example_dags/example_python_decorator.py took 0.099 seconds
[2024-09-12T14:25:28.602+0000] {processor.py:186} INFO - Started process (PID=959) to work on /home/airflow/.local/lib/python3.12/site-packages/airflow/example_dags/example_python_decorator.py
[2024-09-12T14:25:28.603+0000] {processor.py:914} INFO - Processing file /home/airflow/.local/lib/python3.12/site-packages/airflow/example_dags/example_python_decorator.py for tasks to queue
[2024-09-12T14:25:28.605+0000] {logging_mixin.py:190} INFO - [2024-09-12T14:25:28.605+0000] {dagbag.py:587} INFO - Filling up the DagBag from /home/airflow/.local/lib/python3.12/site-packages/airflow/example_dags/example_python_decorator.py
[2024-09-12T14:25:28.621+0000] {processor.py:925} INFO - DAG(s) 'example_python_decorator' retrieved from /home/airflow/.local/lib/python3.12/site-packages/airflow/example_dags/example_python_decorator.py
[2024-09-12T14:25:28.652+0000] {logging_mixin.py:190} INFO - [2024-09-12T14:25:28.651+0000] {dag.py:3229} INFO - Sync 1 DAGs
[2024-09-12T14:25:28.686+0000] {logging_mixin.py:190} INFO - [2024-09-12T14:25:28.686+0000] {dag.py:4156} INFO - Setting next_dagrun for example_python_decorator to None, run_after=None
[2024-09-12T14:25:28.707+0000] {processor.py:208} INFO - Processing /home/airflow/.local/lib/python3.12/site-packages/airflow/example_dags/example_python_decorator.py took 0.111 seconds
[2024-09-12T14:25:59.642+0000] {processor.py:186} INFO - Started process (PID=1021) to work on /home/airflow/.local/lib/python3.12/site-packages/airflow/example_dags/example_python_decorator.py
[2024-09-12T14:25:59.680+0000] {processor.py:914} INFO - Processing file /home/airflow/.local/lib/python3.12/site-packages/airflow/example_dags/example_python_decorator.py for tasks to queue
[2024-09-12T14:25:59.684+0000] {logging_mixin.py:190} INFO - [2024-09-12T14:25:59.683+0000] {dagbag.py:587} INFO - Filling up the DagBag from /home/airflow/.local/lib/python3.12/site-packages/airflow/example_dags/example_python_decorator.py
[2024-09-12T14:25:59.700+0000] {processor.py:925} INFO - DAG(s) 'example_python_decorator' retrieved from /home/airflow/.local/lib/python3.12/site-packages/airflow/example_dags/example_python_decorator.py
[2024-09-12T14:25:59.785+0000] {logging_mixin.py:190} INFO - [2024-09-12T14:25:59.785+0000] {dag.py:3229} INFO - Sync 1 DAGs
[2024-09-12T14:25:59.804+0000] {logging_mixin.py:190} INFO - [2024-09-12T14:25:59.804+0000] {dag.py:4156} INFO - Setting next_dagrun for example_python_decorator to None, run_after=None
[2024-09-12T14:25:59.884+0000] {processor.py:208} INFO - Processing /home/airflow/.local/lib/python3.12/site-packages/airflow/example_dags/example_python_decorator.py took 0.248 seconds
[2024-09-12T14:26:30.540+0000] {processor.py:186} INFO - Started process (PID=1083) to work on /home/airflow/.local/lib/python3.12/site-packages/airflow/example_dags/example_python_decorator.py
[2024-09-12T14:26:30.541+0000] {processor.py:914} INFO - Processing file /home/airflow/.local/lib/python3.12/site-packages/airflow/example_dags/example_python_decorator.py for tasks to queue
[2024-09-12T14:26:30.544+0000] {logging_mixin.py:190} INFO - [2024-09-12T14:26:30.543+0000] {dagbag.py:587} INFO - Filling up the DagBag from /home/airflow/.local/lib/python3.12/site-packages/airflow/example_dags/example_python_decorator.py
[2024-09-12T14:26:30.581+0000] {processor.py:925} INFO - DAG(s) 'example_python_decorator' retrieved from /home/airflow/.local/lib/python3.12/site-packages/airflow/example_dags/example_python_decorator.py
[2024-09-12T14:26:30.610+0000] {logging_mixin.py:190} INFO - [2024-09-12T14:26:30.610+0000] {dag.py:3229} INFO - Sync 1 DAGs
[2024-09-12T14:26:30.627+0000] {logging_mixin.py:190} INFO - [2024-09-12T14:26:30.627+0000] {dag.py:4156} INFO - Setting next_dagrun for example_python_decorator to None, run_after=None
[2024-09-12T14:26:30.646+0000] {processor.py:208} INFO - Processing /home/airflow/.local/lib/python3.12/site-packages/airflow/example_dags/example_python_decorator.py took 0.113 seconds
[2024-09-12T14:27:00.815+0000] {processor.py:186} INFO - Started process (PID=1145) to work on /home/airflow/.local/lib/python3.12/site-packages/airflow/example_dags/example_python_decorator.py
[2024-09-12T14:27:00.816+0000] {processor.py:914} INFO - Processing file /home/airflow/.local/lib/python3.12/site-packages/airflow/example_dags/example_python_decorator.py for tasks to queue
[2024-09-12T14:27:00.819+0000] {logging_mixin.py:190} INFO - [2024-09-12T14:27:00.818+0000] {dagbag.py:587} INFO - Filling up the DagBag from /home/airflow/.local/lib/python3.12/site-packages/airflow/example_dags/example_python_decorator.py
[2024-09-12T14:27:00.837+0000] {processor.py:925} INFO - DAG(s) 'example_python_decorator' retrieved from /home/airflow/.local/lib/python3.12/site-packages/airflow/example_dags/example_python_decorator.py
[2024-09-12T14:27:00.865+0000] {logging_mixin.py:190} INFO - [2024-09-12T14:27:00.864+0000] {dag.py:3229} INFO - Sync 1 DAGs
[2024-09-12T14:27:00.896+0000] {logging_mixin.py:190} INFO - [2024-09-12T14:27:00.895+0000] {dag.py:4156} INFO - Setting next_dagrun for example_python_decorator to None, run_after=None
[2024-09-12T14:27:00.920+0000] {processor.py:208} INFO - Processing /home/airflow/.local/lib/python3.12/site-packages/airflow/example_dags/example_python_decorator.py took 0.112 seconds
[2024-09-12T14:27:32.092+0000] {processor.py:186} INFO - Started process (PID=1207) to work on /home/airflow/.local/lib/python3.12/site-packages/airflow/example_dags/example_python_decorator.py
[2024-09-12T14:27:32.094+0000] {processor.py:914} INFO - Processing file /home/airflow/.local/lib/python3.12/site-packages/airflow/example_dags/example_python_decorator.py for tasks to queue
[2024-09-12T14:27:32.097+0000] {logging_mixin.py:190} INFO - [2024-09-12T14:27:32.096+0000] {dagbag.py:587} INFO - Filling up the DagBag from /home/airflow/.local/lib/python3.12/site-packages/airflow/example_dags/example_python_decorator.py
[2024-09-12T14:27:32.117+0000] {processor.py:925} INFO - DAG(s) 'example_python_decorator' retrieved from /home/airflow/.local/lib/python3.12/site-packages/airflow/example_dags/example_python_decorator.py
[2024-09-12T14:27:32.204+0000] {logging_mixin.py:190} INFO - [2024-09-12T14:27:32.204+0000] {dag.py:3229} INFO - Sync 1 DAGs
[2024-09-12T14:27:32.285+0000] {logging_mixin.py:190} INFO - [2024-09-12T14:27:32.284+0000] {dag.py:4156} INFO - Setting next_dagrun for example_python_decorator to None, run_after=None
[2024-09-12T14:27:32.309+0000] {processor.py:208} INFO - Processing /home/airflow/.local/lib/python3.12/site-packages/airflow/example_dags/example_python_decorator.py took 0.225 seconds
[2024-09-12T14:28:05.385+0000] {processor.py:186} INFO - Started process (PID=1269) to work on /home/airflow/.local/lib/python3.12/site-packages/airflow/example_dags/example_python_decorator.py
[2024-09-12T14:28:05.386+0000] {processor.py:914} INFO - Processing file /home/airflow/.local/lib/python3.12/site-packages/airflow/example_dags/example_python_decorator.py for tasks to queue
[2024-09-12T14:28:05.389+0000] {logging_mixin.py:190} INFO - [2024-09-12T14:28:05.388+0000] {dagbag.py:587} INFO - Filling up the DagBag from /home/airflow/.local/lib/python3.12/site-packages/airflow/example_dags/example_python_decorator.py
[2024-09-12T14:28:05.407+0000] {processor.py:925} INFO - DAG(s) 'example_python_decorator' retrieved from /home/airflow/.local/lib/python3.12/site-packages/airflow/example_dags/example_python_decorator.py
[2024-09-12T14:28:05.433+0000] {logging_mixin.py:190} INFO - [2024-09-12T14:28:05.432+0000] {dag.py:3229} INFO - Sync 1 DAGs
[2024-09-12T14:28:05.495+0000] {logging_mixin.py:190} INFO - [2024-09-12T14:28:05.494+0000] {dag.py:4156} INFO - Setting next_dagrun for example_python_decorator to None, run_after=None
[2024-09-12T14:28:05.518+0000] {processor.py:208} INFO - Processing /home/airflow/.local/lib/python3.12/site-packages/airflow/example_dags/example_python_decorator.py took 0.193 seconds
[2024-09-12T14:28:41.407+0000] {processor.py:186} INFO - Started process (PID=1331) to work on /home/airflow/.local/lib/python3.12/site-packages/airflow/example_dags/example_python_decorator.py
[2024-09-12T14:28:41.408+0000] {processor.py:914} INFO - Processing file /home/airflow/.local/lib/python3.12/site-packages/airflow/example_dags/example_python_decorator.py for tasks to queue
[2024-09-12T14:28:41.411+0000] {logging_mixin.py:190} INFO - [2024-09-12T14:28:41.411+0000] {dagbag.py:587} INFO - Filling up the DagBag from /home/airflow/.local/lib/python3.12/site-packages/airflow/example_dags/example_python_decorator.py
[2024-09-12T14:28:41.504+0000] {processor.py:925} INFO - DAG(s) 'example_python_decorator' retrieved from /home/airflow/.local/lib/python3.12/site-packages/airflow/example_dags/example_python_decorator.py
[2024-09-12T14:28:41.606+0000] {logging_mixin.py:190} INFO - [2024-09-12T14:28:41.606+0000] {dag.py:3229} INFO - Sync 1 DAGs
[2024-09-12T14:28:41.690+0000] {logging_mixin.py:190} INFO - [2024-09-12T14:28:41.690+0000] {dag.py:4156} INFO - Setting next_dagrun for example_python_decorator to None, run_after=None
[2024-09-12T14:28:41.794+0000] {processor.py:208} INFO - Processing /home/airflow/.local/lib/python3.12/site-packages/airflow/example_dags/example_python_decorator.py took 0.395 seconds
[2024-09-12T14:29:17.084+0000] {processor.py:186} INFO - Started process (PID=1393) to work on /home/airflow/.local/lib/python3.12/site-packages/airflow/example_dags/example_python_decorator.py
[2024-09-12T14:29:17.085+0000] {processor.py:914} INFO - Processing file /home/airflow/.local/lib/python3.12/site-packages/airflow/example_dags/example_python_decorator.py for tasks to queue
[2024-09-12T14:29:17.088+0000] {logging_mixin.py:190} INFO - [2024-09-12T14:29:17.088+0000] {dagbag.py:587} INFO - Filling up the DagBag from /home/airflow/.local/lib/python3.12/site-packages/airflow/example_dags/example_python_decorator.py
[2024-09-12T14:29:17.110+0000] {processor.py:925} INFO - DAG(s) 'example_python_decorator' retrieved from /home/airflow/.local/lib/python3.12/site-packages/airflow/example_dags/example_python_decorator.py
[2024-09-12T14:29:17.220+0000] {logging_mixin.py:190} INFO - [2024-09-12T14:29:17.220+0000] {dag.py:3229} INFO - Sync 1 DAGs
[2024-09-12T14:29:17.292+0000] {logging_mixin.py:190} INFO - [2024-09-12T14:29:17.292+0000] {dag.py:4156} INFO - Setting next_dagrun for example_python_decorator to None, run_after=None
[2024-09-12T14:29:17.386+0000] {processor.py:208} INFO - Processing /home/airflow/.local/lib/python3.12/site-packages/airflow/example_dags/example_python_decorator.py took 0.362 seconds
[2024-09-12T14:29:49.011+0000] {processor.py:186} INFO - Started process (PID=1455) to work on /home/airflow/.local/lib/python3.12/site-packages/airflow/example_dags/example_python_decorator.py
[2024-09-12T14:29:49.012+0000] {processor.py:914} INFO - Processing file /home/airflow/.local/lib/python3.12/site-packages/airflow/example_dags/example_python_decorator.py for tasks to queue
[2024-09-12T14:29:49.016+0000] {logging_mixin.py:190} INFO - [2024-09-12T14:29:49.015+0000] {dagbag.py:587} INFO - Filling up the DagBag from /home/airflow/.local/lib/python3.12/site-packages/airflow/example_dags/example_python_decorator.py
[2024-09-12T14:29:49.098+0000] {processor.py:925} INFO - DAG(s) 'example_python_decorator' retrieved from /home/airflow/.local/lib/python3.12/site-packages/airflow/example_dags/example_python_decorator.py
[2024-09-12T14:29:49.185+0000] {logging_mixin.py:190} INFO - [2024-09-12T14:29:49.184+0000] {dag.py:3229} INFO - Sync 1 DAGs
[2024-09-12T14:29:49.216+0000] {logging_mixin.py:190} INFO - [2024-09-12T14:29:49.216+0000] {dag.py:4156} INFO - Setting next_dagrun for example_python_decorator to None, run_after=None
[2024-09-12T14:29:49.304+0000] {processor.py:208} INFO - Processing /home/airflow/.local/lib/python3.12/site-packages/airflow/example_dags/example_python_decorator.py took 0.301 seconds
[2024-09-12T14:30:20.193+0000] {processor.py:186} INFO - Started process (PID=1517) to work on /home/airflow/.local/lib/python3.12/site-packages/airflow/example_dags/example_python_decorator.py
[2024-09-12T14:30:20.194+0000] {processor.py:914} INFO - Processing file /home/airflow/.local/lib/python3.12/site-packages/airflow/example_dags/example_python_decorator.py for tasks to queue
[2024-09-12T14:30:20.198+0000] {logging_mixin.py:190} INFO - [2024-09-12T14:30:20.197+0000] {dagbag.py:587} INFO - Filling up the DagBag from /home/airflow/.local/lib/python3.12/site-packages/airflow/example_dags/example_python_decorator.py
[2024-09-12T14:30:20.228+0000] {processor.py:925} INFO - DAG(s) 'example_python_decorator' retrieved from /home/airflow/.local/lib/python3.12/site-packages/airflow/example_dags/example_python_decorator.py
[2024-09-12T14:30:20.320+0000] {logging_mixin.py:190} INFO - [2024-09-12T14:30:20.320+0000] {dag.py:3229} INFO - Sync 1 DAGs
[2024-09-12T14:30:20.382+0000] {logging_mixin.py:190} INFO - [2024-09-12T14:30:20.382+0000] {dag.py:4156} INFO - Setting next_dagrun for example_python_decorator to None, run_after=None
[2024-09-12T14:30:20.417+0000] {processor.py:208} INFO - Processing /home/airflow/.local/lib/python3.12/site-packages/airflow/example_dags/example_python_decorator.py took 0.233 seconds
[2024-09-12T14:30:50.853+0000] {processor.py:186} INFO - Started process (PID=1579) to work on /home/airflow/.local/lib/python3.12/site-packages/airflow/example_dags/example_python_decorator.py
[2024-09-12T14:30:50.854+0000] {processor.py:914} INFO - Processing file /home/airflow/.local/lib/python3.12/site-packages/airflow/example_dags/example_python_decorator.py for tasks to queue
[2024-09-12T14:30:50.857+0000] {logging_mixin.py:190} INFO - [2024-09-12T14:30:50.857+0000] {dagbag.py:587} INFO - Filling up the DagBag from /home/airflow/.local/lib/python3.12/site-packages/airflow/example_dags/example_python_decorator.py
[2024-09-12T14:30:50.884+0000] {processor.py:925} INFO - DAG(s) 'example_python_decorator' retrieved from /home/airflow/.local/lib/python3.12/site-packages/airflow/example_dags/example_python_decorator.py
[2024-09-12T14:30:50.918+0000] {logging_mixin.py:190} INFO - [2024-09-12T14:30:50.918+0000] {dag.py:3229} INFO - Sync 1 DAGs
[2024-09-12T14:30:50.941+0000] {logging_mixin.py:190} INFO - [2024-09-12T14:30:50.941+0000] {dag.py:4156} INFO - Setting next_dagrun for example_python_decorator to None, run_after=None
[2024-09-12T14:30:50.981+0000] {processor.py:208} INFO - Processing /home/airflow/.local/lib/python3.12/site-packages/airflow/example_dags/example_python_decorator.py took 0.137 seconds
[2024-09-12T14:31:21.221+0000] {processor.py:186} INFO - Started process (PID=1641) to work on /home/airflow/.local/lib/python3.12/site-packages/airflow/example_dags/example_python_decorator.py
[2024-09-12T14:31:21.222+0000] {processor.py:914} INFO - Processing file /home/airflow/.local/lib/python3.12/site-packages/airflow/example_dags/example_python_decorator.py for tasks to queue
[2024-09-12T14:31:21.224+0000] {logging_mixin.py:190} INFO - [2024-09-12T14:31:21.224+0000] {dagbag.py:587} INFO - Filling up the DagBag from /home/airflow/.local/lib/python3.12/site-packages/airflow/example_dags/example_python_decorator.py
[2024-09-12T14:31:21.241+0000] {processor.py:925} INFO - DAG(s) 'example_python_decorator' retrieved from /home/airflow/.local/lib/python3.12/site-packages/airflow/example_dags/example_python_decorator.py
[2024-09-12T14:31:21.266+0000] {logging_mixin.py:190} INFO - [2024-09-12T14:31:21.266+0000] {dag.py:3229} INFO - Sync 1 DAGs
[2024-09-12T14:31:21.296+0000] {logging_mixin.py:190} INFO - [2024-09-12T14:31:21.296+0000] {dag.py:4156} INFO - Setting next_dagrun for example_python_decorator to None, run_after=None
[2024-09-12T14:31:21.320+0000] {processor.py:208} INFO - Processing /home/airflow/.local/lib/python3.12/site-packages/airflow/example_dags/example_python_decorator.py took 0.105 seconds
[2024-09-12T14:31:52.929+0000] {processor.py:186} INFO - Started process (PID=1703) to work on /home/airflow/.local/lib/python3.12/site-packages/airflow/example_dags/example_python_decorator.py
[2024-09-12T14:31:52.930+0000] {processor.py:914} INFO - Processing file /home/airflow/.local/lib/python3.12/site-packages/airflow/example_dags/example_python_decorator.py for tasks to queue
[2024-09-12T14:31:52.933+0000] {logging_mixin.py:190} INFO - [2024-09-12T14:31:52.933+0000] {dagbag.py:587} INFO - Filling up the DagBag from /home/airflow/.local/lib/python3.12/site-packages/airflow/example_dags/example_python_decorator.py
[2024-09-12T14:31:52.953+0000] {processor.py:925} INFO - DAG(s) 'example_python_decorator' retrieved from /home/airflow/.local/lib/python3.12/site-packages/airflow/example_dags/example_python_decorator.py
[2024-09-12T14:31:52.990+0000] {logging_mixin.py:190} INFO - [2024-09-12T14:31:52.989+0000] {dag.py:3229} INFO - Sync 1 DAGs
[2024-09-12T14:31:53.014+0000] {logging_mixin.py:190} INFO - [2024-09-12T14:31:53.014+0000] {dag.py:4156} INFO - Setting next_dagrun for example_python_decorator to None, run_after=None
[2024-09-12T14:31:53.041+0000] {processor.py:208} INFO - Processing /home/airflow/.local/lib/python3.12/site-packages/airflow/example_dags/example_python_decorator.py took 0.120 seconds
[2024-09-12T14:32:23.565+0000] {processor.py:186} INFO - Started process (PID=1765) to work on /home/airflow/.local/lib/python3.12/site-packages/airflow/example_dags/example_python_decorator.py
[2024-09-12T14:32:23.566+0000] {processor.py:914} INFO - Processing file /home/airflow/.local/lib/python3.12/site-packages/airflow/example_dags/example_python_decorator.py for tasks to queue
[2024-09-12T14:32:23.568+0000] {logging_mixin.py:190} INFO - [2024-09-12T14:32:23.568+0000] {dagbag.py:587} INFO - Filling up the DagBag from /home/airflow/.local/lib/python3.12/site-packages/airflow/example_dags/example_python_decorator.py
[2024-09-12T14:32:23.582+0000] {processor.py:925} INFO - DAG(s) 'example_python_decorator' retrieved from /home/airflow/.local/lib/python3.12/site-packages/airflow/example_dags/example_python_decorator.py
[2024-09-12T14:32:23.607+0000] {logging_mixin.py:190} INFO - [2024-09-12T14:32:23.607+0000] {dag.py:3229} INFO - Sync 1 DAGs
[2024-09-12T14:32:23.622+0000] {logging_mixin.py:190} INFO - [2024-09-12T14:32:23.622+0000] {dag.py:4156} INFO - Setting next_dagrun for example_python_decorator to None, run_after=None
[2024-09-12T14:32:23.642+0000] {processor.py:208} INFO - Processing /home/airflow/.local/lib/python3.12/site-packages/airflow/example_dags/example_python_decorator.py took 0.083 seconds
[2024-09-12T14:32:54.453+0000] {processor.py:186} INFO - Started process (PID=1827) to work on /home/airflow/.local/lib/python3.12/site-packages/airflow/example_dags/example_python_decorator.py
[2024-09-12T14:32:54.454+0000] {processor.py:914} INFO - Processing file /home/airflow/.local/lib/python3.12/site-packages/airflow/example_dags/example_python_decorator.py for tasks to queue
[2024-09-12T14:32:54.458+0000] {logging_mixin.py:190} INFO - [2024-09-12T14:32:54.457+0000] {dagbag.py:587} INFO - Filling up the DagBag from /home/airflow/.local/lib/python3.12/site-packages/airflow/example_dags/example_python_decorator.py
[2024-09-12T14:32:54.478+0000] {processor.py:925} INFO - DAG(s) 'example_python_decorator' retrieved from /home/airflow/.local/lib/python3.12/site-packages/airflow/example_dags/example_python_decorator.py
[2024-09-12T14:32:54.506+0000] {logging_mixin.py:190} INFO - [2024-09-12T14:32:54.506+0000] {dag.py:3229} INFO - Sync 1 DAGs
[2024-09-12T14:32:54.524+0000] {logging_mixin.py:190} INFO - [2024-09-12T14:32:54.524+0000] {dag.py:4156} INFO - Setting next_dagrun for example_python_decorator to None, run_after=None
[2024-09-12T14:32:54.548+0000] {processor.py:208} INFO - Processing /home/airflow/.local/lib/python3.12/site-packages/airflow/example_dags/example_python_decorator.py took 0.102 seconds
[2024-09-12T14:33:56.704+0000] {processor.py:186} INFO - Started process (PID=1951) to work on /home/airflow/.local/lib/python3.12/site-packages/airflow/example_dags/example_python_decorator.py
[2024-09-12T14:33:56.705+0000] {processor.py:914} INFO - Processing file /home/airflow/.local/lib/python3.12/site-packages/airflow/example_dags/example_python_decorator.py for tasks to queue
[2024-09-12T14:33:56.709+0000] {logging_mixin.py:190} INFO - [2024-09-12T14:33:56.708+0000] {dagbag.py:587} INFO - Filling up the DagBag from /home/airflow/.local/lib/python3.12/site-packages/airflow/example_dags/example_python_decorator.py
[2024-09-12T14:33:56.727+0000] {processor.py:925} INFO - DAG(s) 'example_python_decorator' retrieved from /home/airflow/.local/lib/python3.12/site-packages/airflow/example_dags/example_python_decorator.py
[2024-09-12T14:33:56.758+0000] {logging_mixin.py:190} INFO - [2024-09-12T14:33:56.758+0000] {dag.py:3229} INFO - Sync 1 DAGs
[2024-09-12T14:33:56.779+0000] {logging_mixin.py:190} INFO - [2024-09-12T14:33:56.779+0000] {dag.py:4156} INFO - Setting next_dagrun for example_python_decorator to None, run_after=None
[2024-09-12T14:33:56.805+0000] {processor.py:208} INFO - Processing /home/airflow/.local/lib/python3.12/site-packages/airflow/example_dags/example_python_decorator.py took 0.108 seconds
[2024-09-12T14:34:27.309+0000] {processor.py:186} INFO - Started process (PID=2013) to work on /home/airflow/.local/lib/python3.12/site-packages/airflow/example_dags/example_python_decorator.py
[2024-09-12T14:34:27.311+0000] {processor.py:914} INFO - Processing file /home/airflow/.local/lib/python3.12/site-packages/airflow/example_dags/example_python_decorator.py for tasks to queue
[2024-09-12T14:34:27.315+0000] {logging_mixin.py:190} INFO - [2024-09-12T14:34:27.314+0000] {dagbag.py:587} INFO - Filling up the DagBag from /home/airflow/.local/lib/python3.12/site-packages/airflow/example_dags/example_python_decorator.py
[2024-09-12T14:34:27.338+0000] {processor.py:925} INFO - DAG(s) 'example_python_decorator' retrieved from /home/airflow/.local/lib/python3.12/site-packages/airflow/example_dags/example_python_decorator.py
[2024-09-12T14:34:27.370+0000] {logging_mixin.py:190} INFO - [2024-09-12T14:34:27.370+0000] {dag.py:3229} INFO - Sync 1 DAGs
[2024-09-12T14:34:27.403+0000] {logging_mixin.py:190} INFO - [2024-09-12T14:34:27.403+0000] {dag.py:4156} INFO - Setting next_dagrun for example_python_decorator to None, run_after=None
[2024-09-12T14:34:27.432+0000] {processor.py:208} INFO - Processing /home/airflow/.local/lib/python3.12/site-packages/airflow/example_dags/example_python_decorator.py took 0.131 seconds
[2024-09-12T14:34:58.611+0000] {processor.py:186} INFO - Started process (PID=2075) to work on /home/airflow/.local/lib/python3.12/site-packages/airflow/example_dags/example_python_decorator.py
[2024-09-12T14:34:58.613+0000] {processor.py:914} INFO - Processing file /home/airflow/.local/lib/python3.12/site-packages/airflow/example_dags/example_python_decorator.py for tasks to queue
[2024-09-12T14:34:58.615+0000] {logging_mixin.py:190} INFO - [2024-09-12T14:34:58.615+0000] {dagbag.py:587} INFO - Filling up the DagBag from /home/airflow/.local/lib/python3.12/site-packages/airflow/example_dags/example_python_decorator.py
[2024-09-12T14:34:58.633+0000] {processor.py:925} INFO - DAG(s) 'example_python_decorator' retrieved from /home/airflow/.local/lib/python3.12/site-packages/airflow/example_dags/example_python_decorator.py
[2024-09-12T14:34:58.695+0000] {logging_mixin.py:190} INFO - [2024-09-12T14:34:58.695+0000] {dag.py:3229} INFO - Sync 1 DAGs
[2024-09-12T14:34:58.714+0000] {logging_mixin.py:190} INFO - [2024-09-12T14:34:58.713+0000] {dag.py:4156} INFO - Setting next_dagrun for example_python_decorator to None, run_after=None
[2024-09-12T14:34:58.736+0000] {processor.py:208} INFO - Processing /home/airflow/.local/lib/python3.12/site-packages/airflow/example_dags/example_python_decorator.py took 0.132 seconds
[2024-09-12T14:35:29.870+0000] {processor.py:186} INFO - Started process (PID=2137) to work on /home/airflow/.local/lib/python3.12/site-packages/airflow/example_dags/example_python_decorator.py
[2024-09-12T14:35:29.880+0000] {processor.py:914} INFO - Processing file /home/airflow/.local/lib/python3.12/site-packages/airflow/example_dags/example_python_decorator.py for tasks to queue
[2024-09-12T14:35:29.883+0000] {logging_mixin.py:190} INFO - [2024-09-12T14:35:29.883+0000] {dagbag.py:587} INFO - Filling up the DagBag from /home/airflow/.local/lib/python3.12/site-packages/airflow/example_dags/example_python_decorator.py
[2024-09-12T14:35:29.901+0000] {processor.py:925} INFO - DAG(s) 'example_python_decorator' retrieved from /home/airflow/.local/lib/python3.12/site-packages/airflow/example_dags/example_python_decorator.py
[2024-09-12T14:35:29.931+0000] {logging_mixin.py:190} INFO - [2024-09-12T14:35:29.930+0000] {dag.py:3229} INFO - Sync 1 DAGs
[2024-09-12T14:35:29.950+0000] {logging_mixin.py:190} INFO - [2024-09-12T14:35:29.949+0000] {dag.py:4156} INFO - Setting next_dagrun for example_python_decorator to None, run_after=None
[2024-09-12T14:35:29.987+0000] {processor.py:208} INFO - Processing /home/airflow/.local/lib/python3.12/site-packages/airflow/example_dags/example_python_decorator.py took 0.124 seconds
