[2024-09-12T14:00:42.884+0000] {processor.py:186} INFO - Started process (PID=66) to work on /home/airflow/.local/lib/python3.12/site-packages/airflow/example_dags/example_branch_datetime_operator.py
[2024-09-12T14:00:42.885+0000] {processor.py:914} INFO - Processing file /home/airflow/.local/lib/python3.12/site-packages/airflow/example_dags/example_branch_datetime_operator.py for tasks to queue
[2024-09-12T14:00:42.888+0000] {logging_mixin.py:190} INFO - [2024-09-12T14:00:42.888+0000] {dagbag.py:587} INFO - Filling up the DagBag from /home/airflow/.local/lib/python3.12/site-packages/airflow/example_dags/example_branch_datetime_operator.py
[2024-09-12T14:00:42.906+0000] {processor.py:925} INFO - DAG(s) 'example_branch_datetime_operator', 'example_branch_datetime_operator_3', 'example_branch_datetime_operator_2' retrieved from /home/airflow/.local/lib/python3.12/site-packages/airflow/example_dags/example_branch_datetime_operator.py
[2024-09-12T14:00:43.185+0000] {logging_mixin.py:190} INFO - [2024-09-12T14:00:43.184+0000] {override.py:1900} INFO - Created Permission View: can read on DAG:example_branch_datetime_operator
[2024-09-12T14:00:43.200+0000] {logging_mixin.py:190} INFO - [2024-09-12T14:00:43.200+0000] {override.py:1900} INFO - Created Permission View: can delete on DAG:example_branch_datetime_operator
[2024-09-12T14:00:43.209+0000] {logging_mixin.py:190} INFO - [2024-09-12T14:00:43.209+0000] {override.py:1900} INFO - Created Permission View: can edit on DAG:example_branch_datetime_operator
[2024-09-12T14:00:43.219+0000] {logging_mixin.py:190} INFO - [2024-09-12T14:00:43.219+0000] {override.py:1900} INFO - Created Permission View: can read on DAG Run:example_branch_datetime_operator
[2024-09-12T14:00:43.227+0000] {logging_mixin.py:190} INFO - [2024-09-12T14:00:43.226+0000] {override.py:1900} INFO - Created Permission View: can create on DAG Run:example_branch_datetime_operator
[2024-09-12T14:00:43.235+0000] {logging_mixin.py:190} INFO - [2024-09-12T14:00:43.234+0000] {override.py:1900} INFO - Created Permission View: can delete on DAG Run:example_branch_datetime_operator
[2024-09-12T14:00:43.243+0000] {logging_mixin.py:190} INFO - [2024-09-12T14:00:43.243+0000] {override.py:1900} INFO - Created Permission View: menu access on DAG Run:example_branch_datetime_operator
[2024-09-12T14:00:43.298+0000] {logging_mixin.py:190} INFO - [2024-09-12T14:00:43.297+0000] {override.py:1900} INFO - Created Permission View: can read on DAG:example_branch_datetime_operator_3
[2024-09-12T14:00:43.307+0000] {logging_mixin.py:190} INFO - [2024-09-12T14:00:43.307+0000] {override.py:1900} INFO - Created Permission View: can delete on DAG:example_branch_datetime_operator_3
[2024-09-12T14:00:43.317+0000] {logging_mixin.py:190} INFO - [2024-09-12T14:00:43.317+0000] {override.py:1900} INFO - Created Permission View: can edit on DAG:example_branch_datetime_operator_3
[2024-09-12T14:00:43.326+0000] {logging_mixin.py:190} INFO - [2024-09-12T14:00:43.326+0000] {override.py:1900} INFO - Created Permission View: can read on DAG Run:example_branch_datetime_operator_3
[2024-09-12T14:00:43.335+0000] {logging_mixin.py:190} INFO - [2024-09-12T14:00:43.334+0000] {override.py:1900} INFO - Created Permission View: can create on DAG Run:example_branch_datetime_operator_3
[2024-09-12T14:00:43.343+0000] {logging_mixin.py:190} INFO - [2024-09-12T14:00:43.343+0000] {override.py:1900} INFO - Created Permission View: can delete on DAG Run:example_branch_datetime_operator_3
[2024-09-12T14:00:43.353+0000] {logging_mixin.py:190} INFO - [2024-09-12T14:00:43.353+0000] {override.py:1900} INFO - Created Permission View: menu access on DAG Run:example_branch_datetime_operator_3
[2024-09-12T14:00:43.390+0000] {logging_mixin.py:190} INFO - [2024-09-12T14:00:43.390+0000] {override.py:1900} INFO - Created Permission View: can read on DAG:example_branch_datetime_operator_2
[2024-09-12T14:00:43.398+0000] {logging_mixin.py:190} INFO - [2024-09-12T14:00:43.398+0000] {override.py:1900} INFO - Created Permission View: can delete on DAG:example_branch_datetime_operator_2
[2024-09-12T14:00:43.406+0000] {logging_mixin.py:190} INFO - [2024-09-12T14:00:43.405+0000] {override.py:1900} INFO - Created Permission View: can edit on DAG:example_branch_datetime_operator_2
[2024-09-12T14:00:43.415+0000] {logging_mixin.py:190} INFO - [2024-09-12T14:00:43.415+0000] {override.py:1900} INFO - Created Permission View: can read on DAG Run:example_branch_datetime_operator_2
[2024-09-12T14:00:43.424+0000] {logging_mixin.py:190} INFO - [2024-09-12T14:00:43.423+0000] {override.py:1900} INFO - Created Permission View: can create on DAG Run:example_branch_datetime_operator_2
[2024-09-12T14:00:43.433+0000] {logging_mixin.py:190} INFO - [2024-09-12T14:00:43.432+0000] {override.py:1900} INFO - Created Permission View: can delete on DAG Run:example_branch_datetime_operator_2
[2024-09-12T14:00:43.441+0000] {logging_mixin.py:190} INFO - [2024-09-12T14:00:43.441+0000] {override.py:1900} INFO - Created Permission View: menu access on DAG Run:example_branch_datetime_operator_2
[2024-09-12T14:00:43.442+0000] {logging_mixin.py:190} INFO - [2024-09-12T14:00:43.441+0000] {dag.py:3229} INFO - Sync 3 DAGs
[2024-09-12T14:00:43.459+0000] {logging_mixin.py:190} INFO - [2024-09-12T14:00:43.459+0000] {dag.py:3252} INFO - Creating ORM DAG for example_branch_datetime_operator_2
[2024-09-12T14:00:43.480+0000] {logging_mixin.py:190} INFO - [2024-09-12T14:00:43.460+0000] {dag.py:3252} INFO - Creating ORM DAG for example_branch_datetime_operator
[2024-09-12T14:00:43.482+0000] {logging_mixin.py:190} INFO - [2024-09-12T14:00:43.481+0000] {dag.py:3252} INFO - Creating ORM DAG for example_branch_datetime_operator_3
[2024-09-12T14:00:43.496+0000] {logging_mixin.py:190} INFO - [2024-09-12T14:00:43.496+0000] {dag.py:4156} INFO - Setting next_dagrun for example_branch_datetime_operator to 2024-09-11 00:00:00+00:00, run_after=2024-09-12 00:00:00+00:00
[2024-09-12T14:00:43.498+0000] {logging_mixin.py:190} INFO - [2024-09-12T14:00:43.498+0000] {dag.py:4156} INFO - Setting next_dagrun for example_branch_datetime_operator_2 to 2024-09-11 00:00:00+00:00, run_after=2024-09-12 00:00:00+00:00
[2024-09-12T14:00:43.501+0000] {logging_mixin.py:190} INFO - [2024-09-12T14:00:43.500+0000] {dag.py:4156} INFO - Setting next_dagrun for example_branch_datetime_operator_3 to 2024-09-11 00:00:00+00:00, run_after=2024-09-12 00:00:00+00:00
[2024-09-12T14:00:43.523+0000] {processor.py:208} INFO - Processing /home/airflow/.local/lib/python3.12/site-packages/airflow/example_dags/example_branch_datetime_operator.py took 0.675 seconds
